[2023-10-19T15:11:13.128+0000] {taskinstance.py:1159} INFO - Dependencies all met for dep_context=non-requeueable deps ti=<TaskInstance: simple.pokelist scheduled__2023-10-12T00:00:00+00:00 [queued]>
[2023-10-19T15:11:13.138+0000] {taskinstance.py:1159} INFO - Dependencies all met for dep_context=requeueable deps ti=<TaskInstance: simple.pokelist scheduled__2023-10-12T00:00:00+00:00 [queued]>
[2023-10-19T15:11:13.139+0000] {taskinstance.py:1361} INFO - Starting attempt 2 of 2
[2023-10-19T15:11:13.186+0000] {taskinstance.py:1382} INFO - Executing <Task(BashOperator): pokelist> on 2023-10-12 00:00:00+00:00
[2023-10-19T15:11:13.198+0000] {standard_task_runner.py:57} INFO - Started process 3301 to run task
[2023-10-19T15:11:13.209+0000] {standard_task_runner.py:84} INFO - Running: ['***', 'tasks', 'run', 'simple', 'pokelist', 'scheduled__2023-10-12T00:00:00+00:00', '--job-id', '25', '--raw', '--subdir', 'DAGS_FOLDER/pokelist.py', '--cfg-path', '/tmp/tmpd27ee1ca']
[2023-10-19T15:11:13.234+0000] {standard_task_runner.py:85} INFO - Job 25: Subtask pokelist
[2023-10-19T15:11:13.371+0000] {task_command.py:416} INFO - Running <TaskInstance: simple.pokelist scheduled__2023-10-12T00:00:00+00:00 [running]> on host 3a678a96e860
[2023-10-19T15:11:13.586+0000] {taskinstance.py:1662} INFO - Exporting env vars: AIRFLOW_CTX_DAG_EMAIL='***@***.com' AIRFLOW_CTX_DAG_OWNER='***' AIRFLOW_CTX_DAG_ID='simple' AIRFLOW_CTX_TASK_ID='pokelist' AIRFLOW_CTX_EXECUTION_DATE='2023-10-12T00:00:00+00:00' AIRFLOW_CTX_TRY_NUMBER='2' AIRFLOW_CTX_DAG_RUN_ID='scheduled__2023-10-12T00:00:00+00:00'
[2023-10-19T15:11:13.588+0000] {subprocess.py:63} INFO - Tmp dir root location: /tmp
[2023-10-19T15:11:13.589+0000] {subprocess.py:75} INFO - Running command: ['/bin/bash', '-c', 'python /home/debian/brincando-com-apis-publicas/git_data_engineer_kaique/Airflow-docker/dags/pokelist.py']
[2023-10-19T15:11:13.628+0000] {subprocess.py:86} INFO - Output:
[2023-10-19T15:11:13.765+0000] {subprocess.py:93} INFO - python: can't open file '/home/debian/brincando-com-apis-publicas/git_data_engineer_kaique/Airflow-docker/dags/pokelist.py': [Errno 2] No such file or directory
[2023-10-19T15:11:13.772+0000] {subprocess.py:97} INFO - Command exited with return code 2
[2023-10-19T15:11:13.782+0000] {taskinstance.py:1937} ERROR - Task failed with exception
Traceback (most recent call last):
  File "/home/airflow/.local/lib/python3.8/site-packages/airflow/operators/bash.py", line 210, in execute
    raise AirflowException(
airflow.exceptions.AirflowException: Bash command failed. The command returned a non-zero exit code 2.
[2023-10-19T15:11:13.805+0000] {taskinstance.py:1400} INFO - Marking task as FAILED. dag_id=simple, task_id=pokelist, execution_date=20231012T000000, start_date=20231019T151113, end_date=20231019T151113
[2023-10-19T15:11:13.893+0000] {standard_task_runner.py:104} ERROR - Failed to execute job 25 for task pokelist (Bash command failed. The command returned a non-zero exit code 2.; 3301)
[2023-10-19T15:11:13.955+0000] {local_task_job_runner.py:228} INFO - Task exited with return code 1
[2023-10-19T15:11:13.985+0000] {taskinstance.py:2778} INFO - 0 downstream tasks scheduled from follow-on schedule check
