[2023-10-21T00:06:05.837+0000] {taskinstance.py:1159} INFO - Dependencies all met for dep_context=non-requeueable deps ti=<TaskInstance: simple.pokelist scheduled__2023-10-20T00:00:00+00:00 [queued]>
[2023-10-21T00:06:05.846+0000] {taskinstance.py:1159} INFO - Dependencies all met for dep_context=requeueable deps ti=<TaskInstance: simple.pokelist scheduled__2023-10-20T00:00:00+00:00 [queued]>
[2023-10-21T00:06:05.846+0000] {taskinstance.py:1361} INFO - Starting attempt 2 of 2
[2023-10-21T00:06:05.861+0000] {taskinstance.py:1382} INFO - Executing <Task(BashOperator): pokelist> on 2023-10-20 00:00:00+00:00
[2023-10-21T00:06:05.868+0000] {standard_task_runner.py:57} INFO - Started process 5778 to run task
[2023-10-21T00:06:05.880+0000] {standard_task_runner.py:84} INFO - Running: ['***', 'tasks', 'run', 'simple', 'pokelist', 'scheduled__2023-10-20T00:00:00+00:00', '--job-id', '105', '--raw', '--subdir', 'DAGS_FOLDER/pokelist.py', '--cfg-path', '/tmp/tmpqjqqjc9l']
[2023-10-21T00:06:05.887+0000] {standard_task_runner.py:85} INFO - Job 105: Subtask pokelist
[2023-10-21T00:06:05.954+0000] {task_command.py:416} INFO - Running <TaskInstance: simple.pokelist scheduled__2023-10-20T00:00:00+00:00 [running]> on host 015718ee105c
[2023-10-21T00:06:06.050+0000] {taskinstance.py:1662} INFO - Exporting env vars: AIRFLOW_CTX_DAG_EMAIL='***@***.com' AIRFLOW_CTX_DAG_OWNER='***' AIRFLOW_CTX_DAG_ID='simple' AIRFLOW_CTX_TASK_ID='pokelist' AIRFLOW_CTX_EXECUTION_DATE='2023-10-20T00:00:00+00:00' AIRFLOW_CTX_TRY_NUMBER='2' AIRFLOW_CTX_DAG_RUN_ID='scheduled__2023-10-20T00:00:00+00:00'
[2023-10-21T00:06:06.053+0000] {subprocess.py:63} INFO - Tmp dir root location: /tmp
[2023-10-21T00:06:06.054+0000] {subprocess.py:75} INFO - Running command: ['/bin/bash', '-c', 'python3 /opt/***/scripts/pokelist.py']
[2023-10-21T00:06:06.076+0000] {subprocess.py:86} INFO - Output:
[2023-10-21T00:06:06.886+0000] {subprocess.py:93} INFO - /home/***/.local/lib/python3.9/site-packages/pyspark/bin/load-spark-env.sh: line 68: ps: command not found
[2023-10-21T00:06:08.871+0000] {subprocess.py:93} INFO - Setting default log level to "WARN".
[2023-10-21T00:06:08.872+0000] {subprocess.py:93} INFO - To adjust logging level use sc.setLogLevel(newLevel). For SparkR, use setLogLevel(newLevel).
[2023-10-21T00:06:09.158+0000] {subprocess.py:93} INFO - 23/10/21 00:06:09 WARN NativeCodeLoader: Unable to load native-hadoop library for your platform... using builtin-java classes where applicable
[2023-10-21T00:07:06.616+0000] {subprocess.py:93} INFO - [Stage 0:>                                                          (0 + 4) / 4]                                                                                A Requisição de nº 1 coletou 50 Pokemons
[2023-10-21T00:07:06.618+0000] {subprocess.py:93} INFO - A Requisição de nº 2 coletou 50 Pokemons
[2023-10-21T00:07:06.618+0000] {subprocess.py:93} INFO - A Requisição de nº 3 coletou 50 Pokemons
[2023-10-21T00:07:06.618+0000] {subprocess.py:93} INFO - A Requisição de nº 4 coletou 50 Pokemons
[2023-10-21T00:07:06.618+0000] {subprocess.py:93} INFO - A Requisição de nº 5 coletou 50 Pokemons
[2023-10-21T00:07:06.619+0000] {subprocess.py:93} INFO - A Requisição de nº 6 coletou 50 Pokemons
[2023-10-21T00:07:06.619+0000] {subprocess.py:93} INFO - A Requisição de nº 7 coletou 50 Pokemons
[2023-10-21T00:07:06.619+0000] {subprocess.py:93} INFO - A Requisição de nº 8 coletou 50 Pokemons
[2023-10-21T00:07:06.619+0000] {subprocess.py:93} INFO - A Requisição de nº 9 coletou 50 Pokemons
[2023-10-21T00:07:06.619+0000] {subprocess.py:93} INFO - A Requisição de nº 10 coletou 50 Pokemons
[2023-10-21T00:07:06.619+0000] {subprocess.py:93} INFO - A Requisição de nº 11 coletou 50 Pokemons
[2023-10-21T00:07:06.619+0000] {subprocess.py:93} INFO - A Requisição de nº 12 coletou 50 Pokemons
[2023-10-21T00:07:06.619+0000] {subprocess.py:93} INFO - A Requisição de nº 13 coletou 50 Pokemons
[2023-10-21T00:07:06.619+0000] {subprocess.py:93} INFO - A Requisição de nº 14 coletou 50 Pokemons
[2023-10-21T00:07:06.619+0000] {subprocess.py:93} INFO - A Requisição de nº 15 coletou 50 Pokemons
[2023-10-21T00:07:06.620+0000] {subprocess.py:93} INFO - A Requisição de nº 16 coletou 50 Pokemons
[2023-10-21T00:07:06.620+0000] {subprocess.py:93} INFO - A Requisição de nº 17 coletou 50 Pokemons
[2023-10-21T00:07:06.620+0000] {subprocess.py:93} INFO - A Requisição de nº 18 coletou 50 Pokemons
[2023-10-21T00:07:06.620+0000] {subprocess.py:93} INFO - A Requisição de nº 19 coletou 50 Pokemons
[2023-10-21T00:07:06.620+0000] {subprocess.py:93} INFO - A Requisição de nº 20 coletou 50 Pokemons
[2023-10-21T00:07:06.620+0000] {subprocess.py:93} INFO - A Requisição de nº 21 coletou 50 Pokemons
[2023-10-21T00:07:06.620+0000] {subprocess.py:93} INFO - A Requisição de nº 22 coletou 50 Pokemons
[2023-10-21T00:07:06.620+0000] {subprocess.py:93} INFO - A Requisição de nº 23 coletou 50 Pokemons
[2023-10-21T00:07:06.620+0000] {subprocess.py:93} INFO - A Requisição de nº 24 coletou 50 Pokemons
[2023-10-21T00:07:06.621+0000] {subprocess.py:93} INFO - A Requisição de nº 25 coletou 50 Pokemons
[2023-10-21T00:07:06.621+0000] {subprocess.py:93} INFO - A Requisição de nº 26 coletou 42 Pokemons
[2023-10-21T00:07:06.621+0000] {subprocess.py:93} INFO - Traceback (most recent call last):
[2023-10-21T00:07:06.621+0000] {subprocess.py:93} INFO -   File "/opt/***/scripts/pokelist.py", line 50, in <module>
[2023-10-21T00:07:06.621+0000] {subprocess.py:93} INFO -     df_pokes.write.parquet(
[2023-10-21T00:07:06.621+0000] {subprocess.py:93} INFO -   File "/home/***/.local/lib/python3.9/site-packages/pyspark/sql/readwriter.py", line 1721, in parquet
[2023-10-21T00:07:06.621+0000] {subprocess.py:93} INFO -     self._jwrite.parquet(path)
[2023-10-21T00:07:06.622+0000] {subprocess.py:93} INFO -   File "/home/***/.local/lib/python3.9/site-packages/py4j/java_gateway.py", line 1322, in __call__
[2023-10-21T00:07:06.622+0000] {subprocess.py:93} INFO -     return_value = get_return_value(
[2023-10-21T00:07:06.622+0000] {subprocess.py:93} INFO -   File "/home/***/.local/lib/python3.9/site-packages/pyspark/errors/exceptions/captured.py", line 185, in deco
[2023-10-21T00:07:06.622+0000] {subprocess.py:93} INFO -     raise converted from None
[2023-10-21T00:07:06.623+0000] {subprocess.py:93} INFO - pyspark.errors.exceptions.captured.AnalysisException: [PATH_ALREADY_EXISTS] Path file:/opt/***/scripts/pokelist/pokelist already exists. Set mode as "overwrite" to overwrite the existing path.
[2023-10-21T00:07:07.156+0000] {subprocess.py:97} INFO - Command exited with return code 1
[2023-10-21T00:07:07.184+0000] {taskinstance.py:1937} ERROR - Task failed with exception
Traceback (most recent call last):
  File "/home/airflow/.local/lib/python3.9/site-packages/airflow/operators/bash.py", line 210, in execute
    raise AirflowException(
airflow.exceptions.AirflowException: Bash command failed. The command returned a non-zero exit code 1.
[2023-10-21T00:07:07.189+0000] {taskinstance.py:1400} INFO - Marking task as FAILED. dag_id=simple, task_id=pokelist, execution_date=20231020T000000, start_date=20231021T000605, end_date=20231021T000707
[2023-10-21T00:07:07.215+0000] {standard_task_runner.py:104} ERROR - Failed to execute job 105 for task pokelist (Bash command failed. The command returned a non-zero exit code 1.; 5778)
[2023-10-21T00:07:07.259+0000] {local_task_job_runner.py:228} INFO - Task exited with return code 1
[2023-10-21T00:07:07.291+0000] {taskinstance.py:2778} INFO - 0 downstream tasks scheduled from follow-on schedule check
