[2023-10-23T11:43:23.121+0000] {taskinstance.py:1159} INFO - Dependencies all met for dep_context=non-requeueable deps ti=<TaskInstance: simple.pokelist manual__2023-10-23T11:43:20.663452+00:00 [queued]>
[2023-10-23T11:43:23.130+0000] {taskinstance.py:1159} INFO - Dependencies all met for dep_context=requeueable deps ti=<TaskInstance: simple.pokelist manual__2023-10-23T11:43:20.663452+00:00 [queued]>
[2023-10-23T11:43:23.130+0000] {taskinstance.py:1361} INFO - Starting attempt 1 of 2
[2023-10-23T11:43:23.148+0000] {taskinstance.py:1382} INFO - Executing <Task(BashOperator): pokelist> on 2023-10-23 11:43:20.663452+00:00
[2023-10-23T11:43:23.160+0000] {standard_task_runner.py:57} INFO - Started process 54330 to run task
[2023-10-23T11:43:23.166+0000] {standard_task_runner.py:84} INFO - Running: ['***', 'tasks', 'run', 'simple', 'pokelist', 'manual__2023-10-23T11:43:20.663452+00:00', '--job-id', '110', '--raw', '--subdir', 'DAGS_FOLDER/pokelist.py', '--cfg-path', '/tmp/tmp9hlh3bwl']
[2023-10-23T11:43:23.172+0000] {standard_task_runner.py:85} INFO - Job 110: Subtask pokelist
[2023-10-23T11:43:23.236+0000] {task_command.py:416} INFO - Running <TaskInstance: simple.pokelist manual__2023-10-23T11:43:20.663452+00:00 [running]> on host 015718ee105c
[2023-10-23T11:43:23.348+0000] {taskinstance.py:1662} INFO - Exporting env vars: AIRFLOW_CTX_DAG_EMAIL='***@***.com' AIRFLOW_CTX_DAG_OWNER='***' AIRFLOW_CTX_DAG_ID='simple' AIRFLOW_CTX_TASK_ID='pokelist' AIRFLOW_CTX_EXECUTION_DATE='2023-10-23T11:43:20.663452+00:00' AIRFLOW_CTX_TRY_NUMBER='1' AIRFLOW_CTX_DAG_RUN_ID='manual__2023-10-23T11:43:20.663452+00:00'
[2023-10-23T11:43:23.351+0000] {subprocess.py:63} INFO - Tmp dir root location: /tmp
[2023-10-23T11:43:23.352+0000] {subprocess.py:75} INFO - Running command: ['/bin/bash', '-c', 'python3 /opt/***/scripts/pokelist.py']
[2023-10-23T11:43:23.368+0000] {subprocess.py:86} INFO - Output:
[2023-10-23T11:43:24.216+0000] {subprocess.py:93} INFO - /home/***/.local/lib/python3.9/site-packages/pyspark/bin/load-spark-env.sh: line 68: ps: command not found
[2023-10-23T11:43:26.131+0000] {subprocess.py:93} INFO - Setting default log level to "WARN".
[2023-10-23T11:43:26.132+0000] {subprocess.py:93} INFO - To adjust logging level use sc.setLogLevel(newLevel). For SparkR, use setLogLevel(newLevel).
[2023-10-23T11:43:26.367+0000] {subprocess.py:93} INFO - 23/10/23 11:43:26 WARN NativeCodeLoader: Unable to load native-hadoop library for your platform... using builtin-java classes where applicable
[2023-10-23T11:44:45.456+0000] {subprocess.py:93} INFO - [Stage 0:>                                                          (0 + 4) / 4]                                                                                A Requisição de nº 1 coletou 50 Pokemons
[2023-10-23T11:44:45.457+0000] {subprocess.py:93} INFO - A Requisição de nº 2 coletou 50 Pokemons
[2023-10-23T11:44:45.457+0000] {subprocess.py:93} INFO - A Requisição de nº 3 coletou 50 Pokemons
[2023-10-23T11:44:45.457+0000] {subprocess.py:93} INFO - A Requisição de nº 4 coletou 50 Pokemons
[2023-10-23T11:44:45.458+0000] {subprocess.py:93} INFO - A Requisição de nº 5 coletou 50 Pokemons
[2023-10-23T11:44:45.458+0000] {subprocess.py:93} INFO - A Requisição de nº 6 coletou 50 Pokemons
[2023-10-23T11:44:45.458+0000] {subprocess.py:93} INFO - A Requisição de nº 7 coletou 50 Pokemons
[2023-10-23T11:44:45.458+0000] {subprocess.py:93} INFO - A Requisição de nº 8 coletou 50 Pokemons
[2023-10-23T11:44:45.458+0000] {subprocess.py:93} INFO - A Requisição de nº 9 coletou 50 Pokemons
[2023-10-23T11:44:45.458+0000] {subprocess.py:93} INFO - A Requisição de nº 10 coletou 50 Pokemons
[2023-10-23T11:44:45.458+0000] {subprocess.py:93} INFO - A Requisição de nº 11 coletou 50 Pokemons
[2023-10-23T11:44:45.458+0000] {subprocess.py:93} INFO - A Requisição de nº 12 coletou 50 Pokemons
[2023-10-23T11:44:45.458+0000] {subprocess.py:93} INFO - A Requisição de nº 13 coletou 50 Pokemons
[2023-10-23T11:44:45.458+0000] {subprocess.py:93} INFO - A Requisição de nº 14 coletou 50 Pokemons
[2023-10-23T11:44:45.459+0000] {subprocess.py:93} INFO - A Requisição de nº 15 coletou 50 Pokemons
[2023-10-23T11:44:45.459+0000] {subprocess.py:93} INFO - A Requisição de nº 16 coletou 50 Pokemons
[2023-10-23T11:44:45.459+0000] {subprocess.py:93} INFO - A Requisição de nº 17 coletou 50 Pokemons
[2023-10-23T11:44:45.459+0000] {subprocess.py:93} INFO - A Requisição de nº 18 coletou 50 Pokemons
[2023-10-23T11:44:45.459+0000] {subprocess.py:93} INFO - A Requisição de nº 19 coletou 50 Pokemons
[2023-10-23T11:44:45.459+0000] {subprocess.py:93} INFO - A Requisição de nº 20 coletou 50 Pokemons
[2023-10-23T11:44:45.459+0000] {subprocess.py:93} INFO - A Requisição de nº 21 coletou 50 Pokemons
[2023-10-23T11:44:45.459+0000] {subprocess.py:93} INFO - A Requisição de nº 22 coletou 50 Pokemons
[2023-10-23T11:44:45.459+0000] {subprocess.py:93} INFO - A Requisição de nº 23 coletou 50 Pokemons
[2023-10-23T11:44:45.460+0000] {subprocess.py:93} INFO - A Requisição de nº 24 coletou 50 Pokemons
[2023-10-23T11:44:45.460+0000] {subprocess.py:93} INFO - A Requisição de nº 25 coletou 50 Pokemons
[2023-10-23T11:44:45.460+0000] {subprocess.py:93} INFO - A Requisição de nº 26 coletou 42 Pokemons
[2023-10-23T11:44:45.460+0000] {subprocess.py:93} INFO - Traceback (most recent call last):
[2023-10-23T11:44:45.460+0000] {subprocess.py:93} INFO -   File "/opt/***/scripts/pokelist.py", line 50, in <module>
[2023-10-23T11:44:45.460+0000] {subprocess.py:93} INFO -     df_pokes.write.parquet(
[2023-10-23T11:44:45.460+0000] {subprocess.py:93} INFO -   File "/home/***/.local/lib/python3.9/site-packages/pyspark/sql/readwriter.py", line 1721, in parquet
[2023-10-23T11:44:45.460+0000] {subprocess.py:93} INFO -     self._jwrite.parquet(path)
[2023-10-23T11:44:45.460+0000] {subprocess.py:93} INFO -   File "/home/***/.local/lib/python3.9/site-packages/py4j/java_gateway.py", line 1322, in __call__
[2023-10-23T11:44:45.461+0000] {subprocess.py:93} INFO -     return_value = get_return_value(
[2023-10-23T11:44:45.461+0000] {subprocess.py:93} INFO -   File "/home/***/.local/lib/python3.9/site-packages/pyspark/errors/exceptions/captured.py", line 185, in deco
[2023-10-23T11:44:45.461+0000] {subprocess.py:93} INFO -     raise converted from None
[2023-10-23T11:44:45.463+0000] {subprocess.py:93} INFO - pyspark.errors.exceptions.captured.AnalysisException: [PATH_ALREADY_EXISTS] Path file:/opt/***/scripts/pokelist/pokelist already exists. Set mode as "overwrite" to overwrite the existing path.
[2023-10-23T11:44:46.008+0000] {subprocess.py:97} INFO - Command exited with return code 1
[2023-10-23T11:44:46.033+0000] {taskinstance.py:1937} ERROR - Task failed with exception
Traceback (most recent call last):
  File "/home/airflow/.local/lib/python3.9/site-packages/airflow/operators/bash.py", line 210, in execute
    raise AirflowException(
airflow.exceptions.AirflowException: Bash command failed. The command returned a non-zero exit code 1.
[2023-10-23T11:44:46.038+0000] {taskinstance.py:1400} INFO - Marking task as UP_FOR_RETRY. dag_id=simple, task_id=pokelist, execution_date=20231023T114320, start_date=20231023T114323, end_date=20231023T114446
[2023-10-23T11:44:46.053+0000] {standard_task_runner.py:104} ERROR - Failed to execute job 110 for task pokelist (Bash command failed. The command returned a non-zero exit code 1.; 54330)
[2023-10-23T11:44:46.096+0000] {local_task_job_runner.py:228} INFO - Task exited with return code 1
[2023-10-23T11:44:46.126+0000] {taskinstance.py:2778} INFO - 0 downstream tasks scheduled from follow-on schedule check
