[2023-10-20T14:54:01.389+0000] {taskinstance.py:1159} INFO - Dependencies all met for dep_context=non-requeueable deps ti=<TaskInstance: simple.pokelist manual__2023-10-20T14:46:35.213256+00:00 [queued]>
[2023-10-20T14:54:01.398+0000] {taskinstance.py:1159} INFO - Dependencies all met for dep_context=requeueable deps ti=<TaskInstance: simple.pokelist manual__2023-10-20T14:46:35.213256+00:00 [queued]>
[2023-10-20T14:54:01.398+0000] {taskinstance.py:1361} INFO - Starting attempt 2 of 2
[2023-10-20T14:54:01.414+0000] {taskinstance.py:1382} INFO - Executing <Task(BashOperator): pokelist> on 2023-10-20 14:46:35.213256+00:00
[2023-10-20T14:54:01.422+0000] {standard_task_runner.py:57} INFO - Started process 5862 to run task
[2023-10-20T14:54:01.429+0000] {standard_task_runner.py:84} INFO - Running: ['***', 'tasks', 'run', 'simple', 'pokelist', 'manual__2023-10-20T14:46:35.213256+00:00', '--job-id', '84', '--raw', '--subdir', 'DAGS_FOLDER/pokelist.py', '--cfg-path', '/tmp/tmpibucry39']
[2023-10-20T14:54:01.433+0000] {standard_task_runner.py:85} INFO - Job 84: Subtask pokelist
[2023-10-20T14:54:01.493+0000] {task_command.py:416} INFO - Running <TaskInstance: simple.pokelist manual__2023-10-20T14:46:35.213256+00:00 [running]> on host 4662b0d5ca37
[2023-10-20T14:54:01.589+0000] {taskinstance.py:1662} INFO - Exporting env vars: AIRFLOW_CTX_DAG_EMAIL='***@***.com' AIRFLOW_CTX_DAG_OWNER='***' AIRFLOW_CTX_DAG_ID='simple' AIRFLOW_CTX_TASK_ID='pokelist' AIRFLOW_CTX_EXECUTION_DATE='2023-10-20T14:46:35.213256+00:00' AIRFLOW_CTX_TRY_NUMBER='2' AIRFLOW_CTX_DAG_RUN_ID='manual__2023-10-20T14:46:35.213256+00:00'
[2023-10-20T14:54:01.591+0000] {subprocess.py:63} INFO - Tmp dir root location: /tmp
[2023-10-20T14:54:01.592+0000] {subprocess.py:75} INFO - Running command: ['/bin/bash', '-c', 'python3 /opt/***/scripts/pokelist.py']
[2023-10-20T14:54:01.608+0000] {subprocess.py:86} INFO - Output:
[2023-10-20T14:54:02.524+0000] {subprocess.py:93} INFO - /home/***/.local/lib/python3.9/site-packages/pyspark/bin/load-spark-env.sh: line 68: ps: command not found
[2023-10-20T14:54:05.751+0000] {subprocess.py:93} INFO - Setting default log level to "WARN".
[2023-10-20T14:54:05.751+0000] {subprocess.py:93} INFO - To adjust logging level use sc.setLogLevel(newLevel). For SparkR, use setLogLevel(newLevel).
[2023-10-20T14:54:06.116+0000] {subprocess.py:93} INFO - 23/10/20 14:54:06 WARN NativeCodeLoader: Unable to load native-hadoop library for your platform... using builtin-java classes where applicable
[2023-10-20T14:54:07.498+0000] {subprocess.py:93} INFO - 23/10/20 14:54:07 WARN Utils: Service 'SparkUI' could not bind on port 4040. Attempting port 4041.
[2023-10-20T14:54:07.499+0000] {subprocess.py:93} INFO - 23/10/20 14:54:07 WARN Utils: Service 'SparkUI' could not bind on port 4041. Attempting port 4042.
[2023-10-20T14:54:07.504+0000] {subprocess.py:93} INFO - 23/10/20 14:54:07 WARN Utils: Service 'SparkUI' could not bind on port 4042. Attempting port 4043.
[2023-10-20T14:54:07.505+0000] {subprocess.py:93} INFO - 23/10/20 14:54:07 WARN Utils: Service 'SparkUI' could not bind on port 4043. Attempting port 4044.
[2023-10-20T14:58:18.738+0000] {subprocess.py:93} INFO - [Stage 0:>                                                          (0 + 0) / 4][Stage 0:>                                                          (0 + 4) / 4]                                                                                A Requisição de nº 1 coletou 50 Pokemons
[2023-10-20T14:58:18.740+0000] {subprocess.py:93} INFO - A Requisição de nº 2 coletou 50 Pokemons
[2023-10-20T14:58:18.741+0000] {subprocess.py:93} INFO - A Requisição de nº 3 coletou 50 Pokemons
[2023-10-20T14:58:18.741+0000] {subprocess.py:93} INFO - A Requisição de nº 4 coletou 50 Pokemons
[2023-10-20T14:58:18.741+0000] {subprocess.py:93} INFO - A Requisição de nº 5 coletou 50 Pokemons
[2023-10-20T14:58:18.741+0000] {subprocess.py:93} INFO - A Requisição de nº 6 coletou 50 Pokemons
[2023-10-20T14:58:18.741+0000] {subprocess.py:93} INFO - A Requisição de nº 7 coletou 50 Pokemons
[2023-10-20T14:58:18.741+0000] {subprocess.py:93} INFO - A Requisição de nº 8 coletou 50 Pokemons
[2023-10-20T14:58:18.741+0000] {subprocess.py:93} INFO - A Requisição de nº 9 coletou 50 Pokemons
[2023-10-20T14:58:18.741+0000] {subprocess.py:93} INFO - A Requisição de nº 10 coletou 50 Pokemons
[2023-10-20T14:58:18.741+0000] {subprocess.py:93} INFO - A Requisição de nº 11 coletou 50 Pokemons
[2023-10-20T14:58:18.742+0000] {subprocess.py:93} INFO - A Requisição de nº 12 coletou 50 Pokemons
[2023-10-20T14:58:18.742+0000] {subprocess.py:93} INFO - A Requisição de nº 13 coletou 50 Pokemons
[2023-10-20T14:58:18.742+0000] {subprocess.py:93} INFO - A Requisição de nº 14 coletou 50 Pokemons
[2023-10-20T14:58:18.742+0000] {subprocess.py:93} INFO - A Requisição de nº 15 coletou 50 Pokemons
[2023-10-20T14:58:18.742+0000] {subprocess.py:93} INFO - A Requisição de nº 16 coletou 50 Pokemons
[2023-10-20T14:58:18.742+0000] {subprocess.py:93} INFO - A Requisição de nº 17 coletou 50 Pokemons
[2023-10-20T14:58:18.742+0000] {subprocess.py:93} INFO - A Requisição de nº 18 coletou 50 Pokemons
[2023-10-20T14:58:18.742+0000] {subprocess.py:93} INFO - A Requisição de nº 19 coletou 50 Pokemons
[2023-10-20T14:58:18.742+0000] {subprocess.py:93} INFO - A Requisição de nº 20 coletou 50 Pokemons
[2023-10-20T14:58:18.742+0000] {subprocess.py:93} INFO - A Requisição de nº 21 coletou 50 Pokemons
[2023-10-20T14:58:18.742+0000] {subprocess.py:93} INFO - A Requisição de nº 22 coletou 50 Pokemons
[2023-10-20T14:58:18.743+0000] {subprocess.py:93} INFO - A Requisição de nº 23 coletou 50 Pokemons
[2023-10-20T14:58:18.743+0000] {subprocess.py:93} INFO - A Requisição de nº 24 coletou 50 Pokemons
[2023-10-20T14:58:18.743+0000] {subprocess.py:93} INFO - A Requisição de nº 25 coletou 50 Pokemons
[2023-10-20T14:58:18.743+0000] {subprocess.py:93} INFO - A Requisição de nº 26 coletou 42 Pokemons
[2023-10-20T14:58:18.743+0000] {subprocess.py:93} INFO - Traceback (most recent call last):
[2023-10-20T14:58:18.743+0000] {subprocess.py:93} INFO -   File "/opt/***/scripts/pokelist.py", line 50, in <module>
[2023-10-20T14:58:18.744+0000] {subprocess.py:93} INFO -     df_pokes.write.parquet(
[2023-10-20T14:58:18.744+0000] {subprocess.py:93} INFO -   File "/home/***/.local/lib/python3.9/site-packages/pyspark/sql/readwriter.py", line 1721, in parquet
[2023-10-20T14:58:18.744+0000] {subprocess.py:93} INFO -     self._jwrite.parquet(path)
[2023-10-20T14:58:18.744+0000] {subprocess.py:93} INFO -   File "/home/***/.local/lib/python3.9/site-packages/py4j/java_gateway.py", line 1322, in __call__
[2023-10-20T14:58:18.744+0000] {subprocess.py:93} INFO -     return_value = get_return_value(
[2023-10-20T14:58:18.744+0000] {subprocess.py:93} INFO -   File "/home/***/.local/lib/python3.9/site-packages/pyspark/errors/exceptions/captured.py", line 185, in deco
[2023-10-20T14:58:18.745+0000] {subprocess.py:93} INFO -     raise converted from None
[2023-10-20T14:58:18.763+0000] {subprocess.py:93} INFO - pyspark.errors.exceptions.captured.AnalysisException: [PATH_ALREADY_EXISTS] Path file:/opt/***/scripts/pokelist/pokelist already exists. Set mode as "overwrite" to overwrite the existing path.
[2023-10-20T14:58:19.921+0000] {subprocess.py:97} INFO - Command exited with return code 1
[2023-10-20T14:58:19.946+0000] {taskinstance.py:1937} ERROR - Task failed with exception
Traceback (most recent call last):
  File "/home/airflow/.local/lib/python3.9/site-packages/airflow/operators/bash.py", line 210, in execute
    raise AirflowException(
airflow.exceptions.AirflowException: Bash command failed. The command returned a non-zero exit code 1.
[2023-10-20T14:58:19.975+0000] {taskinstance.py:1400} INFO - Marking task as FAILED. dag_id=simple, task_id=pokelist, execution_date=20231020T144635, start_date=20231020T145401, end_date=20231020T145819
[2023-10-20T14:58:20.015+0000] {standard_task_runner.py:104} ERROR - Failed to execute job 84 for task pokelist (Bash command failed. The command returned a non-zero exit code 1.; 5862)
[2023-10-20T14:58:20.043+0000] {local_task_job_runner.py:228} INFO - Task exited with return code 1
[2023-10-20T14:58:20.064+0000] {taskinstance.py:2778} INFO - 0 downstream tasks scheduled from follow-on schedule check
