[2023-10-13T13:19:51.559+0000] {processor.py:157} INFO - Started process (PID=77) to work on /home/airflow/.local/lib/python3.8/site-packages/airflow/example_dags/example_latest_only_with_trigger.py
[2023-10-13T13:19:51.568+0000] {processor.py:829} INFO - Processing file /home/airflow/.local/lib/python3.8/site-packages/airflow/example_dags/example_latest_only_with_trigger.py for tasks to queue
[2023-10-13T13:19:51.581+0000] {logging_mixin.py:151} INFO - [2023-10-13T13:19:51.579+0000] {dagbag.py:536} INFO - Filling up the DagBag from /home/airflow/.local/lib/python3.8/site-packages/airflow/example_dags/example_latest_only_with_trigger.py
[2023-10-13T13:19:51.647+0000] {processor.py:839} INFO - DAG(s) dict_keys(['latest_only_with_trigger']) retrieved from /home/airflow/.local/lib/python3.8/site-packages/airflow/example_dags/example_latest_only_with_trigger.py
[2023-10-13T13:19:51.767+0000] {logging_mixin.py:151} INFO - [2023-10-13T13:19:51.767+0000] {dag.py:2941} INFO - Sync 1 DAGs
[2023-10-13T13:19:52.944+0000] {logging_mixin.py:151} INFO - [2023-10-13T13:19:52.943+0000] {dag.py:3722} INFO - Setting next_dagrun for latest_only_with_trigger to 2023-10-13T09:19:52.942609+00:00, run_after=2023-10-13T13:19:52.942609+00:00
[2023-10-13T13:19:53.012+0000] {processor.py:179} INFO - Processing /home/airflow/.local/lib/python3.8/site-packages/airflow/example_dags/example_latest_only_with_trigger.py took 1.491 seconds
[2023-10-13T13:20:24.602+0000] {processor.py:157} INFO - Started process (PID=131) to work on /home/airflow/.local/lib/python3.8/site-packages/airflow/example_dags/example_latest_only_with_trigger.py
[2023-10-13T13:20:24.644+0000] {processor.py:829} INFO - Processing file /home/airflow/.local/lib/python3.8/site-packages/airflow/example_dags/example_latest_only_with_trigger.py for tasks to queue
[2023-10-13T13:20:24.649+0000] {logging_mixin.py:151} INFO - [2023-10-13T13:20:24.648+0000] {dagbag.py:536} INFO - Filling up the DagBag from /home/airflow/.local/lib/python3.8/site-packages/airflow/example_dags/example_latest_only_with_trigger.py
[2023-10-13T13:20:24.666+0000] {processor.py:839} INFO - DAG(s) dict_keys(['latest_only_with_trigger']) retrieved from /home/airflow/.local/lib/python3.8/site-packages/airflow/example_dags/example_latest_only_with_trigger.py
[2023-10-13T13:20:24.715+0000] {logging_mixin.py:151} INFO - [2023-10-13T13:20:24.714+0000] {dag.py:2941} INFO - Sync 1 DAGs
[2023-10-13T13:20:24.763+0000] {logging_mixin.py:151} INFO - [2023-10-13T13:20:24.763+0000] {dag.py:3722} INFO - Setting next_dagrun for latest_only_with_trigger to 2023-10-13T09:20:24.763051+00:00, run_after=2023-10-13T13:20:24.763051+00:00
[2023-10-13T13:20:24.864+0000] {processor.py:179} INFO - Processing /home/airflow/.local/lib/python3.8/site-packages/airflow/example_dags/example_latest_only_with_trigger.py took 0.264 seconds
[2023-10-13T13:20:55.498+0000] {processor.py:157} INFO - Started process (PID=185) to work on /home/airflow/.local/lib/python3.8/site-packages/airflow/example_dags/example_latest_only_with_trigger.py
[2023-10-13T13:20:55.501+0000] {processor.py:829} INFO - Processing file /home/airflow/.local/lib/python3.8/site-packages/airflow/example_dags/example_latest_only_with_trigger.py for tasks to queue
[2023-10-13T13:20:55.504+0000] {logging_mixin.py:151} INFO - [2023-10-13T13:20:55.503+0000] {dagbag.py:536} INFO - Filling up the DagBag from /home/airflow/.local/lib/python3.8/site-packages/airflow/example_dags/example_latest_only_with_trigger.py
[2023-10-13T13:20:55.512+0000] {processor.py:839} INFO - DAG(s) dict_keys(['latest_only_with_trigger']) retrieved from /home/airflow/.local/lib/python3.8/site-packages/airflow/example_dags/example_latest_only_with_trigger.py
[2023-10-13T13:20:55.548+0000] {logging_mixin.py:151} INFO - [2023-10-13T13:20:55.548+0000] {dag.py:2941} INFO - Sync 1 DAGs
[2023-10-13T13:20:55.583+0000] {logging_mixin.py:151} INFO - [2023-10-13T13:20:55.583+0000] {dag.py:3722} INFO - Setting next_dagrun for latest_only_with_trigger to 2023-10-13T09:20:55.582646+00:00, run_after=2023-10-13T13:20:55.582646+00:00
[2023-10-13T13:20:55.621+0000] {processor.py:179} INFO - Processing /home/airflow/.local/lib/python3.8/site-packages/airflow/example_dags/example_latest_only_with_trigger.py took 0.126 seconds
[2023-10-13T13:21:25.729+0000] {processor.py:157} INFO - Started process (PID=239) to work on /home/airflow/.local/lib/python3.8/site-packages/airflow/example_dags/example_latest_only_with_trigger.py
[2023-10-13T13:21:25.731+0000] {processor.py:829} INFO - Processing file /home/airflow/.local/lib/python3.8/site-packages/airflow/example_dags/example_latest_only_with_trigger.py for tasks to queue
[2023-10-13T13:21:25.735+0000] {logging_mixin.py:151} INFO - [2023-10-13T13:21:25.734+0000] {dagbag.py:536} INFO - Filling up the DagBag from /home/airflow/.local/lib/python3.8/site-packages/airflow/example_dags/example_latest_only_with_trigger.py
[2023-10-13T13:21:25.747+0000] {processor.py:839} INFO - DAG(s) dict_keys(['latest_only_with_trigger']) retrieved from /home/airflow/.local/lib/python3.8/site-packages/airflow/example_dags/example_latest_only_with_trigger.py
[2023-10-13T13:21:25.784+0000] {logging_mixin.py:151} INFO - [2023-10-13T13:21:25.784+0000] {dag.py:2941} INFO - Sync 1 DAGs
[2023-10-13T13:21:25.829+0000] {logging_mixin.py:151} INFO - [2023-10-13T13:21:25.829+0000] {dag.py:3722} INFO - Setting next_dagrun for latest_only_with_trigger to 2023-10-13T09:21:25.828900+00:00, run_after=2023-10-13T13:21:25.828900+00:00
[2023-10-13T13:21:25.870+0000] {processor.py:179} INFO - Processing /home/airflow/.local/lib/python3.8/site-packages/airflow/example_dags/example_latest_only_with_trigger.py took 0.147 seconds
[2023-10-13T13:21:56.453+0000] {processor.py:157} INFO - Started process (PID=293) to work on /home/airflow/.local/lib/python3.8/site-packages/airflow/example_dags/example_latest_only_with_trigger.py
[2023-10-13T13:21:56.456+0000] {processor.py:829} INFO - Processing file /home/airflow/.local/lib/python3.8/site-packages/airflow/example_dags/example_latest_only_with_trigger.py for tasks to queue
[2023-10-13T13:21:56.459+0000] {logging_mixin.py:151} INFO - [2023-10-13T13:21:56.459+0000] {dagbag.py:536} INFO - Filling up the DagBag from /home/airflow/.local/lib/python3.8/site-packages/airflow/example_dags/example_latest_only_with_trigger.py
[2023-10-13T13:21:56.467+0000] {processor.py:839} INFO - DAG(s) dict_keys(['latest_only_with_trigger']) retrieved from /home/airflow/.local/lib/python3.8/site-packages/airflow/example_dags/example_latest_only_with_trigger.py
[2023-10-13T13:21:56.499+0000] {logging_mixin.py:151} INFO - [2023-10-13T13:21:56.498+0000] {dag.py:2941} INFO - Sync 1 DAGs
[2023-10-13T13:21:56.530+0000] {logging_mixin.py:151} INFO - [2023-10-13T13:21:56.530+0000] {dag.py:3722} INFO - Setting next_dagrun for latest_only_with_trigger to 2023-10-13T09:21:56.530252+00:00, run_after=2023-10-13T13:21:56.530252+00:00
[2023-10-13T13:21:56.561+0000] {processor.py:179} INFO - Processing /home/airflow/.local/lib/python3.8/site-packages/airflow/example_dags/example_latest_only_with_trigger.py took 0.111 seconds
[2023-10-13T13:22:27.363+0000] {processor.py:157} INFO - Started process (PID=347) to work on /home/airflow/.local/lib/python3.8/site-packages/airflow/example_dags/example_latest_only_with_trigger.py
[2023-10-13T13:22:27.365+0000] {processor.py:829} INFO - Processing file /home/airflow/.local/lib/python3.8/site-packages/airflow/example_dags/example_latest_only_with_trigger.py for tasks to queue
[2023-10-13T13:22:27.370+0000] {logging_mixin.py:151} INFO - [2023-10-13T13:22:27.369+0000] {dagbag.py:536} INFO - Filling up the DagBag from /home/airflow/.local/lib/python3.8/site-packages/airflow/example_dags/example_latest_only_with_trigger.py
[2023-10-13T13:22:27.377+0000] {processor.py:839} INFO - DAG(s) dict_keys(['latest_only_with_trigger']) retrieved from /home/airflow/.local/lib/python3.8/site-packages/airflow/example_dags/example_latest_only_with_trigger.py
[2023-10-13T13:22:27.413+0000] {logging_mixin.py:151} INFO - [2023-10-13T13:22:27.413+0000] {dag.py:2941} INFO - Sync 1 DAGs
[2023-10-13T13:22:27.447+0000] {logging_mixin.py:151} INFO - [2023-10-13T13:22:27.447+0000] {dag.py:3722} INFO - Setting next_dagrun for latest_only_with_trigger to 2023-10-13T09:22:27.447350+00:00, run_after=2023-10-13T13:22:27.447350+00:00
[2023-10-13T13:22:27.480+0000] {processor.py:179} INFO - Processing /home/airflow/.local/lib/python3.8/site-packages/airflow/example_dags/example_latest_only_with_trigger.py took 0.123 seconds
[2023-10-13T13:22:58.188+0000] {processor.py:157} INFO - Started process (PID=401) to work on /home/airflow/.local/lib/python3.8/site-packages/airflow/example_dags/example_latest_only_with_trigger.py
[2023-10-13T13:22:58.190+0000] {processor.py:829} INFO - Processing file /home/airflow/.local/lib/python3.8/site-packages/airflow/example_dags/example_latest_only_with_trigger.py for tasks to queue
[2023-10-13T13:22:58.194+0000] {logging_mixin.py:151} INFO - [2023-10-13T13:22:58.193+0000] {dagbag.py:536} INFO - Filling up the DagBag from /home/airflow/.local/lib/python3.8/site-packages/airflow/example_dags/example_latest_only_with_trigger.py
[2023-10-13T13:22:58.202+0000] {processor.py:839} INFO - DAG(s) dict_keys(['latest_only_with_trigger']) retrieved from /home/airflow/.local/lib/python3.8/site-packages/airflow/example_dags/example_latest_only_with_trigger.py
[2023-10-13T13:22:58.235+0000] {logging_mixin.py:151} INFO - [2023-10-13T13:22:58.235+0000] {dag.py:2941} INFO - Sync 1 DAGs
[2023-10-13T13:22:58.267+0000] {logging_mixin.py:151} INFO - [2023-10-13T13:22:58.267+0000] {dag.py:3722} INFO - Setting next_dagrun for latest_only_with_trigger to 2023-10-13T09:22:58.267052+00:00, run_after=2023-10-13T13:22:58.267052+00:00
[2023-10-13T13:22:58.298+0000] {processor.py:179} INFO - Processing /home/airflow/.local/lib/python3.8/site-packages/airflow/example_dags/example_latest_only_with_trigger.py took 0.113 seconds
[2023-10-13T13:23:28.671+0000] {processor.py:157} INFO - Started process (PID=455) to work on /home/airflow/.local/lib/python3.8/site-packages/airflow/example_dags/example_latest_only_with_trigger.py
[2023-10-13T13:23:28.673+0000] {processor.py:829} INFO - Processing file /home/airflow/.local/lib/python3.8/site-packages/airflow/example_dags/example_latest_only_with_trigger.py for tasks to queue
[2023-10-13T13:23:28.677+0000] {logging_mixin.py:151} INFO - [2023-10-13T13:23:28.677+0000] {dagbag.py:536} INFO - Filling up the DagBag from /home/airflow/.local/lib/python3.8/site-packages/airflow/example_dags/example_latest_only_with_trigger.py
[2023-10-13T13:23:28.685+0000] {processor.py:839} INFO - DAG(s) dict_keys(['latest_only_with_trigger']) retrieved from /home/airflow/.local/lib/python3.8/site-packages/airflow/example_dags/example_latest_only_with_trigger.py
[2023-10-13T13:23:28.716+0000] {logging_mixin.py:151} INFO - [2023-10-13T13:23:28.716+0000] {dag.py:2941} INFO - Sync 1 DAGs
[2023-10-13T13:23:28.744+0000] {logging_mixin.py:151} INFO - [2023-10-13T13:23:28.743+0000] {dag.py:3722} INFO - Setting next_dagrun for latest_only_with_trigger to 2023-10-13T09:23:28.743544+00:00, run_after=2023-10-13T13:23:28.743544+00:00
[2023-10-13T13:23:28.805+0000] {processor.py:179} INFO - Processing /home/airflow/.local/lib/python3.8/site-packages/airflow/example_dags/example_latest_only_with_trigger.py took 0.138 seconds
[2023-10-13T13:23:59.232+0000] {processor.py:157} INFO - Started process (PID=509) to work on /home/airflow/.local/lib/python3.8/site-packages/airflow/example_dags/example_latest_only_with_trigger.py
[2023-10-13T13:23:59.234+0000] {processor.py:829} INFO - Processing file /home/airflow/.local/lib/python3.8/site-packages/airflow/example_dags/example_latest_only_with_trigger.py for tasks to queue
[2023-10-13T13:23:59.237+0000] {logging_mixin.py:151} INFO - [2023-10-13T13:23:59.237+0000] {dagbag.py:536} INFO - Filling up the DagBag from /home/airflow/.local/lib/python3.8/site-packages/airflow/example_dags/example_latest_only_with_trigger.py
[2023-10-13T13:23:59.244+0000] {processor.py:839} INFO - DAG(s) dict_keys(['latest_only_with_trigger']) retrieved from /home/airflow/.local/lib/python3.8/site-packages/airflow/example_dags/example_latest_only_with_trigger.py
[2023-10-13T13:23:59.280+0000] {logging_mixin.py:151} INFO - [2023-10-13T13:23:59.280+0000] {dag.py:2941} INFO - Sync 1 DAGs
[2023-10-13T13:23:59.309+0000] {logging_mixin.py:151} INFO - [2023-10-13T13:23:59.309+0000] {dag.py:3722} INFO - Setting next_dagrun for latest_only_with_trigger to 2023-10-13T09:23:59.308804+00:00, run_after=2023-10-13T13:23:59.308804+00:00
[2023-10-13T13:23:59.340+0000] {processor.py:179} INFO - Processing /home/airflow/.local/lib/python3.8/site-packages/airflow/example_dags/example_latest_only_with_trigger.py took 0.112 seconds
[2023-10-13T13:24:29.562+0000] {processor.py:157} INFO - Started process (PID=563) to work on /home/airflow/.local/lib/python3.8/site-packages/airflow/example_dags/example_latest_only_with_trigger.py
[2023-10-13T13:24:29.564+0000] {processor.py:829} INFO - Processing file /home/airflow/.local/lib/python3.8/site-packages/airflow/example_dags/example_latest_only_with_trigger.py for tasks to queue
[2023-10-13T13:24:29.567+0000] {logging_mixin.py:151} INFO - [2023-10-13T13:24:29.567+0000] {dagbag.py:536} INFO - Filling up the DagBag from /home/airflow/.local/lib/python3.8/site-packages/airflow/example_dags/example_latest_only_with_trigger.py
[2023-10-13T13:24:29.576+0000] {processor.py:839} INFO - DAG(s) dict_keys(['latest_only_with_trigger']) retrieved from /home/airflow/.local/lib/python3.8/site-packages/airflow/example_dags/example_latest_only_with_trigger.py
[2023-10-13T13:24:29.607+0000] {logging_mixin.py:151} INFO - [2023-10-13T13:24:29.607+0000] {dag.py:2941} INFO - Sync 1 DAGs
[2023-10-13T13:24:29.635+0000] {logging_mixin.py:151} INFO - [2023-10-13T13:24:29.635+0000] {dag.py:3722} INFO - Setting next_dagrun for latest_only_with_trigger to 2023-10-13T09:24:29.634944+00:00, run_after=2023-10-13T13:24:29.634944+00:00
[2023-10-13T13:24:29.666+0000] {processor.py:179} INFO - Processing /home/airflow/.local/lib/python3.8/site-packages/airflow/example_dags/example_latest_only_with_trigger.py took 0.107 seconds
[2023-10-13T13:25:00.110+0000] {processor.py:157} INFO - Started process (PID=617) to work on /home/airflow/.local/lib/python3.8/site-packages/airflow/example_dags/example_latest_only_with_trigger.py
[2023-10-13T13:25:00.112+0000] {processor.py:829} INFO - Processing file /home/airflow/.local/lib/python3.8/site-packages/airflow/example_dags/example_latest_only_with_trigger.py for tasks to queue
[2023-10-13T13:25:00.116+0000] {logging_mixin.py:151} INFO - [2023-10-13T13:25:00.115+0000] {dagbag.py:536} INFO - Filling up the DagBag from /home/airflow/.local/lib/python3.8/site-packages/airflow/example_dags/example_latest_only_with_trigger.py
[2023-10-13T13:25:00.123+0000] {processor.py:839} INFO - DAG(s) dict_keys(['latest_only_with_trigger']) retrieved from /home/airflow/.local/lib/python3.8/site-packages/airflow/example_dags/example_latest_only_with_trigger.py
[2023-10-13T13:25:00.155+0000] {logging_mixin.py:151} INFO - [2023-10-13T13:25:00.154+0000] {dag.py:2941} INFO - Sync 1 DAGs
[2023-10-13T13:25:00.181+0000] {logging_mixin.py:151} INFO - [2023-10-13T13:25:00.181+0000] {dag.py:3722} INFO - Setting next_dagrun for latest_only_with_trigger to 2023-10-13T09:25:00.181454+00:00, run_after=2023-10-13T13:25:00.181454+00:00
[2023-10-13T13:25:00.211+0000] {processor.py:179} INFO - Processing /home/airflow/.local/lib/python3.8/site-packages/airflow/example_dags/example_latest_only_with_trigger.py took 0.104 seconds
[2023-10-13T13:25:30.509+0000] {processor.py:157} INFO - Started process (PID=671) to work on /home/airflow/.local/lib/python3.8/site-packages/airflow/example_dags/example_latest_only_with_trigger.py
[2023-10-13T13:25:30.516+0000] {processor.py:829} INFO - Processing file /home/airflow/.local/lib/python3.8/site-packages/airflow/example_dags/example_latest_only_with_trigger.py for tasks to queue
[2023-10-13T13:25:30.521+0000] {logging_mixin.py:151} INFO - [2023-10-13T13:25:30.520+0000] {dagbag.py:536} INFO - Filling up the DagBag from /home/airflow/.local/lib/python3.8/site-packages/airflow/example_dags/example_latest_only_with_trigger.py
[2023-10-13T13:25:30.532+0000] {processor.py:839} INFO - DAG(s) dict_keys(['latest_only_with_trigger']) retrieved from /home/airflow/.local/lib/python3.8/site-packages/airflow/example_dags/example_latest_only_with_trigger.py
[2023-10-13T13:25:30.565+0000] {logging_mixin.py:151} INFO - [2023-10-13T13:25:30.565+0000] {dag.py:2941} INFO - Sync 1 DAGs
[2023-10-13T13:25:30.597+0000] {logging_mixin.py:151} INFO - [2023-10-13T13:25:30.597+0000] {dag.py:3722} INFO - Setting next_dagrun for latest_only_with_trigger to 2023-10-13T09:25:30.597086+00:00, run_after=2023-10-13T13:25:30.597086+00:00
[2023-10-13T13:25:30.624+0000] {processor.py:179} INFO - Processing /home/airflow/.local/lib/python3.8/site-packages/airflow/example_dags/example_latest_only_with_trigger.py took 0.121 seconds
[2023-10-13T13:26:00.810+0000] {processor.py:157} INFO - Started process (PID=725) to work on /home/airflow/.local/lib/python3.8/site-packages/airflow/example_dags/example_latest_only_with_trigger.py
[2023-10-13T13:26:00.812+0000] {processor.py:829} INFO - Processing file /home/airflow/.local/lib/python3.8/site-packages/airflow/example_dags/example_latest_only_with_trigger.py for tasks to queue
[2023-10-13T13:26:00.815+0000] {logging_mixin.py:151} INFO - [2023-10-13T13:26:00.815+0000] {dagbag.py:536} INFO - Filling up the DagBag from /home/airflow/.local/lib/python3.8/site-packages/airflow/example_dags/example_latest_only_with_trigger.py
[2023-10-13T13:26:00.823+0000] {processor.py:839} INFO - DAG(s) dict_keys(['latest_only_with_trigger']) retrieved from /home/airflow/.local/lib/python3.8/site-packages/airflow/example_dags/example_latest_only_with_trigger.py
[2023-10-13T13:26:00.858+0000] {logging_mixin.py:151} INFO - [2023-10-13T13:26:00.858+0000] {dag.py:2941} INFO - Sync 1 DAGs
[2023-10-13T13:26:00.891+0000] {logging_mixin.py:151} INFO - [2023-10-13T13:26:00.891+0000] {dag.py:3722} INFO - Setting next_dagrun for latest_only_with_trigger to 2023-10-13T09:26:00.891305+00:00, run_after=2023-10-13T13:26:00.891305+00:00
[2023-10-13T13:26:01.398+0000] {processor.py:179} INFO - Processing /home/airflow/.local/lib/python3.8/site-packages/airflow/example_dags/example_latest_only_with_trigger.py took 0.592 seconds
[2023-10-13T13:26:32.278+0000] {processor.py:157} INFO - Started process (PID=779) to work on /home/airflow/.local/lib/python3.8/site-packages/airflow/example_dags/example_latest_only_with_trigger.py
[2023-10-13T13:26:32.279+0000] {processor.py:829} INFO - Processing file /home/airflow/.local/lib/python3.8/site-packages/airflow/example_dags/example_latest_only_with_trigger.py for tasks to queue
[2023-10-13T13:26:32.283+0000] {logging_mixin.py:151} INFO - [2023-10-13T13:26:32.282+0000] {dagbag.py:536} INFO - Filling up the DagBag from /home/airflow/.local/lib/python3.8/site-packages/airflow/example_dags/example_latest_only_with_trigger.py
[2023-10-13T13:26:32.291+0000] {processor.py:839} INFO - DAG(s) dict_keys(['latest_only_with_trigger']) retrieved from /home/airflow/.local/lib/python3.8/site-packages/airflow/example_dags/example_latest_only_with_trigger.py
[2023-10-13T13:26:32.326+0000] {logging_mixin.py:151} INFO - [2023-10-13T13:26:32.326+0000] {dag.py:2941} INFO - Sync 1 DAGs
[2023-10-13T13:26:32.370+0000] {logging_mixin.py:151} INFO - [2023-10-13T13:26:32.369+0000] {dag.py:3722} INFO - Setting next_dagrun for latest_only_with_trigger to 2023-10-13T09:26:32.369347+00:00, run_after=2023-10-13T13:26:32.369347+00:00
[2023-10-13T13:26:32.407+0000] {processor.py:179} INFO - Processing /home/airflow/.local/lib/python3.8/site-packages/airflow/example_dags/example_latest_only_with_trigger.py took 0.134 seconds
[2023-10-13T13:27:02.767+0000] {processor.py:157} INFO - Started process (PID=833) to work on /home/airflow/.local/lib/python3.8/site-packages/airflow/example_dags/example_latest_only_with_trigger.py
[2023-10-13T13:27:02.769+0000] {processor.py:829} INFO - Processing file /home/airflow/.local/lib/python3.8/site-packages/airflow/example_dags/example_latest_only_with_trigger.py for tasks to queue
[2023-10-13T13:27:02.773+0000] {logging_mixin.py:151} INFO - [2023-10-13T13:27:02.772+0000] {dagbag.py:536} INFO - Filling up the DagBag from /home/airflow/.local/lib/python3.8/site-packages/airflow/example_dags/example_latest_only_with_trigger.py
[2023-10-13T13:27:02.781+0000] {processor.py:839} INFO - DAG(s) dict_keys(['latest_only_with_trigger']) retrieved from /home/airflow/.local/lib/python3.8/site-packages/airflow/example_dags/example_latest_only_with_trigger.py
[2023-10-13T13:27:02.815+0000] {logging_mixin.py:151} INFO - [2023-10-13T13:27:02.815+0000] {dag.py:2941} INFO - Sync 1 DAGs
[2023-10-13T13:27:02.850+0000] {logging_mixin.py:151} INFO - [2023-10-13T13:27:02.850+0000] {dag.py:3722} INFO - Setting next_dagrun for latest_only_with_trigger to 2023-10-13T09:27:02.850268+00:00, run_after=2023-10-13T13:27:02.850268+00:00
[2023-10-13T13:27:02.886+0000] {processor.py:179} INFO - Processing /home/airflow/.local/lib/python3.8/site-packages/airflow/example_dags/example_latest_only_with_trigger.py took 0.123 seconds
[2023-10-13T13:27:33.377+0000] {processor.py:157} INFO - Started process (PID=887) to work on /home/airflow/.local/lib/python3.8/site-packages/airflow/example_dags/example_latest_only_with_trigger.py
[2023-10-13T13:27:33.380+0000] {processor.py:829} INFO - Processing file /home/airflow/.local/lib/python3.8/site-packages/airflow/example_dags/example_latest_only_with_trigger.py for tasks to queue
[2023-10-13T13:27:33.384+0000] {logging_mixin.py:151} INFO - [2023-10-13T13:27:33.383+0000] {dagbag.py:536} INFO - Filling up the DagBag from /home/airflow/.local/lib/python3.8/site-packages/airflow/example_dags/example_latest_only_with_trigger.py
[2023-10-13T13:27:33.391+0000] {processor.py:839} INFO - DAG(s) dict_keys(['latest_only_with_trigger']) retrieved from /home/airflow/.local/lib/python3.8/site-packages/airflow/example_dags/example_latest_only_with_trigger.py
[2023-10-13T13:27:33.424+0000] {logging_mixin.py:151} INFO - [2023-10-13T13:27:33.423+0000] {dag.py:2941} INFO - Sync 1 DAGs
[2023-10-13T13:27:33.454+0000] {logging_mixin.py:151} INFO - [2023-10-13T13:27:33.453+0000] {dag.py:3722} INFO - Setting next_dagrun for latest_only_with_trigger to 2023-10-13T09:27:33.453569+00:00, run_after=2023-10-13T13:27:33.453569+00:00
[2023-10-13T13:27:33.486+0000] {processor.py:179} INFO - Processing /home/airflow/.local/lib/python3.8/site-packages/airflow/example_dags/example_latest_only_with_trigger.py took 0.112 seconds
[2023-10-13T13:28:04.043+0000] {processor.py:157} INFO - Started process (PID=941) to work on /home/airflow/.local/lib/python3.8/site-packages/airflow/example_dags/example_latest_only_with_trigger.py
[2023-10-13T13:28:04.045+0000] {processor.py:829} INFO - Processing file /home/airflow/.local/lib/python3.8/site-packages/airflow/example_dags/example_latest_only_with_trigger.py for tasks to queue
[2023-10-13T13:28:04.049+0000] {logging_mixin.py:151} INFO - [2023-10-13T13:28:04.049+0000] {dagbag.py:536} INFO - Filling up the DagBag from /home/airflow/.local/lib/python3.8/site-packages/airflow/example_dags/example_latest_only_with_trigger.py
[2023-10-13T13:28:04.057+0000] {processor.py:839} INFO - DAG(s) dict_keys(['latest_only_with_trigger']) retrieved from /home/airflow/.local/lib/python3.8/site-packages/airflow/example_dags/example_latest_only_with_trigger.py
[2023-10-13T13:28:04.142+0000] {logging_mixin.py:151} INFO - [2023-10-13T13:28:04.142+0000] {dag.py:2941} INFO - Sync 1 DAGs
[2023-10-13T13:28:04.175+0000] {logging_mixin.py:151} INFO - [2023-10-13T13:28:04.175+0000] {dag.py:3722} INFO - Setting next_dagrun for latest_only_with_trigger to 2023-10-13T09:28:04.174918+00:00, run_after=2023-10-13T13:28:04.174918+00:00
[2023-10-13T13:28:04.357+0000] {processor.py:179} INFO - Processing /home/airflow/.local/lib/python3.8/site-packages/airflow/example_dags/example_latest_only_with_trigger.py took 0.321 seconds
[2023-10-13T13:28:35.102+0000] {processor.py:157} INFO - Started process (PID=995) to work on /home/airflow/.local/lib/python3.8/site-packages/airflow/example_dags/example_latest_only_with_trigger.py
[2023-10-13T13:28:35.104+0000] {processor.py:829} INFO - Processing file /home/airflow/.local/lib/python3.8/site-packages/airflow/example_dags/example_latest_only_with_trigger.py for tasks to queue
[2023-10-13T13:28:35.109+0000] {logging_mixin.py:151} INFO - [2023-10-13T13:28:35.109+0000] {dagbag.py:536} INFO - Filling up the DagBag from /home/airflow/.local/lib/python3.8/site-packages/airflow/example_dags/example_latest_only_with_trigger.py
[2023-10-13T13:28:35.119+0000] {processor.py:839} INFO - DAG(s) dict_keys(['latest_only_with_trigger']) retrieved from /home/airflow/.local/lib/python3.8/site-packages/airflow/example_dags/example_latest_only_with_trigger.py
[2023-10-13T13:28:35.155+0000] {logging_mixin.py:151} INFO - [2023-10-13T13:28:35.154+0000] {dag.py:2941} INFO - Sync 1 DAGs
[2023-10-13T13:28:35.188+0000] {logging_mixin.py:151} INFO - [2023-10-13T13:28:35.188+0000] {dag.py:3722} INFO - Setting next_dagrun for latest_only_with_trigger to 2023-10-13T09:28:35.188165+00:00, run_after=2023-10-13T13:28:35.188165+00:00
[2023-10-13T13:28:35.220+0000] {processor.py:179} INFO - Processing /home/airflow/.local/lib/python3.8/site-packages/airflow/example_dags/example_latest_only_with_trigger.py took 0.122 seconds
[2023-10-13T13:29:05.442+0000] {processor.py:157} INFO - Started process (PID=1049) to work on /home/airflow/.local/lib/python3.8/site-packages/airflow/example_dags/example_latest_only_with_trigger.py
[2023-10-13T13:29:05.444+0000] {processor.py:829} INFO - Processing file /home/airflow/.local/lib/python3.8/site-packages/airflow/example_dags/example_latest_only_with_trigger.py for tasks to queue
[2023-10-13T13:29:05.449+0000] {logging_mixin.py:151} INFO - [2023-10-13T13:29:05.449+0000] {dagbag.py:536} INFO - Filling up the DagBag from /home/airflow/.local/lib/python3.8/site-packages/airflow/example_dags/example_latest_only_with_trigger.py
[2023-10-13T13:29:05.457+0000] {processor.py:839} INFO - DAG(s) dict_keys(['latest_only_with_trigger']) retrieved from /home/airflow/.local/lib/python3.8/site-packages/airflow/example_dags/example_latest_only_with_trigger.py
[2023-10-13T13:29:05.487+0000] {logging_mixin.py:151} INFO - [2023-10-13T13:29:05.487+0000] {dag.py:2941} INFO - Sync 1 DAGs
[2023-10-13T13:29:05.514+0000] {logging_mixin.py:151} INFO - [2023-10-13T13:29:05.514+0000] {dag.py:3722} INFO - Setting next_dagrun for latest_only_with_trigger to 2023-10-13T09:29:05.514229+00:00, run_after=2023-10-13T13:29:05.514229+00:00
[2023-10-13T13:29:05.545+0000] {processor.py:179} INFO - Processing /home/airflow/.local/lib/python3.8/site-packages/airflow/example_dags/example_latest_only_with_trigger.py took 0.106 seconds
[2023-10-13T13:29:35.955+0000] {processor.py:157} INFO - Started process (PID=1103) to work on /home/airflow/.local/lib/python3.8/site-packages/airflow/example_dags/example_latest_only_with_trigger.py
[2023-10-13T13:29:35.958+0000] {processor.py:829} INFO - Processing file /home/airflow/.local/lib/python3.8/site-packages/airflow/example_dags/example_latest_only_with_trigger.py for tasks to queue
[2023-10-13T13:29:35.962+0000] {logging_mixin.py:151} INFO - [2023-10-13T13:29:35.962+0000] {dagbag.py:536} INFO - Filling up the DagBag from /home/airflow/.local/lib/python3.8/site-packages/airflow/example_dags/example_latest_only_with_trigger.py
[2023-10-13T13:29:35.974+0000] {processor.py:839} INFO - DAG(s) dict_keys(['latest_only_with_trigger']) retrieved from /home/airflow/.local/lib/python3.8/site-packages/airflow/example_dags/example_latest_only_with_trigger.py
[2023-10-13T13:29:36.009+0000] {logging_mixin.py:151} INFO - [2023-10-13T13:29:36.009+0000] {dag.py:2941} INFO - Sync 1 DAGs
[2023-10-13T13:29:36.044+0000] {logging_mixin.py:151} INFO - [2023-10-13T13:29:36.044+0000] {dag.py:3722} INFO - Setting next_dagrun for latest_only_with_trigger to 2023-10-13T09:29:36.044175+00:00, run_after=2023-10-13T13:29:36.044175+00:00
[2023-10-13T13:29:36.273+0000] {processor.py:179} INFO - Processing /home/airflow/.local/lib/python3.8/site-packages/airflow/example_dags/example_latest_only_with_trigger.py took 0.325 seconds
[2023-10-13T13:30:06.658+0000] {processor.py:157} INFO - Started process (PID=1157) to work on /home/airflow/.local/lib/python3.8/site-packages/airflow/example_dags/example_latest_only_with_trigger.py
[2023-10-13T13:30:06.702+0000] {processor.py:829} INFO - Processing file /home/airflow/.local/lib/python3.8/site-packages/airflow/example_dags/example_latest_only_with_trigger.py for tasks to queue
[2023-10-13T13:30:06.708+0000] {logging_mixin.py:151} INFO - [2023-10-13T13:30:06.708+0000] {dagbag.py:536} INFO - Filling up the DagBag from /home/airflow/.local/lib/python3.8/site-packages/airflow/example_dags/example_latest_only_with_trigger.py
[2023-10-13T13:30:06.725+0000] {processor.py:839} INFO - DAG(s) dict_keys(['latest_only_with_trigger']) retrieved from /home/airflow/.local/lib/python3.8/site-packages/airflow/example_dags/example_latest_only_with_trigger.py
[2023-10-13T13:30:06.776+0000] {logging_mixin.py:151} INFO - [2023-10-13T13:30:06.776+0000] {dag.py:2941} INFO - Sync 1 DAGs
[2023-10-13T13:30:06.813+0000] {logging_mixin.py:151} INFO - [2023-10-13T13:30:06.812+0000] {dag.py:3722} INFO - Setting next_dagrun for latest_only_with_trigger to 2023-10-13T09:30:06.812612+00:00, run_after=2023-10-13T13:30:06.812612+00:00
[2023-10-13T13:30:07.971+0000] {processor.py:179} INFO - Processing /home/airflow/.local/lib/python3.8/site-packages/airflow/example_dags/example_latest_only_with_trigger.py took 1.325 seconds
[2023-10-13T13:30:38.142+0000] {processor.py:157} INFO - Started process (PID=1211) to work on /home/airflow/.local/lib/python3.8/site-packages/airflow/example_dags/example_latest_only_with_trigger.py
[2023-10-13T13:30:38.147+0000] {processor.py:829} INFO - Processing file /home/airflow/.local/lib/python3.8/site-packages/airflow/example_dags/example_latest_only_with_trigger.py for tasks to queue
[2023-10-13T13:30:38.151+0000] {logging_mixin.py:151} INFO - [2023-10-13T13:30:38.151+0000] {dagbag.py:536} INFO - Filling up the DagBag from /home/airflow/.local/lib/python3.8/site-packages/airflow/example_dags/example_latest_only_with_trigger.py
[2023-10-13T13:30:38.168+0000] {processor.py:839} INFO - DAG(s) dict_keys(['latest_only_with_trigger']) retrieved from /home/airflow/.local/lib/python3.8/site-packages/airflow/example_dags/example_latest_only_with_trigger.py
[2023-10-13T13:30:38.459+0000] {logging_mixin.py:151} INFO - [2023-10-13T13:30:38.459+0000] {dag.py:2941} INFO - Sync 1 DAGs
[2023-10-13T13:30:38.506+0000] {logging_mixin.py:151} INFO - [2023-10-13T13:30:38.506+0000] {dag.py:3722} INFO - Setting next_dagrun for latest_only_with_trigger to 2023-10-13T09:30:38.505474+00:00, run_after=2023-10-13T13:30:38.505474+00:00
[2023-10-13T13:30:38.542+0000] {processor.py:179} INFO - Processing /home/airflow/.local/lib/python3.8/site-packages/airflow/example_dags/example_latest_only_with_trigger.py took 0.407 seconds
[2023-10-13T13:31:08.652+0000] {processor.py:157} INFO - Started process (PID=1265) to work on /home/airflow/.local/lib/python3.8/site-packages/airflow/example_dags/example_latest_only_with_trigger.py
[2023-10-13T13:31:08.653+0000] {processor.py:829} INFO - Processing file /home/airflow/.local/lib/python3.8/site-packages/airflow/example_dags/example_latest_only_with_trigger.py for tasks to queue
[2023-10-13T13:31:08.658+0000] {logging_mixin.py:151} INFO - [2023-10-13T13:31:08.657+0000] {dagbag.py:536} INFO - Filling up the DagBag from /home/airflow/.local/lib/python3.8/site-packages/airflow/example_dags/example_latest_only_with_trigger.py
[2023-10-13T13:31:08.666+0000] {processor.py:839} INFO - DAG(s) dict_keys(['latest_only_with_trigger']) retrieved from /home/airflow/.local/lib/python3.8/site-packages/airflow/example_dags/example_latest_only_with_trigger.py
[2023-10-13T13:31:08.703+0000] {logging_mixin.py:151} INFO - [2023-10-13T13:31:08.703+0000] {dag.py:2941} INFO - Sync 1 DAGs
[2023-10-13T13:31:08.946+0000] {logging_mixin.py:151} INFO - [2023-10-13T13:31:08.946+0000] {dag.py:3722} INFO - Setting next_dagrun for latest_only_with_trigger to 2023-10-13T09:31:08.946083+00:00, run_after=2023-10-13T13:31:08.946083+00:00
[2023-10-13T13:31:08.971+0000] {processor.py:179} INFO - Processing /home/airflow/.local/lib/python3.8/site-packages/airflow/example_dags/example_latest_only_with_trigger.py took 0.324 seconds
[2023-10-13T13:31:39.666+0000] {processor.py:157} INFO - Started process (PID=1319) to work on /home/airflow/.local/lib/python3.8/site-packages/airflow/example_dags/example_latest_only_with_trigger.py
[2023-10-13T13:31:39.668+0000] {processor.py:829} INFO - Processing file /home/airflow/.local/lib/python3.8/site-packages/airflow/example_dags/example_latest_only_with_trigger.py for tasks to queue
[2023-10-13T13:31:39.673+0000] {logging_mixin.py:151} INFO - [2023-10-13T13:31:39.673+0000] {dagbag.py:536} INFO - Filling up the DagBag from /home/airflow/.local/lib/python3.8/site-packages/airflow/example_dags/example_latest_only_with_trigger.py
[2023-10-13T13:31:39.684+0000] {processor.py:839} INFO - DAG(s) dict_keys(['latest_only_with_trigger']) retrieved from /home/airflow/.local/lib/python3.8/site-packages/airflow/example_dags/example_latest_only_with_trigger.py
[2023-10-13T13:31:39.729+0000] {logging_mixin.py:151} INFO - [2023-10-13T13:31:39.728+0000] {dag.py:2941} INFO - Sync 1 DAGs
[2023-10-13T13:31:39.790+0000] {logging_mixin.py:151} INFO - [2023-10-13T13:31:39.789+0000] {dag.py:3722} INFO - Setting next_dagrun for latest_only_with_trigger to 2023-10-13T09:31:39.789142+00:00, run_after=2023-10-13T13:31:39.789142+00:00
[2023-10-13T13:31:40.148+0000] {processor.py:179} INFO - Processing /home/airflow/.local/lib/python3.8/site-packages/airflow/example_dags/example_latest_only_with_trigger.py took 0.488 seconds
[2023-10-13T13:32:10.317+0000] {processor.py:157} INFO - Started process (PID=1373) to work on /home/airflow/.local/lib/python3.8/site-packages/airflow/example_dags/example_latest_only_with_trigger.py
[2023-10-13T13:32:10.320+0000] {processor.py:829} INFO - Processing file /home/airflow/.local/lib/python3.8/site-packages/airflow/example_dags/example_latest_only_with_trigger.py for tasks to queue
[2023-10-13T13:32:10.323+0000] {logging_mixin.py:151} INFO - [2023-10-13T13:32:10.323+0000] {dagbag.py:536} INFO - Filling up the DagBag from /home/airflow/.local/lib/python3.8/site-packages/airflow/example_dags/example_latest_only_with_trigger.py
[2023-10-13T13:32:10.332+0000] {processor.py:839} INFO - DAG(s) dict_keys(['latest_only_with_trigger']) retrieved from /home/airflow/.local/lib/python3.8/site-packages/airflow/example_dags/example_latest_only_with_trigger.py
[2023-10-13T13:32:10.367+0000] {logging_mixin.py:151} INFO - [2023-10-13T13:32:10.367+0000] {dag.py:2941} INFO - Sync 1 DAGs
[2023-10-13T13:32:10.397+0000] {logging_mixin.py:151} INFO - [2023-10-13T13:32:10.397+0000] {dag.py:3722} INFO - Setting next_dagrun for latest_only_with_trigger to 2023-10-13T09:32:10.397118+00:00, run_after=2023-10-13T13:32:10.397118+00:00
[2023-10-13T13:32:10.432+0000] {processor.py:179} INFO - Processing /home/airflow/.local/lib/python3.8/site-packages/airflow/example_dags/example_latest_only_with_trigger.py took 0.119 seconds
[2023-10-13T13:32:40.958+0000] {processor.py:157} INFO - Started process (PID=1427) to work on /home/airflow/.local/lib/python3.8/site-packages/airflow/example_dags/example_latest_only_with_trigger.py
[2023-10-13T13:32:40.965+0000] {processor.py:829} INFO - Processing file /home/airflow/.local/lib/python3.8/site-packages/airflow/example_dags/example_latest_only_with_trigger.py for tasks to queue
[2023-10-13T13:32:40.970+0000] {logging_mixin.py:151} INFO - [2023-10-13T13:32:40.969+0000] {dagbag.py:536} INFO - Filling up the DagBag from /home/airflow/.local/lib/python3.8/site-packages/airflow/example_dags/example_latest_only_with_trigger.py
[2023-10-13T13:32:40.986+0000] {processor.py:839} INFO - DAG(s) dict_keys(['latest_only_with_trigger']) retrieved from /home/airflow/.local/lib/python3.8/site-packages/airflow/example_dags/example_latest_only_with_trigger.py
[2023-10-13T13:32:41.034+0000] {logging_mixin.py:151} INFO - [2023-10-13T13:32:41.034+0000] {dag.py:2941} INFO - Sync 1 DAGs
[2023-10-13T13:32:41.079+0000] {logging_mixin.py:151} INFO - [2023-10-13T13:32:41.078+0000] {dag.py:3722} INFO - Setting next_dagrun for latest_only_with_trigger to 2023-10-13T09:32:41.077760+00:00, run_after=2023-10-13T13:32:41.077760+00:00
[2023-10-13T13:32:41.119+0000] {processor.py:179} INFO - Processing /home/airflow/.local/lib/python3.8/site-packages/airflow/example_dags/example_latest_only_with_trigger.py took 0.169 seconds
[2023-10-13T13:33:11.494+0000] {processor.py:157} INFO - Started process (PID=1481) to work on /home/airflow/.local/lib/python3.8/site-packages/airflow/example_dags/example_latest_only_with_trigger.py
[2023-10-13T13:33:11.496+0000] {processor.py:829} INFO - Processing file /home/airflow/.local/lib/python3.8/site-packages/airflow/example_dags/example_latest_only_with_trigger.py for tasks to queue
[2023-10-13T13:33:11.500+0000] {logging_mixin.py:151} INFO - [2023-10-13T13:33:11.499+0000] {dagbag.py:536} INFO - Filling up the DagBag from /home/airflow/.local/lib/python3.8/site-packages/airflow/example_dags/example_latest_only_with_trigger.py
[2023-10-13T13:33:11.508+0000] {processor.py:839} INFO - DAG(s) dict_keys(['latest_only_with_trigger']) retrieved from /home/airflow/.local/lib/python3.8/site-packages/airflow/example_dags/example_latest_only_with_trigger.py
[2023-10-13T13:33:11.545+0000] {logging_mixin.py:151} INFO - [2023-10-13T13:33:11.545+0000] {dag.py:2941} INFO - Sync 1 DAGs
[2023-10-13T13:33:11.586+0000] {logging_mixin.py:151} INFO - [2023-10-13T13:33:11.585+0000] {dag.py:3722} INFO - Setting next_dagrun for latest_only_with_trigger to 2023-10-13T09:33:11.585508+00:00, run_after=2023-10-13T13:33:11.585508+00:00
[2023-10-13T13:33:11.619+0000] {processor.py:179} INFO - Processing /home/airflow/.local/lib/python3.8/site-packages/airflow/example_dags/example_latest_only_with_trigger.py took 0.130 seconds
[2023-10-13T13:33:42.109+0000] {processor.py:157} INFO - Started process (PID=1533) to work on /home/airflow/.local/lib/python3.8/site-packages/airflow/example_dags/example_latest_only_with_trigger.py
[2023-10-13T13:33:42.112+0000] {processor.py:829} INFO - Processing file /home/airflow/.local/lib/python3.8/site-packages/airflow/example_dags/example_latest_only_with_trigger.py for tasks to queue
[2023-10-13T13:33:42.119+0000] {logging_mixin.py:151} INFO - [2023-10-13T13:33:42.119+0000] {dagbag.py:536} INFO - Filling up the DagBag from /home/airflow/.local/lib/python3.8/site-packages/airflow/example_dags/example_latest_only_with_trigger.py
[2023-10-13T13:33:42.131+0000] {processor.py:839} INFO - DAG(s) dict_keys(['latest_only_with_trigger']) retrieved from /home/airflow/.local/lib/python3.8/site-packages/airflow/example_dags/example_latest_only_with_trigger.py
[2023-10-13T13:33:42.177+0000] {logging_mixin.py:151} INFO - [2023-10-13T13:33:42.177+0000] {dag.py:2941} INFO - Sync 1 DAGs
[2023-10-13T13:33:42.231+0000] {logging_mixin.py:151} INFO - [2023-10-13T13:33:42.230+0000] {dag.py:3722} INFO - Setting next_dagrun for latest_only_with_trigger to 2023-10-13T09:33:42.229736+00:00, run_after=2023-10-13T13:33:42.229736+00:00
[2023-10-13T13:33:42.290+0000] {processor.py:179} INFO - Processing /home/airflow/.local/lib/python3.8/site-packages/airflow/example_dags/example_latest_only_with_trigger.py took 0.186 seconds
[2023-10-13T13:34:12.613+0000] {processor.py:157} INFO - Started process (PID=1588) to work on /home/airflow/.local/lib/python3.8/site-packages/airflow/example_dags/example_latest_only_with_trigger.py
[2023-10-13T13:34:12.616+0000] {processor.py:829} INFO - Processing file /home/airflow/.local/lib/python3.8/site-packages/airflow/example_dags/example_latest_only_with_trigger.py for tasks to queue
[2023-10-13T13:34:12.619+0000] {logging_mixin.py:151} INFO - [2023-10-13T13:34:12.619+0000] {dagbag.py:536} INFO - Filling up the DagBag from /home/airflow/.local/lib/python3.8/site-packages/airflow/example_dags/example_latest_only_with_trigger.py
[2023-10-13T13:34:12.628+0000] {processor.py:839} INFO - DAG(s) dict_keys(['latest_only_with_trigger']) retrieved from /home/airflow/.local/lib/python3.8/site-packages/airflow/example_dags/example_latest_only_with_trigger.py
[2023-10-13T13:34:12.666+0000] {logging_mixin.py:151} INFO - [2023-10-13T13:34:12.665+0000] {dag.py:2941} INFO - Sync 1 DAGs
[2023-10-13T13:34:12.699+0000] {logging_mixin.py:151} INFO - [2023-10-13T13:34:12.698+0000] {dag.py:3722} INFO - Setting next_dagrun for latest_only_with_trigger to 2023-10-13T09:34:12.696263+00:00, run_after=2023-10-13T13:34:12.696263+00:00
[2023-10-13T13:34:12.776+0000] {processor.py:179} INFO - Processing /home/airflow/.local/lib/python3.8/site-packages/airflow/example_dags/example_latest_only_with_trigger.py took 0.168 seconds
[2023-10-13T13:34:43.456+0000] {processor.py:157} INFO - Started process (PID=1650) to work on /home/airflow/.local/lib/python3.8/site-packages/airflow/example_dags/example_latest_only_with_trigger.py
[2023-10-13T13:34:43.457+0000] {processor.py:829} INFO - Processing file /home/airflow/.local/lib/python3.8/site-packages/airflow/example_dags/example_latest_only_with_trigger.py for tasks to queue
[2023-10-13T13:34:43.461+0000] {logging_mixin.py:151} INFO - [2023-10-13T13:34:43.460+0000] {dagbag.py:536} INFO - Filling up the DagBag from /home/airflow/.local/lib/python3.8/site-packages/airflow/example_dags/example_latest_only_with_trigger.py
[2023-10-13T13:34:43.468+0000] {processor.py:839} INFO - DAG(s) dict_keys(['latest_only_with_trigger']) retrieved from /home/airflow/.local/lib/python3.8/site-packages/airflow/example_dags/example_latest_only_with_trigger.py
[2023-10-13T13:34:43.501+0000] {logging_mixin.py:151} INFO - [2023-10-13T13:34:43.501+0000] {dag.py:2941} INFO - Sync 1 DAGs
[2023-10-13T13:34:43.531+0000] {logging_mixin.py:151} INFO - [2023-10-13T13:34:43.531+0000] {dag.py:3722} INFO - Setting next_dagrun for latest_only_with_trigger to 2023-10-13T09:34:43.531413+00:00, run_after=2023-10-13T13:34:43.531413+00:00
[2023-10-13T13:34:43.561+0000] {processor.py:179} INFO - Processing /home/airflow/.local/lib/python3.8/site-packages/airflow/example_dags/example_latest_only_with_trigger.py took 0.109 seconds
[2023-10-13T13:35:14.270+0000] {processor.py:157} INFO - Started process (PID=1704) to work on /home/airflow/.local/lib/python3.8/site-packages/airflow/example_dags/example_latest_only_with_trigger.py
[2023-10-13T13:35:14.272+0000] {processor.py:829} INFO - Processing file /home/airflow/.local/lib/python3.8/site-packages/airflow/example_dags/example_latest_only_with_trigger.py for tasks to queue
[2023-10-13T13:35:14.276+0000] {logging_mixin.py:151} INFO - [2023-10-13T13:35:14.276+0000] {dagbag.py:536} INFO - Filling up the DagBag from /home/airflow/.local/lib/python3.8/site-packages/airflow/example_dags/example_latest_only_with_trigger.py
[2023-10-13T13:35:14.287+0000] {processor.py:839} INFO - DAG(s) dict_keys(['latest_only_with_trigger']) retrieved from /home/airflow/.local/lib/python3.8/site-packages/airflow/example_dags/example_latest_only_with_trigger.py
[2023-10-13T13:35:14.321+0000] {logging_mixin.py:151} INFO - [2023-10-13T13:35:14.321+0000] {dag.py:2941} INFO - Sync 1 DAGs
[2023-10-13T13:35:14.381+0000] {logging_mixin.py:151} INFO - [2023-10-13T13:35:14.381+0000] {dag.py:3722} INFO - Setting next_dagrun for latest_only_with_trigger to 2023-10-13T09:35:14.380862+00:00, run_after=2023-10-13T13:35:14.380862+00:00
[2023-10-13T13:35:14.451+0000] {processor.py:179} INFO - Processing /home/airflow/.local/lib/python3.8/site-packages/airflow/example_dags/example_latest_only_with_trigger.py took 0.185 seconds
[2023-10-13T13:35:44.603+0000] {processor.py:157} INFO - Started process (PID=1758) to work on /home/airflow/.local/lib/python3.8/site-packages/airflow/example_dags/example_latest_only_with_trigger.py
[2023-10-13T13:35:44.605+0000] {processor.py:829} INFO - Processing file /home/airflow/.local/lib/python3.8/site-packages/airflow/example_dags/example_latest_only_with_trigger.py for tasks to queue
[2023-10-13T13:35:44.609+0000] {logging_mixin.py:151} INFO - [2023-10-13T13:35:44.609+0000] {dagbag.py:536} INFO - Filling up the DagBag from /home/airflow/.local/lib/python3.8/site-packages/airflow/example_dags/example_latest_only_with_trigger.py
[2023-10-13T13:35:44.618+0000] {processor.py:839} INFO - DAG(s) dict_keys(['latest_only_with_trigger']) retrieved from /home/airflow/.local/lib/python3.8/site-packages/airflow/example_dags/example_latest_only_with_trigger.py
[2023-10-13T13:35:44.645+0000] {logging_mixin.py:151} INFO - [2023-10-13T13:35:44.645+0000] {dag.py:2941} INFO - Sync 1 DAGs
[2023-10-13T13:35:44.679+0000] {logging_mixin.py:151} INFO - [2023-10-13T13:35:44.678+0000] {dag.py:3722} INFO - Setting next_dagrun for latest_only_with_trigger to 2023-10-13T09:35:44.678505+00:00, run_after=2023-10-13T13:35:44.678505+00:00
[2023-10-13T13:35:44.703+0000] {processor.py:179} INFO - Processing /home/airflow/.local/lib/python3.8/site-packages/airflow/example_dags/example_latest_only_with_trigger.py took 0.105 seconds
[2023-10-13T13:36:15.698+0000] {processor.py:157} INFO - Started process (PID=1811) to work on /home/airflow/.local/lib/python3.8/site-packages/airflow/example_dags/example_latest_only_with_trigger.py
[2023-10-13T13:36:15.699+0000] {processor.py:829} INFO - Processing file /home/airflow/.local/lib/python3.8/site-packages/airflow/example_dags/example_latest_only_with_trigger.py for tasks to queue
[2023-10-13T13:36:15.703+0000] {logging_mixin.py:151} INFO - [2023-10-13T13:36:15.702+0000] {dagbag.py:536} INFO - Filling up the DagBag from /home/airflow/.local/lib/python3.8/site-packages/airflow/example_dags/example_latest_only_with_trigger.py
[2023-10-13T13:36:15.710+0000] {processor.py:839} INFO - DAG(s) dict_keys(['latest_only_with_trigger']) retrieved from /home/airflow/.local/lib/python3.8/site-packages/airflow/example_dags/example_latest_only_with_trigger.py
[2023-10-13T13:36:15.746+0000] {logging_mixin.py:151} INFO - [2023-10-13T13:36:15.745+0000] {dag.py:2941} INFO - Sync 1 DAGs
[2023-10-13T13:36:15.781+0000] {logging_mixin.py:151} INFO - [2023-10-13T13:36:15.781+0000] {dag.py:3722} INFO - Setting next_dagrun for latest_only_with_trigger to 2023-10-13T09:36:15.780770+00:00, run_after=2023-10-13T13:36:15.780770+00:00
[2023-10-13T13:36:15.805+0000] {processor.py:179} INFO - Processing /home/airflow/.local/lib/python3.8/site-packages/airflow/example_dags/example_latest_only_with_trigger.py took 0.112 seconds
