[2023-10-13T13:19:37.240+0000] {processor.py:157} INFO - Started process (PID=70) to work on /home/airflow/.local/lib/python3.8/site-packages/airflow/example_dags/example_branch_labels.py
[2023-10-13T13:19:37.269+0000] {processor.py:829} INFO - Processing file /home/airflow/.local/lib/python3.8/site-packages/airflow/example_dags/example_branch_labels.py for tasks to queue
[2023-10-13T13:19:37.338+0000] {logging_mixin.py:151} INFO - [2023-10-13T13:19:37.322+0000] {dagbag.py:536} INFO - Filling up the DagBag from /home/airflow/.local/lib/python3.8/site-packages/airflow/example_dags/example_branch_labels.py
[2023-10-13T13:19:37.414+0000] {processor.py:839} INFO - DAG(s) dict_keys(['example_branch_labels']) retrieved from /home/airflow/.local/lib/python3.8/site-packages/airflow/example_dags/example_branch_labels.py
[2023-10-13T13:19:37.463+0000] {logging_mixin.py:151} INFO - [2023-10-13T13:19:37.462+0000] {dag.py:2941} INFO - Sync 1 DAGs
[2023-10-13T13:19:37.598+0000] {logging_mixin.py:151} INFO - [2023-10-13T13:19:37.598+0000] {dag.py:3722} INFO - Setting next_dagrun for example_branch_labels to 2023-10-12T00:00:00+00:00, run_after=2023-10-13T00:00:00+00:00
[2023-10-13T13:19:37.708+0000] {processor.py:179} INFO - Processing /home/airflow/.local/lib/python3.8/site-packages/airflow/example_dags/example_branch_labels.py took 0.698 seconds
[2023-10-13T13:20:08.588+0000] {processor.py:157} INFO - Started process (PID=124) to work on /home/airflow/.local/lib/python3.8/site-packages/airflow/example_dags/example_branch_labels.py
[2023-10-13T13:20:08.590+0000] {processor.py:829} INFO - Processing file /home/airflow/.local/lib/python3.8/site-packages/airflow/example_dags/example_branch_labels.py for tasks to queue
[2023-10-13T13:20:08.594+0000] {logging_mixin.py:151} INFO - [2023-10-13T13:20:08.593+0000] {dagbag.py:536} INFO - Filling up the DagBag from /home/airflow/.local/lib/python3.8/site-packages/airflow/example_dags/example_branch_labels.py
[2023-10-13T13:20:08.606+0000] {processor.py:839} INFO - DAG(s) dict_keys(['example_branch_labels']) retrieved from /home/airflow/.local/lib/python3.8/site-packages/airflow/example_dags/example_branch_labels.py
[2023-10-13T13:20:08.641+0000] {logging_mixin.py:151} INFO - [2023-10-13T13:20:08.641+0000] {dag.py:2941} INFO - Sync 1 DAGs
[2023-10-13T13:20:08.681+0000] {logging_mixin.py:151} INFO - [2023-10-13T13:20:08.680+0000] {dag.py:3722} INFO - Setting next_dagrun for example_branch_labels to 2023-10-12T00:00:00+00:00, run_after=2023-10-13T00:00:00+00:00
[2023-10-13T13:20:08.713+0000] {processor.py:179} INFO - Processing /home/airflow/.local/lib/python3.8/site-packages/airflow/example_dags/example_branch_labels.py took 0.130 seconds
[2023-10-13T13:20:39.054+0000] {processor.py:157} INFO - Started process (PID=178) to work on /home/airflow/.local/lib/python3.8/site-packages/airflow/example_dags/example_branch_labels.py
[2023-10-13T13:20:39.057+0000] {processor.py:829} INFO - Processing file /home/airflow/.local/lib/python3.8/site-packages/airflow/example_dags/example_branch_labels.py for tasks to queue
[2023-10-13T13:20:39.061+0000] {logging_mixin.py:151} INFO - [2023-10-13T13:20:39.060+0000] {dagbag.py:536} INFO - Filling up the DagBag from /home/airflow/.local/lib/python3.8/site-packages/airflow/example_dags/example_branch_labels.py
[2023-10-13T13:20:39.073+0000] {processor.py:839} INFO - DAG(s) dict_keys(['example_branch_labels']) retrieved from /home/airflow/.local/lib/python3.8/site-packages/airflow/example_dags/example_branch_labels.py
[2023-10-13T13:20:39.106+0000] {logging_mixin.py:151} INFO - [2023-10-13T13:20:39.106+0000] {dag.py:2941} INFO - Sync 1 DAGs
[2023-10-13T13:20:39.135+0000] {logging_mixin.py:151} INFO - [2023-10-13T13:20:39.135+0000] {dag.py:3722} INFO - Setting next_dagrun for example_branch_labels to 2023-10-12T00:00:00+00:00, run_after=2023-10-13T00:00:00+00:00
[2023-10-13T13:20:39.165+0000] {processor.py:179} INFO - Processing /home/airflow/.local/lib/python3.8/site-packages/airflow/example_dags/example_branch_labels.py took 0.115 seconds
[2023-10-13T13:21:09.244+0000] {processor.py:157} INFO - Started process (PID=232) to work on /home/airflow/.local/lib/python3.8/site-packages/airflow/example_dags/example_branch_labels.py
[2023-10-13T13:21:09.246+0000] {processor.py:829} INFO - Processing file /home/airflow/.local/lib/python3.8/site-packages/airflow/example_dags/example_branch_labels.py for tasks to queue
[2023-10-13T13:21:09.251+0000] {logging_mixin.py:151} INFO - [2023-10-13T13:21:09.251+0000] {dagbag.py:536} INFO - Filling up the DagBag from /home/airflow/.local/lib/python3.8/site-packages/airflow/example_dags/example_branch_labels.py
[2023-10-13T13:21:09.263+0000] {processor.py:839} INFO - DAG(s) dict_keys(['example_branch_labels']) retrieved from /home/airflow/.local/lib/python3.8/site-packages/airflow/example_dags/example_branch_labels.py
[2023-10-13T13:21:09.298+0000] {logging_mixin.py:151} INFO - [2023-10-13T13:21:09.298+0000] {dag.py:2941} INFO - Sync 1 DAGs
[2023-10-13T13:21:09.346+0000] {logging_mixin.py:151} INFO - [2023-10-13T13:21:09.346+0000] {dag.py:3722} INFO - Setting next_dagrun for example_branch_labels to 2023-10-12T00:00:00+00:00, run_after=2023-10-13T00:00:00+00:00
[2023-10-13T13:21:09.380+0000] {processor.py:179} INFO - Processing /home/airflow/.local/lib/python3.8/site-packages/airflow/example_dags/example_branch_labels.py took 0.140 seconds
[2023-10-13T13:21:39.999+0000] {processor.py:157} INFO - Started process (PID=286) to work on /home/airflow/.local/lib/python3.8/site-packages/airflow/example_dags/example_branch_labels.py
[2023-10-13T13:21:40.001+0000] {processor.py:829} INFO - Processing file /home/airflow/.local/lib/python3.8/site-packages/airflow/example_dags/example_branch_labels.py for tasks to queue
[2023-10-13T13:21:40.006+0000] {logging_mixin.py:151} INFO - [2023-10-13T13:21:40.005+0000] {dagbag.py:536} INFO - Filling up the DagBag from /home/airflow/.local/lib/python3.8/site-packages/airflow/example_dags/example_branch_labels.py
[2023-10-13T13:21:40.020+0000] {processor.py:839} INFO - DAG(s) dict_keys(['example_branch_labels']) retrieved from /home/airflow/.local/lib/python3.8/site-packages/airflow/example_dags/example_branch_labels.py
[2023-10-13T13:21:40.059+0000] {logging_mixin.py:151} INFO - [2023-10-13T13:21:40.059+0000] {dag.py:2941} INFO - Sync 1 DAGs
[2023-10-13T13:21:40.104+0000] {logging_mixin.py:151} INFO - [2023-10-13T13:21:40.103+0000] {dag.py:3722} INFO - Setting next_dagrun for example_branch_labels to 2023-10-12T00:00:00+00:00, run_after=2023-10-13T00:00:00+00:00
[2023-10-13T13:21:40.140+0000] {processor.py:179} INFO - Processing /home/airflow/.local/lib/python3.8/site-packages/airflow/example_dags/example_branch_labels.py took 0.146 seconds
[2023-10-13T13:22:10.675+0000] {processor.py:157} INFO - Started process (PID=340) to work on /home/airflow/.local/lib/python3.8/site-packages/airflow/example_dags/example_branch_labels.py
[2023-10-13T13:22:10.677+0000] {processor.py:829} INFO - Processing file /home/airflow/.local/lib/python3.8/site-packages/airflow/example_dags/example_branch_labels.py for tasks to queue
[2023-10-13T13:22:10.682+0000] {logging_mixin.py:151} INFO - [2023-10-13T13:22:10.681+0000] {dagbag.py:536} INFO - Filling up the DagBag from /home/airflow/.local/lib/python3.8/site-packages/airflow/example_dags/example_branch_labels.py
[2023-10-13T13:22:10.698+0000] {processor.py:839} INFO - DAG(s) dict_keys(['example_branch_labels']) retrieved from /home/airflow/.local/lib/python3.8/site-packages/airflow/example_dags/example_branch_labels.py
[2023-10-13T13:22:10.739+0000] {logging_mixin.py:151} INFO - [2023-10-13T13:22:10.738+0000] {dag.py:2941} INFO - Sync 1 DAGs
[2023-10-13T13:22:10.784+0000] {logging_mixin.py:151} INFO - [2023-10-13T13:22:10.783+0000] {dag.py:3722} INFO - Setting next_dagrun for example_branch_labels to 2023-10-12T00:00:00+00:00, run_after=2023-10-13T00:00:00+00:00
[2023-10-13T13:22:10.820+0000] {processor.py:179} INFO - Processing /home/airflow/.local/lib/python3.8/site-packages/airflow/example_dags/example_branch_labels.py took 0.150 seconds
[2023-10-13T13:22:41.651+0000] {processor.py:157} INFO - Started process (PID=394) to work on /home/airflow/.local/lib/python3.8/site-packages/airflow/example_dags/example_branch_labels.py
[2023-10-13T13:22:41.653+0000] {processor.py:829} INFO - Processing file /home/airflow/.local/lib/python3.8/site-packages/airflow/example_dags/example_branch_labels.py for tasks to queue
[2023-10-13T13:22:41.657+0000] {logging_mixin.py:151} INFO - [2023-10-13T13:22:41.656+0000] {dagbag.py:536} INFO - Filling up the DagBag from /home/airflow/.local/lib/python3.8/site-packages/airflow/example_dags/example_branch_labels.py
[2023-10-13T13:22:41.670+0000] {processor.py:839} INFO - DAG(s) dict_keys(['example_branch_labels']) retrieved from /home/airflow/.local/lib/python3.8/site-packages/airflow/example_dags/example_branch_labels.py
[2023-10-13T13:22:41.704+0000] {logging_mixin.py:151} INFO - [2023-10-13T13:22:41.703+0000] {dag.py:2941} INFO - Sync 1 DAGs
[2023-10-13T13:22:41.737+0000] {logging_mixin.py:151} INFO - [2023-10-13T13:22:41.737+0000] {dag.py:3722} INFO - Setting next_dagrun for example_branch_labels to 2023-10-12T00:00:00+00:00, run_after=2023-10-13T00:00:00+00:00
[2023-10-13T13:22:41.770+0000] {processor.py:179} INFO - Processing /home/airflow/.local/lib/python3.8/site-packages/airflow/example_dags/example_branch_labels.py took 0.122 seconds
[2023-10-13T13:23:12.170+0000] {processor.py:157} INFO - Started process (PID=448) to work on /home/airflow/.local/lib/python3.8/site-packages/airflow/example_dags/example_branch_labels.py
[2023-10-13T13:23:12.172+0000] {processor.py:829} INFO - Processing file /home/airflow/.local/lib/python3.8/site-packages/airflow/example_dags/example_branch_labels.py for tasks to queue
[2023-10-13T13:23:12.176+0000] {logging_mixin.py:151} INFO - [2023-10-13T13:23:12.175+0000] {dagbag.py:536} INFO - Filling up the DagBag from /home/airflow/.local/lib/python3.8/site-packages/airflow/example_dags/example_branch_labels.py
[2023-10-13T13:23:12.191+0000] {processor.py:839} INFO - DAG(s) dict_keys(['example_branch_labels']) retrieved from /home/airflow/.local/lib/python3.8/site-packages/airflow/example_dags/example_branch_labels.py
[2023-10-13T13:23:12.225+0000] {logging_mixin.py:151} INFO - [2023-10-13T13:23:12.224+0000] {dag.py:2941} INFO - Sync 1 DAGs
[2023-10-13T13:23:12.271+0000] {logging_mixin.py:151} INFO - [2023-10-13T13:23:12.270+0000] {dag.py:3722} INFO - Setting next_dagrun for example_branch_labels to 2023-10-12T00:00:00+00:00, run_after=2023-10-13T00:00:00+00:00
[2023-10-13T13:23:12.303+0000] {processor.py:179} INFO - Processing /home/airflow/.local/lib/python3.8/site-packages/airflow/example_dags/example_branch_labels.py took 0.138 seconds
[2023-10-13T13:23:42.782+0000] {processor.py:157} INFO - Started process (PID=500) to work on /home/airflow/.local/lib/python3.8/site-packages/airflow/example_dags/example_branch_labels.py
[2023-10-13T13:23:42.784+0000] {processor.py:829} INFO - Processing file /home/airflow/.local/lib/python3.8/site-packages/airflow/example_dags/example_branch_labels.py for tasks to queue
[2023-10-13T13:23:42.788+0000] {logging_mixin.py:151} INFO - [2023-10-13T13:23:42.788+0000] {dagbag.py:536} INFO - Filling up the DagBag from /home/airflow/.local/lib/python3.8/site-packages/airflow/example_dags/example_branch_labels.py
[2023-10-13T13:23:42.805+0000] {processor.py:839} INFO - DAG(s) dict_keys(['example_branch_labels']) retrieved from /home/airflow/.local/lib/python3.8/site-packages/airflow/example_dags/example_branch_labels.py
[2023-10-13T13:23:42.838+0000] {logging_mixin.py:151} INFO - [2023-10-13T13:23:42.838+0000] {dag.py:2941} INFO - Sync 1 DAGs
[2023-10-13T13:23:42.867+0000] {logging_mixin.py:151} INFO - [2023-10-13T13:23:42.867+0000] {dag.py:3722} INFO - Setting next_dagrun for example_branch_labels to 2023-10-12T00:00:00+00:00, run_after=2023-10-13T00:00:00+00:00
[2023-10-13T13:23:42.899+0000] {processor.py:179} INFO - Processing /home/airflow/.local/lib/python3.8/site-packages/airflow/example_dags/example_branch_labels.py took 0.122 seconds
[2023-10-13T13:24:13.478+0000] {processor.py:157} INFO - Started process (PID=554) to work on /home/airflow/.local/lib/python3.8/site-packages/airflow/example_dags/example_branch_labels.py
[2023-10-13T13:24:13.480+0000] {processor.py:829} INFO - Processing file /home/airflow/.local/lib/python3.8/site-packages/airflow/example_dags/example_branch_labels.py for tasks to queue
[2023-10-13T13:24:13.485+0000] {logging_mixin.py:151} INFO - [2023-10-13T13:24:13.484+0000] {dagbag.py:536} INFO - Filling up the DagBag from /home/airflow/.local/lib/python3.8/site-packages/airflow/example_dags/example_branch_labels.py
[2023-10-13T13:24:13.500+0000] {processor.py:839} INFO - DAG(s) dict_keys(['example_branch_labels']) retrieved from /home/airflow/.local/lib/python3.8/site-packages/airflow/example_dags/example_branch_labels.py
[2023-10-13T13:24:13.535+0000] {logging_mixin.py:151} INFO - [2023-10-13T13:24:13.534+0000] {dag.py:2941} INFO - Sync 1 DAGs
[2023-10-13T13:24:13.566+0000] {logging_mixin.py:151} INFO - [2023-10-13T13:24:13.566+0000] {dag.py:3722} INFO - Setting next_dagrun for example_branch_labels to 2023-10-12T00:00:00+00:00, run_after=2023-10-13T00:00:00+00:00
[2023-10-13T13:24:13.595+0000] {processor.py:179} INFO - Processing /home/airflow/.local/lib/python3.8/site-packages/airflow/example_dags/example_branch_labels.py took 0.123 seconds
[2023-10-13T13:24:43.992+0000] {processor.py:157} INFO - Started process (PID=608) to work on /home/airflow/.local/lib/python3.8/site-packages/airflow/example_dags/example_branch_labels.py
[2023-10-13T13:24:43.993+0000] {processor.py:829} INFO - Processing file /home/airflow/.local/lib/python3.8/site-packages/airflow/example_dags/example_branch_labels.py for tasks to queue
[2023-10-13T13:24:43.997+0000] {logging_mixin.py:151} INFO - [2023-10-13T13:24:43.997+0000] {dagbag.py:536} INFO - Filling up the DagBag from /home/airflow/.local/lib/python3.8/site-packages/airflow/example_dags/example_branch_labels.py
[2023-10-13T13:24:44.007+0000] {processor.py:839} INFO - DAG(s) dict_keys(['example_branch_labels']) retrieved from /home/airflow/.local/lib/python3.8/site-packages/airflow/example_dags/example_branch_labels.py
[2023-10-13T13:24:44.036+0000] {logging_mixin.py:151} INFO - [2023-10-13T13:24:44.036+0000] {dag.py:2941} INFO - Sync 1 DAGs
[2023-10-13T13:24:44.064+0000] {logging_mixin.py:151} INFO - [2023-10-13T13:24:44.064+0000] {dag.py:3722} INFO - Setting next_dagrun for example_branch_labels to 2023-10-12T00:00:00+00:00, run_after=2023-10-13T00:00:00+00:00
[2023-10-13T13:24:44.093+0000] {processor.py:179} INFO - Processing /home/airflow/.local/lib/python3.8/site-packages/airflow/example_dags/example_branch_labels.py took 0.105 seconds
[2023-10-13T13:25:14.502+0000] {processor.py:157} INFO - Started process (PID=662) to work on /home/airflow/.local/lib/python3.8/site-packages/airflow/example_dags/example_branch_labels.py
[2023-10-13T13:25:14.505+0000] {processor.py:829} INFO - Processing file /home/airflow/.local/lib/python3.8/site-packages/airflow/example_dags/example_branch_labels.py for tasks to queue
[2023-10-13T13:25:14.515+0000] {logging_mixin.py:151} INFO - [2023-10-13T13:25:14.515+0000] {dagbag.py:536} INFO - Filling up the DagBag from /home/airflow/.local/lib/python3.8/site-packages/airflow/example_dags/example_branch_labels.py
[2023-10-13T13:25:14.543+0000] {processor.py:839} INFO - DAG(s) dict_keys(['example_branch_labels']) retrieved from /home/airflow/.local/lib/python3.8/site-packages/airflow/example_dags/example_branch_labels.py
[2023-10-13T13:25:14.624+0000] {logging_mixin.py:151} INFO - [2023-10-13T13:25:14.623+0000] {dag.py:2941} INFO - Sync 1 DAGs
[2023-10-13T13:25:14.709+0000] {logging_mixin.py:151} INFO - [2023-10-13T13:25:14.708+0000] {dag.py:3722} INFO - Setting next_dagrun for example_branch_labels to 2023-10-12T00:00:00+00:00, run_after=2023-10-13T00:00:00+00:00
[2023-10-13T13:25:14.810+0000] {processor.py:179} INFO - Processing /home/airflow/.local/lib/python3.8/site-packages/airflow/example_dags/example_branch_labels.py took 0.316 seconds
[2023-10-13T13:25:45.074+0000] {processor.py:157} INFO - Started process (PID=716) to work on /home/airflow/.local/lib/python3.8/site-packages/airflow/example_dags/example_branch_labels.py
[2023-10-13T13:25:45.076+0000] {processor.py:829} INFO - Processing file /home/airflow/.local/lib/python3.8/site-packages/airflow/example_dags/example_branch_labels.py for tasks to queue
[2023-10-13T13:25:45.079+0000] {logging_mixin.py:151} INFO - [2023-10-13T13:25:45.078+0000] {dagbag.py:536} INFO - Filling up the DagBag from /home/airflow/.local/lib/python3.8/site-packages/airflow/example_dags/example_branch_labels.py
[2023-10-13T13:25:45.092+0000] {processor.py:839} INFO - DAG(s) dict_keys(['example_branch_labels']) retrieved from /home/airflow/.local/lib/python3.8/site-packages/airflow/example_dags/example_branch_labels.py
[2023-10-13T13:25:45.124+0000] {logging_mixin.py:151} INFO - [2023-10-13T13:25:45.124+0000] {dag.py:2941} INFO - Sync 1 DAGs
[2023-10-13T13:25:45.158+0000] {logging_mixin.py:151} INFO - [2023-10-13T13:25:45.158+0000] {dag.py:3722} INFO - Setting next_dagrun for example_branch_labels to 2023-10-12T00:00:00+00:00, run_after=2023-10-13T00:00:00+00:00
[2023-10-13T13:25:45.193+0000] {processor.py:179} INFO - Processing /home/airflow/.local/lib/python3.8/site-packages/airflow/example_dags/example_branch_labels.py took 0.123 seconds
[2023-10-13T13:26:16.923+0000] {processor.py:157} INFO - Started process (PID=770) to work on /home/airflow/.local/lib/python3.8/site-packages/airflow/example_dags/example_branch_labels.py
[2023-10-13T13:26:16.925+0000] {processor.py:829} INFO - Processing file /home/airflow/.local/lib/python3.8/site-packages/airflow/example_dags/example_branch_labels.py for tasks to queue
[2023-10-13T13:26:16.929+0000] {logging_mixin.py:151} INFO - [2023-10-13T13:26:16.928+0000] {dagbag.py:536} INFO - Filling up the DagBag from /home/airflow/.local/lib/python3.8/site-packages/airflow/example_dags/example_branch_labels.py
[2023-10-13T13:26:16.938+0000] {processor.py:839} INFO - DAG(s) dict_keys(['example_branch_labels']) retrieved from /home/airflow/.local/lib/python3.8/site-packages/airflow/example_dags/example_branch_labels.py
[2023-10-13T13:26:16.961+0000] {logging_mixin.py:151} INFO - [2023-10-13T13:26:16.961+0000] {dag.py:2941} INFO - Sync 1 DAGs
[2023-10-13T13:26:16.987+0000] {logging_mixin.py:151} INFO - [2023-10-13T13:26:16.987+0000] {dag.py:3722} INFO - Setting next_dagrun for example_branch_labels to 2023-10-12T00:00:00+00:00, run_after=2023-10-13T00:00:00+00:00
[2023-10-13T13:26:17.017+0000] {processor.py:179} INFO - Processing /home/airflow/.local/lib/python3.8/site-packages/airflow/example_dags/example_branch_labels.py took 0.098 seconds
[2023-10-13T13:26:47.345+0000] {processor.py:157} INFO - Started process (PID=824) to work on /home/airflow/.local/lib/python3.8/site-packages/airflow/example_dags/example_branch_labels.py
[2023-10-13T13:26:47.347+0000] {processor.py:829} INFO - Processing file /home/airflow/.local/lib/python3.8/site-packages/airflow/example_dags/example_branch_labels.py for tasks to queue
[2023-10-13T13:26:47.350+0000] {logging_mixin.py:151} INFO - [2023-10-13T13:26:47.350+0000] {dagbag.py:536} INFO - Filling up the DagBag from /home/airflow/.local/lib/python3.8/site-packages/airflow/example_dags/example_branch_labels.py
[2023-10-13T13:26:47.361+0000] {processor.py:839} INFO - DAG(s) dict_keys(['example_branch_labels']) retrieved from /home/airflow/.local/lib/python3.8/site-packages/airflow/example_dags/example_branch_labels.py
[2023-10-13T13:26:47.391+0000] {logging_mixin.py:151} INFO - [2023-10-13T13:26:47.391+0000] {dag.py:2941} INFO - Sync 1 DAGs
[2023-10-13T13:26:47.421+0000] {logging_mixin.py:151} INFO - [2023-10-13T13:26:47.420+0000] {dag.py:3722} INFO - Setting next_dagrun for example_branch_labels to 2023-10-12T00:00:00+00:00, run_after=2023-10-13T00:00:00+00:00
[2023-10-13T13:26:47.451+0000] {processor.py:179} INFO - Processing /home/airflow/.local/lib/python3.8/site-packages/airflow/example_dags/example_branch_labels.py took 0.110 seconds
[2023-10-13T13:27:18.633+0000] {processor.py:157} INFO - Started process (PID=878) to work on /home/airflow/.local/lib/python3.8/site-packages/airflow/example_dags/example_branch_labels.py
[2023-10-13T13:27:18.643+0000] {processor.py:829} INFO - Processing file /home/airflow/.local/lib/python3.8/site-packages/airflow/example_dags/example_branch_labels.py for tasks to queue
[2023-10-13T13:27:18.647+0000] {logging_mixin.py:151} INFO - [2023-10-13T13:27:18.646+0000] {dagbag.py:536} INFO - Filling up the DagBag from /home/airflow/.local/lib/python3.8/site-packages/airflow/example_dags/example_branch_labels.py
[2023-10-13T13:27:18.668+0000] {processor.py:839} INFO - DAG(s) dict_keys(['example_branch_labels']) retrieved from /home/airflow/.local/lib/python3.8/site-packages/airflow/example_dags/example_branch_labels.py
[2023-10-13T13:27:18.721+0000] {logging_mixin.py:151} INFO - [2023-10-13T13:27:18.720+0000] {dag.py:2941} INFO - Sync 1 DAGs
[2023-10-13T13:27:18.777+0000] {logging_mixin.py:151} INFO - [2023-10-13T13:27:18.777+0000] {dag.py:3722} INFO - Setting next_dagrun for example_branch_labels to 2023-10-12T00:00:00+00:00, run_after=2023-10-13T00:00:00+00:00
[2023-10-13T13:27:18.818+0000] {processor.py:179} INFO - Processing /home/airflow/.local/lib/python3.8/site-packages/airflow/example_dags/example_branch_labels.py took 0.192 seconds
[2023-10-13T13:27:48.947+0000] {processor.py:157} INFO - Started process (PID=932) to work on /home/airflow/.local/lib/python3.8/site-packages/airflow/example_dags/example_branch_labels.py
[2023-10-13T13:27:48.951+0000] {processor.py:829} INFO - Processing file /home/airflow/.local/lib/python3.8/site-packages/airflow/example_dags/example_branch_labels.py for tasks to queue
[2023-10-13T13:27:48.970+0000] {logging_mixin.py:151} INFO - [2023-10-13T13:27:48.969+0000] {dagbag.py:536} INFO - Filling up the DagBag from /home/airflow/.local/lib/python3.8/site-packages/airflow/example_dags/example_branch_labels.py
[2023-10-13T13:27:48.996+0000] {processor.py:839} INFO - DAG(s) dict_keys(['example_branch_labels']) retrieved from /home/airflow/.local/lib/python3.8/site-packages/airflow/example_dags/example_branch_labels.py
[2023-10-13T13:27:49.055+0000] {logging_mixin.py:151} INFO - [2023-10-13T13:27:49.055+0000] {dag.py:2941} INFO - Sync 1 DAGs
[2023-10-13T13:27:49.110+0000] {logging_mixin.py:151} INFO - [2023-10-13T13:27:49.110+0000] {dag.py:3722} INFO - Setting next_dagrun for example_branch_labels to 2023-10-12T00:00:00+00:00, run_after=2023-10-13T00:00:00+00:00
[2023-10-13T13:27:49.145+0000] {processor.py:179} INFO - Processing /home/airflow/.local/lib/python3.8/site-packages/airflow/example_dags/example_branch_labels.py took 0.204 seconds
[2023-10-13T13:28:22.480+0000] {processor.py:157} INFO - Started process (PID=986) to work on /home/airflow/.local/lib/python3.8/site-packages/airflow/example_dags/example_branch_labels.py
[2023-10-13T13:28:22.482+0000] {processor.py:829} INFO - Processing file /home/airflow/.local/lib/python3.8/site-packages/airflow/example_dags/example_branch_labels.py for tasks to queue
[2023-10-13T13:28:22.488+0000] {logging_mixin.py:151} INFO - [2023-10-13T13:28:22.486+0000] {dagbag.py:536} INFO - Filling up the DagBag from /home/airflow/.local/lib/python3.8/site-packages/airflow/example_dags/example_branch_labels.py
[2023-10-13T13:28:22.501+0000] {processor.py:839} INFO - DAG(s) dict_keys(['example_branch_labels']) retrieved from /home/airflow/.local/lib/python3.8/site-packages/airflow/example_dags/example_branch_labels.py
[2023-10-13T13:28:22.533+0000] {logging_mixin.py:151} INFO - [2023-10-13T13:28:22.533+0000] {dag.py:2941} INFO - Sync 1 DAGs
[2023-10-13T13:28:22.747+0000] {logging_mixin.py:151} INFO - [2023-10-13T13:28:22.746+0000] {dag.py:3722} INFO - Setting next_dagrun for example_branch_labels to 2023-10-12T00:00:00+00:00, run_after=2023-10-13T00:00:00+00:00
[2023-10-13T13:28:24.430+0000] {processor.py:179} INFO - Processing /home/airflow/.local/lib/python3.8/site-packages/airflow/example_dags/example_branch_labels.py took 1.956 seconds
[2023-10-13T13:28:55.148+0000] {processor.py:157} INFO - Started process (PID=1040) to work on /home/airflow/.local/lib/python3.8/site-packages/airflow/example_dags/example_branch_labels.py
[2023-10-13T13:28:55.151+0000] {processor.py:829} INFO - Processing file /home/airflow/.local/lib/python3.8/site-packages/airflow/example_dags/example_branch_labels.py for tasks to queue
[2023-10-13T13:28:55.154+0000] {logging_mixin.py:151} INFO - [2023-10-13T13:28:55.154+0000] {dagbag.py:536} INFO - Filling up the DagBag from /home/airflow/.local/lib/python3.8/site-packages/airflow/example_dags/example_branch_labels.py
[2023-10-13T13:28:55.164+0000] {processor.py:839} INFO - DAG(s) dict_keys(['example_branch_labels']) retrieved from /home/airflow/.local/lib/python3.8/site-packages/airflow/example_dags/example_branch_labels.py
[2023-10-13T13:28:55.196+0000] {logging_mixin.py:151} INFO - [2023-10-13T13:28:55.195+0000] {dag.py:2941} INFO - Sync 1 DAGs
[2023-10-13T13:28:55.226+0000] {logging_mixin.py:151} INFO - [2023-10-13T13:28:55.226+0000] {dag.py:3722} INFO - Setting next_dagrun for example_branch_labels to 2023-10-12T00:00:00+00:00, run_after=2023-10-13T00:00:00+00:00
[2023-10-13T13:28:55.400+0000] {processor.py:179} INFO - Processing /home/airflow/.local/lib/python3.8/site-packages/airflow/example_dags/example_branch_labels.py took 0.255 seconds
[2023-10-13T13:29:25.497+0000] {processor.py:157} INFO - Started process (PID=1094) to work on /home/airflow/.local/lib/python3.8/site-packages/airflow/example_dags/example_branch_labels.py
[2023-10-13T13:29:25.499+0000] {processor.py:829} INFO - Processing file /home/airflow/.local/lib/python3.8/site-packages/airflow/example_dags/example_branch_labels.py for tasks to queue
[2023-10-13T13:29:25.503+0000] {logging_mixin.py:151} INFO - [2023-10-13T13:29:25.503+0000] {dagbag.py:536} INFO - Filling up the DagBag from /home/airflow/.local/lib/python3.8/site-packages/airflow/example_dags/example_branch_labels.py
[2023-10-13T13:29:25.514+0000] {processor.py:839} INFO - DAG(s) dict_keys(['example_branch_labels']) retrieved from /home/airflow/.local/lib/python3.8/site-packages/airflow/example_dags/example_branch_labels.py
[2023-10-13T13:29:25.553+0000] {logging_mixin.py:151} INFO - [2023-10-13T13:29:25.553+0000] {dag.py:2941} INFO - Sync 1 DAGs
[2023-10-13T13:29:25.588+0000] {logging_mixin.py:151} INFO - [2023-10-13T13:29:25.587+0000] {dag.py:3722} INFO - Setting next_dagrun for example_branch_labels to 2023-10-12T00:00:00+00:00, run_after=2023-10-13T00:00:00+00:00
[2023-10-13T13:29:25.620+0000] {processor.py:179} INFO - Processing /home/airflow/.local/lib/python3.8/site-packages/airflow/example_dags/example_branch_labels.py took 0.129 seconds
[2023-10-13T13:29:59.132+0000] {processor.py:157} INFO - Started process (PID=1148) to work on /home/airflow/.local/lib/python3.8/site-packages/airflow/example_dags/example_branch_labels.py
[2023-10-13T13:29:59.133+0000] {processor.py:829} INFO - Processing file /home/airflow/.local/lib/python3.8/site-packages/airflow/example_dags/example_branch_labels.py for tasks to queue
[2023-10-13T13:29:59.137+0000] {logging_mixin.py:151} INFO - [2023-10-13T13:29:59.136+0000] {dagbag.py:536} INFO - Filling up the DagBag from /home/airflow/.local/lib/python3.8/site-packages/airflow/example_dags/example_branch_labels.py
[2023-10-13T13:29:59.152+0000] {processor.py:839} INFO - DAG(s) dict_keys(['example_branch_labels']) retrieved from /home/airflow/.local/lib/python3.8/site-packages/airflow/example_dags/example_branch_labels.py
[2023-10-13T13:29:59.183+0000] {logging_mixin.py:151} INFO - [2023-10-13T13:29:59.183+0000] {dag.py:2941} INFO - Sync 1 DAGs
[2023-10-13T13:29:59.212+0000] {logging_mixin.py:151} INFO - [2023-10-13T13:29:59.212+0000] {dag.py:3722} INFO - Setting next_dagrun for example_branch_labels to 2023-10-12T00:00:00+00:00, run_after=2023-10-13T00:00:00+00:00
[2023-10-13T13:29:59.255+0000] {processor.py:179} INFO - Processing /home/airflow/.local/lib/python3.8/site-packages/airflow/example_dags/example_branch_labels.py took 0.128 seconds
[2023-10-13T13:30:32.590+0000] {processor.py:157} INFO - Started process (PID=1202) to work on /home/airflow/.local/lib/python3.8/site-packages/airflow/example_dags/example_branch_labels.py
[2023-10-13T13:30:32.592+0000] {processor.py:829} INFO - Processing file /home/airflow/.local/lib/python3.8/site-packages/airflow/example_dags/example_branch_labels.py for tasks to queue
[2023-10-13T13:30:32.596+0000] {logging_mixin.py:151} INFO - [2023-10-13T13:30:32.596+0000] {dagbag.py:536} INFO - Filling up the DagBag from /home/airflow/.local/lib/python3.8/site-packages/airflow/example_dags/example_branch_labels.py
[2023-10-13T13:30:32.612+0000] {processor.py:839} INFO - DAG(s) dict_keys(['example_branch_labels']) retrieved from /home/airflow/.local/lib/python3.8/site-packages/airflow/example_dags/example_branch_labels.py
[2023-10-13T13:30:32.647+0000] {logging_mixin.py:151} INFO - [2023-10-13T13:30:32.647+0000] {dag.py:2941} INFO - Sync 1 DAGs
[2023-10-13T13:30:32.892+0000] {logging_mixin.py:151} INFO - [2023-10-13T13:30:32.891+0000] {dag.py:3722} INFO - Setting next_dagrun for example_branch_labels to 2023-10-12T00:00:00+00:00, run_after=2023-10-13T00:00:00+00:00
[2023-10-13T13:30:32.919+0000] {processor.py:179} INFO - Processing /home/airflow/.local/lib/python3.8/site-packages/airflow/example_dags/example_branch_labels.py took 0.336 seconds
[2023-10-13T13:31:03.105+0000] {processor.py:157} INFO - Started process (PID=1256) to work on /home/airflow/.local/lib/python3.8/site-packages/airflow/example_dags/example_branch_labels.py
[2023-10-13T13:31:03.107+0000] {processor.py:829} INFO - Processing file /home/airflow/.local/lib/python3.8/site-packages/airflow/example_dags/example_branch_labels.py for tasks to queue
[2023-10-13T13:31:03.112+0000] {logging_mixin.py:151} INFO - [2023-10-13T13:31:03.111+0000] {dagbag.py:536} INFO - Filling up the DagBag from /home/airflow/.local/lib/python3.8/site-packages/airflow/example_dags/example_branch_labels.py
[2023-10-13T13:31:03.125+0000] {processor.py:839} INFO - DAG(s) dict_keys(['example_branch_labels']) retrieved from /home/airflow/.local/lib/python3.8/site-packages/airflow/example_dags/example_branch_labels.py
[2023-10-13T13:31:03.164+0000] {logging_mixin.py:151} INFO - [2023-10-13T13:31:03.163+0000] {dag.py:2941} INFO - Sync 1 DAGs
[2023-10-13T13:31:03.215+0000] {logging_mixin.py:151} INFO - [2023-10-13T13:31:03.215+0000] {dag.py:3722} INFO - Setting next_dagrun for example_branch_labels to 2023-10-12T00:00:00+00:00, run_after=2023-10-13T00:00:00+00:00
[2023-10-13T13:31:03.492+0000] {processor.py:179} INFO - Processing /home/airflow/.local/lib/python3.8/site-packages/airflow/example_dags/example_branch_labels.py took 0.392 seconds
[2023-10-13T13:31:33.933+0000] {processor.py:157} INFO - Started process (PID=1310) to work on /home/airflow/.local/lib/python3.8/site-packages/airflow/example_dags/example_branch_labels.py
[2023-10-13T13:31:33.935+0000] {processor.py:829} INFO - Processing file /home/airflow/.local/lib/python3.8/site-packages/airflow/example_dags/example_branch_labels.py for tasks to queue
[2023-10-13T13:31:33.940+0000] {logging_mixin.py:151} INFO - [2023-10-13T13:31:33.939+0000] {dagbag.py:536} INFO - Filling up the DagBag from /home/airflow/.local/lib/python3.8/site-packages/airflow/example_dags/example_branch_labels.py
[2023-10-13T13:31:33.954+0000] {processor.py:839} INFO - DAG(s) dict_keys(['example_branch_labels']) retrieved from /home/airflow/.local/lib/python3.8/site-packages/airflow/example_dags/example_branch_labels.py
[2023-10-13T13:31:33.990+0000] {logging_mixin.py:151} INFO - [2023-10-13T13:31:33.990+0000] {dag.py:2941} INFO - Sync 1 DAGs
[2023-10-13T13:31:34.063+0000] {logging_mixin.py:151} INFO - [2023-10-13T13:31:34.062+0000] {dag.py:3722} INFO - Setting next_dagrun for example_branch_labels to 2023-10-12T00:00:00+00:00, run_after=2023-10-13T00:00:00+00:00
[2023-10-13T13:31:34.131+0000] {processor.py:179} INFO - Processing /home/airflow/.local/lib/python3.8/site-packages/airflow/example_dags/example_branch_labels.py took 0.203 seconds
[2023-10-13T13:32:05.316+0000] {processor.py:157} INFO - Started process (PID=1364) to work on /home/airflow/.local/lib/python3.8/site-packages/airflow/example_dags/example_branch_labels.py
[2023-10-13T13:32:05.320+0000] {processor.py:829} INFO - Processing file /home/airflow/.local/lib/python3.8/site-packages/airflow/example_dags/example_branch_labels.py for tasks to queue
[2023-10-13T13:32:05.325+0000] {logging_mixin.py:151} INFO - [2023-10-13T13:32:05.325+0000] {dagbag.py:536} INFO - Filling up the DagBag from /home/airflow/.local/lib/python3.8/site-packages/airflow/example_dags/example_branch_labels.py
[2023-10-13T13:32:05.350+0000] {processor.py:839} INFO - DAG(s) dict_keys(['example_branch_labels']) retrieved from /home/airflow/.local/lib/python3.8/site-packages/airflow/example_dags/example_branch_labels.py
[2023-10-13T13:32:05.663+0000] {logging_mixin.py:151} INFO - [2023-10-13T13:32:05.663+0000] {dag.py:2941} INFO - Sync 1 DAGs
[2023-10-13T13:32:05.710+0000] {logging_mixin.py:151} INFO - [2023-10-13T13:32:05.709+0000] {dag.py:3722} INFO - Setting next_dagrun for example_branch_labels to 2023-10-12T00:00:00+00:00, run_after=2023-10-13T00:00:00+00:00
[2023-10-13T13:32:05.794+0000] {processor.py:179} INFO - Processing /home/airflow/.local/lib/python3.8/site-packages/airflow/example_dags/example_branch_labels.py took 0.488 seconds
[2023-10-13T13:32:39.417+0000] {processor.py:157} INFO - Started process (PID=1418) to work on /home/airflow/.local/lib/python3.8/site-packages/airflow/example_dags/example_branch_labels.py
[2023-10-13T13:32:39.419+0000] {processor.py:829} INFO - Processing file /home/airflow/.local/lib/python3.8/site-packages/airflow/example_dags/example_branch_labels.py for tasks to queue
[2023-10-13T13:32:39.426+0000] {logging_mixin.py:151} INFO - [2023-10-13T13:32:39.425+0000] {dagbag.py:536} INFO - Filling up the DagBag from /home/airflow/.local/lib/python3.8/site-packages/airflow/example_dags/example_branch_labels.py
[2023-10-13T13:32:39.445+0000] {processor.py:839} INFO - DAG(s) dict_keys(['example_branch_labels']) retrieved from /home/airflow/.local/lib/python3.8/site-packages/airflow/example_dags/example_branch_labels.py
[2023-10-13T13:32:39.490+0000] {logging_mixin.py:151} INFO - [2023-10-13T13:32:39.490+0000] {dag.py:2941} INFO - Sync 1 DAGs
[2023-10-13T13:32:39.539+0000] {logging_mixin.py:151} INFO - [2023-10-13T13:32:39.539+0000] {dag.py:3722} INFO - Setting next_dagrun for example_branch_labels to 2023-10-12T00:00:00+00:00, run_after=2023-10-13T00:00:00+00:00
[2023-10-13T13:32:39.582+0000] {processor.py:179} INFO - Processing /home/airflow/.local/lib/python3.8/site-packages/airflow/example_dags/example_branch_labels.py took 0.171 seconds
[2023-10-13T13:33:09.696+0000] {processor.py:157} INFO - Started process (PID=1472) to work on /home/airflow/.local/lib/python3.8/site-packages/airflow/example_dags/example_branch_labels.py
[2023-10-13T13:33:09.698+0000] {processor.py:829} INFO - Processing file /home/airflow/.local/lib/python3.8/site-packages/airflow/example_dags/example_branch_labels.py for tasks to queue
[2023-10-13T13:33:09.701+0000] {logging_mixin.py:151} INFO - [2023-10-13T13:33:09.701+0000] {dagbag.py:536} INFO - Filling up the DagBag from /home/airflow/.local/lib/python3.8/site-packages/airflow/example_dags/example_branch_labels.py
[2023-10-13T13:33:09.714+0000] {processor.py:839} INFO - DAG(s) dict_keys(['example_branch_labels']) retrieved from /home/airflow/.local/lib/python3.8/site-packages/airflow/example_dags/example_branch_labels.py
[2023-10-13T13:33:09.746+0000] {logging_mixin.py:151} INFO - [2023-10-13T13:33:09.745+0000] {dag.py:2941} INFO - Sync 1 DAGs
[2023-10-13T13:33:09.788+0000] {logging_mixin.py:151} INFO - [2023-10-13T13:33:09.788+0000] {dag.py:3722} INFO - Setting next_dagrun for example_branch_labels to 2023-10-12T00:00:00+00:00, run_after=2023-10-13T00:00:00+00:00
[2023-10-13T13:33:09.912+0000] {processor.py:179} INFO - Processing /home/airflow/.local/lib/python3.8/site-packages/airflow/example_dags/example_branch_labels.py took 0.222 seconds
[2023-10-13T13:33:40.366+0000] {processor.py:157} INFO - Started process (PID=1526) to work on /home/airflow/.local/lib/python3.8/site-packages/airflow/example_dags/example_branch_labels.py
[2023-10-13T13:33:40.368+0000] {processor.py:829} INFO - Processing file /home/airflow/.local/lib/python3.8/site-packages/airflow/example_dags/example_branch_labels.py for tasks to queue
[2023-10-13T13:33:40.371+0000] {logging_mixin.py:151} INFO - [2023-10-13T13:33:40.371+0000] {dagbag.py:536} INFO - Filling up the DagBag from /home/airflow/.local/lib/python3.8/site-packages/airflow/example_dags/example_branch_labels.py
[2023-10-13T13:33:40.387+0000] {processor.py:839} INFO - DAG(s) dict_keys(['example_branch_labels']) retrieved from /home/airflow/.local/lib/python3.8/site-packages/airflow/example_dags/example_branch_labels.py
[2023-10-13T13:33:40.430+0000] {logging_mixin.py:151} INFO - [2023-10-13T13:33:40.430+0000] {dag.py:2941} INFO - Sync 1 DAGs
[2023-10-13T13:33:40.477+0000] {logging_mixin.py:151} INFO - [2023-10-13T13:33:40.477+0000] {dag.py:3722} INFO - Setting next_dagrun for example_branch_labels to 2023-10-12T00:00:00+00:00, run_after=2023-10-13T00:00:00+00:00
[2023-10-13T13:33:40.522+0000] {processor.py:179} INFO - Processing /home/airflow/.local/lib/python3.8/site-packages/airflow/example_dags/example_branch_labels.py took 0.163 seconds
[2023-10-13T13:34:11.030+0000] {processor.py:157} INFO - Started process (PID=1581) to work on /home/airflow/.local/lib/python3.8/site-packages/airflow/example_dags/example_branch_labels.py
[2023-10-13T13:34:11.032+0000] {processor.py:829} INFO - Processing file /home/airflow/.local/lib/python3.8/site-packages/airflow/example_dags/example_branch_labels.py for tasks to queue
[2023-10-13T13:34:11.037+0000] {logging_mixin.py:151} INFO - [2023-10-13T13:34:11.037+0000] {dagbag.py:536} INFO - Filling up the DagBag from /home/airflow/.local/lib/python3.8/site-packages/airflow/example_dags/example_branch_labels.py
[2023-10-13T13:34:11.055+0000] {processor.py:839} INFO - DAG(s) dict_keys(['example_branch_labels']) retrieved from /home/airflow/.local/lib/python3.8/site-packages/airflow/example_dags/example_branch_labels.py
[2023-10-13T13:34:11.158+0000] {logging_mixin.py:151} INFO - [2023-10-13T13:34:11.157+0000] {dag.py:2941} INFO - Sync 1 DAGs
[2023-10-13T13:34:11.191+0000] {logging_mixin.py:151} INFO - [2023-10-13T13:34:11.190+0000] {dag.py:3722} INFO - Setting next_dagrun for example_branch_labels to 2023-10-12T00:00:00+00:00, run_after=2023-10-13T00:00:00+00:00
[2023-10-13T13:34:11.226+0000] {processor.py:179} INFO - Processing /home/airflow/.local/lib/python3.8/site-packages/airflow/example_dags/example_branch_labels.py took 0.200 seconds
[2023-10-13T13:34:41.877+0000] {processor.py:157} INFO - Started process (PID=1636) to work on /home/airflow/.local/lib/python3.8/site-packages/airflow/example_dags/example_branch_labels.py
[2023-10-13T13:34:41.879+0000] {processor.py:829} INFO - Processing file /home/airflow/.local/lib/python3.8/site-packages/airflow/example_dags/example_branch_labels.py for tasks to queue
[2023-10-13T13:34:41.882+0000] {logging_mixin.py:151} INFO - [2023-10-13T13:34:41.882+0000] {dagbag.py:536} INFO - Filling up the DagBag from /home/airflow/.local/lib/python3.8/site-packages/airflow/example_dags/example_branch_labels.py
[2023-10-13T13:34:41.892+0000] {processor.py:839} INFO - DAG(s) dict_keys(['example_branch_labels']) retrieved from /home/airflow/.local/lib/python3.8/site-packages/airflow/example_dags/example_branch_labels.py
[2023-10-13T13:34:41.922+0000] {logging_mixin.py:151} INFO - [2023-10-13T13:34:41.922+0000] {dag.py:2941} INFO - Sync 1 DAGs
[2023-10-13T13:34:41.952+0000] {logging_mixin.py:151} INFO - [2023-10-13T13:34:41.951+0000] {dag.py:3722} INFO - Setting next_dagrun for example_branch_labels to 2023-10-12T00:00:00+00:00, run_after=2023-10-13T00:00:00+00:00
[2023-10-13T13:34:41.979+0000] {processor.py:179} INFO - Processing /home/airflow/.local/lib/python3.8/site-packages/airflow/example_dags/example_branch_labels.py took 0.106 seconds
[2023-10-13T13:35:12.498+0000] {processor.py:157} INFO - Started process (PID=1690) to work on /home/airflow/.local/lib/python3.8/site-packages/airflow/example_dags/example_branch_labels.py
[2023-10-13T13:35:12.500+0000] {processor.py:829} INFO - Processing file /home/airflow/.local/lib/python3.8/site-packages/airflow/example_dags/example_branch_labels.py for tasks to queue
[2023-10-13T13:35:12.505+0000] {logging_mixin.py:151} INFO - [2023-10-13T13:35:12.505+0000] {dagbag.py:536} INFO - Filling up the DagBag from /home/airflow/.local/lib/python3.8/site-packages/airflow/example_dags/example_branch_labels.py
[2023-10-13T13:35:12.524+0000] {processor.py:839} INFO - DAG(s) dict_keys(['example_branch_labels']) retrieved from /home/airflow/.local/lib/python3.8/site-packages/airflow/example_dags/example_branch_labels.py
[2023-10-13T13:35:12.565+0000] {logging_mixin.py:151} INFO - [2023-10-13T13:35:12.565+0000] {dag.py:2941} INFO - Sync 1 DAGs
[2023-10-13T13:35:12.625+0000] {logging_mixin.py:151} INFO - [2023-10-13T13:35:12.625+0000] {dag.py:3722} INFO - Setting next_dagrun for example_branch_labels to 2023-10-12T00:00:00+00:00, run_after=2023-10-13T00:00:00+00:00
[2023-10-13T13:35:12.670+0000] {processor.py:179} INFO - Processing /home/airflow/.local/lib/python3.8/site-packages/airflow/example_dags/example_branch_labels.py took 0.179 seconds
[2023-10-13T13:35:43.691+0000] {processor.py:157} INFO - Started process (PID=1751) to work on /home/airflow/.local/lib/python3.8/site-packages/airflow/example_dags/example_branch_labels.py
[2023-10-13T13:35:43.750+0000] {processor.py:829} INFO - Processing file /home/airflow/.local/lib/python3.8/site-packages/airflow/example_dags/example_branch_labels.py for tasks to queue
[2023-10-13T13:35:43.757+0000] {logging_mixin.py:151} INFO - [2023-10-13T13:35:43.757+0000] {dagbag.py:536} INFO - Filling up the DagBag from /home/airflow/.local/lib/python3.8/site-packages/airflow/example_dags/example_branch_labels.py
[2023-10-13T13:35:43.781+0000] {processor.py:839} INFO - DAG(s) dict_keys(['example_branch_labels']) retrieved from /home/airflow/.local/lib/python3.8/site-packages/airflow/example_dags/example_branch_labels.py
[2023-10-13T13:35:43.828+0000] {logging_mixin.py:151} INFO - [2023-10-13T13:35:43.827+0000] {dag.py:2941} INFO - Sync 1 DAGs
[2023-10-13T13:35:43.864+0000] {logging_mixin.py:151} INFO - [2023-10-13T13:35:43.863+0000] {dag.py:3722} INFO - Setting next_dagrun for example_branch_labels to 2023-10-12T00:00:00+00:00, run_after=2023-10-13T00:00:00+00:00
[2023-10-13T13:35:43.953+0000] {processor.py:179} INFO - Processing /home/airflow/.local/lib/python3.8/site-packages/airflow/example_dags/example_branch_labels.py took 0.266 seconds
[2023-10-13T13:36:14.060+0000] {processor.py:157} INFO - Started process (PID=1804) to work on /home/airflow/.local/lib/python3.8/site-packages/airflow/example_dags/example_branch_labels.py
[2023-10-13T13:36:14.062+0000] {processor.py:829} INFO - Processing file /home/airflow/.local/lib/python3.8/site-packages/airflow/example_dags/example_branch_labels.py for tasks to queue
[2023-10-13T13:36:14.065+0000] {logging_mixin.py:151} INFO - [2023-10-13T13:36:14.065+0000] {dagbag.py:536} INFO - Filling up the DagBag from /home/airflow/.local/lib/python3.8/site-packages/airflow/example_dags/example_branch_labels.py
[2023-10-13T13:36:14.077+0000] {processor.py:839} INFO - DAG(s) dict_keys(['example_branch_labels']) retrieved from /home/airflow/.local/lib/python3.8/site-packages/airflow/example_dags/example_branch_labels.py
[2023-10-13T13:36:14.108+0000] {logging_mixin.py:151} INFO - [2023-10-13T13:36:14.107+0000] {dag.py:2941} INFO - Sync 1 DAGs
[2023-10-13T13:36:14.139+0000] {logging_mixin.py:151} INFO - [2023-10-13T13:36:14.138+0000] {dag.py:3722} INFO - Setting next_dagrun for example_branch_labels to 2023-10-12T00:00:00+00:00, run_after=2023-10-13T00:00:00+00:00
[2023-10-13T13:36:14.168+0000] {processor.py:179} INFO - Processing /home/airflow/.local/lib/python3.8/site-packages/airflow/example_dags/example_branch_labels.py took 0.113 seconds
