[2023-10-13T13:19:53.094+0000] {processor.py:157} INFO - Started process (PID=80) to work on /home/airflow/.local/lib/python3.8/site-packages/airflow/example_dags/example_branch_datetime_operator.py
[2023-10-13T13:19:53.096+0000] {processor.py:829} INFO - Processing file /home/airflow/.local/lib/python3.8/site-packages/airflow/example_dags/example_branch_datetime_operator.py for tasks to queue
[2023-10-13T13:19:53.099+0000] {logging_mixin.py:151} INFO - [2023-10-13T13:19:53.099+0000] {dagbag.py:536} INFO - Filling up the DagBag from /home/airflow/.local/lib/python3.8/site-packages/airflow/example_dags/example_branch_datetime_operator.py
[2023-10-13T13:19:53.125+0000] {processor.py:839} INFO - DAG(s) dict_keys(['example_branch_datetime_operator', 'example_branch_datetime_operator_3', 'example_branch_datetime_operator_2']) retrieved from /home/airflow/.local/lib/python3.8/site-packages/airflow/example_dags/example_branch_datetime_operator.py
[2023-10-13T13:19:53.189+0000] {logging_mixin.py:151} INFO - [2023-10-13T13:19:53.189+0000] {dag.py:2941} INFO - Sync 3 DAGs
[2023-10-13T13:19:53.450+0000] {logging_mixin.py:151} INFO - [2023-10-13T13:19:53.441+0000] {dag.py:3722} INFO - Setting next_dagrun for example_branch_datetime_operator to 2023-10-12T00:00:00+00:00, run_after=2023-10-13T00:00:00+00:00
[2023-10-13T13:19:53.561+0000] {logging_mixin.py:151} INFO - [2023-10-13T13:19:53.559+0000] {dag.py:3722} INFO - Setting next_dagrun for example_branch_datetime_operator_2 to 2023-10-12T00:00:00+00:00, run_after=2023-10-13T00:00:00+00:00
[2023-10-13T13:19:53.574+0000] {logging_mixin.py:151} INFO - [2023-10-13T13:19:53.572+0000] {dag.py:3722} INFO - Setting next_dagrun for example_branch_datetime_operator_3 to 2023-10-12T00:00:00+00:00, run_after=2023-10-13T00:00:00+00:00
[2023-10-13T13:19:53.675+0000] {processor.py:179} INFO - Processing /home/airflow/.local/lib/python3.8/site-packages/airflow/example_dags/example_branch_datetime_operator.py took 0.586 seconds
[2023-10-13T13:20:25.458+0000] {processor.py:157} INFO - Started process (PID=134) to work on /home/airflow/.local/lib/python3.8/site-packages/airflow/example_dags/example_branch_datetime_operator.py
[2023-10-13T13:20:25.561+0000] {processor.py:829} INFO - Processing file /home/airflow/.local/lib/python3.8/site-packages/airflow/example_dags/example_branch_datetime_operator.py for tasks to queue
[2023-10-13T13:20:25.566+0000] {logging_mixin.py:151} INFO - [2023-10-13T13:20:25.565+0000] {dagbag.py:536} INFO - Filling up the DagBag from /home/airflow/.local/lib/python3.8/site-packages/airflow/example_dags/example_branch_datetime_operator.py
[2023-10-13T13:20:25.809+0000] {processor.py:839} INFO - DAG(s) dict_keys(['example_branch_datetime_operator', 'example_branch_datetime_operator_3', 'example_branch_datetime_operator_2']) retrieved from /home/airflow/.local/lib/python3.8/site-packages/airflow/example_dags/example_branch_datetime_operator.py
[2023-10-13T13:20:25.844+0000] {logging_mixin.py:151} INFO - [2023-10-13T13:20:25.844+0000] {dag.py:2941} INFO - Sync 3 DAGs
[2023-10-13T13:20:25.874+0000] {logging_mixin.py:151} INFO - [2023-10-13T13:20:25.873+0000] {dag.py:3722} INFO - Setting next_dagrun for example_branch_datetime_operator to 2023-10-12T00:00:00+00:00, run_after=2023-10-13T00:00:00+00:00
[2023-10-13T13:20:25.881+0000] {logging_mixin.py:151} INFO - [2023-10-13T13:20:25.881+0000] {dag.py:3722} INFO - Setting next_dagrun for example_branch_datetime_operator_2 to 2023-10-12T00:00:00+00:00, run_after=2023-10-13T00:00:00+00:00
[2023-10-13T13:20:25.886+0000] {logging_mixin.py:151} INFO - [2023-10-13T13:20:25.886+0000] {dag.py:3722} INFO - Setting next_dagrun for example_branch_datetime_operator_3 to 2023-10-12T00:00:00+00:00, run_after=2023-10-13T00:00:00+00:00
[2023-10-13T13:20:26.609+0000] {processor.py:179} INFO - Processing /home/airflow/.local/lib/python3.8/site-packages/airflow/example_dags/example_branch_datetime_operator.py took 1.154 seconds
[2023-10-13T13:20:56.671+0000] {processor.py:157} INFO - Started process (PID=188) to work on /home/airflow/.local/lib/python3.8/site-packages/airflow/example_dags/example_branch_datetime_operator.py
[2023-10-13T13:20:56.673+0000] {processor.py:829} INFO - Processing file /home/airflow/.local/lib/python3.8/site-packages/airflow/example_dags/example_branch_datetime_operator.py for tasks to queue
[2023-10-13T13:20:56.676+0000] {logging_mixin.py:151} INFO - [2023-10-13T13:20:56.676+0000] {dagbag.py:536} INFO - Filling up the DagBag from /home/airflow/.local/lib/python3.8/site-packages/airflow/example_dags/example_branch_datetime_operator.py
[2023-10-13T13:20:56.688+0000] {processor.py:839} INFO - DAG(s) dict_keys(['example_branch_datetime_operator_3', 'example_branch_datetime_operator_2', 'example_branch_datetime_operator']) retrieved from /home/airflow/.local/lib/python3.8/site-packages/airflow/example_dags/example_branch_datetime_operator.py
[2023-10-13T13:20:56.730+0000] {logging_mixin.py:151} INFO - [2023-10-13T13:20:56.730+0000] {dag.py:2941} INFO - Sync 3 DAGs
[2023-10-13T13:20:56.764+0000] {logging_mixin.py:151} INFO - [2023-10-13T13:20:56.764+0000] {dag.py:3722} INFO - Setting next_dagrun for example_branch_datetime_operator to 2023-10-12T00:00:00+00:00, run_after=2023-10-13T00:00:00+00:00
[2023-10-13T13:20:56.771+0000] {logging_mixin.py:151} INFO - [2023-10-13T13:20:56.771+0000] {dag.py:3722} INFO - Setting next_dagrun for example_branch_datetime_operator_2 to 2023-10-12T00:00:00+00:00, run_after=2023-10-13T00:00:00+00:00
[2023-10-13T13:20:56.776+0000] {logging_mixin.py:151} INFO - [2023-10-13T13:20:56.776+0000] {dag.py:3722} INFO - Setting next_dagrun for example_branch_datetime_operator_3 to 2023-10-12T00:00:00+00:00, run_after=2023-10-13T00:00:00+00:00
[2023-10-13T13:20:56.804+0000] {processor.py:179} INFO - Processing /home/airflow/.local/lib/python3.8/site-packages/airflow/example_dags/example_branch_datetime_operator.py took 0.136 seconds
[2023-10-13T13:21:26.939+0000] {processor.py:157} INFO - Started process (PID=242) to work on /home/airflow/.local/lib/python3.8/site-packages/airflow/example_dags/example_branch_datetime_operator.py
[2023-10-13T13:21:26.941+0000] {processor.py:829} INFO - Processing file /home/airflow/.local/lib/python3.8/site-packages/airflow/example_dags/example_branch_datetime_operator.py for tasks to queue
[2023-10-13T13:21:26.944+0000] {logging_mixin.py:151} INFO - [2023-10-13T13:21:26.944+0000] {dagbag.py:536} INFO - Filling up the DagBag from /home/airflow/.local/lib/python3.8/site-packages/airflow/example_dags/example_branch_datetime_operator.py
[2023-10-13T13:21:26.957+0000] {processor.py:839} INFO - DAG(s) dict_keys(['example_branch_datetime_operator', 'example_branch_datetime_operator_2', 'example_branch_datetime_operator_3']) retrieved from /home/airflow/.local/lib/python3.8/site-packages/airflow/example_dags/example_branch_datetime_operator.py
[2023-10-13T13:21:26.996+0000] {logging_mixin.py:151} INFO - [2023-10-13T13:21:26.996+0000] {dag.py:2941} INFO - Sync 3 DAGs
[2023-10-13T13:21:27.028+0000] {logging_mixin.py:151} INFO - [2023-10-13T13:21:27.028+0000] {dag.py:3722} INFO - Setting next_dagrun for example_branch_datetime_operator to 2023-10-12T00:00:00+00:00, run_after=2023-10-13T00:00:00+00:00
[2023-10-13T13:21:27.036+0000] {logging_mixin.py:151} INFO - [2023-10-13T13:21:27.036+0000] {dag.py:3722} INFO - Setting next_dagrun for example_branch_datetime_operator_2 to 2023-10-12T00:00:00+00:00, run_after=2023-10-13T00:00:00+00:00
[2023-10-13T13:21:27.040+0000] {logging_mixin.py:151} INFO - [2023-10-13T13:21:27.040+0000] {dag.py:3722} INFO - Setting next_dagrun for example_branch_datetime_operator_3 to 2023-10-12T00:00:00+00:00, run_after=2023-10-13T00:00:00+00:00
[2023-10-13T13:21:27.071+0000] {processor.py:179} INFO - Processing /home/airflow/.local/lib/python3.8/site-packages/airflow/example_dags/example_branch_datetime_operator.py took 0.136 seconds
[2023-10-13T13:21:57.625+0000] {processor.py:157} INFO - Started process (PID=296) to work on /home/airflow/.local/lib/python3.8/site-packages/airflow/example_dags/example_branch_datetime_operator.py
[2023-10-13T13:21:57.628+0000] {processor.py:829} INFO - Processing file /home/airflow/.local/lib/python3.8/site-packages/airflow/example_dags/example_branch_datetime_operator.py for tasks to queue
[2023-10-13T13:21:57.633+0000] {logging_mixin.py:151} INFO - [2023-10-13T13:21:57.632+0000] {dagbag.py:536} INFO - Filling up the DagBag from /home/airflow/.local/lib/python3.8/site-packages/airflow/example_dags/example_branch_datetime_operator.py
[2023-10-13T13:21:57.653+0000] {processor.py:839} INFO - DAG(s) dict_keys(['example_branch_datetime_operator_3', 'example_branch_datetime_operator', 'example_branch_datetime_operator_2']) retrieved from /home/airflow/.local/lib/python3.8/site-packages/airflow/example_dags/example_branch_datetime_operator.py
[2023-10-13T13:21:57.702+0000] {logging_mixin.py:151} INFO - [2023-10-13T13:21:57.702+0000] {dag.py:2941} INFO - Sync 3 DAGs
[2023-10-13T13:21:57.734+0000] {logging_mixin.py:151} INFO - [2023-10-13T13:21:57.733+0000] {dag.py:3722} INFO - Setting next_dagrun for example_branch_datetime_operator to 2023-10-12T00:00:00+00:00, run_after=2023-10-13T00:00:00+00:00
[2023-10-13T13:21:57.741+0000] {logging_mixin.py:151} INFO - [2023-10-13T13:21:57.741+0000] {dag.py:3722} INFO - Setting next_dagrun for example_branch_datetime_operator_2 to 2023-10-12T00:00:00+00:00, run_after=2023-10-13T00:00:00+00:00
[2023-10-13T13:21:57.746+0000] {logging_mixin.py:151} INFO - [2023-10-13T13:21:57.745+0000] {dag.py:3722} INFO - Setting next_dagrun for example_branch_datetime_operator_3 to 2023-10-12T00:00:00+00:00, run_after=2023-10-13T00:00:00+00:00
[2023-10-13T13:21:57.774+0000] {processor.py:179} INFO - Processing /home/airflow/.local/lib/python3.8/site-packages/airflow/example_dags/example_branch_datetime_operator.py took 0.154 seconds
[2023-10-13T13:22:28.548+0000] {processor.py:157} INFO - Started process (PID=350) to work on /home/airflow/.local/lib/python3.8/site-packages/airflow/example_dags/example_branch_datetime_operator.py
[2023-10-13T13:22:28.550+0000] {processor.py:829} INFO - Processing file /home/airflow/.local/lib/python3.8/site-packages/airflow/example_dags/example_branch_datetime_operator.py for tasks to queue
[2023-10-13T13:22:28.554+0000] {logging_mixin.py:151} INFO - [2023-10-13T13:22:28.553+0000] {dagbag.py:536} INFO - Filling up the DagBag from /home/airflow/.local/lib/python3.8/site-packages/airflow/example_dags/example_branch_datetime_operator.py
[2023-10-13T13:22:28.569+0000] {processor.py:839} INFO - DAG(s) dict_keys(['example_branch_datetime_operator_2', 'example_branch_datetime_operator', 'example_branch_datetime_operator_3']) retrieved from /home/airflow/.local/lib/python3.8/site-packages/airflow/example_dags/example_branch_datetime_operator.py
[2023-10-13T13:22:28.611+0000] {logging_mixin.py:151} INFO - [2023-10-13T13:22:28.611+0000] {dag.py:2941} INFO - Sync 3 DAGs
[2023-10-13T13:22:28.639+0000] {logging_mixin.py:151} INFO - [2023-10-13T13:22:28.639+0000] {dag.py:3722} INFO - Setting next_dagrun for example_branch_datetime_operator to 2023-10-12T00:00:00+00:00, run_after=2023-10-13T00:00:00+00:00
[2023-10-13T13:22:28.647+0000] {logging_mixin.py:151} INFO - [2023-10-13T13:22:28.647+0000] {dag.py:3722} INFO - Setting next_dagrun for example_branch_datetime_operator_2 to 2023-10-12T00:00:00+00:00, run_after=2023-10-13T00:00:00+00:00
[2023-10-13T13:22:28.652+0000] {logging_mixin.py:151} INFO - [2023-10-13T13:22:28.651+0000] {dag.py:3722} INFO - Setting next_dagrun for example_branch_datetime_operator_3 to 2023-10-12T00:00:00+00:00, run_after=2023-10-13T00:00:00+00:00
[2023-10-13T13:22:28.678+0000] {processor.py:179} INFO - Processing /home/airflow/.local/lib/python3.8/site-packages/airflow/example_dags/example_branch_datetime_operator.py took 0.135 seconds
[2023-10-13T13:22:59.357+0000] {processor.py:157} INFO - Started process (PID=404) to work on /home/airflow/.local/lib/python3.8/site-packages/airflow/example_dags/example_branch_datetime_operator.py
[2023-10-13T13:22:59.359+0000] {processor.py:829} INFO - Processing file /home/airflow/.local/lib/python3.8/site-packages/airflow/example_dags/example_branch_datetime_operator.py for tasks to queue
[2023-10-13T13:22:59.362+0000] {logging_mixin.py:151} INFO - [2023-10-13T13:22:59.362+0000] {dagbag.py:536} INFO - Filling up the DagBag from /home/airflow/.local/lib/python3.8/site-packages/airflow/example_dags/example_branch_datetime_operator.py
[2023-10-13T13:22:59.375+0000] {processor.py:839} INFO - DAG(s) dict_keys(['example_branch_datetime_operator_3', 'example_branch_datetime_operator_2', 'example_branch_datetime_operator']) retrieved from /home/airflow/.local/lib/python3.8/site-packages/airflow/example_dags/example_branch_datetime_operator.py
[2023-10-13T13:22:59.416+0000] {logging_mixin.py:151} INFO - [2023-10-13T13:22:59.416+0000] {dag.py:2941} INFO - Sync 3 DAGs
[2023-10-13T13:22:59.446+0000] {logging_mixin.py:151} INFO - [2023-10-13T13:22:59.445+0000] {dag.py:3722} INFO - Setting next_dagrun for example_branch_datetime_operator to 2023-10-12T00:00:00+00:00, run_after=2023-10-13T00:00:00+00:00
[2023-10-13T13:22:59.453+0000] {logging_mixin.py:151} INFO - [2023-10-13T13:22:59.452+0000] {dag.py:3722} INFO - Setting next_dagrun for example_branch_datetime_operator_2 to 2023-10-12T00:00:00+00:00, run_after=2023-10-13T00:00:00+00:00
[2023-10-13T13:22:59.458+0000] {logging_mixin.py:151} INFO - [2023-10-13T13:22:59.457+0000] {dag.py:3722} INFO - Setting next_dagrun for example_branch_datetime_operator_3 to 2023-10-12T00:00:00+00:00, run_after=2023-10-13T00:00:00+00:00
[2023-10-13T13:22:59.487+0000] {processor.py:179} INFO - Processing /home/airflow/.local/lib/python3.8/site-packages/airflow/example_dags/example_branch_datetime_operator.py took 0.134 seconds
[2023-10-13T13:23:29.868+0000] {processor.py:157} INFO - Started process (PID=458) to work on /home/airflow/.local/lib/python3.8/site-packages/airflow/example_dags/example_branch_datetime_operator.py
[2023-10-13T13:23:29.871+0000] {processor.py:829} INFO - Processing file /home/airflow/.local/lib/python3.8/site-packages/airflow/example_dags/example_branch_datetime_operator.py for tasks to queue
[2023-10-13T13:23:29.874+0000] {logging_mixin.py:151} INFO - [2023-10-13T13:23:29.874+0000] {dagbag.py:536} INFO - Filling up the DagBag from /home/airflow/.local/lib/python3.8/site-packages/airflow/example_dags/example_branch_datetime_operator.py
[2023-10-13T13:23:29.886+0000] {processor.py:839} INFO - DAG(s) dict_keys(['example_branch_datetime_operator_2', 'example_branch_datetime_operator_3', 'example_branch_datetime_operator']) retrieved from /home/airflow/.local/lib/python3.8/site-packages/airflow/example_dags/example_branch_datetime_operator.py
[2023-10-13T13:23:29.926+0000] {logging_mixin.py:151} INFO - [2023-10-13T13:23:29.925+0000] {dag.py:2941} INFO - Sync 3 DAGs
[2023-10-13T13:23:29.955+0000] {logging_mixin.py:151} INFO - [2023-10-13T13:23:29.954+0000] {dag.py:3722} INFO - Setting next_dagrun for example_branch_datetime_operator to 2023-10-12T00:00:00+00:00, run_after=2023-10-13T00:00:00+00:00
[2023-10-13T13:23:29.962+0000] {logging_mixin.py:151} INFO - [2023-10-13T13:23:29.962+0000] {dag.py:3722} INFO - Setting next_dagrun for example_branch_datetime_operator_2 to 2023-10-12T00:00:00+00:00, run_after=2023-10-13T00:00:00+00:00
[2023-10-13T13:23:29.967+0000] {logging_mixin.py:151} INFO - [2023-10-13T13:23:29.966+0000] {dag.py:3722} INFO - Setting next_dagrun for example_branch_datetime_operator_3 to 2023-10-12T00:00:00+00:00, run_after=2023-10-13T00:00:00+00:00
[2023-10-13T13:23:29.996+0000] {processor.py:179} INFO - Processing /home/airflow/.local/lib/python3.8/site-packages/airflow/example_dags/example_branch_datetime_operator.py took 0.132 seconds
[2023-10-13T13:24:00.406+0000] {processor.py:157} INFO - Started process (PID=512) to work on /home/airflow/.local/lib/python3.8/site-packages/airflow/example_dags/example_branch_datetime_operator.py
[2023-10-13T13:24:00.407+0000] {processor.py:829} INFO - Processing file /home/airflow/.local/lib/python3.8/site-packages/airflow/example_dags/example_branch_datetime_operator.py for tasks to queue
[2023-10-13T13:24:00.412+0000] {logging_mixin.py:151} INFO - [2023-10-13T13:24:00.411+0000] {dagbag.py:536} INFO - Filling up the DagBag from /home/airflow/.local/lib/python3.8/site-packages/airflow/example_dags/example_branch_datetime_operator.py
[2023-10-13T13:24:00.425+0000] {processor.py:839} INFO - DAG(s) dict_keys(['example_branch_datetime_operator_2', 'example_branch_datetime_operator_3', 'example_branch_datetime_operator']) retrieved from /home/airflow/.local/lib/python3.8/site-packages/airflow/example_dags/example_branch_datetime_operator.py
[2023-10-13T13:24:00.463+0000] {logging_mixin.py:151} INFO - [2023-10-13T13:24:00.463+0000] {dag.py:2941} INFO - Sync 3 DAGs
[2023-10-13T13:24:00.498+0000] {logging_mixin.py:151} INFO - [2023-10-13T13:24:00.497+0000] {dag.py:3722} INFO - Setting next_dagrun for example_branch_datetime_operator to 2023-10-12T00:00:00+00:00, run_after=2023-10-13T00:00:00+00:00
[2023-10-13T13:24:00.506+0000] {logging_mixin.py:151} INFO - [2023-10-13T13:24:00.505+0000] {dag.py:3722} INFO - Setting next_dagrun for example_branch_datetime_operator_2 to 2023-10-12T00:00:00+00:00, run_after=2023-10-13T00:00:00+00:00
[2023-10-13T13:24:00.510+0000] {logging_mixin.py:151} INFO - [2023-10-13T13:24:00.510+0000] {dag.py:3722} INFO - Setting next_dagrun for example_branch_datetime_operator_3 to 2023-10-12T00:00:00+00:00, run_after=2023-10-13T00:00:00+00:00
[2023-10-13T13:24:00.538+0000] {processor.py:179} INFO - Processing /home/airflow/.local/lib/python3.8/site-packages/airflow/example_dags/example_branch_datetime_operator.py took 0.137 seconds
[2023-10-13T13:24:30.723+0000] {processor.py:157} INFO - Started process (PID=566) to work on /home/airflow/.local/lib/python3.8/site-packages/airflow/example_dags/example_branch_datetime_operator.py
[2023-10-13T13:24:30.725+0000] {processor.py:829} INFO - Processing file /home/airflow/.local/lib/python3.8/site-packages/airflow/example_dags/example_branch_datetime_operator.py for tasks to queue
[2023-10-13T13:24:30.729+0000] {logging_mixin.py:151} INFO - [2023-10-13T13:24:30.728+0000] {dagbag.py:536} INFO - Filling up the DagBag from /home/airflow/.local/lib/python3.8/site-packages/airflow/example_dags/example_branch_datetime_operator.py
[2023-10-13T13:24:30.741+0000] {processor.py:839} INFO - DAG(s) dict_keys(['example_branch_datetime_operator_2', 'example_branch_datetime_operator_3', 'example_branch_datetime_operator']) retrieved from /home/airflow/.local/lib/python3.8/site-packages/airflow/example_dags/example_branch_datetime_operator.py
[2023-10-13T13:24:30.782+0000] {logging_mixin.py:151} INFO - [2023-10-13T13:24:30.781+0000] {dag.py:2941} INFO - Sync 3 DAGs
[2023-10-13T13:24:30.815+0000] {logging_mixin.py:151} INFO - [2023-10-13T13:24:30.815+0000] {dag.py:3722} INFO - Setting next_dagrun for example_branch_datetime_operator to 2023-10-12T00:00:00+00:00, run_after=2023-10-13T00:00:00+00:00
[2023-10-13T13:24:30.822+0000] {logging_mixin.py:151} INFO - [2023-10-13T13:24:30.822+0000] {dag.py:3722} INFO - Setting next_dagrun for example_branch_datetime_operator_2 to 2023-10-12T00:00:00+00:00, run_after=2023-10-13T00:00:00+00:00
[2023-10-13T13:24:30.827+0000] {logging_mixin.py:151} INFO - [2023-10-13T13:24:30.827+0000] {dag.py:3722} INFO - Setting next_dagrun for example_branch_datetime_operator_3 to 2023-10-12T00:00:00+00:00, run_after=2023-10-13T00:00:00+00:00
[2023-10-13T13:24:30.855+0000] {processor.py:179} INFO - Processing /home/airflow/.local/lib/python3.8/site-packages/airflow/example_dags/example_branch_datetime_operator.py took 0.136 seconds
[2023-10-13T13:25:01.279+0000] {processor.py:157} INFO - Started process (PID=620) to work on /home/airflow/.local/lib/python3.8/site-packages/airflow/example_dags/example_branch_datetime_operator.py
[2023-10-13T13:25:01.281+0000] {processor.py:829} INFO - Processing file /home/airflow/.local/lib/python3.8/site-packages/airflow/example_dags/example_branch_datetime_operator.py for tasks to queue
[2023-10-13T13:25:01.285+0000] {logging_mixin.py:151} INFO - [2023-10-13T13:25:01.285+0000] {dagbag.py:536} INFO - Filling up the DagBag from /home/airflow/.local/lib/python3.8/site-packages/airflow/example_dags/example_branch_datetime_operator.py
[2023-10-13T13:25:01.301+0000] {processor.py:839} INFO - DAG(s) dict_keys(['example_branch_datetime_operator_3', 'example_branch_datetime_operator_2', 'example_branch_datetime_operator']) retrieved from /home/airflow/.local/lib/python3.8/site-packages/airflow/example_dags/example_branch_datetime_operator.py
[2023-10-13T13:25:01.346+0000] {logging_mixin.py:151} INFO - [2023-10-13T13:25:01.346+0000] {dag.py:2941} INFO - Sync 3 DAGs
[2023-10-13T13:25:01.379+0000] {logging_mixin.py:151} INFO - [2023-10-13T13:25:01.378+0000] {dag.py:3722} INFO - Setting next_dagrun for example_branch_datetime_operator to 2023-10-12T00:00:00+00:00, run_after=2023-10-13T00:00:00+00:00
[2023-10-13T13:25:01.386+0000] {logging_mixin.py:151} INFO - [2023-10-13T13:25:01.386+0000] {dag.py:3722} INFO - Setting next_dagrun for example_branch_datetime_operator_2 to 2023-10-12T00:00:00+00:00, run_after=2023-10-13T00:00:00+00:00
[2023-10-13T13:25:01.391+0000] {logging_mixin.py:151} INFO - [2023-10-13T13:25:01.391+0000] {dag.py:3722} INFO - Setting next_dagrun for example_branch_datetime_operator_3 to 2023-10-12T00:00:00+00:00, run_after=2023-10-13T00:00:00+00:00
[2023-10-13T13:25:01.419+0000] {processor.py:179} INFO - Processing /home/airflow/.local/lib/python3.8/site-packages/airflow/example_dags/example_branch_datetime_operator.py took 0.145 seconds
[2023-10-13T13:25:31.694+0000] {processor.py:157} INFO - Started process (PID=674) to work on /home/airflow/.local/lib/python3.8/site-packages/airflow/example_dags/example_branch_datetime_operator.py
[2023-10-13T13:25:31.697+0000] {processor.py:829} INFO - Processing file /home/airflow/.local/lib/python3.8/site-packages/airflow/example_dags/example_branch_datetime_operator.py for tasks to queue
[2023-10-13T13:25:31.701+0000] {logging_mixin.py:151} INFO - [2023-10-13T13:25:31.700+0000] {dagbag.py:536} INFO - Filling up the DagBag from /home/airflow/.local/lib/python3.8/site-packages/airflow/example_dags/example_branch_datetime_operator.py
[2023-10-13T13:25:31.716+0000] {processor.py:839} INFO - DAG(s) dict_keys(['example_branch_datetime_operator_3', 'example_branch_datetime_operator_2', 'example_branch_datetime_operator']) retrieved from /home/airflow/.local/lib/python3.8/site-packages/airflow/example_dags/example_branch_datetime_operator.py
[2023-10-13T13:25:31.762+0000] {logging_mixin.py:151} INFO - [2023-10-13T13:25:31.762+0000] {dag.py:2941} INFO - Sync 3 DAGs
[2023-10-13T13:25:31.804+0000] {logging_mixin.py:151} INFO - [2023-10-13T13:25:31.802+0000] {dag.py:3722} INFO - Setting next_dagrun for example_branch_datetime_operator to 2023-10-12T00:00:00+00:00, run_after=2023-10-13T00:00:00+00:00
[2023-10-13T13:25:31.814+0000] {logging_mixin.py:151} INFO - [2023-10-13T13:25:31.814+0000] {dag.py:3722} INFO - Setting next_dagrun for example_branch_datetime_operator_2 to 2023-10-12T00:00:00+00:00, run_after=2023-10-13T00:00:00+00:00
[2023-10-13T13:25:31.821+0000] {logging_mixin.py:151} INFO - [2023-10-13T13:25:31.820+0000] {dag.py:3722} INFO - Setting next_dagrun for example_branch_datetime_operator_3 to 2023-10-12T00:00:00+00:00, run_after=2023-10-13T00:00:00+00:00
[2023-10-13T13:25:31.849+0000] {processor.py:179} INFO - Processing /home/airflow/.local/lib/python3.8/site-packages/airflow/example_dags/example_branch_datetime_operator.py took 0.158 seconds
[2023-10-13T13:26:02.470+0000] {processor.py:157} INFO - Started process (PID=728) to work on /home/airflow/.local/lib/python3.8/site-packages/airflow/example_dags/example_branch_datetime_operator.py
[2023-10-13T13:26:02.472+0000] {processor.py:829} INFO - Processing file /home/airflow/.local/lib/python3.8/site-packages/airflow/example_dags/example_branch_datetime_operator.py for tasks to queue
[2023-10-13T13:26:02.475+0000] {logging_mixin.py:151} INFO - [2023-10-13T13:26:02.475+0000] {dagbag.py:536} INFO - Filling up the DagBag from /home/airflow/.local/lib/python3.8/site-packages/airflow/example_dags/example_branch_datetime_operator.py
[2023-10-13T13:26:02.489+0000] {processor.py:839} INFO - DAG(s) dict_keys(['example_branch_datetime_operator_2', 'example_branch_datetime_operator', 'example_branch_datetime_operator_3']) retrieved from /home/airflow/.local/lib/python3.8/site-packages/airflow/example_dags/example_branch_datetime_operator.py
[2023-10-13T13:26:02.537+0000] {logging_mixin.py:151} INFO - [2023-10-13T13:26:02.536+0000] {dag.py:2941} INFO - Sync 3 DAGs
[2023-10-13T13:26:02.568+0000] {logging_mixin.py:151} INFO - [2023-10-13T13:26:02.568+0000] {dag.py:3722} INFO - Setting next_dagrun for example_branch_datetime_operator to 2023-10-12T00:00:00+00:00, run_after=2023-10-13T00:00:00+00:00
[2023-10-13T13:26:02.576+0000] {logging_mixin.py:151} INFO - [2023-10-13T13:26:02.576+0000] {dag.py:3722} INFO - Setting next_dagrun for example_branch_datetime_operator_2 to 2023-10-12T00:00:00+00:00, run_after=2023-10-13T00:00:00+00:00
[2023-10-13T13:26:02.581+0000] {logging_mixin.py:151} INFO - [2023-10-13T13:26:02.581+0000] {dag.py:3722} INFO - Setting next_dagrun for example_branch_datetime_operator_3 to 2023-10-12T00:00:00+00:00, run_after=2023-10-13T00:00:00+00:00
[2023-10-13T13:26:02.628+0000] {processor.py:179} INFO - Processing /home/airflow/.local/lib/python3.8/site-packages/airflow/example_dags/example_branch_datetime_operator.py took 0.163 seconds
[2023-10-13T13:26:33.478+0000] {processor.py:157} INFO - Started process (PID=782) to work on /home/airflow/.local/lib/python3.8/site-packages/airflow/example_dags/example_branch_datetime_operator.py
[2023-10-13T13:26:33.480+0000] {processor.py:829} INFO - Processing file /home/airflow/.local/lib/python3.8/site-packages/airflow/example_dags/example_branch_datetime_operator.py for tasks to queue
[2023-10-13T13:26:33.484+0000] {logging_mixin.py:151} INFO - [2023-10-13T13:26:33.484+0000] {dagbag.py:536} INFO - Filling up the DagBag from /home/airflow/.local/lib/python3.8/site-packages/airflow/example_dags/example_branch_datetime_operator.py
[2023-10-13T13:26:33.497+0000] {processor.py:839} INFO - DAG(s) dict_keys(['example_branch_datetime_operator_2', 'example_branch_datetime_operator', 'example_branch_datetime_operator_3']) retrieved from /home/airflow/.local/lib/python3.8/site-packages/airflow/example_dags/example_branch_datetime_operator.py
[2023-10-13T13:26:33.541+0000] {logging_mixin.py:151} INFO - [2023-10-13T13:26:33.540+0000] {dag.py:2941} INFO - Sync 3 DAGs
[2023-10-13T13:26:33.574+0000] {logging_mixin.py:151} INFO - [2023-10-13T13:26:33.573+0000] {dag.py:3722} INFO - Setting next_dagrun for example_branch_datetime_operator to 2023-10-12T00:00:00+00:00, run_after=2023-10-13T00:00:00+00:00
[2023-10-13T13:26:33.582+0000] {logging_mixin.py:151} INFO - [2023-10-13T13:26:33.581+0000] {dag.py:3722} INFO - Setting next_dagrun for example_branch_datetime_operator_2 to 2023-10-12T00:00:00+00:00, run_after=2023-10-13T00:00:00+00:00
[2023-10-13T13:26:33.586+0000] {logging_mixin.py:151} INFO - [2023-10-13T13:26:33.586+0000] {dag.py:3722} INFO - Setting next_dagrun for example_branch_datetime_operator_3 to 2023-10-12T00:00:00+00:00, run_after=2023-10-13T00:00:00+00:00
[2023-10-13T13:26:33.614+0000] {processor.py:179} INFO - Processing /home/airflow/.local/lib/python3.8/site-packages/airflow/example_dags/example_branch_datetime_operator.py took 0.139 seconds
[2023-10-13T13:27:03.951+0000] {processor.py:157} INFO - Started process (PID=836) to work on /home/airflow/.local/lib/python3.8/site-packages/airflow/example_dags/example_branch_datetime_operator.py
[2023-10-13T13:27:03.953+0000] {processor.py:829} INFO - Processing file /home/airflow/.local/lib/python3.8/site-packages/airflow/example_dags/example_branch_datetime_operator.py for tasks to queue
[2023-10-13T13:27:03.958+0000] {logging_mixin.py:151} INFO - [2023-10-13T13:27:03.957+0000] {dagbag.py:536} INFO - Filling up the DagBag from /home/airflow/.local/lib/python3.8/site-packages/airflow/example_dags/example_branch_datetime_operator.py
[2023-10-13T13:27:03.974+0000] {processor.py:839} INFO - DAG(s) dict_keys(['example_branch_datetime_operator_2', 'example_branch_datetime_operator', 'example_branch_datetime_operator_3']) retrieved from /home/airflow/.local/lib/python3.8/site-packages/airflow/example_dags/example_branch_datetime_operator.py
[2023-10-13T13:27:04.017+0000] {logging_mixin.py:151} INFO - [2023-10-13T13:27:04.016+0000] {dag.py:2941} INFO - Sync 3 DAGs
[2023-10-13T13:27:04.051+0000] {logging_mixin.py:151} INFO - [2023-10-13T13:27:04.050+0000] {dag.py:3722} INFO - Setting next_dagrun for example_branch_datetime_operator to 2023-10-12T00:00:00+00:00, run_after=2023-10-13T00:00:00+00:00
[2023-10-13T13:27:04.057+0000] {logging_mixin.py:151} INFO - [2023-10-13T13:27:04.057+0000] {dag.py:3722} INFO - Setting next_dagrun for example_branch_datetime_operator_2 to 2023-10-12T00:00:00+00:00, run_after=2023-10-13T00:00:00+00:00
[2023-10-13T13:27:04.062+0000] {logging_mixin.py:151} INFO - [2023-10-13T13:27:04.062+0000] {dag.py:3722} INFO - Setting next_dagrun for example_branch_datetime_operator_3 to 2023-10-12T00:00:00+00:00, run_after=2023-10-13T00:00:00+00:00
[2023-10-13T13:27:04.092+0000] {processor.py:179} INFO - Processing /home/airflow/.local/lib/python3.8/site-packages/airflow/example_dags/example_branch_datetime_operator.py took 0.148 seconds
[2023-10-13T13:27:34.549+0000] {processor.py:157} INFO - Started process (PID=890) to work on /home/airflow/.local/lib/python3.8/site-packages/airflow/example_dags/example_branch_datetime_operator.py
[2023-10-13T13:27:34.552+0000] {processor.py:829} INFO - Processing file /home/airflow/.local/lib/python3.8/site-packages/airflow/example_dags/example_branch_datetime_operator.py for tasks to queue
[2023-10-13T13:27:34.556+0000] {logging_mixin.py:151} INFO - [2023-10-13T13:27:34.555+0000] {dagbag.py:536} INFO - Filling up the DagBag from /home/airflow/.local/lib/python3.8/site-packages/airflow/example_dags/example_branch_datetime_operator.py
[2023-10-13T13:27:34.573+0000] {processor.py:839} INFO - DAG(s) dict_keys(['example_branch_datetime_operator_2', 'example_branch_datetime_operator_3', 'example_branch_datetime_operator']) retrieved from /home/airflow/.local/lib/python3.8/site-packages/airflow/example_dags/example_branch_datetime_operator.py
[2023-10-13T13:27:34.616+0000] {logging_mixin.py:151} INFO - [2023-10-13T13:27:34.616+0000] {dag.py:2941} INFO - Sync 3 DAGs
[2023-10-13T13:27:34.649+0000] {logging_mixin.py:151} INFO - [2023-10-13T13:27:34.649+0000] {dag.py:3722} INFO - Setting next_dagrun for example_branch_datetime_operator to 2023-10-12T00:00:00+00:00, run_after=2023-10-13T00:00:00+00:00
[2023-10-13T13:27:34.656+0000] {logging_mixin.py:151} INFO - [2023-10-13T13:27:34.656+0000] {dag.py:3722} INFO - Setting next_dagrun for example_branch_datetime_operator_2 to 2023-10-12T00:00:00+00:00, run_after=2023-10-13T00:00:00+00:00
[2023-10-13T13:27:34.661+0000] {logging_mixin.py:151} INFO - [2023-10-13T13:27:34.660+0000] {dag.py:3722} INFO - Setting next_dagrun for example_branch_datetime_operator_3 to 2023-10-12T00:00:00+00:00, run_after=2023-10-13T00:00:00+00:00
[2023-10-13T13:27:34.685+0000] {processor.py:179} INFO - Processing /home/airflow/.local/lib/python3.8/site-packages/airflow/example_dags/example_branch_datetime_operator.py took 0.141 seconds
[2023-10-13T13:28:05.403+0000] {processor.py:157} INFO - Started process (PID=944) to work on /home/airflow/.local/lib/python3.8/site-packages/airflow/example_dags/example_branch_datetime_operator.py
[2023-10-13T13:28:05.405+0000] {processor.py:829} INFO - Processing file /home/airflow/.local/lib/python3.8/site-packages/airflow/example_dags/example_branch_datetime_operator.py for tasks to queue
[2023-10-13T13:28:05.408+0000] {logging_mixin.py:151} INFO - [2023-10-13T13:28:05.408+0000] {dagbag.py:536} INFO - Filling up the DagBag from /home/airflow/.local/lib/python3.8/site-packages/airflow/example_dags/example_branch_datetime_operator.py
[2023-10-13T13:28:05.422+0000] {processor.py:839} INFO - DAG(s) dict_keys(['example_branch_datetime_operator', 'example_branch_datetime_operator_3', 'example_branch_datetime_operator_2']) retrieved from /home/airflow/.local/lib/python3.8/site-packages/airflow/example_dags/example_branch_datetime_operator.py
[2023-10-13T13:28:05.464+0000] {logging_mixin.py:151} INFO - [2023-10-13T13:28:05.464+0000] {dag.py:2941} INFO - Sync 3 DAGs
[2023-10-13T13:28:05.495+0000] {logging_mixin.py:151} INFO - [2023-10-13T13:28:05.494+0000] {dag.py:3722} INFO - Setting next_dagrun for example_branch_datetime_operator to 2023-10-12T00:00:00+00:00, run_after=2023-10-13T00:00:00+00:00
[2023-10-13T13:28:05.503+0000] {logging_mixin.py:151} INFO - [2023-10-13T13:28:05.503+0000] {dag.py:3722} INFO - Setting next_dagrun for example_branch_datetime_operator_2 to 2023-10-12T00:00:00+00:00, run_after=2023-10-13T00:00:00+00:00
[2023-10-13T13:28:05.508+0000] {logging_mixin.py:151} INFO - [2023-10-13T13:28:05.508+0000] {dag.py:3722} INFO - Setting next_dagrun for example_branch_datetime_operator_3 to 2023-10-12T00:00:00+00:00, run_after=2023-10-13T00:00:00+00:00
[2023-10-13T13:28:06.090+0000] {processor.py:179} INFO - Processing /home/airflow/.local/lib/python3.8/site-packages/airflow/example_dags/example_branch_datetime_operator.py took 0.690 seconds
[2023-10-13T13:28:36.288+0000] {processor.py:157} INFO - Started process (PID=998) to work on /home/airflow/.local/lib/python3.8/site-packages/airflow/example_dags/example_branch_datetime_operator.py
[2023-10-13T13:28:36.291+0000] {processor.py:829} INFO - Processing file /home/airflow/.local/lib/python3.8/site-packages/airflow/example_dags/example_branch_datetime_operator.py for tasks to queue
[2023-10-13T13:28:36.294+0000] {logging_mixin.py:151} INFO - [2023-10-13T13:28:36.294+0000] {dagbag.py:536} INFO - Filling up the DagBag from /home/airflow/.local/lib/python3.8/site-packages/airflow/example_dags/example_branch_datetime_operator.py
[2023-10-13T13:28:36.307+0000] {processor.py:839} INFO - DAG(s) dict_keys(['example_branch_datetime_operator_3', 'example_branch_datetime_operator_2', 'example_branch_datetime_operator']) retrieved from /home/airflow/.local/lib/python3.8/site-packages/airflow/example_dags/example_branch_datetime_operator.py
[2023-10-13T13:28:36.364+0000] {logging_mixin.py:151} INFO - [2023-10-13T13:28:36.364+0000] {dag.py:2941} INFO - Sync 3 DAGs
[2023-10-13T13:28:36.397+0000] {logging_mixin.py:151} INFO - [2023-10-13T13:28:36.397+0000] {dag.py:3722} INFO - Setting next_dagrun for example_branch_datetime_operator to 2023-10-12T00:00:00+00:00, run_after=2023-10-13T00:00:00+00:00
[2023-10-13T13:28:36.405+0000] {logging_mixin.py:151} INFO - [2023-10-13T13:28:36.405+0000] {dag.py:3722} INFO - Setting next_dagrun for example_branch_datetime_operator_2 to 2023-10-12T00:00:00+00:00, run_after=2023-10-13T00:00:00+00:00
[2023-10-13T13:28:36.410+0000] {logging_mixin.py:151} INFO - [2023-10-13T13:28:36.410+0000] {dag.py:3722} INFO - Setting next_dagrun for example_branch_datetime_operator_3 to 2023-10-12T00:00:00+00:00, run_after=2023-10-13T00:00:00+00:00
[2023-10-13T13:28:36.438+0000] {processor.py:179} INFO - Processing /home/airflow/.local/lib/python3.8/site-packages/airflow/example_dags/example_branch_datetime_operator.py took 0.154 seconds
[2023-10-13T13:29:06.608+0000] {processor.py:157} INFO - Started process (PID=1052) to work on /home/airflow/.local/lib/python3.8/site-packages/airflow/example_dags/example_branch_datetime_operator.py
[2023-10-13T13:29:06.610+0000] {processor.py:829} INFO - Processing file /home/airflow/.local/lib/python3.8/site-packages/airflow/example_dags/example_branch_datetime_operator.py for tasks to queue
[2023-10-13T13:29:06.614+0000] {logging_mixin.py:151} INFO - [2023-10-13T13:29:06.613+0000] {dagbag.py:536} INFO - Filling up the DagBag from /home/airflow/.local/lib/python3.8/site-packages/airflow/example_dags/example_branch_datetime_operator.py
[2023-10-13T13:29:06.630+0000] {processor.py:839} INFO - DAG(s) dict_keys(['example_branch_datetime_operator_2', 'example_branch_datetime_operator', 'example_branch_datetime_operator_3']) retrieved from /home/airflow/.local/lib/python3.8/site-packages/airflow/example_dags/example_branch_datetime_operator.py
[2023-10-13T13:29:06.670+0000] {logging_mixin.py:151} INFO - [2023-10-13T13:29:06.670+0000] {dag.py:2941} INFO - Sync 3 DAGs
[2023-10-13T13:29:06.708+0000] {logging_mixin.py:151} INFO - [2023-10-13T13:29:06.708+0000] {dag.py:3722} INFO - Setting next_dagrun for example_branch_datetime_operator to 2023-10-12T00:00:00+00:00, run_after=2023-10-13T00:00:00+00:00
[2023-10-13T13:29:06.718+0000] {logging_mixin.py:151} INFO - [2023-10-13T13:29:06.718+0000] {dag.py:3722} INFO - Setting next_dagrun for example_branch_datetime_operator_2 to 2023-10-12T00:00:00+00:00, run_after=2023-10-13T00:00:00+00:00
[2023-10-13T13:29:06.724+0000] {logging_mixin.py:151} INFO - [2023-10-13T13:29:06.724+0000] {dag.py:3722} INFO - Setting next_dagrun for example_branch_datetime_operator_3 to 2023-10-12T00:00:00+00:00, run_after=2023-10-13T00:00:00+00:00
[2023-10-13T13:29:06.756+0000] {processor.py:179} INFO - Processing /home/airflow/.local/lib/python3.8/site-packages/airflow/example_dags/example_branch_datetime_operator.py took 0.153 seconds
[2023-10-13T13:29:37.444+0000] {processor.py:157} INFO - Started process (PID=1106) to work on /home/airflow/.local/lib/python3.8/site-packages/airflow/example_dags/example_branch_datetime_operator.py
[2023-10-13T13:29:37.446+0000] {processor.py:829} INFO - Processing file /home/airflow/.local/lib/python3.8/site-packages/airflow/example_dags/example_branch_datetime_operator.py for tasks to queue
[2023-10-13T13:29:37.451+0000] {logging_mixin.py:151} INFO - [2023-10-13T13:29:37.451+0000] {dagbag.py:536} INFO - Filling up the DagBag from /home/airflow/.local/lib/python3.8/site-packages/airflow/example_dags/example_branch_datetime_operator.py
[2023-10-13T13:29:37.471+0000] {processor.py:839} INFO - DAG(s) dict_keys(['example_branch_datetime_operator_3', 'example_branch_datetime_operator', 'example_branch_datetime_operator_2']) retrieved from /home/airflow/.local/lib/python3.8/site-packages/airflow/example_dags/example_branch_datetime_operator.py
[2023-10-13T13:29:37.524+0000] {logging_mixin.py:151} INFO - [2023-10-13T13:29:37.524+0000] {dag.py:2941} INFO - Sync 3 DAGs
[2023-10-13T13:29:37.887+0000] {logging_mixin.py:151} INFO - [2023-10-13T13:29:37.887+0000] {dag.py:3722} INFO - Setting next_dagrun for example_branch_datetime_operator to 2023-10-12T00:00:00+00:00, run_after=2023-10-13T00:00:00+00:00
[2023-10-13T13:29:37.906+0000] {logging_mixin.py:151} INFO - [2023-10-13T13:29:37.905+0000] {dag.py:3722} INFO - Setting next_dagrun for example_branch_datetime_operator_2 to 2023-10-12T00:00:00+00:00, run_after=2023-10-13T00:00:00+00:00
[2023-10-13T13:29:37.912+0000] {logging_mixin.py:151} INFO - [2023-10-13T13:29:37.912+0000] {dag.py:3722} INFO - Setting next_dagrun for example_branch_datetime_operator_3 to 2023-10-12T00:00:00+00:00, run_after=2023-10-13T00:00:00+00:00
[2023-10-13T13:29:37.961+0000] {processor.py:179} INFO - Processing /home/airflow/.local/lib/python3.8/site-packages/airflow/example_dags/example_branch_datetime_operator.py took 0.522 seconds
[2023-10-13T13:30:08.516+0000] {processor.py:157} INFO - Started process (PID=1160) to work on /home/airflow/.local/lib/python3.8/site-packages/airflow/example_dags/example_branch_datetime_operator.py
[2023-10-13T13:30:08.519+0000] {processor.py:829} INFO - Processing file /home/airflow/.local/lib/python3.8/site-packages/airflow/example_dags/example_branch_datetime_operator.py for tasks to queue
[2023-10-13T13:30:08.524+0000] {logging_mixin.py:151} INFO - [2023-10-13T13:30:08.523+0000] {dagbag.py:536} INFO - Filling up the DagBag from /home/airflow/.local/lib/python3.8/site-packages/airflow/example_dags/example_branch_datetime_operator.py
[2023-10-13T13:30:08.557+0000] {processor.py:839} INFO - DAG(s) dict_keys(['example_branch_datetime_operator', 'example_branch_datetime_operator_2', 'example_branch_datetime_operator_3']) retrieved from /home/airflow/.local/lib/python3.8/site-packages/airflow/example_dags/example_branch_datetime_operator.py
[2023-10-13T13:30:08.654+0000] {logging_mixin.py:151} INFO - [2023-10-13T13:30:08.654+0000] {dag.py:2941} INFO - Sync 3 DAGs
[2023-10-13T13:30:08.726+0000] {logging_mixin.py:151} INFO - [2023-10-13T13:30:08.722+0000] {dag.py:3722} INFO - Setting next_dagrun for example_branch_datetime_operator to 2023-10-12T00:00:00+00:00, run_after=2023-10-13T00:00:00+00:00
[2023-10-13T13:30:08.745+0000] {logging_mixin.py:151} INFO - [2023-10-13T13:30:08.744+0000] {dag.py:3722} INFO - Setting next_dagrun for example_branch_datetime_operator_2 to 2023-10-12T00:00:00+00:00, run_after=2023-10-13T00:00:00+00:00
[2023-10-13T13:30:08.754+0000] {logging_mixin.py:151} INFO - [2023-10-13T13:30:08.754+0000] {dag.py:3722} INFO - Setting next_dagrun for example_branch_datetime_operator_3 to 2023-10-12T00:00:00+00:00, run_after=2023-10-13T00:00:00+00:00
[2023-10-13T13:30:08.826+0000] {processor.py:179} INFO - Processing /home/airflow/.local/lib/python3.8/site-packages/airflow/example_dags/example_branch_datetime_operator.py took 0.327 seconds
[2023-10-13T13:30:38.925+0000] {processor.py:157} INFO - Started process (PID=1214) to work on /home/airflow/.local/lib/python3.8/site-packages/airflow/example_dags/example_branch_datetime_operator.py
[2023-10-13T13:30:38.926+0000] {processor.py:829} INFO - Processing file /home/airflow/.local/lib/python3.8/site-packages/airflow/example_dags/example_branch_datetime_operator.py for tasks to queue
[2023-10-13T13:30:38.931+0000] {logging_mixin.py:151} INFO - [2023-10-13T13:30:38.930+0000] {dagbag.py:536} INFO - Filling up the DagBag from /home/airflow/.local/lib/python3.8/site-packages/airflow/example_dags/example_branch_datetime_operator.py
[2023-10-13T13:30:38.948+0000] {processor.py:839} INFO - DAG(s) dict_keys(['example_branch_datetime_operator', 'example_branch_datetime_operator_3', 'example_branch_datetime_operator_2']) retrieved from /home/airflow/.local/lib/python3.8/site-packages/airflow/example_dags/example_branch_datetime_operator.py
[2023-10-13T13:30:39.004+0000] {logging_mixin.py:151} INFO - [2023-10-13T13:30:39.003+0000] {dag.py:2941} INFO - Sync 3 DAGs
[2023-10-13T13:30:39.049+0000] {logging_mixin.py:151} INFO - [2023-10-13T13:30:39.049+0000] {dag.py:3722} INFO - Setting next_dagrun for example_branch_datetime_operator to 2023-10-12T00:00:00+00:00, run_after=2023-10-13T00:00:00+00:00
[2023-10-13T13:30:39.064+0000] {logging_mixin.py:151} INFO - [2023-10-13T13:30:39.064+0000] {dag.py:3722} INFO - Setting next_dagrun for example_branch_datetime_operator_2 to 2023-10-12T00:00:00+00:00, run_after=2023-10-13T00:00:00+00:00
[2023-10-13T13:30:39.070+0000] {logging_mixin.py:151} INFO - [2023-10-13T13:30:39.069+0000] {dag.py:3722} INFO - Setting next_dagrun for example_branch_datetime_operator_3 to 2023-10-12T00:00:00+00:00, run_after=2023-10-13T00:00:00+00:00
[2023-10-13T13:30:39.103+0000] {processor.py:179} INFO - Processing /home/airflow/.local/lib/python3.8/site-packages/airflow/example_dags/example_branch_datetime_operator.py took 0.186 seconds
[2023-10-13T13:31:09.294+0000] {processor.py:157} INFO - Started process (PID=1268) to work on /home/airflow/.local/lib/python3.8/site-packages/airflow/example_dags/example_branch_datetime_operator.py
[2023-10-13T13:31:09.297+0000] {processor.py:829} INFO - Processing file /home/airflow/.local/lib/python3.8/site-packages/airflow/example_dags/example_branch_datetime_operator.py for tasks to queue
[2023-10-13T13:31:09.301+0000] {logging_mixin.py:151} INFO - [2023-10-13T13:31:09.300+0000] {dagbag.py:536} INFO - Filling up the DagBag from /home/airflow/.local/lib/python3.8/site-packages/airflow/example_dags/example_branch_datetime_operator.py
[2023-10-13T13:31:09.317+0000] {processor.py:839} INFO - DAG(s) dict_keys(['example_branch_datetime_operator_3', 'example_branch_datetime_operator_2', 'example_branch_datetime_operator']) retrieved from /home/airflow/.local/lib/python3.8/site-packages/airflow/example_dags/example_branch_datetime_operator.py
[2023-10-13T13:31:09.360+0000] {logging_mixin.py:151} INFO - [2023-10-13T13:31:09.359+0000] {dag.py:2941} INFO - Sync 3 DAGs
[2023-10-13T13:31:09.562+0000] {logging_mixin.py:151} INFO - [2023-10-13T13:31:09.562+0000] {dag.py:3722} INFO - Setting next_dagrun for example_branch_datetime_operator to 2023-10-12T00:00:00+00:00, run_after=2023-10-13T00:00:00+00:00
[2023-10-13T13:31:09.569+0000] {logging_mixin.py:151} INFO - [2023-10-13T13:31:09.569+0000] {dag.py:3722} INFO - Setting next_dagrun for example_branch_datetime_operator_2 to 2023-10-12T00:00:00+00:00, run_after=2023-10-13T00:00:00+00:00
[2023-10-13T13:31:09.574+0000] {logging_mixin.py:151} INFO - [2023-10-13T13:31:09.573+0000] {dag.py:3722} INFO - Setting next_dagrun for example_branch_datetime_operator_3 to 2023-10-12T00:00:00+00:00, run_after=2023-10-13T00:00:00+00:00
[2023-10-13T13:31:09.600+0000] {processor.py:179} INFO - Processing /home/airflow/.local/lib/python3.8/site-packages/airflow/example_dags/example_branch_datetime_operator.py took 0.312 seconds
[2023-10-13T13:31:40.261+0000] {processor.py:157} INFO - Started process (PID=1322) to work on /home/airflow/.local/lib/python3.8/site-packages/airflow/example_dags/example_branch_datetime_operator.py
[2023-10-13T13:31:40.263+0000] {processor.py:829} INFO - Processing file /home/airflow/.local/lib/python3.8/site-packages/airflow/example_dags/example_branch_datetime_operator.py for tasks to queue
[2023-10-13T13:31:40.271+0000] {logging_mixin.py:151} INFO - [2023-10-13T13:31:40.270+0000] {dagbag.py:536} INFO - Filling up the DagBag from /home/airflow/.local/lib/python3.8/site-packages/airflow/example_dags/example_branch_datetime_operator.py
[2023-10-13T13:31:40.313+0000] {processor.py:839} INFO - DAG(s) dict_keys(['example_branch_datetime_operator', 'example_branch_datetime_operator_3', 'example_branch_datetime_operator_2']) retrieved from /home/airflow/.local/lib/python3.8/site-packages/airflow/example_dags/example_branch_datetime_operator.py
[2023-10-13T13:31:40.499+0000] {logging_mixin.py:151} INFO - [2023-10-13T13:31:40.499+0000] {dag.py:2941} INFO - Sync 3 DAGs
[2023-10-13T13:31:40.580+0000] {logging_mixin.py:151} INFO - [2023-10-13T13:31:40.580+0000] {dag.py:3722} INFO - Setting next_dagrun for example_branch_datetime_operator to 2023-10-12T00:00:00+00:00, run_after=2023-10-13T00:00:00+00:00
[2023-10-13T13:31:40.935+0000] {logging_mixin.py:151} INFO - [2023-10-13T13:31:40.934+0000] {dag.py:3722} INFO - Setting next_dagrun for example_branch_datetime_operator_2 to 2023-10-12T00:00:00+00:00, run_after=2023-10-13T00:00:00+00:00
[2023-10-13T13:31:40.940+0000] {logging_mixin.py:151} INFO - [2023-10-13T13:31:40.940+0000] {dag.py:3722} INFO - Setting next_dagrun for example_branch_datetime_operator_3 to 2023-10-12T00:00:00+00:00, run_after=2023-10-13T00:00:00+00:00
[2023-10-13T13:31:40.982+0000] {processor.py:179} INFO - Processing /home/airflow/.local/lib/python3.8/site-packages/airflow/example_dags/example_branch_datetime_operator.py took 0.731 seconds
[2023-10-13T13:32:11.509+0000] {processor.py:157} INFO - Started process (PID=1376) to work on /home/airflow/.local/lib/python3.8/site-packages/airflow/example_dags/example_branch_datetime_operator.py
[2023-10-13T13:32:11.511+0000] {processor.py:829} INFO - Processing file /home/airflow/.local/lib/python3.8/site-packages/airflow/example_dags/example_branch_datetime_operator.py for tasks to queue
[2023-10-13T13:32:11.514+0000] {logging_mixin.py:151} INFO - [2023-10-13T13:32:11.514+0000] {dagbag.py:536} INFO - Filling up the DagBag from /home/airflow/.local/lib/python3.8/site-packages/airflow/example_dags/example_branch_datetime_operator.py
[2023-10-13T13:32:11.529+0000] {processor.py:839} INFO - DAG(s) dict_keys(['example_branch_datetime_operator_2', 'example_branch_datetime_operator', 'example_branch_datetime_operator_3']) retrieved from /home/airflow/.local/lib/python3.8/site-packages/airflow/example_dags/example_branch_datetime_operator.py
[2023-10-13T13:32:11.572+0000] {logging_mixin.py:151} INFO - [2023-10-13T13:32:11.571+0000] {dag.py:2941} INFO - Sync 3 DAGs
[2023-10-13T13:32:11.607+0000] {logging_mixin.py:151} INFO - [2023-10-13T13:32:11.607+0000] {dag.py:3722} INFO - Setting next_dagrun for example_branch_datetime_operator to 2023-10-12T00:00:00+00:00, run_after=2023-10-13T00:00:00+00:00
[2023-10-13T13:32:11.615+0000] {logging_mixin.py:151} INFO - [2023-10-13T13:32:11.615+0000] {dag.py:3722} INFO - Setting next_dagrun for example_branch_datetime_operator_2 to 2023-10-12T00:00:00+00:00, run_after=2023-10-13T00:00:00+00:00
[2023-10-13T13:32:11.623+0000] {logging_mixin.py:151} INFO - [2023-10-13T13:32:11.622+0000] {dag.py:3722} INFO - Setting next_dagrun for example_branch_datetime_operator_3 to 2023-10-12T00:00:00+00:00, run_after=2023-10-13T00:00:00+00:00
[2023-10-13T13:32:11.652+0000] {processor.py:179} INFO - Processing /home/airflow/.local/lib/python3.8/site-packages/airflow/example_dags/example_branch_datetime_operator.py took 0.149 seconds
[2023-10-13T13:32:42.192+0000] {processor.py:157} INFO - Started process (PID=1430) to work on /home/airflow/.local/lib/python3.8/site-packages/airflow/example_dags/example_branch_datetime_operator.py
[2023-10-13T13:32:42.194+0000] {processor.py:829} INFO - Processing file /home/airflow/.local/lib/python3.8/site-packages/airflow/example_dags/example_branch_datetime_operator.py for tasks to queue
[2023-10-13T13:32:42.199+0000] {logging_mixin.py:151} INFO - [2023-10-13T13:32:42.198+0000] {dagbag.py:536} INFO - Filling up the DagBag from /home/airflow/.local/lib/python3.8/site-packages/airflow/example_dags/example_branch_datetime_operator.py
[2023-10-13T13:32:42.218+0000] {processor.py:839} INFO - DAG(s) dict_keys(['example_branch_datetime_operator_3', 'example_branch_datetime_operator_2', 'example_branch_datetime_operator']) retrieved from /home/airflow/.local/lib/python3.8/site-packages/airflow/example_dags/example_branch_datetime_operator.py
[2023-10-13T13:32:42.275+0000] {logging_mixin.py:151} INFO - [2023-10-13T13:32:42.275+0000] {dag.py:2941} INFO - Sync 3 DAGs
[2023-10-13T13:32:42.329+0000] {logging_mixin.py:151} INFO - [2023-10-13T13:32:42.328+0000] {dag.py:3722} INFO - Setting next_dagrun for example_branch_datetime_operator to 2023-10-12T00:00:00+00:00, run_after=2023-10-13T00:00:00+00:00
[2023-10-13T13:32:42.340+0000] {logging_mixin.py:151} INFO - [2023-10-13T13:32:42.340+0000] {dag.py:3722} INFO - Setting next_dagrun for example_branch_datetime_operator_2 to 2023-10-12T00:00:00+00:00, run_after=2023-10-13T00:00:00+00:00
[2023-10-13T13:32:42.351+0000] {logging_mixin.py:151} INFO - [2023-10-13T13:32:42.351+0000] {dag.py:3722} INFO - Setting next_dagrun for example_branch_datetime_operator_3 to 2023-10-12T00:00:00+00:00, run_after=2023-10-13T00:00:00+00:00
[2023-10-13T13:32:42.385+0000] {processor.py:179} INFO - Processing /home/airflow/.local/lib/python3.8/site-packages/airflow/example_dags/example_branch_datetime_operator.py took 0.199 seconds
[2023-10-13T13:33:12.685+0000] {processor.py:157} INFO - Started process (PID=1484) to work on /home/airflow/.local/lib/python3.8/site-packages/airflow/example_dags/example_branch_datetime_operator.py
[2023-10-13T13:33:12.687+0000] {processor.py:829} INFO - Processing file /home/airflow/.local/lib/python3.8/site-packages/airflow/example_dags/example_branch_datetime_operator.py for tasks to queue
[2023-10-13T13:33:12.690+0000] {logging_mixin.py:151} INFO - [2023-10-13T13:33:12.690+0000] {dagbag.py:536} INFO - Filling up the DagBag from /home/airflow/.local/lib/python3.8/site-packages/airflow/example_dags/example_branch_datetime_operator.py
[2023-10-13T13:33:12.708+0000] {processor.py:839} INFO - DAG(s) dict_keys(['example_branch_datetime_operator_2', 'example_branch_datetime_operator_3', 'example_branch_datetime_operator']) retrieved from /home/airflow/.local/lib/python3.8/site-packages/airflow/example_dags/example_branch_datetime_operator.py
[2023-10-13T13:33:12.771+0000] {logging_mixin.py:151} INFO - [2023-10-13T13:33:12.771+0000] {dag.py:2941} INFO - Sync 3 DAGs
[2023-10-13T13:33:12.812+0000] {logging_mixin.py:151} INFO - [2023-10-13T13:33:12.812+0000] {dag.py:3722} INFO - Setting next_dagrun for example_branch_datetime_operator to 2023-10-12T00:00:00+00:00, run_after=2023-10-13T00:00:00+00:00
[2023-10-13T13:33:12.820+0000] {logging_mixin.py:151} INFO - [2023-10-13T13:33:12.819+0000] {dag.py:3722} INFO - Setting next_dagrun for example_branch_datetime_operator_2 to 2023-10-12T00:00:00+00:00, run_after=2023-10-13T00:00:00+00:00
[2023-10-13T13:33:12.824+0000] {logging_mixin.py:151} INFO - [2023-10-13T13:33:12.824+0000] {dag.py:3722} INFO - Setting next_dagrun for example_branch_datetime_operator_3 to 2023-10-12T00:00:00+00:00, run_after=2023-10-13T00:00:00+00:00
[2023-10-13T13:33:12.862+0000] {processor.py:179} INFO - Processing /home/airflow/.local/lib/python3.8/site-packages/airflow/example_dags/example_branch_datetime_operator.py took 0.183 seconds
[2023-10-13T13:33:43.256+0000] {processor.py:157} INFO - Started process (PID=1546) to work on /home/airflow/.local/lib/python3.8/site-packages/airflow/example_dags/example_branch_datetime_operator.py
[2023-10-13T13:33:43.259+0000] {processor.py:829} INFO - Processing file /home/airflow/.local/lib/python3.8/site-packages/airflow/example_dags/example_branch_datetime_operator.py for tasks to queue
[2023-10-13T13:33:43.265+0000] {logging_mixin.py:151} INFO - [2023-10-13T13:33:43.264+0000] {dagbag.py:536} INFO - Filling up the DagBag from /home/airflow/.local/lib/python3.8/site-packages/airflow/example_dags/example_branch_datetime_operator.py
[2023-10-13T13:33:43.289+0000] {processor.py:839} INFO - DAG(s) dict_keys(['example_branch_datetime_operator', 'example_branch_datetime_operator_3', 'example_branch_datetime_operator_2']) retrieved from /home/airflow/.local/lib/python3.8/site-packages/airflow/example_dags/example_branch_datetime_operator.py
[2023-10-13T13:33:43.337+0000] {logging_mixin.py:151} INFO - [2023-10-13T13:33:43.336+0000] {dag.py:2941} INFO - Sync 3 DAGs
[2023-10-13T13:33:43.381+0000] {logging_mixin.py:151} INFO - [2023-10-13T13:33:43.380+0000] {dag.py:3722} INFO - Setting next_dagrun for example_branch_datetime_operator to 2023-10-12T00:00:00+00:00, run_after=2023-10-13T00:00:00+00:00
[2023-10-13T13:33:43.390+0000] {logging_mixin.py:151} INFO - [2023-10-13T13:33:43.390+0000] {dag.py:3722} INFO - Setting next_dagrun for example_branch_datetime_operator_2 to 2023-10-12T00:00:00+00:00, run_after=2023-10-13T00:00:00+00:00
[2023-10-13T13:33:43.399+0000] {logging_mixin.py:151} INFO - [2023-10-13T13:33:43.398+0000] {dag.py:3722} INFO - Setting next_dagrun for example_branch_datetime_operator_3 to 2023-10-12T00:00:00+00:00, run_after=2023-10-13T00:00:00+00:00
[2023-10-13T13:33:43.435+0000] {processor.py:179} INFO - Processing /home/airflow/.local/lib/python3.8/site-packages/airflow/example_dags/example_branch_datetime_operator.py took 0.188 seconds
[2023-10-13T13:34:13.852+0000] {processor.py:157} INFO - Started process (PID=1599) to work on /home/airflow/.local/lib/python3.8/site-packages/airflow/example_dags/example_branch_datetime_operator.py
[2023-10-13T13:34:13.853+0000] {processor.py:829} INFO - Processing file /home/airflow/.local/lib/python3.8/site-packages/airflow/example_dags/example_branch_datetime_operator.py for tasks to queue
[2023-10-13T13:34:13.857+0000] {logging_mixin.py:151} INFO - [2023-10-13T13:34:13.856+0000] {dagbag.py:536} INFO - Filling up the DagBag from /home/airflow/.local/lib/python3.8/site-packages/airflow/example_dags/example_branch_datetime_operator.py
[2023-10-13T13:34:13.876+0000] {processor.py:839} INFO - DAG(s) dict_keys(['example_branch_datetime_operator_3', 'example_branch_datetime_operator', 'example_branch_datetime_operator_2']) retrieved from /home/airflow/.local/lib/python3.8/site-packages/airflow/example_dags/example_branch_datetime_operator.py
[2023-10-13T13:34:13.950+0000] {logging_mixin.py:151} INFO - [2023-10-13T13:34:13.949+0000] {dag.py:2941} INFO - Sync 3 DAGs
[2023-10-13T13:34:14.025+0000] {logging_mixin.py:151} INFO - [2023-10-13T13:34:14.025+0000] {dag.py:3722} INFO - Setting next_dagrun for example_branch_datetime_operator to 2023-10-12T00:00:00+00:00, run_after=2023-10-13T00:00:00+00:00
[2023-10-13T13:34:14.047+0000] {logging_mixin.py:151} INFO - [2023-10-13T13:34:14.046+0000] {dag.py:3722} INFO - Setting next_dagrun for example_branch_datetime_operator_2 to 2023-10-12T00:00:00+00:00, run_after=2023-10-13T00:00:00+00:00
[2023-10-13T13:34:14.054+0000] {logging_mixin.py:151} INFO - [2023-10-13T13:34:14.054+0000] {dag.py:3722} INFO - Setting next_dagrun for example_branch_datetime_operator_3 to 2023-10-12T00:00:00+00:00, run_after=2023-10-13T00:00:00+00:00
[2023-10-13T13:34:14.125+0000] {processor.py:179} INFO - Processing /home/airflow/.local/lib/python3.8/site-packages/airflow/example_dags/example_branch_datetime_operator.py took 0.281 seconds
[2023-10-13T13:34:44.624+0000] {processor.py:157} INFO - Started process (PID=1653) to work on /home/airflow/.local/lib/python3.8/site-packages/airflow/example_dags/example_branch_datetime_operator.py
[2023-10-13T13:34:44.626+0000] {processor.py:829} INFO - Processing file /home/airflow/.local/lib/python3.8/site-packages/airflow/example_dags/example_branch_datetime_operator.py for tasks to queue
[2023-10-13T13:34:44.629+0000] {logging_mixin.py:151} INFO - [2023-10-13T13:34:44.629+0000] {dagbag.py:536} INFO - Filling up the DagBag from /home/airflow/.local/lib/python3.8/site-packages/airflow/example_dags/example_branch_datetime_operator.py
[2023-10-13T13:34:44.643+0000] {processor.py:839} INFO - DAG(s) dict_keys(['example_branch_datetime_operator_2', 'example_branch_datetime_operator_3', 'example_branch_datetime_operator']) retrieved from /home/airflow/.local/lib/python3.8/site-packages/airflow/example_dags/example_branch_datetime_operator.py
[2023-10-13T13:34:44.689+0000] {logging_mixin.py:151} INFO - [2023-10-13T13:34:44.688+0000] {dag.py:2941} INFO - Sync 3 DAGs
[2023-10-13T13:34:44.725+0000] {logging_mixin.py:151} INFO - [2023-10-13T13:34:44.724+0000] {dag.py:3722} INFO - Setting next_dagrun for example_branch_datetime_operator to 2023-10-12T00:00:00+00:00, run_after=2023-10-13T00:00:00+00:00
[2023-10-13T13:34:44.736+0000] {logging_mixin.py:151} INFO - [2023-10-13T13:34:44.735+0000] {dag.py:3722} INFO - Setting next_dagrun for example_branch_datetime_operator_2 to 2023-10-12T00:00:00+00:00, run_after=2023-10-13T00:00:00+00:00
[2023-10-13T13:34:44.742+0000] {logging_mixin.py:151} INFO - [2023-10-13T13:34:44.742+0000] {dag.py:3722} INFO - Setting next_dagrun for example_branch_datetime_operator_3 to 2023-10-12T00:00:00+00:00, run_after=2023-10-13T00:00:00+00:00
[2023-10-13T13:34:44.772+0000] {processor.py:179} INFO - Processing /home/airflow/.local/lib/python3.8/site-packages/airflow/example_dags/example_branch_datetime_operator.py took 0.152 seconds
[2023-10-13T13:35:14.986+0000] {processor.py:157} INFO - Started process (PID=1707) to work on /home/airflow/.local/lib/python3.8/site-packages/airflow/example_dags/example_branch_datetime_operator.py
[2023-10-13T13:35:14.988+0000] {processor.py:829} INFO - Processing file /home/airflow/.local/lib/python3.8/site-packages/airflow/example_dags/example_branch_datetime_operator.py for tasks to queue
[2023-10-13T13:35:14.993+0000] {logging_mixin.py:151} INFO - [2023-10-13T13:35:14.993+0000] {dagbag.py:536} INFO - Filling up the DagBag from /home/airflow/.local/lib/python3.8/site-packages/airflow/example_dags/example_branch_datetime_operator.py
[2023-10-13T13:35:15.008+0000] {processor.py:839} INFO - DAG(s) dict_keys(['example_branch_datetime_operator_3', 'example_branch_datetime_operator', 'example_branch_datetime_operator_2']) retrieved from /home/airflow/.local/lib/python3.8/site-packages/airflow/example_dags/example_branch_datetime_operator.py
[2023-10-13T13:35:15.050+0000] {logging_mixin.py:151} INFO - [2023-10-13T13:35:15.050+0000] {dag.py:2941} INFO - Sync 3 DAGs
[2023-10-13T13:35:15.081+0000] {logging_mixin.py:151} INFO - [2023-10-13T13:35:15.081+0000] {dag.py:3722} INFO - Setting next_dagrun for example_branch_datetime_operator to 2023-10-12T00:00:00+00:00, run_after=2023-10-13T00:00:00+00:00
[2023-10-13T13:35:15.088+0000] {logging_mixin.py:151} INFO - [2023-10-13T13:35:15.088+0000] {dag.py:3722} INFO - Setting next_dagrun for example_branch_datetime_operator_2 to 2023-10-12T00:00:00+00:00, run_after=2023-10-13T00:00:00+00:00
[2023-10-13T13:35:15.095+0000] {logging_mixin.py:151} INFO - [2023-10-13T13:35:15.094+0000] {dag.py:3722} INFO - Setting next_dagrun for example_branch_datetime_operator_3 to 2023-10-12T00:00:00+00:00, run_after=2023-10-13T00:00:00+00:00
[2023-10-13T13:35:15.124+0000] {processor.py:179} INFO - Processing /home/airflow/.local/lib/python3.8/site-packages/airflow/example_dags/example_branch_datetime_operator.py took 0.143 seconds
[2023-10-13T13:35:45.846+0000] {processor.py:157} INFO - Started process (PID=1761) to work on /home/airflow/.local/lib/python3.8/site-packages/airflow/example_dags/example_branch_datetime_operator.py
[2023-10-13T13:35:45.849+0000] {processor.py:829} INFO - Processing file /home/airflow/.local/lib/python3.8/site-packages/airflow/example_dags/example_branch_datetime_operator.py for tasks to queue
[2023-10-13T13:35:45.853+0000] {logging_mixin.py:151} INFO - [2023-10-13T13:35:45.853+0000] {dagbag.py:536} INFO - Filling up the DagBag from /home/airflow/.local/lib/python3.8/site-packages/airflow/example_dags/example_branch_datetime_operator.py
[2023-10-13T13:35:45.866+0000] {processor.py:839} INFO - DAG(s) dict_keys(['example_branch_datetime_operator', 'example_branch_datetime_operator_2', 'example_branch_datetime_operator_3']) retrieved from /home/airflow/.local/lib/python3.8/site-packages/airflow/example_dags/example_branch_datetime_operator.py
[2023-10-13T13:35:45.904+0000] {logging_mixin.py:151} INFO - [2023-10-13T13:35:45.904+0000] {dag.py:2941} INFO - Sync 3 DAGs
[2023-10-13T13:35:45.933+0000] {logging_mixin.py:151} INFO - [2023-10-13T13:35:45.933+0000] {dag.py:3722} INFO - Setting next_dagrun for example_branch_datetime_operator to 2023-10-12T00:00:00+00:00, run_after=2023-10-13T00:00:00+00:00
[2023-10-13T13:35:45.940+0000] {logging_mixin.py:151} INFO - [2023-10-13T13:35:45.940+0000] {dag.py:3722} INFO - Setting next_dagrun for example_branch_datetime_operator_2 to 2023-10-12T00:00:00+00:00, run_after=2023-10-13T00:00:00+00:00
[2023-10-13T13:35:45.945+0000] {logging_mixin.py:151} INFO - [2023-10-13T13:35:45.945+0000] {dag.py:3722} INFO - Setting next_dagrun for example_branch_datetime_operator_3 to 2023-10-12T00:00:00+00:00, run_after=2023-10-13T00:00:00+00:00
[2023-10-13T13:35:45.972+0000] {processor.py:179} INFO - Processing /home/airflow/.local/lib/python3.8/site-packages/airflow/example_dags/example_branch_datetime_operator.py took 0.129 seconds
[2023-10-13T13:36:16.212+0000] {processor.py:157} INFO - Started process (PID=1814) to work on /home/airflow/.local/lib/python3.8/site-packages/airflow/example_dags/example_branch_datetime_operator.py
[2023-10-13T13:36:16.214+0000] {processor.py:829} INFO - Processing file /home/airflow/.local/lib/python3.8/site-packages/airflow/example_dags/example_branch_datetime_operator.py for tasks to queue
[2023-10-13T13:36:16.217+0000] {logging_mixin.py:151} INFO - [2023-10-13T13:36:16.217+0000] {dagbag.py:536} INFO - Filling up the DagBag from /home/airflow/.local/lib/python3.8/site-packages/airflow/example_dags/example_branch_datetime_operator.py
[2023-10-13T13:36:16.229+0000] {processor.py:839} INFO - DAG(s) dict_keys(['example_branch_datetime_operator_2', 'example_branch_datetime_operator_3', 'example_branch_datetime_operator']) retrieved from /home/airflow/.local/lib/python3.8/site-packages/airflow/example_dags/example_branch_datetime_operator.py
[2023-10-13T13:36:16.270+0000] {logging_mixin.py:151} INFO - [2023-10-13T13:36:16.270+0000] {dag.py:2941} INFO - Sync 3 DAGs
[2023-10-13T13:36:16.299+0000] {logging_mixin.py:151} INFO - [2023-10-13T13:36:16.299+0000] {dag.py:3722} INFO - Setting next_dagrun for example_branch_datetime_operator to 2023-10-12T00:00:00+00:00, run_after=2023-10-13T00:00:00+00:00
[2023-10-13T13:36:16.306+0000] {logging_mixin.py:151} INFO - [2023-10-13T13:36:16.306+0000] {dag.py:3722} INFO - Setting next_dagrun for example_branch_datetime_operator_2 to 2023-10-12T00:00:00+00:00, run_after=2023-10-13T00:00:00+00:00
[2023-10-13T13:36:16.310+0000] {logging_mixin.py:151} INFO - [2023-10-13T13:36:16.310+0000] {dag.py:3722} INFO - Setting next_dagrun for example_branch_datetime_operator_3 to 2023-10-12T00:00:00+00:00, run_after=2023-10-13T00:00:00+00:00
[2023-10-13T13:36:16.335+0000] {processor.py:179} INFO - Processing /home/airflow/.local/lib/python3.8/site-packages/airflow/example_dags/example_branch_datetime_operator.py took 0.126 seconds
