[2023-10-13T13:19:29.446+0000] {processor.py:157} INFO - Started process (PID=38) to work on /home/airflow/.local/lib/python3.8/site-packages/airflow/example_dags/example_sensors.py
[2023-10-13T13:19:29.448+0000] {processor.py:829} INFO - Processing file /home/airflow/.local/lib/python3.8/site-packages/airflow/example_dags/example_sensors.py for tasks to queue
[2023-10-13T13:19:29.453+0000] {logging_mixin.py:151} INFO - [2023-10-13T13:19:29.452+0000] {dagbag.py:536} INFO - Filling up the DagBag from /home/airflow/.local/lib/python3.8/site-packages/airflow/example_dags/example_sensors.py
[2023-10-13T13:19:29.488+0000] {processor.py:839} INFO - DAG(s) dict_keys(['example_sensors']) retrieved from /home/airflow/.local/lib/python3.8/site-packages/airflow/example_dags/example_sensors.py
[2023-10-13T13:19:29.579+0000] {logging_mixin.py:151} INFO - [2023-10-13T13:19:29.578+0000] {dag.py:2941} INFO - Sync 1 DAGs
[2023-10-13T13:19:29.607+0000] {logging_mixin.py:151} INFO - [2023-10-13T13:19:29.606+0000] {dag.py:3722} INFO - Setting next_dagrun for example_sensors to None, run_after=None
[2023-10-13T13:19:29.763+0000] {processor.py:179} INFO - Processing /home/airflow/.local/lib/python3.8/site-packages/airflow/example_dags/example_sensors.py took 0.323 seconds
[2023-10-13T13:20:00.325+0000] {processor.py:157} INFO - Started process (PID=92) to work on /home/airflow/.local/lib/python3.8/site-packages/airflow/example_dags/example_sensors.py
[2023-10-13T13:20:00.327+0000] {processor.py:829} INFO - Processing file /home/airflow/.local/lib/python3.8/site-packages/airflow/example_dags/example_sensors.py for tasks to queue
[2023-10-13T13:20:00.332+0000] {logging_mixin.py:151} INFO - [2023-10-13T13:20:00.331+0000] {dagbag.py:536} INFO - Filling up the DagBag from /home/airflow/.local/lib/python3.8/site-packages/airflow/example_dags/example_sensors.py
[2023-10-13T13:20:00.352+0000] {processor.py:839} INFO - DAG(s) dict_keys(['example_sensors']) retrieved from /home/airflow/.local/lib/python3.8/site-packages/airflow/example_dags/example_sensors.py
[2023-10-13T13:20:00.411+0000] {logging_mixin.py:151} INFO - [2023-10-13T13:20:00.411+0000] {dag.py:2941} INFO - Sync 1 DAGs
[2023-10-13T13:20:00.438+0000] {logging_mixin.py:151} INFO - [2023-10-13T13:20:00.438+0000] {dag.py:3722} INFO - Setting next_dagrun for example_sensors to None, run_after=None
[2023-10-13T13:20:00.483+0000] {processor.py:179} INFO - Processing /home/airflow/.local/lib/python3.8/site-packages/airflow/example_dags/example_sensors.py took 0.166 seconds
[2023-10-13T13:20:30.626+0000] {processor.py:157} INFO - Started process (PID=144) to work on /home/airflow/.local/lib/python3.8/site-packages/airflow/example_dags/example_sensors.py
[2023-10-13T13:20:30.628+0000] {processor.py:829} INFO - Processing file /home/airflow/.local/lib/python3.8/site-packages/airflow/example_dags/example_sensors.py for tasks to queue
[2023-10-13T13:20:30.632+0000] {logging_mixin.py:151} INFO - [2023-10-13T13:20:30.631+0000] {dagbag.py:536} INFO - Filling up the DagBag from /home/airflow/.local/lib/python3.8/site-packages/airflow/example_dags/example_sensors.py
[2023-10-13T13:20:30.644+0000] {processor.py:839} INFO - DAG(s) dict_keys(['example_sensors']) retrieved from /home/airflow/.local/lib/python3.8/site-packages/airflow/example_dags/example_sensors.py
[2023-10-13T13:20:30.684+0000] {logging_mixin.py:151} INFO - [2023-10-13T13:20:30.683+0000] {dag.py:2941} INFO - Sync 1 DAGs
[2023-10-13T13:20:30.711+0000] {logging_mixin.py:151} INFO - [2023-10-13T13:20:30.711+0000] {dag.py:3722} INFO - Setting next_dagrun for example_sensors to None, run_after=None
[2023-10-13T13:20:30.749+0000] {processor.py:179} INFO - Processing /home/airflow/.local/lib/python3.8/site-packages/airflow/example_dags/example_sensors.py took 0.127 seconds
[2023-10-13T13:21:01.496+0000] {processor.py:157} INFO - Started process (PID=198) to work on /home/airflow/.local/lib/python3.8/site-packages/airflow/example_dags/example_sensors.py
[2023-10-13T13:21:01.498+0000] {processor.py:829} INFO - Processing file /home/airflow/.local/lib/python3.8/site-packages/airflow/example_dags/example_sensors.py for tasks to queue
[2023-10-13T13:21:01.502+0000] {logging_mixin.py:151} INFO - [2023-10-13T13:21:01.501+0000] {dagbag.py:536} INFO - Filling up the DagBag from /home/airflow/.local/lib/python3.8/site-packages/airflow/example_dags/example_sensors.py
[2023-10-13T13:21:01.512+0000] {processor.py:839} INFO - DAG(s) dict_keys(['example_sensors']) retrieved from /home/airflow/.local/lib/python3.8/site-packages/airflow/example_dags/example_sensors.py
[2023-10-13T13:21:01.547+0000] {logging_mixin.py:151} INFO - [2023-10-13T13:21:01.547+0000] {dag.py:2941} INFO - Sync 1 DAGs
[2023-10-13T13:21:01.563+0000] {logging_mixin.py:151} INFO - [2023-10-13T13:21:01.563+0000] {dag.py:3722} INFO - Setting next_dagrun for example_sensors to None, run_after=None
[2023-10-13T13:21:01.596+0000] {processor.py:179} INFO - Processing /home/airflow/.local/lib/python3.8/site-packages/airflow/example_dags/example_sensors.py took 0.105 seconds
[2023-10-13T13:21:31.751+0000] {processor.py:157} INFO - Started process (PID=252) to work on /home/airflow/.local/lib/python3.8/site-packages/airflow/example_dags/example_sensors.py
[2023-10-13T13:21:31.753+0000] {processor.py:829} INFO - Processing file /home/airflow/.local/lib/python3.8/site-packages/airflow/example_dags/example_sensors.py for tasks to queue
[2023-10-13T13:21:31.756+0000] {logging_mixin.py:151} INFO - [2023-10-13T13:21:31.756+0000] {dagbag.py:536} INFO - Filling up the DagBag from /home/airflow/.local/lib/python3.8/site-packages/airflow/example_dags/example_sensors.py
[2023-10-13T13:21:31.769+0000] {processor.py:839} INFO - DAG(s) dict_keys(['example_sensors']) retrieved from /home/airflow/.local/lib/python3.8/site-packages/airflow/example_dags/example_sensors.py
[2023-10-13T13:21:31.803+0000] {logging_mixin.py:151} INFO - [2023-10-13T13:21:31.803+0000] {dag.py:2941} INFO - Sync 1 DAGs
[2023-10-13T13:21:31.818+0000] {logging_mixin.py:151} INFO - [2023-10-13T13:21:31.818+0000] {dag.py:3722} INFO - Setting next_dagrun for example_sensors to None, run_after=None
[2023-10-13T13:21:31.849+0000] {processor.py:179} INFO - Processing /home/airflow/.local/lib/python3.8/site-packages/airflow/example_dags/example_sensors.py took 0.102 seconds
[2023-10-13T13:22:02.440+0000] {processor.py:157} INFO - Started process (PID=306) to work on /home/airflow/.local/lib/python3.8/site-packages/airflow/example_dags/example_sensors.py
[2023-10-13T13:22:02.442+0000] {processor.py:829} INFO - Processing file /home/airflow/.local/lib/python3.8/site-packages/airflow/example_dags/example_sensors.py for tasks to queue
[2023-10-13T13:22:02.446+0000] {logging_mixin.py:151} INFO - [2023-10-13T13:22:02.446+0000] {dagbag.py:536} INFO - Filling up the DagBag from /home/airflow/.local/lib/python3.8/site-packages/airflow/example_dags/example_sensors.py
[2023-10-13T13:22:02.459+0000] {processor.py:839} INFO - DAG(s) dict_keys(['example_sensors']) retrieved from /home/airflow/.local/lib/python3.8/site-packages/airflow/example_dags/example_sensors.py
[2023-10-13T13:22:02.500+0000] {logging_mixin.py:151} INFO - [2023-10-13T13:22:02.500+0000] {dag.py:2941} INFO - Sync 1 DAGs
[2023-10-13T13:22:02.517+0000] {logging_mixin.py:151} INFO - [2023-10-13T13:22:02.516+0000] {dag.py:3722} INFO - Setting next_dagrun for example_sensors to None, run_after=None
[2023-10-13T13:22:02.550+0000] {processor.py:179} INFO - Processing /home/airflow/.local/lib/python3.8/site-packages/airflow/example_dags/example_sensors.py took 0.114 seconds
[2023-10-13T13:22:33.348+0000] {processor.py:157} INFO - Started process (PID=360) to work on /home/airflow/.local/lib/python3.8/site-packages/airflow/example_dags/example_sensors.py
[2023-10-13T13:22:33.350+0000] {processor.py:829} INFO - Processing file /home/airflow/.local/lib/python3.8/site-packages/airflow/example_dags/example_sensors.py for tasks to queue
[2023-10-13T13:22:33.353+0000] {logging_mixin.py:151} INFO - [2023-10-13T13:22:33.353+0000] {dagbag.py:536} INFO - Filling up the DagBag from /home/airflow/.local/lib/python3.8/site-packages/airflow/example_dags/example_sensors.py
[2023-10-13T13:22:33.365+0000] {processor.py:839} INFO - DAG(s) dict_keys(['example_sensors']) retrieved from /home/airflow/.local/lib/python3.8/site-packages/airflow/example_dags/example_sensors.py
[2023-10-13T13:22:33.400+0000] {logging_mixin.py:151} INFO - [2023-10-13T13:22:33.399+0000] {dag.py:2941} INFO - Sync 1 DAGs
[2023-10-13T13:22:33.415+0000] {logging_mixin.py:151} INFO - [2023-10-13T13:22:33.415+0000] {dag.py:3722} INFO - Setting next_dagrun for example_sensors to None, run_after=None
[2023-10-13T13:22:33.445+0000] {processor.py:179} INFO - Processing /home/airflow/.local/lib/python3.8/site-packages/airflow/example_dags/example_sensors.py took 0.100 seconds
[2023-10-13T13:23:04.153+0000] {processor.py:157} INFO - Started process (PID=414) to work on /home/airflow/.local/lib/python3.8/site-packages/airflow/example_dags/example_sensors.py
[2023-10-13T13:23:04.155+0000] {processor.py:829} INFO - Processing file /home/airflow/.local/lib/python3.8/site-packages/airflow/example_dags/example_sensors.py for tasks to queue
[2023-10-13T13:23:04.158+0000] {logging_mixin.py:151} INFO - [2023-10-13T13:23:04.158+0000] {dagbag.py:536} INFO - Filling up the DagBag from /home/airflow/.local/lib/python3.8/site-packages/airflow/example_dags/example_sensors.py
[2023-10-13T13:23:04.169+0000] {processor.py:839} INFO - DAG(s) dict_keys(['example_sensors']) retrieved from /home/airflow/.local/lib/python3.8/site-packages/airflow/example_dags/example_sensors.py
[2023-10-13T13:23:04.203+0000] {logging_mixin.py:151} INFO - [2023-10-13T13:23:04.203+0000] {dag.py:2941} INFO - Sync 1 DAGs
[2023-10-13T13:23:04.217+0000] {logging_mixin.py:151} INFO - [2023-10-13T13:23:04.217+0000] {dag.py:3722} INFO - Setting next_dagrun for example_sensors to None, run_after=None
[2023-10-13T13:23:04.250+0000] {processor.py:179} INFO - Processing /home/airflow/.local/lib/python3.8/site-packages/airflow/example_dags/example_sensors.py took 0.101 seconds
[2023-10-13T13:23:34.687+0000] {processor.py:157} INFO - Started process (PID=468) to work on /home/airflow/.local/lib/python3.8/site-packages/airflow/example_dags/example_sensors.py
[2023-10-13T13:23:34.689+0000] {processor.py:829} INFO - Processing file /home/airflow/.local/lib/python3.8/site-packages/airflow/example_dags/example_sensors.py for tasks to queue
[2023-10-13T13:23:34.693+0000] {logging_mixin.py:151} INFO - [2023-10-13T13:23:34.692+0000] {dagbag.py:536} INFO - Filling up the DagBag from /home/airflow/.local/lib/python3.8/site-packages/airflow/example_dags/example_sensors.py
[2023-10-13T13:23:34.705+0000] {processor.py:839} INFO - DAG(s) dict_keys(['example_sensors']) retrieved from /home/airflow/.local/lib/python3.8/site-packages/airflow/example_dags/example_sensors.py
[2023-10-13T13:23:34.739+0000] {logging_mixin.py:151} INFO - [2023-10-13T13:23:34.739+0000] {dag.py:2941} INFO - Sync 1 DAGs
[2023-10-13T13:23:34.755+0000] {logging_mixin.py:151} INFO - [2023-10-13T13:23:34.755+0000] {dag.py:3722} INFO - Setting next_dagrun for example_sensors to None, run_after=None
[2023-10-13T13:23:34.798+0000] {processor.py:179} INFO - Processing /home/airflow/.local/lib/python3.8/site-packages/airflow/example_dags/example_sensors.py took 0.115 seconds
[2023-10-13T13:24:05.245+0000] {processor.py:157} INFO - Started process (PID=522) to work on /home/airflow/.local/lib/python3.8/site-packages/airflow/example_dags/example_sensors.py
[2023-10-13T13:24:05.246+0000] {processor.py:829} INFO - Processing file /home/airflow/.local/lib/python3.8/site-packages/airflow/example_dags/example_sensors.py for tasks to queue
[2023-10-13T13:24:05.250+0000] {logging_mixin.py:151} INFO - [2023-10-13T13:24:05.250+0000] {dagbag.py:536} INFO - Filling up the DagBag from /home/airflow/.local/lib/python3.8/site-packages/airflow/example_dags/example_sensors.py
[2023-10-13T13:24:05.262+0000] {processor.py:839} INFO - DAG(s) dict_keys(['example_sensors']) retrieved from /home/airflow/.local/lib/python3.8/site-packages/airflow/example_dags/example_sensors.py
[2023-10-13T13:24:05.298+0000] {logging_mixin.py:151} INFO - [2023-10-13T13:24:05.298+0000] {dag.py:2941} INFO - Sync 1 DAGs
[2023-10-13T13:24:05.316+0000] {logging_mixin.py:151} INFO - [2023-10-13T13:24:05.316+0000] {dag.py:3722} INFO - Setting next_dagrun for example_sensors to None, run_after=None
[2023-10-13T13:24:05.350+0000] {processor.py:179} INFO - Processing /home/airflow/.local/lib/python3.8/site-packages/airflow/example_dags/example_sensors.py took 0.109 seconds
[2023-10-13T13:24:35.547+0000] {processor.py:157} INFO - Started process (PID=576) to work on /home/airflow/.local/lib/python3.8/site-packages/airflow/example_dags/example_sensors.py
[2023-10-13T13:24:35.549+0000] {processor.py:829} INFO - Processing file /home/airflow/.local/lib/python3.8/site-packages/airflow/example_dags/example_sensors.py for tasks to queue
[2023-10-13T13:24:35.552+0000] {logging_mixin.py:151} INFO - [2023-10-13T13:24:35.552+0000] {dagbag.py:536} INFO - Filling up the DagBag from /home/airflow/.local/lib/python3.8/site-packages/airflow/example_dags/example_sensors.py
[2023-10-13T13:24:35.564+0000] {processor.py:839} INFO - DAG(s) dict_keys(['example_sensors']) retrieved from /home/airflow/.local/lib/python3.8/site-packages/airflow/example_dags/example_sensors.py
[2023-10-13T13:24:35.599+0000] {logging_mixin.py:151} INFO - [2023-10-13T13:24:35.599+0000] {dag.py:2941} INFO - Sync 1 DAGs
[2023-10-13T13:24:35.616+0000] {logging_mixin.py:151} INFO - [2023-10-13T13:24:35.615+0000] {dag.py:3722} INFO - Setting next_dagrun for example_sensors to None, run_after=None
[2023-10-13T13:24:35.647+0000] {processor.py:179} INFO - Processing /home/airflow/.local/lib/python3.8/site-packages/airflow/example_dags/example_sensors.py took 0.104 seconds
[2023-10-13T13:25:06.496+0000] {processor.py:157} INFO - Started process (PID=630) to work on /home/airflow/.local/lib/python3.8/site-packages/airflow/example_dags/example_sensors.py
[2023-10-13T13:25:06.579+0000] {processor.py:829} INFO - Processing file /home/airflow/.local/lib/python3.8/site-packages/airflow/example_dags/example_sensors.py for tasks to queue
[2023-10-13T13:25:06.583+0000] {logging_mixin.py:151} INFO - [2023-10-13T13:25:06.583+0000] {dagbag.py:536} INFO - Filling up the DagBag from /home/airflow/.local/lib/python3.8/site-packages/airflow/example_dags/example_sensors.py
[2023-10-13T13:25:06.606+0000] {processor.py:839} INFO - DAG(s) dict_keys(['example_sensors']) retrieved from /home/airflow/.local/lib/python3.8/site-packages/airflow/example_dags/example_sensors.py
[2023-10-13T13:25:06.647+0000] {logging_mixin.py:151} INFO - [2023-10-13T13:25:06.646+0000] {dag.py:2941} INFO - Sync 1 DAGs
[2023-10-13T13:25:06.665+0000] {logging_mixin.py:151} INFO - [2023-10-13T13:25:06.665+0000] {dag.py:3722} INFO - Setting next_dagrun for example_sensors to None, run_after=None
[2023-10-13T13:25:06.696+0000] {processor.py:179} INFO - Processing /home/airflow/.local/lib/python3.8/site-packages/airflow/example_dags/example_sensors.py took 0.204 seconds
[2023-10-13T13:25:37.560+0000] {processor.py:157} INFO - Started process (PID=684) to work on /home/airflow/.local/lib/python3.8/site-packages/airflow/example_dags/example_sensors.py
[2023-10-13T13:25:37.563+0000] {processor.py:829} INFO - Processing file /home/airflow/.local/lib/python3.8/site-packages/airflow/example_dags/example_sensors.py for tasks to queue
[2023-10-13T13:25:37.567+0000] {logging_mixin.py:151} INFO - [2023-10-13T13:25:37.566+0000] {dagbag.py:536} INFO - Filling up the DagBag from /home/airflow/.local/lib/python3.8/site-packages/airflow/example_dags/example_sensors.py
[2023-10-13T13:25:37.583+0000] {processor.py:839} INFO - DAG(s) dict_keys(['example_sensors']) retrieved from /home/airflow/.local/lib/python3.8/site-packages/airflow/example_dags/example_sensors.py
[2023-10-13T13:25:37.632+0000] {logging_mixin.py:151} INFO - [2023-10-13T13:25:37.631+0000] {dag.py:2941} INFO - Sync 1 DAGs
[2023-10-13T13:25:37.658+0000] {logging_mixin.py:151} INFO - [2023-10-13T13:25:37.657+0000] {dag.py:3722} INFO - Setting next_dagrun for example_sensors to None, run_after=None
[2023-10-13T13:25:37.693+0000] {processor.py:179} INFO - Processing /home/airflow/.local/lib/python3.8/site-packages/airflow/example_dags/example_sensors.py took 0.137 seconds
[2023-10-13T13:26:08.416+0000] {processor.py:157} INFO - Started process (PID=738) to work on /home/airflow/.local/lib/python3.8/site-packages/airflow/example_dags/example_sensors.py
[2023-10-13T13:26:08.418+0000] {processor.py:829} INFO - Processing file /home/airflow/.local/lib/python3.8/site-packages/airflow/example_dags/example_sensors.py for tasks to queue
[2023-10-13T13:26:08.421+0000] {logging_mixin.py:151} INFO - [2023-10-13T13:26:08.420+0000] {dagbag.py:536} INFO - Filling up the DagBag from /home/airflow/.local/lib/python3.8/site-packages/airflow/example_dags/example_sensors.py
[2023-10-13T13:26:08.435+0000] {processor.py:839} INFO - DAG(s) dict_keys(['example_sensors']) retrieved from /home/airflow/.local/lib/python3.8/site-packages/airflow/example_dags/example_sensors.py
[2023-10-13T13:26:08.496+0000] {logging_mixin.py:151} INFO - [2023-10-13T13:26:08.496+0000] {dag.py:2941} INFO - Sync 1 DAGs
[2023-10-13T13:26:08.518+0000] {logging_mixin.py:151} INFO - [2023-10-13T13:26:08.518+0000] {dag.py:3722} INFO - Setting next_dagrun for example_sensors to None, run_after=None
[2023-10-13T13:26:08.566+0000] {processor.py:179} INFO - Processing /home/airflow/.local/lib/python3.8/site-packages/airflow/example_dags/example_sensors.py took 0.156 seconds
[2023-10-13T13:26:41.098+0000] {processor.py:157} INFO - Started process (PID=799) to work on /home/airflow/.local/lib/python3.8/site-packages/airflow/example_dags/example_sensors.py
[2023-10-13T13:26:41.101+0000] {processor.py:829} INFO - Processing file /home/airflow/.local/lib/python3.8/site-packages/airflow/example_dags/example_sensors.py for tasks to queue
[2023-10-13T13:26:41.111+0000] {logging_mixin.py:151} INFO - [2023-10-13T13:26:41.110+0000] {dagbag.py:536} INFO - Filling up the DagBag from /home/airflow/.local/lib/python3.8/site-packages/airflow/example_dags/example_sensors.py
[2023-10-13T13:26:41.139+0000] {processor.py:839} INFO - DAG(s) dict_keys(['example_sensors']) retrieved from /home/airflow/.local/lib/python3.8/site-packages/airflow/example_dags/example_sensors.py
[2023-10-13T13:26:41.205+0000] {logging_mixin.py:151} INFO - [2023-10-13T13:26:41.204+0000] {dag.py:2941} INFO - Sync 1 DAGs
[2023-10-13T13:26:41.229+0000] {logging_mixin.py:151} INFO - [2023-10-13T13:26:41.228+0000] {dag.py:3722} INFO - Setting next_dagrun for example_sensors to None, run_after=None
[2023-10-13T13:26:41.263+0000] {processor.py:179} INFO - Processing /home/airflow/.local/lib/python3.8/site-packages/airflow/example_dags/example_sensors.py took 0.172 seconds
[2023-10-13T13:27:11.815+0000] {processor.py:157} INFO - Started process (PID=853) to work on /home/airflow/.local/lib/python3.8/site-packages/airflow/example_dags/example_sensors.py
[2023-10-13T13:27:11.817+0000] {processor.py:829} INFO - Processing file /home/airflow/.local/lib/python3.8/site-packages/airflow/example_dags/example_sensors.py for tasks to queue
[2023-10-13T13:27:11.821+0000] {logging_mixin.py:151} INFO - [2023-10-13T13:27:11.820+0000] {dagbag.py:536} INFO - Filling up the DagBag from /home/airflow/.local/lib/python3.8/site-packages/airflow/example_dags/example_sensors.py
[2023-10-13T13:27:11.832+0000] {processor.py:839} INFO - DAG(s) dict_keys(['example_sensors']) retrieved from /home/airflow/.local/lib/python3.8/site-packages/airflow/example_dags/example_sensors.py
[2023-10-13T13:27:11.869+0000] {logging_mixin.py:151} INFO - [2023-10-13T13:27:11.868+0000] {dag.py:2941} INFO - Sync 1 DAGs
[2023-10-13T13:27:11.887+0000] {logging_mixin.py:151} INFO - [2023-10-13T13:27:11.886+0000] {dag.py:3722} INFO - Setting next_dagrun for example_sensors to None, run_after=None
[2023-10-13T13:27:11.919+0000] {processor.py:179} INFO - Processing /home/airflow/.local/lib/python3.8/site-packages/airflow/example_dags/example_sensors.py took 0.108 seconds
[2023-10-13T13:27:42.460+0000] {processor.py:157} INFO - Started process (PID=907) to work on /home/airflow/.local/lib/python3.8/site-packages/airflow/example_dags/example_sensors.py
[2023-10-13T13:27:42.463+0000] {processor.py:829} INFO - Processing file /home/airflow/.local/lib/python3.8/site-packages/airflow/example_dags/example_sensors.py for tasks to queue
[2023-10-13T13:27:42.468+0000] {logging_mixin.py:151} INFO - [2023-10-13T13:27:42.467+0000] {dagbag.py:536} INFO - Filling up the DagBag from /home/airflow/.local/lib/python3.8/site-packages/airflow/example_dags/example_sensors.py
[2023-10-13T13:27:42.484+0000] {processor.py:839} INFO - DAG(s) dict_keys(['example_sensors']) retrieved from /home/airflow/.local/lib/python3.8/site-packages/airflow/example_dags/example_sensors.py
[2023-10-13T13:27:42.535+0000] {logging_mixin.py:151} INFO - [2023-10-13T13:27:42.534+0000] {dag.py:2941} INFO - Sync 1 DAGs
[2023-10-13T13:27:42.560+0000] {logging_mixin.py:151} INFO - [2023-10-13T13:27:42.560+0000] {dag.py:3722} INFO - Setting next_dagrun for example_sensors to None, run_after=None
[2023-10-13T13:27:42.593+0000] {processor.py:179} INFO - Processing /home/airflow/.local/lib/python3.8/site-packages/airflow/example_dags/example_sensors.py took 0.138 seconds
[2023-10-13T13:28:15.514+0000] {processor.py:157} INFO - Started process (PID=961) to work on /home/airflow/.local/lib/python3.8/site-packages/airflow/example_dags/example_sensors.py
[2023-10-13T13:28:15.516+0000] {processor.py:829} INFO - Processing file /home/airflow/.local/lib/python3.8/site-packages/airflow/example_dags/example_sensors.py for tasks to queue
[2023-10-13T13:28:15.521+0000] {logging_mixin.py:151} INFO - [2023-10-13T13:28:15.520+0000] {dagbag.py:536} INFO - Filling up the DagBag from /home/airflow/.local/lib/python3.8/site-packages/airflow/example_dags/example_sensors.py
[2023-10-13T13:28:15.542+0000] {processor.py:839} INFO - DAG(s) dict_keys(['example_sensors']) retrieved from /home/airflow/.local/lib/python3.8/site-packages/airflow/example_dags/example_sensors.py
[2023-10-13T13:28:15.591+0000] {logging_mixin.py:151} INFO - [2023-10-13T13:28:15.590+0000] {dag.py:2941} INFO - Sync 1 DAGs
[2023-10-13T13:28:15.614+0000] {logging_mixin.py:151} INFO - [2023-10-13T13:28:15.613+0000] {dag.py:3722} INFO - Setting next_dagrun for example_sensors to None, run_after=None
[2023-10-13T13:28:15.674+0000] {processor.py:179} INFO - Processing /home/airflow/.local/lib/python3.8/site-packages/airflow/example_dags/example_sensors.py took 0.168 seconds
[2023-10-13T13:28:46.258+0000] {processor.py:157} INFO - Started process (PID=1015) to work on /home/airflow/.local/lib/python3.8/site-packages/airflow/example_dags/example_sensors.py
[2023-10-13T13:28:46.260+0000] {processor.py:829} INFO - Processing file /home/airflow/.local/lib/python3.8/site-packages/airflow/example_dags/example_sensors.py for tasks to queue
[2023-10-13T13:28:46.264+0000] {logging_mixin.py:151} INFO - [2023-10-13T13:28:46.264+0000] {dagbag.py:536} INFO - Filling up the DagBag from /home/airflow/.local/lib/python3.8/site-packages/airflow/example_dags/example_sensors.py
[2023-10-13T13:28:46.280+0000] {processor.py:839} INFO - DAG(s) dict_keys(['example_sensors']) retrieved from /home/airflow/.local/lib/python3.8/site-packages/airflow/example_dags/example_sensors.py
[2023-10-13T13:28:46.316+0000] {logging_mixin.py:151} INFO - [2023-10-13T13:28:46.315+0000] {dag.py:2941} INFO - Sync 1 DAGs
[2023-10-13T13:28:46.331+0000] {logging_mixin.py:151} INFO - [2023-10-13T13:28:46.331+0000] {dag.py:3722} INFO - Setting next_dagrun for example_sensors to None, run_after=None
[2023-10-13T13:28:46.362+0000] {processor.py:179} INFO - Processing /home/airflow/.local/lib/python3.8/site-packages/airflow/example_dags/example_sensors.py took 0.108 seconds
[2023-10-13T13:29:16.611+0000] {processor.py:157} INFO - Started process (PID=1069) to work on /home/airflow/.local/lib/python3.8/site-packages/airflow/example_dags/example_sensors.py
[2023-10-13T13:29:16.613+0000] {processor.py:829} INFO - Processing file /home/airflow/.local/lib/python3.8/site-packages/airflow/example_dags/example_sensors.py for tasks to queue
[2023-10-13T13:29:16.616+0000] {logging_mixin.py:151} INFO - [2023-10-13T13:29:16.616+0000] {dagbag.py:536} INFO - Filling up the DagBag from /home/airflow/.local/lib/python3.8/site-packages/airflow/example_dags/example_sensors.py
[2023-10-13T13:29:16.630+0000] {processor.py:839} INFO - DAG(s) dict_keys(['example_sensors']) retrieved from /home/airflow/.local/lib/python3.8/site-packages/airflow/example_dags/example_sensors.py
[2023-10-13T13:29:16.658+0000] {logging_mixin.py:151} INFO - [2023-10-13T13:29:16.658+0000] {dag.py:2941} INFO - Sync 1 DAGs
[2023-10-13T13:29:16.675+0000] {logging_mixin.py:151} INFO - [2023-10-13T13:29:16.675+0000] {dag.py:3722} INFO - Setting next_dagrun for example_sensors to None, run_after=None
[2023-10-13T13:29:16.700+0000] {processor.py:179} INFO - Processing /home/airflow/.local/lib/python3.8/site-packages/airflow/example_dags/example_sensors.py took 0.092 seconds
[2023-10-13T13:29:55.087+0000] {processor.py:157} INFO - Started process (PID=1123) to work on /home/airflow/.local/lib/python3.8/site-packages/airflow/example_dags/example_sensors.py
[2023-10-13T13:29:55.093+0000] {processor.py:829} INFO - Processing file /home/airflow/.local/lib/python3.8/site-packages/airflow/example_dags/example_sensors.py for tasks to queue
[2023-10-13T13:29:55.097+0000] {logging_mixin.py:151} INFO - [2023-10-13T13:29:55.097+0000] {dagbag.py:536} INFO - Filling up the DagBag from /home/airflow/.local/lib/python3.8/site-packages/airflow/example_dags/example_sensors.py
[2023-10-13T13:29:55.125+0000] {processor.py:839} INFO - DAG(s) dict_keys(['example_sensors']) retrieved from /home/airflow/.local/lib/python3.8/site-packages/airflow/example_dags/example_sensors.py
[2023-10-13T13:29:56.510+0000] {logging_mixin.py:151} INFO - [2023-10-13T13:29:56.510+0000] {dag.py:2941} INFO - Sync 1 DAGs
[2023-10-13T13:29:56.528+0000] {logging_mixin.py:151} INFO - [2023-10-13T13:29:56.528+0000] {dag.py:3722} INFO - Setting next_dagrun for example_sensors to None, run_after=None
[2023-10-13T13:29:56.556+0000] {processor.py:179} INFO - Processing /home/airflow/.local/lib/python3.8/site-packages/airflow/example_dags/example_sensors.py took 1.475 seconds
[2023-10-13T13:30:27.107+0000] {processor.py:157} INFO - Started process (PID=1177) to work on /home/airflow/.local/lib/python3.8/site-packages/airflow/example_dags/example_sensors.py
[2023-10-13T13:30:27.109+0000] {processor.py:829} INFO - Processing file /home/airflow/.local/lib/python3.8/site-packages/airflow/example_dags/example_sensors.py for tasks to queue
[2023-10-13T13:30:27.113+0000] {logging_mixin.py:151} INFO - [2023-10-13T13:30:27.112+0000] {dagbag.py:536} INFO - Filling up the DagBag from /home/airflow/.local/lib/python3.8/site-packages/airflow/example_dags/example_sensors.py
[2023-10-13T13:30:27.125+0000] {processor.py:839} INFO - DAG(s) dict_keys(['example_sensors']) retrieved from /home/airflow/.local/lib/python3.8/site-packages/airflow/example_dags/example_sensors.py
[2023-10-13T13:30:27.163+0000] {logging_mixin.py:151} INFO - [2023-10-13T13:30:27.163+0000] {dag.py:2941} INFO - Sync 1 DAGs
[2023-10-13T13:30:27.180+0000] {logging_mixin.py:151} INFO - [2023-10-13T13:30:27.180+0000] {dag.py:3722} INFO - Setting next_dagrun for example_sensors to None, run_after=None
[2023-10-13T13:30:27.512+0000] {processor.py:179} INFO - Processing /home/airflow/.local/lib/python3.8/site-packages/airflow/example_dags/example_sensors.py took 0.410 seconds
[2023-10-13T13:30:57.931+0000] {processor.py:157} INFO - Started process (PID=1231) to work on /home/airflow/.local/lib/python3.8/site-packages/airflow/example_dags/example_sensors.py
[2023-10-13T13:30:57.934+0000] {processor.py:829} INFO - Processing file /home/airflow/.local/lib/python3.8/site-packages/airflow/example_dags/example_sensors.py for tasks to queue
[2023-10-13T13:30:57.942+0000] {logging_mixin.py:151} INFO - [2023-10-13T13:30:57.940+0000] {dagbag.py:536} INFO - Filling up the DagBag from /home/airflow/.local/lib/python3.8/site-packages/airflow/example_dags/example_sensors.py
[2023-10-13T13:30:57.964+0000] {processor.py:839} INFO - DAG(s) dict_keys(['example_sensors']) retrieved from /home/airflow/.local/lib/python3.8/site-packages/airflow/example_dags/example_sensors.py
[2023-10-13T13:30:58.017+0000] {logging_mixin.py:151} INFO - [2023-10-13T13:30:58.017+0000] {dag.py:2941} INFO - Sync 1 DAGs
[2023-10-13T13:30:58.041+0000] {logging_mixin.py:151} INFO - [2023-10-13T13:30:58.041+0000] {dag.py:3722} INFO - Setting next_dagrun for example_sensors to None, run_after=None
[2023-10-13T13:30:58.076+0000] {processor.py:179} INFO - Processing /home/airflow/.local/lib/python3.8/site-packages/airflow/example_dags/example_sensors.py took 0.150 seconds
[2023-10-13T13:31:28.573+0000] {processor.py:157} INFO - Started process (PID=1285) to work on /home/airflow/.local/lib/python3.8/site-packages/airflow/example_dags/example_sensors.py
[2023-10-13T13:31:28.575+0000] {processor.py:829} INFO - Processing file /home/airflow/.local/lib/python3.8/site-packages/airflow/example_dags/example_sensors.py for tasks to queue
[2023-10-13T13:31:28.580+0000] {logging_mixin.py:151} INFO - [2023-10-13T13:31:28.579+0000] {dagbag.py:536} INFO - Filling up the DagBag from /home/airflow/.local/lib/python3.8/site-packages/airflow/example_dags/example_sensors.py
[2023-10-13T13:31:28.832+0000] {processor.py:839} INFO - DAG(s) dict_keys(['example_sensors']) retrieved from /home/airflow/.local/lib/python3.8/site-packages/airflow/example_dags/example_sensors.py
[2023-10-13T13:31:28.910+0000] {logging_mixin.py:151} INFO - [2023-10-13T13:31:28.910+0000] {dag.py:2941} INFO - Sync 1 DAGs
[2023-10-13T13:31:28.939+0000] {logging_mixin.py:151} INFO - [2023-10-13T13:31:28.938+0000] {dag.py:3722} INFO - Setting next_dagrun for example_sensors to None, run_after=None
[2023-10-13T13:31:28.978+0000] {processor.py:179} INFO - Processing /home/airflow/.local/lib/python3.8/site-packages/airflow/example_dags/example_sensors.py took 0.409 seconds
[2023-10-13T13:31:59.203+0000] {processor.py:157} INFO - Started process (PID=1339) to work on /home/airflow/.local/lib/python3.8/site-packages/airflow/example_dags/example_sensors.py
[2023-10-13T13:31:59.206+0000] {processor.py:829} INFO - Processing file /home/airflow/.local/lib/python3.8/site-packages/airflow/example_dags/example_sensors.py for tasks to queue
[2023-10-13T13:31:59.210+0000] {logging_mixin.py:151} INFO - [2023-10-13T13:31:59.209+0000] {dagbag.py:536} INFO - Filling up the DagBag from /home/airflow/.local/lib/python3.8/site-packages/airflow/example_dags/example_sensors.py
[2023-10-13T13:31:59.226+0000] {processor.py:839} INFO - DAG(s) dict_keys(['example_sensors']) retrieved from /home/airflow/.local/lib/python3.8/site-packages/airflow/example_dags/example_sensors.py
[2023-10-13T13:31:59.269+0000] {logging_mixin.py:151} INFO - [2023-10-13T13:31:59.268+0000] {dag.py:2941} INFO - Sync 1 DAGs
[2023-10-13T13:31:59.497+0000] {logging_mixin.py:151} INFO - [2023-10-13T13:31:59.497+0000] {dag.py:3722} INFO - Setting next_dagrun for example_sensors to None, run_after=None
[2023-10-13T13:31:59.526+0000] {processor.py:179} INFO - Processing /home/airflow/.local/lib/python3.8/site-packages/airflow/example_dags/example_sensors.py took 0.327 seconds
[2023-10-13T13:32:29.931+0000] {processor.py:157} INFO - Started process (PID=1393) to work on /home/airflow/.local/lib/python3.8/site-packages/airflow/example_dags/example_sensors.py
[2023-10-13T13:32:29.967+0000] {processor.py:829} INFO - Processing file /home/airflow/.local/lib/python3.8/site-packages/airflow/example_dags/example_sensors.py for tasks to queue
[2023-10-13T13:32:29.973+0000] {logging_mixin.py:151} INFO - [2023-10-13T13:32:29.972+0000] {dagbag.py:536} INFO - Filling up the DagBag from /home/airflow/.local/lib/python3.8/site-packages/airflow/example_dags/example_sensors.py
[2023-10-13T13:32:30.008+0000] {processor.py:839} INFO - DAG(s) dict_keys(['example_sensors']) retrieved from /home/airflow/.local/lib/python3.8/site-packages/airflow/example_dags/example_sensors.py
[2023-10-13T13:32:30.102+0000] {logging_mixin.py:151} INFO - [2023-10-13T13:32:30.102+0000] {dag.py:2941} INFO - Sync 1 DAGs
[2023-10-13T13:32:30.132+0000] {logging_mixin.py:151} INFO - [2023-10-13T13:32:30.132+0000] {dag.py:3722} INFO - Setting next_dagrun for example_sensors to None, run_after=None
[2023-10-13T13:32:30.266+0000] {processor.py:179} INFO - Processing /home/airflow/.local/lib/python3.8/site-packages/airflow/example_dags/example_sensors.py took 0.339 seconds
[2023-10-13T13:33:01.103+0000] {processor.py:157} INFO - Started process (PID=1447) to work on /home/airflow/.local/lib/python3.8/site-packages/airflow/example_dags/example_sensors.py
[2023-10-13T13:33:01.105+0000] {processor.py:829} INFO - Processing file /home/airflow/.local/lib/python3.8/site-packages/airflow/example_dags/example_sensors.py for tasks to queue
[2023-10-13T13:33:01.109+0000] {logging_mixin.py:151} INFO - [2023-10-13T13:33:01.108+0000] {dagbag.py:536} INFO - Filling up the DagBag from /home/airflow/.local/lib/python3.8/site-packages/airflow/example_dags/example_sensors.py
[2023-10-13T13:33:01.121+0000] {processor.py:839} INFO - DAG(s) dict_keys(['example_sensors']) retrieved from /home/airflow/.local/lib/python3.8/site-packages/airflow/example_dags/example_sensors.py
[2023-10-13T13:33:01.159+0000] {logging_mixin.py:151} INFO - [2023-10-13T13:33:01.159+0000] {dag.py:2941} INFO - Sync 1 DAGs
[2023-10-13T13:33:01.181+0000] {logging_mixin.py:151} INFO - [2023-10-13T13:33:01.180+0000] {dag.py:3722} INFO - Setting next_dagrun for example_sensors to None, run_after=None
[2023-10-13T13:33:01.212+0000] {processor.py:179} INFO - Processing /home/airflow/.local/lib/python3.8/site-packages/airflow/example_dags/example_sensors.py took 0.113 seconds
[2023-10-13T13:33:31.536+0000] {processor.py:157} INFO - Started process (PID=1501) to work on /home/airflow/.local/lib/python3.8/site-packages/airflow/example_dags/example_sensors.py
[2023-10-13T13:33:31.538+0000] {processor.py:829} INFO - Processing file /home/airflow/.local/lib/python3.8/site-packages/airflow/example_dags/example_sensors.py for tasks to queue
[2023-10-13T13:33:31.542+0000] {logging_mixin.py:151} INFO - [2023-10-13T13:33:31.542+0000] {dagbag.py:536} INFO - Filling up the DagBag from /home/airflow/.local/lib/python3.8/site-packages/airflow/example_dags/example_sensors.py
[2023-10-13T13:33:31.560+0000] {processor.py:839} INFO - DAG(s) dict_keys(['example_sensors']) retrieved from /home/airflow/.local/lib/python3.8/site-packages/airflow/example_dags/example_sensors.py
[2023-10-13T13:33:31.604+0000] {logging_mixin.py:151} INFO - [2023-10-13T13:33:31.603+0000] {dag.py:2941} INFO - Sync 1 DAGs
[2023-10-13T13:33:31.624+0000] {logging_mixin.py:151} INFO - [2023-10-13T13:33:31.623+0000] {dag.py:3722} INFO - Setting next_dagrun for example_sensors to None, run_after=None
[2023-10-13T13:33:31.657+0000] {processor.py:179} INFO - Processing /home/airflow/.local/lib/python3.8/site-packages/airflow/example_dags/example_sensors.py took 0.126 seconds
[2023-10-13T13:34:01.920+0000] {processor.py:157} INFO - Started process (PID=1556) to work on /home/airflow/.local/lib/python3.8/site-packages/airflow/example_dags/example_sensors.py
[2023-10-13T13:34:01.922+0000] {processor.py:829} INFO - Processing file /home/airflow/.local/lib/python3.8/site-packages/airflow/example_dags/example_sensors.py for tasks to queue
[2023-10-13T13:34:01.926+0000] {logging_mixin.py:151} INFO - [2023-10-13T13:34:01.925+0000] {dagbag.py:536} INFO - Filling up the DagBag from /home/airflow/.local/lib/python3.8/site-packages/airflow/example_dags/example_sensors.py
[2023-10-13T13:34:01.940+0000] {processor.py:839} INFO - DAG(s) dict_keys(['example_sensors']) retrieved from /home/airflow/.local/lib/python3.8/site-packages/airflow/example_dags/example_sensors.py
[2023-10-13T13:34:01.979+0000] {logging_mixin.py:151} INFO - [2023-10-13T13:34:01.979+0000] {dag.py:2941} INFO - Sync 1 DAGs
[2023-10-13T13:34:02.001+0000] {logging_mixin.py:151} INFO - [2023-10-13T13:34:02.001+0000] {dag.py:3722} INFO - Setting next_dagrun for example_sensors to None, run_after=None
[2023-10-13T13:34:02.030+0000] {processor.py:179} INFO - Processing /home/airflow/.local/lib/python3.8/site-packages/airflow/example_dags/example_sensors.py took 0.115 seconds
[2023-10-13T13:34:32.410+0000] {processor.py:157} INFO - Started process (PID=1611) to work on /home/airflow/.local/lib/python3.8/site-packages/airflow/example_dags/example_sensors.py
[2023-10-13T13:34:32.413+0000] {processor.py:829} INFO - Processing file /home/airflow/.local/lib/python3.8/site-packages/airflow/example_dags/example_sensors.py for tasks to queue
[2023-10-13T13:34:32.418+0000] {logging_mixin.py:151} INFO - [2023-10-13T13:34:32.418+0000] {dagbag.py:536} INFO - Filling up the DagBag from /home/airflow/.local/lib/python3.8/site-packages/airflow/example_dags/example_sensors.py
[2023-10-13T13:34:32.439+0000] {processor.py:839} INFO - DAG(s) dict_keys(['example_sensors']) retrieved from /home/airflow/.local/lib/python3.8/site-packages/airflow/example_dags/example_sensors.py
[2023-10-13T13:34:32.487+0000] {logging_mixin.py:151} INFO - [2023-10-13T13:34:32.487+0000] {dag.py:2941} INFO - Sync 1 DAGs
[2023-10-13T13:34:32.512+0000] {logging_mixin.py:151} INFO - [2023-10-13T13:34:32.512+0000] {dag.py:3722} INFO - Setting next_dagrun for example_sensors to None, run_after=None
[2023-10-13T13:34:32.545+0000] {processor.py:179} INFO - Processing /home/airflow/.local/lib/python3.8/site-packages/airflow/example_dags/example_sensors.py took 0.140 seconds
[2023-10-13T13:35:03.333+0000] {processor.py:157} INFO - Started process (PID=1665) to work on /home/airflow/.local/lib/python3.8/site-packages/airflow/example_dags/example_sensors.py
[2023-10-13T13:35:03.335+0000] {processor.py:829} INFO - Processing file /home/airflow/.local/lib/python3.8/site-packages/airflow/example_dags/example_sensors.py for tasks to queue
[2023-10-13T13:35:03.339+0000] {logging_mixin.py:151} INFO - [2023-10-13T13:35:03.338+0000] {dagbag.py:536} INFO - Filling up the DagBag from /home/airflow/.local/lib/python3.8/site-packages/airflow/example_dags/example_sensors.py
[2023-10-13T13:35:03.355+0000] {processor.py:839} INFO - DAG(s) dict_keys(['example_sensors']) retrieved from /home/airflow/.local/lib/python3.8/site-packages/airflow/example_dags/example_sensors.py
[2023-10-13T13:35:03.394+0000] {logging_mixin.py:151} INFO - [2023-10-13T13:35:03.393+0000] {dag.py:2941} INFO - Sync 1 DAGs
[2023-10-13T13:35:03.415+0000] {logging_mixin.py:151} INFO - [2023-10-13T13:35:03.415+0000] {dag.py:3722} INFO - Setting next_dagrun for example_sensors to None, run_after=None
[2023-10-13T13:35:03.444+0000] {processor.py:179} INFO - Processing /home/airflow/.local/lib/python3.8/site-packages/airflow/example_dags/example_sensors.py took 0.115 seconds
[2023-10-13T13:35:34.014+0000] {processor.py:157} INFO - Started process (PID=1719) to work on /home/airflow/.local/lib/python3.8/site-packages/airflow/example_dags/example_sensors.py
[2023-10-13T13:35:34.017+0000] {processor.py:829} INFO - Processing file /home/airflow/.local/lib/python3.8/site-packages/airflow/example_dags/example_sensors.py for tasks to queue
[2023-10-13T13:35:34.021+0000] {logging_mixin.py:151} INFO - [2023-10-13T13:35:34.020+0000] {dagbag.py:536} INFO - Filling up the DagBag from /home/airflow/.local/lib/python3.8/site-packages/airflow/example_dags/example_sensors.py
[2023-10-13T13:35:34.046+0000] {processor.py:839} INFO - DAG(s) dict_keys(['example_sensors']) retrieved from /home/airflow/.local/lib/python3.8/site-packages/airflow/example_dags/example_sensors.py
[2023-10-13T13:35:34.212+0000] {logging_mixin.py:151} INFO - [2023-10-13T13:35:34.211+0000] {dag.py:2941} INFO - Sync 1 DAGs
[2023-10-13T13:35:34.344+0000] {logging_mixin.py:151} INFO - [2023-10-13T13:35:34.343+0000] {dag.py:3722} INFO - Setting next_dagrun for example_sensors to None, run_after=None
[2023-10-13T13:35:34.444+0000] {processor.py:179} INFO - Processing /home/airflow/.local/lib/python3.8/site-packages/airflow/example_dags/example_sensors.py took 0.439 seconds
[2023-10-13T13:36:05.218+0000] {processor.py:157} INFO - Started process (PID=1773) to work on /home/airflow/.local/lib/python3.8/site-packages/airflow/example_dags/example_sensors.py
[2023-10-13T13:36:05.220+0000] {processor.py:829} INFO - Processing file /home/airflow/.local/lib/python3.8/site-packages/airflow/example_dags/example_sensors.py for tasks to queue
[2023-10-13T13:36:05.223+0000] {logging_mixin.py:151} INFO - [2023-10-13T13:36:05.223+0000] {dagbag.py:536} INFO - Filling up the DagBag from /home/airflow/.local/lib/python3.8/site-packages/airflow/example_dags/example_sensors.py
[2023-10-13T13:36:05.237+0000] {processor.py:839} INFO - DAG(s) dict_keys(['example_sensors']) retrieved from /home/airflow/.local/lib/python3.8/site-packages/airflow/example_dags/example_sensors.py
[2023-10-13T13:36:05.281+0000] {logging_mixin.py:151} INFO - [2023-10-13T13:36:05.281+0000] {dag.py:2941} INFO - Sync 1 DAGs
[2023-10-13T13:36:05.298+0000] {logging_mixin.py:151} INFO - [2023-10-13T13:36:05.298+0000] {dag.py:3722} INFO - Setting next_dagrun for example_sensors to None, run_after=None
[2023-10-13T13:36:05.762+0000] {processor.py:179} INFO - Processing /home/airflow/.local/lib/python3.8/site-packages/airflow/example_dags/example_sensors.py took 0.548 seconds
[2023-10-13T13:36:36.236+0000] {processor.py:157} INFO - Started process (PID=1826) to work on /home/airflow/.local/lib/python3.8/site-packages/airflow/example_dags/example_sensors.py
[2023-10-13T13:36:36.238+0000] {processor.py:829} INFO - Processing file /home/airflow/.local/lib/python3.8/site-packages/airflow/example_dags/example_sensors.py for tasks to queue
[2023-10-13T13:36:36.242+0000] {logging_mixin.py:151} INFO - [2023-10-13T13:36:36.241+0000] {dagbag.py:536} INFO - Filling up the DagBag from /home/airflow/.local/lib/python3.8/site-packages/airflow/example_dags/example_sensors.py
[2023-10-13T13:36:36.257+0000] {processor.py:839} INFO - DAG(s) dict_keys(['example_sensors']) retrieved from /home/airflow/.local/lib/python3.8/site-packages/airflow/example_dags/example_sensors.py
[2023-10-13T13:36:36.293+0000] {logging_mixin.py:151} INFO - [2023-10-13T13:36:36.293+0000] {dag.py:2941} INFO - Sync 1 DAGs
[2023-10-13T13:36:36.310+0000] {logging_mixin.py:151} INFO - [2023-10-13T13:36:36.310+0000] {dag.py:3722} INFO - Setting next_dagrun for example_sensors to None, run_after=None
[2023-10-13T13:36:36.340+0000] {processor.py:179} INFO - Processing /home/airflow/.local/lib/python3.8/site-packages/airflow/example_dags/example_sensors.py took 0.108 seconds
