[2023-10-13T13:19:30.412+0000] {processor.py:157} INFO - Started process (PID=44) to work on /home/airflow/.local/lib/python3.8/site-packages/airflow/example_dags/example_sensor_decorator.py
[2023-10-13T13:19:30.414+0000] {processor.py:829} INFO - Processing file /home/airflow/.local/lib/python3.8/site-packages/airflow/example_dags/example_sensor_decorator.py for tasks to queue
[2023-10-13T13:19:30.419+0000] {logging_mixin.py:151} INFO - [2023-10-13T13:19:30.419+0000] {dagbag.py:536} INFO - Filling up the DagBag from /home/airflow/.local/lib/python3.8/site-packages/airflow/example_dags/example_sensor_decorator.py
[2023-10-13T13:19:30.433+0000] {processor.py:839} INFO - DAG(s) dict_keys(['example_sensor_decorator']) retrieved from /home/airflow/.local/lib/python3.8/site-packages/airflow/example_dags/example_sensor_decorator.py
[2023-10-13T13:19:30.471+0000] {logging_mixin.py:151} INFO - [2023-10-13T13:19:30.471+0000] {dag.py:2941} INFO - Sync 1 DAGs
[2023-10-13T13:19:30.492+0000] {logging_mixin.py:151} INFO - [2023-10-13T13:19:30.492+0000] {dag.py:3722} INFO - Setting next_dagrun for example_sensor_decorator to None, run_after=None
[2023-10-13T13:19:30.547+0000] {processor.py:179} INFO - Processing /home/airflow/.local/lib/python3.8/site-packages/airflow/example_dags/example_sensor_decorator.py took 0.141 seconds
[2023-10-13T13:20:01.860+0000] {processor.py:157} INFO - Started process (PID=98) to work on /home/airflow/.local/lib/python3.8/site-packages/airflow/example_dags/example_sensor_decorator.py
[2023-10-13T13:20:01.863+0000] {processor.py:829} INFO - Processing file /home/airflow/.local/lib/python3.8/site-packages/airflow/example_dags/example_sensor_decorator.py for tasks to queue
[2023-10-13T13:20:01.868+0000] {logging_mixin.py:151} INFO - [2023-10-13T13:20:01.867+0000] {dagbag.py:536} INFO - Filling up the DagBag from /home/airflow/.local/lib/python3.8/site-packages/airflow/example_dags/example_sensor_decorator.py
[2023-10-13T13:20:01.878+0000] {processor.py:839} INFO - DAG(s) dict_keys(['example_sensor_decorator']) retrieved from /home/airflow/.local/lib/python3.8/site-packages/airflow/example_dags/example_sensor_decorator.py
[2023-10-13T13:20:01.911+0000] {logging_mixin.py:151} INFO - [2023-10-13T13:20:01.911+0000] {dag.py:2941} INFO - Sync 1 DAGs
[2023-10-13T13:20:01.932+0000] {logging_mixin.py:151} INFO - [2023-10-13T13:20:01.932+0000] {dag.py:3722} INFO - Setting next_dagrun for example_sensor_decorator to None, run_after=None
[2023-10-13T13:20:01.967+0000] {processor.py:179} INFO - Processing /home/airflow/.local/lib/python3.8/site-packages/airflow/example_dags/example_sensor_decorator.py took 0.113 seconds
[2023-10-13T13:20:33.384+0000] {processor.py:157} INFO - Started process (PID=152) to work on /home/airflow/.local/lib/python3.8/site-packages/airflow/example_dags/example_sensor_decorator.py
[2023-10-13T13:20:33.386+0000] {processor.py:829} INFO - Processing file /home/airflow/.local/lib/python3.8/site-packages/airflow/example_dags/example_sensor_decorator.py for tasks to queue
[2023-10-13T13:20:33.391+0000] {logging_mixin.py:151} INFO - [2023-10-13T13:20:33.390+0000] {dagbag.py:536} INFO - Filling up the DagBag from /home/airflow/.local/lib/python3.8/site-packages/airflow/example_dags/example_sensor_decorator.py
[2023-10-13T13:20:33.405+0000] {processor.py:839} INFO - DAG(s) dict_keys(['example_sensor_decorator']) retrieved from /home/airflow/.local/lib/python3.8/site-packages/airflow/example_dags/example_sensor_decorator.py
[2023-10-13T13:20:33.438+0000] {logging_mixin.py:151} INFO - [2023-10-13T13:20:33.438+0000] {dag.py:2941} INFO - Sync 1 DAGs
[2023-10-13T13:20:33.461+0000] {logging_mixin.py:151} INFO - [2023-10-13T13:20:33.461+0000] {dag.py:3722} INFO - Setting next_dagrun for example_sensor_decorator to None, run_after=None
[2023-10-13T13:20:33.505+0000] {processor.py:179} INFO - Processing /home/airflow/.local/lib/python3.8/site-packages/airflow/example_dags/example_sensor_decorator.py took 0.126 seconds
[2023-10-13T13:21:04.056+0000] {processor.py:157} INFO - Started process (PID=204) to work on /home/airflow/.local/lib/python3.8/site-packages/airflow/example_dags/example_sensor_decorator.py
[2023-10-13T13:21:04.058+0000] {processor.py:829} INFO - Processing file /home/airflow/.local/lib/python3.8/site-packages/airflow/example_dags/example_sensor_decorator.py for tasks to queue
[2023-10-13T13:21:04.069+0000] {logging_mixin.py:151} INFO - [2023-10-13T13:21:04.068+0000] {dagbag.py:536} INFO - Filling up the DagBag from /home/airflow/.local/lib/python3.8/site-packages/airflow/example_dags/example_sensor_decorator.py
[2023-10-13T13:21:04.087+0000] {processor.py:839} INFO - DAG(s) dict_keys(['example_sensor_decorator']) retrieved from /home/airflow/.local/lib/python3.8/site-packages/airflow/example_dags/example_sensor_decorator.py
[2023-10-13T13:21:04.121+0000] {logging_mixin.py:151} INFO - [2023-10-13T13:21:04.121+0000] {dag.py:2941} INFO - Sync 1 DAGs
[2023-10-13T13:21:04.151+0000] {logging_mixin.py:151} INFO - [2023-10-13T13:21:04.151+0000] {dag.py:3722} INFO - Setting next_dagrun for example_sensor_decorator to None, run_after=None
[2023-10-13T13:21:04.181+0000] {processor.py:179} INFO - Processing /home/airflow/.local/lib/python3.8/site-packages/airflow/example_dags/example_sensor_decorator.py took 0.130 seconds
[2023-10-13T13:21:35.169+0000] {processor.py:157} INFO - Started process (PID=258) to work on /home/airflow/.local/lib/python3.8/site-packages/airflow/example_dags/example_sensor_decorator.py
[2023-10-13T13:21:35.172+0000] {processor.py:829} INFO - Processing file /home/airflow/.local/lib/python3.8/site-packages/airflow/example_dags/example_sensor_decorator.py for tasks to queue
[2023-10-13T13:21:35.176+0000] {logging_mixin.py:151} INFO - [2023-10-13T13:21:35.175+0000] {dagbag.py:536} INFO - Filling up the DagBag from /home/airflow/.local/lib/python3.8/site-packages/airflow/example_dags/example_sensor_decorator.py
[2023-10-13T13:21:35.183+0000] {processor.py:839} INFO - DAG(s) dict_keys(['example_sensor_decorator']) retrieved from /home/airflow/.local/lib/python3.8/site-packages/airflow/example_dags/example_sensor_decorator.py
[2023-10-13T13:21:35.216+0000] {logging_mixin.py:151} INFO - [2023-10-13T13:21:35.216+0000] {dag.py:2941} INFO - Sync 1 DAGs
[2023-10-13T13:21:35.235+0000] {logging_mixin.py:151} INFO - [2023-10-13T13:21:35.235+0000] {dag.py:3722} INFO - Setting next_dagrun for example_sensor_decorator to None, run_after=None
[2023-10-13T13:21:35.261+0000] {processor.py:179} INFO - Processing /home/airflow/.local/lib/python3.8/site-packages/airflow/example_dags/example_sensor_decorator.py took 0.096 seconds
[2023-10-13T13:22:05.853+0000] {processor.py:157} INFO - Started process (PID=312) to work on /home/airflow/.local/lib/python3.8/site-packages/airflow/example_dags/example_sensor_decorator.py
[2023-10-13T13:22:05.854+0000] {processor.py:829} INFO - Processing file /home/airflow/.local/lib/python3.8/site-packages/airflow/example_dags/example_sensor_decorator.py for tasks to queue
[2023-10-13T13:22:05.858+0000] {logging_mixin.py:151} INFO - [2023-10-13T13:22:05.857+0000] {dagbag.py:536} INFO - Filling up the DagBag from /home/airflow/.local/lib/python3.8/site-packages/airflow/example_dags/example_sensor_decorator.py
[2023-10-13T13:22:05.866+0000] {processor.py:839} INFO - DAG(s) dict_keys(['example_sensor_decorator']) retrieved from /home/airflow/.local/lib/python3.8/site-packages/airflow/example_dags/example_sensor_decorator.py
[2023-10-13T13:22:05.895+0000] {logging_mixin.py:151} INFO - [2023-10-13T13:22:05.894+0000] {dag.py:2941} INFO - Sync 1 DAGs
[2023-10-13T13:22:05.913+0000] {logging_mixin.py:151} INFO - [2023-10-13T13:22:05.913+0000] {dag.py:3722} INFO - Setting next_dagrun for example_sensor_decorator to None, run_after=None
[2023-10-13T13:22:05.939+0000] {processor.py:179} INFO - Processing /home/airflow/.local/lib/python3.8/site-packages/airflow/example_dags/example_sensor_decorator.py took 0.091 seconds
[2023-10-13T13:22:36.755+0000] {processor.py:157} INFO - Started process (PID=366) to work on /home/airflow/.local/lib/python3.8/site-packages/airflow/example_dags/example_sensor_decorator.py
[2023-10-13T13:22:36.757+0000] {processor.py:829} INFO - Processing file /home/airflow/.local/lib/python3.8/site-packages/airflow/example_dags/example_sensor_decorator.py for tasks to queue
[2023-10-13T13:22:36.762+0000] {logging_mixin.py:151} INFO - [2023-10-13T13:22:36.762+0000] {dagbag.py:536} INFO - Filling up the DagBag from /home/airflow/.local/lib/python3.8/site-packages/airflow/example_dags/example_sensor_decorator.py
[2023-10-13T13:22:36.770+0000] {processor.py:839} INFO - DAG(s) dict_keys(['example_sensor_decorator']) retrieved from /home/airflow/.local/lib/python3.8/site-packages/airflow/example_dags/example_sensor_decorator.py
[2023-10-13T13:22:36.801+0000] {logging_mixin.py:151} INFO - [2023-10-13T13:22:36.800+0000] {dag.py:2941} INFO - Sync 1 DAGs
[2023-10-13T13:22:36.818+0000] {logging_mixin.py:151} INFO - [2023-10-13T13:22:36.817+0000] {dag.py:3722} INFO - Setting next_dagrun for example_sensor_decorator to None, run_after=None
[2023-10-13T13:22:36.847+0000] {processor.py:179} INFO - Processing /home/airflow/.local/lib/python3.8/site-packages/airflow/example_dags/example_sensor_decorator.py took 0.096 seconds
[2023-10-13T13:23:07.645+0000] {processor.py:157} INFO - Started process (PID=420) to work on /home/airflow/.local/lib/python3.8/site-packages/airflow/example_dags/example_sensor_decorator.py
[2023-10-13T13:23:07.647+0000] {processor.py:829} INFO - Processing file /home/airflow/.local/lib/python3.8/site-packages/airflow/example_dags/example_sensor_decorator.py for tasks to queue
[2023-10-13T13:23:07.652+0000] {logging_mixin.py:151} INFO - [2023-10-13T13:23:07.652+0000] {dagbag.py:536} INFO - Filling up the DagBag from /home/airflow/.local/lib/python3.8/site-packages/airflow/example_dags/example_sensor_decorator.py
[2023-10-13T13:23:07.661+0000] {processor.py:839} INFO - DAG(s) dict_keys(['example_sensor_decorator']) retrieved from /home/airflow/.local/lib/python3.8/site-packages/airflow/example_dags/example_sensor_decorator.py
[2023-10-13T13:23:07.694+0000] {logging_mixin.py:151} INFO - [2023-10-13T13:23:07.694+0000] {dag.py:2941} INFO - Sync 1 DAGs
[2023-10-13T13:23:07.722+0000] {logging_mixin.py:151} INFO - [2023-10-13T13:23:07.721+0000] {dag.py:3722} INFO - Setting next_dagrun for example_sensor_decorator to None, run_after=None
[2023-10-13T13:23:07.759+0000] {processor.py:179} INFO - Processing /home/airflow/.local/lib/python3.8/site-packages/airflow/example_dags/example_sensor_decorator.py took 0.118 seconds
[2023-10-13T13:23:38.083+0000] {processor.py:157} INFO - Started process (PID=474) to work on /home/airflow/.local/lib/python3.8/site-packages/airflow/example_dags/example_sensor_decorator.py
[2023-10-13T13:23:38.085+0000] {processor.py:829} INFO - Processing file /home/airflow/.local/lib/python3.8/site-packages/airflow/example_dags/example_sensor_decorator.py for tasks to queue
[2023-10-13T13:23:38.089+0000] {logging_mixin.py:151} INFO - [2023-10-13T13:23:38.088+0000] {dagbag.py:536} INFO - Filling up the DagBag from /home/airflow/.local/lib/python3.8/site-packages/airflow/example_dags/example_sensor_decorator.py
[2023-10-13T13:23:38.095+0000] {processor.py:839} INFO - DAG(s) dict_keys(['example_sensor_decorator']) retrieved from /home/airflow/.local/lib/python3.8/site-packages/airflow/example_dags/example_sensor_decorator.py
[2023-10-13T13:23:38.121+0000] {logging_mixin.py:151} INFO - [2023-10-13T13:23:38.120+0000] {dag.py:2941} INFO - Sync 1 DAGs
[2023-10-13T13:23:38.136+0000] {logging_mixin.py:151} INFO - [2023-10-13T13:23:38.135+0000] {dag.py:3722} INFO - Setting next_dagrun for example_sensor_decorator to None, run_after=None
[2023-10-13T13:23:38.167+0000] {processor.py:179} INFO - Processing /home/airflow/.local/lib/python3.8/site-packages/airflow/example_dags/example_sensor_decorator.py took 0.089 seconds
[2023-10-13T13:24:08.654+0000] {processor.py:157} INFO - Started process (PID=528) to work on /home/airflow/.local/lib/python3.8/site-packages/airflow/example_dags/example_sensor_decorator.py
[2023-10-13T13:24:08.656+0000] {processor.py:829} INFO - Processing file /home/airflow/.local/lib/python3.8/site-packages/airflow/example_dags/example_sensor_decorator.py for tasks to queue
[2023-10-13T13:24:08.660+0000] {logging_mixin.py:151} INFO - [2023-10-13T13:24:08.659+0000] {dagbag.py:536} INFO - Filling up the DagBag from /home/airflow/.local/lib/python3.8/site-packages/airflow/example_dags/example_sensor_decorator.py
[2023-10-13T13:24:08.668+0000] {processor.py:839} INFO - DAG(s) dict_keys(['example_sensor_decorator']) retrieved from /home/airflow/.local/lib/python3.8/site-packages/airflow/example_dags/example_sensor_decorator.py
[2023-10-13T13:24:08.727+0000] {logging_mixin.py:151} INFO - [2023-10-13T13:24:08.727+0000] {dag.py:2941} INFO - Sync 1 DAGs
[2023-10-13T13:24:08.755+0000] {logging_mixin.py:151} INFO - [2023-10-13T13:24:08.754+0000] {dag.py:3722} INFO - Setting next_dagrun for example_sensor_decorator to None, run_after=None
[2023-10-13T13:24:08.828+0000] {processor.py:179} INFO - Processing /home/airflow/.local/lib/python3.8/site-packages/airflow/example_dags/example_sensor_decorator.py took 0.180 seconds
[2023-10-13T13:24:39.015+0000] {processor.py:157} INFO - Started process (PID=589) to work on /home/airflow/.local/lib/python3.8/site-packages/airflow/example_dags/example_sensor_decorator.py
[2023-10-13T13:24:39.016+0000] {processor.py:829} INFO - Processing file /home/airflow/.local/lib/python3.8/site-packages/airflow/example_dags/example_sensor_decorator.py for tasks to queue
[2023-10-13T13:24:39.020+0000] {logging_mixin.py:151} INFO - [2023-10-13T13:24:39.020+0000] {dagbag.py:536} INFO - Filling up the DagBag from /home/airflow/.local/lib/python3.8/site-packages/airflow/example_dags/example_sensor_decorator.py
[2023-10-13T13:24:39.033+0000] {processor.py:839} INFO - DAG(s) dict_keys(['example_sensor_decorator']) retrieved from /home/airflow/.local/lib/python3.8/site-packages/airflow/example_dags/example_sensor_decorator.py
[2023-10-13T13:24:39.062+0000] {logging_mixin.py:151} INFO - [2023-10-13T13:24:39.061+0000] {dag.py:2941} INFO - Sync 1 DAGs
[2023-10-13T13:24:39.079+0000] {logging_mixin.py:151} INFO - [2023-10-13T13:24:39.079+0000] {dag.py:3722} INFO - Setting next_dagrun for example_sensor_decorator to None, run_after=None
[2023-10-13T13:24:39.115+0000] {processor.py:179} INFO - Processing /home/airflow/.local/lib/python3.8/site-packages/airflow/example_dags/example_sensor_decorator.py took 0.103 seconds
[2023-10-13T13:25:09.763+0000] {processor.py:157} INFO - Started process (PID=643) to work on /home/airflow/.local/lib/python3.8/site-packages/airflow/example_dags/example_sensor_decorator.py
[2023-10-13T13:25:09.766+0000] {processor.py:829} INFO - Processing file /home/airflow/.local/lib/python3.8/site-packages/airflow/example_dags/example_sensor_decorator.py for tasks to queue
[2023-10-13T13:25:09.773+0000] {logging_mixin.py:151} INFO - [2023-10-13T13:25:09.772+0000] {dagbag.py:536} INFO - Filling up the DagBag from /home/airflow/.local/lib/python3.8/site-packages/airflow/example_dags/example_sensor_decorator.py
[2023-10-13T13:25:09.789+0000] {processor.py:839} INFO - DAG(s) dict_keys(['example_sensor_decorator']) retrieved from /home/airflow/.local/lib/python3.8/site-packages/airflow/example_dags/example_sensor_decorator.py
[2023-10-13T13:25:09.857+0000] {logging_mixin.py:151} INFO - [2023-10-13T13:25:09.856+0000] {dag.py:2941} INFO - Sync 1 DAGs
[2023-10-13T13:25:09.893+0000] {logging_mixin.py:151} INFO - [2023-10-13T13:25:09.893+0000] {dag.py:3722} INFO - Setting next_dagrun for example_sensor_decorator to None, run_after=None
[2023-10-13T13:25:09.966+0000] {processor.py:179} INFO - Processing /home/airflow/.local/lib/python3.8/site-packages/airflow/example_dags/example_sensor_decorator.py took 0.214 seconds
[2023-10-13T13:25:40.219+0000] {processor.py:157} INFO - Started process (PID=697) to work on /home/airflow/.local/lib/python3.8/site-packages/airflow/example_dags/example_sensor_decorator.py
[2023-10-13T13:25:40.221+0000] {processor.py:829} INFO - Processing file /home/airflow/.local/lib/python3.8/site-packages/airflow/example_dags/example_sensor_decorator.py for tasks to queue
[2023-10-13T13:25:40.224+0000] {logging_mixin.py:151} INFO - [2023-10-13T13:25:40.224+0000] {dagbag.py:536} INFO - Filling up the DagBag from /home/airflow/.local/lib/python3.8/site-packages/airflow/example_dags/example_sensor_decorator.py
[2023-10-13T13:25:40.232+0000] {processor.py:839} INFO - DAG(s) dict_keys(['example_sensor_decorator']) retrieved from /home/airflow/.local/lib/python3.8/site-packages/airflow/example_dags/example_sensor_decorator.py
[2023-10-13T13:25:40.262+0000] {logging_mixin.py:151} INFO - [2023-10-13T13:25:40.262+0000] {dag.py:2941} INFO - Sync 1 DAGs
[2023-10-13T13:25:40.284+0000] {logging_mixin.py:151} INFO - [2023-10-13T13:25:40.284+0000] {dag.py:3722} INFO - Setting next_dagrun for example_sensor_decorator to None, run_after=None
[2023-10-13T13:25:40.319+0000] {processor.py:179} INFO - Processing /home/airflow/.local/lib/python3.8/site-packages/airflow/example_dags/example_sensor_decorator.py took 0.106 seconds
[2023-10-13T13:26:11.082+0000] {processor.py:157} INFO - Started process (PID=751) to work on /home/airflow/.local/lib/python3.8/site-packages/airflow/example_dags/example_sensor_decorator.py
[2023-10-13T13:26:11.085+0000] {processor.py:829} INFO - Processing file /home/airflow/.local/lib/python3.8/site-packages/airflow/example_dags/example_sensor_decorator.py for tasks to queue
[2023-10-13T13:26:11.088+0000] {logging_mixin.py:151} INFO - [2023-10-13T13:26:11.088+0000] {dagbag.py:536} INFO - Filling up the DagBag from /home/airflow/.local/lib/python3.8/site-packages/airflow/example_dags/example_sensor_decorator.py
[2023-10-13T13:26:11.096+0000] {processor.py:839} INFO - DAG(s) dict_keys(['example_sensor_decorator']) retrieved from /home/airflow/.local/lib/python3.8/site-packages/airflow/example_dags/example_sensor_decorator.py
[2023-10-13T13:26:11.121+0000] {logging_mixin.py:151} INFO - [2023-10-13T13:26:11.121+0000] {dag.py:2941} INFO - Sync 1 DAGs
[2023-10-13T13:26:11.141+0000] {logging_mixin.py:151} INFO - [2023-10-13T13:26:11.141+0000] {dag.py:3722} INFO - Setting next_dagrun for example_sensor_decorator to None, run_after=None
[2023-10-13T13:26:11.211+0000] {processor.py:179} INFO - Processing /home/airflow/.local/lib/python3.8/site-packages/airflow/example_dags/example_sensor_decorator.py took 0.134 seconds
[2023-10-13T13:26:42.570+0000] {processor.py:157} INFO - Started process (PID=805) to work on /home/airflow/.local/lib/python3.8/site-packages/airflow/example_dags/example_sensor_decorator.py
[2023-10-13T13:26:42.572+0000] {processor.py:829} INFO - Processing file /home/airflow/.local/lib/python3.8/site-packages/airflow/example_dags/example_sensor_decorator.py for tasks to queue
[2023-10-13T13:26:42.575+0000] {logging_mixin.py:151} INFO - [2023-10-13T13:26:42.575+0000] {dagbag.py:536} INFO - Filling up the DagBag from /home/airflow/.local/lib/python3.8/site-packages/airflow/example_dags/example_sensor_decorator.py
[2023-10-13T13:26:42.585+0000] {processor.py:839} INFO - DAG(s) dict_keys(['example_sensor_decorator']) retrieved from /home/airflow/.local/lib/python3.8/site-packages/airflow/example_dags/example_sensor_decorator.py
[2023-10-13T13:26:42.614+0000] {logging_mixin.py:151} INFO - [2023-10-13T13:26:42.614+0000] {dag.py:2941} INFO - Sync 1 DAGs
[2023-10-13T13:26:42.633+0000] {logging_mixin.py:151} INFO - [2023-10-13T13:26:42.632+0000] {dag.py:3722} INFO - Setting next_dagrun for example_sensor_decorator to None, run_after=None
[2023-10-13T13:26:42.673+0000] {processor.py:179} INFO - Processing /home/airflow/.local/lib/python3.8/site-packages/airflow/example_dags/example_sensor_decorator.py took 0.107 seconds
[2023-10-13T13:27:13.408+0000] {processor.py:157} INFO - Started process (PID=859) to work on /home/airflow/.local/lib/python3.8/site-packages/airflow/example_dags/example_sensor_decorator.py
[2023-10-13T13:27:13.410+0000] {processor.py:829} INFO - Processing file /home/airflow/.local/lib/python3.8/site-packages/airflow/example_dags/example_sensor_decorator.py for tasks to queue
[2023-10-13T13:27:13.415+0000] {logging_mixin.py:151} INFO - [2023-10-13T13:27:13.415+0000] {dagbag.py:536} INFO - Filling up the DagBag from /home/airflow/.local/lib/python3.8/site-packages/airflow/example_dags/example_sensor_decorator.py
[2023-10-13T13:27:13.425+0000] {processor.py:839} INFO - DAG(s) dict_keys(['example_sensor_decorator']) retrieved from /home/airflow/.local/lib/python3.8/site-packages/airflow/example_dags/example_sensor_decorator.py
[2023-10-13T13:27:13.462+0000] {logging_mixin.py:151} INFO - [2023-10-13T13:27:13.462+0000] {dag.py:2941} INFO - Sync 1 DAGs
[2023-10-13T13:27:13.486+0000] {logging_mixin.py:151} INFO - [2023-10-13T13:27:13.485+0000] {dag.py:3722} INFO - Setting next_dagrun for example_sensor_decorator to None, run_after=None
[2023-10-13T13:27:13.518+0000] {processor.py:179} INFO - Processing /home/airflow/.local/lib/python3.8/site-packages/airflow/example_dags/example_sensor_decorator.py took 0.115 seconds
[2023-10-13T13:27:44.108+0000] {processor.py:157} INFO - Started process (PID=913) to work on /home/airflow/.local/lib/python3.8/site-packages/airflow/example_dags/example_sensor_decorator.py
[2023-10-13T13:27:44.109+0000] {processor.py:829} INFO - Processing file /home/airflow/.local/lib/python3.8/site-packages/airflow/example_dags/example_sensor_decorator.py for tasks to queue
[2023-10-13T13:27:44.113+0000] {logging_mixin.py:151} INFO - [2023-10-13T13:27:44.113+0000] {dagbag.py:536} INFO - Filling up the DagBag from /home/airflow/.local/lib/python3.8/site-packages/airflow/example_dags/example_sensor_decorator.py
[2023-10-13T13:27:44.125+0000] {processor.py:839} INFO - DAG(s) dict_keys(['example_sensor_decorator']) retrieved from /home/airflow/.local/lib/python3.8/site-packages/airflow/example_dags/example_sensor_decorator.py
[2023-10-13T13:27:44.160+0000] {logging_mixin.py:151} INFO - [2023-10-13T13:27:44.160+0000] {dag.py:2941} INFO - Sync 1 DAGs
[2023-10-13T13:27:44.183+0000] {logging_mixin.py:151} INFO - [2023-10-13T13:27:44.183+0000] {dag.py:3722} INFO - Setting next_dagrun for example_sensor_decorator to None, run_after=None
[2023-10-13T13:27:44.213+0000] {processor.py:179} INFO - Processing /home/airflow/.local/lib/python3.8/site-packages/airflow/example_dags/example_sensor_decorator.py took 0.110 seconds
[2023-10-13T13:28:16.538+0000] {processor.py:157} INFO - Started process (PID=967) to work on /home/airflow/.local/lib/python3.8/site-packages/airflow/example_dags/example_sensor_decorator.py
[2023-10-13T13:28:16.541+0000] {processor.py:829} INFO - Processing file /home/airflow/.local/lib/python3.8/site-packages/airflow/example_dags/example_sensor_decorator.py for tasks to queue
[2023-10-13T13:28:16.545+0000] {logging_mixin.py:151} INFO - [2023-10-13T13:28:16.544+0000] {dagbag.py:536} INFO - Filling up the DagBag from /home/airflow/.local/lib/python3.8/site-packages/airflow/example_dags/example_sensor_decorator.py
[2023-10-13T13:28:16.557+0000] {processor.py:839} INFO - DAG(s) dict_keys(['example_sensor_decorator']) retrieved from /home/airflow/.local/lib/python3.8/site-packages/airflow/example_dags/example_sensor_decorator.py
[2023-10-13T13:28:16.600+0000] {logging_mixin.py:151} INFO - [2023-10-13T13:28:16.599+0000] {dag.py:2941} INFO - Sync 1 DAGs
[2023-10-13T13:28:16.626+0000] {logging_mixin.py:151} INFO - [2023-10-13T13:28:16.626+0000] {dag.py:3722} INFO - Setting next_dagrun for example_sensor_decorator to None, run_after=None
[2023-10-13T13:28:16.665+0000] {processor.py:179} INFO - Processing /home/airflow/.local/lib/python3.8/site-packages/airflow/example_dags/example_sensor_decorator.py took 0.132 seconds
[2023-10-13T13:28:47.010+0000] {processor.py:157} INFO - Started process (PID=1021) to work on /home/airflow/.local/lib/python3.8/site-packages/airflow/example_dags/example_sensor_decorator.py
[2023-10-13T13:28:47.016+0000] {processor.py:829} INFO - Processing file /home/airflow/.local/lib/python3.8/site-packages/airflow/example_dags/example_sensor_decorator.py for tasks to queue
[2023-10-13T13:28:47.020+0000] {logging_mixin.py:151} INFO - [2023-10-13T13:28:47.020+0000] {dagbag.py:536} INFO - Filling up the DagBag from /home/airflow/.local/lib/python3.8/site-packages/airflow/example_dags/example_sensor_decorator.py
[2023-10-13T13:28:47.030+0000] {processor.py:839} INFO - DAG(s) dict_keys(['example_sensor_decorator']) retrieved from /home/airflow/.local/lib/python3.8/site-packages/airflow/example_dags/example_sensor_decorator.py
[2023-10-13T13:28:47.065+0000] {logging_mixin.py:151} INFO - [2023-10-13T13:28:47.064+0000] {dag.py:2941} INFO - Sync 1 DAGs
[2023-10-13T13:28:47.099+0000] {logging_mixin.py:151} INFO - [2023-10-13T13:28:47.099+0000] {dag.py:3722} INFO - Setting next_dagrun for example_sensor_decorator to None, run_after=None
[2023-10-13T13:28:47.139+0000] {processor.py:179} INFO - Processing /home/airflow/.local/lib/python3.8/site-packages/airflow/example_dags/example_sensor_decorator.py took 0.133 seconds
[2023-10-13T13:29:17.231+0000] {processor.py:157} INFO - Started process (PID=1075) to work on /home/airflow/.local/lib/python3.8/site-packages/airflow/example_dags/example_sensor_decorator.py
[2023-10-13T13:29:17.233+0000] {processor.py:829} INFO - Processing file /home/airflow/.local/lib/python3.8/site-packages/airflow/example_dags/example_sensor_decorator.py for tasks to queue
[2023-10-13T13:29:17.236+0000] {logging_mixin.py:151} INFO - [2023-10-13T13:29:17.236+0000] {dagbag.py:536} INFO - Filling up the DagBag from /home/airflow/.local/lib/python3.8/site-packages/airflow/example_dags/example_sensor_decorator.py
[2023-10-13T13:29:17.245+0000] {processor.py:839} INFO - DAG(s) dict_keys(['example_sensor_decorator']) retrieved from /home/airflow/.local/lib/python3.8/site-packages/airflow/example_dags/example_sensor_decorator.py
[2023-10-13T13:29:17.276+0000] {logging_mixin.py:151} INFO - [2023-10-13T13:29:17.275+0000] {dag.py:2941} INFO - Sync 1 DAGs
[2023-10-13T13:29:17.296+0000] {logging_mixin.py:151} INFO - [2023-10-13T13:29:17.296+0000] {dag.py:3722} INFO - Setting next_dagrun for example_sensor_decorator to None, run_after=None
[2023-10-13T13:29:17.326+0000] {processor.py:179} INFO - Processing /home/airflow/.local/lib/python3.8/site-packages/airflow/example_dags/example_sensor_decorator.py took 0.100 seconds
[2023-10-13T13:29:56.853+0000] {processor.py:157} INFO - Started process (PID=1129) to work on /home/airflow/.local/lib/python3.8/site-packages/airflow/example_dags/example_sensor_decorator.py
[2023-10-13T13:29:56.855+0000] {processor.py:829} INFO - Processing file /home/airflow/.local/lib/python3.8/site-packages/airflow/example_dags/example_sensor_decorator.py for tasks to queue
[2023-10-13T13:29:56.858+0000] {logging_mixin.py:151} INFO - [2023-10-13T13:29:56.858+0000] {dagbag.py:536} INFO - Filling up the DagBag from /home/airflow/.local/lib/python3.8/site-packages/airflow/example_dags/example_sensor_decorator.py
[2023-10-13T13:29:56.867+0000] {processor.py:839} INFO - DAG(s) dict_keys(['example_sensor_decorator']) retrieved from /home/airflow/.local/lib/python3.8/site-packages/airflow/example_dags/example_sensor_decorator.py
[2023-10-13T13:29:56.896+0000] {logging_mixin.py:151} INFO - [2023-10-13T13:29:56.896+0000] {dag.py:2941} INFO - Sync 1 DAGs
[2023-10-13T13:29:56.913+0000] {logging_mixin.py:151} INFO - [2023-10-13T13:29:56.912+0000] {dag.py:3722} INFO - Setting next_dagrun for example_sensor_decorator to None, run_after=None
[2023-10-13T13:29:57.002+0000] {processor.py:179} INFO - Processing /home/airflow/.local/lib/python3.8/site-packages/airflow/example_dags/example_sensor_decorator.py took 0.154 seconds
[2023-10-13T13:30:28.499+0000] {processor.py:157} INFO - Started process (PID=1183) to work on /home/airflow/.local/lib/python3.8/site-packages/airflow/example_dags/example_sensor_decorator.py
[2023-10-13T13:30:28.501+0000] {processor.py:829} INFO - Processing file /home/airflow/.local/lib/python3.8/site-packages/airflow/example_dags/example_sensor_decorator.py for tasks to queue
[2023-10-13T13:30:28.504+0000] {logging_mixin.py:151} INFO - [2023-10-13T13:30:28.504+0000] {dagbag.py:536} INFO - Filling up the DagBag from /home/airflow/.local/lib/python3.8/site-packages/airflow/example_dags/example_sensor_decorator.py
[2023-10-13T13:30:28.514+0000] {processor.py:839} INFO - DAG(s) dict_keys(['example_sensor_decorator']) retrieved from /home/airflow/.local/lib/python3.8/site-packages/airflow/example_dags/example_sensor_decorator.py
[2023-10-13T13:30:28.549+0000] {logging_mixin.py:151} INFO - [2023-10-13T13:30:28.549+0000] {dag.py:2941} INFO - Sync 1 DAGs
[2023-10-13T13:30:28.569+0000] {logging_mixin.py:151} INFO - [2023-10-13T13:30:28.569+0000] {dag.py:3722} INFO - Setting next_dagrun for example_sensor_decorator to None, run_after=None
[2023-10-13T13:30:28.604+0000] {processor.py:179} INFO - Processing /home/airflow/.local/lib/python3.8/site-packages/airflow/example_dags/example_sensor_decorator.py took 0.112 seconds
[2023-10-13T13:30:59.579+0000] {processor.py:157} INFO - Started process (PID=1237) to work on /home/airflow/.local/lib/python3.8/site-packages/airflow/example_dags/example_sensor_decorator.py
[2023-10-13T13:30:59.581+0000] {processor.py:829} INFO - Processing file /home/airflow/.local/lib/python3.8/site-packages/airflow/example_dags/example_sensor_decorator.py for tasks to queue
[2023-10-13T13:30:59.586+0000] {logging_mixin.py:151} INFO - [2023-10-13T13:30:59.586+0000] {dagbag.py:536} INFO - Filling up the DagBag from /home/airflow/.local/lib/python3.8/site-packages/airflow/example_dags/example_sensor_decorator.py
[2023-10-13T13:30:59.594+0000] {processor.py:839} INFO - DAG(s) dict_keys(['example_sensor_decorator']) retrieved from /home/airflow/.local/lib/python3.8/site-packages/airflow/example_dags/example_sensor_decorator.py
[2023-10-13T13:30:59.625+0000] {logging_mixin.py:151} INFO - [2023-10-13T13:30:59.625+0000] {dag.py:2941} INFO - Sync 1 DAGs
[2023-10-13T13:30:59.648+0000] {logging_mixin.py:151} INFO - [2023-10-13T13:30:59.648+0000] {dag.py:3722} INFO - Setting next_dagrun for example_sensor_decorator to None, run_after=None
[2023-10-13T13:30:59.679+0000] {processor.py:179} INFO - Processing /home/airflow/.local/lib/python3.8/site-packages/airflow/example_dags/example_sensor_decorator.py took 0.106 seconds
[2023-10-13T13:31:30.549+0000] {processor.py:157} INFO - Started process (PID=1291) to work on /home/airflow/.local/lib/python3.8/site-packages/airflow/example_dags/example_sensor_decorator.py
[2023-10-13T13:31:30.551+0000] {processor.py:829} INFO - Processing file /home/airflow/.local/lib/python3.8/site-packages/airflow/example_dags/example_sensor_decorator.py for tasks to queue
[2023-10-13T13:31:30.567+0000] {logging_mixin.py:151} INFO - [2023-10-13T13:31:30.558+0000] {dagbag.py:536} INFO - Filling up the DagBag from /home/airflow/.local/lib/python3.8/site-packages/airflow/example_dags/example_sensor_decorator.py
[2023-10-13T13:31:30.589+0000] {processor.py:839} INFO - DAG(s) dict_keys(['example_sensor_decorator']) retrieved from /home/airflow/.local/lib/python3.8/site-packages/airflow/example_dags/example_sensor_decorator.py
[2023-10-13T13:31:30.667+0000] {logging_mixin.py:151} INFO - [2023-10-13T13:31:30.667+0000] {dag.py:2941} INFO - Sync 1 DAGs
[2023-10-13T13:31:30.731+0000] {logging_mixin.py:151} INFO - [2023-10-13T13:31:30.730+0000] {dag.py:3722} INFO - Setting next_dagrun for example_sensor_decorator to None, run_after=None
[2023-10-13T13:31:30.805+0000] {processor.py:179} INFO - Processing /home/airflow/.local/lib/python3.8/site-packages/airflow/example_dags/example_sensor_decorator.py took 0.265 seconds
[2023-10-13T13:32:01.347+0000] {processor.py:157} INFO - Started process (PID=1345) to work on /home/airflow/.local/lib/python3.8/site-packages/airflow/example_dags/example_sensor_decorator.py
[2023-10-13T13:32:01.349+0000] {processor.py:829} INFO - Processing file /home/airflow/.local/lib/python3.8/site-packages/airflow/example_dags/example_sensor_decorator.py for tasks to queue
[2023-10-13T13:32:01.354+0000] {logging_mixin.py:151} INFO - [2023-10-13T13:32:01.353+0000] {dagbag.py:536} INFO - Filling up the DagBag from /home/airflow/.local/lib/python3.8/site-packages/airflow/example_dags/example_sensor_decorator.py
[2023-10-13T13:32:01.363+0000] {processor.py:839} INFO - DAG(s) dict_keys(['example_sensor_decorator']) retrieved from /home/airflow/.local/lib/python3.8/site-packages/airflow/example_dags/example_sensor_decorator.py
[2023-10-13T13:32:01.394+0000] {logging_mixin.py:151} INFO - [2023-10-13T13:32:01.393+0000] {dag.py:2941} INFO - Sync 1 DAGs
[2023-10-13T13:32:01.613+0000] {logging_mixin.py:151} INFO - [2023-10-13T13:32:01.612+0000] {dag.py:3722} INFO - Setting next_dagrun for example_sensor_decorator to None, run_after=None
[2023-10-13T13:32:01.646+0000] {processor.py:179} INFO - Processing /home/airflow/.local/lib/python3.8/site-packages/airflow/example_dags/example_sensor_decorator.py took 0.305 seconds
[2023-10-13T13:32:33.338+0000] {processor.py:157} INFO - Started process (PID=1399) to work on /home/airflow/.local/lib/python3.8/site-packages/airflow/example_dags/example_sensor_decorator.py
[2023-10-13T13:32:33.572+0000] {processor.py:829} INFO - Processing file /home/airflow/.local/lib/python3.8/site-packages/airflow/example_dags/example_sensor_decorator.py for tasks to queue
[2023-10-13T13:32:33.578+0000] {logging_mixin.py:151} INFO - [2023-10-13T13:32:33.577+0000] {dagbag.py:536} INFO - Filling up the DagBag from /home/airflow/.local/lib/python3.8/site-packages/airflow/example_dags/example_sensor_decorator.py
[2023-10-13T13:32:33.586+0000] {processor.py:839} INFO - DAG(s) dict_keys(['example_sensor_decorator']) retrieved from /home/airflow/.local/lib/python3.8/site-packages/airflow/example_dags/example_sensor_decorator.py
[2023-10-13T13:32:33.616+0000] {logging_mixin.py:151} INFO - [2023-10-13T13:32:33.616+0000] {dag.py:2941} INFO - Sync 1 DAGs
[2023-10-13T13:32:33.633+0000] {logging_mixin.py:151} INFO - [2023-10-13T13:32:33.632+0000] {dag.py:3722} INFO - Setting next_dagrun for example_sensor_decorator to None, run_after=None
[2023-10-13T13:32:34.639+0000] {processor.py:179} INFO - Processing /home/airflow/.local/lib/python3.8/site-packages/airflow/example_dags/example_sensor_decorator.py took 1.305 seconds
[2023-10-13T13:33:04.738+0000] {processor.py:157} INFO - Started process (PID=1453) to work on /home/airflow/.local/lib/python3.8/site-packages/airflow/example_dags/example_sensor_decorator.py
[2023-10-13T13:33:04.741+0000] {processor.py:829} INFO - Processing file /home/airflow/.local/lib/python3.8/site-packages/airflow/example_dags/example_sensor_decorator.py for tasks to queue
[2023-10-13T13:33:04.745+0000] {logging_mixin.py:151} INFO - [2023-10-13T13:33:04.745+0000] {dagbag.py:536} INFO - Filling up the DagBag from /home/airflow/.local/lib/python3.8/site-packages/airflow/example_dags/example_sensor_decorator.py
[2023-10-13T13:33:04.752+0000] {processor.py:839} INFO - DAG(s) dict_keys(['example_sensor_decorator']) retrieved from /home/airflow/.local/lib/python3.8/site-packages/airflow/example_dags/example_sensor_decorator.py
[2023-10-13T13:33:04.787+0000] {logging_mixin.py:151} INFO - [2023-10-13T13:33:04.787+0000] {dag.py:2941} INFO - Sync 1 DAGs
[2023-10-13T13:33:04.805+0000] {logging_mixin.py:151} INFO - [2023-10-13T13:33:04.805+0000] {dag.py:3722} INFO - Setting next_dagrun for example_sensor_decorator to None, run_after=None
[2023-10-13T13:33:04.838+0000] {processor.py:179} INFO - Processing /home/airflow/.local/lib/python3.8/site-packages/airflow/example_dags/example_sensor_decorator.py took 0.104 seconds
[2023-10-13T13:33:34.950+0000] {processor.py:157} INFO - Started process (PID=1507) to work on /home/airflow/.local/lib/python3.8/site-packages/airflow/example_dags/example_sensor_decorator.py
[2023-10-13T13:33:34.952+0000] {processor.py:829} INFO - Processing file /home/airflow/.local/lib/python3.8/site-packages/airflow/example_dags/example_sensor_decorator.py for tasks to queue
[2023-10-13T13:33:34.955+0000] {logging_mixin.py:151} INFO - [2023-10-13T13:33:34.955+0000] {dagbag.py:536} INFO - Filling up the DagBag from /home/airflow/.local/lib/python3.8/site-packages/airflow/example_dags/example_sensor_decorator.py
[2023-10-13T13:33:34.967+0000] {processor.py:839} INFO - DAG(s) dict_keys(['example_sensor_decorator']) retrieved from /home/airflow/.local/lib/python3.8/site-packages/airflow/example_dags/example_sensor_decorator.py
[2023-10-13T13:33:34.999+0000] {logging_mixin.py:151} INFO - [2023-10-13T13:33:34.998+0000] {dag.py:2941} INFO - Sync 1 DAGs
[2023-10-13T13:33:35.017+0000] {logging_mixin.py:151} INFO - [2023-10-13T13:33:35.017+0000] {dag.py:3722} INFO - Setting next_dagrun for example_sensor_decorator to None, run_after=None
[2023-10-13T13:33:35.052+0000] {processor.py:179} INFO - Processing /home/airflow/.local/lib/python3.8/site-packages/airflow/example_dags/example_sensor_decorator.py took 0.108 seconds
[2023-10-13T13:34:05.375+0000] {processor.py:157} INFO - Started process (PID=1562) to work on /home/airflow/.local/lib/python3.8/site-packages/airflow/example_dags/example_sensor_decorator.py
[2023-10-13T13:34:05.376+0000] {processor.py:829} INFO - Processing file /home/airflow/.local/lib/python3.8/site-packages/airflow/example_dags/example_sensor_decorator.py for tasks to queue
[2023-10-13T13:34:05.380+0000] {logging_mixin.py:151} INFO - [2023-10-13T13:34:05.379+0000] {dagbag.py:536} INFO - Filling up the DagBag from /home/airflow/.local/lib/python3.8/site-packages/airflow/example_dags/example_sensor_decorator.py
[2023-10-13T13:34:05.388+0000] {processor.py:839} INFO - DAG(s) dict_keys(['example_sensor_decorator']) retrieved from /home/airflow/.local/lib/python3.8/site-packages/airflow/example_dags/example_sensor_decorator.py
[2023-10-13T13:34:05.416+0000] {logging_mixin.py:151} INFO - [2023-10-13T13:34:05.416+0000] {dag.py:2941} INFO - Sync 1 DAGs
[2023-10-13T13:34:05.432+0000] {logging_mixin.py:151} INFO - [2023-10-13T13:34:05.432+0000] {dag.py:3722} INFO - Setting next_dagrun for example_sensor_decorator to None, run_after=None
[2023-10-13T13:34:05.463+0000] {processor.py:179} INFO - Processing /home/airflow/.local/lib/python3.8/site-packages/airflow/example_dags/example_sensor_decorator.py took 0.092 seconds
[2023-10-13T13:34:35.842+0000] {processor.py:157} INFO - Started process (PID=1617) to work on /home/airflow/.local/lib/python3.8/site-packages/airflow/example_dags/example_sensor_decorator.py
[2023-10-13T13:34:35.844+0000] {processor.py:829} INFO - Processing file /home/airflow/.local/lib/python3.8/site-packages/airflow/example_dags/example_sensor_decorator.py for tasks to queue
[2023-10-13T13:34:35.849+0000] {logging_mixin.py:151} INFO - [2023-10-13T13:34:35.848+0000] {dagbag.py:536} INFO - Filling up the DagBag from /home/airflow/.local/lib/python3.8/site-packages/airflow/example_dags/example_sensor_decorator.py
[2023-10-13T13:34:35.857+0000] {processor.py:839} INFO - DAG(s) dict_keys(['example_sensor_decorator']) retrieved from /home/airflow/.local/lib/python3.8/site-packages/airflow/example_dags/example_sensor_decorator.py
[2023-10-13T13:34:35.885+0000] {logging_mixin.py:151} INFO - [2023-10-13T13:34:35.885+0000] {dag.py:2941} INFO - Sync 1 DAGs
[2023-10-13T13:34:35.901+0000] {logging_mixin.py:151} INFO - [2023-10-13T13:34:35.900+0000] {dag.py:3722} INFO - Setting next_dagrun for example_sensor_decorator to None, run_after=None
[2023-10-13T13:34:35.931+0000] {processor.py:179} INFO - Processing /home/airflow/.local/lib/python3.8/site-packages/airflow/example_dags/example_sensor_decorator.py took 0.093 seconds
[2023-10-13T13:35:06.766+0000] {processor.py:157} INFO - Started process (PID=1671) to work on /home/airflow/.local/lib/python3.8/site-packages/airflow/example_dags/example_sensor_decorator.py
[2023-10-13T13:35:06.768+0000] {processor.py:829} INFO - Processing file /home/airflow/.local/lib/python3.8/site-packages/airflow/example_dags/example_sensor_decorator.py for tasks to queue
[2023-10-13T13:35:06.772+0000] {logging_mixin.py:151} INFO - [2023-10-13T13:35:06.772+0000] {dagbag.py:536} INFO - Filling up the DagBag from /home/airflow/.local/lib/python3.8/site-packages/airflow/example_dags/example_sensor_decorator.py
[2023-10-13T13:35:06.780+0000] {processor.py:839} INFO - DAG(s) dict_keys(['example_sensor_decorator']) retrieved from /home/airflow/.local/lib/python3.8/site-packages/airflow/example_dags/example_sensor_decorator.py
[2023-10-13T13:35:06.811+0000] {logging_mixin.py:151} INFO - [2023-10-13T13:35:06.811+0000] {dag.py:2941} INFO - Sync 1 DAGs
[2023-10-13T13:35:06.834+0000] {logging_mixin.py:151} INFO - [2023-10-13T13:35:06.834+0000] {dag.py:3722} INFO - Setting next_dagrun for example_sensor_decorator to None, run_after=None
[2023-10-13T13:35:06.865+0000] {processor.py:179} INFO - Processing /home/airflow/.local/lib/python3.8/site-packages/airflow/example_dags/example_sensor_decorator.py took 0.104 seconds
[2023-10-13T13:35:38.715+0000] {processor.py:157} INFO - Started process (PID=1725) to work on /home/airflow/.local/lib/python3.8/site-packages/airflow/example_dags/example_sensor_decorator.py
[2023-10-13T13:35:38.740+0000] {processor.py:829} INFO - Processing file /home/airflow/.local/lib/python3.8/site-packages/airflow/example_dags/example_sensor_decorator.py for tasks to queue
[2023-10-13T13:35:38.744+0000] {logging_mixin.py:151} INFO - [2023-10-13T13:35:38.744+0000] {dagbag.py:536} INFO - Filling up the DagBag from /home/airflow/.local/lib/python3.8/site-packages/airflow/example_dags/example_sensor_decorator.py
[2023-10-13T13:35:38.756+0000] {processor.py:839} INFO - DAG(s) dict_keys(['example_sensor_decorator']) retrieved from /home/airflow/.local/lib/python3.8/site-packages/airflow/example_dags/example_sensor_decorator.py
[2023-10-13T13:35:38.791+0000] {logging_mixin.py:151} INFO - [2023-10-13T13:35:38.790+0000] {dag.py:2941} INFO - Sync 1 DAGs
[2023-10-13T13:35:38.811+0000] {logging_mixin.py:151} INFO - [2023-10-13T13:35:38.811+0000] {dag.py:3722} INFO - Setting next_dagrun for example_sensor_decorator to None, run_after=None
[2023-10-13T13:35:39.296+0000] {processor.py:179} INFO - Processing /home/airflow/.local/lib/python3.8/site-packages/airflow/example_dags/example_sensor_decorator.py took 0.585 seconds
[2023-10-13T13:36:10.028+0000] {processor.py:157} INFO - Started process (PID=1779) to work on /home/airflow/.local/lib/python3.8/site-packages/airflow/example_dags/example_sensor_decorator.py
[2023-10-13T13:36:10.030+0000] {processor.py:829} INFO - Processing file /home/airflow/.local/lib/python3.8/site-packages/airflow/example_dags/example_sensor_decorator.py for tasks to queue
[2023-10-13T13:36:10.033+0000] {logging_mixin.py:151} INFO - [2023-10-13T13:36:10.033+0000] {dagbag.py:536} INFO - Filling up the DagBag from /home/airflow/.local/lib/python3.8/site-packages/airflow/example_dags/example_sensor_decorator.py
[2023-10-13T13:36:10.045+0000] {processor.py:839} INFO - DAG(s) dict_keys(['example_sensor_decorator']) retrieved from /home/airflow/.local/lib/python3.8/site-packages/airflow/example_dags/example_sensor_decorator.py
[2023-10-13T13:36:10.076+0000] {logging_mixin.py:151} INFO - [2023-10-13T13:36:10.076+0000] {dag.py:2941} INFO - Sync 1 DAGs
[2023-10-13T13:36:10.096+0000] {logging_mixin.py:151} INFO - [2023-10-13T13:36:10.096+0000] {dag.py:3722} INFO - Setting next_dagrun for example_sensor_decorator to None, run_after=None
[2023-10-13T13:36:10.129+0000] {processor.py:179} INFO - Processing /home/airflow/.local/lib/python3.8/site-packages/airflow/example_dags/example_sensor_decorator.py took 0.106 seconds
[2023-10-13T13:36:40.908+0000] {processor.py:157} INFO - Started process (PID=1832) to work on /home/airflow/.local/lib/python3.8/site-packages/airflow/example_dags/example_sensor_decorator.py
[2023-10-13T13:36:40.930+0000] {processor.py:829} INFO - Processing file /home/airflow/.local/lib/python3.8/site-packages/airflow/example_dags/example_sensor_decorator.py for tasks to queue
