[2023-10-13T13:19:34.160+0000] {processor.py:157} INFO - Started process (PID=56) to work on /home/airflow/.local/lib/python3.8/site-packages/airflow/example_dags/example_params_ui_tutorial.py
[2023-10-13T13:19:34.162+0000] {processor.py:829} INFO - Processing file /home/airflow/.local/lib/python3.8/site-packages/airflow/example_dags/example_params_ui_tutorial.py for tasks to queue
[2023-10-13T13:19:34.184+0000] {logging_mixin.py:151} INFO - [2023-10-13T13:19:34.183+0000] {dagbag.py:536} INFO - Filling up the DagBag from /home/airflow/.local/lib/python3.8/site-packages/airflow/example_dags/example_params_ui_tutorial.py
[2023-10-13T13:19:34.674+0000] {processor.py:839} INFO - DAG(s) dict_keys(['example_params_ui_tutorial']) retrieved from /home/airflow/.local/lib/python3.8/site-packages/airflow/example_dags/example_params_ui_tutorial.py
[2023-10-13T13:19:35.074+0000] {logging_mixin.py:151} INFO - [2023-10-13T13:19:35.073+0000] {dag.py:2941} INFO - Sync 1 DAGs
[2023-10-13T13:19:35.180+0000] {logging_mixin.py:151} INFO - [2023-10-13T13:19:35.179+0000] {dag.py:3722} INFO - Setting next_dagrun for example_params_ui_tutorial to None, run_after=None
[2023-10-13T13:19:35.271+0000] {processor.py:179} INFO - Processing /home/airflow/.local/lib/python3.8/site-packages/airflow/example_dags/example_params_ui_tutorial.py took 1.121 seconds
[2023-10-13T13:20:05.957+0000] {processor.py:157} INFO - Started process (PID=110) to work on /home/airflow/.local/lib/python3.8/site-packages/airflow/example_dags/example_params_ui_tutorial.py
[2023-10-13T13:20:05.959+0000] {processor.py:829} INFO - Processing file /home/airflow/.local/lib/python3.8/site-packages/airflow/example_dags/example_params_ui_tutorial.py for tasks to queue
[2023-10-13T13:20:05.963+0000] {logging_mixin.py:151} INFO - [2023-10-13T13:20:05.963+0000] {dagbag.py:536} INFO - Filling up the DagBag from /home/airflow/.local/lib/python3.8/site-packages/airflow/example_dags/example_params_ui_tutorial.py
[2023-10-13T13:20:06.016+0000] {processor.py:839} INFO - DAG(s) dict_keys(['example_params_ui_tutorial']) retrieved from /home/airflow/.local/lib/python3.8/site-packages/airflow/example_dags/example_params_ui_tutorial.py
[2023-10-13T13:20:06.099+0000] {logging_mixin.py:151} INFO - [2023-10-13T13:20:06.098+0000] {dag.py:2941} INFO - Sync 1 DAGs
[2023-10-13T13:20:06.119+0000] {logging_mixin.py:151} INFO - [2023-10-13T13:20:06.118+0000] {dag.py:3722} INFO - Setting next_dagrun for example_params_ui_tutorial to None, run_after=None
[2023-10-13T13:20:06.145+0000] {processor.py:179} INFO - Processing /home/airflow/.local/lib/python3.8/site-packages/airflow/example_dags/example_params_ui_tutorial.py took 0.192 seconds
[2023-10-13T13:20:36.420+0000] {processor.py:157} INFO - Started process (PID=164) to work on /home/airflow/.local/lib/python3.8/site-packages/airflow/example_dags/example_params_ui_tutorial.py
[2023-10-13T13:20:36.422+0000] {processor.py:829} INFO - Processing file /home/airflow/.local/lib/python3.8/site-packages/airflow/example_dags/example_params_ui_tutorial.py for tasks to queue
[2023-10-13T13:20:36.426+0000] {logging_mixin.py:151} INFO - [2023-10-13T13:20:36.426+0000] {dagbag.py:536} INFO - Filling up the DagBag from /home/airflow/.local/lib/python3.8/site-packages/airflow/example_dags/example_params_ui_tutorial.py
[2023-10-13T13:20:36.471+0000] {processor.py:839} INFO - DAG(s) dict_keys(['example_params_ui_tutorial']) retrieved from /home/airflow/.local/lib/python3.8/site-packages/airflow/example_dags/example_params_ui_tutorial.py
[2023-10-13T13:20:36.545+0000] {logging_mixin.py:151} INFO - [2023-10-13T13:20:36.545+0000] {dag.py:2941} INFO - Sync 1 DAGs
[2023-10-13T13:20:36.564+0000] {logging_mixin.py:151} INFO - [2023-10-13T13:20:36.563+0000] {dag.py:3722} INFO - Setting next_dagrun for example_params_ui_tutorial to None, run_after=None
[2023-10-13T13:20:36.603+0000] {processor.py:179} INFO - Processing /home/airflow/.local/lib/python3.8/site-packages/airflow/example_dags/example_params_ui_tutorial.py took 0.188 seconds
[2023-10-13T13:21:07.400+0000] {processor.py:157} INFO - Started process (PID=218) to work on /home/airflow/.local/lib/python3.8/site-packages/airflow/example_dags/example_params_ui_tutorial.py
[2023-10-13T13:21:07.402+0000] {processor.py:829} INFO - Processing file /home/airflow/.local/lib/python3.8/site-packages/airflow/example_dags/example_params_ui_tutorial.py for tasks to queue
[2023-10-13T13:21:07.406+0000] {logging_mixin.py:151} INFO - [2023-10-13T13:21:07.405+0000] {dagbag.py:536} INFO - Filling up the DagBag from /home/airflow/.local/lib/python3.8/site-packages/airflow/example_dags/example_params_ui_tutorial.py
[2023-10-13T13:21:07.467+0000] {processor.py:839} INFO - DAG(s) dict_keys(['example_params_ui_tutorial']) retrieved from /home/airflow/.local/lib/python3.8/site-packages/airflow/example_dags/example_params_ui_tutorial.py
[2023-10-13T13:21:07.557+0000] {logging_mixin.py:151} INFO - [2023-10-13T13:21:07.557+0000] {dag.py:2941} INFO - Sync 1 DAGs
[2023-10-13T13:21:07.576+0000] {logging_mixin.py:151} INFO - [2023-10-13T13:21:07.575+0000] {dag.py:3722} INFO - Setting next_dagrun for example_params_ui_tutorial to None, run_after=None
[2023-10-13T13:21:07.606+0000] {processor.py:179} INFO - Processing /home/airflow/.local/lib/python3.8/site-packages/airflow/example_dags/example_params_ui_tutorial.py took 0.211 seconds
[2023-10-13T13:21:38.416+0000] {processor.py:157} INFO - Started process (PID=279) to work on /home/airflow/.local/lib/python3.8/site-packages/airflow/example_dags/example_params_ui_tutorial.py
[2023-10-13T13:21:38.417+0000] {processor.py:829} INFO - Processing file /home/airflow/.local/lib/python3.8/site-packages/airflow/example_dags/example_params_ui_tutorial.py for tasks to queue
[2023-10-13T13:21:38.421+0000] {logging_mixin.py:151} INFO - [2023-10-13T13:21:38.420+0000] {dagbag.py:536} INFO - Filling up the DagBag from /home/airflow/.local/lib/python3.8/site-packages/airflow/example_dags/example_params_ui_tutorial.py
[2023-10-13T13:21:38.489+0000] {processor.py:839} INFO - DAG(s) dict_keys(['example_params_ui_tutorial']) retrieved from /home/airflow/.local/lib/python3.8/site-packages/airflow/example_dags/example_params_ui_tutorial.py
[2023-10-13T13:21:38.576+0000] {logging_mixin.py:151} INFO - [2023-10-13T13:21:38.576+0000] {dag.py:2941} INFO - Sync 1 DAGs
[2023-10-13T13:21:38.597+0000] {logging_mixin.py:151} INFO - [2023-10-13T13:21:38.596+0000] {dag.py:3722} INFO - Setting next_dagrun for example_params_ui_tutorial to None, run_after=None
[2023-10-13T13:21:38.626+0000] {processor.py:179} INFO - Processing /home/airflow/.local/lib/python3.8/site-packages/airflow/example_dags/example_params_ui_tutorial.py took 0.216 seconds
[2023-10-13T13:22:09.071+0000] {processor.py:157} INFO - Started process (PID=333) to work on /home/airflow/.local/lib/python3.8/site-packages/airflow/example_dags/example_params_ui_tutorial.py
[2023-10-13T13:22:09.073+0000] {processor.py:829} INFO - Processing file /home/airflow/.local/lib/python3.8/site-packages/airflow/example_dags/example_params_ui_tutorial.py for tasks to queue
[2023-10-13T13:22:09.076+0000] {logging_mixin.py:151} INFO - [2023-10-13T13:22:09.076+0000] {dagbag.py:536} INFO - Filling up the DagBag from /home/airflow/.local/lib/python3.8/site-packages/airflow/example_dags/example_params_ui_tutorial.py
[2023-10-13T13:22:09.122+0000] {processor.py:839} INFO - DAG(s) dict_keys(['example_params_ui_tutorial']) retrieved from /home/airflow/.local/lib/python3.8/site-packages/airflow/example_dags/example_params_ui_tutorial.py
[2023-10-13T13:22:09.195+0000] {logging_mixin.py:151} INFO - [2023-10-13T13:22:09.194+0000] {dag.py:2941} INFO - Sync 1 DAGs
[2023-10-13T13:22:09.210+0000] {logging_mixin.py:151} INFO - [2023-10-13T13:22:09.210+0000] {dag.py:3722} INFO - Setting next_dagrun for example_params_ui_tutorial to None, run_after=None
[2023-10-13T13:22:09.237+0000] {processor.py:179} INFO - Processing /home/airflow/.local/lib/python3.8/site-packages/airflow/example_dags/example_params_ui_tutorial.py took 0.169 seconds
[2023-10-13T13:22:39.854+0000] {processor.py:157} INFO - Started process (PID=386) to work on /home/airflow/.local/lib/python3.8/site-packages/airflow/example_dags/example_params_ui_tutorial.py
[2023-10-13T13:22:39.855+0000] {processor.py:829} INFO - Processing file /home/airflow/.local/lib/python3.8/site-packages/airflow/example_dags/example_params_ui_tutorial.py for tasks to queue
[2023-10-13T13:22:39.859+0000] {logging_mixin.py:151} INFO - [2023-10-13T13:22:39.859+0000] {dagbag.py:536} INFO - Filling up the DagBag from /home/airflow/.local/lib/python3.8/site-packages/airflow/example_dags/example_params_ui_tutorial.py
[2023-10-13T13:22:39.906+0000] {processor.py:839} INFO - DAG(s) dict_keys(['example_params_ui_tutorial']) retrieved from /home/airflow/.local/lib/python3.8/site-packages/airflow/example_dags/example_params_ui_tutorial.py
[2023-10-13T13:22:39.986+0000] {logging_mixin.py:151} INFO - [2023-10-13T13:22:39.986+0000] {dag.py:2941} INFO - Sync 1 DAGs
[2023-10-13T13:22:40.003+0000] {logging_mixin.py:151} INFO - [2023-10-13T13:22:40.003+0000] {dag.py:3722} INFO - Setting next_dagrun for example_params_ui_tutorial to None, run_after=None
[2023-10-13T13:22:40.034+0000] {processor.py:179} INFO - Processing /home/airflow/.local/lib/python3.8/site-packages/airflow/example_dags/example_params_ui_tutorial.py took 0.184 seconds
[2023-10-13T13:23:10.732+0000] {processor.py:157} INFO - Started process (PID=439) to work on /home/airflow/.local/lib/python3.8/site-packages/airflow/example_dags/example_params_ui_tutorial.py
[2023-10-13T13:23:10.734+0000] {processor.py:829} INFO - Processing file /home/airflow/.local/lib/python3.8/site-packages/airflow/example_dags/example_params_ui_tutorial.py for tasks to queue
[2023-10-13T13:23:10.738+0000] {logging_mixin.py:151} INFO - [2023-10-13T13:23:10.738+0000] {dagbag.py:536} INFO - Filling up the DagBag from /home/airflow/.local/lib/python3.8/site-packages/airflow/example_dags/example_params_ui_tutorial.py
[2023-10-13T13:23:10.797+0000] {processor.py:839} INFO - DAG(s) dict_keys(['example_params_ui_tutorial']) retrieved from /home/airflow/.local/lib/python3.8/site-packages/airflow/example_dags/example_params_ui_tutorial.py
[2023-10-13T13:23:10.888+0000] {logging_mixin.py:151} INFO - [2023-10-13T13:23:10.888+0000] {dag.py:2941} INFO - Sync 1 DAGs
[2023-10-13T13:23:10.907+0000] {logging_mixin.py:151} INFO - [2023-10-13T13:23:10.906+0000] {dag.py:3722} INFO - Setting next_dagrun for example_params_ui_tutorial to None, run_after=None
[2023-10-13T13:23:10.936+0000] {processor.py:179} INFO - Processing /home/airflow/.local/lib/python3.8/site-packages/airflow/example_dags/example_params_ui_tutorial.py took 0.210 seconds
[2023-10-13T13:23:41.126+0000] {processor.py:157} INFO - Started process (PID=493) to work on /home/airflow/.local/lib/python3.8/site-packages/airflow/example_dags/example_params_ui_tutorial.py
[2023-10-13T13:23:41.128+0000] {processor.py:829} INFO - Processing file /home/airflow/.local/lib/python3.8/site-packages/airflow/example_dags/example_params_ui_tutorial.py for tasks to queue
[2023-10-13T13:23:41.131+0000] {logging_mixin.py:151} INFO - [2023-10-13T13:23:41.131+0000] {dagbag.py:536} INFO - Filling up the DagBag from /home/airflow/.local/lib/python3.8/site-packages/airflow/example_dags/example_params_ui_tutorial.py
[2023-10-13T13:23:41.175+0000] {processor.py:839} INFO - DAG(s) dict_keys(['example_params_ui_tutorial']) retrieved from /home/airflow/.local/lib/python3.8/site-packages/airflow/example_dags/example_params_ui_tutorial.py
[2023-10-13T13:23:41.253+0000] {logging_mixin.py:151} INFO - [2023-10-13T13:23:41.252+0000] {dag.py:2941} INFO - Sync 1 DAGs
[2023-10-13T13:23:41.270+0000] {logging_mixin.py:151} INFO - [2023-10-13T13:23:41.269+0000] {dag.py:3722} INFO - Setting next_dagrun for example_params_ui_tutorial to None, run_after=None
[2023-10-13T13:23:41.303+0000] {processor.py:179} INFO - Processing /home/airflow/.local/lib/python3.8/site-packages/airflow/example_dags/example_params_ui_tutorial.py took 0.182 seconds
[2023-10-13T13:24:11.932+0000] {processor.py:157} INFO - Started process (PID=547) to work on /home/airflow/.local/lib/python3.8/site-packages/airflow/example_dags/example_params_ui_tutorial.py
[2023-10-13T13:24:11.934+0000] {processor.py:829} INFO - Processing file /home/airflow/.local/lib/python3.8/site-packages/airflow/example_dags/example_params_ui_tutorial.py for tasks to queue
[2023-10-13T13:24:11.937+0000] {logging_mixin.py:151} INFO - [2023-10-13T13:24:11.937+0000] {dagbag.py:536} INFO - Filling up the DagBag from /home/airflow/.local/lib/python3.8/site-packages/airflow/example_dags/example_params_ui_tutorial.py
[2023-10-13T13:24:11.979+0000] {processor.py:839} INFO - DAG(s) dict_keys(['example_params_ui_tutorial']) retrieved from /home/airflow/.local/lib/python3.8/site-packages/airflow/example_dags/example_params_ui_tutorial.py
[2023-10-13T13:24:12.054+0000] {logging_mixin.py:151} INFO - [2023-10-13T13:24:12.054+0000] {dag.py:2941} INFO - Sync 1 DAGs
[2023-10-13T13:24:12.075+0000] {logging_mixin.py:151} INFO - [2023-10-13T13:24:12.075+0000] {dag.py:3722} INFO - Setting next_dagrun for example_params_ui_tutorial to None, run_after=None
[2023-10-13T13:24:12.110+0000] {processor.py:179} INFO - Processing /home/airflow/.local/lib/python3.8/site-packages/airflow/example_dags/example_params_ui_tutorial.py took 0.182 seconds
[2023-10-13T13:24:42.451+0000] {processor.py:157} INFO - Started process (PID=601) to work on /home/airflow/.local/lib/python3.8/site-packages/airflow/example_dags/example_params_ui_tutorial.py
[2023-10-13T13:24:42.454+0000] {processor.py:829} INFO - Processing file /home/airflow/.local/lib/python3.8/site-packages/airflow/example_dags/example_params_ui_tutorial.py for tasks to queue
[2023-10-13T13:24:42.457+0000] {logging_mixin.py:151} INFO - [2023-10-13T13:24:42.457+0000] {dagbag.py:536} INFO - Filling up the DagBag from /home/airflow/.local/lib/python3.8/site-packages/airflow/example_dags/example_params_ui_tutorial.py
[2023-10-13T13:24:42.502+0000] {processor.py:839} INFO - DAG(s) dict_keys(['example_params_ui_tutorial']) retrieved from /home/airflow/.local/lib/python3.8/site-packages/airflow/example_dags/example_params_ui_tutorial.py
[2023-10-13T13:24:42.574+0000] {logging_mixin.py:151} INFO - [2023-10-13T13:24:42.574+0000] {dag.py:2941} INFO - Sync 1 DAGs
[2023-10-13T13:24:42.593+0000] {logging_mixin.py:151} INFO - [2023-10-13T13:24:42.593+0000] {dag.py:3722} INFO - Setting next_dagrun for example_params_ui_tutorial to None, run_after=None
[2023-10-13T13:24:42.622+0000] {processor.py:179} INFO - Processing /home/airflow/.local/lib/python3.8/site-packages/airflow/example_dags/example_params_ui_tutorial.py took 0.175 seconds
[2023-10-13T13:25:13.088+0000] {processor.py:157} INFO - Started process (PID=655) to work on /home/airflow/.local/lib/python3.8/site-packages/airflow/example_dags/example_params_ui_tutorial.py
[2023-10-13T13:25:13.096+0000] {processor.py:829} INFO - Processing file /home/airflow/.local/lib/python3.8/site-packages/airflow/example_dags/example_params_ui_tutorial.py for tasks to queue
[2023-10-13T13:25:13.102+0000] {logging_mixin.py:151} INFO - [2023-10-13T13:25:13.101+0000] {dagbag.py:536} INFO - Filling up the DagBag from /home/airflow/.local/lib/python3.8/site-packages/airflow/example_dags/example_params_ui_tutorial.py
[2023-10-13T13:25:13.196+0000] {processor.py:839} INFO - DAG(s) dict_keys(['example_params_ui_tutorial']) retrieved from /home/airflow/.local/lib/python3.8/site-packages/airflow/example_dags/example_params_ui_tutorial.py
[2023-10-13T13:25:13.313+0000] {logging_mixin.py:151} INFO - [2023-10-13T13:25:13.312+0000] {dag.py:2941} INFO - Sync 1 DAGs
[2023-10-13T13:25:13.342+0000] {logging_mixin.py:151} INFO - [2023-10-13T13:25:13.342+0000] {dag.py:3722} INFO - Setting next_dagrun for example_params_ui_tutorial to None, run_after=None
[2023-10-13T13:25:13.383+0000] {processor.py:179} INFO - Processing /home/airflow/.local/lib/python3.8/site-packages/airflow/example_dags/example_params_ui_tutorial.py took 0.301 seconds
[2023-10-13T13:25:44.257+0000] {processor.py:157} INFO - Started process (PID=709) to work on /home/airflow/.local/lib/python3.8/site-packages/airflow/example_dags/example_params_ui_tutorial.py
[2023-10-13T13:25:44.260+0000] {processor.py:829} INFO - Processing file /home/airflow/.local/lib/python3.8/site-packages/airflow/example_dags/example_params_ui_tutorial.py for tasks to queue
[2023-10-13T13:25:44.263+0000] {logging_mixin.py:151} INFO - [2023-10-13T13:25:44.263+0000] {dagbag.py:536} INFO - Filling up the DagBag from /home/airflow/.local/lib/python3.8/site-packages/airflow/example_dags/example_params_ui_tutorial.py
[2023-10-13T13:25:44.309+0000] {processor.py:839} INFO - DAG(s) dict_keys(['example_params_ui_tutorial']) retrieved from /home/airflow/.local/lib/python3.8/site-packages/airflow/example_dags/example_params_ui_tutorial.py
[2023-10-13T13:25:44.396+0000] {logging_mixin.py:151} INFO - [2023-10-13T13:25:44.396+0000] {dag.py:2941} INFO - Sync 1 DAGs
[2023-10-13T13:25:44.415+0000] {logging_mixin.py:151} INFO - [2023-10-13T13:25:44.414+0000] {dag.py:3722} INFO - Setting next_dagrun for example_params_ui_tutorial to None, run_after=None
[2023-10-13T13:25:44.448+0000] {processor.py:179} INFO - Processing /home/airflow/.local/lib/python3.8/site-packages/airflow/example_dags/example_params_ui_tutorial.py took 0.196 seconds
[2023-10-13T13:26:15.406+0000] {processor.py:157} INFO - Started process (PID=763) to work on /home/airflow/.local/lib/python3.8/site-packages/airflow/example_dags/example_params_ui_tutorial.py
[2023-10-13T13:26:15.408+0000] {processor.py:829} INFO - Processing file /home/airflow/.local/lib/python3.8/site-packages/airflow/example_dags/example_params_ui_tutorial.py for tasks to queue
[2023-10-13T13:26:15.413+0000] {logging_mixin.py:151} INFO - [2023-10-13T13:26:15.412+0000] {dagbag.py:536} INFO - Filling up the DagBag from /home/airflow/.local/lib/python3.8/site-packages/airflow/example_dags/example_params_ui_tutorial.py
[2023-10-13T13:26:15.531+0000] {processor.py:839} INFO - DAG(s) dict_keys(['example_params_ui_tutorial']) retrieved from /home/airflow/.local/lib/python3.8/site-packages/airflow/example_dags/example_params_ui_tutorial.py
[2023-10-13T13:26:15.713+0000] {logging_mixin.py:151} INFO - [2023-10-13T13:26:15.713+0000] {dag.py:2941} INFO - Sync 1 DAGs
[2023-10-13T13:26:15.733+0000] {logging_mixin.py:151} INFO - [2023-10-13T13:26:15.733+0000] {dag.py:3722} INFO - Setting next_dagrun for example_params_ui_tutorial to None, run_after=None
[2023-10-13T13:26:15.790+0000] {processor.py:179} INFO - Processing /home/airflow/.local/lib/python3.8/site-packages/airflow/example_dags/example_params_ui_tutorial.py took 0.390 seconds
[2023-10-13T13:26:46.062+0000] {processor.py:157} INFO - Started process (PID=816) to work on /home/airflow/.local/lib/python3.8/site-packages/airflow/example_dags/example_params_ui_tutorial.py
[2023-10-13T13:26:46.064+0000] {processor.py:829} INFO - Processing file /home/airflow/.local/lib/python3.8/site-packages/airflow/example_dags/example_params_ui_tutorial.py for tasks to queue
[2023-10-13T13:26:46.068+0000] {logging_mixin.py:151} INFO - [2023-10-13T13:26:46.068+0000] {dagbag.py:536} INFO - Filling up the DagBag from /home/airflow/.local/lib/python3.8/site-packages/airflow/example_dags/example_params_ui_tutorial.py
[2023-10-13T13:26:46.110+0000] {processor.py:839} INFO - DAG(s) dict_keys(['example_params_ui_tutorial']) retrieved from /home/airflow/.local/lib/python3.8/site-packages/airflow/example_dags/example_params_ui_tutorial.py
[2023-10-13T13:26:46.182+0000] {logging_mixin.py:151} INFO - [2023-10-13T13:26:46.182+0000] {dag.py:2941} INFO - Sync 1 DAGs
[2023-10-13T13:26:46.198+0000] {logging_mixin.py:151} INFO - [2023-10-13T13:26:46.198+0000] {dag.py:3722} INFO - Setting next_dagrun for example_params_ui_tutorial to None, run_after=None
[2023-10-13T13:26:46.228+0000] {processor.py:179} INFO - Processing /home/airflow/.local/lib/python3.8/site-packages/airflow/example_dags/example_params_ui_tutorial.py took 0.171 seconds
[2023-10-13T13:27:16.542+0000] {processor.py:157} INFO - Started process (PID=870) to work on /home/airflow/.local/lib/python3.8/site-packages/airflow/example_dags/example_params_ui_tutorial.py
[2023-10-13T13:27:16.545+0000] {processor.py:829} INFO - Processing file /home/airflow/.local/lib/python3.8/site-packages/airflow/example_dags/example_params_ui_tutorial.py for tasks to queue
[2023-10-13T13:27:16.550+0000] {logging_mixin.py:151} INFO - [2023-10-13T13:27:16.549+0000] {dagbag.py:536} INFO - Filling up the DagBag from /home/airflow/.local/lib/python3.8/site-packages/airflow/example_dags/example_params_ui_tutorial.py
[2023-10-13T13:27:16.623+0000] {processor.py:839} INFO - DAG(s) dict_keys(['example_params_ui_tutorial']) retrieved from /home/airflow/.local/lib/python3.8/site-packages/airflow/example_dags/example_params_ui_tutorial.py
[2023-10-13T13:27:16.714+0000] {logging_mixin.py:151} INFO - [2023-10-13T13:27:16.713+0000] {dag.py:2941} INFO - Sync 1 DAGs
[2023-10-13T13:27:16.735+0000] {logging_mixin.py:151} INFO - [2023-10-13T13:27:16.734+0000] {dag.py:3722} INFO - Setting next_dagrun for example_params_ui_tutorial to None, run_after=None
[2023-10-13T13:27:16.767+0000] {processor.py:179} INFO - Processing /home/airflow/.local/lib/python3.8/site-packages/airflow/example_dags/example_params_ui_tutorial.py took 0.230 seconds
[2023-10-13T13:27:47.154+0000] {processor.py:157} INFO - Started process (PID=924) to work on /home/airflow/.local/lib/python3.8/site-packages/airflow/example_dags/example_params_ui_tutorial.py
[2023-10-13T13:27:47.157+0000] {processor.py:829} INFO - Processing file /home/airflow/.local/lib/python3.8/site-packages/airflow/example_dags/example_params_ui_tutorial.py for tasks to queue
[2023-10-13T13:27:47.160+0000] {logging_mixin.py:151} INFO - [2023-10-13T13:27:47.160+0000] {dagbag.py:536} INFO - Filling up the DagBag from /home/airflow/.local/lib/python3.8/site-packages/airflow/example_dags/example_params_ui_tutorial.py
[2023-10-13T13:27:47.214+0000] {processor.py:839} INFO - DAG(s) dict_keys(['example_params_ui_tutorial']) retrieved from /home/airflow/.local/lib/python3.8/site-packages/airflow/example_dags/example_params_ui_tutorial.py
[2023-10-13T13:27:47.301+0000] {logging_mixin.py:151} INFO - [2023-10-13T13:27:47.301+0000] {dag.py:2941} INFO - Sync 1 DAGs
[2023-10-13T13:27:47.321+0000] {logging_mixin.py:151} INFO - [2023-10-13T13:27:47.321+0000] {dag.py:3722} INFO - Setting next_dagrun for example_params_ui_tutorial to None, run_after=None
[2023-10-13T13:27:47.356+0000] {processor.py:179} INFO - Processing /home/airflow/.local/lib/python3.8/site-packages/airflow/example_dags/example_params_ui_tutorial.py took 0.206 seconds
[2023-10-13T13:28:17.721+0000] {processor.py:157} INFO - Started process (PID=978) to work on /home/airflow/.local/lib/python3.8/site-packages/airflow/example_dags/example_params_ui_tutorial.py
[2023-10-13T13:28:17.723+0000] {processor.py:829} INFO - Processing file /home/airflow/.local/lib/python3.8/site-packages/airflow/example_dags/example_params_ui_tutorial.py for tasks to queue
[2023-10-13T13:28:17.727+0000] {logging_mixin.py:151} INFO - [2023-10-13T13:28:17.726+0000] {dagbag.py:536} INFO - Filling up the DagBag from /home/airflow/.local/lib/python3.8/site-packages/airflow/example_dags/example_params_ui_tutorial.py
[2023-10-13T13:28:17.793+0000] {processor.py:839} INFO - DAG(s) dict_keys(['example_params_ui_tutorial']) retrieved from /home/airflow/.local/lib/python3.8/site-packages/airflow/example_dags/example_params_ui_tutorial.py
[2023-10-13T13:28:17.987+0000] {logging_mixin.py:151} INFO - [2023-10-13T13:28:17.987+0000] {dag.py:2941} INFO - Sync 1 DAGs
[2023-10-13T13:28:18.088+0000] {logging_mixin.py:151} INFO - [2023-10-13T13:28:18.087+0000] {dag.py:3722} INFO - Setting next_dagrun for example_params_ui_tutorial to None, run_after=None
[2023-10-13T13:28:18.211+0000] {processor.py:179} INFO - Processing /home/airflow/.local/lib/python3.8/site-packages/airflow/example_dags/example_params_ui_tutorial.py took 0.495 seconds
[2023-10-13T13:28:48.942+0000] {processor.py:157} INFO - Started process (PID=1032) to work on /home/airflow/.local/lib/python3.8/site-packages/airflow/example_dags/example_params_ui_tutorial.py
[2023-10-13T13:28:48.944+0000] {processor.py:829} INFO - Processing file /home/airflow/.local/lib/python3.8/site-packages/airflow/example_dags/example_params_ui_tutorial.py for tasks to queue
[2023-10-13T13:28:48.948+0000] {logging_mixin.py:151} INFO - [2023-10-13T13:28:48.948+0000] {dagbag.py:536} INFO - Filling up the DagBag from /home/airflow/.local/lib/python3.8/site-packages/airflow/example_dags/example_params_ui_tutorial.py
[2023-10-13T13:28:49.001+0000] {processor.py:839} INFO - DAG(s) dict_keys(['example_params_ui_tutorial']) retrieved from /home/airflow/.local/lib/python3.8/site-packages/airflow/example_dags/example_params_ui_tutorial.py
[2023-10-13T13:28:49.082+0000] {logging_mixin.py:151} INFO - [2023-10-13T13:28:49.081+0000] {dag.py:2941} INFO - Sync 1 DAGs
[2023-10-13T13:28:49.109+0000] {logging_mixin.py:151} INFO - [2023-10-13T13:28:49.109+0000] {dag.py:3722} INFO - Setting next_dagrun for example_params_ui_tutorial to None, run_after=None
[2023-10-13T13:28:49.146+0000] {processor.py:179} INFO - Processing /home/airflow/.local/lib/python3.8/site-packages/airflow/example_dags/example_params_ui_tutorial.py took 0.208 seconds
[2023-10-13T13:29:19.256+0000] {processor.py:157} INFO - Started process (PID=1086) to work on /home/airflow/.local/lib/python3.8/site-packages/airflow/example_dags/example_params_ui_tutorial.py
[2023-10-13T13:29:19.258+0000] {processor.py:829} INFO - Processing file /home/airflow/.local/lib/python3.8/site-packages/airflow/example_dags/example_params_ui_tutorial.py for tasks to queue
[2023-10-13T13:29:19.261+0000] {logging_mixin.py:151} INFO - [2023-10-13T13:29:19.261+0000] {dagbag.py:536} INFO - Filling up the DagBag from /home/airflow/.local/lib/python3.8/site-packages/airflow/example_dags/example_params_ui_tutorial.py
[2023-10-13T13:29:19.310+0000] {processor.py:839} INFO - DAG(s) dict_keys(['example_params_ui_tutorial']) retrieved from /home/airflow/.local/lib/python3.8/site-packages/airflow/example_dags/example_params_ui_tutorial.py
[2023-10-13T13:29:19.394+0000] {logging_mixin.py:151} INFO - [2023-10-13T13:29:19.394+0000] {dag.py:2941} INFO - Sync 1 DAGs
[2023-10-13T13:29:19.413+0000] {logging_mixin.py:151} INFO - [2023-10-13T13:29:19.413+0000] {dag.py:3722} INFO - Setting next_dagrun for example_params_ui_tutorial to None, run_after=None
[2023-10-13T13:29:19.443+0000] {processor.py:179} INFO - Processing /home/airflow/.local/lib/python3.8/site-packages/airflow/example_dags/example_params_ui_tutorial.py took 0.192 seconds
[2023-10-13T13:29:58.559+0000] {processor.py:157} INFO - Started process (PID=1141) to work on /home/airflow/.local/lib/python3.8/site-packages/airflow/example_dags/example_params_ui_tutorial.py
[2023-10-13T13:29:58.561+0000] {processor.py:829} INFO - Processing file /home/airflow/.local/lib/python3.8/site-packages/airflow/example_dags/example_params_ui_tutorial.py for tasks to queue
[2023-10-13T13:29:58.565+0000] {logging_mixin.py:151} INFO - [2023-10-13T13:29:58.564+0000] {dagbag.py:536} INFO - Filling up the DagBag from /home/airflow/.local/lib/python3.8/site-packages/airflow/example_dags/example_params_ui_tutorial.py
[2023-10-13T13:29:58.622+0000] {processor.py:839} INFO - DAG(s) dict_keys(['example_params_ui_tutorial']) retrieved from /home/airflow/.local/lib/python3.8/site-packages/airflow/example_dags/example_params_ui_tutorial.py
[2023-10-13T13:29:58.703+0000] {logging_mixin.py:151} INFO - [2023-10-13T13:29:58.703+0000] {dag.py:2941} INFO - Sync 1 DAGs
[2023-10-13T13:29:58.722+0000] {logging_mixin.py:151} INFO - [2023-10-13T13:29:58.722+0000] {dag.py:3722} INFO - Setting next_dagrun for example_params_ui_tutorial to None, run_after=None
[2023-10-13T13:29:58.753+0000] {processor.py:179} INFO - Processing /home/airflow/.local/lib/python3.8/site-packages/airflow/example_dags/example_params_ui_tutorial.py took 0.199 seconds
[2023-10-13T13:30:30.790+0000] {processor.py:157} INFO - Started process (PID=1195) to work on /home/airflow/.local/lib/python3.8/site-packages/airflow/example_dags/example_params_ui_tutorial.py
[2023-10-13T13:30:30.793+0000] {processor.py:829} INFO - Processing file /home/airflow/.local/lib/python3.8/site-packages/airflow/example_dags/example_params_ui_tutorial.py for tasks to queue
[2023-10-13T13:30:30.797+0000] {logging_mixin.py:151} INFO - [2023-10-13T13:30:30.797+0000] {dagbag.py:536} INFO - Filling up the DagBag from /home/airflow/.local/lib/python3.8/site-packages/airflow/example_dags/example_params_ui_tutorial.py
[2023-10-13T13:30:30.864+0000] {processor.py:839} INFO - DAG(s) dict_keys(['example_params_ui_tutorial']) retrieved from /home/airflow/.local/lib/python3.8/site-packages/airflow/example_dags/example_params_ui_tutorial.py
[2023-10-13T13:30:30.993+0000] {logging_mixin.py:151} INFO - [2023-10-13T13:30:30.993+0000] {dag.py:2941} INFO - Sync 1 DAGs
[2023-10-13T13:30:31.342+0000] {logging_mixin.py:151} INFO - [2023-10-13T13:30:31.341+0000] {dag.py:3722} INFO - Setting next_dagrun for example_params_ui_tutorial to None, run_after=None
[2023-10-13T13:30:31.377+0000] {processor.py:179} INFO - Processing /home/airflow/.local/lib/python3.8/site-packages/airflow/example_dags/example_params_ui_tutorial.py took 0.591 seconds
[2023-10-13T13:31:01.815+0000] {processor.py:157} INFO - Started process (PID=1249) to work on /home/airflow/.local/lib/python3.8/site-packages/airflow/example_dags/example_params_ui_tutorial.py
[2023-10-13T13:31:01.820+0000] {processor.py:829} INFO - Processing file /home/airflow/.local/lib/python3.8/site-packages/airflow/example_dags/example_params_ui_tutorial.py for tasks to queue
[2023-10-13T13:31:01.825+0000] {logging_mixin.py:151} INFO - [2023-10-13T13:31:01.825+0000] {dagbag.py:536} INFO - Filling up the DagBag from /home/airflow/.local/lib/python3.8/site-packages/airflow/example_dags/example_params_ui_tutorial.py
[2023-10-13T13:31:01.905+0000] {processor.py:839} INFO - DAG(s) dict_keys(['example_params_ui_tutorial']) retrieved from /home/airflow/.local/lib/python3.8/site-packages/airflow/example_dags/example_params_ui_tutorial.py
[2023-10-13T13:31:01.997+0000] {logging_mixin.py:151} INFO - [2023-10-13T13:31:01.997+0000] {dag.py:2941} INFO - Sync 1 DAGs
[2023-10-13T13:31:02.017+0000] {logging_mixin.py:151} INFO - [2023-10-13T13:31:02.017+0000] {dag.py:3722} INFO - Setting next_dagrun for example_params_ui_tutorial to None, run_after=None
[2023-10-13T13:31:02.055+0000] {processor.py:179} INFO - Processing /home/airflow/.local/lib/python3.8/site-packages/airflow/example_dags/example_params_ui_tutorial.py took 0.248 seconds
[2023-10-13T13:31:32.561+0000] {processor.py:157} INFO - Started process (PID=1303) to work on /home/airflow/.local/lib/python3.8/site-packages/airflow/example_dags/example_params_ui_tutorial.py
[2023-10-13T13:31:32.564+0000] {processor.py:829} INFO - Processing file /home/airflow/.local/lib/python3.8/site-packages/airflow/example_dags/example_params_ui_tutorial.py for tasks to queue
[2023-10-13T13:31:32.579+0000] {logging_mixin.py:151} INFO - [2023-10-13T13:31:32.578+0000] {dagbag.py:536} INFO - Filling up the DagBag from /home/airflow/.local/lib/python3.8/site-packages/airflow/example_dags/example_params_ui_tutorial.py
[2023-10-13T13:31:32.673+0000] {processor.py:839} INFO - DAG(s) dict_keys(['example_params_ui_tutorial']) retrieved from /home/airflow/.local/lib/python3.8/site-packages/airflow/example_dags/example_params_ui_tutorial.py
[2023-10-13T13:31:32.830+0000] {logging_mixin.py:151} INFO - [2023-10-13T13:31:32.830+0000] {dag.py:2941} INFO - Sync 1 DAGs
[2023-10-13T13:31:32.857+0000] {logging_mixin.py:151} INFO - [2023-10-13T13:31:32.856+0000] {dag.py:3722} INFO - Setting next_dagrun for example_params_ui_tutorial to None, run_after=None
[2023-10-13T13:31:32.905+0000] {processor.py:179} INFO - Processing /home/airflow/.local/lib/python3.8/site-packages/airflow/example_dags/example_params_ui_tutorial.py took 0.350 seconds
[2023-10-13T13:32:03.290+0000] {processor.py:157} INFO - Started process (PID=1356) to work on /home/airflow/.local/lib/python3.8/site-packages/airflow/example_dags/example_params_ui_tutorial.py
[2023-10-13T13:32:03.292+0000] {processor.py:829} INFO - Processing file /home/airflow/.local/lib/python3.8/site-packages/airflow/example_dags/example_params_ui_tutorial.py for tasks to queue
[2023-10-13T13:32:03.295+0000] {logging_mixin.py:151} INFO - [2023-10-13T13:32:03.294+0000] {dagbag.py:536} INFO - Filling up the DagBag from /home/airflow/.local/lib/python3.8/site-packages/airflow/example_dags/example_params_ui_tutorial.py
[2023-10-13T13:32:03.354+0000] {processor.py:839} INFO - DAG(s) dict_keys(['example_params_ui_tutorial']) retrieved from /home/airflow/.local/lib/python3.8/site-packages/airflow/example_dags/example_params_ui_tutorial.py
[2023-10-13T13:32:03.623+0000] {logging_mixin.py:151} INFO - [2023-10-13T13:32:03.623+0000] {dag.py:2941} INFO - Sync 1 DAGs
[2023-10-13T13:32:03.638+0000] {logging_mixin.py:151} INFO - [2023-10-13T13:32:03.638+0000] {dag.py:3722} INFO - Setting next_dagrun for example_params_ui_tutorial to None, run_after=None
[2023-10-13T13:32:03.663+0000] {processor.py:179} INFO - Processing /home/airflow/.local/lib/python3.8/site-packages/airflow/example_dags/example_params_ui_tutorial.py took 0.378 seconds
[2023-10-13T13:32:38.267+0000] {processor.py:157} INFO - Started process (PID=1411) to work on /home/airflow/.local/lib/python3.8/site-packages/airflow/example_dags/example_params_ui_tutorial.py
[2023-10-13T13:32:38.270+0000] {processor.py:829} INFO - Processing file /home/airflow/.local/lib/python3.8/site-packages/airflow/example_dags/example_params_ui_tutorial.py for tasks to queue
[2023-10-13T13:32:38.282+0000] {logging_mixin.py:151} INFO - [2023-10-13T13:32:38.281+0000] {dagbag.py:536} INFO - Filling up the DagBag from /home/airflow/.local/lib/python3.8/site-packages/airflow/example_dags/example_params_ui_tutorial.py
[2023-10-13T13:32:38.408+0000] {processor.py:839} INFO - DAG(s) dict_keys(['example_params_ui_tutorial']) retrieved from /home/airflow/.local/lib/python3.8/site-packages/airflow/example_dags/example_params_ui_tutorial.py
[2023-10-13T13:32:38.636+0000] {logging_mixin.py:151} INFO - [2023-10-13T13:32:38.632+0000] {dag.py:2941} INFO - Sync 1 DAGs
[2023-10-13T13:32:38.676+0000] {logging_mixin.py:151} INFO - [2023-10-13T13:32:38.675+0000] {dag.py:3722} INFO - Setting next_dagrun for example_params_ui_tutorial to None, run_after=None
[2023-10-13T13:32:38.732+0000] {processor.py:179} INFO - Processing /home/airflow/.local/lib/python3.8/site-packages/airflow/example_dags/example_params_ui_tutorial.py took 0.471 seconds
[2023-10-13T13:33:08.861+0000] {processor.py:157} INFO - Started process (PID=1465) to work on /home/airflow/.local/lib/python3.8/site-packages/airflow/example_dags/example_params_ui_tutorial.py
[2023-10-13T13:33:08.897+0000] {processor.py:829} INFO - Processing file /home/airflow/.local/lib/python3.8/site-packages/airflow/example_dags/example_params_ui_tutorial.py for tasks to queue
[2023-10-13T13:33:08.901+0000] {logging_mixin.py:151} INFO - [2023-10-13T13:33:08.901+0000] {dagbag.py:536} INFO - Filling up the DagBag from /home/airflow/.local/lib/python3.8/site-packages/airflow/example_dags/example_params_ui_tutorial.py
[2023-10-13T13:33:08.958+0000] {processor.py:839} INFO - DAG(s) dict_keys(['example_params_ui_tutorial']) retrieved from /home/airflow/.local/lib/python3.8/site-packages/airflow/example_dags/example_params_ui_tutorial.py
[2023-10-13T13:33:09.045+0000] {logging_mixin.py:151} INFO - [2023-10-13T13:33:09.045+0000] {dag.py:2941} INFO - Sync 1 DAGs
[2023-10-13T13:33:09.064+0000] {logging_mixin.py:151} INFO - [2023-10-13T13:33:09.064+0000] {dag.py:3722} INFO - Setting next_dagrun for example_params_ui_tutorial to None, run_after=None
[2023-10-13T13:33:09.102+0000] {processor.py:179} INFO - Processing /home/airflow/.local/lib/python3.8/site-packages/airflow/example_dags/example_params_ui_tutorial.py took 0.247 seconds
[2023-10-13T13:33:39.693+0000] {processor.py:157} INFO - Started process (PID=1519) to work on /home/airflow/.local/lib/python3.8/site-packages/airflow/example_dags/example_params_ui_tutorial.py
[2023-10-13T13:33:39.695+0000] {processor.py:829} INFO - Processing file /home/airflow/.local/lib/python3.8/site-packages/airflow/example_dags/example_params_ui_tutorial.py for tasks to queue
[2023-10-13T13:33:39.701+0000] {logging_mixin.py:151} INFO - [2023-10-13T13:33:39.701+0000] {dagbag.py:536} INFO - Filling up the DagBag from /home/airflow/.local/lib/python3.8/site-packages/airflow/example_dags/example_params_ui_tutorial.py
[2023-10-13T13:33:39.781+0000] {processor.py:839} INFO - DAG(s) dict_keys(['example_params_ui_tutorial']) retrieved from /home/airflow/.local/lib/python3.8/site-packages/airflow/example_dags/example_params_ui_tutorial.py
[2023-10-13T13:33:39.891+0000] {logging_mixin.py:151} INFO - [2023-10-13T13:33:39.890+0000] {dag.py:2941} INFO - Sync 1 DAGs
[2023-10-13T13:33:39.923+0000] {logging_mixin.py:151} INFO - [2023-10-13T13:33:39.923+0000] {dag.py:3722} INFO - Setting next_dagrun for example_params_ui_tutorial to None, run_after=None
[2023-10-13T13:33:39.966+0000] {processor.py:179} INFO - Processing /home/airflow/.local/lib/python3.8/site-packages/airflow/example_dags/example_params_ui_tutorial.py took 0.276 seconds
[2023-10-13T13:34:10.366+0000] {processor.py:157} INFO - Started process (PID=1574) to work on /home/airflow/.local/lib/python3.8/site-packages/airflow/example_dags/example_params_ui_tutorial.py
[2023-10-13T13:34:10.368+0000] {processor.py:829} INFO - Processing file /home/airflow/.local/lib/python3.8/site-packages/airflow/example_dags/example_params_ui_tutorial.py for tasks to queue
[2023-10-13T13:34:10.371+0000] {logging_mixin.py:151} INFO - [2023-10-13T13:34:10.371+0000] {dagbag.py:536} INFO - Filling up the DagBag from /home/airflow/.local/lib/python3.8/site-packages/airflow/example_dags/example_params_ui_tutorial.py
[2023-10-13T13:34:10.423+0000] {processor.py:839} INFO - DAG(s) dict_keys(['example_params_ui_tutorial']) retrieved from /home/airflow/.local/lib/python3.8/site-packages/airflow/example_dags/example_params_ui_tutorial.py
[2023-10-13T13:34:10.501+0000] {logging_mixin.py:151} INFO - [2023-10-13T13:34:10.501+0000] {dag.py:2941} INFO - Sync 1 DAGs
[2023-10-13T13:34:10.518+0000] {logging_mixin.py:151} INFO - [2023-10-13T13:34:10.517+0000] {dag.py:3722} INFO - Setting next_dagrun for example_params_ui_tutorial to None, run_after=None
[2023-10-13T13:34:10.551+0000] {processor.py:179} INFO - Processing /home/airflow/.local/lib/python3.8/site-packages/airflow/example_dags/example_params_ui_tutorial.py took 0.189 seconds
[2023-10-13T13:34:40.846+0000] {processor.py:157} INFO - Started process (PID=1629) to work on /home/airflow/.local/lib/python3.8/site-packages/airflow/example_dags/example_params_ui_tutorial.py
[2023-10-13T13:34:40.848+0000] {processor.py:829} INFO - Processing file /home/airflow/.local/lib/python3.8/site-packages/airflow/example_dags/example_params_ui_tutorial.py for tasks to queue
[2023-10-13T13:34:40.852+0000] {logging_mixin.py:151} INFO - [2023-10-13T13:34:40.851+0000] {dagbag.py:536} INFO - Filling up the DagBag from /home/airflow/.local/lib/python3.8/site-packages/airflow/example_dags/example_params_ui_tutorial.py
[2023-10-13T13:34:40.917+0000] {processor.py:839} INFO - DAG(s) dict_keys(['example_params_ui_tutorial']) retrieved from /home/airflow/.local/lib/python3.8/site-packages/airflow/example_dags/example_params_ui_tutorial.py
[2023-10-13T13:34:41.020+0000] {logging_mixin.py:151} INFO - [2023-10-13T13:34:41.020+0000] {dag.py:2941} INFO - Sync 1 DAGs
[2023-10-13T13:34:41.039+0000] {logging_mixin.py:151} INFO - [2023-10-13T13:34:41.039+0000] {dag.py:3722} INFO - Setting next_dagrun for example_params_ui_tutorial to None, run_after=None
[2023-10-13T13:34:41.074+0000] {processor.py:179} INFO - Processing /home/airflow/.local/lib/python3.8/site-packages/airflow/example_dags/example_params_ui_tutorial.py took 0.231 seconds
[2023-10-13T13:35:11.618+0000] {processor.py:157} INFO - Started process (PID=1683) to work on /home/airflow/.local/lib/python3.8/site-packages/airflow/example_dags/example_params_ui_tutorial.py
[2023-10-13T13:35:11.619+0000] {processor.py:829} INFO - Processing file /home/airflow/.local/lib/python3.8/site-packages/airflow/example_dags/example_params_ui_tutorial.py for tasks to queue
[2023-10-13T13:35:11.623+0000] {logging_mixin.py:151} INFO - [2023-10-13T13:35:11.622+0000] {dagbag.py:536} INFO - Filling up the DagBag from /home/airflow/.local/lib/python3.8/site-packages/airflow/example_dags/example_params_ui_tutorial.py
[2023-10-13T13:35:11.678+0000] {processor.py:839} INFO - DAG(s) dict_keys(['example_params_ui_tutorial']) retrieved from /home/airflow/.local/lib/python3.8/site-packages/airflow/example_dags/example_params_ui_tutorial.py
[2023-10-13T13:35:11.805+0000] {logging_mixin.py:151} INFO - [2023-10-13T13:35:11.805+0000] {dag.py:2941} INFO - Sync 1 DAGs
[2023-10-13T13:35:11.831+0000] {logging_mixin.py:151} INFO - [2023-10-13T13:35:11.831+0000] {dag.py:3722} INFO - Setting next_dagrun for example_params_ui_tutorial to None, run_after=None
[2023-10-13T13:35:11.872+0000] {processor.py:179} INFO - Processing /home/airflow/.local/lib/python3.8/site-packages/airflow/example_dags/example_params_ui_tutorial.py took 0.258 seconds
[2023-10-13T13:35:42.574+0000] {processor.py:157} INFO - Started process (PID=1737) to work on /home/airflow/.local/lib/python3.8/site-packages/airflow/example_dags/example_params_ui_tutorial.py
[2023-10-13T13:35:42.652+0000] {processor.py:829} INFO - Processing file /home/airflow/.local/lib/python3.8/site-packages/airflow/example_dags/example_params_ui_tutorial.py for tasks to queue
[2023-10-13T13:35:42.656+0000] {logging_mixin.py:151} INFO - [2023-10-13T13:35:42.655+0000] {dagbag.py:536} INFO - Filling up the DagBag from /home/airflow/.local/lib/python3.8/site-packages/airflow/example_dags/example_params_ui_tutorial.py
[2023-10-13T13:35:42.718+0000] {processor.py:839} INFO - DAG(s) dict_keys(['example_params_ui_tutorial']) retrieved from /home/airflow/.local/lib/python3.8/site-packages/airflow/example_dags/example_params_ui_tutorial.py
[2023-10-13T13:35:42.848+0000] {logging_mixin.py:151} INFO - [2023-10-13T13:35:42.848+0000] {dag.py:2941} INFO - Sync 1 DAGs
[2023-10-13T13:35:42.875+0000] {logging_mixin.py:151} INFO - [2023-10-13T13:35:42.874+0000] {dag.py:3722} INFO - Setting next_dagrun for example_params_ui_tutorial to None, run_after=None
[2023-10-13T13:35:43.073+0000] {processor.py:179} INFO - Processing /home/airflow/.local/lib/python3.8/site-packages/airflow/example_dags/example_params_ui_tutorial.py took 0.503 seconds
[2023-10-13T13:36:13.326+0000] {processor.py:157} INFO - Started process (PID=1791) to work on /home/airflow/.local/lib/python3.8/site-packages/airflow/example_dags/example_params_ui_tutorial.py
[2023-10-13T13:36:13.328+0000] {processor.py:829} INFO - Processing file /home/airflow/.local/lib/python3.8/site-packages/airflow/example_dags/example_params_ui_tutorial.py for tasks to queue
[2023-10-13T13:36:13.332+0000] {logging_mixin.py:151} INFO - [2023-10-13T13:36:13.331+0000] {dagbag.py:536} INFO - Filling up the DagBag from /home/airflow/.local/lib/python3.8/site-packages/airflow/example_dags/example_params_ui_tutorial.py
[2023-10-13T13:36:13.390+0000] {processor.py:839} INFO - DAG(s) dict_keys(['example_params_ui_tutorial']) retrieved from /home/airflow/.local/lib/python3.8/site-packages/airflow/example_dags/example_params_ui_tutorial.py
[2023-10-13T13:36:13.469+0000] {logging_mixin.py:151} INFO - [2023-10-13T13:36:13.469+0000] {dag.py:2941} INFO - Sync 1 DAGs
[2023-10-13T13:36:13.486+0000] {logging_mixin.py:151} INFO - [2023-10-13T13:36:13.486+0000] {dag.py:3722} INFO - Setting next_dagrun for example_params_ui_tutorial to None, run_after=None
[2023-10-13T13:36:13.516+0000] {processor.py:179} INFO - Processing /home/airflow/.local/lib/python3.8/site-packages/airflow/example_dags/example_params_ui_tutorial.py took 0.194 seconds
