[2023-10-13T13:19:31.913+0000] {processor.py:157} INFO - Started process (PID=51) to work on /home/airflow/.local/lib/python3.8/site-packages/airflow/example_dags/example_trigger_target_dag.py
[2023-10-13T13:19:31.924+0000] {processor.py:829} INFO - Processing file /home/airflow/.local/lib/python3.8/site-packages/airflow/example_dags/example_trigger_target_dag.py for tasks to queue
[2023-10-13T13:19:31.952+0000] {logging_mixin.py:151} INFO - [2023-10-13T13:19:31.948+0000] {dagbag.py:536} INFO - Filling up the DagBag from /home/airflow/.local/lib/python3.8/site-packages/airflow/example_dags/example_trigger_target_dag.py
[2023-10-13T13:19:32.097+0000] {processor.py:839} INFO - DAG(s) dict_keys(['example_trigger_target_dag']) retrieved from /home/airflow/.local/lib/python3.8/site-packages/airflow/example_dags/example_trigger_target_dag.py
[2023-10-13T13:19:32.359+0000] {logging_mixin.py:151} INFO - [2023-10-13T13:19:32.358+0000] {dag.py:2941} INFO - Sync 1 DAGs
[2023-10-13T13:19:32.484+0000] {logging_mixin.py:151} INFO - [2023-10-13T13:19:32.483+0000] {dag.py:3722} INFO - Setting next_dagrun for example_trigger_target_dag to None, run_after=None
[2023-10-13T13:19:32.574+0000] {processor.py:179} INFO - Processing /home/airflow/.local/lib/python3.8/site-packages/airflow/example_dags/example_trigger_target_dag.py took 0.703 seconds
[2023-10-13T13:20:03.424+0000] {processor.py:157} INFO - Started process (PID=105) to work on /home/airflow/.local/lib/python3.8/site-packages/airflow/example_dags/example_trigger_target_dag.py
[2023-10-13T13:20:03.426+0000] {processor.py:829} INFO - Processing file /home/airflow/.local/lib/python3.8/site-packages/airflow/example_dags/example_trigger_target_dag.py for tasks to queue
[2023-10-13T13:20:03.434+0000] {logging_mixin.py:151} INFO - [2023-10-13T13:20:03.433+0000] {dagbag.py:536} INFO - Filling up the DagBag from /home/airflow/.local/lib/python3.8/site-packages/airflow/example_dags/example_trigger_target_dag.py
[2023-10-13T13:20:03.445+0000] {processor.py:839} INFO - DAG(s) dict_keys(['example_trigger_target_dag']) retrieved from /home/airflow/.local/lib/python3.8/site-packages/airflow/example_dags/example_trigger_target_dag.py
[2023-10-13T13:20:03.479+0000] {logging_mixin.py:151} INFO - [2023-10-13T13:20:03.478+0000] {dag.py:2941} INFO - Sync 1 DAGs
[2023-10-13T13:20:03.505+0000] {logging_mixin.py:151} INFO - [2023-10-13T13:20:03.505+0000] {dag.py:3722} INFO - Setting next_dagrun for example_trigger_target_dag to None, run_after=None
[2023-10-13T13:20:03.542+0000] {processor.py:179} INFO - Processing /home/airflow/.local/lib/python3.8/site-packages/airflow/example_dags/example_trigger_target_dag.py took 0.124 seconds
[2023-10-13T13:20:33.924+0000] {processor.py:157} INFO - Started process (PID=159) to work on /home/airflow/.local/lib/python3.8/site-packages/airflow/example_dags/example_trigger_target_dag.py
[2023-10-13T13:20:33.926+0000] {processor.py:829} INFO - Processing file /home/airflow/.local/lib/python3.8/site-packages/airflow/example_dags/example_trigger_target_dag.py for tasks to queue
[2023-10-13T13:20:33.933+0000] {logging_mixin.py:151} INFO - [2023-10-13T13:20:33.933+0000] {dagbag.py:536} INFO - Filling up the DagBag from /home/airflow/.local/lib/python3.8/site-packages/airflow/example_dags/example_trigger_target_dag.py
[2023-10-13T13:20:33.942+0000] {processor.py:839} INFO - DAG(s) dict_keys(['example_trigger_target_dag']) retrieved from /home/airflow/.local/lib/python3.8/site-packages/airflow/example_dags/example_trigger_target_dag.py
[2023-10-13T13:20:33.986+0000] {logging_mixin.py:151} INFO - [2023-10-13T13:20:33.986+0000] {dag.py:2941} INFO - Sync 1 DAGs
[2023-10-13T13:20:34.004+0000] {logging_mixin.py:151} INFO - [2023-10-13T13:20:34.004+0000] {dag.py:3722} INFO - Setting next_dagrun for example_trigger_target_dag to None, run_after=None
[2023-10-13T13:20:34.034+0000] {processor.py:179} INFO - Processing /home/airflow/.local/lib/python3.8/site-packages/airflow/example_dags/example_trigger_target_dag.py took 0.115 seconds
[2023-10-13T13:21:06.732+0000] {processor.py:157} INFO - Started process (PID=213) to work on /home/airflow/.local/lib/python3.8/site-packages/airflow/example_dags/example_trigger_target_dag.py
[2023-10-13T13:21:06.733+0000] {processor.py:829} INFO - Processing file /home/airflow/.local/lib/python3.8/site-packages/airflow/example_dags/example_trigger_target_dag.py for tasks to queue
[2023-10-13T13:21:06.737+0000] {logging_mixin.py:151} INFO - [2023-10-13T13:21:06.737+0000] {dagbag.py:536} INFO - Filling up the DagBag from /home/airflow/.local/lib/python3.8/site-packages/airflow/example_dags/example_trigger_target_dag.py
[2023-10-13T13:21:06.747+0000] {processor.py:839} INFO - DAG(s) dict_keys(['example_trigger_target_dag']) retrieved from /home/airflow/.local/lib/python3.8/site-packages/airflow/example_dags/example_trigger_target_dag.py
[2023-10-13T13:21:06.783+0000] {logging_mixin.py:151} INFO - [2023-10-13T13:21:06.782+0000] {dag.py:2941} INFO - Sync 1 DAGs
[2023-10-13T13:21:06.813+0000] {logging_mixin.py:151} INFO - [2023-10-13T13:21:06.813+0000] {dag.py:3722} INFO - Setting next_dagrun for example_trigger_target_dag to None, run_after=None
[2023-10-13T13:21:06.847+0000] {processor.py:179} INFO - Processing /home/airflow/.local/lib/python3.8/site-packages/airflow/example_dags/example_trigger_target_dag.py took 0.121 seconds
[2023-10-13T13:21:37.818+0000] {processor.py:157} INFO - Started process (PID=267) to work on /home/airflow/.local/lib/python3.8/site-packages/airflow/example_dags/example_trigger_target_dag.py
[2023-10-13T13:21:37.819+0000] {processor.py:829} INFO - Processing file /home/airflow/.local/lib/python3.8/site-packages/airflow/example_dags/example_trigger_target_dag.py for tasks to queue
[2023-10-13T13:21:37.823+0000] {logging_mixin.py:151} INFO - [2023-10-13T13:21:37.822+0000] {dagbag.py:536} INFO - Filling up the DagBag from /home/airflow/.local/lib/python3.8/site-packages/airflow/example_dags/example_trigger_target_dag.py
[2023-10-13T13:21:37.832+0000] {processor.py:839} INFO - DAG(s) dict_keys(['example_trigger_target_dag']) retrieved from /home/airflow/.local/lib/python3.8/site-packages/airflow/example_dags/example_trigger_target_dag.py
[2023-10-13T13:21:37.860+0000] {logging_mixin.py:151} INFO - [2023-10-13T13:21:37.859+0000] {dag.py:2941} INFO - Sync 1 DAGs
[2023-10-13T13:21:37.878+0000] {logging_mixin.py:151} INFO - [2023-10-13T13:21:37.878+0000] {dag.py:3722} INFO - Setting next_dagrun for example_trigger_target_dag to None, run_after=None
[2023-10-13T13:21:37.909+0000] {processor.py:179} INFO - Processing /home/airflow/.local/lib/python3.8/site-packages/airflow/example_dags/example_trigger_target_dag.py took 0.095 seconds
[2023-10-13T13:22:08.423+0000] {processor.py:157} INFO - Started process (PID=321) to work on /home/airflow/.local/lib/python3.8/site-packages/airflow/example_dags/example_trigger_target_dag.py
[2023-10-13T13:22:08.425+0000] {processor.py:829} INFO - Processing file /home/airflow/.local/lib/python3.8/site-packages/airflow/example_dags/example_trigger_target_dag.py for tasks to queue
[2023-10-13T13:22:08.433+0000] {logging_mixin.py:151} INFO - [2023-10-13T13:22:08.432+0000] {dagbag.py:536} INFO - Filling up the DagBag from /home/airflow/.local/lib/python3.8/site-packages/airflow/example_dags/example_trigger_target_dag.py
[2023-10-13T13:22:08.442+0000] {processor.py:839} INFO - DAG(s) dict_keys(['example_trigger_target_dag']) retrieved from /home/airflow/.local/lib/python3.8/site-packages/airflow/example_dags/example_trigger_target_dag.py
[2023-10-13T13:22:08.473+0000] {logging_mixin.py:151} INFO - [2023-10-13T13:22:08.473+0000] {dag.py:2941} INFO - Sync 1 DAGs
[2023-10-13T13:22:08.490+0000] {logging_mixin.py:151} INFO - [2023-10-13T13:22:08.490+0000] {dag.py:3722} INFO - Setting next_dagrun for example_trigger_target_dag to None, run_after=None
[2023-10-13T13:22:08.520+0000] {processor.py:179} INFO - Processing /home/airflow/.local/lib/python3.8/site-packages/airflow/example_dags/example_trigger_target_dag.py took 0.102 seconds
[2023-10-13T13:22:39.251+0000] {processor.py:157} INFO - Started process (PID=380) to work on /home/airflow/.local/lib/python3.8/site-packages/airflow/example_dags/example_trigger_target_dag.py
[2023-10-13T13:22:39.253+0000] {processor.py:829} INFO - Processing file /home/airflow/.local/lib/python3.8/site-packages/airflow/example_dags/example_trigger_target_dag.py for tasks to queue
[2023-10-13T13:22:39.257+0000] {logging_mixin.py:151} INFO - [2023-10-13T13:22:39.257+0000] {dagbag.py:536} INFO - Filling up the DagBag from /home/airflow/.local/lib/python3.8/site-packages/airflow/example_dags/example_trigger_target_dag.py
[2023-10-13T13:22:39.267+0000] {processor.py:839} INFO - DAG(s) dict_keys(['example_trigger_target_dag']) retrieved from /home/airflow/.local/lib/python3.8/site-packages/airflow/example_dags/example_trigger_target_dag.py
[2023-10-13T13:22:39.296+0000] {logging_mixin.py:151} INFO - [2023-10-13T13:22:39.296+0000] {dag.py:2941} INFO - Sync 1 DAGs
[2023-10-13T13:22:39.317+0000] {logging_mixin.py:151} INFO - [2023-10-13T13:22:39.317+0000] {dag.py:3722} INFO - Setting next_dagrun for example_trigger_target_dag to None, run_after=None
[2023-10-13T13:22:39.350+0000] {processor.py:179} INFO - Processing /home/airflow/.local/lib/python3.8/site-packages/airflow/example_dags/example_trigger_target_dag.py took 0.103 seconds
[2023-10-13T13:23:10.173+0000] {processor.py:157} INFO - Started process (PID=434) to work on /home/airflow/.local/lib/python3.8/site-packages/airflow/example_dags/example_trigger_target_dag.py
[2023-10-13T13:23:10.175+0000] {processor.py:829} INFO - Processing file /home/airflow/.local/lib/python3.8/site-packages/airflow/example_dags/example_trigger_target_dag.py for tasks to queue
[2023-10-13T13:23:10.178+0000] {logging_mixin.py:151} INFO - [2023-10-13T13:23:10.178+0000] {dagbag.py:536} INFO - Filling up the DagBag from /home/airflow/.local/lib/python3.8/site-packages/airflow/example_dags/example_trigger_target_dag.py
[2023-10-13T13:23:10.186+0000] {processor.py:839} INFO - DAG(s) dict_keys(['example_trigger_target_dag']) retrieved from /home/airflow/.local/lib/python3.8/site-packages/airflow/example_dags/example_trigger_target_dag.py
[2023-10-13T13:23:10.213+0000] {logging_mixin.py:151} INFO - [2023-10-13T13:23:10.213+0000] {dag.py:2941} INFO - Sync 1 DAGs
[2023-10-13T13:23:10.229+0000] {logging_mixin.py:151} INFO - [2023-10-13T13:23:10.229+0000] {dag.py:3722} INFO - Setting next_dagrun for example_trigger_target_dag to None, run_after=None
[2023-10-13T13:23:10.259+0000] {processor.py:179} INFO - Processing /home/airflow/.local/lib/python3.8/site-packages/airflow/example_dags/example_trigger_target_dag.py took 0.091 seconds
[2023-10-13T13:23:40.605+0000] {processor.py:157} INFO - Started process (PID=488) to work on /home/airflow/.local/lib/python3.8/site-packages/airflow/example_dags/example_trigger_target_dag.py
[2023-10-13T13:23:40.607+0000] {processor.py:829} INFO - Processing file /home/airflow/.local/lib/python3.8/site-packages/airflow/example_dags/example_trigger_target_dag.py for tasks to queue
[2023-10-13T13:23:40.611+0000] {logging_mixin.py:151} INFO - [2023-10-13T13:23:40.610+0000] {dagbag.py:536} INFO - Filling up the DagBag from /home/airflow/.local/lib/python3.8/site-packages/airflow/example_dags/example_trigger_target_dag.py
[2023-10-13T13:23:40.618+0000] {processor.py:839} INFO - DAG(s) dict_keys(['example_trigger_target_dag']) retrieved from /home/airflow/.local/lib/python3.8/site-packages/airflow/example_dags/example_trigger_target_dag.py
[2023-10-13T13:23:40.647+0000] {logging_mixin.py:151} INFO - [2023-10-13T13:23:40.646+0000] {dag.py:2941} INFO - Sync 1 DAGs
[2023-10-13T13:23:40.664+0000] {logging_mixin.py:151} INFO - [2023-10-13T13:23:40.664+0000] {dag.py:3722} INFO - Setting next_dagrun for example_trigger_target_dag to None, run_after=None
[2023-10-13T13:23:40.695+0000] {processor.py:179} INFO - Processing /home/airflow/.local/lib/python3.8/site-packages/airflow/example_dags/example_trigger_target_dag.py took 0.093 seconds
[2023-10-13T13:24:11.231+0000] {processor.py:157} INFO - Started process (PID=542) to work on /home/airflow/.local/lib/python3.8/site-packages/airflow/example_dags/example_trigger_target_dag.py
[2023-10-13T13:24:11.234+0000] {processor.py:829} INFO - Processing file /home/airflow/.local/lib/python3.8/site-packages/airflow/example_dags/example_trigger_target_dag.py for tasks to queue
[2023-10-13T13:24:11.237+0000] {logging_mixin.py:151} INFO - [2023-10-13T13:24:11.237+0000] {dagbag.py:536} INFO - Filling up the DagBag from /home/airflow/.local/lib/python3.8/site-packages/airflow/example_dags/example_trigger_target_dag.py
[2023-10-13T13:24:11.244+0000] {processor.py:839} INFO - DAG(s) dict_keys(['example_trigger_target_dag']) retrieved from /home/airflow/.local/lib/python3.8/site-packages/airflow/example_dags/example_trigger_target_dag.py
[2023-10-13T13:24:11.273+0000] {logging_mixin.py:151} INFO - [2023-10-13T13:24:11.273+0000] {dag.py:2941} INFO - Sync 1 DAGs
[2023-10-13T13:24:11.289+0000] {logging_mixin.py:151} INFO - [2023-10-13T13:24:11.289+0000] {dag.py:3722} INFO - Setting next_dagrun for example_trigger_target_dag to None, run_after=None
[2023-10-13T13:24:11.319+0000] {processor.py:179} INFO - Processing /home/airflow/.local/lib/python3.8/site-packages/airflow/example_dags/example_trigger_target_dag.py took 0.091 seconds
[2023-10-13T13:24:41.536+0000] {processor.py:157} INFO - Started process (PID=596) to work on /home/airflow/.local/lib/python3.8/site-packages/airflow/example_dags/example_trigger_target_dag.py
[2023-10-13T13:24:41.538+0000] {processor.py:829} INFO - Processing file /home/airflow/.local/lib/python3.8/site-packages/airflow/example_dags/example_trigger_target_dag.py for tasks to queue
[2023-10-13T13:24:41.542+0000] {logging_mixin.py:151} INFO - [2023-10-13T13:24:41.541+0000] {dagbag.py:536} INFO - Filling up the DagBag from /home/airflow/.local/lib/python3.8/site-packages/airflow/example_dags/example_trigger_target_dag.py
[2023-10-13T13:24:41.549+0000] {processor.py:839} INFO - DAG(s) dict_keys(['example_trigger_target_dag']) retrieved from /home/airflow/.local/lib/python3.8/site-packages/airflow/example_dags/example_trigger_target_dag.py
[2023-10-13T13:24:41.578+0000] {logging_mixin.py:151} INFO - [2023-10-13T13:24:41.577+0000] {dag.py:2941} INFO - Sync 1 DAGs
[2023-10-13T13:24:41.595+0000] {logging_mixin.py:151} INFO - [2023-10-13T13:24:41.595+0000] {dag.py:3722} INFO - Setting next_dagrun for example_trigger_target_dag to None, run_after=None
[2023-10-13T13:24:41.648+0000] {processor.py:179} INFO - Processing /home/airflow/.local/lib/python3.8/site-packages/airflow/example_dags/example_trigger_target_dag.py took 0.115 seconds
[2023-10-13T13:25:12.351+0000] {processor.py:157} INFO - Started process (PID=650) to work on /home/airflow/.local/lib/python3.8/site-packages/airflow/example_dags/example_trigger_target_dag.py
[2023-10-13T13:25:12.356+0000] {processor.py:829} INFO - Processing file /home/airflow/.local/lib/python3.8/site-packages/airflow/example_dags/example_trigger_target_dag.py for tasks to queue
[2023-10-13T13:25:12.376+0000] {logging_mixin.py:151} INFO - [2023-10-13T13:25:12.376+0000] {dagbag.py:536} INFO - Filling up the DagBag from /home/airflow/.local/lib/python3.8/site-packages/airflow/example_dags/example_trigger_target_dag.py
[2023-10-13T13:25:12.398+0000] {processor.py:839} INFO - DAG(s) dict_keys(['example_trigger_target_dag']) retrieved from /home/airflow/.local/lib/python3.8/site-packages/airflow/example_dags/example_trigger_target_dag.py
[2023-10-13T13:25:12.447+0000] {logging_mixin.py:151} INFO - [2023-10-13T13:25:12.447+0000] {dag.py:2941} INFO - Sync 1 DAGs
[2023-10-13T13:25:12.494+0000] {logging_mixin.py:151} INFO - [2023-10-13T13:25:12.493+0000] {dag.py:3722} INFO - Setting next_dagrun for example_trigger_target_dag to None, run_after=None
[2023-10-13T13:25:12.570+0000] {processor.py:179} INFO - Processing /home/airflow/.local/lib/python3.8/site-packages/airflow/example_dags/example_trigger_target_dag.py took 0.236 seconds
[2023-10-13T13:25:42.913+0000] {processor.py:157} INFO - Started process (PID=704) to work on /home/airflow/.local/lib/python3.8/site-packages/airflow/example_dags/example_trigger_target_dag.py
[2023-10-13T13:25:42.915+0000] {processor.py:829} INFO - Processing file /home/airflow/.local/lib/python3.8/site-packages/airflow/example_dags/example_trigger_target_dag.py for tasks to queue
[2023-10-13T13:25:42.918+0000] {logging_mixin.py:151} INFO - [2023-10-13T13:25:42.918+0000] {dagbag.py:536} INFO - Filling up the DagBag from /home/airflow/.local/lib/python3.8/site-packages/airflow/example_dags/example_trigger_target_dag.py
[2023-10-13T13:25:42.926+0000] {processor.py:839} INFO - DAG(s) dict_keys(['example_trigger_target_dag']) retrieved from /home/airflow/.local/lib/python3.8/site-packages/airflow/example_dags/example_trigger_target_dag.py
[2023-10-13T13:25:42.954+0000] {logging_mixin.py:151} INFO - [2023-10-13T13:25:42.954+0000] {dag.py:2941} INFO - Sync 1 DAGs
[2023-10-13T13:25:42.969+0000] {logging_mixin.py:151} INFO - [2023-10-13T13:25:42.968+0000] {dag.py:3722} INFO - Setting next_dagrun for example_trigger_target_dag to None, run_after=None
[2023-10-13T13:25:42.996+0000] {processor.py:179} INFO - Processing /home/airflow/.local/lib/python3.8/site-packages/airflow/example_dags/example_trigger_target_dag.py took 0.086 seconds
[2023-10-13T13:26:14.113+0000] {processor.py:157} INFO - Started process (PID=758) to work on /home/airflow/.local/lib/python3.8/site-packages/airflow/example_dags/example_trigger_target_dag.py
[2023-10-13T13:26:14.116+0000] {processor.py:829} INFO - Processing file /home/airflow/.local/lib/python3.8/site-packages/airflow/example_dags/example_trigger_target_dag.py for tasks to queue
[2023-10-13T13:26:14.119+0000] {logging_mixin.py:151} INFO - [2023-10-13T13:26:14.119+0000] {dagbag.py:536} INFO - Filling up the DagBag from /home/airflow/.local/lib/python3.8/site-packages/airflow/example_dags/example_trigger_target_dag.py
[2023-10-13T13:26:14.127+0000] {processor.py:839} INFO - DAG(s) dict_keys(['example_trigger_target_dag']) retrieved from /home/airflow/.local/lib/python3.8/site-packages/airflow/example_dags/example_trigger_target_dag.py
[2023-10-13T13:26:14.155+0000] {logging_mixin.py:151} INFO - [2023-10-13T13:26:14.154+0000] {dag.py:2941} INFO - Sync 1 DAGs
[2023-10-13T13:26:14.173+0000] {logging_mixin.py:151} INFO - [2023-10-13T13:26:14.172+0000] {dag.py:3722} INFO - Setting next_dagrun for example_trigger_target_dag to None, run_after=None
[2023-10-13T13:26:14.201+0000] {processor.py:179} INFO - Processing /home/airflow/.local/lib/python3.8/site-packages/airflow/example_dags/example_trigger_target_dag.py took 0.091 seconds
[2023-10-13T13:26:44.348+0000] {processor.py:157} INFO - Started process (PID=812) to work on /home/airflow/.local/lib/python3.8/site-packages/airflow/example_dags/example_trigger_target_dag.py
[2023-10-13T13:26:44.350+0000] {processor.py:829} INFO - Processing file /home/airflow/.local/lib/python3.8/site-packages/airflow/example_dags/example_trigger_target_dag.py for tasks to queue
[2023-10-13T13:26:44.355+0000] {logging_mixin.py:151} INFO - [2023-10-13T13:26:44.354+0000] {dagbag.py:536} INFO - Filling up the DagBag from /home/airflow/.local/lib/python3.8/site-packages/airflow/example_dags/example_trigger_target_dag.py
[2023-10-13T13:26:44.363+0000] {processor.py:839} INFO - DAG(s) dict_keys(['example_trigger_target_dag']) retrieved from /home/airflow/.local/lib/python3.8/site-packages/airflow/example_dags/example_trigger_target_dag.py
[2023-10-13T13:26:44.392+0000] {logging_mixin.py:151} INFO - [2023-10-13T13:26:44.391+0000] {dag.py:2941} INFO - Sync 1 DAGs
[2023-10-13T13:26:44.409+0000] {logging_mixin.py:151} INFO - [2023-10-13T13:26:44.409+0000] {dag.py:3722} INFO - Setting next_dagrun for example_trigger_target_dag to None, run_after=None
[2023-10-13T13:26:44.439+0000] {processor.py:179} INFO - Processing /home/airflow/.local/lib/python3.8/site-packages/airflow/example_dags/example_trigger_target_dag.py took 0.095 seconds
[2023-10-13T13:27:15.179+0000] {processor.py:157} INFO - Started process (PID=866) to work on /home/airflow/.local/lib/python3.8/site-packages/airflow/example_dags/example_trigger_target_dag.py
[2023-10-13T13:27:15.182+0000] {processor.py:829} INFO - Processing file /home/airflow/.local/lib/python3.8/site-packages/airflow/example_dags/example_trigger_target_dag.py for tasks to queue
[2023-10-13T13:27:15.186+0000] {logging_mixin.py:151} INFO - [2023-10-13T13:27:15.186+0000] {dagbag.py:536} INFO - Filling up the DagBag from /home/airflow/.local/lib/python3.8/site-packages/airflow/example_dags/example_trigger_target_dag.py
[2023-10-13T13:27:15.197+0000] {processor.py:839} INFO - DAG(s) dict_keys(['example_trigger_target_dag']) retrieved from /home/airflow/.local/lib/python3.8/site-packages/airflow/example_dags/example_trigger_target_dag.py
[2023-10-13T13:27:15.234+0000] {logging_mixin.py:151} INFO - [2023-10-13T13:27:15.233+0000] {dag.py:2941} INFO - Sync 1 DAGs
[2023-10-13T13:27:15.254+0000] {logging_mixin.py:151} INFO - [2023-10-13T13:27:15.254+0000] {dag.py:3722} INFO - Setting next_dagrun for example_trigger_target_dag to None, run_after=None
[2023-10-13T13:27:15.284+0000] {processor.py:179} INFO - Processing /home/airflow/.local/lib/python3.8/site-packages/airflow/example_dags/example_trigger_target_dag.py took 0.110 seconds
[2023-10-13T13:27:45.844+0000] {processor.py:157} INFO - Started process (PID=920) to work on /home/airflow/.local/lib/python3.8/site-packages/airflow/example_dags/example_trigger_target_dag.py
[2023-10-13T13:27:45.847+0000] {processor.py:829} INFO - Processing file /home/airflow/.local/lib/python3.8/site-packages/airflow/example_dags/example_trigger_target_dag.py for tasks to queue
[2023-10-13T13:27:45.851+0000] {logging_mixin.py:151} INFO - [2023-10-13T13:27:45.850+0000] {dagbag.py:536} INFO - Filling up the DagBag from /home/airflow/.local/lib/python3.8/site-packages/airflow/example_dags/example_trigger_target_dag.py
[2023-10-13T13:27:45.859+0000] {processor.py:839} INFO - DAG(s) dict_keys(['example_trigger_target_dag']) retrieved from /home/airflow/.local/lib/python3.8/site-packages/airflow/example_dags/example_trigger_target_dag.py
[2023-10-13T13:27:45.888+0000] {logging_mixin.py:151} INFO - [2023-10-13T13:27:45.887+0000] {dag.py:2941} INFO - Sync 1 DAGs
[2023-10-13T13:27:45.907+0000] {logging_mixin.py:151} INFO - [2023-10-13T13:27:45.907+0000] {dag.py:3722} INFO - Setting next_dagrun for example_trigger_target_dag to None, run_after=None
[2023-10-13T13:27:45.935+0000] {processor.py:179} INFO - Processing /home/airflow/.local/lib/python3.8/site-packages/airflow/example_dags/example_trigger_target_dag.py took 0.095 seconds
[2023-10-13T13:28:17.300+0000] {processor.py:157} INFO - Started process (PID=974) to work on /home/airflow/.local/lib/python3.8/site-packages/airflow/example_dags/example_trigger_target_dag.py
[2023-10-13T13:28:17.302+0000] {processor.py:829} INFO - Processing file /home/airflow/.local/lib/python3.8/site-packages/airflow/example_dags/example_trigger_target_dag.py for tasks to queue
[2023-10-13T13:28:17.307+0000] {logging_mixin.py:151} INFO - [2023-10-13T13:28:17.307+0000] {dagbag.py:536} INFO - Filling up the DagBag from /home/airflow/.local/lib/python3.8/site-packages/airflow/example_dags/example_trigger_target_dag.py
[2023-10-13T13:28:17.316+0000] {processor.py:839} INFO - DAG(s) dict_keys(['example_trigger_target_dag']) retrieved from /home/airflow/.local/lib/python3.8/site-packages/airflow/example_dags/example_trigger_target_dag.py
[2023-10-13T13:28:17.348+0000] {logging_mixin.py:151} INFO - [2023-10-13T13:28:17.348+0000] {dag.py:2941} INFO - Sync 1 DAGs
[2023-10-13T13:28:17.371+0000] {logging_mixin.py:151} INFO - [2023-10-13T13:28:17.371+0000] {dag.py:3722} INFO - Setting next_dagrun for example_trigger_target_dag to None, run_after=None
[2023-10-13T13:28:17.404+0000] {processor.py:179} INFO - Processing /home/airflow/.local/lib/python3.8/site-packages/airflow/example_dags/example_trigger_target_dag.py took 0.110 seconds
[2023-10-13T13:28:47.577+0000] {processor.py:157} INFO - Started process (PID=1028) to work on /home/airflow/.local/lib/python3.8/site-packages/airflow/example_dags/example_trigger_target_dag.py
[2023-10-13T13:28:47.581+0000] {processor.py:829} INFO - Processing file /home/airflow/.local/lib/python3.8/site-packages/airflow/example_dags/example_trigger_target_dag.py for tasks to queue
[2023-10-13T13:28:47.586+0000] {logging_mixin.py:151} INFO - [2023-10-13T13:28:47.585+0000] {dagbag.py:536} INFO - Filling up the DagBag from /home/airflow/.local/lib/python3.8/site-packages/airflow/example_dags/example_trigger_target_dag.py
[2023-10-13T13:28:47.596+0000] {processor.py:839} INFO - DAG(s) dict_keys(['example_trigger_target_dag']) retrieved from /home/airflow/.local/lib/python3.8/site-packages/airflow/example_dags/example_trigger_target_dag.py
[2023-10-13T13:28:47.628+0000] {logging_mixin.py:151} INFO - [2023-10-13T13:28:47.627+0000] {dag.py:2941} INFO - Sync 1 DAGs
[2023-10-13T13:28:47.652+0000] {logging_mixin.py:151} INFO - [2023-10-13T13:28:47.652+0000] {dag.py:3722} INFO - Setting next_dagrun for example_trigger_target_dag to None, run_after=None
[2023-10-13T13:28:47.686+0000] {processor.py:179} INFO - Processing /home/airflow/.local/lib/python3.8/site-packages/airflow/example_dags/example_trigger_target_dag.py took 0.115 seconds
[2023-10-13T13:29:17.766+0000] {processor.py:157} INFO - Started process (PID=1082) to work on /home/airflow/.local/lib/python3.8/site-packages/airflow/example_dags/example_trigger_target_dag.py
[2023-10-13T13:29:17.768+0000] {processor.py:829} INFO - Processing file /home/airflow/.local/lib/python3.8/site-packages/airflow/example_dags/example_trigger_target_dag.py for tasks to queue
[2023-10-13T13:29:17.773+0000] {logging_mixin.py:151} INFO - [2023-10-13T13:29:17.772+0000] {dagbag.py:536} INFO - Filling up the DagBag from /home/airflow/.local/lib/python3.8/site-packages/airflow/example_dags/example_trigger_target_dag.py
[2023-10-13T13:29:17.781+0000] {processor.py:839} INFO - DAG(s) dict_keys(['example_trigger_target_dag']) retrieved from /home/airflow/.local/lib/python3.8/site-packages/airflow/example_dags/example_trigger_target_dag.py
[2023-10-13T13:29:17.811+0000] {logging_mixin.py:151} INFO - [2023-10-13T13:29:17.811+0000] {dag.py:2941} INFO - Sync 1 DAGs
[2023-10-13T13:29:17.833+0000] {logging_mixin.py:151} INFO - [2023-10-13T13:29:17.832+0000] {dag.py:3722} INFO - Setting next_dagrun for example_trigger_target_dag to None, run_after=None
[2023-10-13T13:29:17.865+0000] {processor.py:179} INFO - Processing /home/airflow/.local/lib/python3.8/site-packages/airflow/example_dags/example_trigger_target_dag.py took 0.105 seconds
[2023-10-13T13:29:57.595+0000] {processor.py:157} INFO - Started process (PID=1136) to work on /home/airflow/.local/lib/python3.8/site-packages/airflow/example_dags/example_trigger_target_dag.py
[2023-10-13T13:29:57.597+0000] {processor.py:829} INFO - Processing file /home/airflow/.local/lib/python3.8/site-packages/airflow/example_dags/example_trigger_target_dag.py for tasks to queue
[2023-10-13T13:29:57.601+0000] {logging_mixin.py:151} INFO - [2023-10-13T13:29:57.600+0000] {dagbag.py:536} INFO - Filling up the DagBag from /home/airflow/.local/lib/python3.8/site-packages/airflow/example_dags/example_trigger_target_dag.py
[2023-10-13T13:29:57.610+0000] {processor.py:839} INFO - DAG(s) dict_keys(['example_trigger_target_dag']) retrieved from /home/airflow/.local/lib/python3.8/site-packages/airflow/example_dags/example_trigger_target_dag.py
[2023-10-13T13:29:57.650+0000] {logging_mixin.py:151} INFO - [2023-10-13T13:29:57.650+0000] {dag.py:2941} INFO - Sync 1 DAGs
[2023-10-13T13:29:57.675+0000] {logging_mixin.py:151} INFO - [2023-10-13T13:29:57.674+0000] {dag.py:3722} INFO - Setting next_dagrun for example_trigger_target_dag to None, run_after=None
[2023-10-13T13:29:57.714+0000] {processor.py:179} INFO - Processing /home/airflow/.local/lib/python3.8/site-packages/airflow/example_dags/example_trigger_target_dag.py took 0.123 seconds
[2023-10-13T13:30:29.750+0000] {processor.py:157} INFO - Started process (PID=1190) to work on /home/airflow/.local/lib/python3.8/site-packages/airflow/example_dags/example_trigger_target_dag.py
[2023-10-13T13:30:29.752+0000] {processor.py:829} INFO - Processing file /home/airflow/.local/lib/python3.8/site-packages/airflow/example_dags/example_trigger_target_dag.py for tasks to queue
[2023-10-13T13:30:29.755+0000] {logging_mixin.py:151} INFO - [2023-10-13T13:30:29.755+0000] {dagbag.py:536} INFO - Filling up the DagBag from /home/airflow/.local/lib/python3.8/site-packages/airflow/example_dags/example_trigger_target_dag.py
[2023-10-13T13:30:29.766+0000] {processor.py:839} INFO - DAG(s) dict_keys(['example_trigger_target_dag']) retrieved from /home/airflow/.local/lib/python3.8/site-packages/airflow/example_dags/example_trigger_target_dag.py
[2023-10-13T13:30:29.797+0000] {logging_mixin.py:151} INFO - [2023-10-13T13:30:29.797+0000] {dag.py:2941} INFO - Sync 1 DAGs
[2023-10-13T13:30:29.816+0000] {logging_mixin.py:151} INFO - [2023-10-13T13:30:29.816+0000] {dag.py:3722} INFO - Setting next_dagrun for example_trigger_target_dag to None, run_after=None
[2023-10-13T13:30:30.019+0000] {processor.py:179} INFO - Processing /home/airflow/.local/lib/python3.8/site-packages/airflow/example_dags/example_trigger_target_dag.py took 0.273 seconds
[2023-10-13T13:31:00.119+0000] {processor.py:157} INFO - Started process (PID=1244) to work on /home/airflow/.local/lib/python3.8/site-packages/airflow/example_dags/example_trigger_target_dag.py
[2023-10-13T13:31:00.121+0000] {processor.py:829} INFO - Processing file /home/airflow/.local/lib/python3.8/site-packages/airflow/example_dags/example_trigger_target_dag.py for tasks to queue
[2023-10-13T13:31:00.125+0000] {logging_mixin.py:151} INFO - [2023-10-13T13:31:00.124+0000] {dagbag.py:536} INFO - Filling up the DagBag from /home/airflow/.local/lib/python3.8/site-packages/airflow/example_dags/example_trigger_target_dag.py
[2023-10-13T13:31:00.135+0000] {processor.py:839} INFO - DAG(s) dict_keys(['example_trigger_target_dag']) retrieved from /home/airflow/.local/lib/python3.8/site-packages/airflow/example_dags/example_trigger_target_dag.py
[2023-10-13T13:31:00.171+0000] {logging_mixin.py:151} INFO - [2023-10-13T13:31:00.171+0000] {dag.py:2941} INFO - Sync 1 DAGs
[2023-10-13T13:31:00.193+0000] {logging_mixin.py:151} INFO - [2023-10-13T13:31:00.192+0000] {dag.py:3722} INFO - Setting next_dagrun for example_trigger_target_dag to None, run_after=None
[2023-10-13T13:31:00.227+0000] {processor.py:179} INFO - Processing /home/airflow/.local/lib/python3.8/site-packages/airflow/example_dags/example_trigger_target_dag.py took 0.114 seconds
[2023-10-13T13:31:31.553+0000] {processor.py:157} INFO - Started process (PID=1298) to work on /home/airflow/.local/lib/python3.8/site-packages/airflow/example_dags/example_trigger_target_dag.py
[2023-10-13T13:31:31.557+0000] {processor.py:829} INFO - Processing file /home/airflow/.local/lib/python3.8/site-packages/airflow/example_dags/example_trigger_target_dag.py for tasks to queue
[2023-10-13T13:31:31.562+0000] {logging_mixin.py:151} INFO - [2023-10-13T13:31:31.561+0000] {dagbag.py:536} INFO - Filling up the DagBag from /home/airflow/.local/lib/python3.8/site-packages/airflow/example_dags/example_trigger_target_dag.py
[2023-10-13T13:31:31.579+0000] {processor.py:839} INFO - DAG(s) dict_keys(['example_trigger_target_dag']) retrieved from /home/airflow/.local/lib/python3.8/site-packages/airflow/example_dags/example_trigger_target_dag.py
[2023-10-13T13:31:31.625+0000] {logging_mixin.py:151} INFO - [2023-10-13T13:31:31.624+0000] {dag.py:2941} INFO - Sync 1 DAGs
[2023-10-13T13:31:31.657+0000] {logging_mixin.py:151} INFO - [2023-10-13T13:31:31.657+0000] {dag.py:3722} INFO - Setting next_dagrun for example_trigger_target_dag to None, run_after=None
[2023-10-13T13:31:31.744+0000] {processor.py:179} INFO - Processing /home/airflow/.local/lib/python3.8/site-packages/airflow/example_dags/example_trigger_target_dag.py took 0.198 seconds
[2023-10-13T13:32:02.451+0000] {processor.py:157} INFO - Started process (PID=1352) to work on /home/airflow/.local/lib/python3.8/site-packages/airflow/example_dags/example_trigger_target_dag.py
[2023-10-13T13:32:02.454+0000] {processor.py:829} INFO - Processing file /home/airflow/.local/lib/python3.8/site-packages/airflow/example_dags/example_trigger_target_dag.py for tasks to queue
[2023-10-13T13:32:02.459+0000] {logging_mixin.py:151} INFO - [2023-10-13T13:32:02.458+0000] {dagbag.py:536} INFO - Filling up the DagBag from /home/airflow/.local/lib/python3.8/site-packages/airflow/example_dags/example_trigger_target_dag.py
[2023-10-13T13:32:02.469+0000] {processor.py:839} INFO - DAG(s) dict_keys(['example_trigger_target_dag']) retrieved from /home/airflow/.local/lib/python3.8/site-packages/airflow/example_dags/example_trigger_target_dag.py
[2023-10-13T13:32:02.533+0000] {logging_mixin.py:151} INFO - [2023-10-13T13:32:02.533+0000] {dag.py:2941} INFO - Sync 1 DAGs
[2023-10-13T13:32:02.776+0000] {logging_mixin.py:151} INFO - [2023-10-13T13:32:02.776+0000] {dag.py:3722} INFO - Setting next_dagrun for example_trigger_target_dag to None, run_after=None
[2023-10-13T13:32:02.831+0000] {processor.py:179} INFO - Processing /home/airflow/.local/lib/python3.8/site-packages/airflow/example_dags/example_trigger_target_dag.py took 0.386 seconds
[2023-10-13T13:32:36.811+0000] {processor.py:157} INFO - Started process (PID=1406) to work on /home/airflow/.local/lib/python3.8/site-packages/airflow/example_dags/example_trigger_target_dag.py
[2023-10-13T13:32:36.816+0000] {processor.py:829} INFO - Processing file /home/airflow/.local/lib/python3.8/site-packages/airflow/example_dags/example_trigger_target_dag.py for tasks to queue
[2023-10-13T13:32:36.824+0000] {logging_mixin.py:151} INFO - [2023-10-13T13:32:36.824+0000] {dagbag.py:536} INFO - Filling up the DagBag from /home/airflow/.local/lib/python3.8/site-packages/airflow/example_dags/example_trigger_target_dag.py
[2023-10-13T13:32:36.845+0000] {processor.py:839} INFO - DAG(s) dict_keys(['example_trigger_target_dag']) retrieved from /home/airflow/.local/lib/python3.8/site-packages/airflow/example_dags/example_trigger_target_dag.py
[2023-10-13T13:32:36.897+0000] {logging_mixin.py:151} INFO - [2023-10-13T13:32:36.896+0000] {dag.py:2941} INFO - Sync 1 DAGs
[2023-10-13T13:32:36.940+0000] {logging_mixin.py:151} INFO - [2023-10-13T13:32:36.940+0000] {dag.py:3722} INFO - Setting next_dagrun for example_trigger_target_dag to None, run_after=None
[2023-10-13T13:32:36.999+0000] {processor.py:179} INFO - Processing /home/airflow/.local/lib/python3.8/site-packages/airflow/example_dags/example_trigger_target_dag.py took 0.195 seconds
[2023-10-13T13:33:07.307+0000] {processor.py:157} INFO - Started process (PID=1460) to work on /home/airflow/.local/lib/python3.8/site-packages/airflow/example_dags/example_trigger_target_dag.py
[2023-10-13T13:33:07.309+0000] {processor.py:829} INFO - Processing file /home/airflow/.local/lib/python3.8/site-packages/airflow/example_dags/example_trigger_target_dag.py for tasks to queue
[2023-10-13T13:33:07.315+0000] {logging_mixin.py:151} INFO - [2023-10-13T13:33:07.314+0000] {dagbag.py:536} INFO - Filling up the DagBag from /home/airflow/.local/lib/python3.8/site-packages/airflow/example_dags/example_trigger_target_dag.py
[2023-10-13T13:33:07.322+0000] {processor.py:839} INFO - DAG(s) dict_keys(['example_trigger_target_dag']) retrieved from /home/airflow/.local/lib/python3.8/site-packages/airflow/example_dags/example_trigger_target_dag.py
[2023-10-13T13:33:07.357+0000] {logging_mixin.py:151} INFO - [2023-10-13T13:33:07.356+0000] {dag.py:2941} INFO - Sync 1 DAGs
[2023-10-13T13:33:07.380+0000] {logging_mixin.py:151} INFO - [2023-10-13T13:33:07.380+0000] {dag.py:3722} INFO - Setting next_dagrun for example_trigger_target_dag to None, run_after=None
[2023-10-13T13:33:07.411+0000] {processor.py:179} INFO - Processing /home/airflow/.local/lib/python3.8/site-packages/airflow/example_dags/example_trigger_target_dag.py took 0.110 seconds
[2023-10-13T13:33:37.704+0000] {processor.py:157} INFO - Started process (PID=1514) to work on /home/airflow/.local/lib/python3.8/site-packages/airflow/example_dags/example_trigger_target_dag.py
[2023-10-13T13:33:37.706+0000] {processor.py:829} INFO - Processing file /home/airflow/.local/lib/python3.8/site-packages/airflow/example_dags/example_trigger_target_dag.py for tasks to queue
[2023-10-13T13:33:37.709+0000] {logging_mixin.py:151} INFO - [2023-10-13T13:33:37.709+0000] {dagbag.py:536} INFO - Filling up the DagBag from /home/airflow/.local/lib/python3.8/site-packages/airflow/example_dags/example_trigger_target_dag.py
[2023-10-13T13:33:37.719+0000] {processor.py:839} INFO - DAG(s) dict_keys(['example_trigger_target_dag']) retrieved from /home/airflow/.local/lib/python3.8/site-packages/airflow/example_dags/example_trigger_target_dag.py
[2023-10-13T13:33:37.750+0000] {logging_mixin.py:151} INFO - [2023-10-13T13:33:37.750+0000] {dag.py:2941} INFO - Sync 1 DAGs
[2023-10-13T13:33:37.769+0000] {logging_mixin.py:151} INFO - [2023-10-13T13:33:37.769+0000] {dag.py:3722} INFO - Setting next_dagrun for example_trigger_target_dag to None, run_after=None
[2023-10-13T13:33:37.816+0000] {processor.py:179} INFO - Processing /home/airflow/.local/lib/python3.8/site-packages/airflow/example_dags/example_trigger_target_dag.py took 0.115 seconds
[2023-10-13T13:34:08.011+0000] {processor.py:157} INFO - Started process (PID=1569) to work on /home/airflow/.local/lib/python3.8/site-packages/airflow/example_dags/example_trigger_target_dag.py
[2023-10-13T13:34:08.012+0000] {processor.py:829} INFO - Processing file /home/airflow/.local/lib/python3.8/site-packages/airflow/example_dags/example_trigger_target_dag.py for tasks to queue
[2023-10-13T13:34:08.016+0000] {logging_mixin.py:151} INFO - [2023-10-13T13:34:08.016+0000] {dagbag.py:536} INFO - Filling up the DagBag from /home/airflow/.local/lib/python3.8/site-packages/airflow/example_dags/example_trigger_target_dag.py
[2023-10-13T13:34:08.024+0000] {processor.py:839} INFO - DAG(s) dict_keys(['example_trigger_target_dag']) retrieved from /home/airflow/.local/lib/python3.8/site-packages/airflow/example_dags/example_trigger_target_dag.py
[2023-10-13T13:34:08.062+0000] {logging_mixin.py:151} INFO - [2023-10-13T13:34:08.062+0000] {dag.py:2941} INFO - Sync 1 DAGs
[2023-10-13T13:34:08.090+0000] {logging_mixin.py:151} INFO - [2023-10-13T13:34:08.090+0000] {dag.py:3722} INFO - Setting next_dagrun for example_trigger_target_dag to None, run_after=None
[2023-10-13T13:34:08.124+0000] {processor.py:179} INFO - Processing /home/airflow/.local/lib/python3.8/site-packages/airflow/example_dags/example_trigger_target_dag.py took 0.119 seconds
[2023-10-13T13:34:38.525+0000] {processor.py:157} INFO - Started process (PID=1624) to work on /home/airflow/.local/lib/python3.8/site-packages/airflow/example_dags/example_trigger_target_dag.py
[2023-10-13T13:34:38.527+0000] {processor.py:829} INFO - Processing file /home/airflow/.local/lib/python3.8/site-packages/airflow/example_dags/example_trigger_target_dag.py for tasks to queue
[2023-10-13T13:34:38.531+0000] {logging_mixin.py:151} INFO - [2023-10-13T13:34:38.530+0000] {dagbag.py:536} INFO - Filling up the DagBag from /home/airflow/.local/lib/python3.8/site-packages/airflow/example_dags/example_trigger_target_dag.py
[2023-10-13T13:34:38.539+0000] {processor.py:839} INFO - DAG(s) dict_keys(['example_trigger_target_dag']) retrieved from /home/airflow/.local/lib/python3.8/site-packages/airflow/example_dags/example_trigger_target_dag.py
[2023-10-13T13:34:38.572+0000] {logging_mixin.py:151} INFO - [2023-10-13T13:34:38.572+0000] {dag.py:2941} INFO - Sync 1 DAGs
[2023-10-13T13:34:38.590+0000] {logging_mixin.py:151} INFO - [2023-10-13T13:34:38.590+0000] {dag.py:3722} INFO - Setting next_dagrun for example_trigger_target_dag to None, run_after=None
[2023-10-13T13:34:38.628+0000] {processor.py:179} INFO - Processing /home/airflow/.local/lib/python3.8/site-packages/airflow/example_dags/example_trigger_target_dag.py took 0.107 seconds
[2023-10-13T13:35:09.431+0000] {processor.py:157} INFO - Started process (PID=1678) to work on /home/airflow/.local/lib/python3.8/site-packages/airflow/example_dags/example_trigger_target_dag.py
[2023-10-13T13:35:09.433+0000] {processor.py:829} INFO - Processing file /home/airflow/.local/lib/python3.8/site-packages/airflow/example_dags/example_trigger_target_dag.py for tasks to queue
[2023-10-13T13:35:09.439+0000] {logging_mixin.py:151} INFO - [2023-10-13T13:35:09.439+0000] {dagbag.py:536} INFO - Filling up the DagBag from /home/airflow/.local/lib/python3.8/site-packages/airflow/example_dags/example_trigger_target_dag.py
[2023-10-13T13:35:09.452+0000] {processor.py:839} INFO - DAG(s) dict_keys(['example_trigger_target_dag']) retrieved from /home/airflow/.local/lib/python3.8/site-packages/airflow/example_dags/example_trigger_target_dag.py
[2023-10-13T13:35:09.497+0000] {logging_mixin.py:151} INFO - [2023-10-13T13:35:09.497+0000] {dag.py:2941} INFO - Sync 1 DAGs
[2023-10-13T13:35:09.523+0000] {logging_mixin.py:151} INFO - [2023-10-13T13:35:09.523+0000] {dag.py:3722} INFO - Setting next_dagrun for example_trigger_target_dag to None, run_after=None
[2023-10-13T13:35:09.566+0000] {processor.py:179} INFO - Processing /home/airflow/.local/lib/python3.8/site-packages/airflow/example_dags/example_trigger_target_dag.py took 0.143 seconds
[2023-10-13T13:35:40.804+0000] {processor.py:157} INFO - Started process (PID=1732) to work on /home/airflow/.local/lib/python3.8/site-packages/airflow/example_dags/example_trigger_target_dag.py
[2023-10-13T13:35:40.808+0000] {processor.py:829} INFO - Processing file /home/airflow/.local/lib/python3.8/site-packages/airflow/example_dags/example_trigger_target_dag.py for tasks to queue
[2023-10-13T13:35:40.815+0000] {logging_mixin.py:151} INFO - [2023-10-13T13:35:40.815+0000] {dagbag.py:536} INFO - Filling up the DagBag from /home/airflow/.local/lib/python3.8/site-packages/airflow/example_dags/example_trigger_target_dag.py
[2023-10-13T13:35:40.849+0000] {processor.py:839} INFO - DAG(s) dict_keys(['example_trigger_target_dag']) retrieved from /home/airflow/.local/lib/python3.8/site-packages/airflow/example_dags/example_trigger_target_dag.py
[2023-10-13T13:35:40.906+0000] {logging_mixin.py:151} INFO - [2023-10-13T13:35:40.906+0000] {dag.py:2941} INFO - Sync 1 DAGs
[2023-10-13T13:35:40.932+0000] {logging_mixin.py:151} INFO - [2023-10-13T13:35:40.931+0000] {dag.py:3722} INFO - Setting next_dagrun for example_trigger_target_dag to None, run_after=None
[2023-10-13T13:35:40.984+0000] {processor.py:179} INFO - Processing /home/airflow/.local/lib/python3.8/site-packages/airflow/example_dags/example_trigger_target_dag.py took 0.198 seconds
[2023-10-13T13:36:11.768+0000] {processor.py:157} INFO - Started process (PID=1786) to work on /home/airflow/.local/lib/python3.8/site-packages/airflow/example_dags/example_trigger_target_dag.py
[2023-10-13T13:36:11.770+0000] {processor.py:829} INFO - Processing file /home/airflow/.local/lib/python3.8/site-packages/airflow/example_dags/example_trigger_target_dag.py for tasks to queue
[2023-10-13T13:36:11.774+0000] {logging_mixin.py:151} INFO - [2023-10-13T13:36:11.774+0000] {dagbag.py:536} INFO - Filling up the DagBag from /home/airflow/.local/lib/python3.8/site-packages/airflow/example_dags/example_trigger_target_dag.py
[2023-10-13T13:36:11.782+0000] {processor.py:839} INFO - DAG(s) dict_keys(['example_trigger_target_dag']) retrieved from /home/airflow/.local/lib/python3.8/site-packages/airflow/example_dags/example_trigger_target_dag.py
[2023-10-13T13:36:11.813+0000] {logging_mixin.py:151} INFO - [2023-10-13T13:36:11.812+0000] {dag.py:2941} INFO - Sync 1 DAGs
[2023-10-13T13:36:11.832+0000] {logging_mixin.py:151} INFO - [2023-10-13T13:36:11.832+0000] {dag.py:3722} INFO - Setting next_dagrun for example_trigger_target_dag to None, run_after=None
[2023-10-13T13:36:11.936+0000] {processor.py:179} INFO - Processing /home/airflow/.local/lib/python3.8/site-packages/airflow/example_dags/example_trigger_target_dag.py took 0.172 seconds
