[2023-10-13T13:19:30.510+0000] {processor.py:157} INFO - Started process (PID=45) to work on /home/airflow/.local/lib/python3.8/site-packages/airflow/example_dags/example_setup_teardown_taskflow.py
[2023-10-13T13:19:30.517+0000] {processor.py:829} INFO - Processing file /home/airflow/.local/lib/python3.8/site-packages/airflow/example_dags/example_setup_teardown_taskflow.py for tasks to queue
[2023-10-13T13:19:30.538+0000] {logging_mixin.py:151} INFO - [2023-10-13T13:19:30.537+0000] {dagbag.py:536} INFO - Filling up the DagBag from /home/airflow/.local/lib/python3.8/site-packages/airflow/example_dags/example_setup_teardown_taskflow.py
[2023-10-13T13:19:30.581+0000] {processor.py:839} INFO - DAG(s) dict_keys(['example_setup_teardown_taskflow']) retrieved from /home/airflow/.local/lib/python3.8/site-packages/airflow/example_dags/example_setup_teardown_taskflow.py
[2023-10-13T13:19:30.725+0000] {logging_mixin.py:151} INFO - [2023-10-13T13:19:30.725+0000] {dag.py:2941} INFO - Sync 1 DAGs
[2023-10-13T13:19:30.813+0000] {logging_mixin.py:151} INFO - [2023-10-13T13:19:30.813+0000] {dag.py:3722} INFO - Setting next_dagrun for example_setup_teardown_taskflow to 2023-10-12T13:19:30.812543+00:00, run_after=2023-10-13T13:19:30.812543+00:00
[2023-10-13T13:19:30.878+0000] {processor.py:179} INFO - Processing /home/airflow/.local/lib/python3.8/site-packages/airflow/example_dags/example_setup_teardown_taskflow.py took 0.384 seconds
[2023-10-13T13:20:01.861+0000] {processor.py:157} INFO - Started process (PID=99) to work on /home/airflow/.local/lib/python3.8/site-packages/airflow/example_dags/example_setup_teardown_taskflow.py
[2023-10-13T13:20:01.863+0000] {processor.py:829} INFO - Processing file /home/airflow/.local/lib/python3.8/site-packages/airflow/example_dags/example_setup_teardown_taskflow.py for tasks to queue
[2023-10-13T13:20:01.868+0000] {logging_mixin.py:151} INFO - [2023-10-13T13:20:01.867+0000] {dagbag.py:536} INFO - Filling up the DagBag from /home/airflow/.local/lib/python3.8/site-packages/airflow/example_dags/example_setup_teardown_taskflow.py
[2023-10-13T13:20:01.886+0000] {processor.py:839} INFO - DAG(s) dict_keys(['example_setup_teardown_taskflow']) retrieved from /home/airflow/.local/lib/python3.8/site-packages/airflow/example_dags/example_setup_teardown_taskflow.py
[2023-10-13T13:20:01.923+0000] {logging_mixin.py:151} INFO - [2023-10-13T13:20:01.923+0000] {dag.py:2941} INFO - Sync 1 DAGs
[2023-10-13T13:20:01.961+0000] {logging_mixin.py:151} INFO - [2023-10-13T13:20:01.960+0000] {dag.py:3722} INFO - Setting next_dagrun for example_setup_teardown_taskflow to 2023-10-12T13:20:01.960248+00:00, run_after=2023-10-13T13:20:01.960248+00:00
[2023-10-13T13:20:01.997+0000] {processor.py:179} INFO - Processing /home/airflow/.local/lib/python3.8/site-packages/airflow/example_dags/example_setup_teardown_taskflow.py took 0.142 seconds
[2023-10-13T13:20:33.452+0000] {processor.py:157} INFO - Started process (PID=153) to work on /home/airflow/.local/lib/python3.8/site-packages/airflow/example_dags/example_setup_teardown_taskflow.py
[2023-10-13T13:20:33.454+0000] {processor.py:829} INFO - Processing file /home/airflow/.local/lib/python3.8/site-packages/airflow/example_dags/example_setup_teardown_taskflow.py for tasks to queue
[2023-10-13T13:20:33.458+0000] {logging_mixin.py:151} INFO - [2023-10-13T13:20:33.458+0000] {dagbag.py:536} INFO - Filling up the DagBag from /home/airflow/.local/lib/python3.8/site-packages/airflow/example_dags/example_setup_teardown_taskflow.py
[2023-10-13T13:20:33.483+0000] {processor.py:839} INFO - DAG(s) dict_keys(['example_setup_teardown_taskflow']) retrieved from /home/airflow/.local/lib/python3.8/site-packages/airflow/example_dags/example_setup_teardown_taskflow.py
[2023-10-13T13:20:33.527+0000] {logging_mixin.py:151} INFO - [2023-10-13T13:20:33.526+0000] {dag.py:2941} INFO - Sync 1 DAGs
[2023-10-13T13:20:33.554+0000] {logging_mixin.py:151} INFO - [2023-10-13T13:20:33.554+0000] {dag.py:3722} INFO - Setting next_dagrun for example_setup_teardown_taskflow to 2023-10-12T13:20:33.554046+00:00, run_after=2023-10-13T13:20:33.554046+00:00
[2023-10-13T13:20:33.589+0000] {processor.py:179} INFO - Processing /home/airflow/.local/lib/python3.8/site-packages/airflow/example_dags/example_setup_teardown_taskflow.py took 0.143 seconds
[2023-10-13T13:21:04.198+0000] {processor.py:157} INFO - Started process (PID=205) to work on /home/airflow/.local/lib/python3.8/site-packages/airflow/example_dags/example_setup_teardown_taskflow.py
[2023-10-13T13:21:04.200+0000] {processor.py:829} INFO - Processing file /home/airflow/.local/lib/python3.8/site-packages/airflow/example_dags/example_setup_teardown_taskflow.py for tasks to queue
[2023-10-13T13:21:04.203+0000] {logging_mixin.py:151} INFO - [2023-10-13T13:21:04.203+0000] {dagbag.py:536} INFO - Filling up the DagBag from /home/airflow/.local/lib/python3.8/site-packages/airflow/example_dags/example_setup_teardown_taskflow.py
[2023-10-13T13:21:04.217+0000] {processor.py:839} INFO - DAG(s) dict_keys(['example_setup_teardown_taskflow']) retrieved from /home/airflow/.local/lib/python3.8/site-packages/airflow/example_dags/example_setup_teardown_taskflow.py
[2023-10-13T13:21:04.249+0000] {logging_mixin.py:151} INFO - [2023-10-13T13:21:04.249+0000] {dag.py:2941} INFO - Sync 1 DAGs
[2023-10-13T13:21:04.294+0000] {logging_mixin.py:151} INFO - [2023-10-13T13:21:04.294+0000] {dag.py:3722} INFO - Setting next_dagrun for example_setup_teardown_taskflow to 2023-10-12T13:21:04.293607+00:00, run_after=2023-10-13T13:21:04.293607+00:00
[2023-10-13T13:21:04.326+0000] {processor.py:179} INFO - Processing /home/airflow/.local/lib/python3.8/site-packages/airflow/example_dags/example_setup_teardown_taskflow.py took 0.133 seconds
[2023-10-13T13:21:35.226+0000] {processor.py:157} INFO - Started process (PID=259) to work on /home/airflow/.local/lib/python3.8/site-packages/airflow/example_dags/example_setup_teardown_taskflow.py
[2023-10-13T13:21:35.228+0000] {processor.py:829} INFO - Processing file /home/airflow/.local/lib/python3.8/site-packages/airflow/example_dags/example_setup_teardown_taskflow.py for tasks to queue
[2023-10-13T13:21:35.232+0000] {logging_mixin.py:151} INFO - [2023-10-13T13:21:35.231+0000] {dagbag.py:536} INFO - Filling up the DagBag from /home/airflow/.local/lib/python3.8/site-packages/airflow/example_dags/example_setup_teardown_taskflow.py
[2023-10-13T13:21:35.244+0000] {processor.py:839} INFO - DAG(s) dict_keys(['example_setup_teardown_taskflow']) retrieved from /home/airflow/.local/lib/python3.8/site-packages/airflow/example_dags/example_setup_teardown_taskflow.py
[2023-10-13T13:21:35.279+0000] {logging_mixin.py:151} INFO - [2023-10-13T13:21:35.278+0000] {dag.py:2941} INFO - Sync 1 DAGs
[2023-10-13T13:21:35.312+0000] {logging_mixin.py:151} INFO - [2023-10-13T13:21:35.311+0000] {dag.py:3722} INFO - Setting next_dagrun for example_setup_teardown_taskflow to 2023-10-12T13:21:35.311431+00:00, run_after=2023-10-13T13:21:35.311431+00:00
[2023-10-13T13:21:35.348+0000] {processor.py:179} INFO - Processing /home/airflow/.local/lib/python3.8/site-packages/airflow/example_dags/example_setup_teardown_taskflow.py took 0.127 seconds
[2023-10-13T13:22:05.911+0000] {processor.py:157} INFO - Started process (PID=313) to work on /home/airflow/.local/lib/python3.8/site-packages/airflow/example_dags/example_setup_teardown_taskflow.py
[2023-10-13T13:22:05.912+0000] {processor.py:829} INFO - Processing file /home/airflow/.local/lib/python3.8/site-packages/airflow/example_dags/example_setup_teardown_taskflow.py for tasks to queue
[2023-10-13T13:22:05.916+0000] {logging_mixin.py:151} INFO - [2023-10-13T13:22:05.916+0000] {dagbag.py:536} INFO - Filling up the DagBag from /home/airflow/.local/lib/python3.8/site-packages/airflow/example_dags/example_setup_teardown_taskflow.py
[2023-10-13T13:22:05.929+0000] {processor.py:839} INFO - DAG(s) dict_keys(['example_setup_teardown_taskflow']) retrieved from /home/airflow/.local/lib/python3.8/site-packages/airflow/example_dags/example_setup_teardown_taskflow.py
[2023-10-13T13:22:05.958+0000] {logging_mixin.py:151} INFO - [2023-10-13T13:22:05.957+0000] {dag.py:2941} INFO - Sync 1 DAGs
[2023-10-13T13:22:05.987+0000] {logging_mixin.py:151} INFO - [2023-10-13T13:22:05.987+0000] {dag.py:3722} INFO - Setting next_dagrun for example_setup_teardown_taskflow to 2023-10-12T13:22:05.987398+00:00, run_after=2023-10-13T13:22:05.987398+00:00
[2023-10-13T13:22:06.013+0000] {processor.py:179} INFO - Processing /home/airflow/.local/lib/python3.8/site-packages/airflow/example_dags/example_setup_teardown_taskflow.py took 0.106 seconds
[2023-10-13T13:22:36.817+0000] {processor.py:157} INFO - Started process (PID=367) to work on /home/airflow/.local/lib/python3.8/site-packages/airflow/example_dags/example_setup_teardown_taskflow.py
[2023-10-13T13:22:36.818+0000] {processor.py:829} INFO - Processing file /home/airflow/.local/lib/python3.8/site-packages/airflow/example_dags/example_setup_teardown_taskflow.py for tasks to queue
[2023-10-13T13:22:36.823+0000] {logging_mixin.py:151} INFO - [2023-10-13T13:22:36.822+0000] {dagbag.py:536} INFO - Filling up the DagBag from /home/airflow/.local/lib/python3.8/site-packages/airflow/example_dags/example_setup_teardown_taskflow.py
[2023-10-13T13:22:36.834+0000] {processor.py:839} INFO - DAG(s) dict_keys(['example_setup_teardown_taskflow']) retrieved from /home/airflow/.local/lib/python3.8/site-packages/airflow/example_dags/example_setup_teardown_taskflow.py
[2023-10-13T13:22:36.865+0000] {logging_mixin.py:151} INFO - [2023-10-13T13:22:36.864+0000] {dag.py:2941} INFO - Sync 1 DAGs
[2023-10-13T13:22:36.889+0000] {logging_mixin.py:151} INFO - [2023-10-13T13:22:36.889+0000] {dag.py:3722} INFO - Setting next_dagrun for example_setup_teardown_taskflow to 2023-10-12T13:22:36.889346+00:00, run_after=2023-10-13T13:22:36.889346+00:00
[2023-10-13T13:22:36.918+0000] {processor.py:179} INFO - Processing /home/airflow/.local/lib/python3.8/site-packages/airflow/example_dags/example_setup_teardown_taskflow.py took 0.105 seconds
[2023-10-13T13:23:07.725+0000] {processor.py:157} INFO - Started process (PID=421) to work on /home/airflow/.local/lib/python3.8/site-packages/airflow/example_dags/example_setup_teardown_taskflow.py
[2023-10-13T13:23:07.727+0000] {processor.py:829} INFO - Processing file /home/airflow/.local/lib/python3.8/site-packages/airflow/example_dags/example_setup_teardown_taskflow.py for tasks to queue
[2023-10-13T13:23:07.731+0000] {logging_mixin.py:151} INFO - [2023-10-13T13:23:07.731+0000] {dagbag.py:536} INFO - Filling up the DagBag from /home/airflow/.local/lib/python3.8/site-packages/airflow/example_dags/example_setup_teardown_taskflow.py
[2023-10-13T13:23:07.751+0000] {processor.py:839} INFO - DAG(s) dict_keys(['example_setup_teardown_taskflow']) retrieved from /home/airflow/.local/lib/python3.8/site-packages/airflow/example_dags/example_setup_teardown_taskflow.py
[2023-10-13T13:23:07.792+0000] {logging_mixin.py:151} INFO - [2023-10-13T13:23:07.792+0000] {dag.py:2941} INFO - Sync 1 DAGs
[2023-10-13T13:23:07.837+0000] {logging_mixin.py:151} INFO - [2023-10-13T13:23:07.836+0000] {dag.py:3722} INFO - Setting next_dagrun for example_setup_teardown_taskflow to 2023-10-12T13:23:07.836612+00:00, run_after=2023-10-13T13:23:07.836612+00:00
[2023-10-13T13:23:07.862+0000] {processor.py:179} INFO - Processing /home/airflow/.local/lib/python3.8/site-packages/airflow/example_dags/example_setup_teardown_taskflow.py took 0.144 seconds
[2023-10-13T13:23:38.236+0000] {processor.py:157} INFO - Started process (PID=475) to work on /home/airflow/.local/lib/python3.8/site-packages/airflow/example_dags/example_setup_teardown_taskflow.py
[2023-10-13T13:23:38.238+0000] {processor.py:829} INFO - Processing file /home/airflow/.local/lib/python3.8/site-packages/airflow/example_dags/example_setup_teardown_taskflow.py for tasks to queue
[2023-10-13T13:23:38.246+0000] {logging_mixin.py:151} INFO - [2023-10-13T13:23:38.246+0000] {dagbag.py:536} INFO - Filling up the DagBag from /home/airflow/.local/lib/python3.8/site-packages/airflow/example_dags/example_setup_teardown_taskflow.py
[2023-10-13T13:23:38.261+0000] {processor.py:839} INFO - DAG(s) dict_keys(['example_setup_teardown_taskflow']) retrieved from /home/airflow/.local/lib/python3.8/site-packages/airflow/example_dags/example_setup_teardown_taskflow.py
[2023-10-13T13:23:38.338+0000] {logging_mixin.py:151} INFO - [2023-10-13T13:23:38.338+0000] {dag.py:2941} INFO - Sync 1 DAGs
[2023-10-13T13:23:38.372+0000] {logging_mixin.py:151} INFO - [2023-10-13T13:23:38.372+0000] {dag.py:3722} INFO - Setting next_dagrun for example_setup_teardown_taskflow to 2023-10-12T13:23:38.372379+00:00, run_after=2023-10-13T13:23:38.372379+00:00
[2023-10-13T13:23:38.402+0000] {processor.py:179} INFO - Processing /home/airflow/.local/lib/python3.8/site-packages/airflow/example_dags/example_setup_teardown_taskflow.py took 0.173 seconds
[2023-10-13T13:24:08.748+0000] {processor.py:157} INFO - Started process (PID=529) to work on /home/airflow/.local/lib/python3.8/site-packages/airflow/example_dags/example_setup_teardown_taskflow.py
[2023-10-13T13:24:08.752+0000] {processor.py:829} INFO - Processing file /home/airflow/.local/lib/python3.8/site-packages/airflow/example_dags/example_setup_teardown_taskflow.py for tasks to queue
[2023-10-13T13:24:08.757+0000] {logging_mixin.py:151} INFO - [2023-10-13T13:24:08.756+0000] {dagbag.py:536} INFO - Filling up the DagBag from /home/airflow/.local/lib/python3.8/site-packages/airflow/example_dags/example_setup_teardown_taskflow.py
[2023-10-13T13:24:08.773+0000] {processor.py:839} INFO - DAG(s) dict_keys(['example_setup_teardown_taskflow']) retrieved from /home/airflow/.local/lib/python3.8/site-packages/airflow/example_dags/example_setup_teardown_taskflow.py
[2023-10-13T13:24:08.797+0000] {logging_mixin.py:151} INFO - [2023-10-13T13:24:08.797+0000] {dag.py:2941} INFO - Sync 1 DAGs
[2023-10-13T13:24:08.830+0000] {logging_mixin.py:151} INFO - [2023-10-13T13:24:08.829+0000] {dag.py:3722} INFO - Setting next_dagrun for example_setup_teardown_taskflow to 2023-10-12T13:24:08.829587+00:00, run_after=2023-10-13T13:24:08.829587+00:00
[2023-10-13T13:24:08.883+0000] {processor.py:179} INFO - Processing /home/airflow/.local/lib/python3.8/site-packages/airflow/example_dags/example_setup_teardown_taskflow.py took 0.142 seconds
[2023-10-13T13:24:39.128+0000] {processor.py:157} INFO - Started process (PID=590) to work on /home/airflow/.local/lib/python3.8/site-packages/airflow/example_dags/example_setup_teardown_taskflow.py
[2023-10-13T13:24:39.129+0000] {processor.py:829} INFO - Processing file /home/airflow/.local/lib/python3.8/site-packages/airflow/example_dags/example_setup_teardown_taskflow.py for tasks to queue
[2023-10-13T13:24:39.133+0000] {logging_mixin.py:151} INFO - [2023-10-13T13:24:39.133+0000] {dagbag.py:536} INFO - Filling up the DagBag from /home/airflow/.local/lib/python3.8/site-packages/airflow/example_dags/example_setup_teardown_taskflow.py
[2023-10-13T13:24:39.149+0000] {processor.py:839} INFO - DAG(s) dict_keys(['example_setup_teardown_taskflow']) retrieved from /home/airflow/.local/lib/python3.8/site-packages/airflow/example_dags/example_setup_teardown_taskflow.py
[2023-10-13T13:24:39.171+0000] {logging_mixin.py:151} INFO - [2023-10-13T13:24:39.170+0000] {dag.py:2941} INFO - Sync 1 DAGs
[2023-10-13T13:24:39.195+0000] {logging_mixin.py:151} INFO - [2023-10-13T13:24:39.194+0000] {dag.py:3722} INFO - Setting next_dagrun for example_setup_teardown_taskflow to 2023-10-12T13:24:39.194601+00:00, run_after=2023-10-13T13:24:39.194601+00:00
[2023-10-13T13:24:39.223+0000] {processor.py:179} INFO - Processing /home/airflow/.local/lib/python3.8/site-packages/airflow/example_dags/example_setup_teardown_taskflow.py took 0.100 seconds
[2023-10-13T13:25:09.859+0000] {processor.py:157} INFO - Started process (PID=644) to work on /home/airflow/.local/lib/python3.8/site-packages/airflow/example_dags/example_setup_teardown_taskflow.py
[2023-10-13T13:25:09.864+0000] {processor.py:829} INFO - Processing file /home/airflow/.local/lib/python3.8/site-packages/airflow/example_dags/example_setup_teardown_taskflow.py for tasks to queue
[2023-10-13T13:25:09.870+0000] {logging_mixin.py:151} INFO - [2023-10-13T13:25:09.869+0000] {dagbag.py:536} INFO - Filling up the DagBag from /home/airflow/.local/lib/python3.8/site-packages/airflow/example_dags/example_setup_teardown_taskflow.py
[2023-10-13T13:25:09.900+0000] {processor.py:839} INFO - DAG(s) dict_keys(['example_setup_teardown_taskflow']) retrieved from /home/airflow/.local/lib/python3.8/site-packages/airflow/example_dags/example_setup_teardown_taskflow.py
[2023-10-13T13:25:09.953+0000] {logging_mixin.py:151} INFO - [2023-10-13T13:25:09.952+0000] {dag.py:2941} INFO - Sync 1 DAGs
[2023-10-13T13:25:10.027+0000] {logging_mixin.py:151} INFO - [2023-10-13T13:25:10.026+0000] {dag.py:3722} INFO - Setting next_dagrun for example_setup_teardown_taskflow to 2023-10-12T13:25:10.026431+00:00, run_after=2023-10-13T13:25:10.026431+00:00
[2023-10-13T13:25:10.077+0000] {processor.py:179} INFO - Processing /home/airflow/.local/lib/python3.8/site-packages/airflow/example_dags/example_setup_teardown_taskflow.py took 0.225 seconds
[2023-10-13T13:25:40.290+0000] {processor.py:157} INFO - Started process (PID=698) to work on /home/airflow/.local/lib/python3.8/site-packages/airflow/example_dags/example_setup_teardown_taskflow.py
[2023-10-13T13:25:40.292+0000] {processor.py:829} INFO - Processing file /home/airflow/.local/lib/python3.8/site-packages/airflow/example_dags/example_setup_teardown_taskflow.py for tasks to queue
[2023-10-13T13:25:40.295+0000] {logging_mixin.py:151} INFO - [2023-10-13T13:25:40.295+0000] {dagbag.py:536} INFO - Filling up the DagBag from /home/airflow/.local/lib/python3.8/site-packages/airflow/example_dags/example_setup_teardown_taskflow.py
[2023-10-13T13:25:40.312+0000] {processor.py:839} INFO - DAG(s) dict_keys(['example_setup_teardown_taskflow']) retrieved from /home/airflow/.local/lib/python3.8/site-packages/airflow/example_dags/example_setup_teardown_taskflow.py
[2023-10-13T13:25:40.345+0000] {logging_mixin.py:151} INFO - [2023-10-13T13:25:40.345+0000] {dag.py:2941} INFO - Sync 1 DAGs
[2023-10-13T13:25:40.372+0000] {logging_mixin.py:151} INFO - [2023-10-13T13:25:40.372+0000] {dag.py:3722} INFO - Setting next_dagrun for example_setup_teardown_taskflow to 2023-10-12T13:25:40.372357+00:00, run_after=2023-10-13T13:25:40.372357+00:00
[2023-10-13T13:25:40.404+0000] {processor.py:179} INFO - Processing /home/airflow/.local/lib/python3.8/site-packages/airflow/example_dags/example_setup_teardown_taskflow.py took 0.120 seconds
[2023-10-13T13:26:11.284+0000] {processor.py:157} INFO - Started process (PID=752) to work on /home/airflow/.local/lib/python3.8/site-packages/airflow/example_dags/example_setup_teardown_taskflow.py
[2023-10-13T13:26:11.286+0000] {processor.py:829} INFO - Processing file /home/airflow/.local/lib/python3.8/site-packages/airflow/example_dags/example_setup_teardown_taskflow.py for tasks to queue
[2023-10-13T13:26:11.290+0000] {logging_mixin.py:151} INFO - [2023-10-13T13:26:11.290+0000] {dagbag.py:536} INFO - Filling up the DagBag from /home/airflow/.local/lib/python3.8/site-packages/airflow/example_dags/example_setup_teardown_taskflow.py
[2023-10-13T13:26:11.302+0000] {processor.py:839} INFO - DAG(s) dict_keys(['example_setup_teardown_taskflow']) retrieved from /home/airflow/.local/lib/python3.8/site-packages/airflow/example_dags/example_setup_teardown_taskflow.py
[2023-10-13T13:26:11.334+0000] {logging_mixin.py:151} INFO - [2023-10-13T13:26:11.334+0000] {dag.py:2941} INFO - Sync 1 DAGs
[2023-10-13T13:26:11.365+0000] {logging_mixin.py:151} INFO - [2023-10-13T13:26:11.364+0000] {dag.py:3722} INFO - Setting next_dagrun for example_setup_teardown_taskflow to 2023-10-12T13:26:11.364662+00:00, run_after=2023-10-13T13:26:11.364662+00:00
[2023-10-13T13:26:11.396+0000] {processor.py:179} INFO - Processing /home/airflow/.local/lib/python3.8/site-packages/airflow/example_dags/example_setup_teardown_taskflow.py took 0.116 seconds
[2023-10-13T13:26:42.660+0000] {processor.py:157} INFO - Started process (PID=806) to work on /home/airflow/.local/lib/python3.8/site-packages/airflow/example_dags/example_setup_teardown_taskflow.py
[2023-10-13T13:26:42.663+0000] {processor.py:829} INFO - Processing file /home/airflow/.local/lib/python3.8/site-packages/airflow/example_dags/example_setup_teardown_taskflow.py for tasks to queue
[2023-10-13T13:26:42.668+0000] {logging_mixin.py:151} INFO - [2023-10-13T13:26:42.667+0000] {dagbag.py:536} INFO - Filling up the DagBag from /home/airflow/.local/lib/python3.8/site-packages/airflow/example_dags/example_setup_teardown_taskflow.py
[2023-10-13T13:26:42.683+0000] {processor.py:839} INFO - DAG(s) dict_keys(['example_setup_teardown_taskflow']) retrieved from /home/airflow/.local/lib/python3.8/site-packages/airflow/example_dags/example_setup_teardown_taskflow.py
[2023-10-13T13:26:42.709+0000] {logging_mixin.py:151} INFO - [2023-10-13T13:26:42.709+0000] {dag.py:2941} INFO - Sync 1 DAGs
[2023-10-13T13:26:42.739+0000] {logging_mixin.py:151} INFO - [2023-10-13T13:26:42.739+0000] {dag.py:3722} INFO - Setting next_dagrun for example_setup_teardown_taskflow to 2023-10-12T13:26:42.738787+00:00, run_after=2023-10-13T13:26:42.738787+00:00
[2023-10-13T13:26:42.778+0000] {processor.py:179} INFO - Processing /home/airflow/.local/lib/python3.8/site-packages/airflow/example_dags/example_setup_teardown_taskflow.py took 0.125 seconds
[2023-10-13T13:27:13.421+0000] {processor.py:157} INFO - Started process (PID=860) to work on /home/airflow/.local/lib/python3.8/site-packages/airflow/example_dags/example_setup_teardown_taskflow.py
[2023-10-13T13:27:13.423+0000] {processor.py:829} INFO - Processing file /home/airflow/.local/lib/python3.8/site-packages/airflow/example_dags/example_setup_teardown_taskflow.py for tasks to queue
[2023-10-13T13:27:13.428+0000] {logging_mixin.py:151} INFO - [2023-10-13T13:27:13.427+0000] {dagbag.py:536} INFO - Filling up the DagBag from /home/airflow/.local/lib/python3.8/site-packages/airflow/example_dags/example_setup_teardown_taskflow.py
[2023-10-13T13:27:13.450+0000] {processor.py:839} INFO - DAG(s) dict_keys(['example_setup_teardown_taskflow']) retrieved from /home/airflow/.local/lib/python3.8/site-packages/airflow/example_dags/example_setup_teardown_taskflow.py
[2023-10-13T13:27:13.491+0000] {logging_mixin.py:151} INFO - [2023-10-13T13:27:13.491+0000] {dag.py:2941} INFO - Sync 1 DAGs
[2023-10-13T13:27:13.524+0000] {logging_mixin.py:151} INFO - [2023-10-13T13:27:13.524+0000] {dag.py:3722} INFO - Setting next_dagrun for example_setup_teardown_taskflow to 2023-10-12T13:27:13.523900+00:00, run_after=2023-10-13T13:27:13.523900+00:00
[2023-10-13T13:27:13.548+0000] {processor.py:179} INFO - Processing /home/airflow/.local/lib/python3.8/site-packages/airflow/example_dags/example_setup_teardown_taskflow.py took 0.133 seconds
[2023-10-13T13:27:44.166+0000] {processor.py:157} INFO - Started process (PID=914) to work on /home/airflow/.local/lib/python3.8/site-packages/airflow/example_dags/example_setup_teardown_taskflow.py
[2023-10-13T13:27:44.168+0000] {processor.py:829} INFO - Processing file /home/airflow/.local/lib/python3.8/site-packages/airflow/example_dags/example_setup_teardown_taskflow.py for tasks to queue
[2023-10-13T13:27:44.172+0000] {logging_mixin.py:151} INFO - [2023-10-13T13:27:44.172+0000] {dagbag.py:536} INFO - Filling up the DagBag from /home/airflow/.local/lib/python3.8/site-packages/airflow/example_dags/example_setup_teardown_taskflow.py
[2023-10-13T13:27:44.188+0000] {processor.py:839} INFO - DAG(s) dict_keys(['example_setup_teardown_taskflow']) retrieved from /home/airflow/.local/lib/python3.8/site-packages/airflow/example_dags/example_setup_teardown_taskflow.py
[2023-10-13T13:27:44.225+0000] {logging_mixin.py:151} INFO - [2023-10-13T13:27:44.224+0000] {dag.py:2941} INFO - Sync 1 DAGs
[2023-10-13T13:27:44.254+0000] {logging_mixin.py:151} INFO - [2023-10-13T13:27:44.254+0000] {dag.py:3722} INFO - Setting next_dagrun for example_setup_teardown_taskflow to 2023-10-12T13:27:44.253793+00:00, run_after=2023-10-13T13:27:44.253793+00:00
[2023-10-13T13:27:44.287+0000] {processor.py:179} INFO - Processing /home/airflow/.local/lib/python3.8/site-packages/airflow/example_dags/example_setup_teardown_taskflow.py took 0.128 seconds
[2023-10-13T13:28:16.601+0000] {processor.py:157} INFO - Started process (PID=968) to work on /home/airflow/.local/lib/python3.8/site-packages/airflow/example_dags/example_setup_teardown_taskflow.py
[2023-10-13T13:28:16.603+0000] {processor.py:829} INFO - Processing file /home/airflow/.local/lib/python3.8/site-packages/airflow/example_dags/example_setup_teardown_taskflow.py for tasks to queue
[2023-10-13T13:28:16.608+0000] {logging_mixin.py:151} INFO - [2023-10-13T13:28:16.607+0000] {dagbag.py:536} INFO - Filling up the DagBag from /home/airflow/.local/lib/python3.8/site-packages/airflow/example_dags/example_setup_teardown_taskflow.py
[2023-10-13T13:28:16.629+0000] {processor.py:839} INFO - DAG(s) dict_keys(['example_setup_teardown_taskflow']) retrieved from /home/airflow/.local/lib/python3.8/site-packages/airflow/example_dags/example_setup_teardown_taskflow.py
[2023-10-13T13:28:16.670+0000] {logging_mixin.py:151} INFO - [2023-10-13T13:28:16.670+0000] {dag.py:2941} INFO - Sync 1 DAGs
[2023-10-13T13:28:16.722+0000] {logging_mixin.py:151} INFO - [2023-10-13T13:28:16.721+0000] {dag.py:3722} INFO - Setting next_dagrun for example_setup_teardown_taskflow to 2023-10-12T13:28:16.721309+00:00, run_after=2023-10-13T13:28:16.721309+00:00
[2023-10-13T13:28:16.760+0000] {processor.py:179} INFO - Processing /home/airflow/.local/lib/python3.8/site-packages/airflow/example_dags/example_setup_teardown_taskflow.py took 0.165 seconds
[2023-10-13T13:28:47.079+0000] {processor.py:157} INFO - Started process (PID=1022) to work on /home/airflow/.local/lib/python3.8/site-packages/airflow/example_dags/example_setup_teardown_taskflow.py
[2023-10-13T13:28:47.089+0000] {processor.py:829} INFO - Processing file /home/airflow/.local/lib/python3.8/site-packages/airflow/example_dags/example_setup_teardown_taskflow.py for tasks to queue
[2023-10-13T13:28:47.094+0000] {logging_mixin.py:151} INFO - [2023-10-13T13:28:47.094+0000] {dagbag.py:536} INFO - Filling up the DagBag from /home/airflow/.local/lib/python3.8/site-packages/airflow/example_dags/example_setup_teardown_taskflow.py
[2023-10-13T13:28:47.114+0000] {processor.py:839} INFO - DAG(s) dict_keys(['example_setup_teardown_taskflow']) retrieved from /home/airflow/.local/lib/python3.8/site-packages/airflow/example_dags/example_setup_teardown_taskflow.py
[2023-10-13T13:28:47.179+0000] {logging_mixin.py:151} INFO - [2023-10-13T13:28:47.179+0000] {dag.py:2941} INFO - Sync 1 DAGs
[2023-10-13T13:28:47.215+0000] {logging_mixin.py:151} INFO - [2023-10-13T13:28:47.215+0000] {dag.py:3722} INFO - Setting next_dagrun for example_setup_teardown_taskflow to 2023-10-12T13:28:47.214955+00:00, run_after=2023-10-13T13:28:47.214955+00:00
[2023-10-13T13:28:47.241+0000] {processor.py:179} INFO - Processing /home/airflow/.local/lib/python3.8/site-packages/airflow/example_dags/example_setup_teardown_taskflow.py took 0.169 seconds
[2023-10-13T13:29:17.296+0000] {processor.py:157} INFO - Started process (PID=1076) to work on /home/airflow/.local/lib/python3.8/site-packages/airflow/example_dags/example_setup_teardown_taskflow.py
[2023-10-13T13:29:17.298+0000] {processor.py:829} INFO - Processing file /home/airflow/.local/lib/python3.8/site-packages/airflow/example_dags/example_setup_teardown_taskflow.py for tasks to queue
[2023-10-13T13:29:17.302+0000] {logging_mixin.py:151} INFO - [2023-10-13T13:29:17.302+0000] {dagbag.py:536} INFO - Filling up the DagBag from /home/airflow/.local/lib/python3.8/site-packages/airflow/example_dags/example_setup_teardown_taskflow.py
[2023-10-13T13:29:17.315+0000] {processor.py:839} INFO - DAG(s) dict_keys(['example_setup_teardown_taskflow']) retrieved from /home/airflow/.local/lib/python3.8/site-packages/airflow/example_dags/example_setup_teardown_taskflow.py
[2023-10-13T13:29:17.349+0000] {logging_mixin.py:151} INFO - [2023-10-13T13:29:17.349+0000] {dag.py:2941} INFO - Sync 1 DAGs
[2023-10-13T13:29:17.380+0000] {logging_mixin.py:151} INFO - [2023-10-13T13:29:17.380+0000] {dag.py:3722} INFO - Setting next_dagrun for example_setup_teardown_taskflow to 2023-10-12T13:29:17.379751+00:00, run_after=2023-10-13T13:29:17.379751+00:00
[2023-10-13T13:29:17.413+0000] {processor.py:179} INFO - Processing /home/airflow/.local/lib/python3.8/site-packages/airflow/example_dags/example_setup_teardown_taskflow.py took 0.122 seconds
[2023-10-13T13:29:57.073+0000] {processor.py:157} INFO - Started process (PID=1130) to work on /home/airflow/.local/lib/python3.8/site-packages/airflow/example_dags/example_setup_teardown_taskflow.py
[2023-10-13T13:29:57.076+0000] {processor.py:829} INFO - Processing file /home/airflow/.local/lib/python3.8/site-packages/airflow/example_dags/example_setup_teardown_taskflow.py for tasks to queue
[2023-10-13T13:29:57.080+0000] {logging_mixin.py:151} INFO - [2023-10-13T13:29:57.079+0000] {dagbag.py:536} INFO - Filling up the DagBag from /home/airflow/.local/lib/python3.8/site-packages/airflow/example_dags/example_setup_teardown_taskflow.py
[2023-10-13T13:29:57.101+0000] {processor.py:839} INFO - DAG(s) dict_keys(['example_setup_teardown_taskflow']) retrieved from /home/airflow/.local/lib/python3.8/site-packages/airflow/example_dags/example_setup_teardown_taskflow.py
[2023-10-13T13:29:57.145+0000] {logging_mixin.py:151} INFO - [2023-10-13T13:29:57.145+0000] {dag.py:2941} INFO - Sync 1 DAGs
[2023-10-13T13:29:57.183+0000] {logging_mixin.py:151} INFO - [2023-10-13T13:29:57.183+0000] {dag.py:3722} INFO - Setting next_dagrun for example_setup_teardown_taskflow to 2023-10-12T13:29:57.183237+00:00, run_after=2023-10-13T13:29:57.183237+00:00
[2023-10-13T13:29:57.213+0000] {processor.py:179} INFO - Processing /home/airflow/.local/lib/python3.8/site-packages/airflow/example_dags/example_setup_teardown_taskflow.py took 0.144 seconds
[2023-10-13T13:30:28.653+0000] {processor.py:157} INFO - Started process (PID=1184) to work on /home/airflow/.local/lib/python3.8/site-packages/airflow/example_dags/example_setup_teardown_taskflow.py
[2023-10-13T13:30:28.655+0000] {processor.py:829} INFO - Processing file /home/airflow/.local/lib/python3.8/site-packages/airflow/example_dags/example_setup_teardown_taskflow.py for tasks to queue
[2023-10-13T13:30:28.659+0000] {logging_mixin.py:151} INFO - [2023-10-13T13:30:28.658+0000] {dagbag.py:536} INFO - Filling up the DagBag from /home/airflow/.local/lib/python3.8/site-packages/airflow/example_dags/example_setup_teardown_taskflow.py
[2023-10-13T13:30:28.674+0000] {processor.py:839} INFO - DAG(s) dict_keys(['example_setup_teardown_taskflow']) retrieved from /home/airflow/.local/lib/python3.8/site-packages/airflow/example_dags/example_setup_teardown_taskflow.py
[2023-10-13T13:30:28.704+0000] {logging_mixin.py:151} INFO - [2023-10-13T13:30:28.703+0000] {dag.py:2941} INFO - Sync 1 DAGs
[2023-10-13T13:30:28.940+0000] {logging_mixin.py:151} INFO - [2023-10-13T13:30:28.939+0000] {dag.py:3722} INFO - Setting next_dagrun for example_setup_teardown_taskflow to 2023-10-12T13:30:28.939406+00:00, run_after=2023-10-13T13:30:28.939406+00:00
[2023-10-13T13:30:28.968+0000] {processor.py:179} INFO - Processing /home/airflow/.local/lib/python3.8/site-packages/airflow/example_dags/example_setup_teardown_taskflow.py took 0.320 seconds
[2023-10-13T13:30:59.617+0000] {processor.py:157} INFO - Started process (PID=1238) to work on /home/airflow/.local/lib/python3.8/site-packages/airflow/example_dags/example_setup_teardown_taskflow.py
[2023-10-13T13:30:59.619+0000] {processor.py:829} INFO - Processing file /home/airflow/.local/lib/python3.8/site-packages/airflow/example_dags/example_setup_teardown_taskflow.py for tasks to queue
[2023-10-13T13:30:59.623+0000] {logging_mixin.py:151} INFO - [2023-10-13T13:30:59.623+0000] {dagbag.py:536} INFO - Filling up the DagBag from /home/airflow/.local/lib/python3.8/site-packages/airflow/example_dags/example_setup_teardown_taskflow.py
[2023-10-13T13:30:59.637+0000] {processor.py:839} INFO - DAG(s) dict_keys(['example_setup_teardown_taskflow']) retrieved from /home/airflow/.local/lib/python3.8/site-packages/airflow/example_dags/example_setup_teardown_taskflow.py
[2023-10-13T13:30:59.673+0000] {logging_mixin.py:151} INFO - [2023-10-13T13:30:59.673+0000] {dag.py:2941} INFO - Sync 1 DAGs
[2023-10-13T13:30:59.711+0000] {logging_mixin.py:151} INFO - [2023-10-13T13:30:59.710+0000] {dag.py:3722} INFO - Setting next_dagrun for example_setup_teardown_taskflow to 2023-10-12T13:30:59.710368+00:00, run_after=2023-10-13T13:30:59.710368+00:00
[2023-10-13T13:30:59.744+0000] {processor.py:179} INFO - Processing /home/airflow/.local/lib/python3.8/site-packages/airflow/example_dags/example_setup_teardown_taskflow.py took 0.132 seconds
[2023-10-13T13:31:30.678+0000] {processor.py:157} INFO - Started process (PID=1292) to work on /home/airflow/.local/lib/python3.8/site-packages/airflow/example_dags/example_setup_teardown_taskflow.py
[2023-10-13T13:31:30.682+0000] {processor.py:829} INFO - Processing file /home/airflow/.local/lib/python3.8/site-packages/airflow/example_dags/example_setup_teardown_taskflow.py for tasks to queue
[2023-10-13T13:31:30.692+0000] {logging_mixin.py:151} INFO - [2023-10-13T13:31:30.691+0000] {dagbag.py:536} INFO - Filling up the DagBag from /home/airflow/.local/lib/python3.8/site-packages/airflow/example_dags/example_setup_teardown_taskflow.py
[2023-10-13T13:31:30.741+0000] {processor.py:839} INFO - DAG(s) dict_keys(['example_setup_teardown_taskflow']) retrieved from /home/airflow/.local/lib/python3.8/site-packages/airflow/example_dags/example_setup_teardown_taskflow.py
[2023-10-13T13:31:30.846+0000] {logging_mixin.py:151} INFO - [2023-10-13T13:31:30.845+0000] {dag.py:2941} INFO - Sync 1 DAGs
[2023-10-13T13:31:30.934+0000] {logging_mixin.py:151} INFO - [2023-10-13T13:31:30.934+0000] {dag.py:3722} INFO - Setting next_dagrun for example_setup_teardown_taskflow to 2023-10-12T13:31:30.933943+00:00, run_after=2023-10-13T13:31:30.933943+00:00
[2023-10-13T13:31:31.003+0000] {processor.py:179} INFO - Processing /home/airflow/.local/lib/python3.8/site-packages/airflow/example_dags/example_setup_teardown_taskflow.py took 0.337 seconds
[2023-10-13T13:32:01.427+0000] {processor.py:157} INFO - Started process (PID=1346) to work on /home/airflow/.local/lib/python3.8/site-packages/airflow/example_dags/example_setup_teardown_taskflow.py
[2023-10-13T13:32:01.429+0000] {processor.py:829} INFO - Processing file /home/airflow/.local/lib/python3.8/site-packages/airflow/example_dags/example_setup_teardown_taskflow.py for tasks to queue
[2023-10-13T13:32:01.434+0000] {logging_mixin.py:151} INFO - [2023-10-13T13:32:01.433+0000] {dagbag.py:536} INFO - Filling up the DagBag from /home/airflow/.local/lib/python3.8/site-packages/airflow/example_dags/example_setup_teardown_taskflow.py
[2023-10-13T13:32:01.446+0000] {processor.py:839} INFO - DAG(s) dict_keys(['example_setup_teardown_taskflow']) retrieved from /home/airflow/.local/lib/python3.8/site-packages/airflow/example_dags/example_setup_teardown_taskflow.py
[2023-10-13T13:32:01.480+0000] {logging_mixin.py:151} INFO - [2023-10-13T13:32:01.480+0000] {dag.py:2941} INFO - Sync 1 DAGs
[2023-10-13T13:32:01.687+0000] {logging_mixin.py:151} INFO - [2023-10-13T13:32:01.687+0000] {dag.py:3722} INFO - Setting next_dagrun for example_setup_teardown_taskflow to 2023-10-12T13:32:01.687267+00:00, run_after=2023-10-13T13:32:01.687267+00:00
[2023-10-13T13:32:01.713+0000] {processor.py:179} INFO - Processing /home/airflow/.local/lib/python3.8/site-packages/airflow/example_dags/example_setup_teardown_taskflow.py took 0.290 seconds
[2023-10-13T13:32:34.156+0000] {processor.py:157} INFO - Started process (PID=1400) to work on /home/airflow/.local/lib/python3.8/site-packages/airflow/example_dags/example_setup_teardown_taskflow.py
[2023-10-13T13:32:34.302+0000] {processor.py:829} INFO - Processing file /home/airflow/.local/lib/python3.8/site-packages/airflow/example_dags/example_setup_teardown_taskflow.py for tasks to queue
[2023-10-13T13:32:34.307+0000] {logging_mixin.py:151} INFO - [2023-10-13T13:32:34.307+0000] {dagbag.py:536} INFO - Filling up the DagBag from /home/airflow/.local/lib/python3.8/site-packages/airflow/example_dags/example_setup_teardown_taskflow.py
[2023-10-13T13:32:34.321+0000] {processor.py:839} INFO - DAG(s) dict_keys(['example_setup_teardown_taskflow']) retrieved from /home/airflow/.local/lib/python3.8/site-packages/airflow/example_dags/example_setup_teardown_taskflow.py
[2023-10-13T13:32:34.353+0000] {logging_mixin.py:151} INFO - [2023-10-13T13:32:34.353+0000] {dag.py:2941} INFO - Sync 1 DAGs
[2023-10-13T13:32:34.381+0000] {logging_mixin.py:151} INFO - [2023-10-13T13:32:34.381+0000] {dag.py:3722} INFO - Setting next_dagrun for example_setup_teardown_taskflow to 2023-10-12T13:32:34.381027+00:00, run_after=2023-10-13T13:32:34.381027+00:00
[2023-10-13T13:32:35.138+0000] {processor.py:179} INFO - Processing /home/airflow/.local/lib/python3.8/site-packages/airflow/example_dags/example_setup_teardown_taskflow.py took 0.986 seconds
[2023-10-13T13:33:05.738+0000] {processor.py:157} INFO - Started process (PID=1454) to work on /home/airflow/.local/lib/python3.8/site-packages/airflow/example_dags/example_setup_teardown_taskflow.py
[2023-10-13T13:33:05.741+0000] {processor.py:829} INFO - Processing file /home/airflow/.local/lib/python3.8/site-packages/airflow/example_dags/example_setup_teardown_taskflow.py for tasks to queue
[2023-10-13T13:33:05.749+0000] {logging_mixin.py:151} INFO - [2023-10-13T13:33:05.748+0000] {dagbag.py:536} INFO - Filling up the DagBag from /home/airflow/.local/lib/python3.8/site-packages/airflow/example_dags/example_setup_teardown_taskflow.py
[2023-10-13T13:33:05.769+0000] {processor.py:839} INFO - DAG(s) dict_keys(['example_setup_teardown_taskflow']) retrieved from /home/airflow/.local/lib/python3.8/site-packages/airflow/example_dags/example_setup_teardown_taskflow.py
[2023-10-13T13:33:05.811+0000] {logging_mixin.py:151} INFO - [2023-10-13T13:33:05.810+0000] {dag.py:2941} INFO - Sync 1 DAGs
[2023-10-13T13:33:05.845+0000] {logging_mixin.py:151} INFO - [2023-10-13T13:33:05.844+0000] {dag.py:3722} INFO - Setting next_dagrun for example_setup_teardown_taskflow to 2023-10-12T13:33:05.843900+00:00, run_after=2023-10-13T13:33:05.843900+00:00
[2023-10-13T13:33:05.881+0000] {processor.py:179} INFO - Processing /home/airflow/.local/lib/python3.8/site-packages/airflow/example_dags/example_setup_teardown_taskflow.py took 0.147 seconds
[2023-10-13T13:33:36.113+0000] {processor.py:157} INFO - Started process (PID=1508) to work on /home/airflow/.local/lib/python3.8/site-packages/airflow/example_dags/example_setup_teardown_taskflow.py
[2023-10-13T13:33:36.115+0000] {processor.py:829} INFO - Processing file /home/airflow/.local/lib/python3.8/site-packages/airflow/example_dags/example_setup_teardown_taskflow.py for tasks to queue
[2023-10-13T13:33:36.119+0000] {logging_mixin.py:151} INFO - [2023-10-13T13:33:36.118+0000] {dagbag.py:536} INFO - Filling up the DagBag from /home/airflow/.local/lib/python3.8/site-packages/airflow/example_dags/example_setup_teardown_taskflow.py
[2023-10-13T13:33:36.140+0000] {processor.py:839} INFO - DAG(s) dict_keys(['example_setup_teardown_taskflow']) retrieved from /home/airflow/.local/lib/python3.8/site-packages/airflow/example_dags/example_setup_teardown_taskflow.py
[2023-10-13T13:33:36.176+0000] {logging_mixin.py:151} INFO - [2023-10-13T13:33:36.176+0000] {dag.py:2941} INFO - Sync 1 DAGs
[2023-10-13T13:33:36.208+0000] {logging_mixin.py:151} INFO - [2023-10-13T13:33:36.208+0000] {dag.py:3722} INFO - Setting next_dagrun for example_setup_teardown_taskflow to 2023-10-12T13:33:36.208225+00:00, run_after=2023-10-13T13:33:36.208225+00:00
[2023-10-13T13:33:36.240+0000] {processor.py:179} INFO - Processing /home/airflow/.local/lib/python3.8/site-packages/airflow/example_dags/example_setup_teardown_taskflow.py took 0.132 seconds
[2023-10-13T13:34:06.519+0000] {processor.py:157} INFO - Started process (PID=1563) to work on /home/airflow/.local/lib/python3.8/site-packages/airflow/example_dags/example_setup_teardown_taskflow.py
[2023-10-13T13:34:06.521+0000] {processor.py:829} INFO - Processing file /home/airflow/.local/lib/python3.8/site-packages/airflow/example_dags/example_setup_teardown_taskflow.py for tasks to queue
[2023-10-13T13:34:06.525+0000] {logging_mixin.py:151} INFO - [2023-10-13T13:34:06.524+0000] {dagbag.py:536} INFO - Filling up the DagBag from /home/airflow/.local/lib/python3.8/site-packages/airflow/example_dags/example_setup_teardown_taskflow.py
[2023-10-13T13:34:06.539+0000] {processor.py:839} INFO - DAG(s) dict_keys(['example_setup_teardown_taskflow']) retrieved from /home/airflow/.local/lib/python3.8/site-packages/airflow/example_dags/example_setup_teardown_taskflow.py
[2023-10-13T13:34:06.571+0000] {logging_mixin.py:151} INFO - [2023-10-13T13:34:06.571+0000] {dag.py:2941} INFO - Sync 1 DAGs
[2023-10-13T13:34:06.601+0000] {logging_mixin.py:151} INFO - [2023-10-13T13:34:06.601+0000] {dag.py:3722} INFO - Setting next_dagrun for example_setup_teardown_taskflow to 2023-10-12T13:34:06.600837+00:00, run_after=2023-10-13T13:34:06.600837+00:00
[2023-10-13T13:34:06.633+0000] {processor.py:179} INFO - Processing /home/airflow/.local/lib/python3.8/site-packages/airflow/example_dags/example_setup_teardown_taskflow.py took 0.117 seconds
[2023-10-13T13:34:36.988+0000] {processor.py:157} INFO - Started process (PID=1618) to work on /home/airflow/.local/lib/python3.8/site-packages/airflow/example_dags/example_setup_teardown_taskflow.py
[2023-10-13T13:34:36.990+0000] {processor.py:829} INFO - Processing file /home/airflow/.local/lib/python3.8/site-packages/airflow/example_dags/example_setup_teardown_taskflow.py for tasks to queue
[2023-10-13T13:34:36.994+0000] {logging_mixin.py:151} INFO - [2023-10-13T13:34:36.993+0000] {dagbag.py:536} INFO - Filling up the DagBag from /home/airflow/.local/lib/python3.8/site-packages/airflow/example_dags/example_setup_teardown_taskflow.py
[2023-10-13T13:34:37.012+0000] {processor.py:839} INFO - DAG(s) dict_keys(['example_setup_teardown_taskflow']) retrieved from /home/airflow/.local/lib/python3.8/site-packages/airflow/example_dags/example_setup_teardown_taskflow.py
[2023-10-13T13:34:37.053+0000] {logging_mixin.py:151} INFO - [2023-10-13T13:34:37.052+0000] {dag.py:2941} INFO - Sync 1 DAGs
[2023-10-13T13:34:37.089+0000] {logging_mixin.py:151} INFO - [2023-10-13T13:34:37.089+0000] {dag.py:3722} INFO - Setting next_dagrun for example_setup_teardown_taskflow to 2023-10-12T13:34:37.088961+00:00, run_after=2023-10-13T13:34:37.088961+00:00
[2023-10-13T13:34:37.123+0000] {processor.py:179} INFO - Processing /home/airflow/.local/lib/python3.8/site-packages/airflow/example_dags/example_setup_teardown_taskflow.py took 0.138 seconds
[2023-10-13T13:35:07.930+0000] {processor.py:157} INFO - Started process (PID=1672) to work on /home/airflow/.local/lib/python3.8/site-packages/airflow/example_dags/example_setup_teardown_taskflow.py
[2023-10-13T13:35:07.932+0000] {processor.py:829} INFO - Processing file /home/airflow/.local/lib/python3.8/site-packages/airflow/example_dags/example_setup_teardown_taskflow.py for tasks to queue
[2023-10-13T13:35:07.937+0000] {logging_mixin.py:151} INFO - [2023-10-13T13:35:07.936+0000] {dagbag.py:536} INFO - Filling up the DagBag from /home/airflow/.local/lib/python3.8/site-packages/airflow/example_dags/example_setup_teardown_taskflow.py
[2023-10-13T13:35:07.952+0000] {processor.py:839} INFO - DAG(s) dict_keys(['example_setup_teardown_taskflow']) retrieved from /home/airflow/.local/lib/python3.8/site-packages/airflow/example_dags/example_setup_teardown_taskflow.py
[2023-10-13T13:35:07.988+0000] {logging_mixin.py:151} INFO - [2023-10-13T13:35:07.988+0000] {dag.py:2941} INFO - Sync 1 DAGs
[2023-10-13T13:35:08.025+0000] {logging_mixin.py:151} INFO - [2023-10-13T13:35:08.025+0000] {dag.py:3722} INFO - Setting next_dagrun for example_setup_teardown_taskflow to 2023-10-12T13:35:08.025059+00:00, run_after=2023-10-13T13:35:08.025059+00:00
[2023-10-13T13:35:08.058+0000] {processor.py:179} INFO - Processing /home/airflow/.local/lib/python3.8/site-packages/airflow/example_dags/example_setup_teardown_taskflow.py took 0.134 seconds
[2023-10-13T13:35:39.370+0000] {processor.py:157} INFO - Started process (PID=1726) to work on /home/airflow/.local/lib/python3.8/site-packages/airflow/example_dags/example_setup_teardown_taskflow.py
[2023-10-13T13:35:39.410+0000] {processor.py:829} INFO - Processing file /home/airflow/.local/lib/python3.8/site-packages/airflow/example_dags/example_setup_teardown_taskflow.py for tasks to queue
[2023-10-13T13:35:39.415+0000] {logging_mixin.py:151} INFO - [2023-10-13T13:35:39.415+0000] {dagbag.py:536} INFO - Filling up the DagBag from /home/airflow/.local/lib/python3.8/site-packages/airflow/example_dags/example_setup_teardown_taskflow.py
[2023-10-13T13:35:39.432+0000] {processor.py:839} INFO - DAG(s) dict_keys(['example_setup_teardown_taskflow']) retrieved from /home/airflow/.local/lib/python3.8/site-packages/airflow/example_dags/example_setup_teardown_taskflow.py
[2023-10-13T13:35:39.464+0000] {logging_mixin.py:151} INFO - [2023-10-13T13:35:39.463+0000] {dag.py:2941} INFO - Sync 1 DAGs
[2023-10-13T13:35:39.495+0000] {logging_mixin.py:151} INFO - [2023-10-13T13:35:39.495+0000] {dag.py:3722} INFO - Setting next_dagrun for example_setup_teardown_taskflow to 2023-10-12T13:35:39.494943+00:00, run_after=2023-10-13T13:35:39.494943+00:00
[2023-10-13T13:35:39.717+0000] {processor.py:179} INFO - Processing /home/airflow/.local/lib/python3.8/site-packages/airflow/example_dags/example_setup_teardown_taskflow.py took 0.349 seconds
[2023-10-13T13:36:10.203+0000] {processor.py:157} INFO - Started process (PID=1780) to work on /home/airflow/.local/lib/python3.8/site-packages/airflow/example_dags/example_setup_teardown_taskflow.py
[2023-10-13T13:36:10.205+0000] {processor.py:829} INFO - Processing file /home/airflow/.local/lib/python3.8/site-packages/airflow/example_dags/example_setup_teardown_taskflow.py for tasks to queue
[2023-10-13T13:36:10.209+0000] {logging_mixin.py:151} INFO - [2023-10-13T13:36:10.209+0000] {dagbag.py:536} INFO - Filling up the DagBag from /home/airflow/.local/lib/python3.8/site-packages/airflow/example_dags/example_setup_teardown_taskflow.py
[2023-10-13T13:36:10.220+0000] {processor.py:839} INFO - DAG(s) dict_keys(['example_setup_teardown_taskflow']) retrieved from /home/airflow/.local/lib/python3.8/site-packages/airflow/example_dags/example_setup_teardown_taskflow.py
[2023-10-13T13:36:10.253+0000] {logging_mixin.py:151} INFO - [2023-10-13T13:36:10.253+0000] {dag.py:2941} INFO - Sync 1 DAGs
[2023-10-13T13:36:10.281+0000] {logging_mixin.py:151} INFO - [2023-10-13T13:36:10.281+0000] {dag.py:3722} INFO - Setting next_dagrun for example_setup_teardown_taskflow to 2023-10-12T13:36:10.281103+00:00, run_after=2023-10-13T13:36:10.281103+00:00
[2023-10-13T13:36:10.318+0000] {processor.py:179} INFO - Processing /home/airflow/.local/lib/python3.8/site-packages/airflow/example_dags/example_setup_teardown_taskflow.py took 0.118 seconds
