[2023-10-13T13:19:50.926+0000] {processor.py:157} INFO - Started process (PID=76) to work on /home/airflow/.local/lib/python3.8/site-packages/airflow/example_dags/example_xcomargs.py
[2023-10-13T13:19:50.954+0000] {processor.py:829} INFO - Processing file /home/airflow/.local/lib/python3.8/site-packages/airflow/example_dags/example_xcomargs.py for tasks to queue
[2023-10-13T13:19:50.997+0000] {logging_mixin.py:151} INFO - [2023-10-13T13:19:50.996+0000] {dagbag.py:536} INFO - Filling up the DagBag from /home/airflow/.local/lib/python3.8/site-packages/airflow/example_dags/example_xcomargs.py
[2023-10-13T13:19:51.061+0000] {processor.py:839} INFO - DAG(s) dict_keys(['example_xcom_args', 'example_xcom_args_with_operators']) retrieved from /home/airflow/.local/lib/python3.8/site-packages/airflow/example_dags/example_xcomargs.py
[2023-10-13T13:19:51.262+0000] {logging_mixin.py:151} INFO - [2023-10-13T13:19:51.261+0000] {dag.py:2941} INFO - Sync 2 DAGs
[2023-10-13T13:19:51.328+0000] {logging_mixin.py:151} INFO - [2023-10-13T13:19:51.328+0000] {dag.py:3722} INFO - Setting next_dagrun for example_xcom_args to None, run_after=None
[2023-10-13T13:19:51.354+0000] {logging_mixin.py:151} INFO - [2023-10-13T13:19:51.354+0000] {dag.py:3722} INFO - Setting next_dagrun for example_xcom_args_with_operators to None, run_after=None
[2023-10-13T13:19:51.452+0000] {processor.py:179} INFO - Processing /home/airflow/.local/lib/python3.8/site-packages/airflow/example_dags/example_xcomargs.py took 0.542 seconds
[2023-10-13T13:20:23.787+0000] {processor.py:157} INFO - Started process (PID=130) to work on /home/airflow/.local/lib/python3.8/site-packages/airflow/example_dags/example_xcomargs.py
[2023-10-13T13:20:23.790+0000] {processor.py:829} INFO - Processing file /home/airflow/.local/lib/python3.8/site-packages/airflow/example_dags/example_xcomargs.py for tasks to queue
[2023-10-13T13:20:23.802+0000] {logging_mixin.py:151} INFO - [2023-10-13T13:20:23.802+0000] {dagbag.py:536} INFO - Filling up the DagBag from /home/airflow/.local/lib/python3.8/site-packages/airflow/example_dags/example_xcomargs.py
[2023-10-13T13:20:23.849+0000] {processor.py:839} INFO - DAG(s) dict_keys(['example_xcom_args_with_operators', 'example_xcom_args']) retrieved from /home/airflow/.local/lib/python3.8/site-packages/airflow/example_dags/example_xcomargs.py
[2023-10-13T13:20:23.942+0000] {logging_mixin.py:151} INFO - [2023-10-13T13:20:23.942+0000] {dag.py:2941} INFO - Sync 2 DAGs
[2023-10-13T13:20:24.017+0000] {logging_mixin.py:151} INFO - [2023-10-13T13:20:24.017+0000] {dag.py:3722} INFO - Setting next_dagrun for example_xcom_args to None, run_after=None
[2023-10-13T13:20:24.030+0000] {logging_mixin.py:151} INFO - [2023-10-13T13:20:24.029+0000] {dag.py:3722} INFO - Setting next_dagrun for example_xcom_args_with_operators to None, run_after=None
[2023-10-13T13:20:24.668+0000] {processor.py:179} INFO - Processing /home/airflow/.local/lib/python3.8/site-packages/airflow/example_dags/example_xcomargs.py took 0.887 seconds
[2023-10-13T13:20:55.498+0000] {processor.py:157} INFO - Started process (PID=184) to work on /home/airflow/.local/lib/python3.8/site-packages/airflow/example_dags/example_xcomargs.py
[2023-10-13T13:20:55.500+0000] {processor.py:829} INFO - Processing file /home/airflow/.local/lib/python3.8/site-packages/airflow/example_dags/example_xcomargs.py for tasks to queue
[2023-10-13T13:20:55.504+0000] {logging_mixin.py:151} INFO - [2023-10-13T13:20:55.503+0000] {dagbag.py:536} INFO - Filling up the DagBag from /home/airflow/.local/lib/python3.8/site-packages/airflow/example_dags/example_xcomargs.py
[2023-10-13T13:20:55.514+0000] {processor.py:839} INFO - DAG(s) dict_keys(['example_xcom_args_with_operators', 'example_xcom_args']) retrieved from /home/airflow/.local/lib/python3.8/site-packages/airflow/example_dags/example_xcomargs.py
[2023-10-13T13:20:55.550+0000] {logging_mixin.py:151} INFO - [2023-10-13T13:20:55.550+0000] {dag.py:2941} INFO - Sync 2 DAGs
[2023-10-13T13:20:55.569+0000] {logging_mixin.py:151} INFO - [2023-10-13T13:20:55.569+0000] {dag.py:3722} INFO - Setting next_dagrun for example_xcom_args to None, run_after=None
[2023-10-13T13:20:55.575+0000] {logging_mixin.py:151} INFO - [2023-10-13T13:20:55.575+0000] {dag.py:3722} INFO - Setting next_dagrun for example_xcom_args_with_operators to None, run_after=None
[2023-10-13T13:20:55.610+0000] {processor.py:179} INFO - Processing /home/airflow/.local/lib/python3.8/site-packages/airflow/example_dags/example_xcomargs.py took 0.114 seconds
[2023-10-13T13:21:25.729+0000] {processor.py:157} INFO - Started process (PID=238) to work on /home/airflow/.local/lib/python3.8/site-packages/airflow/example_dags/example_xcomargs.py
[2023-10-13T13:21:25.731+0000] {processor.py:829} INFO - Processing file /home/airflow/.local/lib/python3.8/site-packages/airflow/example_dags/example_xcomargs.py for tasks to queue
[2023-10-13T13:21:25.735+0000] {logging_mixin.py:151} INFO - [2023-10-13T13:21:25.734+0000] {dagbag.py:536} INFO - Filling up the DagBag from /home/airflow/.local/lib/python3.8/site-packages/airflow/example_dags/example_xcomargs.py
[2023-10-13T13:21:25.752+0000] {processor.py:839} INFO - DAG(s) dict_keys(['example_xcom_args', 'example_xcom_args_with_operators']) retrieved from /home/airflow/.local/lib/python3.8/site-packages/airflow/example_dags/example_xcomargs.py
[2023-10-13T13:21:25.796+0000] {logging_mixin.py:151} INFO - [2023-10-13T13:21:25.796+0000] {dag.py:2941} INFO - Sync 2 DAGs
[2023-10-13T13:21:25.826+0000] {logging_mixin.py:151} INFO - [2023-10-13T13:21:25.826+0000] {dag.py:3722} INFO - Setting next_dagrun for example_xcom_args to None, run_after=None
[2023-10-13T13:21:25.834+0000] {logging_mixin.py:151} INFO - [2023-10-13T13:21:25.833+0000] {dag.py:3722} INFO - Setting next_dagrun for example_xcom_args_with_operators to None, run_after=None
[2023-10-13T13:21:25.872+0000] {processor.py:179} INFO - Processing /home/airflow/.local/lib/python3.8/site-packages/airflow/example_dags/example_xcomargs.py took 0.150 seconds
[2023-10-13T13:21:56.453+0000] {processor.py:157} INFO - Started process (PID=292) to work on /home/airflow/.local/lib/python3.8/site-packages/airflow/example_dags/example_xcomargs.py
[2023-10-13T13:21:56.456+0000] {processor.py:829} INFO - Processing file /home/airflow/.local/lib/python3.8/site-packages/airflow/example_dags/example_xcomargs.py for tasks to queue
[2023-10-13T13:21:56.459+0000] {logging_mixin.py:151} INFO - [2023-10-13T13:21:56.459+0000] {dagbag.py:536} INFO - Filling up the DagBag from /home/airflow/.local/lib/python3.8/site-packages/airflow/example_dags/example_xcomargs.py
[2023-10-13T13:21:56.469+0000] {processor.py:839} INFO - DAG(s) dict_keys(['example_xcom_args_with_operators', 'example_xcom_args']) retrieved from /home/airflow/.local/lib/python3.8/site-packages/airflow/example_dags/example_xcomargs.py
[2023-10-13T13:21:56.504+0000] {logging_mixin.py:151} INFO - [2023-10-13T13:21:56.504+0000] {dag.py:2941} INFO - Sync 2 DAGs
[2023-10-13T13:21:56.522+0000] {logging_mixin.py:151} INFO - [2023-10-13T13:21:56.522+0000] {dag.py:3722} INFO - Setting next_dagrun for example_xcom_args to None, run_after=None
[2023-10-13T13:21:56.528+0000] {logging_mixin.py:151} INFO - [2023-10-13T13:21:56.528+0000] {dag.py:3722} INFO - Setting next_dagrun for example_xcom_args_with_operators to None, run_after=None
[2023-10-13T13:21:56.557+0000] {processor.py:179} INFO - Processing /home/airflow/.local/lib/python3.8/site-packages/airflow/example_dags/example_xcomargs.py took 0.108 seconds
[2023-10-13T13:22:27.363+0000] {processor.py:157} INFO - Started process (PID=346) to work on /home/airflow/.local/lib/python3.8/site-packages/airflow/example_dags/example_xcomargs.py
[2023-10-13T13:22:27.365+0000] {processor.py:829} INFO - Processing file /home/airflow/.local/lib/python3.8/site-packages/airflow/example_dags/example_xcomargs.py for tasks to queue
[2023-10-13T13:22:27.369+0000] {logging_mixin.py:151} INFO - [2023-10-13T13:22:27.369+0000] {dagbag.py:536} INFO - Filling up the DagBag from /home/airflow/.local/lib/python3.8/site-packages/airflow/example_dags/example_xcomargs.py
[2023-10-13T13:22:27.383+0000] {processor.py:839} INFO - DAG(s) dict_keys(['example_xcom_args_with_operators', 'example_xcom_args']) retrieved from /home/airflow/.local/lib/python3.8/site-packages/airflow/example_dags/example_xcomargs.py
[2023-10-13T13:22:27.425+0000] {logging_mixin.py:151} INFO - [2023-10-13T13:22:27.425+0000] {dag.py:2941} INFO - Sync 2 DAGs
[2023-10-13T13:22:27.446+0000] {logging_mixin.py:151} INFO - [2023-10-13T13:22:27.446+0000] {dag.py:3722} INFO - Setting next_dagrun for example_xcom_args to None, run_after=None
[2023-10-13T13:22:27.453+0000] {logging_mixin.py:151} INFO - [2023-10-13T13:22:27.452+0000] {dag.py:3722} INFO - Setting next_dagrun for example_xcom_args_with_operators to None, run_after=None
[2023-10-13T13:22:27.483+0000] {processor.py:179} INFO - Processing /home/airflow/.local/lib/python3.8/site-packages/airflow/example_dags/example_xcomargs.py took 0.127 seconds
[2023-10-13T13:22:58.188+0000] {processor.py:157} INFO - Started process (PID=400) to work on /home/airflow/.local/lib/python3.8/site-packages/airflow/example_dags/example_xcomargs.py
[2023-10-13T13:22:58.190+0000] {processor.py:829} INFO - Processing file /home/airflow/.local/lib/python3.8/site-packages/airflow/example_dags/example_xcomargs.py for tasks to queue
[2023-10-13T13:22:58.194+0000] {logging_mixin.py:151} INFO - [2023-10-13T13:22:58.193+0000] {dagbag.py:536} INFO - Filling up the DagBag from /home/airflow/.local/lib/python3.8/site-packages/airflow/example_dags/example_xcomargs.py
[2023-10-13T13:22:58.205+0000] {processor.py:839} INFO - DAG(s) dict_keys(['example_xcom_args_with_operators', 'example_xcom_args']) retrieved from /home/airflow/.local/lib/python3.8/site-packages/airflow/example_dags/example_xcomargs.py
[2023-10-13T13:22:58.240+0000] {logging_mixin.py:151} INFO - [2023-10-13T13:22:58.240+0000] {dag.py:2941} INFO - Sync 2 DAGs
[2023-10-13T13:22:58.259+0000] {logging_mixin.py:151} INFO - [2023-10-13T13:22:58.259+0000] {dag.py:3722} INFO - Setting next_dagrun for example_xcom_args to None, run_after=None
[2023-10-13T13:22:58.265+0000] {logging_mixin.py:151} INFO - [2023-10-13T13:22:58.265+0000] {dag.py:3722} INFO - Setting next_dagrun for example_xcom_args_with_operators to None, run_after=None
[2023-10-13T13:22:58.294+0000] {processor.py:179} INFO - Processing /home/airflow/.local/lib/python3.8/site-packages/airflow/example_dags/example_xcomargs.py took 0.110 seconds
[2023-10-13T13:23:28.671+0000] {processor.py:157} INFO - Started process (PID=454) to work on /home/airflow/.local/lib/python3.8/site-packages/airflow/example_dags/example_xcomargs.py
[2023-10-13T13:23:28.673+0000] {processor.py:829} INFO - Processing file /home/airflow/.local/lib/python3.8/site-packages/airflow/example_dags/example_xcomargs.py for tasks to queue
[2023-10-13T13:23:28.677+0000] {logging_mixin.py:151} INFO - [2023-10-13T13:23:28.677+0000] {dagbag.py:536} INFO - Filling up the DagBag from /home/airflow/.local/lib/python3.8/site-packages/airflow/example_dags/example_xcomargs.py
[2023-10-13T13:23:28.687+0000] {processor.py:839} INFO - DAG(s) dict_keys(['example_xcom_args_with_operators', 'example_xcom_args']) retrieved from /home/airflow/.local/lib/python3.8/site-packages/airflow/example_dags/example_xcomargs.py
[2023-10-13T13:23:28.721+0000] {logging_mixin.py:151} INFO - [2023-10-13T13:23:28.721+0000] {dag.py:2941} INFO - Sync 2 DAGs
[2023-10-13T13:23:28.738+0000] {logging_mixin.py:151} INFO - [2023-10-13T13:23:28.738+0000] {dag.py:3722} INFO - Setting next_dagrun for example_xcom_args to None, run_after=None
[2023-10-13T13:23:28.744+0000] {logging_mixin.py:151} INFO - [2023-10-13T13:23:28.744+0000] {dag.py:3722} INFO - Setting next_dagrun for example_xcom_args_with_operators to None, run_after=None
[2023-10-13T13:23:28.806+0000] {processor.py:179} INFO - Processing /home/airflow/.local/lib/python3.8/site-packages/airflow/example_dags/example_xcomargs.py took 0.139 seconds
[2023-10-13T13:23:59.232+0000] {processor.py:157} INFO - Started process (PID=508) to work on /home/airflow/.local/lib/python3.8/site-packages/airflow/example_dags/example_xcomargs.py
[2023-10-13T13:23:59.234+0000] {processor.py:829} INFO - Processing file /home/airflow/.local/lib/python3.8/site-packages/airflow/example_dags/example_xcomargs.py for tasks to queue
[2023-10-13T13:23:59.237+0000] {logging_mixin.py:151} INFO - [2023-10-13T13:23:59.237+0000] {dagbag.py:536} INFO - Filling up the DagBag from /home/airflow/.local/lib/python3.8/site-packages/airflow/example_dags/example_xcomargs.py
[2023-10-13T13:23:59.248+0000] {processor.py:839} INFO - DAG(s) dict_keys(['example_xcom_args_with_operators', 'example_xcom_args']) retrieved from /home/airflow/.local/lib/python3.8/site-packages/airflow/example_dags/example_xcomargs.py
[2023-10-13T13:23:59.284+0000] {logging_mixin.py:151} INFO - [2023-10-13T13:23:59.284+0000] {dag.py:2941} INFO - Sync 2 DAGs
[2023-10-13T13:23:59.302+0000] {logging_mixin.py:151} INFO - [2023-10-13T13:23:59.302+0000] {dag.py:3722} INFO - Setting next_dagrun for example_xcom_args to None, run_after=None
[2023-10-13T13:23:59.308+0000] {logging_mixin.py:151} INFO - [2023-10-13T13:23:59.308+0000] {dag.py:3722} INFO - Setting next_dagrun for example_xcom_args_with_operators to None, run_after=None
[2023-10-13T13:23:59.338+0000] {processor.py:179} INFO - Processing /home/airflow/.local/lib/python3.8/site-packages/airflow/example_dags/example_xcomargs.py took 0.110 seconds
[2023-10-13T13:24:29.562+0000] {processor.py:157} INFO - Started process (PID=562) to work on /home/airflow/.local/lib/python3.8/site-packages/airflow/example_dags/example_xcomargs.py
[2023-10-13T13:24:29.564+0000] {processor.py:829} INFO - Processing file /home/airflow/.local/lib/python3.8/site-packages/airflow/example_dags/example_xcomargs.py for tasks to queue
[2023-10-13T13:24:29.567+0000] {logging_mixin.py:151} INFO - [2023-10-13T13:24:29.567+0000] {dagbag.py:536} INFO - Filling up the DagBag from /home/airflow/.local/lib/python3.8/site-packages/airflow/example_dags/example_xcomargs.py
[2023-10-13T13:24:29.580+0000] {processor.py:839} INFO - DAG(s) dict_keys(['example_xcom_args', 'example_xcom_args_with_operators']) retrieved from /home/airflow/.local/lib/python3.8/site-packages/airflow/example_dags/example_xcomargs.py
[2023-10-13T13:24:29.613+0000] {logging_mixin.py:151} INFO - [2023-10-13T13:24:29.613+0000] {dag.py:2941} INFO - Sync 2 DAGs
[2023-10-13T13:24:29.630+0000] {logging_mixin.py:151} INFO - [2023-10-13T13:24:29.630+0000] {dag.py:3722} INFO - Setting next_dagrun for example_xcom_args to None, run_after=None
[2023-10-13T13:24:29.636+0000] {logging_mixin.py:151} INFO - [2023-10-13T13:24:29.635+0000] {dag.py:3722} INFO - Setting next_dagrun for example_xcom_args_with_operators to None, run_after=None
[2023-10-13T13:24:29.665+0000] {processor.py:179} INFO - Processing /home/airflow/.local/lib/python3.8/site-packages/airflow/example_dags/example_xcomargs.py took 0.107 seconds
[2023-10-13T13:25:00.110+0000] {processor.py:157} INFO - Started process (PID=616) to work on /home/airflow/.local/lib/python3.8/site-packages/airflow/example_dags/example_xcomargs.py
[2023-10-13T13:25:00.112+0000] {processor.py:829} INFO - Processing file /home/airflow/.local/lib/python3.8/site-packages/airflow/example_dags/example_xcomargs.py for tasks to queue
[2023-10-13T13:25:00.116+0000] {logging_mixin.py:151} INFO - [2023-10-13T13:25:00.115+0000] {dagbag.py:536} INFO - Filling up the DagBag from /home/airflow/.local/lib/python3.8/site-packages/airflow/example_dags/example_xcomargs.py
[2023-10-13T13:25:00.127+0000] {processor.py:839} INFO - DAG(s) dict_keys(['example_xcom_args', 'example_xcom_args_with_operators']) retrieved from /home/airflow/.local/lib/python3.8/site-packages/airflow/example_dags/example_xcomargs.py
[2023-10-13T13:25:00.161+0000] {logging_mixin.py:151} INFO - [2023-10-13T13:25:00.160+0000] {dag.py:2941} INFO - Sync 2 DAGs
[2023-10-13T13:25:00.176+0000] {logging_mixin.py:151} INFO - [2023-10-13T13:25:00.176+0000] {dag.py:3722} INFO - Setting next_dagrun for example_xcom_args to None, run_after=None
[2023-10-13T13:25:00.181+0000] {logging_mixin.py:151} INFO - [2023-10-13T13:25:00.181+0000] {dag.py:3722} INFO - Setting next_dagrun for example_xcom_args_with_operators to None, run_after=None
[2023-10-13T13:25:00.207+0000] {processor.py:179} INFO - Processing /home/airflow/.local/lib/python3.8/site-packages/airflow/example_dags/example_xcomargs.py took 0.100 seconds
[2023-10-13T13:25:30.509+0000] {processor.py:157} INFO - Started process (PID=670) to work on /home/airflow/.local/lib/python3.8/site-packages/airflow/example_dags/example_xcomargs.py
[2023-10-13T13:25:30.512+0000] {processor.py:829} INFO - Processing file /home/airflow/.local/lib/python3.8/site-packages/airflow/example_dags/example_xcomargs.py for tasks to queue
[2023-10-13T13:25:30.516+0000] {logging_mixin.py:151} INFO - [2023-10-13T13:25:30.515+0000] {dagbag.py:536} INFO - Filling up the DagBag from /home/airflow/.local/lib/python3.8/site-packages/airflow/example_dags/example_xcomargs.py
[2023-10-13T13:25:30.532+0000] {processor.py:839} INFO - DAG(s) dict_keys(['example_xcom_args_with_operators', 'example_xcom_args']) retrieved from /home/airflow/.local/lib/python3.8/site-packages/airflow/example_dags/example_xcomargs.py
[2023-10-13T13:25:30.572+0000] {logging_mixin.py:151} INFO - [2023-10-13T13:25:30.572+0000] {dag.py:2941} INFO - Sync 2 DAGs
[2023-10-13T13:25:30.591+0000] {logging_mixin.py:151} INFO - [2023-10-13T13:25:30.590+0000] {dag.py:3722} INFO - Setting next_dagrun for example_xcom_args to None, run_after=None
[2023-10-13T13:25:30.596+0000] {logging_mixin.py:151} INFO - [2023-10-13T13:25:30.596+0000] {dag.py:3722} INFO - Setting next_dagrun for example_xcom_args_with_operators to None, run_after=None
[2023-10-13T13:25:30.624+0000] {processor.py:179} INFO - Processing /home/airflow/.local/lib/python3.8/site-packages/airflow/example_dags/example_xcomargs.py took 0.121 seconds
[2023-10-13T13:26:00.810+0000] {processor.py:157} INFO - Started process (PID=724) to work on /home/airflow/.local/lib/python3.8/site-packages/airflow/example_dags/example_xcomargs.py
[2023-10-13T13:26:00.812+0000] {processor.py:829} INFO - Processing file /home/airflow/.local/lib/python3.8/site-packages/airflow/example_dags/example_xcomargs.py for tasks to queue
[2023-10-13T13:26:00.815+0000] {logging_mixin.py:151} INFO - [2023-10-13T13:26:00.815+0000] {dagbag.py:536} INFO - Filling up the DagBag from /home/airflow/.local/lib/python3.8/site-packages/airflow/example_dags/example_xcomargs.py
[2023-10-13T13:26:00.829+0000] {processor.py:839} INFO - DAG(s) dict_keys(['example_xcom_args_with_operators', 'example_xcom_args']) retrieved from /home/airflow/.local/lib/python3.8/site-packages/airflow/example_dags/example_xcomargs.py
[2023-10-13T13:26:00.865+0000] {logging_mixin.py:151} INFO - [2023-10-13T13:26:00.865+0000] {dag.py:2941} INFO - Sync 2 DAGs
[2023-10-13T13:26:00.882+0000] {logging_mixin.py:151} INFO - [2023-10-13T13:26:00.882+0000] {dag.py:3722} INFO - Setting next_dagrun for example_xcom_args to None, run_after=None
[2023-10-13T13:26:00.888+0000] {logging_mixin.py:151} INFO - [2023-10-13T13:26:00.888+0000] {dag.py:3722} INFO - Setting next_dagrun for example_xcom_args_with_operators to None, run_after=None
[2023-10-13T13:26:01.381+0000] {processor.py:179} INFO - Processing /home/airflow/.local/lib/python3.8/site-packages/airflow/example_dags/example_xcomargs.py took 0.576 seconds
[2023-10-13T13:26:32.278+0000] {processor.py:157} INFO - Started process (PID=778) to work on /home/airflow/.local/lib/python3.8/site-packages/airflow/example_dags/example_xcomargs.py
[2023-10-13T13:26:32.279+0000] {processor.py:829} INFO - Processing file /home/airflow/.local/lib/python3.8/site-packages/airflow/example_dags/example_xcomargs.py for tasks to queue
[2023-10-13T13:26:32.283+0000] {logging_mixin.py:151} INFO - [2023-10-13T13:26:32.282+0000] {dagbag.py:536} INFO - Filling up the DagBag from /home/airflow/.local/lib/python3.8/site-packages/airflow/example_dags/example_xcomargs.py
[2023-10-13T13:26:32.297+0000] {processor.py:839} INFO - DAG(s) dict_keys(['example_xcom_args_with_operators', 'example_xcom_args']) retrieved from /home/airflow/.local/lib/python3.8/site-packages/airflow/example_dags/example_xcomargs.py
[2023-10-13T13:26:32.338+0000] {logging_mixin.py:151} INFO - [2023-10-13T13:26:32.338+0000] {dag.py:2941} INFO - Sync 2 DAGs
[2023-10-13T13:26:32.367+0000] {logging_mixin.py:151} INFO - [2023-10-13T13:26:32.366+0000] {dag.py:3722} INFO - Setting next_dagrun for example_xcom_args to None, run_after=None
[2023-10-13T13:26:32.374+0000] {logging_mixin.py:151} INFO - [2023-10-13T13:26:32.374+0000] {dag.py:3722} INFO - Setting next_dagrun for example_xcom_args_with_operators to None, run_after=None
[2023-10-13T13:26:32.409+0000] {processor.py:179} INFO - Processing /home/airflow/.local/lib/python3.8/site-packages/airflow/example_dags/example_xcomargs.py took 0.136 seconds
[2023-10-13T13:27:02.766+0000] {processor.py:157} INFO - Started process (PID=832) to work on /home/airflow/.local/lib/python3.8/site-packages/airflow/example_dags/example_xcomargs.py
[2023-10-13T13:27:02.768+0000] {processor.py:829} INFO - Processing file /home/airflow/.local/lib/python3.8/site-packages/airflow/example_dags/example_xcomargs.py for tasks to queue
[2023-10-13T13:27:02.772+0000] {logging_mixin.py:151} INFO - [2023-10-13T13:27:02.772+0000] {dagbag.py:536} INFO - Filling up the DagBag from /home/airflow/.local/lib/python3.8/site-packages/airflow/example_dags/example_xcomargs.py
[2023-10-13T13:27:02.786+0000] {processor.py:839} INFO - DAG(s) dict_keys(['example_xcom_args_with_operators', 'example_xcom_args']) retrieved from /home/airflow/.local/lib/python3.8/site-packages/airflow/example_dags/example_xcomargs.py
[2023-10-13T13:27:02.822+0000] {logging_mixin.py:151} INFO - [2023-10-13T13:27:02.822+0000] {dag.py:2941} INFO - Sync 2 DAGs
[2023-10-13T13:27:02.848+0000] {logging_mixin.py:151} INFO - [2023-10-13T13:27:02.848+0000] {dag.py:3722} INFO - Setting next_dagrun for example_xcom_args to None, run_after=None
[2023-10-13T13:27:02.854+0000] {logging_mixin.py:151} INFO - [2023-10-13T13:27:02.854+0000] {dag.py:3722} INFO - Setting next_dagrun for example_xcom_args_with_operators to None, run_after=None
[2023-10-13T13:27:02.887+0000] {processor.py:179} INFO - Processing /home/airflow/.local/lib/python3.8/site-packages/airflow/example_dags/example_xcomargs.py took 0.125 seconds
[2023-10-13T13:27:33.377+0000] {processor.py:157} INFO - Started process (PID=886) to work on /home/airflow/.local/lib/python3.8/site-packages/airflow/example_dags/example_xcomargs.py
[2023-10-13T13:27:33.380+0000] {processor.py:829} INFO - Processing file /home/airflow/.local/lib/python3.8/site-packages/airflow/example_dags/example_xcomargs.py for tasks to queue
[2023-10-13T13:27:33.384+0000] {logging_mixin.py:151} INFO - [2023-10-13T13:27:33.383+0000] {dagbag.py:536} INFO - Filling up the DagBag from /home/airflow/.local/lib/python3.8/site-packages/airflow/example_dags/example_xcomargs.py
[2023-10-13T13:27:33.394+0000] {processor.py:839} INFO - DAG(s) dict_keys(['example_xcom_args_with_operators', 'example_xcom_args']) retrieved from /home/airflow/.local/lib/python3.8/site-packages/airflow/example_dags/example_xcomargs.py
[2023-10-13T13:27:33.429+0000] {logging_mixin.py:151} INFO - [2023-10-13T13:27:33.429+0000] {dag.py:2941} INFO - Sync 2 DAGs
[2023-10-13T13:27:33.446+0000] {logging_mixin.py:151} INFO - [2023-10-13T13:27:33.446+0000] {dag.py:3722} INFO - Setting next_dagrun for example_xcom_args to None, run_after=None
[2023-10-13T13:27:33.453+0000] {logging_mixin.py:151} INFO - [2023-10-13T13:27:33.452+0000] {dag.py:3722} INFO - Setting next_dagrun for example_xcom_args_with_operators to None, run_after=None
[2023-10-13T13:27:33.483+0000] {processor.py:179} INFO - Processing /home/airflow/.local/lib/python3.8/site-packages/airflow/example_dags/example_xcomargs.py took 0.110 seconds
[2023-10-13T13:28:04.042+0000] {processor.py:157} INFO - Started process (PID=940) to work on /home/airflow/.local/lib/python3.8/site-packages/airflow/example_dags/example_xcomargs.py
[2023-10-13T13:28:04.045+0000] {processor.py:829} INFO - Processing file /home/airflow/.local/lib/python3.8/site-packages/airflow/example_dags/example_xcomargs.py for tasks to queue
[2023-10-13T13:28:04.049+0000] {logging_mixin.py:151} INFO - [2023-10-13T13:28:04.049+0000] {dagbag.py:536} INFO - Filling up the DagBag from /home/airflow/.local/lib/python3.8/site-packages/airflow/example_dags/example_xcomargs.py
[2023-10-13T13:28:04.061+0000] {processor.py:839} INFO - DAG(s) dict_keys(['example_xcom_args_with_operators', 'example_xcom_args']) retrieved from /home/airflow/.local/lib/python3.8/site-packages/airflow/example_dags/example_xcomargs.py
[2023-10-13T13:28:04.150+0000] {logging_mixin.py:151} INFO - [2023-10-13T13:28:04.150+0000] {dag.py:2941} INFO - Sync 2 DAGs
[2023-10-13T13:28:04.169+0000] {logging_mixin.py:151} INFO - [2023-10-13T13:28:04.169+0000] {dag.py:3722} INFO - Setting next_dagrun for example_xcom_args to None, run_after=None
[2023-10-13T13:28:04.176+0000] {logging_mixin.py:151} INFO - [2023-10-13T13:28:04.176+0000] {dag.py:3722} INFO - Setting next_dagrun for example_xcom_args_with_operators to None, run_after=None
[2023-10-13T13:28:04.205+0000] {processor.py:179} INFO - Processing /home/airflow/.local/lib/python3.8/site-packages/airflow/example_dags/example_xcomargs.py took 0.169 seconds
[2023-10-13T13:28:35.102+0000] {processor.py:157} INFO - Started process (PID=994) to work on /home/airflow/.local/lib/python3.8/site-packages/airflow/example_dags/example_xcomargs.py
[2023-10-13T13:28:35.104+0000] {processor.py:829} INFO - Processing file /home/airflow/.local/lib/python3.8/site-packages/airflow/example_dags/example_xcomargs.py for tasks to queue
[2023-10-13T13:28:35.109+0000] {logging_mixin.py:151} INFO - [2023-10-13T13:28:35.109+0000] {dagbag.py:536} INFO - Filling up the DagBag from /home/airflow/.local/lib/python3.8/site-packages/airflow/example_dags/example_xcomargs.py
[2023-10-13T13:28:35.125+0000] {processor.py:839} INFO - DAG(s) dict_keys(['example_xcom_args', 'example_xcom_args_with_operators']) retrieved from /home/airflow/.local/lib/python3.8/site-packages/airflow/example_dags/example_xcomargs.py
[2023-10-13T13:28:35.165+0000] {logging_mixin.py:151} INFO - [2023-10-13T13:28:35.164+0000] {dag.py:2941} INFO - Sync 2 DAGs
[2023-10-13T13:28:35.185+0000] {logging_mixin.py:151} INFO - [2023-10-13T13:28:35.185+0000] {dag.py:3722} INFO - Setting next_dagrun for example_xcom_args to None, run_after=None
[2023-10-13T13:28:35.192+0000] {logging_mixin.py:151} INFO - [2023-10-13T13:28:35.191+0000] {dag.py:3722} INFO - Setting next_dagrun for example_xcom_args_with_operators to None, run_after=None
[2023-10-13T13:28:35.224+0000] {processor.py:179} INFO - Processing /home/airflow/.local/lib/python3.8/site-packages/airflow/example_dags/example_xcomargs.py took 0.127 seconds
[2023-10-13T13:29:05.442+0000] {processor.py:157} INFO - Started process (PID=1048) to work on /home/airflow/.local/lib/python3.8/site-packages/airflow/example_dags/example_xcomargs.py
[2023-10-13T13:29:05.444+0000] {processor.py:829} INFO - Processing file /home/airflow/.local/lib/python3.8/site-packages/airflow/example_dags/example_xcomargs.py for tasks to queue
[2023-10-13T13:29:05.449+0000] {logging_mixin.py:151} INFO - [2023-10-13T13:29:05.449+0000] {dagbag.py:536} INFO - Filling up the DagBag from /home/airflow/.local/lib/python3.8/site-packages/airflow/example_dags/example_xcomargs.py
[2023-10-13T13:29:05.460+0000] {processor.py:839} INFO - DAG(s) dict_keys(['example_xcom_args', 'example_xcom_args_with_operators']) retrieved from /home/airflow/.local/lib/python3.8/site-packages/airflow/example_dags/example_xcomargs.py
[2023-10-13T13:29:05.493+0000] {logging_mixin.py:151} INFO - [2023-10-13T13:29:05.492+0000] {dag.py:2941} INFO - Sync 2 DAGs
[2023-10-13T13:29:05.508+0000] {logging_mixin.py:151} INFO - [2023-10-13T13:29:05.508+0000] {dag.py:3722} INFO - Setting next_dagrun for example_xcom_args to None, run_after=None
[2023-10-13T13:29:05.514+0000] {logging_mixin.py:151} INFO - [2023-10-13T13:29:05.514+0000] {dag.py:3722} INFO - Setting next_dagrun for example_xcom_args_with_operators to None, run_after=None
[2023-10-13T13:29:05.543+0000] {processor.py:179} INFO - Processing /home/airflow/.local/lib/python3.8/site-packages/airflow/example_dags/example_xcomargs.py took 0.103 seconds
[2023-10-13T13:29:35.955+0000] {processor.py:157} INFO - Started process (PID=1102) to work on /home/airflow/.local/lib/python3.8/site-packages/airflow/example_dags/example_xcomargs.py
[2023-10-13T13:29:35.958+0000] {processor.py:829} INFO - Processing file /home/airflow/.local/lib/python3.8/site-packages/airflow/example_dags/example_xcomargs.py for tasks to queue
[2023-10-13T13:29:35.962+0000] {logging_mixin.py:151} INFO - [2023-10-13T13:29:35.962+0000] {dagbag.py:536} INFO - Filling up the DagBag from /home/airflow/.local/lib/python3.8/site-packages/airflow/example_dags/example_xcomargs.py
[2023-10-13T13:29:35.977+0000] {processor.py:839} INFO - DAG(s) dict_keys(['example_xcom_args_with_operators', 'example_xcom_args']) retrieved from /home/airflow/.local/lib/python3.8/site-packages/airflow/example_dags/example_xcomargs.py
[2023-10-13T13:29:36.017+0000] {logging_mixin.py:151} INFO - [2023-10-13T13:29:36.016+0000] {dag.py:2941} INFO - Sync 2 DAGs
[2023-10-13T13:29:36.037+0000] {logging_mixin.py:151} INFO - [2023-10-13T13:29:36.037+0000] {dag.py:3722} INFO - Setting next_dagrun for example_xcom_args to None, run_after=None
[2023-10-13T13:29:36.044+0000] {logging_mixin.py:151} INFO - [2023-10-13T13:29:36.044+0000] {dag.py:3722} INFO - Setting next_dagrun for example_xcom_args_with_operators to None, run_after=None
[2023-10-13T13:29:36.269+0000] {processor.py:179} INFO - Processing /home/airflow/.local/lib/python3.8/site-packages/airflow/example_dags/example_xcomargs.py took 0.321 seconds
[2023-10-13T13:30:06.652+0000] {processor.py:157} INFO - Started process (PID=1156) to work on /home/airflow/.local/lib/python3.8/site-packages/airflow/example_dags/example_xcomargs.py
[2023-10-13T13:30:06.702+0000] {processor.py:829} INFO - Processing file /home/airflow/.local/lib/python3.8/site-packages/airflow/example_dags/example_xcomargs.py for tasks to queue
[2023-10-13T13:30:06.709+0000] {logging_mixin.py:151} INFO - [2023-10-13T13:30:06.708+0000] {dagbag.py:536} INFO - Filling up the DagBag from /home/airflow/.local/lib/python3.8/site-packages/airflow/example_dags/example_xcomargs.py
[2023-10-13T13:30:06.744+0000] {processor.py:839} INFO - DAG(s) dict_keys(['example_xcom_args_with_operators', 'example_xcom_args']) retrieved from /home/airflow/.local/lib/python3.8/site-packages/airflow/example_dags/example_xcomargs.py
[2023-10-13T13:30:06.785+0000] {logging_mixin.py:151} INFO - [2023-10-13T13:30:06.785+0000] {dag.py:2941} INFO - Sync 2 DAGs
[2023-10-13T13:30:06.810+0000] {logging_mixin.py:151} INFO - [2023-10-13T13:30:06.809+0000] {dag.py:3722} INFO - Setting next_dagrun for example_xcom_args to None, run_after=None
[2023-10-13T13:30:06.815+0000] {logging_mixin.py:151} INFO - [2023-10-13T13:30:06.814+0000] {dag.py:3722} INFO - Setting next_dagrun for example_xcom_args_with_operators to None, run_after=None
[2023-10-13T13:30:07.964+0000] {processor.py:179} INFO - Processing /home/airflow/.local/lib/python3.8/site-packages/airflow/example_dags/example_xcomargs.py took 1.318 seconds
[2023-10-13T13:30:38.141+0000] {processor.py:157} INFO - Started process (PID=1210) to work on /home/airflow/.local/lib/python3.8/site-packages/airflow/example_dags/example_xcomargs.py
[2023-10-13T13:30:38.144+0000] {processor.py:829} INFO - Processing file /home/airflow/.local/lib/python3.8/site-packages/airflow/example_dags/example_xcomargs.py for tasks to queue
[2023-10-13T13:30:38.149+0000] {logging_mixin.py:151} INFO - [2023-10-13T13:30:38.148+0000] {dagbag.py:536} INFO - Filling up the DagBag from /home/airflow/.local/lib/python3.8/site-packages/airflow/example_dags/example_xcomargs.py
[2023-10-13T13:30:38.170+0000] {processor.py:839} INFO - DAG(s) dict_keys(['example_xcom_args', 'example_xcom_args_with_operators']) retrieved from /home/airflow/.local/lib/python3.8/site-packages/airflow/example_dags/example_xcomargs.py
[2023-10-13T13:30:38.236+0000] {logging_mixin.py:151} INFO - [2023-10-13T13:30:38.235+0000] {dag.py:2941} INFO - Sync 2 DAGs
[2023-10-13T13:30:38.261+0000] {logging_mixin.py:151} INFO - [2023-10-13T13:30:38.260+0000] {dag.py:3722} INFO - Setting next_dagrun for example_xcom_args to None, run_after=None
[2023-10-13T13:30:38.267+0000] {logging_mixin.py:151} INFO - [2023-10-13T13:30:38.267+0000] {dag.py:3722} INFO - Setting next_dagrun for example_xcom_args_with_operators to None, run_after=None
[2023-10-13T13:30:38.302+0000] {processor.py:179} INFO - Processing /home/airflow/.local/lib/python3.8/site-packages/airflow/example_dags/example_xcomargs.py took 0.167 seconds
[2023-10-13T13:31:08.651+0000] {processor.py:157} INFO - Started process (PID=1264) to work on /home/airflow/.local/lib/python3.8/site-packages/airflow/example_dags/example_xcomargs.py
[2023-10-13T13:31:08.652+0000] {processor.py:829} INFO - Processing file /home/airflow/.local/lib/python3.8/site-packages/airflow/example_dags/example_xcomargs.py for tasks to queue
[2023-10-13T13:31:08.656+0000] {logging_mixin.py:151} INFO - [2023-10-13T13:31:08.656+0000] {dagbag.py:536} INFO - Filling up the DagBag from /home/airflow/.local/lib/python3.8/site-packages/airflow/example_dags/example_xcomargs.py
[2023-10-13T13:31:08.668+0000] {processor.py:839} INFO - DAG(s) dict_keys(['example_xcom_args_with_operators', 'example_xcom_args']) retrieved from /home/airflow/.local/lib/python3.8/site-packages/airflow/example_dags/example_xcomargs.py
[2023-10-13T13:31:08.711+0000] {logging_mixin.py:151} INFO - [2023-10-13T13:31:08.710+0000] {dag.py:2941} INFO - Sync 2 DAGs
[2023-10-13T13:31:08.925+0000] {logging_mixin.py:151} INFO - [2023-10-13T13:31:08.924+0000] {dag.py:3722} INFO - Setting next_dagrun for example_xcom_args to None, run_after=None
[2023-10-13T13:31:08.933+0000] {logging_mixin.py:151} INFO - [2023-10-13T13:31:08.933+0000] {dag.py:3722} INFO - Setting next_dagrun for example_xcom_args_with_operators to None, run_after=None
[2023-10-13T13:31:08.959+0000] {processor.py:179} INFO - Processing /home/airflow/.local/lib/python3.8/site-packages/airflow/example_dags/example_xcomargs.py took 0.313 seconds
[2023-10-13T13:31:39.666+0000] {processor.py:157} INFO - Started process (PID=1318) to work on /home/airflow/.local/lib/python3.8/site-packages/airflow/example_dags/example_xcomargs.py
[2023-10-13T13:31:39.668+0000] {processor.py:829} INFO - Processing file /home/airflow/.local/lib/python3.8/site-packages/airflow/example_dags/example_xcomargs.py for tasks to queue
[2023-10-13T13:31:39.673+0000] {logging_mixin.py:151} INFO - [2023-10-13T13:31:39.673+0000] {dagbag.py:536} INFO - Filling up the DagBag from /home/airflow/.local/lib/python3.8/site-packages/airflow/example_dags/example_xcomargs.py
[2023-10-13T13:31:39.691+0000] {processor.py:839} INFO - DAG(s) dict_keys(['example_xcom_args', 'example_xcom_args_with_operators']) retrieved from /home/airflow/.local/lib/python3.8/site-packages/airflow/example_dags/example_xcomargs.py
[2023-10-13T13:31:39.739+0000] {logging_mixin.py:151} INFO - [2023-10-13T13:31:39.739+0000] {dag.py:2941} INFO - Sync 2 DAGs
[2023-10-13T13:31:39.771+0000] {logging_mixin.py:151} INFO - [2023-10-13T13:31:39.771+0000] {dag.py:3722} INFO - Setting next_dagrun for example_xcom_args to None, run_after=None
[2023-10-13T13:31:39.779+0000] {logging_mixin.py:151} INFO - [2023-10-13T13:31:39.778+0000] {dag.py:3722} INFO - Setting next_dagrun for example_xcom_args_with_operators to None, run_after=None
[2023-10-13T13:31:39.813+0000] {processor.py:179} INFO - Processing /home/airflow/.local/lib/python3.8/site-packages/airflow/example_dags/example_xcomargs.py took 0.152 seconds
[2023-10-13T13:32:10.317+0000] {processor.py:157} INFO - Started process (PID=1372) to work on /home/airflow/.local/lib/python3.8/site-packages/airflow/example_dags/example_xcomargs.py
[2023-10-13T13:32:10.319+0000] {processor.py:829} INFO - Processing file /home/airflow/.local/lib/python3.8/site-packages/airflow/example_dags/example_xcomargs.py for tasks to queue
[2023-10-13T13:32:10.323+0000] {logging_mixin.py:151} INFO - [2023-10-13T13:32:10.323+0000] {dagbag.py:536} INFO - Filling up the DagBag from /home/airflow/.local/lib/python3.8/site-packages/airflow/example_dags/example_xcomargs.py
[2023-10-13T13:32:10.335+0000] {processor.py:839} INFO - DAG(s) dict_keys(['example_xcom_args', 'example_xcom_args_with_operators']) retrieved from /home/airflow/.local/lib/python3.8/site-packages/airflow/example_dags/example_xcomargs.py
[2023-10-13T13:32:10.376+0000] {logging_mixin.py:151} INFO - [2023-10-13T13:32:10.376+0000] {dag.py:2941} INFO - Sync 2 DAGs
[2023-10-13T13:32:10.397+0000] {logging_mixin.py:151} INFO - [2023-10-13T13:32:10.396+0000] {dag.py:3722} INFO - Setting next_dagrun for example_xcom_args to None, run_after=None
[2023-10-13T13:32:10.403+0000] {logging_mixin.py:151} INFO - [2023-10-13T13:32:10.403+0000] {dag.py:3722} INFO - Setting next_dagrun for example_xcom_args_with_operators to None, run_after=None
[2023-10-13T13:32:10.434+0000] {processor.py:179} INFO - Processing /home/airflow/.local/lib/python3.8/site-packages/airflow/example_dags/example_xcomargs.py took 0.122 seconds
[2023-10-13T13:32:40.958+0000] {processor.py:157} INFO - Started process (PID=1426) to work on /home/airflow/.local/lib/python3.8/site-packages/airflow/example_dags/example_xcomargs.py
[2023-10-13T13:32:40.961+0000] {processor.py:829} INFO - Processing file /home/airflow/.local/lib/python3.8/site-packages/airflow/example_dags/example_xcomargs.py for tasks to queue
[2023-10-13T13:32:40.966+0000] {logging_mixin.py:151} INFO - [2023-10-13T13:32:40.966+0000] {dagbag.py:536} INFO - Filling up the DagBag from /home/airflow/.local/lib/python3.8/site-packages/airflow/example_dags/example_xcomargs.py
[2023-10-13T13:32:40.985+0000] {processor.py:839} INFO - DAG(s) dict_keys(['example_xcom_args', 'example_xcom_args_with_operators']) retrieved from /home/airflow/.local/lib/python3.8/site-packages/airflow/example_dags/example_xcomargs.py
[2023-10-13T13:32:41.040+0000] {logging_mixin.py:151} INFO - [2023-10-13T13:32:41.040+0000] {dag.py:2941} INFO - Sync 2 DAGs
[2023-10-13T13:32:41.067+0000] {logging_mixin.py:151} INFO - [2023-10-13T13:32:41.067+0000] {dag.py:3722} INFO - Setting next_dagrun for example_xcom_args to None, run_after=None
[2023-10-13T13:32:41.075+0000] {logging_mixin.py:151} INFO - [2023-10-13T13:32:41.074+0000] {dag.py:3722} INFO - Setting next_dagrun for example_xcom_args_with_operators to None, run_after=None
[2023-10-13T13:32:41.111+0000] {processor.py:179} INFO - Processing /home/airflow/.local/lib/python3.8/site-packages/airflow/example_dags/example_xcomargs.py took 0.161 seconds
[2023-10-13T13:33:11.495+0000] {processor.py:157} INFO - Started process (PID=1480) to work on /home/airflow/.local/lib/python3.8/site-packages/airflow/example_dags/example_xcomargs.py
[2023-10-13T13:33:11.497+0000] {processor.py:829} INFO - Processing file /home/airflow/.local/lib/python3.8/site-packages/airflow/example_dags/example_xcomargs.py for tasks to queue
[2023-10-13T13:33:11.502+0000] {logging_mixin.py:151} INFO - [2023-10-13T13:33:11.501+0000] {dagbag.py:536} INFO - Filling up the DagBag from /home/airflow/.local/lib/python3.8/site-packages/airflow/example_dags/example_xcomargs.py
[2023-10-13T13:33:11.514+0000] {processor.py:839} INFO - DAG(s) dict_keys(['example_xcom_args', 'example_xcom_args_with_operators']) retrieved from /home/airflow/.local/lib/python3.8/site-packages/airflow/example_dags/example_xcomargs.py
[2023-10-13T13:33:11.555+0000] {logging_mixin.py:151} INFO - [2023-10-13T13:33:11.554+0000] {dag.py:2941} INFO - Sync 2 DAGs
[2023-10-13T13:33:11.581+0000] {logging_mixin.py:151} INFO - [2023-10-13T13:33:11.581+0000] {dag.py:3722} INFO - Setting next_dagrun for example_xcom_args to None, run_after=None
[2023-10-13T13:33:11.589+0000] {logging_mixin.py:151} INFO - [2023-10-13T13:33:11.589+0000] {dag.py:3722} INFO - Setting next_dagrun for example_xcom_args_with_operators to None, run_after=None
[2023-10-13T13:33:11.622+0000] {processor.py:179} INFO - Processing /home/airflow/.local/lib/python3.8/site-packages/airflow/example_dags/example_xcomargs.py took 0.132 seconds
[2023-10-13T13:33:42.109+0000] {processor.py:157} INFO - Started process (PID=1532) to work on /home/airflow/.local/lib/python3.8/site-packages/airflow/example_dags/example_xcomargs.py
[2023-10-13T13:33:42.112+0000] {processor.py:829} INFO - Processing file /home/airflow/.local/lib/python3.8/site-packages/airflow/example_dags/example_xcomargs.py for tasks to queue
[2023-10-13T13:33:42.119+0000] {logging_mixin.py:151} INFO - [2023-10-13T13:33:42.119+0000] {dagbag.py:536} INFO - Filling up the DagBag from /home/airflow/.local/lib/python3.8/site-packages/airflow/example_dags/example_xcomargs.py
[2023-10-13T13:33:42.136+0000] {processor.py:839} INFO - DAG(s) dict_keys(['example_xcom_args', 'example_xcom_args_with_operators']) retrieved from /home/airflow/.local/lib/python3.8/site-packages/airflow/example_dags/example_xcomargs.py
[2023-10-13T13:33:42.187+0000] {logging_mixin.py:151} INFO - [2023-10-13T13:33:42.187+0000] {dag.py:2941} INFO - Sync 2 DAGs
[2023-10-13T13:33:42.222+0000] {logging_mixin.py:151} INFO - [2023-10-13T13:33:42.221+0000] {dag.py:3722} INFO - Setting next_dagrun for example_xcom_args to None, run_after=None
[2023-10-13T13:33:42.235+0000] {logging_mixin.py:151} INFO - [2023-10-13T13:33:42.235+0000] {dag.py:3722} INFO - Setting next_dagrun for example_xcom_args_with_operators to None, run_after=None
[2023-10-13T13:33:42.284+0000] {processor.py:179} INFO - Processing /home/airflow/.local/lib/python3.8/site-packages/airflow/example_dags/example_xcomargs.py took 0.179 seconds
[2023-10-13T13:34:12.613+0000] {processor.py:157} INFO - Started process (PID=1587) to work on /home/airflow/.local/lib/python3.8/site-packages/airflow/example_dags/example_xcomargs.py
[2023-10-13T13:34:12.616+0000] {processor.py:829} INFO - Processing file /home/airflow/.local/lib/python3.8/site-packages/airflow/example_dags/example_xcomargs.py for tasks to queue
[2023-10-13T13:34:12.619+0000] {logging_mixin.py:151} INFO - [2023-10-13T13:34:12.619+0000] {dagbag.py:536} INFO - Filling up the DagBag from /home/airflow/.local/lib/python3.8/site-packages/airflow/example_dags/example_xcomargs.py
[2023-10-13T13:34:12.636+0000] {processor.py:839} INFO - DAG(s) dict_keys(['example_xcom_args_with_operators', 'example_xcom_args']) retrieved from /home/airflow/.local/lib/python3.8/site-packages/airflow/example_dags/example_xcomargs.py
[2023-10-13T13:34:12.676+0000] {logging_mixin.py:151} INFO - [2023-10-13T13:34:12.675+0000] {dag.py:2941} INFO - Sync 2 DAGs
[2023-10-13T13:34:12.694+0000] {logging_mixin.py:151} INFO - [2023-10-13T13:34:12.694+0000] {dag.py:3722} INFO - Setting next_dagrun for example_xcom_args to None, run_after=None
[2023-10-13T13:34:12.705+0000] {logging_mixin.py:151} INFO - [2023-10-13T13:34:12.705+0000] {dag.py:3722} INFO - Setting next_dagrun for example_xcom_args_with_operators to None, run_after=None
[2023-10-13T13:34:12.778+0000] {processor.py:179} INFO - Processing /home/airflow/.local/lib/python3.8/site-packages/airflow/example_dags/example_xcomargs.py took 0.170 seconds
[2023-10-13T13:34:43.456+0000] {processor.py:157} INFO - Started process (PID=1649) to work on /home/airflow/.local/lib/python3.8/site-packages/airflow/example_dags/example_xcomargs.py
[2023-10-13T13:34:43.458+0000] {processor.py:829} INFO - Processing file /home/airflow/.local/lib/python3.8/site-packages/airflow/example_dags/example_xcomargs.py for tasks to queue
[2023-10-13T13:34:43.463+0000] {logging_mixin.py:151} INFO - [2023-10-13T13:34:43.462+0000] {dagbag.py:536} INFO - Filling up the DagBag from /home/airflow/.local/lib/python3.8/site-packages/airflow/example_dags/example_xcomargs.py
[2023-10-13T13:34:43.476+0000] {processor.py:839} INFO - DAG(s) dict_keys(['example_xcom_args_with_operators', 'example_xcom_args']) retrieved from /home/airflow/.local/lib/python3.8/site-packages/airflow/example_dags/example_xcomargs.py
[2023-10-13T13:34:43.512+0000] {logging_mixin.py:151} INFO - [2023-10-13T13:34:43.512+0000] {dag.py:2941} INFO - Sync 2 DAGs
[2023-10-13T13:34:43.531+0000] {logging_mixin.py:151} INFO - [2023-10-13T13:34:43.531+0000] {dag.py:3722} INFO - Setting next_dagrun for example_xcom_args to None, run_after=None
[2023-10-13T13:34:43.536+0000] {logging_mixin.py:151} INFO - [2023-10-13T13:34:43.536+0000] {dag.py:3722} INFO - Setting next_dagrun for example_xcom_args_with_operators to None, run_after=None
[2023-10-13T13:34:43.564+0000] {processor.py:179} INFO - Processing /home/airflow/.local/lib/python3.8/site-packages/airflow/example_dags/example_xcomargs.py took 0.113 seconds
[2023-10-13T13:35:14.270+0000] {processor.py:157} INFO - Started process (PID=1703) to work on /home/airflow/.local/lib/python3.8/site-packages/airflow/example_dags/example_xcomargs.py
[2023-10-13T13:35:14.272+0000] {processor.py:829} INFO - Processing file /home/airflow/.local/lib/python3.8/site-packages/airflow/example_dags/example_xcomargs.py for tasks to queue
[2023-10-13T13:35:14.276+0000] {logging_mixin.py:151} INFO - [2023-10-13T13:35:14.276+0000] {dagbag.py:536} INFO - Filling up the DagBag from /home/airflow/.local/lib/python3.8/site-packages/airflow/example_dags/example_xcomargs.py
[2023-10-13T13:35:14.288+0000] {processor.py:839} INFO - DAG(s) dict_keys(['example_xcom_args', 'example_xcom_args_with_operators']) retrieved from /home/airflow/.local/lib/python3.8/site-packages/airflow/example_dags/example_xcomargs.py
[2023-10-13T13:35:14.326+0000] {logging_mixin.py:151} INFO - [2023-10-13T13:35:14.326+0000] {dag.py:2941} INFO - Sync 2 DAGs
[2023-10-13T13:35:14.351+0000] {logging_mixin.py:151} INFO - [2023-10-13T13:35:14.351+0000] {dag.py:3722} INFO - Setting next_dagrun for example_xcom_args to None, run_after=None
[2023-10-13T13:35:14.358+0000] {logging_mixin.py:151} INFO - [2023-10-13T13:35:14.358+0000] {dag.py:3722} INFO - Setting next_dagrun for example_xcom_args_with_operators to None, run_after=None
[2023-10-13T13:35:14.426+0000] {processor.py:179} INFO - Processing /home/airflow/.local/lib/python3.8/site-packages/airflow/example_dags/example_xcomargs.py took 0.161 seconds
[2023-10-13T13:35:44.537+0000] {processor.py:157} INFO - Started process (PID=1757) to work on /home/airflow/.local/lib/python3.8/site-packages/airflow/example_dags/example_xcomargs.py
[2023-10-13T13:35:44.539+0000] {processor.py:829} INFO - Processing file /home/airflow/.local/lib/python3.8/site-packages/airflow/example_dags/example_xcomargs.py for tasks to queue
[2023-10-13T13:35:44.542+0000] {logging_mixin.py:151} INFO - [2023-10-13T13:35:44.542+0000] {dagbag.py:536} INFO - Filling up the DagBag from /home/airflow/.local/lib/python3.8/site-packages/airflow/example_dags/example_xcomargs.py
[2023-10-13T13:35:44.555+0000] {processor.py:839} INFO - DAG(s) dict_keys(['example_xcom_args_with_operators', 'example_xcom_args']) retrieved from /home/airflow/.local/lib/python3.8/site-packages/airflow/example_dags/example_xcomargs.py
[2023-10-13T13:35:44.603+0000] {logging_mixin.py:151} INFO - [2023-10-13T13:35:44.602+0000] {dag.py:2941} INFO - Sync 2 DAGs
[2023-10-13T13:35:44.621+0000] {logging_mixin.py:151} INFO - [2023-10-13T13:35:44.621+0000] {dag.py:3722} INFO - Setting next_dagrun for example_xcom_args to None, run_after=None
[2023-10-13T13:35:44.627+0000] {logging_mixin.py:151} INFO - [2023-10-13T13:35:44.626+0000] {dag.py:3722} INFO - Setting next_dagrun for example_xcom_args_with_operators to None, run_after=None
[2023-10-13T13:35:44.651+0000] {processor.py:179} INFO - Processing /home/airflow/.local/lib/python3.8/site-packages/airflow/example_dags/example_xcomargs.py took 0.118 seconds
[2023-10-13T13:36:15.697+0000] {processor.py:157} INFO - Started process (PID=1810) to work on /home/airflow/.local/lib/python3.8/site-packages/airflow/example_dags/example_xcomargs.py
[2023-10-13T13:36:15.699+0000] {processor.py:829} INFO - Processing file /home/airflow/.local/lib/python3.8/site-packages/airflow/example_dags/example_xcomargs.py for tasks to queue
[2023-10-13T13:36:15.702+0000] {logging_mixin.py:151} INFO - [2023-10-13T13:36:15.702+0000] {dagbag.py:536} INFO - Filling up the DagBag from /home/airflow/.local/lib/python3.8/site-packages/airflow/example_dags/example_xcomargs.py
[2023-10-13T13:36:15.713+0000] {processor.py:839} INFO - DAG(s) dict_keys(['example_xcom_args_with_operators', 'example_xcom_args']) retrieved from /home/airflow/.local/lib/python3.8/site-packages/airflow/example_dags/example_xcomargs.py
[2023-10-13T13:36:15.756+0000] {logging_mixin.py:151} INFO - [2023-10-13T13:36:15.755+0000] {dag.py:2941} INFO - Sync 2 DAGs
[2023-10-13T13:36:15.777+0000] {logging_mixin.py:151} INFO - [2023-10-13T13:36:15.777+0000] {dag.py:3722} INFO - Setting next_dagrun for example_xcom_args to None, run_after=None
[2023-10-13T13:36:15.782+0000] {logging_mixin.py:151} INFO - [2023-10-13T13:36:15.781+0000] {dag.py:3722} INFO - Setting next_dagrun for example_xcom_args_with_operators to None, run_after=None
[2023-10-13T13:36:15.805+0000] {processor.py:179} INFO - Processing /home/airflow/.local/lib/python3.8/site-packages/airflow/example_dags/example_xcomargs.py took 0.112 seconds
