[2023-10-13T13:19:28.770+0000] {processor.py:157} INFO - Started process (PID=37) to work on /home/airflow/.local/lib/python3.8/site-packages/airflow/example_dags/example_python_operator.py
[2023-10-13T13:19:28.773+0000] {processor.py:829} INFO - Processing file /home/airflow/.local/lib/python3.8/site-packages/airflow/example_dags/example_python_operator.py for tasks to queue
[2023-10-13T13:19:28.779+0000] {logging_mixin.py:151} INFO - [2023-10-13T13:19:28.778+0000] {dagbag.py:536} INFO - Filling up the DagBag from /home/airflow/.local/lib/python3.8/site-packages/airflow/example_dags/example_python_operator.py
[2023-10-13T13:19:28.955+0000] {processor.py:839} INFO - DAG(s) dict_keys(['example_python_operator']) retrieved from /home/airflow/.local/lib/python3.8/site-packages/airflow/example_dags/example_python_operator.py
[2023-10-13T13:19:29.813+0000] {logging_mixin.py:151} INFO - [2023-10-13T13:19:29.813+0000] {dag.py:2941} INFO - Sync 1 DAGs
[2023-10-13T13:19:29.835+0000] {logging_mixin.py:151} INFO - [2023-10-13T13:19:29.834+0000] {dag.py:3722} INFO - Setting next_dagrun for example_python_operator to None, run_after=None
[2023-10-13T13:19:29.876+0000] {processor.py:179} INFO - Processing /home/airflow/.local/lib/python3.8/site-packages/airflow/example_dags/example_python_operator.py took 1.115 seconds
[2023-10-13T13:20:00.140+0000] {processor.py:157} INFO - Started process (PID=91) to work on /home/airflow/.local/lib/python3.8/site-packages/airflow/example_dags/example_python_operator.py
[2023-10-13T13:20:00.142+0000] {processor.py:829} INFO - Processing file /home/airflow/.local/lib/python3.8/site-packages/airflow/example_dags/example_python_operator.py for tasks to queue
[2023-10-13T13:20:00.146+0000] {logging_mixin.py:151} INFO - [2023-10-13T13:20:00.146+0000] {dagbag.py:536} INFO - Filling up the DagBag from /home/airflow/.local/lib/python3.8/site-packages/airflow/example_dags/example_python_operator.py
[2023-10-13T13:20:00.167+0000] {processor.py:839} INFO - DAG(s) dict_keys(['example_python_operator']) retrieved from /home/airflow/.local/lib/python3.8/site-packages/airflow/example_dags/example_python_operator.py
[2023-10-13T13:20:00.211+0000] {logging_mixin.py:151} INFO - [2023-10-13T13:20:00.211+0000] {dag.py:2941} INFO - Sync 1 DAGs
[2023-10-13T13:20:00.236+0000] {logging_mixin.py:151} INFO - [2023-10-13T13:20:00.236+0000] {dag.py:3722} INFO - Setting next_dagrun for example_python_operator to None, run_after=None
[2023-10-13T13:20:00.277+0000] {processor.py:179} INFO - Processing /home/airflow/.local/lib/python3.8/site-packages/airflow/example_dags/example_python_operator.py took 0.143 seconds
[2023-10-13T13:20:30.458+0000] {processor.py:157} INFO - Started process (PID=143) to work on /home/airflow/.local/lib/python3.8/site-packages/airflow/example_dags/example_python_operator.py
[2023-10-13T13:20:30.460+0000] {processor.py:829} INFO - Processing file /home/airflow/.local/lib/python3.8/site-packages/airflow/example_dags/example_python_operator.py for tasks to queue
[2023-10-13T13:20:30.465+0000] {logging_mixin.py:151} INFO - [2023-10-13T13:20:30.464+0000] {dagbag.py:536} INFO - Filling up the DagBag from /home/airflow/.local/lib/python3.8/site-packages/airflow/example_dags/example_python_operator.py
[2023-10-13T13:20:30.487+0000] {processor.py:839} INFO - DAG(s) dict_keys(['example_python_operator']) retrieved from /home/airflow/.local/lib/python3.8/site-packages/airflow/example_dags/example_python_operator.py
[2023-10-13T13:20:30.519+0000] {logging_mixin.py:151} INFO - [2023-10-13T13:20:30.519+0000] {dag.py:2941} INFO - Sync 1 DAGs
[2023-10-13T13:20:30.537+0000] {logging_mixin.py:151} INFO - [2023-10-13T13:20:30.537+0000] {dag.py:3722} INFO - Setting next_dagrun for example_python_operator to None, run_after=None
[2023-10-13T13:20:30.568+0000] {processor.py:179} INFO - Processing /home/airflow/.local/lib/python3.8/site-packages/airflow/example_dags/example_python_operator.py took 0.115 seconds
[2023-10-13T13:21:01.494+0000] {processor.py:157} INFO - Started process (PID=197) to work on /home/airflow/.local/lib/python3.8/site-packages/airflow/example_dags/example_python_operator.py
[2023-10-13T13:21:01.496+0000] {processor.py:829} INFO - Processing file /home/airflow/.local/lib/python3.8/site-packages/airflow/example_dags/example_python_operator.py for tasks to queue
[2023-10-13T13:21:01.500+0000] {logging_mixin.py:151} INFO - [2023-10-13T13:21:01.500+0000] {dagbag.py:536} INFO - Filling up the DagBag from /home/airflow/.local/lib/python3.8/site-packages/airflow/example_dags/example_python_operator.py
[2023-10-13T13:21:01.513+0000] {processor.py:839} INFO - DAG(s) dict_keys(['example_python_operator']) retrieved from /home/airflow/.local/lib/python3.8/site-packages/airflow/example_dags/example_python_operator.py
[2023-10-13T13:21:01.545+0000] {logging_mixin.py:151} INFO - [2023-10-13T13:21:01.544+0000] {dag.py:2941} INFO - Sync 1 DAGs
[2023-10-13T13:21:01.561+0000] {logging_mixin.py:151} INFO - [2023-10-13T13:21:01.561+0000] {dag.py:3722} INFO - Setting next_dagrun for example_python_operator to None, run_after=None
[2023-10-13T13:21:01.595+0000] {processor.py:179} INFO - Processing /home/airflow/.local/lib/python3.8/site-packages/airflow/example_dags/example_python_operator.py took 0.105 seconds
[2023-10-13T13:21:31.747+0000] {processor.py:157} INFO - Started process (PID=251) to work on /home/airflow/.local/lib/python3.8/site-packages/airflow/example_dags/example_python_operator.py
[2023-10-13T13:21:31.749+0000] {processor.py:829} INFO - Processing file /home/airflow/.local/lib/python3.8/site-packages/airflow/example_dags/example_python_operator.py for tasks to queue
[2023-10-13T13:21:31.753+0000] {logging_mixin.py:151} INFO - [2023-10-13T13:21:31.753+0000] {dagbag.py:536} INFO - Filling up the DagBag from /home/airflow/.local/lib/python3.8/site-packages/airflow/example_dags/example_python_operator.py
[2023-10-13T13:21:31.767+0000] {processor.py:839} INFO - DAG(s) dict_keys(['example_python_operator']) retrieved from /home/airflow/.local/lib/python3.8/site-packages/airflow/example_dags/example_python_operator.py
[2023-10-13T13:21:31.802+0000] {logging_mixin.py:151} INFO - [2023-10-13T13:21:31.801+0000] {dag.py:2941} INFO - Sync 1 DAGs
[2023-10-13T13:21:31.818+0000] {logging_mixin.py:151} INFO - [2023-10-13T13:21:31.818+0000] {dag.py:3722} INFO - Setting next_dagrun for example_python_operator to None, run_after=None
[2023-10-13T13:21:31.852+0000] {processor.py:179} INFO - Processing /home/airflow/.local/lib/python3.8/site-packages/airflow/example_dags/example_python_operator.py took 0.109 seconds
[2023-10-13T13:22:02.440+0000] {processor.py:157} INFO - Started process (PID=305) to work on /home/airflow/.local/lib/python3.8/site-packages/airflow/example_dags/example_python_operator.py
[2023-10-13T13:22:02.443+0000] {processor.py:829} INFO - Processing file /home/airflow/.local/lib/python3.8/site-packages/airflow/example_dags/example_python_operator.py for tasks to queue
[2023-10-13T13:22:02.446+0000] {logging_mixin.py:151} INFO - [2023-10-13T13:22:02.446+0000] {dagbag.py:536} INFO - Filling up the DagBag from /home/airflow/.local/lib/python3.8/site-packages/airflow/example_dags/example_python_operator.py
[2023-10-13T13:22:02.461+0000] {processor.py:839} INFO - DAG(s) dict_keys(['example_python_operator']) retrieved from /home/airflow/.local/lib/python3.8/site-packages/airflow/example_dags/example_python_operator.py
[2023-10-13T13:22:02.493+0000] {logging_mixin.py:151} INFO - [2023-10-13T13:22:02.493+0000] {dag.py:2941} INFO - Sync 1 DAGs
[2023-10-13T13:22:02.510+0000] {logging_mixin.py:151} INFO - [2023-10-13T13:22:02.510+0000] {dag.py:3722} INFO - Setting next_dagrun for example_python_operator to None, run_after=None
[2023-10-13T13:22:02.545+0000] {processor.py:179} INFO - Processing /home/airflow/.local/lib/python3.8/site-packages/airflow/example_dags/example_python_operator.py took 0.108 seconds
[2023-10-13T13:22:33.348+0000] {processor.py:157} INFO - Started process (PID=359) to work on /home/airflow/.local/lib/python3.8/site-packages/airflow/example_dags/example_python_operator.py
[2023-10-13T13:22:33.350+0000] {processor.py:829} INFO - Processing file /home/airflow/.local/lib/python3.8/site-packages/airflow/example_dags/example_python_operator.py for tasks to queue
[2023-10-13T13:22:33.353+0000] {logging_mixin.py:151} INFO - [2023-10-13T13:22:33.353+0000] {dagbag.py:536} INFO - Filling up the DagBag from /home/airflow/.local/lib/python3.8/site-packages/airflow/example_dags/example_python_operator.py
[2023-10-13T13:22:33.366+0000] {processor.py:839} INFO - DAG(s) dict_keys(['example_python_operator']) retrieved from /home/airflow/.local/lib/python3.8/site-packages/airflow/example_dags/example_python_operator.py
[2023-10-13T13:22:33.397+0000] {logging_mixin.py:151} INFO - [2023-10-13T13:22:33.396+0000] {dag.py:2941} INFO - Sync 1 DAGs
[2023-10-13T13:22:33.412+0000] {logging_mixin.py:151} INFO - [2023-10-13T13:22:33.411+0000] {dag.py:3722} INFO - Setting next_dagrun for example_python_operator to None, run_after=None
[2023-10-13T13:22:33.443+0000] {processor.py:179} INFO - Processing /home/airflow/.local/lib/python3.8/site-packages/airflow/example_dags/example_python_operator.py took 0.098 seconds
[2023-10-13T13:23:04.152+0000] {processor.py:157} INFO - Started process (PID=413) to work on /home/airflow/.local/lib/python3.8/site-packages/airflow/example_dags/example_python_operator.py
[2023-10-13T13:23:04.154+0000] {processor.py:829} INFO - Processing file /home/airflow/.local/lib/python3.8/site-packages/airflow/example_dags/example_python_operator.py for tasks to queue
[2023-10-13T13:23:04.158+0000] {logging_mixin.py:151} INFO - [2023-10-13T13:23:04.157+0000] {dagbag.py:536} INFO - Filling up the DagBag from /home/airflow/.local/lib/python3.8/site-packages/airflow/example_dags/example_python_operator.py
[2023-10-13T13:23:04.170+0000] {processor.py:839} INFO - DAG(s) dict_keys(['example_python_operator']) retrieved from /home/airflow/.local/lib/python3.8/site-packages/airflow/example_dags/example_python_operator.py
[2023-10-13T13:23:04.201+0000] {logging_mixin.py:151} INFO - [2023-10-13T13:23:04.201+0000] {dag.py:2941} INFO - Sync 1 DAGs
[2023-10-13T13:23:04.217+0000] {logging_mixin.py:151} INFO - [2023-10-13T13:23:04.216+0000] {dag.py:3722} INFO - Setting next_dagrun for example_python_operator to None, run_after=None
[2023-10-13T13:23:04.250+0000] {processor.py:179} INFO - Processing /home/airflow/.local/lib/python3.8/site-packages/airflow/example_dags/example_python_operator.py took 0.101 seconds
[2023-10-13T13:23:34.687+0000] {processor.py:157} INFO - Started process (PID=467) to work on /home/airflow/.local/lib/python3.8/site-packages/airflow/example_dags/example_python_operator.py
[2023-10-13T13:23:34.689+0000] {processor.py:829} INFO - Processing file /home/airflow/.local/lib/python3.8/site-packages/airflow/example_dags/example_python_operator.py for tasks to queue
[2023-10-13T13:23:34.693+0000] {logging_mixin.py:151} INFO - [2023-10-13T13:23:34.692+0000] {dagbag.py:536} INFO - Filling up the DagBag from /home/airflow/.local/lib/python3.8/site-packages/airflow/example_dags/example_python_operator.py
[2023-10-13T13:23:34.707+0000] {processor.py:839} INFO - DAG(s) dict_keys(['example_python_operator']) retrieved from /home/airflow/.local/lib/python3.8/site-packages/airflow/example_dags/example_python_operator.py
[2023-10-13T13:23:34.738+0000] {logging_mixin.py:151} INFO - [2023-10-13T13:23:34.738+0000] {dag.py:2941} INFO - Sync 1 DAGs
[2023-10-13T13:23:34.755+0000] {logging_mixin.py:151} INFO - [2023-10-13T13:23:34.755+0000] {dag.py:3722} INFO - Setting next_dagrun for example_python_operator to None, run_after=None
[2023-10-13T13:23:34.795+0000] {processor.py:179} INFO - Processing /home/airflow/.local/lib/python3.8/site-packages/airflow/example_dags/example_python_operator.py took 0.111 seconds
[2023-10-13T13:24:05.244+0000] {processor.py:157} INFO - Started process (PID=521) to work on /home/airflow/.local/lib/python3.8/site-packages/airflow/example_dags/example_python_operator.py
[2023-10-13T13:24:05.247+0000] {processor.py:829} INFO - Processing file /home/airflow/.local/lib/python3.8/site-packages/airflow/example_dags/example_python_operator.py for tasks to queue
[2023-10-13T13:24:05.250+0000] {logging_mixin.py:151} INFO - [2023-10-13T13:24:05.250+0000] {dagbag.py:536} INFO - Filling up the DagBag from /home/airflow/.local/lib/python3.8/site-packages/airflow/example_dags/example_python_operator.py
[2023-10-13T13:24:05.264+0000] {processor.py:839} INFO - DAG(s) dict_keys(['example_python_operator']) retrieved from /home/airflow/.local/lib/python3.8/site-packages/airflow/example_dags/example_python_operator.py
[2023-10-13T13:24:05.297+0000] {logging_mixin.py:151} INFO - [2023-10-13T13:24:05.297+0000] {dag.py:2941} INFO - Sync 1 DAGs
[2023-10-13T13:24:05.316+0000] {logging_mixin.py:151} INFO - [2023-10-13T13:24:05.316+0000] {dag.py:3722} INFO - Setting next_dagrun for example_python_operator to None, run_after=None
[2023-10-13T13:24:05.349+0000] {processor.py:179} INFO - Processing /home/airflow/.local/lib/python3.8/site-packages/airflow/example_dags/example_python_operator.py took 0.109 seconds
[2023-10-13T13:24:35.546+0000] {processor.py:157} INFO - Started process (PID=575) to work on /home/airflow/.local/lib/python3.8/site-packages/airflow/example_dags/example_python_operator.py
[2023-10-13T13:24:35.549+0000] {processor.py:829} INFO - Processing file /home/airflow/.local/lib/python3.8/site-packages/airflow/example_dags/example_python_operator.py for tasks to queue
[2023-10-13T13:24:35.552+0000] {logging_mixin.py:151} INFO - [2023-10-13T13:24:35.552+0000] {dagbag.py:536} INFO - Filling up the DagBag from /home/airflow/.local/lib/python3.8/site-packages/airflow/example_dags/example_python_operator.py
[2023-10-13T13:24:35.566+0000] {processor.py:839} INFO - DAG(s) dict_keys(['example_python_operator']) retrieved from /home/airflow/.local/lib/python3.8/site-packages/airflow/example_dags/example_python_operator.py
[2023-10-13T13:24:35.600+0000] {logging_mixin.py:151} INFO - [2023-10-13T13:24:35.599+0000] {dag.py:2941} INFO - Sync 1 DAGs
[2023-10-13T13:24:35.616+0000] {logging_mixin.py:151} INFO - [2023-10-13T13:24:35.616+0000] {dag.py:3722} INFO - Setting next_dagrun for example_python_operator to None, run_after=None
[2023-10-13T13:24:35.649+0000] {processor.py:179} INFO - Processing /home/airflow/.local/lib/python3.8/site-packages/airflow/example_dags/example_python_operator.py took 0.107 seconds
[2023-10-13T13:25:06.382+0000] {processor.py:157} INFO - Started process (PID=629) to work on /home/airflow/.local/lib/python3.8/site-packages/airflow/example_dags/example_python_operator.py
[2023-10-13T13:25:06.384+0000] {processor.py:829} INFO - Processing file /home/airflow/.local/lib/python3.8/site-packages/airflow/example_dags/example_python_operator.py for tasks to queue
[2023-10-13T13:25:06.390+0000] {logging_mixin.py:151} INFO - [2023-10-13T13:25:06.389+0000] {dagbag.py:536} INFO - Filling up the DagBag from /home/airflow/.local/lib/python3.8/site-packages/airflow/example_dags/example_python_operator.py
[2023-10-13T13:25:06.406+0000] {processor.py:839} INFO - DAG(s) dict_keys(['example_python_operator']) retrieved from /home/airflow/.local/lib/python3.8/site-packages/airflow/example_dags/example_python_operator.py
[2023-10-13T13:25:06.484+0000] {logging_mixin.py:151} INFO - [2023-10-13T13:25:06.483+0000] {dag.py:2941} INFO - Sync 1 DAGs
[2023-10-13T13:25:06.502+0000] {logging_mixin.py:151} INFO - [2023-10-13T13:25:06.501+0000] {dag.py:3722} INFO - Setting next_dagrun for example_python_operator to None, run_after=None
[2023-10-13T13:25:06.600+0000] {processor.py:179} INFO - Processing /home/airflow/.local/lib/python3.8/site-packages/airflow/example_dags/example_python_operator.py took 0.227 seconds
[2023-10-13T13:25:37.560+0000] {processor.py:157} INFO - Started process (PID=683) to work on /home/airflow/.local/lib/python3.8/site-packages/airflow/example_dags/example_python_operator.py
[2023-10-13T13:25:37.563+0000] {processor.py:829} INFO - Processing file /home/airflow/.local/lib/python3.8/site-packages/airflow/example_dags/example_python_operator.py for tasks to queue
[2023-10-13T13:25:37.567+0000] {logging_mixin.py:151} INFO - [2023-10-13T13:25:37.566+0000] {dagbag.py:536} INFO - Filling up the DagBag from /home/airflow/.local/lib/python3.8/site-packages/airflow/example_dags/example_python_operator.py
[2023-10-13T13:25:37.583+0000] {processor.py:839} INFO - DAG(s) dict_keys(['example_python_operator']) retrieved from /home/airflow/.local/lib/python3.8/site-packages/airflow/example_dags/example_python_operator.py
[2023-10-13T13:25:37.625+0000] {logging_mixin.py:151} INFO - [2023-10-13T13:25:37.625+0000] {dag.py:2941} INFO - Sync 1 DAGs
[2023-10-13T13:25:37.656+0000] {logging_mixin.py:151} INFO - [2023-10-13T13:25:37.655+0000] {dag.py:3722} INFO - Setting next_dagrun for example_python_operator to None, run_after=None
[2023-10-13T13:25:37.690+0000] {processor.py:179} INFO - Processing /home/airflow/.local/lib/python3.8/site-packages/airflow/example_dags/example_python_operator.py took 0.135 seconds
[2023-10-13T13:26:08.415+0000] {processor.py:157} INFO - Started process (PID=737) to work on /home/airflow/.local/lib/python3.8/site-packages/airflow/example_dags/example_python_operator.py
[2023-10-13T13:26:08.417+0000] {processor.py:829} INFO - Processing file /home/airflow/.local/lib/python3.8/site-packages/airflow/example_dags/example_python_operator.py for tasks to queue
[2023-10-13T13:26:08.421+0000] {logging_mixin.py:151} INFO - [2023-10-13T13:26:08.420+0000] {dagbag.py:536} INFO - Filling up the DagBag from /home/airflow/.local/lib/python3.8/site-packages/airflow/example_dags/example_python_operator.py
[2023-10-13T13:26:08.441+0000] {processor.py:839} INFO - DAG(s) dict_keys(['example_python_operator']) retrieved from /home/airflow/.local/lib/python3.8/site-packages/airflow/example_dags/example_python_operator.py
[2023-10-13T13:26:08.500+0000] {logging_mixin.py:151} INFO - [2023-10-13T13:26:08.500+0000] {dag.py:2941} INFO - Sync 1 DAGs
[2023-10-13T13:26:08.524+0000] {logging_mixin.py:151} INFO - [2023-10-13T13:26:08.523+0000] {dag.py:3722} INFO - Setting next_dagrun for example_python_operator to None, run_after=None
[2023-10-13T13:26:08.569+0000] {processor.py:179} INFO - Processing /home/airflow/.local/lib/python3.8/site-packages/airflow/example_dags/example_python_operator.py took 0.160 seconds
[2023-10-13T13:26:41.068+0000] {processor.py:157} INFO - Started process (PID=798) to work on /home/airflow/.local/lib/python3.8/site-packages/airflow/example_dags/example_python_operator.py
[2023-10-13T13:26:41.076+0000] {processor.py:829} INFO - Processing file /home/airflow/.local/lib/python3.8/site-packages/airflow/example_dags/example_python_operator.py for tasks to queue
[2023-10-13T13:26:41.087+0000] {logging_mixin.py:151} INFO - [2023-10-13T13:26:41.086+0000] {dagbag.py:536} INFO - Filling up the DagBag from /home/airflow/.local/lib/python3.8/site-packages/airflow/example_dags/example_python_operator.py
[2023-10-13T13:26:41.124+0000] {processor.py:839} INFO - DAG(s) dict_keys(['example_python_operator']) retrieved from /home/airflow/.local/lib/python3.8/site-packages/airflow/example_dags/example_python_operator.py
[2023-10-13T13:26:41.193+0000] {logging_mixin.py:151} INFO - [2023-10-13T13:26:41.192+0000] {dag.py:2941} INFO - Sync 1 DAGs
[2023-10-13T13:26:41.218+0000] {logging_mixin.py:151} INFO - [2023-10-13T13:26:41.218+0000] {dag.py:3722} INFO - Setting next_dagrun for example_python_operator to None, run_after=None
[2023-10-13T13:26:41.254+0000] {processor.py:179} INFO - Processing /home/airflow/.local/lib/python3.8/site-packages/airflow/example_dags/example_python_operator.py took 0.195 seconds
[2023-10-13T13:27:11.814+0000] {processor.py:157} INFO - Started process (PID=852) to work on /home/airflow/.local/lib/python3.8/site-packages/airflow/example_dags/example_python_operator.py
[2023-10-13T13:27:11.817+0000] {processor.py:829} INFO - Processing file /home/airflow/.local/lib/python3.8/site-packages/airflow/example_dags/example_python_operator.py for tasks to queue
[2023-10-13T13:27:11.821+0000] {logging_mixin.py:151} INFO - [2023-10-13T13:27:11.820+0000] {dagbag.py:536} INFO - Filling up the DagBag from /home/airflow/.local/lib/python3.8/site-packages/airflow/example_dags/example_python_operator.py
[2023-10-13T13:27:11.834+0000] {processor.py:839} INFO - DAG(s) dict_keys(['example_python_operator']) retrieved from /home/airflow/.local/lib/python3.8/site-packages/airflow/example_dags/example_python_operator.py
[2023-10-13T13:27:11.868+0000] {logging_mixin.py:151} INFO - [2023-10-13T13:27:11.867+0000] {dag.py:2941} INFO - Sync 1 DAGs
[2023-10-13T13:27:11.887+0000] {logging_mixin.py:151} INFO - [2023-10-13T13:27:11.886+0000] {dag.py:3722} INFO - Setting next_dagrun for example_python_operator to None, run_after=None
[2023-10-13T13:27:11.923+0000] {processor.py:179} INFO - Processing /home/airflow/.local/lib/python3.8/site-packages/airflow/example_dags/example_python_operator.py took 0.112 seconds
[2023-10-13T13:27:42.274+0000] {processor.py:157} INFO - Started process (PID=906) to work on /home/airflow/.local/lib/python3.8/site-packages/airflow/example_dags/example_python_operator.py
[2023-10-13T13:27:42.276+0000] {processor.py:829} INFO - Processing file /home/airflow/.local/lib/python3.8/site-packages/airflow/example_dags/example_python_operator.py for tasks to queue
[2023-10-13T13:27:42.279+0000] {logging_mixin.py:151} INFO - [2023-10-13T13:27:42.279+0000] {dagbag.py:536} INFO - Filling up the DagBag from /home/airflow/.local/lib/python3.8/site-packages/airflow/example_dags/example_python_operator.py
[2023-10-13T13:27:42.292+0000] {processor.py:839} INFO - DAG(s) dict_keys(['example_python_operator']) retrieved from /home/airflow/.local/lib/python3.8/site-packages/airflow/example_dags/example_python_operator.py
[2023-10-13T13:27:42.332+0000] {logging_mixin.py:151} INFO - [2023-10-13T13:27:42.331+0000] {dag.py:2941} INFO - Sync 1 DAGs
[2023-10-13T13:27:42.351+0000] {logging_mixin.py:151} INFO - [2023-10-13T13:27:42.351+0000] {dag.py:3722} INFO - Setting next_dagrun for example_python_operator to None, run_after=None
[2023-10-13T13:27:42.383+0000] {processor.py:179} INFO - Processing /home/airflow/.local/lib/python3.8/site-packages/airflow/example_dags/example_python_operator.py took 0.112 seconds
[2023-10-13T13:28:14.921+0000] {processor.py:157} INFO - Started process (PID=960) to work on /home/airflow/.local/lib/python3.8/site-packages/airflow/example_dags/example_python_operator.py
[2023-10-13T13:28:14.924+0000] {processor.py:829} INFO - Processing file /home/airflow/.local/lib/python3.8/site-packages/airflow/example_dags/example_python_operator.py for tasks to queue
[2023-10-13T13:28:14.928+0000] {logging_mixin.py:151} INFO - [2023-10-13T13:28:14.928+0000] {dagbag.py:536} INFO - Filling up the DagBag from /home/airflow/.local/lib/python3.8/site-packages/airflow/example_dags/example_python_operator.py
[2023-10-13T13:28:14.952+0000] {processor.py:839} INFO - DAG(s) dict_keys(['example_python_operator']) retrieved from /home/airflow/.local/lib/python3.8/site-packages/airflow/example_dags/example_python_operator.py
[2023-10-13T13:28:14.994+0000] {logging_mixin.py:151} INFO - [2023-10-13T13:28:14.994+0000] {dag.py:2941} INFO - Sync 1 DAGs
[2023-10-13T13:28:15.016+0000] {logging_mixin.py:151} INFO - [2023-10-13T13:28:15.015+0000] {dag.py:3722} INFO - Setting next_dagrun for example_python_operator to None, run_after=None
[2023-10-13T13:28:15.461+0000] {processor.py:179} INFO - Processing /home/airflow/.local/lib/python3.8/site-packages/airflow/example_dags/example_python_operator.py took 0.547 seconds
[2023-10-13T13:28:46.073+0000] {processor.py:157} INFO - Started process (PID=1014) to work on /home/airflow/.local/lib/python3.8/site-packages/airflow/example_dags/example_python_operator.py
[2023-10-13T13:28:46.076+0000] {processor.py:829} INFO - Processing file /home/airflow/.local/lib/python3.8/site-packages/airflow/example_dags/example_python_operator.py for tasks to queue
[2023-10-13T13:28:46.080+0000] {logging_mixin.py:151} INFO - [2023-10-13T13:28:46.079+0000] {dagbag.py:536} INFO - Filling up the DagBag from /home/airflow/.local/lib/python3.8/site-packages/airflow/example_dags/example_python_operator.py
[2023-10-13T13:28:46.100+0000] {processor.py:839} INFO - DAG(s) dict_keys(['example_python_operator']) retrieved from /home/airflow/.local/lib/python3.8/site-packages/airflow/example_dags/example_python_operator.py
[2023-10-13T13:28:46.142+0000] {logging_mixin.py:151} INFO - [2023-10-13T13:28:46.142+0000] {dag.py:2941} INFO - Sync 1 DAGs
[2023-10-13T13:28:46.165+0000] {logging_mixin.py:151} INFO - [2023-10-13T13:28:46.165+0000] {dag.py:3722} INFO - Setting next_dagrun for example_python_operator to None, run_after=None
[2023-10-13T13:28:46.199+0000] {processor.py:179} INFO - Processing /home/airflow/.local/lib/python3.8/site-packages/airflow/example_dags/example_python_operator.py took 0.131 seconds
[2023-10-13T13:29:16.412+0000] {processor.py:157} INFO - Started process (PID=1068) to work on /home/airflow/.local/lib/python3.8/site-packages/airflow/example_dags/example_python_operator.py
[2023-10-13T13:29:16.415+0000] {processor.py:829} INFO - Processing file /home/airflow/.local/lib/python3.8/site-packages/airflow/example_dags/example_python_operator.py for tasks to queue
[2023-10-13T13:29:16.419+0000] {logging_mixin.py:151} INFO - [2023-10-13T13:29:16.419+0000] {dagbag.py:536} INFO - Filling up the DagBag from /home/airflow/.local/lib/python3.8/site-packages/airflow/example_dags/example_python_operator.py
[2023-10-13T13:29:16.439+0000] {processor.py:839} INFO - DAG(s) dict_keys(['example_python_operator']) retrieved from /home/airflow/.local/lib/python3.8/site-packages/airflow/example_dags/example_python_operator.py
[2023-10-13T13:29:16.481+0000] {logging_mixin.py:151} INFO - [2023-10-13T13:29:16.480+0000] {dag.py:2941} INFO - Sync 1 DAGs
[2023-10-13T13:29:16.509+0000] {logging_mixin.py:151} INFO - [2023-10-13T13:29:16.509+0000] {dag.py:3722} INFO - Setting next_dagrun for example_python_operator to None, run_after=None
[2023-10-13T13:29:16.543+0000] {processor.py:179} INFO - Processing /home/airflow/.local/lib/python3.8/site-packages/airflow/example_dags/example_python_operator.py took 0.136 seconds
[2023-10-13T13:29:46.732+0000] {processor.py:157} INFO - Started process (PID=1122) to work on /home/airflow/.local/lib/python3.8/site-packages/airflow/example_dags/example_python_operator.py
[2023-10-13T13:29:46.734+0000] {processor.py:829} INFO - Processing file /home/airflow/.local/lib/python3.8/site-packages/airflow/example_dags/example_python_operator.py for tasks to queue
[2023-10-13T13:29:46.737+0000] {logging_mixin.py:151} INFO - [2023-10-13T13:29:46.737+0000] {dagbag.py:536} INFO - Filling up the DagBag from /home/airflow/.local/lib/python3.8/site-packages/airflow/example_dags/example_python_operator.py
[2023-10-13T13:29:46.752+0000] {processor.py:839} INFO - DAG(s) dict_keys(['example_python_operator']) retrieved from /home/airflow/.local/lib/python3.8/site-packages/airflow/example_dags/example_python_operator.py
[2023-10-13T13:29:46.808+0000] {logging_mixin.py:151} INFO - [2023-10-13T13:29:46.808+0000] {dag.py:2941} INFO - Sync 1 DAGs
[2023-10-13T13:29:54.742+0000] {logging_mixin.py:151} INFO - [2023-10-13T13:29:54.742+0000] {dag.py:3722} INFO - Setting next_dagrun for example_python_operator to None, run_after=None
[2023-10-13T13:29:54.985+0000] {processor.py:179} INFO - Processing /home/airflow/.local/lib/python3.8/site-packages/airflow/example_dags/example_python_operator.py took 8.258 seconds
[2023-10-13T13:30:25.720+0000] {processor.py:157} INFO - Started process (PID=1176) to work on /home/airflow/.local/lib/python3.8/site-packages/airflow/example_dags/example_python_operator.py
[2023-10-13T13:30:25.722+0000] {processor.py:829} INFO - Processing file /home/airflow/.local/lib/python3.8/site-packages/airflow/example_dags/example_python_operator.py for tasks to queue
[2023-10-13T13:30:25.727+0000] {logging_mixin.py:151} INFO - [2023-10-13T13:30:25.727+0000] {dagbag.py:536} INFO - Filling up the DagBag from /home/airflow/.local/lib/python3.8/site-packages/airflow/example_dags/example_python_operator.py
[2023-10-13T13:30:25.744+0000] {processor.py:839} INFO - DAG(s) dict_keys(['example_python_operator']) retrieved from /home/airflow/.local/lib/python3.8/site-packages/airflow/example_dags/example_python_operator.py
[2023-10-13T13:30:25.778+0000] {logging_mixin.py:151} INFO - [2023-10-13T13:30:25.778+0000] {dag.py:2941} INFO - Sync 1 DAGs
[2023-10-13T13:30:25.796+0000] {logging_mixin.py:151} INFO - [2023-10-13T13:30:25.795+0000] {dag.py:3722} INFO - Setting next_dagrun for example_python_operator to None, run_after=None
[2023-10-13T13:30:26.052+0000] {processor.py:179} INFO - Processing /home/airflow/.local/lib/python3.8/site-packages/airflow/example_dags/example_python_operator.py took 0.338 seconds
[2023-10-13T13:30:56.724+0000] {processor.py:157} INFO - Started process (PID=1230) to work on /home/airflow/.local/lib/python3.8/site-packages/airflow/example_dags/example_python_operator.py
[2023-10-13T13:30:56.726+0000] {processor.py:829} INFO - Processing file /home/airflow/.local/lib/python3.8/site-packages/airflow/example_dags/example_python_operator.py for tasks to queue
[2023-10-13T13:30:56.730+0000] {logging_mixin.py:151} INFO - [2023-10-13T13:30:56.729+0000] {dagbag.py:536} INFO - Filling up the DagBag from /home/airflow/.local/lib/python3.8/site-packages/airflow/example_dags/example_python_operator.py
[2023-10-13T13:30:56.744+0000] {processor.py:839} INFO - DAG(s) dict_keys(['example_python_operator']) retrieved from /home/airflow/.local/lib/python3.8/site-packages/airflow/example_dags/example_python_operator.py
[2023-10-13T13:30:56.793+0000] {logging_mixin.py:151} INFO - [2023-10-13T13:30:56.793+0000] {dag.py:2941} INFO - Sync 1 DAGs
[2023-10-13T13:30:56.819+0000] {logging_mixin.py:151} INFO - [2023-10-13T13:30:56.819+0000] {dag.py:3722} INFO - Setting next_dagrun for example_python_operator to None, run_after=None
[2023-10-13T13:30:56.865+0000] {processor.py:179} INFO - Processing /home/airflow/.local/lib/python3.8/site-packages/airflow/example_dags/example_python_operator.py took 0.147 seconds
[2023-10-13T13:31:27.200+0000] {processor.py:157} INFO - Started process (PID=1284) to work on /home/airflow/.local/lib/python3.8/site-packages/airflow/example_dags/example_python_operator.py
[2023-10-13T13:31:27.202+0000] {processor.py:829} INFO - Processing file /home/airflow/.local/lib/python3.8/site-packages/airflow/example_dags/example_python_operator.py for tasks to queue
[2023-10-13T13:31:27.206+0000] {logging_mixin.py:151} INFO - [2023-10-13T13:31:27.206+0000] {dagbag.py:536} INFO - Filling up the DagBag from /home/airflow/.local/lib/python3.8/site-packages/airflow/example_dags/example_python_operator.py
[2023-10-13T13:31:27.223+0000] {processor.py:839} INFO - DAG(s) dict_keys(['example_python_operator']) retrieved from /home/airflow/.local/lib/python3.8/site-packages/airflow/example_dags/example_python_operator.py
[2023-10-13T13:31:27.451+0000] {logging_mixin.py:151} INFO - [2023-10-13T13:31:27.451+0000] {dag.py:2941} INFO - Sync 1 DAGs
[2023-10-13T13:31:27.490+0000] {logging_mixin.py:151} INFO - [2023-10-13T13:31:27.490+0000] {dag.py:3722} INFO - Setting next_dagrun for example_python_operator to None, run_after=None
[2023-10-13T13:31:27.529+0000] {processor.py:179} INFO - Processing /home/airflow/.local/lib/python3.8/site-packages/airflow/example_dags/example_python_operator.py took 0.335 seconds
[2023-10-13T13:31:57.826+0000] {processor.py:157} INFO - Started process (PID=1338) to work on /home/airflow/.local/lib/python3.8/site-packages/airflow/example_dags/example_python_operator.py
[2023-10-13T13:31:57.827+0000] {processor.py:829} INFO - Processing file /home/airflow/.local/lib/python3.8/site-packages/airflow/example_dags/example_python_operator.py for tasks to queue
[2023-10-13T13:31:57.831+0000] {logging_mixin.py:151} INFO - [2023-10-13T13:31:57.830+0000] {dagbag.py:536} INFO - Filling up the DagBag from /home/airflow/.local/lib/python3.8/site-packages/airflow/example_dags/example_python_operator.py
[2023-10-13T13:31:57.847+0000] {processor.py:839} INFO - DAG(s) dict_keys(['example_python_operator']) retrieved from /home/airflow/.local/lib/python3.8/site-packages/airflow/example_dags/example_python_operator.py
[2023-10-13T13:31:57.889+0000] {logging_mixin.py:151} INFO - [2023-10-13T13:31:57.889+0000] {dag.py:2941} INFO - Sync 1 DAGs
[2023-10-13T13:31:58.102+0000] {logging_mixin.py:151} INFO - [2023-10-13T13:31:58.102+0000] {dag.py:3722} INFO - Setting next_dagrun for example_python_operator to None, run_after=None
[2023-10-13T13:31:58.133+0000] {processor.py:179} INFO - Processing /home/airflow/.local/lib/python3.8/site-packages/airflow/example_dags/example_python_operator.py took 0.312 seconds
[2023-10-13T13:32:28.415+0000] {processor.py:157} INFO - Started process (PID=1392) to work on /home/airflow/.local/lib/python3.8/site-packages/airflow/example_dags/example_python_operator.py
[2023-10-13T13:32:28.426+0000] {processor.py:829} INFO - Processing file /home/airflow/.local/lib/python3.8/site-packages/airflow/example_dags/example_python_operator.py for tasks to queue
[2023-10-13T13:32:28.431+0000] {logging_mixin.py:151} INFO - [2023-10-13T13:32:28.430+0000] {dagbag.py:536} INFO - Filling up the DagBag from /home/airflow/.local/lib/python3.8/site-packages/airflow/example_dags/example_python_operator.py
[2023-10-13T13:32:28.680+0000] {processor.py:839} INFO - DAG(s) dict_keys(['example_python_operator']) retrieved from /home/airflow/.local/lib/python3.8/site-packages/airflow/example_dags/example_python_operator.py
[2023-10-13T13:32:28.714+0000] {logging_mixin.py:151} INFO - [2023-10-13T13:32:28.714+0000] {dag.py:2941} INFO - Sync 1 DAGs
[2023-10-13T13:32:28.731+0000] {logging_mixin.py:151} INFO - [2023-10-13T13:32:28.731+0000] {dag.py:3722} INFO - Setting next_dagrun for example_python_operator to None, run_after=None
[2023-10-13T13:32:28.856+0000] {processor.py:179} INFO - Processing /home/airflow/.local/lib/python3.8/site-packages/airflow/example_dags/example_python_operator.py took 0.447 seconds
[2023-10-13T13:32:59.099+0000] {processor.py:157} INFO - Started process (PID=1446) to work on /home/airflow/.local/lib/python3.8/site-packages/airflow/example_dags/example_python_operator.py
[2023-10-13T13:32:59.102+0000] {processor.py:829} INFO - Processing file /home/airflow/.local/lib/python3.8/site-packages/airflow/example_dags/example_python_operator.py for tasks to queue
[2023-10-13T13:32:59.107+0000] {logging_mixin.py:151} INFO - [2023-10-13T13:32:59.107+0000] {dagbag.py:536} INFO - Filling up the DagBag from /home/airflow/.local/lib/python3.8/site-packages/airflow/example_dags/example_python_operator.py
[2023-10-13T13:32:59.123+0000] {processor.py:839} INFO - DAG(s) dict_keys(['example_python_operator']) retrieved from /home/airflow/.local/lib/python3.8/site-packages/airflow/example_dags/example_python_operator.py
[2023-10-13T13:32:59.165+0000] {logging_mixin.py:151} INFO - [2023-10-13T13:32:59.165+0000] {dag.py:2941} INFO - Sync 1 DAGs
[2023-10-13T13:32:59.182+0000] {logging_mixin.py:151} INFO - [2023-10-13T13:32:59.182+0000] {dag.py:3722} INFO - Setting next_dagrun for example_python_operator to None, run_after=None
[2023-10-13T13:32:59.212+0000] {processor.py:179} INFO - Processing /home/airflow/.local/lib/python3.8/site-packages/airflow/example_dags/example_python_operator.py took 0.117 seconds
[2023-10-13T13:33:29.492+0000] {processor.py:157} INFO - Started process (PID=1500) to work on /home/airflow/.local/lib/python3.8/site-packages/airflow/example_dags/example_python_operator.py
[2023-10-13T13:33:29.494+0000] {processor.py:829} INFO - Processing file /home/airflow/.local/lib/python3.8/site-packages/airflow/example_dags/example_python_operator.py for tasks to queue
[2023-10-13T13:33:29.499+0000] {logging_mixin.py:151} INFO - [2023-10-13T13:33:29.498+0000] {dagbag.py:536} INFO - Filling up the DagBag from /home/airflow/.local/lib/python3.8/site-packages/airflow/example_dags/example_python_operator.py
[2023-10-13T13:33:29.516+0000] {processor.py:839} INFO - DAG(s) dict_keys(['example_python_operator']) retrieved from /home/airflow/.local/lib/python3.8/site-packages/airflow/example_dags/example_python_operator.py
[2023-10-13T13:33:29.551+0000] {logging_mixin.py:151} INFO - [2023-10-13T13:33:29.550+0000] {dag.py:2941} INFO - Sync 1 DAGs
[2023-10-13T13:33:29.570+0000] {logging_mixin.py:151} INFO - [2023-10-13T13:33:29.569+0000] {dag.py:3722} INFO - Setting next_dagrun for example_python_operator to None, run_after=None
[2023-10-13T13:33:29.604+0000] {processor.py:179} INFO - Processing /home/airflow/.local/lib/python3.8/site-packages/airflow/example_dags/example_python_operator.py took 0.117 seconds
[2023-10-13T13:33:59.892+0000] {processor.py:157} INFO - Started process (PID=1555) to work on /home/airflow/.local/lib/python3.8/site-packages/airflow/example_dags/example_python_operator.py
[2023-10-13T13:33:59.894+0000] {processor.py:829} INFO - Processing file /home/airflow/.local/lib/python3.8/site-packages/airflow/example_dags/example_python_operator.py for tasks to queue
[2023-10-13T13:33:59.898+0000] {logging_mixin.py:151} INFO - [2023-10-13T13:33:59.897+0000] {dagbag.py:536} INFO - Filling up the DagBag from /home/airflow/.local/lib/python3.8/site-packages/airflow/example_dags/example_python_operator.py
[2023-10-13T13:33:59.913+0000] {processor.py:839} INFO - DAG(s) dict_keys(['example_python_operator']) retrieved from /home/airflow/.local/lib/python3.8/site-packages/airflow/example_dags/example_python_operator.py
[2023-10-13T13:33:59.946+0000] {logging_mixin.py:151} INFO - [2023-10-13T13:33:59.945+0000] {dag.py:2941} INFO - Sync 1 DAGs
[2023-10-13T13:33:59.962+0000] {logging_mixin.py:151} INFO - [2023-10-13T13:33:59.962+0000] {dag.py:3722} INFO - Setting next_dagrun for example_python_operator to None, run_after=None
[2023-10-13T13:33:59.998+0000] {processor.py:179} INFO - Processing /home/airflow/.local/lib/python3.8/site-packages/airflow/example_dags/example_python_operator.py took 0.110 seconds
[2023-10-13T13:34:30.383+0000] {processor.py:157} INFO - Started process (PID=1610) to work on /home/airflow/.local/lib/python3.8/site-packages/airflow/example_dags/example_python_operator.py
[2023-10-13T13:34:30.386+0000] {processor.py:829} INFO - Processing file /home/airflow/.local/lib/python3.8/site-packages/airflow/example_dags/example_python_operator.py for tasks to queue
[2023-10-13T13:34:30.390+0000] {logging_mixin.py:151} INFO - [2023-10-13T13:34:30.389+0000] {dagbag.py:536} INFO - Filling up the DagBag from /home/airflow/.local/lib/python3.8/site-packages/airflow/example_dags/example_python_operator.py
[2023-10-13T13:34:30.405+0000] {processor.py:839} INFO - DAG(s) dict_keys(['example_python_operator']) retrieved from /home/airflow/.local/lib/python3.8/site-packages/airflow/example_dags/example_python_operator.py
[2023-10-13T13:34:30.440+0000] {logging_mixin.py:151} INFO - [2023-10-13T13:34:30.440+0000] {dag.py:2941} INFO - Sync 1 DAGs
[2023-10-13T13:34:30.459+0000] {logging_mixin.py:151} INFO - [2023-10-13T13:34:30.459+0000] {dag.py:3722} INFO - Setting next_dagrun for example_python_operator to None, run_after=None
[2023-10-13T13:34:30.493+0000] {processor.py:179} INFO - Processing /home/airflow/.local/lib/python3.8/site-packages/airflow/example_dags/example_python_operator.py took 0.115 seconds
[2023-10-13T13:35:01.312+0000] {processor.py:157} INFO - Started process (PID=1664) to work on /home/airflow/.local/lib/python3.8/site-packages/airflow/example_dags/example_python_operator.py
[2023-10-13T13:35:01.314+0000] {processor.py:829} INFO - Processing file /home/airflow/.local/lib/python3.8/site-packages/airflow/example_dags/example_python_operator.py for tasks to queue
[2023-10-13T13:35:01.318+0000] {logging_mixin.py:151} INFO - [2023-10-13T13:35:01.317+0000] {dagbag.py:536} INFO - Filling up the DagBag from /home/airflow/.local/lib/python3.8/site-packages/airflow/example_dags/example_python_operator.py
[2023-10-13T13:35:01.337+0000] {processor.py:839} INFO - DAG(s) dict_keys(['example_python_operator']) retrieved from /home/airflow/.local/lib/python3.8/site-packages/airflow/example_dags/example_python_operator.py
[2023-10-13T13:35:01.371+0000] {logging_mixin.py:151} INFO - [2023-10-13T13:35:01.371+0000] {dag.py:2941} INFO - Sync 1 DAGs
[2023-10-13T13:35:01.388+0000] {logging_mixin.py:151} INFO - [2023-10-13T13:35:01.388+0000] {dag.py:3722} INFO - Setting next_dagrun for example_python_operator to None, run_after=None
[2023-10-13T13:35:01.414+0000] {processor.py:179} INFO - Processing /home/airflow/.local/lib/python3.8/site-packages/airflow/example_dags/example_python_operator.py took 0.108 seconds
[2023-10-13T13:35:31.819+0000] {processor.py:157} INFO - Started process (PID=1718) to work on /home/airflow/.local/lib/python3.8/site-packages/airflow/example_dags/example_python_operator.py
[2023-10-13T13:35:31.822+0000] {processor.py:829} INFO - Processing file /home/airflow/.local/lib/python3.8/site-packages/airflow/example_dags/example_python_operator.py for tasks to queue
[2023-10-13T13:35:31.827+0000] {logging_mixin.py:151} INFO - [2023-10-13T13:35:31.826+0000] {dagbag.py:536} INFO - Filling up the DagBag from /home/airflow/.local/lib/python3.8/site-packages/airflow/example_dags/example_python_operator.py
[2023-10-13T13:35:31.841+0000] {processor.py:839} INFO - DAG(s) dict_keys(['example_python_operator']) retrieved from /home/airflow/.local/lib/python3.8/site-packages/airflow/example_dags/example_python_operator.py
[2023-10-13T13:35:31.874+0000] {logging_mixin.py:151} INFO - [2023-10-13T13:35:31.874+0000] {dag.py:2941} INFO - Sync 1 DAGs
[2023-10-13T13:35:31.892+0000] {logging_mixin.py:151} INFO - [2023-10-13T13:35:31.891+0000] {dag.py:3722} INFO - Setting next_dagrun for example_python_operator to None, run_after=None
[2023-10-13T13:35:31.922+0000] {processor.py:179} INFO - Processing /home/airflow/.local/lib/python3.8/site-packages/airflow/example_dags/example_python_operator.py took 0.108 seconds
[2023-10-13T13:36:01.999+0000] {processor.py:157} INFO - Started process (PID=1772) to work on /home/airflow/.local/lib/python3.8/site-packages/airflow/example_dags/example_python_operator.py
[2023-10-13T13:36:02.001+0000] {processor.py:829} INFO - Processing file /home/airflow/.local/lib/python3.8/site-packages/airflow/example_dags/example_python_operator.py for tasks to queue
[2023-10-13T13:36:02.005+0000] {logging_mixin.py:151} INFO - [2023-10-13T13:36:02.004+0000] {dagbag.py:536} INFO - Filling up the DagBag from /home/airflow/.local/lib/python3.8/site-packages/airflow/example_dags/example_python_operator.py
[2023-10-13T13:36:02.022+0000] {processor.py:839} INFO - DAG(s) dict_keys(['example_python_operator']) retrieved from /home/airflow/.local/lib/python3.8/site-packages/airflow/example_dags/example_python_operator.py
[2023-10-13T13:36:02.065+0000] {logging_mixin.py:151} INFO - [2023-10-13T13:36:02.065+0000] {dag.py:2941} INFO - Sync 1 DAGs
[2023-10-13T13:36:02.088+0000] {logging_mixin.py:151} INFO - [2023-10-13T13:36:02.088+0000] {dag.py:3722} INFO - Setting next_dagrun for example_python_operator to None, run_after=None
[2023-10-13T13:36:02.179+0000] {processor.py:179} INFO - Processing /home/airflow/.local/lib/python3.8/site-packages/airflow/example_dags/example_python_operator.py took 0.187 seconds
[2023-10-13T13:36:33.179+0000] {processor.py:157} INFO - Started process (PID=1825) to work on /home/airflow/.local/lib/python3.8/site-packages/airflow/example_dags/example_python_operator.py
[2023-10-13T13:36:33.181+0000] {processor.py:829} INFO - Processing file /home/airflow/.local/lib/python3.8/site-packages/airflow/example_dags/example_python_operator.py for tasks to queue
[2023-10-13T13:36:33.185+0000] {logging_mixin.py:151} INFO - [2023-10-13T13:36:33.185+0000] {dagbag.py:536} INFO - Filling up the DagBag from /home/airflow/.local/lib/python3.8/site-packages/airflow/example_dags/example_python_operator.py
[2023-10-13T13:36:33.202+0000] {processor.py:839} INFO - DAG(s) dict_keys(['example_python_operator']) retrieved from /home/airflow/.local/lib/python3.8/site-packages/airflow/example_dags/example_python_operator.py
[2023-10-13T13:36:33.237+0000] {logging_mixin.py:151} INFO - [2023-10-13T13:36:33.236+0000] {dag.py:2941} INFO - Sync 1 DAGs
[2023-10-13T13:36:33.255+0000] {logging_mixin.py:151} INFO - [2023-10-13T13:36:33.255+0000] {dag.py:3722} INFO - Setting next_dagrun for example_python_operator to None, run_after=None
[2023-10-13T13:36:33.291+0000] {processor.py:179} INFO - Processing /home/airflow/.local/lib/python3.8/site-packages/airflow/example_dags/example_python_operator.py took 0.116 seconds
