[2023-10-13T13:19:33.963+0000] {processor.py:157} INFO - Started process (PID=55) to work on /home/airflow/.local/lib/python3.8/site-packages/airflow/example_dags/example_latest_only.py
[2023-10-13T13:19:34.007+0000] {processor.py:829} INFO - Processing file /home/airflow/.local/lib/python3.8/site-packages/airflow/example_dags/example_latest_only.py for tasks to queue
[2023-10-13T13:19:34.014+0000] {logging_mixin.py:151} INFO - [2023-10-13T13:19:34.013+0000] {dagbag.py:536} INFO - Filling up the DagBag from /home/airflow/.local/lib/python3.8/site-packages/airflow/example_dags/example_latest_only.py
[2023-10-13T13:19:34.048+0000] {processor.py:839} INFO - DAG(s) dict_keys(['latest_only']) retrieved from /home/airflow/.local/lib/python3.8/site-packages/airflow/example_dags/example_latest_only.py
[2023-10-13T13:19:34.217+0000] {logging_mixin.py:151} INFO - [2023-10-13T13:19:34.217+0000] {dag.py:2941} INFO - Sync 1 DAGs
[2023-10-13T13:19:34.415+0000] {logging_mixin.py:151} INFO - [2023-10-13T13:19:34.415+0000] {dag.py:3722} INFO - Setting next_dagrun for latest_only to 2023-10-13T09:19:34.414185+00:00, run_after=2023-10-13T13:19:34.414185+00:00
[2023-10-13T13:19:34.574+0000] {processor.py:179} INFO - Processing /home/airflow/.local/lib/python3.8/site-packages/airflow/example_dags/example_latest_only.py took 0.648 seconds
[2023-10-13T13:20:04.773+0000] {processor.py:157} INFO - Started process (PID=109) to work on /home/airflow/.local/lib/python3.8/site-packages/airflow/example_dags/example_latest_only.py
[2023-10-13T13:20:04.776+0000] {processor.py:829} INFO - Processing file /home/airflow/.local/lib/python3.8/site-packages/airflow/example_dags/example_latest_only.py for tasks to queue
[2023-10-13T13:20:04.780+0000] {logging_mixin.py:151} INFO - [2023-10-13T13:20:04.779+0000] {dagbag.py:536} INFO - Filling up the DagBag from /home/airflow/.local/lib/python3.8/site-packages/airflow/example_dags/example_latest_only.py
[2023-10-13T13:20:04.792+0000] {processor.py:839} INFO - DAG(s) dict_keys(['latest_only']) retrieved from /home/airflow/.local/lib/python3.8/site-packages/airflow/example_dags/example_latest_only.py
[2023-10-13T13:20:04.829+0000] {logging_mixin.py:151} INFO - [2023-10-13T13:20:04.829+0000] {dag.py:2941} INFO - Sync 1 DAGs
[2023-10-13T13:20:04.864+0000] {logging_mixin.py:151} INFO - [2023-10-13T13:20:04.864+0000] {dag.py:3722} INFO - Setting next_dagrun for latest_only to 2023-10-13T09:20:04.864298+00:00, run_after=2023-10-13T13:20:04.864298+00:00
[2023-10-13T13:20:04.895+0000] {processor.py:179} INFO - Processing /home/airflow/.local/lib/python3.8/site-packages/airflow/example_dags/example_latest_only.py took 0.128 seconds
[2023-10-13T13:20:35.257+0000] {processor.py:157} INFO - Started process (PID=163) to work on /home/airflow/.local/lib/python3.8/site-packages/airflow/example_dags/example_latest_only.py
[2023-10-13T13:20:35.260+0000] {processor.py:829} INFO - Processing file /home/airflow/.local/lib/python3.8/site-packages/airflow/example_dags/example_latest_only.py for tasks to queue
[2023-10-13T13:20:35.265+0000] {logging_mixin.py:151} INFO - [2023-10-13T13:20:35.264+0000] {dagbag.py:536} INFO - Filling up the DagBag from /home/airflow/.local/lib/python3.8/site-packages/airflow/example_dags/example_latest_only.py
[2023-10-13T13:20:35.272+0000] {processor.py:839} INFO - DAG(s) dict_keys(['latest_only']) retrieved from /home/airflow/.local/lib/python3.8/site-packages/airflow/example_dags/example_latest_only.py
[2023-10-13T13:20:35.303+0000] {logging_mixin.py:151} INFO - [2023-10-13T13:20:35.303+0000] {dag.py:2941} INFO - Sync 1 DAGs
[2023-10-13T13:20:35.335+0000] {logging_mixin.py:151} INFO - [2023-10-13T13:20:35.335+0000] {dag.py:3722} INFO - Setting next_dagrun for latest_only to 2023-10-13T09:20:35.335049+00:00, run_after=2023-10-13T13:20:35.335049+00:00
[2023-10-13T13:20:35.364+0000] {processor.py:179} INFO - Processing /home/airflow/.local/lib/python3.8/site-packages/airflow/example_dags/example_latest_only.py took 0.111 seconds
[2023-10-13T13:21:07.253+0000] {processor.py:157} INFO - Started process (PID=217) to work on /home/airflow/.local/lib/python3.8/site-packages/airflow/example_dags/example_latest_only.py
[2023-10-13T13:21:07.255+0000] {processor.py:829} INFO - Processing file /home/airflow/.local/lib/python3.8/site-packages/airflow/example_dags/example_latest_only.py for tasks to queue
[2023-10-13T13:21:07.260+0000] {logging_mixin.py:151} INFO - [2023-10-13T13:21:07.260+0000] {dagbag.py:536} INFO - Filling up the DagBag from /home/airflow/.local/lib/python3.8/site-packages/airflow/example_dags/example_latest_only.py
[2023-10-13T13:21:07.269+0000] {processor.py:839} INFO - DAG(s) dict_keys(['latest_only']) retrieved from /home/airflow/.local/lib/python3.8/site-packages/airflow/example_dags/example_latest_only.py
[2023-10-13T13:21:07.301+0000] {logging_mixin.py:151} INFO - [2023-10-13T13:21:07.300+0000] {dag.py:2941} INFO - Sync 1 DAGs
[2023-10-13T13:21:07.334+0000] {logging_mixin.py:151} INFO - [2023-10-13T13:21:07.334+0000] {dag.py:3722} INFO - Setting next_dagrun for latest_only to 2023-10-13T09:21:07.333828+00:00, run_after=2023-10-13T13:21:07.333828+00:00
[2023-10-13T13:21:07.359+0000] {processor.py:179} INFO - Processing /home/airflow/.local/lib/python3.8/site-packages/airflow/example_dags/example_latest_only.py took 0.112 seconds
[2023-10-13T13:21:38.314+0000] {processor.py:157} INFO - Started process (PID=278) to work on /home/airflow/.local/lib/python3.8/site-packages/airflow/example_dags/example_latest_only.py
[2023-10-13T13:21:38.316+0000] {processor.py:829} INFO - Processing file /home/airflow/.local/lib/python3.8/site-packages/airflow/example_dags/example_latest_only.py for tasks to queue
[2023-10-13T13:21:38.321+0000] {logging_mixin.py:151} INFO - [2023-10-13T13:21:38.320+0000] {dagbag.py:536} INFO - Filling up the DagBag from /home/airflow/.local/lib/python3.8/site-packages/airflow/example_dags/example_latest_only.py
[2023-10-13T13:21:38.329+0000] {processor.py:839} INFO - DAG(s) dict_keys(['latest_only']) retrieved from /home/airflow/.local/lib/python3.8/site-packages/airflow/example_dags/example_latest_only.py
[2023-10-13T13:21:38.360+0000] {logging_mixin.py:151} INFO - [2023-10-13T13:21:38.360+0000] {dag.py:2941} INFO - Sync 1 DAGs
[2023-10-13T13:21:38.395+0000] {logging_mixin.py:151} INFO - [2023-10-13T13:21:38.395+0000] {dag.py:3722} INFO - Setting next_dagrun for latest_only to 2023-10-13T09:21:38.394574+00:00, run_after=2023-10-13T13:21:38.394574+00:00
[2023-10-13T13:21:38.428+0000] {processor.py:179} INFO - Processing /home/airflow/.local/lib/python3.8/site-packages/airflow/example_dags/example_latest_only.py took 0.118 seconds
[2023-10-13T13:22:08.933+0000] {processor.py:157} INFO - Started process (PID=332) to work on /home/airflow/.local/lib/python3.8/site-packages/airflow/example_dags/example_latest_only.py
[2023-10-13T13:22:08.935+0000] {processor.py:829} INFO - Processing file /home/airflow/.local/lib/python3.8/site-packages/airflow/example_dags/example_latest_only.py for tasks to queue
[2023-10-13T13:22:08.939+0000] {logging_mixin.py:151} INFO - [2023-10-13T13:22:08.938+0000] {dagbag.py:536} INFO - Filling up the DagBag from /home/airflow/.local/lib/python3.8/site-packages/airflow/example_dags/example_latest_only.py
[2023-10-13T13:22:08.945+0000] {processor.py:839} INFO - DAG(s) dict_keys(['latest_only']) retrieved from /home/airflow/.local/lib/python3.8/site-packages/airflow/example_dags/example_latest_only.py
[2023-10-13T13:22:08.973+0000] {logging_mixin.py:151} INFO - [2023-10-13T13:22:08.973+0000] {dag.py:2941} INFO - Sync 1 DAGs
[2023-10-13T13:22:09.000+0000] {logging_mixin.py:151} INFO - [2023-10-13T13:22:09.000+0000] {dag.py:3722} INFO - Setting next_dagrun for latest_only to 2023-10-13T09:22:09.000253+00:00, run_after=2023-10-13T13:22:09.000253+00:00
[2023-10-13T13:22:09.029+0000] {processor.py:179} INFO - Processing /home/airflow/.local/lib/python3.8/site-packages/airflow/example_dags/example_latest_only.py took 0.100 seconds
[2023-10-13T13:22:39.704+0000] {processor.py:157} INFO - Started process (PID=384) to work on /home/airflow/.local/lib/python3.8/site-packages/airflow/example_dags/example_latest_only.py
[2023-10-13T13:22:39.706+0000] {processor.py:829} INFO - Processing file /home/airflow/.local/lib/python3.8/site-packages/airflow/example_dags/example_latest_only.py for tasks to queue
[2023-10-13T13:22:39.710+0000] {logging_mixin.py:151} INFO - [2023-10-13T13:22:39.710+0000] {dagbag.py:536} INFO - Filling up the DagBag from /home/airflow/.local/lib/python3.8/site-packages/airflow/example_dags/example_latest_only.py
[2023-10-13T13:22:39.718+0000] {processor.py:839} INFO - DAG(s) dict_keys(['latest_only']) retrieved from /home/airflow/.local/lib/python3.8/site-packages/airflow/example_dags/example_latest_only.py
[2023-10-13T13:22:39.746+0000] {logging_mixin.py:151} INFO - [2023-10-13T13:22:39.746+0000] {dag.py:2941} INFO - Sync 1 DAGs
[2023-10-13T13:22:39.776+0000] {logging_mixin.py:151} INFO - [2023-10-13T13:22:39.776+0000] {dag.py:3722} INFO - Setting next_dagrun for latest_only to 2023-10-13T09:22:39.775913+00:00, run_after=2023-10-13T13:22:39.775913+00:00
[2023-10-13T13:22:39.810+0000] {processor.py:179} INFO - Processing /home/airflow/.local/lib/python3.8/site-packages/airflow/example_dags/example_latest_only.py took 0.111 seconds
[2023-10-13T13:23:10.671+0000] {processor.py:157} INFO - Started process (PID=438) to work on /home/airflow/.local/lib/python3.8/site-packages/airflow/example_dags/example_latest_only.py
[2023-10-13T13:23:10.672+0000] {processor.py:829} INFO - Processing file /home/airflow/.local/lib/python3.8/site-packages/airflow/example_dags/example_latest_only.py for tasks to queue
[2023-10-13T13:23:10.676+0000] {logging_mixin.py:151} INFO - [2023-10-13T13:23:10.675+0000] {dagbag.py:536} INFO - Filling up the DagBag from /home/airflow/.local/lib/python3.8/site-packages/airflow/example_dags/example_latest_only.py
[2023-10-13T13:23:10.683+0000] {processor.py:839} INFO - DAG(s) dict_keys(['latest_only']) retrieved from /home/airflow/.local/lib/python3.8/site-packages/airflow/example_dags/example_latest_only.py
[2023-10-13T13:23:10.712+0000] {logging_mixin.py:151} INFO - [2023-10-13T13:23:10.711+0000] {dag.py:2941} INFO - Sync 1 DAGs
[2023-10-13T13:23:10.748+0000] {logging_mixin.py:151} INFO - [2023-10-13T13:23:10.747+0000] {dag.py:3722} INFO - Setting next_dagrun for latest_only to 2023-10-13T09:23:10.747489+00:00, run_after=2023-10-13T13:23:10.747489+00:00
[2023-10-13T13:23:10.783+0000] {processor.py:179} INFO - Processing /home/airflow/.local/lib/python3.8/site-packages/airflow/example_dags/example_latest_only.py took 0.116 seconds
[2023-10-13T13:23:40.970+0000] {processor.py:157} INFO - Started process (PID=492) to work on /home/airflow/.local/lib/python3.8/site-packages/airflow/example_dags/example_latest_only.py
[2023-10-13T13:23:40.971+0000] {processor.py:829} INFO - Processing file /home/airflow/.local/lib/python3.8/site-packages/airflow/example_dags/example_latest_only.py for tasks to queue
[2023-10-13T13:23:40.976+0000] {logging_mixin.py:151} INFO - [2023-10-13T13:23:40.975+0000] {dagbag.py:536} INFO - Filling up the DagBag from /home/airflow/.local/lib/python3.8/site-packages/airflow/example_dags/example_latest_only.py
[2023-10-13T13:23:40.985+0000] {processor.py:839} INFO - DAG(s) dict_keys(['latest_only']) retrieved from /home/airflow/.local/lib/python3.8/site-packages/airflow/example_dags/example_latest_only.py
[2023-10-13T13:23:41.019+0000] {logging_mixin.py:151} INFO - [2023-10-13T13:23:41.018+0000] {dag.py:2941} INFO - Sync 1 DAGs
[2023-10-13T13:23:41.053+0000] {logging_mixin.py:151} INFO - [2023-10-13T13:23:41.053+0000] {dag.py:3722} INFO - Setting next_dagrun for latest_only to 2023-10-13T09:23:41.053153+00:00, run_after=2023-10-13T13:23:41.053153+00:00
[2023-10-13T13:23:41.081+0000] {processor.py:179} INFO - Processing /home/airflow/.local/lib/python3.8/site-packages/airflow/example_dags/example_latest_only.py took 0.116 seconds
[2023-10-13T13:24:11.382+0000] {processor.py:157} INFO - Started process (PID=545) to work on /home/airflow/.local/lib/python3.8/site-packages/airflow/example_dags/example_latest_only.py
[2023-10-13T13:24:11.384+0000] {processor.py:829} INFO - Processing file /home/airflow/.local/lib/python3.8/site-packages/airflow/example_dags/example_latest_only.py for tasks to queue
[2023-10-13T13:24:11.388+0000] {logging_mixin.py:151} INFO - [2023-10-13T13:24:11.388+0000] {dagbag.py:536} INFO - Filling up the DagBag from /home/airflow/.local/lib/python3.8/site-packages/airflow/example_dags/example_latest_only.py
[2023-10-13T13:24:11.395+0000] {processor.py:839} INFO - DAG(s) dict_keys(['latest_only']) retrieved from /home/airflow/.local/lib/python3.8/site-packages/airflow/example_dags/example_latest_only.py
[2023-10-13T13:24:11.421+0000] {logging_mixin.py:151} INFO - [2023-10-13T13:24:11.421+0000] {dag.py:2941} INFO - Sync 1 DAGs
[2023-10-13T13:24:11.449+0000] {logging_mixin.py:151} INFO - [2023-10-13T13:24:11.449+0000] {dag.py:3722} INFO - Setting next_dagrun for latest_only to 2023-10-13T09:24:11.448837+00:00, run_after=2023-10-13T13:24:11.448837+00:00
[2023-10-13T13:24:11.477+0000] {processor.py:179} INFO - Processing /home/airflow/.local/lib/python3.8/site-packages/airflow/example_dags/example_latest_only.py took 0.099 seconds
[2023-10-13T13:24:41.897+0000] {processor.py:157} INFO - Started process (PID=599) to work on /home/airflow/.local/lib/python3.8/site-packages/airflow/example_dags/example_latest_only.py
[2023-10-13T13:24:41.899+0000] {processor.py:829} INFO - Processing file /home/airflow/.local/lib/python3.8/site-packages/airflow/example_dags/example_latest_only.py for tasks to queue
[2023-10-13T13:24:41.902+0000] {logging_mixin.py:151} INFO - [2023-10-13T13:24:41.902+0000] {dagbag.py:536} INFO - Filling up the DagBag from /home/airflow/.local/lib/python3.8/site-packages/airflow/example_dags/example_latest_only.py
[2023-10-13T13:24:41.908+0000] {processor.py:839} INFO - DAG(s) dict_keys(['latest_only']) retrieved from /home/airflow/.local/lib/python3.8/site-packages/airflow/example_dags/example_latest_only.py
[2023-10-13T13:24:41.939+0000] {logging_mixin.py:151} INFO - [2023-10-13T13:24:41.939+0000] {dag.py:2941} INFO - Sync 1 DAGs
[2023-10-13T13:24:41.962+0000] {logging_mixin.py:151} INFO - [2023-10-13T13:24:41.962+0000] {dag.py:3722} INFO - Setting next_dagrun for latest_only to 2023-10-13T09:24:41.962330+00:00, run_after=2023-10-13T13:24:41.962330+00:00
[2023-10-13T13:24:41.993+0000] {processor.py:179} INFO - Processing /home/airflow/.local/lib/python3.8/site-packages/airflow/example_dags/example_latest_only.py took 0.100 seconds
[2023-10-13T13:25:12.842+0000] {processor.py:157} INFO - Started process (PID=653) to work on /home/airflow/.local/lib/python3.8/site-packages/airflow/example_dags/example_latest_only.py
[2023-10-13T13:25:12.845+0000] {processor.py:829} INFO - Processing file /home/airflow/.local/lib/python3.8/site-packages/airflow/example_dags/example_latest_only.py for tasks to queue
[2023-10-13T13:25:12.850+0000] {logging_mixin.py:151} INFO - [2023-10-13T13:25:12.850+0000] {dagbag.py:536} INFO - Filling up the DagBag from /home/airflow/.local/lib/python3.8/site-packages/airflow/example_dags/example_latest_only.py
[2023-10-13T13:25:12.863+0000] {processor.py:839} INFO - DAG(s) dict_keys(['latest_only']) retrieved from /home/airflow/.local/lib/python3.8/site-packages/airflow/example_dags/example_latest_only.py
[2023-10-13T13:25:12.921+0000] {logging_mixin.py:151} INFO - [2023-10-13T13:25:12.920+0000] {dag.py:2941} INFO - Sync 1 DAGs
[2023-10-13T13:25:12.975+0000] {logging_mixin.py:151} INFO - [2023-10-13T13:25:12.974+0000] {dag.py:3722} INFO - Setting next_dagrun for latest_only to 2023-10-13T09:25:12.974149+00:00, run_after=2023-10-13T13:25:12.974149+00:00
[2023-10-13T13:25:13.023+0000] {processor.py:179} INFO - Processing /home/airflow/.local/lib/python3.8/site-packages/airflow/example_dags/example_latest_only.py took 0.188 seconds
[2023-10-13T13:25:43.263+0000] {processor.py:157} INFO - Started process (PID=707) to work on /home/airflow/.local/lib/python3.8/site-packages/airflow/example_dags/example_latest_only.py
[2023-10-13T13:25:43.265+0000] {processor.py:829} INFO - Processing file /home/airflow/.local/lib/python3.8/site-packages/airflow/example_dags/example_latest_only.py for tasks to queue
[2023-10-13T13:25:43.269+0000] {logging_mixin.py:151} INFO - [2023-10-13T13:25:43.268+0000] {dagbag.py:536} INFO - Filling up the DagBag from /home/airflow/.local/lib/python3.8/site-packages/airflow/example_dags/example_latest_only.py
[2023-10-13T13:25:43.275+0000] {processor.py:839} INFO - DAG(s) dict_keys(['latest_only']) retrieved from /home/airflow/.local/lib/python3.8/site-packages/airflow/example_dags/example_latest_only.py
[2023-10-13T13:25:43.303+0000] {logging_mixin.py:151} INFO - [2023-10-13T13:25:43.303+0000] {dag.py:2941} INFO - Sync 1 DAGs
[2023-10-13T13:25:43.329+0000] {logging_mixin.py:151} INFO - [2023-10-13T13:25:43.328+0000] {dag.py:3722} INFO - Setting next_dagrun for latest_only to 2023-10-13T09:25:43.328573+00:00, run_after=2023-10-13T13:25:43.328573+00:00
[2023-10-13T13:25:43.358+0000] {processor.py:179} INFO - Processing /home/airflow/.local/lib/python3.8/site-packages/airflow/example_dags/example_latest_only.py took 0.098 seconds
[2023-10-13T13:26:14.263+0000] {processor.py:157} INFO - Started process (PID=761) to work on /home/airflow/.local/lib/python3.8/site-packages/airflow/example_dags/example_latest_only.py
[2023-10-13T13:26:14.265+0000] {processor.py:829} INFO - Processing file /home/airflow/.local/lib/python3.8/site-packages/airflow/example_dags/example_latest_only.py for tasks to queue
[2023-10-13T13:26:14.268+0000] {logging_mixin.py:151} INFO - [2023-10-13T13:26:14.268+0000] {dagbag.py:536} INFO - Filling up the DagBag from /home/airflow/.local/lib/python3.8/site-packages/airflow/example_dags/example_latest_only.py
[2023-10-13T13:26:14.277+0000] {processor.py:839} INFO - DAG(s) dict_keys(['latest_only']) retrieved from /home/airflow/.local/lib/python3.8/site-packages/airflow/example_dags/example_latest_only.py
[2023-10-13T13:26:14.304+0000] {logging_mixin.py:151} INFO - [2023-10-13T13:26:14.304+0000] {dag.py:2941} INFO - Sync 1 DAGs
[2023-10-13T13:26:14.333+0000] {logging_mixin.py:151} INFO - [2023-10-13T13:26:14.333+0000] {dag.py:3722} INFO - Setting next_dagrun for latest_only to 2023-10-13T09:26:14.332858+00:00, run_after=2023-10-13T13:26:14.332858+00:00
[2023-10-13T13:26:14.362+0000] {processor.py:179} INFO - Processing /home/airflow/.local/lib/python3.8/site-packages/airflow/example_dags/example_latest_only.py took 0.103 seconds
[2023-10-13T13:26:44.661+0000] {processor.py:157} INFO - Started process (PID=815) to work on /home/airflow/.local/lib/python3.8/site-packages/airflow/example_dags/example_latest_only.py
[2023-10-13T13:26:44.663+0000] {processor.py:829} INFO - Processing file /home/airflow/.local/lib/python3.8/site-packages/airflow/example_dags/example_latest_only.py for tasks to queue
[2023-10-13T13:26:44.667+0000] {logging_mixin.py:151} INFO - [2023-10-13T13:26:44.667+0000] {dagbag.py:536} INFO - Filling up the DagBag from /home/airflow/.local/lib/python3.8/site-packages/airflow/example_dags/example_latest_only.py
[2023-10-13T13:26:44.677+0000] {processor.py:839} INFO - DAG(s) dict_keys(['latest_only']) retrieved from /home/airflow/.local/lib/python3.8/site-packages/airflow/example_dags/example_latest_only.py
[2023-10-13T13:26:44.719+0000] {logging_mixin.py:151} INFO - [2023-10-13T13:26:44.719+0000] {dag.py:2941} INFO - Sync 1 DAGs
[2023-10-13T13:26:44.756+0000] {logging_mixin.py:151} INFO - [2023-10-13T13:26:44.756+0000] {dag.py:3722} INFO - Setting next_dagrun for latest_only to 2023-10-13T09:26:44.756209+00:00, run_after=2023-10-13T13:26:44.756209+00:00
[2023-10-13T13:26:44.978+0000] {processor.py:179} INFO - Processing /home/airflow/.local/lib/python3.8/site-packages/airflow/example_dags/example_latest_only.py took 0.323 seconds
[2023-10-13T13:27:15.533+0000] {processor.py:157} INFO - Started process (PID=869) to work on /home/airflow/.local/lib/python3.8/site-packages/airflow/example_dags/example_latest_only.py
[2023-10-13T13:27:15.536+0000] {processor.py:829} INFO - Processing file /home/airflow/.local/lib/python3.8/site-packages/airflow/example_dags/example_latest_only.py for tasks to queue
[2023-10-13T13:27:15.540+0000] {logging_mixin.py:151} INFO - [2023-10-13T13:27:15.539+0000] {dagbag.py:536} INFO - Filling up the DagBag from /home/airflow/.local/lib/python3.8/site-packages/airflow/example_dags/example_latest_only.py
[2023-10-13T13:27:15.550+0000] {processor.py:839} INFO - DAG(s) dict_keys(['latest_only']) retrieved from /home/airflow/.local/lib/python3.8/site-packages/airflow/example_dags/example_latest_only.py
[2023-10-13T13:27:15.581+0000] {logging_mixin.py:151} INFO - [2023-10-13T13:27:15.581+0000] {dag.py:2941} INFO - Sync 1 DAGs
[2023-10-13T13:27:15.613+0000] {logging_mixin.py:151} INFO - [2023-10-13T13:27:15.613+0000] {dag.py:3722} INFO - Setting next_dagrun for latest_only to 2023-10-13T09:27:15.613348+00:00, run_after=2023-10-13T13:27:15.613348+00:00
[2023-10-13T13:27:15.646+0000] {processor.py:179} INFO - Processing /home/airflow/.local/lib/python3.8/site-packages/airflow/example_dags/example_latest_only.py took 0.117 seconds
[2023-10-13T13:27:46.004+0000] {processor.py:157} INFO - Started process (PID=923) to work on /home/airflow/.local/lib/python3.8/site-packages/airflow/example_dags/example_latest_only.py
[2023-10-13T13:27:46.006+0000] {processor.py:829} INFO - Processing file /home/airflow/.local/lib/python3.8/site-packages/airflow/example_dags/example_latest_only.py for tasks to queue
[2023-10-13T13:27:46.009+0000] {logging_mixin.py:151} INFO - [2023-10-13T13:27:46.009+0000] {dagbag.py:536} INFO - Filling up the DagBag from /home/airflow/.local/lib/python3.8/site-packages/airflow/example_dags/example_latest_only.py
[2023-10-13T13:27:46.017+0000] {processor.py:839} INFO - DAG(s) dict_keys(['latest_only']) retrieved from /home/airflow/.local/lib/python3.8/site-packages/airflow/example_dags/example_latest_only.py
[2023-10-13T13:27:46.046+0000] {logging_mixin.py:151} INFO - [2023-10-13T13:27:46.045+0000] {dag.py:2941} INFO - Sync 1 DAGs
[2023-10-13T13:27:46.081+0000] {logging_mixin.py:151} INFO - [2023-10-13T13:27:46.080+0000] {dag.py:3722} INFO - Setting next_dagrun for latest_only to 2023-10-13T09:27:46.080405+00:00, run_after=2023-10-13T13:27:46.080405+00:00
[2023-10-13T13:27:46.111+0000] {processor.py:179} INFO - Processing /home/airflow/.local/lib/python3.8/site-packages/airflow/example_dags/example_latest_only.py took 0.112 seconds
[2023-10-13T13:28:17.642+0000] {processor.py:157} INFO - Started process (PID=977) to work on /home/airflow/.local/lib/python3.8/site-packages/airflow/example_dags/example_latest_only.py
[2023-10-13T13:28:17.644+0000] {processor.py:829} INFO - Processing file /home/airflow/.local/lib/python3.8/site-packages/airflow/example_dags/example_latest_only.py for tasks to queue
[2023-10-13T13:28:17.650+0000] {logging_mixin.py:151} INFO - [2023-10-13T13:28:17.649+0000] {dagbag.py:536} INFO - Filling up the DagBag from /home/airflow/.local/lib/python3.8/site-packages/airflow/example_dags/example_latest_only.py
[2023-10-13T13:28:17.659+0000] {processor.py:839} INFO - DAG(s) dict_keys(['latest_only']) retrieved from /home/airflow/.local/lib/python3.8/site-packages/airflow/example_dags/example_latest_only.py
[2023-10-13T13:28:17.695+0000] {logging_mixin.py:151} INFO - [2023-10-13T13:28:17.695+0000] {dag.py:2941} INFO - Sync 1 DAGs
[2023-10-13T13:28:17.735+0000] {logging_mixin.py:151} INFO - [2023-10-13T13:28:17.735+0000] {dag.py:3722} INFO - Setting next_dagrun for latest_only to 2023-10-13T09:28:17.735334+00:00, run_after=2023-10-13T13:28:17.735334+00:00
[2023-10-13T13:28:17.768+0000] {processor.py:179} INFO - Processing /home/airflow/.local/lib/python3.8/site-packages/airflow/example_dags/example_latest_only.py took 0.132 seconds
[2023-10-13T13:28:47.871+0000] {processor.py:157} INFO - Started process (PID=1031) to work on /home/airflow/.local/lib/python3.8/site-packages/airflow/example_dags/example_latest_only.py
[2023-10-13T13:28:47.874+0000] {processor.py:829} INFO - Processing file /home/airflow/.local/lib/python3.8/site-packages/airflow/example_dags/example_latest_only.py for tasks to queue
[2023-10-13T13:28:47.878+0000] {logging_mixin.py:151} INFO - [2023-10-13T13:28:47.877+0000] {dagbag.py:536} INFO - Filling up the DagBag from /home/airflow/.local/lib/python3.8/site-packages/airflow/example_dags/example_latest_only.py
[2023-10-13T13:28:47.889+0000] {processor.py:839} INFO - DAG(s) dict_keys(['latest_only']) retrieved from /home/airflow/.local/lib/python3.8/site-packages/airflow/example_dags/example_latest_only.py
[2023-10-13T13:28:47.927+0000] {logging_mixin.py:151} INFO - [2023-10-13T13:28:47.926+0000] {dag.py:2941} INFO - Sync 1 DAGs
[2023-10-13T13:28:47.966+0000] {logging_mixin.py:151} INFO - [2023-10-13T13:28:47.966+0000] {dag.py:3722} INFO - Setting next_dagrun for latest_only to 2023-10-13T09:28:47.965546+00:00, run_after=2023-10-13T13:28:47.965546+00:00
[2023-10-13T13:28:48.004+0000] {processor.py:179} INFO - Processing /home/airflow/.local/lib/python3.8/site-packages/airflow/example_dags/example_latest_only.py took 0.139 seconds
[2023-10-13T13:29:18.231+0000] {processor.py:157} INFO - Started process (PID=1085) to work on /home/airflow/.local/lib/python3.8/site-packages/airflow/example_dags/example_latest_only.py
[2023-10-13T13:29:18.233+0000] {processor.py:829} INFO - Processing file /home/airflow/.local/lib/python3.8/site-packages/airflow/example_dags/example_latest_only.py for tasks to queue
[2023-10-13T13:29:18.236+0000] {logging_mixin.py:151} INFO - [2023-10-13T13:29:18.236+0000] {dagbag.py:536} INFO - Filling up the DagBag from /home/airflow/.local/lib/python3.8/site-packages/airflow/example_dags/example_latest_only.py
[2023-10-13T13:29:18.244+0000] {processor.py:839} INFO - DAG(s) dict_keys(['latest_only']) retrieved from /home/airflow/.local/lib/python3.8/site-packages/airflow/example_dags/example_latest_only.py
[2023-10-13T13:29:18.274+0000] {logging_mixin.py:151} INFO - [2023-10-13T13:29:18.274+0000] {dag.py:2941} INFO - Sync 1 DAGs
[2023-10-13T13:29:18.297+0000] {logging_mixin.py:151} INFO - [2023-10-13T13:29:18.297+0000] {dag.py:3722} INFO - Setting next_dagrun for latest_only to 2023-10-13T09:29:18.297172+00:00, run_after=2023-10-13T13:29:18.297172+00:00
[2023-10-13T13:29:18.326+0000] {processor.py:179} INFO - Processing /home/airflow/.local/lib/python3.8/site-packages/airflow/example_dags/example_latest_only.py took 0.098 seconds
[2023-10-13T13:29:58.388+0000] {processor.py:157} INFO - Started process (PID=1140) to work on /home/airflow/.local/lib/python3.8/site-packages/airflow/example_dags/example_latest_only.py
[2023-10-13T13:29:58.390+0000] {processor.py:829} INFO - Processing file /home/airflow/.local/lib/python3.8/site-packages/airflow/example_dags/example_latest_only.py for tasks to queue
[2023-10-13T13:29:58.393+0000] {logging_mixin.py:151} INFO - [2023-10-13T13:29:58.393+0000] {dagbag.py:536} INFO - Filling up the DagBag from /home/airflow/.local/lib/python3.8/site-packages/airflow/example_dags/example_latest_only.py
[2023-10-13T13:29:58.402+0000] {processor.py:839} INFO - DAG(s) dict_keys(['latest_only']) retrieved from /home/airflow/.local/lib/python3.8/site-packages/airflow/example_dags/example_latest_only.py
[2023-10-13T13:29:58.436+0000] {logging_mixin.py:151} INFO - [2023-10-13T13:29:58.435+0000] {dag.py:2941} INFO - Sync 1 DAGs
[2023-10-13T13:29:58.482+0000] {logging_mixin.py:151} INFO - [2023-10-13T13:29:58.481+0000] {dag.py:3722} INFO - Setting next_dagrun for latest_only to 2023-10-13T09:29:58.479649+00:00, run_after=2023-10-13T13:29:58.479649+00:00
[2023-10-13T13:29:58.516+0000] {processor.py:179} INFO - Processing /home/airflow/.local/lib/python3.8/site-packages/airflow/example_dags/example_latest_only.py took 0.133 seconds
[2023-10-13T13:30:30.462+0000] {processor.py:157} INFO - Started process (PID=1194) to work on /home/airflow/.local/lib/python3.8/site-packages/airflow/example_dags/example_latest_only.py
[2023-10-13T13:30:30.464+0000] {processor.py:829} INFO - Processing file /home/airflow/.local/lib/python3.8/site-packages/airflow/example_dags/example_latest_only.py for tasks to queue
[2023-10-13T13:30:30.468+0000] {logging_mixin.py:151} INFO - [2023-10-13T13:30:30.468+0000] {dagbag.py:536} INFO - Filling up the DagBag from /home/airflow/.local/lib/python3.8/site-packages/airflow/example_dags/example_latest_only.py
[2023-10-13T13:30:30.483+0000] {processor.py:839} INFO - DAG(s) dict_keys(['latest_only']) retrieved from /home/airflow/.local/lib/python3.8/site-packages/airflow/example_dags/example_latest_only.py
[2023-10-13T13:30:30.530+0000] {logging_mixin.py:151} INFO - [2023-10-13T13:30:30.530+0000] {dag.py:2941} INFO - Sync 1 DAGs
[2023-10-13T13:30:30.776+0000] {logging_mixin.py:151} INFO - [2023-10-13T13:30:30.775+0000] {dag.py:3722} INFO - Setting next_dagrun for latest_only to 2023-10-13T09:30:30.775569+00:00, run_after=2023-10-13T13:30:30.775569+00:00
[2023-10-13T13:30:30.809+0000] {processor.py:179} INFO - Processing /home/airflow/.local/lib/python3.8/site-packages/airflow/example_dags/example_latest_only.py took 0.365 seconds
[2023-10-13T13:31:01.636+0000] {processor.py:157} INFO - Started process (PID=1248) to work on /home/airflow/.local/lib/python3.8/site-packages/airflow/example_dags/example_latest_only.py
[2023-10-13T13:31:01.638+0000] {processor.py:829} INFO - Processing file /home/airflow/.local/lib/python3.8/site-packages/airflow/example_dags/example_latest_only.py for tasks to queue
[2023-10-13T13:31:01.641+0000] {logging_mixin.py:151} INFO - [2023-10-13T13:31:01.641+0000] {dagbag.py:536} INFO - Filling up the DagBag from /home/airflow/.local/lib/python3.8/site-packages/airflow/example_dags/example_latest_only.py
[2023-10-13T13:31:01.650+0000] {processor.py:839} INFO - DAG(s) dict_keys(['latest_only']) retrieved from /home/airflow/.local/lib/python3.8/site-packages/airflow/example_dags/example_latest_only.py
[2023-10-13T13:31:01.684+0000] {logging_mixin.py:151} INFO - [2023-10-13T13:31:01.684+0000] {dag.py:2941} INFO - Sync 1 DAGs
[2023-10-13T13:31:01.719+0000] {logging_mixin.py:151} INFO - [2023-10-13T13:31:01.719+0000] {dag.py:3722} INFO - Setting next_dagrun for latest_only to 2023-10-13T09:31:01.718894+00:00, run_after=2023-10-13T13:31:01.718894+00:00
[2023-10-13T13:31:01.762+0000] {processor.py:179} INFO - Processing /home/airflow/.local/lib/python3.8/site-packages/airflow/example_dags/example_latest_only.py took 0.132 seconds
[2023-10-13T13:31:32.204+0000] {processor.py:157} INFO - Started process (PID=1302) to work on /home/airflow/.local/lib/python3.8/site-packages/airflow/example_dags/example_latest_only.py
[2023-10-13T13:31:32.207+0000] {processor.py:829} INFO - Processing file /home/airflow/.local/lib/python3.8/site-packages/airflow/example_dags/example_latest_only.py for tasks to queue
[2023-10-13T13:31:32.213+0000] {logging_mixin.py:151} INFO - [2023-10-13T13:31:32.212+0000] {dagbag.py:536} INFO - Filling up the DagBag from /home/airflow/.local/lib/python3.8/site-packages/airflow/example_dags/example_latest_only.py
[2023-10-13T13:31:32.234+0000] {processor.py:839} INFO - DAG(s) dict_keys(['latest_only']) retrieved from /home/airflow/.local/lib/python3.8/site-packages/airflow/example_dags/example_latest_only.py
[2023-10-13T13:31:32.345+0000] {logging_mixin.py:151} INFO - [2023-10-13T13:31:32.344+0000] {dag.py:2941} INFO - Sync 1 DAGs
[2023-10-13T13:31:32.433+0000] {logging_mixin.py:151} INFO - [2023-10-13T13:31:32.433+0000] {dag.py:3722} INFO - Setting next_dagrun for latest_only to 2023-10-13T09:31:32.432645+00:00, run_after=2023-10-13T13:31:32.432645+00:00
[2023-10-13T13:31:32.508+0000] {processor.py:179} INFO - Processing /home/airflow/.local/lib/python3.8/site-packages/airflow/example_dags/example_latest_only.py took 0.322 seconds
[2023-10-13T13:32:03.194+0000] {processor.py:157} INFO - Started process (PID=1355) to work on /home/airflow/.local/lib/python3.8/site-packages/airflow/example_dags/example_latest_only.py
[2023-10-13T13:32:03.195+0000] {processor.py:829} INFO - Processing file /home/airflow/.local/lib/python3.8/site-packages/airflow/example_dags/example_latest_only.py for tasks to queue
[2023-10-13T13:32:03.199+0000] {logging_mixin.py:151} INFO - [2023-10-13T13:32:03.198+0000] {dagbag.py:536} INFO - Filling up the DagBag from /home/airflow/.local/lib/python3.8/site-packages/airflow/example_dags/example_latest_only.py
[2023-10-13T13:32:03.206+0000] {processor.py:839} INFO - DAG(s) dict_keys(['latest_only']) retrieved from /home/airflow/.local/lib/python3.8/site-packages/airflow/example_dags/example_latest_only.py
[2023-10-13T13:32:03.241+0000] {logging_mixin.py:151} INFO - [2023-10-13T13:32:03.241+0000] {dag.py:2941} INFO - Sync 1 DAGs
[2023-10-13T13:32:03.471+0000] {logging_mixin.py:151} INFO - [2023-10-13T13:32:03.470+0000] {dag.py:3722} INFO - Setting next_dagrun for latest_only to 2023-10-13T09:32:03.470465+00:00, run_after=2023-10-13T13:32:03.470465+00:00
[2023-10-13T13:32:03.500+0000] {processor.py:179} INFO - Processing /home/airflow/.local/lib/python3.8/site-packages/airflow/example_dags/example_latest_only.py took 0.311 seconds
[2023-10-13T13:32:38.213+0000] {processor.py:157} INFO - Started process (PID=1410) to work on /home/airflow/.local/lib/python3.8/site-packages/airflow/example_dags/example_latest_only.py
[2023-10-13T13:32:38.216+0000] {processor.py:829} INFO - Processing file /home/airflow/.local/lib/python3.8/site-packages/airflow/example_dags/example_latest_only.py for tasks to queue
[2023-10-13T13:32:38.227+0000] {logging_mixin.py:151} INFO - [2023-10-13T13:32:38.226+0000] {dagbag.py:536} INFO - Filling up the DagBag from /home/airflow/.local/lib/python3.8/site-packages/airflow/example_dags/example_latest_only.py
[2023-10-13T13:32:38.247+0000] {processor.py:839} INFO - DAG(s) dict_keys(['latest_only']) retrieved from /home/airflow/.local/lib/python3.8/site-packages/airflow/example_dags/example_latest_only.py
[2023-10-13T13:32:38.315+0000] {logging_mixin.py:151} INFO - [2023-10-13T13:32:38.314+0000] {dag.py:2941} INFO - Sync 1 DAGs
[2023-10-13T13:32:38.376+0000] {logging_mixin.py:151} INFO - [2023-10-13T13:32:38.375+0000] {dag.py:3722} INFO - Setting next_dagrun for latest_only to 2023-10-13T09:32:38.375160+00:00, run_after=2023-10-13T13:32:38.375160+00:00
[2023-10-13T13:32:38.446+0000] {processor.py:179} INFO - Processing /home/airflow/.local/lib/python3.8/site-packages/airflow/example_dags/example_latest_only.py took 0.239 seconds
[2023-10-13T13:33:08.674+0000] {processor.py:157} INFO - Started process (PID=1464) to work on /home/airflow/.local/lib/python3.8/site-packages/airflow/example_dags/example_latest_only.py
[2023-10-13T13:33:08.677+0000] {processor.py:829} INFO - Processing file /home/airflow/.local/lib/python3.8/site-packages/airflow/example_dags/example_latest_only.py for tasks to queue
[2023-10-13T13:33:08.681+0000] {logging_mixin.py:151} INFO - [2023-10-13T13:33:08.681+0000] {dagbag.py:536} INFO - Filling up the DagBag from /home/airflow/.local/lib/python3.8/site-packages/airflow/example_dags/example_latest_only.py
[2023-10-13T13:33:08.689+0000] {processor.py:839} INFO - DAG(s) dict_keys(['latest_only']) retrieved from /home/airflow/.local/lib/python3.8/site-packages/airflow/example_dags/example_latest_only.py
[2023-10-13T13:33:08.719+0000] {logging_mixin.py:151} INFO - [2023-10-13T13:33:08.718+0000] {dag.py:2941} INFO - Sync 1 DAGs
[2023-10-13T13:33:08.746+0000] {logging_mixin.py:151} INFO - [2023-10-13T13:33:08.746+0000] {dag.py:3722} INFO - Setting next_dagrun for latest_only to 2023-10-13T09:33:08.746333+00:00, run_after=2023-10-13T13:33:08.746333+00:00
[2023-10-13T13:33:08.776+0000] {processor.py:179} INFO - Processing /home/airflow/.local/lib/python3.8/site-packages/airflow/example_dags/example_latest_only.py took 0.107 seconds
[2023-10-13T13:33:39.415+0000] {processor.py:157} INFO - Started process (PID=1518) to work on /home/airflow/.local/lib/python3.8/site-packages/airflow/example_dags/example_latest_only.py
[2023-10-13T13:33:39.417+0000] {processor.py:829} INFO - Processing file /home/airflow/.local/lib/python3.8/site-packages/airflow/example_dags/example_latest_only.py for tasks to queue
[2023-10-13T13:33:39.422+0000] {logging_mixin.py:151} INFO - [2023-10-13T13:33:39.421+0000] {dagbag.py:536} INFO - Filling up the DagBag from /home/airflow/.local/lib/python3.8/site-packages/airflow/example_dags/example_latest_only.py
[2023-10-13T13:33:39.432+0000] {processor.py:839} INFO - DAG(s) dict_keys(['latest_only']) retrieved from /home/airflow/.local/lib/python3.8/site-packages/airflow/example_dags/example_latest_only.py
[2023-10-13T13:33:39.468+0000] {logging_mixin.py:151} INFO - [2023-10-13T13:33:39.467+0000] {dag.py:2941} INFO - Sync 1 DAGs
[2023-10-13T13:33:39.521+0000] {logging_mixin.py:151} INFO - [2023-10-13T13:33:39.521+0000] {dag.py:3722} INFO - Setting next_dagrun for latest_only to 2023-10-13T09:33:39.520481+00:00, run_after=2023-10-13T13:33:39.520481+00:00
[2023-10-13T13:33:39.585+0000] {processor.py:179} INFO - Processing /home/airflow/.local/lib/python3.8/site-packages/airflow/example_dags/example_latest_only.py took 0.175 seconds
[2023-10-13T13:34:10.209+0000] {processor.py:157} INFO - Started process (PID=1573) to work on /home/airflow/.local/lib/python3.8/site-packages/airflow/example_dags/example_latest_only.py
[2023-10-13T13:34:10.210+0000] {processor.py:829} INFO - Processing file /home/airflow/.local/lib/python3.8/site-packages/airflow/example_dags/example_latest_only.py for tasks to queue
[2023-10-13T13:34:10.214+0000] {logging_mixin.py:151} INFO - [2023-10-13T13:34:10.213+0000] {dagbag.py:536} INFO - Filling up the DagBag from /home/airflow/.local/lib/python3.8/site-packages/airflow/example_dags/example_latest_only.py
[2023-10-13T13:34:10.221+0000] {processor.py:839} INFO - DAG(s) dict_keys(['latest_only']) retrieved from /home/airflow/.local/lib/python3.8/site-packages/airflow/example_dags/example_latest_only.py
[2023-10-13T13:34:10.255+0000] {logging_mixin.py:151} INFO - [2023-10-13T13:34:10.255+0000] {dag.py:2941} INFO - Sync 1 DAGs
[2023-10-13T13:34:10.286+0000] {logging_mixin.py:151} INFO - [2023-10-13T13:34:10.285+0000] {dag.py:3722} INFO - Setting next_dagrun for latest_only to 2023-10-13T09:34:10.285624+00:00, run_after=2023-10-13T13:34:10.285624+00:00
[2023-10-13T13:34:10.318+0000] {processor.py:179} INFO - Processing /home/airflow/.local/lib/python3.8/site-packages/airflow/example_dags/example_latest_only.py took 0.114 seconds
[2023-10-13T13:34:40.696+0000] {processor.py:157} INFO - Started process (PID=1628) to work on /home/airflow/.local/lib/python3.8/site-packages/airflow/example_dags/example_latest_only.py
[2023-10-13T13:34:40.698+0000] {processor.py:829} INFO - Processing file /home/airflow/.local/lib/python3.8/site-packages/airflow/example_dags/example_latest_only.py for tasks to queue
[2023-10-13T13:34:40.702+0000] {logging_mixin.py:151} INFO - [2023-10-13T13:34:40.701+0000] {dagbag.py:536} INFO - Filling up the DagBag from /home/airflow/.local/lib/python3.8/site-packages/airflow/example_dags/example_latest_only.py
[2023-10-13T13:34:40.709+0000] {processor.py:839} INFO - DAG(s) dict_keys(['latest_only']) retrieved from /home/airflow/.local/lib/python3.8/site-packages/airflow/example_dags/example_latest_only.py
[2023-10-13T13:34:40.743+0000] {logging_mixin.py:151} INFO - [2023-10-13T13:34:40.742+0000] {dag.py:2941} INFO - Sync 1 DAGs
[2023-10-13T13:34:40.773+0000] {logging_mixin.py:151} INFO - [2023-10-13T13:34:40.773+0000] {dag.py:3722} INFO - Setting next_dagrun for latest_only to 2023-10-13T09:34:40.772647+00:00, run_after=2023-10-13T13:34:40.772647+00:00
[2023-10-13T13:34:40.803+0000] {processor.py:179} INFO - Processing /home/airflow/.local/lib/python3.8/site-packages/airflow/example_dags/example_latest_only.py took 0.111 seconds
[2023-10-13T13:35:11.458+0000] {processor.py:157} INFO - Started process (PID=1682) to work on /home/airflow/.local/lib/python3.8/site-packages/airflow/example_dags/example_latest_only.py
[2023-10-13T13:35:11.460+0000] {processor.py:829} INFO - Processing file /home/airflow/.local/lib/python3.8/site-packages/airflow/example_dags/example_latest_only.py for tasks to queue
[2023-10-13T13:35:11.464+0000] {logging_mixin.py:151} INFO - [2023-10-13T13:35:11.463+0000] {dagbag.py:536} INFO - Filling up the DagBag from /home/airflow/.local/lib/python3.8/site-packages/airflow/example_dags/example_latest_only.py
[2023-10-13T13:35:11.472+0000] {processor.py:839} INFO - DAG(s) dict_keys(['latest_only']) retrieved from /home/airflow/.local/lib/python3.8/site-packages/airflow/example_dags/example_latest_only.py
[2023-10-13T13:35:11.508+0000] {logging_mixin.py:151} INFO - [2023-10-13T13:35:11.508+0000] {dag.py:2941} INFO - Sync 1 DAGs
[2023-10-13T13:35:11.538+0000] {logging_mixin.py:151} INFO - [2023-10-13T13:35:11.538+0000] {dag.py:3722} INFO - Setting next_dagrun for latest_only to 2023-10-13T09:35:11.537868+00:00, run_after=2023-10-13T13:35:11.537868+00:00
[2023-10-13T13:35:11.571+0000] {processor.py:179} INFO - Processing /home/airflow/.local/lib/python3.8/site-packages/airflow/example_dags/example_latest_only.py took 0.118 seconds
[2023-10-13T13:35:42.348+0000] {processor.py:157} INFO - Started process (PID=1736) to work on /home/airflow/.local/lib/python3.8/site-packages/airflow/example_dags/example_latest_only.py
[2023-10-13T13:35:42.404+0000] {processor.py:829} INFO - Processing file /home/airflow/.local/lib/python3.8/site-packages/airflow/example_dags/example_latest_only.py for tasks to queue
[2023-10-13T13:35:42.410+0000] {logging_mixin.py:151} INFO - [2023-10-13T13:35:42.410+0000] {dagbag.py:536} INFO - Filling up the DagBag from /home/airflow/.local/lib/python3.8/site-packages/airflow/example_dags/example_latest_only.py
[2023-10-13T13:35:42.422+0000] {processor.py:839} INFO - DAG(s) dict_keys(['latest_only']) retrieved from /home/airflow/.local/lib/python3.8/site-packages/airflow/example_dags/example_latest_only.py
[2023-10-13T13:35:42.461+0000] {logging_mixin.py:151} INFO - [2023-10-13T13:35:42.461+0000] {dag.py:2941} INFO - Sync 1 DAGs
[2023-10-13T13:35:42.496+0000] {logging_mixin.py:151} INFO - [2023-10-13T13:35:42.495+0000] {dag.py:3722} INFO - Setting next_dagrun for latest_only to 2023-10-13T09:35:42.495304+00:00, run_after=2023-10-13T13:35:42.495304+00:00
[2023-10-13T13:35:42.528+0000] {processor.py:179} INFO - Processing /home/airflow/.local/lib/python3.8/site-packages/airflow/example_dags/example_latest_only.py took 0.186 seconds
[2023-10-13T13:36:13.172+0000] {processor.py:157} INFO - Started process (PID=1790) to work on /home/airflow/.local/lib/python3.8/site-packages/airflow/example_dags/example_latest_only.py
[2023-10-13T13:36:13.174+0000] {processor.py:829} INFO - Processing file /home/airflow/.local/lib/python3.8/site-packages/airflow/example_dags/example_latest_only.py for tasks to queue
[2023-10-13T13:36:13.178+0000] {logging_mixin.py:151} INFO - [2023-10-13T13:36:13.178+0000] {dagbag.py:536} INFO - Filling up the DagBag from /home/airflow/.local/lib/python3.8/site-packages/airflow/example_dags/example_latest_only.py
[2023-10-13T13:36:13.187+0000] {processor.py:839} INFO - DAG(s) dict_keys(['latest_only']) retrieved from /home/airflow/.local/lib/python3.8/site-packages/airflow/example_dags/example_latest_only.py
[2023-10-13T13:36:13.218+0000] {logging_mixin.py:151} INFO - [2023-10-13T13:36:13.218+0000] {dag.py:2941} INFO - Sync 1 DAGs
[2023-10-13T13:36:13.251+0000] {logging_mixin.py:151} INFO - [2023-10-13T13:36:13.251+0000] {dag.py:3722} INFO - Setting next_dagrun for latest_only to 2023-10-13T09:36:13.250709+00:00, run_after=2023-10-13T13:36:13.250709+00:00
[2023-10-13T13:36:13.283+0000] {processor.py:179} INFO - Processing /home/airflow/.local/lib/python3.8/site-packages/airflow/example_dags/example_latest_only.py took 0.115 seconds
