[2023-10-13T13:19:30.132+0000] {processor.py:157} INFO - Started process (PID=42) to work on /home/airflow/.local/lib/python3.8/site-packages/airflow/example_dags/example_dynamic_task_mapping_with_no_taskflow_operators.py
[2023-10-13T13:19:30.135+0000] {processor.py:829} INFO - Processing file /home/airflow/.local/lib/python3.8/site-packages/airflow/example_dags/example_dynamic_task_mapping_with_no_taskflow_operators.py for tasks to queue
[2023-10-13T13:19:30.138+0000] {logging_mixin.py:151} INFO - [2023-10-13T13:19:30.138+0000] {dagbag.py:536} INFO - Filling up the DagBag from /home/airflow/.local/lib/python3.8/site-packages/airflow/example_dags/example_dynamic_task_mapping_with_no_taskflow_operators.py
[2023-10-13T13:19:30.176+0000] {processor.py:839} INFO - DAG(s) dict_keys(['example_dynamic_task_mapping_with_no_taskflow_operators']) retrieved from /home/airflow/.local/lib/python3.8/site-packages/airflow/example_dags/example_dynamic_task_mapping_with_no_taskflow_operators.py
[2023-10-13T13:19:30.267+0000] {logging_mixin.py:151} INFO - [2023-10-13T13:19:30.267+0000] {dag.py:2941} INFO - Sync 1 DAGs
[2023-10-13T13:19:30.320+0000] {logging_mixin.py:151} INFO - [2023-10-13T13:19:30.319+0000] {dag.py:3722} INFO - Setting next_dagrun for example_dynamic_task_mapping_with_no_taskflow_operators to 2023-10-12T13:19:30.319497+00:00, run_after=2023-10-13T13:19:30.319497+00:00
[2023-10-13T13:19:30.361+0000] {processor.py:179} INFO - Processing /home/airflow/.local/lib/python3.8/site-packages/airflow/example_dags/example_dynamic_task_mapping_with_no_taskflow_operators.py took 0.233 seconds
[2023-10-13T13:20:01.448+0000] {processor.py:157} INFO - Started process (PID=96) to work on /home/airflow/.local/lib/python3.8/site-packages/airflow/example_dags/example_dynamic_task_mapping_with_no_taskflow_operators.py
[2023-10-13T13:20:01.450+0000] {processor.py:829} INFO - Processing file /home/airflow/.local/lib/python3.8/site-packages/airflow/example_dags/example_dynamic_task_mapping_with_no_taskflow_operators.py for tasks to queue
[2023-10-13T13:20:01.456+0000] {logging_mixin.py:151} INFO - [2023-10-13T13:20:01.455+0000] {dagbag.py:536} INFO - Filling up the DagBag from /home/airflow/.local/lib/python3.8/site-packages/airflow/example_dags/example_dynamic_task_mapping_with_no_taskflow_operators.py
[2023-10-13T13:20:01.482+0000] {processor.py:839} INFO - DAG(s) dict_keys(['example_dynamic_task_mapping_with_no_taskflow_operators']) retrieved from /home/airflow/.local/lib/python3.8/site-packages/airflow/example_dags/example_dynamic_task_mapping_with_no_taskflow_operators.py
[2023-10-13T13:20:01.532+0000] {logging_mixin.py:151} INFO - [2023-10-13T13:20:01.532+0000] {dag.py:2941} INFO - Sync 1 DAGs
[2023-10-13T13:20:01.587+0000] {logging_mixin.py:151} INFO - [2023-10-13T13:20:01.587+0000] {dag.py:3722} INFO - Setting next_dagrun for example_dynamic_task_mapping_with_no_taskflow_operators to 2023-10-12T13:20:01.586716+00:00, run_after=2023-10-13T13:20:01.586716+00:00
[2023-10-13T13:20:01.630+0000] {processor.py:179} INFO - Processing /home/airflow/.local/lib/python3.8/site-packages/airflow/example_dags/example_dynamic_task_mapping_with_no_taskflow_operators.py took 0.189 seconds
[2023-10-13T13:20:33.082+0000] {processor.py:157} INFO - Started process (PID=150) to work on /home/airflow/.local/lib/python3.8/site-packages/airflow/example_dags/example_dynamic_task_mapping_with_no_taskflow_operators.py
[2023-10-13T13:20:33.084+0000] {processor.py:829} INFO - Processing file /home/airflow/.local/lib/python3.8/site-packages/airflow/example_dags/example_dynamic_task_mapping_with_no_taskflow_operators.py for tasks to queue
[2023-10-13T13:20:33.089+0000] {logging_mixin.py:151} INFO - [2023-10-13T13:20:33.089+0000] {dagbag.py:536} INFO - Filling up the DagBag from /home/airflow/.local/lib/python3.8/site-packages/airflow/example_dags/example_dynamic_task_mapping_with_no_taskflow_operators.py
[2023-10-13T13:20:33.102+0000] {processor.py:839} INFO - DAG(s) dict_keys(['example_dynamic_task_mapping_with_no_taskflow_operators']) retrieved from /home/airflow/.local/lib/python3.8/site-packages/airflow/example_dags/example_dynamic_task_mapping_with_no_taskflow_operators.py
[2023-10-13T13:20:33.141+0000] {logging_mixin.py:151} INFO - [2023-10-13T13:20:33.141+0000] {dag.py:2941} INFO - Sync 1 DAGs
[2023-10-13T13:20:33.170+0000] {logging_mixin.py:151} INFO - [2023-10-13T13:20:33.169+0000] {dag.py:3722} INFO - Setting next_dagrun for example_dynamic_task_mapping_with_no_taskflow_operators to 2023-10-12T13:20:33.169517+00:00, run_after=2023-10-13T13:20:33.169517+00:00
[2023-10-13T13:20:33.196+0000] {processor.py:179} INFO - Processing /home/airflow/.local/lib/python3.8/site-packages/airflow/example_dags/example_dynamic_task_mapping_with_no_taskflow_operators.py took 0.119 seconds
[2023-10-13T13:21:03.753+0000] {processor.py:157} INFO - Started process (PID=202) to work on /home/airflow/.local/lib/python3.8/site-packages/airflow/example_dags/example_dynamic_task_mapping_with_no_taskflow_operators.py
[2023-10-13T13:21:03.756+0000] {processor.py:829} INFO - Processing file /home/airflow/.local/lib/python3.8/site-packages/airflow/example_dags/example_dynamic_task_mapping_with_no_taskflow_operators.py for tasks to queue
[2023-10-13T13:21:03.760+0000] {logging_mixin.py:151} INFO - [2023-10-13T13:21:03.760+0000] {dagbag.py:536} INFO - Filling up the DagBag from /home/airflow/.local/lib/python3.8/site-packages/airflow/example_dags/example_dynamic_task_mapping_with_no_taskflow_operators.py
[2023-10-13T13:21:03.774+0000] {processor.py:839} INFO - DAG(s) dict_keys(['example_dynamic_task_mapping_with_no_taskflow_operators']) retrieved from /home/airflow/.local/lib/python3.8/site-packages/airflow/example_dags/example_dynamic_task_mapping_with_no_taskflow_operators.py
[2023-10-13T13:21:03.815+0000] {logging_mixin.py:151} INFO - [2023-10-13T13:21:03.814+0000] {dag.py:2941} INFO - Sync 1 DAGs
[2023-10-13T13:21:03.879+0000] {logging_mixin.py:151} INFO - [2023-10-13T13:21:03.879+0000] {dag.py:3722} INFO - Setting next_dagrun for example_dynamic_task_mapping_with_no_taskflow_operators to 2023-10-12T13:21:03.878288+00:00, run_after=2023-10-13T13:21:03.878288+00:00
[2023-10-13T13:21:03.922+0000] {processor.py:179} INFO - Processing /home/airflow/.local/lib/python3.8/site-packages/airflow/example_dags/example_dynamic_task_mapping_with_no_taskflow_operators.py took 0.176 seconds
[2023-10-13T13:21:34.936+0000] {processor.py:157} INFO - Started process (PID=256) to work on /home/airflow/.local/lib/python3.8/site-packages/airflow/example_dags/example_dynamic_task_mapping_with_no_taskflow_operators.py
[2023-10-13T13:21:34.938+0000] {processor.py:829} INFO - Processing file /home/airflow/.local/lib/python3.8/site-packages/airflow/example_dags/example_dynamic_task_mapping_with_no_taskflow_operators.py for tasks to queue
[2023-10-13T13:21:34.943+0000] {logging_mixin.py:151} INFO - [2023-10-13T13:21:34.942+0000] {dagbag.py:536} INFO - Filling up the DagBag from /home/airflow/.local/lib/python3.8/site-packages/airflow/example_dags/example_dynamic_task_mapping_with_no_taskflow_operators.py
[2023-10-13T13:21:34.953+0000] {processor.py:839} INFO - DAG(s) dict_keys(['example_dynamic_task_mapping_with_no_taskflow_operators']) retrieved from /home/airflow/.local/lib/python3.8/site-packages/airflow/example_dags/example_dynamic_task_mapping_with_no_taskflow_operators.py
[2023-10-13T13:21:34.985+0000] {logging_mixin.py:151} INFO - [2023-10-13T13:21:34.984+0000] {dag.py:2941} INFO - Sync 1 DAGs
[2023-10-13T13:21:35.017+0000] {logging_mixin.py:151} INFO - [2023-10-13T13:21:35.017+0000] {dag.py:3722} INFO - Setting next_dagrun for example_dynamic_task_mapping_with_no_taskflow_operators to 2023-10-12T13:21:35.017261+00:00, run_after=2023-10-13T13:21:35.017261+00:00
[2023-10-13T13:21:35.049+0000] {processor.py:179} INFO - Processing /home/airflow/.local/lib/python3.8/site-packages/airflow/example_dags/example_dynamic_task_mapping_with_no_taskflow_operators.py took 0.117 seconds
[2023-10-13T13:22:05.618+0000] {processor.py:157} INFO - Started process (PID=310) to work on /home/airflow/.local/lib/python3.8/site-packages/airflow/example_dags/example_dynamic_task_mapping_with_no_taskflow_operators.py
[2023-10-13T13:22:05.621+0000] {processor.py:829} INFO - Processing file /home/airflow/.local/lib/python3.8/site-packages/airflow/example_dags/example_dynamic_task_mapping_with_no_taskflow_operators.py for tasks to queue
[2023-10-13T13:22:05.625+0000] {logging_mixin.py:151} INFO - [2023-10-13T13:22:05.624+0000] {dagbag.py:536} INFO - Filling up the DagBag from /home/airflow/.local/lib/python3.8/site-packages/airflow/example_dags/example_dynamic_task_mapping_with_no_taskflow_operators.py
[2023-10-13T13:22:05.636+0000] {processor.py:839} INFO - DAG(s) dict_keys(['example_dynamic_task_mapping_with_no_taskflow_operators']) retrieved from /home/airflow/.local/lib/python3.8/site-packages/airflow/example_dags/example_dynamic_task_mapping_with_no_taskflow_operators.py
[2023-10-13T13:22:05.671+0000] {logging_mixin.py:151} INFO - [2023-10-13T13:22:05.670+0000] {dag.py:2941} INFO - Sync 1 DAGs
[2023-10-13T13:22:05.708+0000] {logging_mixin.py:151} INFO - [2023-10-13T13:22:05.707+0000] {dag.py:3722} INFO - Setting next_dagrun for example_dynamic_task_mapping_with_no_taskflow_operators to 2023-10-12T13:22:05.707573+00:00, run_after=2023-10-13T13:22:05.707573+00:00
[2023-10-13T13:22:05.741+0000] {processor.py:179} INFO - Processing /home/airflow/.local/lib/python3.8/site-packages/airflow/example_dags/example_dynamic_task_mapping_with_no_taskflow_operators.py took 0.128 seconds
[2023-10-13T13:22:36.537+0000] {processor.py:157} INFO - Started process (PID=364) to work on /home/airflow/.local/lib/python3.8/site-packages/airflow/example_dags/example_dynamic_task_mapping_with_no_taskflow_operators.py
[2023-10-13T13:22:36.539+0000] {processor.py:829} INFO - Processing file /home/airflow/.local/lib/python3.8/site-packages/airflow/example_dags/example_dynamic_task_mapping_with_no_taskflow_operators.py for tasks to queue
[2023-10-13T13:22:36.542+0000] {logging_mixin.py:151} INFO - [2023-10-13T13:22:36.542+0000] {dagbag.py:536} INFO - Filling up the DagBag from /home/airflow/.local/lib/python3.8/site-packages/airflow/example_dags/example_dynamic_task_mapping_with_no_taskflow_operators.py
[2023-10-13T13:22:36.551+0000] {processor.py:839} INFO - DAG(s) dict_keys(['example_dynamic_task_mapping_with_no_taskflow_operators']) retrieved from /home/airflow/.local/lib/python3.8/site-packages/airflow/example_dags/example_dynamic_task_mapping_with_no_taskflow_operators.py
[2023-10-13T13:22:36.579+0000] {logging_mixin.py:151} INFO - [2023-10-13T13:22:36.579+0000] {dag.py:2941} INFO - Sync 1 DAGs
[2023-10-13T13:22:36.607+0000] {logging_mixin.py:151} INFO - [2023-10-13T13:22:36.606+0000] {dag.py:3722} INFO - Setting next_dagrun for example_dynamic_task_mapping_with_no_taskflow_operators to 2023-10-12T13:22:36.606669+00:00, run_after=2023-10-13T13:22:36.606669+00:00
[2023-10-13T13:22:36.639+0000] {processor.py:179} INFO - Processing /home/airflow/.local/lib/python3.8/site-packages/airflow/example_dags/example_dynamic_task_mapping_with_no_taskflow_operators.py took 0.106 seconds
[2023-10-13T13:23:07.418+0000] {processor.py:157} INFO - Started process (PID=418) to work on /home/airflow/.local/lib/python3.8/site-packages/airflow/example_dags/example_dynamic_task_mapping_with_no_taskflow_operators.py
[2023-10-13T13:23:07.420+0000] {processor.py:829} INFO - Processing file /home/airflow/.local/lib/python3.8/site-packages/airflow/example_dags/example_dynamic_task_mapping_with_no_taskflow_operators.py for tasks to queue
[2023-10-13T13:23:07.423+0000] {logging_mixin.py:151} INFO - [2023-10-13T13:23:07.423+0000] {dagbag.py:536} INFO - Filling up the DagBag from /home/airflow/.local/lib/python3.8/site-packages/airflow/example_dags/example_dynamic_task_mapping_with_no_taskflow_operators.py
[2023-10-13T13:23:07.437+0000] {processor.py:839} INFO - DAG(s) dict_keys(['example_dynamic_task_mapping_with_no_taskflow_operators']) retrieved from /home/airflow/.local/lib/python3.8/site-packages/airflow/example_dags/example_dynamic_task_mapping_with_no_taskflow_operators.py
[2023-10-13T13:23:07.470+0000] {logging_mixin.py:151} INFO - [2023-10-13T13:23:07.470+0000] {dag.py:2941} INFO - Sync 1 DAGs
[2023-10-13T13:23:07.506+0000] {logging_mixin.py:151} INFO - [2023-10-13T13:23:07.505+0000] {dag.py:3722} INFO - Setting next_dagrun for example_dynamic_task_mapping_with_no_taskflow_operators to 2023-10-12T13:23:07.505067+00:00, run_after=2023-10-13T13:23:07.505067+00:00
[2023-10-13T13:23:07.540+0000] {processor.py:179} INFO - Processing /home/airflow/.local/lib/python3.8/site-packages/airflow/example_dags/example_dynamic_task_mapping_with_no_taskflow_operators.py took 0.125 seconds
[2023-10-13T13:23:37.858+0000] {processor.py:157} INFO - Started process (PID=472) to work on /home/airflow/.local/lib/python3.8/site-packages/airflow/example_dags/example_dynamic_task_mapping_with_no_taskflow_operators.py
[2023-10-13T13:23:37.860+0000] {processor.py:829} INFO - Processing file /home/airflow/.local/lib/python3.8/site-packages/airflow/example_dags/example_dynamic_task_mapping_with_no_taskflow_operators.py for tasks to queue
[2023-10-13T13:23:37.864+0000] {logging_mixin.py:151} INFO - [2023-10-13T13:23:37.864+0000] {dagbag.py:536} INFO - Filling up the DagBag from /home/airflow/.local/lib/python3.8/site-packages/airflow/example_dags/example_dynamic_task_mapping_with_no_taskflow_operators.py
[2023-10-13T13:23:37.872+0000] {processor.py:839} INFO - DAG(s) dict_keys(['example_dynamic_task_mapping_with_no_taskflow_operators']) retrieved from /home/airflow/.local/lib/python3.8/site-packages/airflow/example_dags/example_dynamic_task_mapping_with_no_taskflow_operators.py
[2023-10-13T13:23:37.900+0000] {logging_mixin.py:151} INFO - [2023-10-13T13:23:37.900+0000] {dag.py:2941} INFO - Sync 1 DAGs
[2023-10-13T13:23:37.927+0000] {logging_mixin.py:151} INFO - [2023-10-13T13:23:37.927+0000] {dag.py:3722} INFO - Setting next_dagrun for example_dynamic_task_mapping_with_no_taskflow_operators to 2023-10-12T13:23:37.927299+00:00, run_after=2023-10-13T13:23:37.927299+00:00
[2023-10-13T13:23:37.956+0000] {processor.py:179} INFO - Processing /home/airflow/.local/lib/python3.8/site-packages/airflow/example_dags/example_dynamic_task_mapping_with_no_taskflow_operators.py took 0.102 seconds
[2023-10-13T13:24:08.421+0000] {processor.py:157} INFO - Started process (PID=526) to work on /home/airflow/.local/lib/python3.8/site-packages/airflow/example_dags/example_dynamic_task_mapping_with_no_taskflow_operators.py
[2023-10-13T13:24:08.424+0000] {processor.py:829} INFO - Processing file /home/airflow/.local/lib/python3.8/site-packages/airflow/example_dags/example_dynamic_task_mapping_with_no_taskflow_operators.py for tasks to queue
[2023-10-13T13:24:08.427+0000] {logging_mixin.py:151} INFO - [2023-10-13T13:24:08.427+0000] {dagbag.py:536} INFO - Filling up the DagBag from /home/airflow/.local/lib/python3.8/site-packages/airflow/example_dags/example_dynamic_task_mapping_with_no_taskflow_operators.py
[2023-10-13T13:24:08.435+0000] {processor.py:839} INFO - DAG(s) dict_keys(['example_dynamic_task_mapping_with_no_taskflow_operators']) retrieved from /home/airflow/.local/lib/python3.8/site-packages/airflow/example_dags/example_dynamic_task_mapping_with_no_taskflow_operators.py
[2023-10-13T13:24:08.463+0000] {logging_mixin.py:151} INFO - [2023-10-13T13:24:08.462+0000] {dag.py:2941} INFO - Sync 1 DAGs
[2023-10-13T13:24:08.497+0000] {logging_mixin.py:151} INFO - [2023-10-13T13:24:08.497+0000] {dag.py:3722} INFO - Setting next_dagrun for example_dynamic_task_mapping_with_no_taskflow_operators to 2023-10-12T13:24:08.497066+00:00, run_after=2023-10-13T13:24:08.497066+00:00
[2023-10-13T13:24:08.529+0000] {processor.py:179} INFO - Processing /home/airflow/.local/lib/python3.8/site-packages/airflow/example_dags/example_dynamic_task_mapping_with_no_taskflow_operators.py took 0.111 seconds
[2023-10-13T13:24:38.753+0000] {processor.py:157} INFO - Started process (PID=580) to work on /home/airflow/.local/lib/python3.8/site-packages/airflow/example_dags/example_dynamic_task_mapping_with_no_taskflow_operators.py
[2023-10-13T13:24:38.756+0000] {processor.py:829} INFO - Processing file /home/airflow/.local/lib/python3.8/site-packages/airflow/example_dags/example_dynamic_task_mapping_with_no_taskflow_operators.py for tasks to queue
[2023-10-13T13:24:38.761+0000] {logging_mixin.py:151} INFO - [2023-10-13T13:24:38.761+0000] {dagbag.py:536} INFO - Filling up the DagBag from /home/airflow/.local/lib/python3.8/site-packages/airflow/example_dags/example_dynamic_task_mapping_with_no_taskflow_operators.py
[2023-10-13T13:24:38.771+0000] {processor.py:839} INFO - DAG(s) dict_keys(['example_dynamic_task_mapping_with_no_taskflow_operators']) retrieved from /home/airflow/.local/lib/python3.8/site-packages/airflow/example_dags/example_dynamic_task_mapping_with_no_taskflow_operators.py
[2023-10-13T13:24:38.807+0000] {logging_mixin.py:151} INFO - [2023-10-13T13:24:38.807+0000] {dag.py:2941} INFO - Sync 1 DAGs
[2023-10-13T13:24:38.857+0000] {logging_mixin.py:151} INFO - [2023-10-13T13:24:38.856+0000] {dag.py:3722} INFO - Setting next_dagrun for example_dynamic_task_mapping_with_no_taskflow_operators to 2023-10-12T13:24:38.856064+00:00, run_after=2023-10-13T13:24:38.856064+00:00
[2023-10-13T13:24:38.919+0000] {processor.py:179} INFO - Processing /home/airflow/.local/lib/python3.8/site-packages/airflow/example_dags/example_dynamic_task_mapping_with_no_taskflow_operators.py took 0.169 seconds
[2023-10-13T13:25:09.135+0000] {processor.py:157} INFO - Started process (PID=641) to work on /home/airflow/.local/lib/python3.8/site-packages/airflow/example_dags/example_dynamic_task_mapping_with_no_taskflow_operators.py
[2023-10-13T13:25:09.145+0000] {processor.py:829} INFO - Processing file /home/airflow/.local/lib/python3.8/site-packages/airflow/example_dags/example_dynamic_task_mapping_with_no_taskflow_operators.py for tasks to queue
[2023-10-13T13:25:09.153+0000] {logging_mixin.py:151} INFO - [2023-10-13T13:25:09.152+0000] {dagbag.py:536} INFO - Filling up the DagBag from /home/airflow/.local/lib/python3.8/site-packages/airflow/example_dags/example_dynamic_task_mapping_with_no_taskflow_operators.py
[2023-10-13T13:25:09.181+0000] {processor.py:839} INFO - DAG(s) dict_keys(['example_dynamic_task_mapping_with_no_taskflow_operators']) retrieved from /home/airflow/.local/lib/python3.8/site-packages/airflow/example_dags/example_dynamic_task_mapping_with_no_taskflow_operators.py
[2023-10-13T13:25:09.251+0000] {logging_mixin.py:151} INFO - [2023-10-13T13:25:09.251+0000] {dag.py:2941} INFO - Sync 1 DAGs
[2023-10-13T13:25:09.322+0000] {logging_mixin.py:151} INFO - [2023-10-13T13:25:09.322+0000] {dag.py:3722} INFO - Setting next_dagrun for example_dynamic_task_mapping_with_no_taskflow_operators to 2023-10-12T13:25:09.321519+00:00, run_after=2023-10-13T13:25:09.321519+00:00
[2023-10-13T13:25:09.491+0000] {processor.py:179} INFO - Processing /home/airflow/.local/lib/python3.8/site-packages/airflow/example_dags/example_dynamic_task_mapping_with_no_taskflow_operators.py took 0.363 seconds
[2023-10-13T13:25:39.989+0000] {processor.py:157} INFO - Started process (PID=695) to work on /home/airflow/.local/lib/python3.8/site-packages/airflow/example_dags/example_dynamic_task_mapping_with_no_taskflow_operators.py
[2023-10-13T13:25:39.991+0000] {processor.py:829} INFO - Processing file /home/airflow/.local/lib/python3.8/site-packages/airflow/example_dags/example_dynamic_task_mapping_with_no_taskflow_operators.py for tasks to queue
[2023-10-13T13:25:39.995+0000] {logging_mixin.py:151} INFO - [2023-10-13T13:25:39.994+0000] {dagbag.py:536} INFO - Filling up the DagBag from /home/airflow/.local/lib/python3.8/site-packages/airflow/example_dags/example_dynamic_task_mapping_with_no_taskflow_operators.py
[2023-10-13T13:25:40.004+0000] {processor.py:839} INFO - DAG(s) dict_keys(['example_dynamic_task_mapping_with_no_taskflow_operators']) retrieved from /home/airflow/.local/lib/python3.8/site-packages/airflow/example_dags/example_dynamic_task_mapping_with_no_taskflow_operators.py
[2023-10-13T13:25:40.036+0000] {logging_mixin.py:151} INFO - [2023-10-13T13:25:40.036+0000] {dag.py:2941} INFO - Sync 1 DAGs
[2023-10-13T13:25:40.065+0000] {logging_mixin.py:151} INFO - [2023-10-13T13:25:40.064+0000] {dag.py:3722} INFO - Setting next_dagrun for example_dynamic_task_mapping_with_no_taskflow_operators to 2023-10-12T13:25:40.064665+00:00, run_after=2023-10-13T13:25:40.064665+00:00
[2023-10-13T13:25:40.097+0000] {processor.py:179} INFO - Processing /home/airflow/.local/lib/python3.8/site-packages/airflow/example_dags/example_dynamic_task_mapping_with_no_taskflow_operators.py took 0.111 seconds
[2023-10-13T13:26:10.826+0000] {processor.py:157} INFO - Started process (PID=749) to work on /home/airflow/.local/lib/python3.8/site-packages/airflow/example_dags/example_dynamic_task_mapping_with_no_taskflow_operators.py
[2023-10-13T13:26:10.828+0000] {processor.py:829} INFO - Processing file /home/airflow/.local/lib/python3.8/site-packages/airflow/example_dags/example_dynamic_task_mapping_with_no_taskflow_operators.py for tasks to queue
[2023-10-13T13:26:10.832+0000] {logging_mixin.py:151} INFO - [2023-10-13T13:26:10.831+0000] {dagbag.py:536} INFO - Filling up the DagBag from /home/airflow/.local/lib/python3.8/site-packages/airflow/example_dags/example_dynamic_task_mapping_with_no_taskflow_operators.py
[2023-10-13T13:26:10.846+0000] {processor.py:839} INFO - DAG(s) dict_keys(['example_dynamic_task_mapping_with_no_taskflow_operators']) retrieved from /home/airflow/.local/lib/python3.8/site-packages/airflow/example_dags/example_dynamic_task_mapping_with_no_taskflow_operators.py
[2023-10-13T13:26:10.884+0000] {logging_mixin.py:151} INFO - [2023-10-13T13:26:10.884+0000] {dag.py:2941} INFO - Sync 1 DAGs
[2023-10-13T13:26:10.921+0000] {logging_mixin.py:151} INFO - [2023-10-13T13:26:10.920+0000] {dag.py:3722} INFO - Setting next_dagrun for example_dynamic_task_mapping_with_no_taskflow_operators to 2023-10-12T13:26:10.920437+00:00, run_after=2023-10-13T13:26:10.920437+00:00
[2023-10-13T13:26:10.952+0000] {processor.py:179} INFO - Processing /home/airflow/.local/lib/python3.8/site-packages/airflow/example_dags/example_dynamic_task_mapping_with_no_taskflow_operators.py took 0.133 seconds
[2023-10-13T13:26:42.355+0000] {processor.py:157} INFO - Started process (PID=803) to work on /home/airflow/.local/lib/python3.8/site-packages/airflow/example_dags/example_dynamic_task_mapping_with_no_taskflow_operators.py
[2023-10-13T13:26:42.358+0000] {processor.py:829} INFO - Processing file /home/airflow/.local/lib/python3.8/site-packages/airflow/example_dags/example_dynamic_task_mapping_with_no_taskflow_operators.py for tasks to queue
[2023-10-13T13:26:42.362+0000] {logging_mixin.py:151} INFO - [2023-10-13T13:26:42.361+0000] {dagbag.py:536} INFO - Filling up the DagBag from /home/airflow/.local/lib/python3.8/site-packages/airflow/example_dags/example_dynamic_task_mapping_with_no_taskflow_operators.py
[2023-10-13T13:26:42.376+0000] {processor.py:839} INFO - DAG(s) dict_keys(['example_dynamic_task_mapping_with_no_taskflow_operators']) retrieved from /home/airflow/.local/lib/python3.8/site-packages/airflow/example_dags/example_dynamic_task_mapping_with_no_taskflow_operators.py
[2023-10-13T13:26:42.450+0000] {logging_mixin.py:151} INFO - [2023-10-13T13:26:42.449+0000] {dag.py:2941} INFO - Sync 1 DAGs
[2023-10-13T13:26:42.489+0000] {logging_mixin.py:151} INFO - [2023-10-13T13:26:42.488+0000] {dag.py:3722} INFO - Setting next_dagrun for example_dynamic_task_mapping_with_no_taskflow_operators to 2023-10-12T13:26:42.488530+00:00, run_after=2023-10-13T13:26:42.488530+00:00
[2023-10-13T13:26:42.524+0000] {processor.py:179} INFO - Processing /home/airflow/.local/lib/python3.8/site-packages/airflow/example_dags/example_dynamic_task_mapping_with_no_taskflow_operators.py took 0.175 seconds
[2023-10-13T13:27:13.175+0000] {processor.py:157} INFO - Started process (PID=857) to work on /home/airflow/.local/lib/python3.8/site-packages/airflow/example_dags/example_dynamic_task_mapping_with_no_taskflow_operators.py
[2023-10-13T13:27:13.177+0000] {processor.py:829} INFO - Processing file /home/airflow/.local/lib/python3.8/site-packages/airflow/example_dags/example_dynamic_task_mapping_with_no_taskflow_operators.py for tasks to queue
[2023-10-13T13:27:13.182+0000] {logging_mixin.py:151} INFO - [2023-10-13T13:27:13.181+0000] {dagbag.py:536} INFO - Filling up the DagBag from /home/airflow/.local/lib/python3.8/site-packages/airflow/example_dags/example_dynamic_task_mapping_with_no_taskflow_operators.py
[2023-10-13T13:27:13.194+0000] {processor.py:839} INFO - DAG(s) dict_keys(['example_dynamic_task_mapping_with_no_taskflow_operators']) retrieved from /home/airflow/.local/lib/python3.8/site-packages/airflow/example_dags/example_dynamic_task_mapping_with_no_taskflow_operators.py
[2023-10-13T13:27:13.229+0000] {logging_mixin.py:151} INFO - [2023-10-13T13:27:13.229+0000] {dag.py:2941} INFO - Sync 1 DAGs
[2023-10-13T13:27:13.267+0000] {logging_mixin.py:151} INFO - [2023-10-13T13:27:13.267+0000] {dag.py:3722} INFO - Setting next_dagrun for example_dynamic_task_mapping_with_no_taskflow_operators to 2023-10-12T13:27:13.267014+00:00, run_after=2023-10-13T13:27:13.267014+00:00
[2023-10-13T13:27:13.316+0000] {processor.py:179} INFO - Processing /home/airflow/.local/lib/python3.8/site-packages/airflow/example_dags/example_dynamic_task_mapping_with_no_taskflow_operators.py took 0.146 seconds
[2023-10-13T13:27:43.910+0000] {processor.py:157} INFO - Started process (PID=911) to work on /home/airflow/.local/lib/python3.8/site-packages/airflow/example_dags/example_dynamic_task_mapping_with_no_taskflow_operators.py
[2023-10-13T13:27:43.912+0000] {processor.py:829} INFO - Processing file /home/airflow/.local/lib/python3.8/site-packages/airflow/example_dags/example_dynamic_task_mapping_with_no_taskflow_operators.py for tasks to queue
[2023-10-13T13:27:43.918+0000] {logging_mixin.py:151} INFO - [2023-10-13T13:27:43.917+0000] {dagbag.py:536} INFO - Filling up the DagBag from /home/airflow/.local/lib/python3.8/site-packages/airflow/example_dags/example_dynamic_task_mapping_with_no_taskflow_operators.py
[2023-10-13T13:27:43.930+0000] {processor.py:839} INFO - DAG(s) dict_keys(['example_dynamic_task_mapping_with_no_taskflow_operators']) retrieved from /home/airflow/.local/lib/python3.8/site-packages/airflow/example_dags/example_dynamic_task_mapping_with_no_taskflow_operators.py
[2023-10-13T13:27:43.968+0000] {logging_mixin.py:151} INFO - [2023-10-13T13:27:43.968+0000] {dag.py:2941} INFO - Sync 1 DAGs
[2023-10-13T13:27:44.024+0000] {logging_mixin.py:151} INFO - [2023-10-13T13:27:44.023+0000] {dag.py:3722} INFO - Setting next_dagrun for example_dynamic_task_mapping_with_no_taskflow_operators to 2023-10-12T13:27:44.023215+00:00, run_after=2023-10-13T13:27:44.023215+00:00
[2023-10-13T13:27:44.068+0000] {processor.py:179} INFO - Processing /home/airflow/.local/lib/python3.8/site-packages/airflow/example_dags/example_dynamic_task_mapping_with_no_taskflow_operators.py took 0.163 seconds
[2023-10-13T13:28:16.319+0000] {processor.py:157} INFO - Started process (PID=965) to work on /home/airflow/.local/lib/python3.8/site-packages/airflow/example_dags/example_dynamic_task_mapping_with_no_taskflow_operators.py
[2023-10-13T13:28:16.322+0000] {processor.py:829} INFO - Processing file /home/airflow/.local/lib/python3.8/site-packages/airflow/example_dags/example_dynamic_task_mapping_with_no_taskflow_operators.py for tasks to queue
[2023-10-13T13:28:16.330+0000] {logging_mixin.py:151} INFO - [2023-10-13T13:28:16.329+0000] {dagbag.py:536} INFO - Filling up the DagBag from /home/airflow/.local/lib/python3.8/site-packages/airflow/example_dags/example_dynamic_task_mapping_with_no_taskflow_operators.py
[2023-10-13T13:28:16.345+0000] {processor.py:839} INFO - DAG(s) dict_keys(['example_dynamic_task_mapping_with_no_taskflow_operators']) retrieved from /home/airflow/.local/lib/python3.8/site-packages/airflow/example_dags/example_dynamic_task_mapping_with_no_taskflow_operators.py
[2023-10-13T13:28:16.390+0000] {logging_mixin.py:151} INFO - [2023-10-13T13:28:16.389+0000] {dag.py:2941} INFO - Sync 1 DAGs
[2023-10-13T13:28:16.448+0000] {logging_mixin.py:151} INFO - [2023-10-13T13:28:16.447+0000] {dag.py:3722} INFO - Setting next_dagrun for example_dynamic_task_mapping_with_no_taskflow_operators to 2023-10-12T13:28:16.447346+00:00, run_after=2023-10-13T13:28:16.447346+00:00
[2023-10-13T13:28:16.490+0000] {processor.py:179} INFO - Processing /home/airflow/.local/lib/python3.8/site-packages/airflow/example_dags/example_dynamic_task_mapping_with_no_taskflow_operators.py took 0.177 seconds
[2023-10-13T13:28:46.775+0000] {processor.py:157} INFO - Started process (PID=1019) to work on /home/airflow/.local/lib/python3.8/site-packages/airflow/example_dags/example_dynamic_task_mapping_with_no_taskflow_operators.py
[2023-10-13T13:28:46.777+0000] {processor.py:829} INFO - Processing file /home/airflow/.local/lib/python3.8/site-packages/airflow/example_dags/example_dynamic_task_mapping_with_no_taskflow_operators.py for tasks to queue
[2023-10-13T13:28:46.780+0000] {logging_mixin.py:151} INFO - [2023-10-13T13:28:46.779+0000] {dagbag.py:536} INFO - Filling up the DagBag from /home/airflow/.local/lib/python3.8/site-packages/airflow/example_dags/example_dynamic_task_mapping_with_no_taskflow_operators.py
[2023-10-13T13:28:46.788+0000] {processor.py:839} INFO - DAG(s) dict_keys(['example_dynamic_task_mapping_with_no_taskflow_operators']) retrieved from /home/airflow/.local/lib/python3.8/site-packages/airflow/example_dags/example_dynamic_task_mapping_with_no_taskflow_operators.py
[2023-10-13T13:28:46.821+0000] {logging_mixin.py:151} INFO - [2023-10-13T13:28:46.821+0000] {dag.py:2941} INFO - Sync 1 DAGs
[2023-10-13T13:28:46.851+0000] {logging_mixin.py:151} INFO - [2023-10-13T13:28:46.850+0000] {dag.py:3722} INFO - Setting next_dagrun for example_dynamic_task_mapping_with_no_taskflow_operators to 2023-10-12T13:28:46.850366+00:00, run_after=2023-10-13T13:28:46.850366+00:00
[2023-10-13T13:28:46.882+0000] {processor.py:179} INFO - Processing /home/airflow/.local/lib/python3.8/site-packages/airflow/example_dags/example_dynamic_task_mapping_with_no_taskflow_operators.py took 0.110 seconds
[2023-10-13T13:29:16.935+0000] {processor.py:157} INFO - Started process (PID=1072) to work on /home/airflow/.local/lib/python3.8/site-packages/airflow/example_dags/example_dynamic_task_mapping_with_no_taskflow_operators.py
[2023-10-13T13:29:16.937+0000] {processor.py:829} INFO - Processing file /home/airflow/.local/lib/python3.8/site-packages/airflow/example_dags/example_dynamic_task_mapping_with_no_taskflow_operators.py for tasks to queue
[2023-10-13T13:29:16.940+0000] {logging_mixin.py:151} INFO - [2023-10-13T13:29:16.940+0000] {dagbag.py:536} INFO - Filling up the DagBag from /home/airflow/.local/lib/python3.8/site-packages/airflow/example_dags/example_dynamic_task_mapping_with_no_taskflow_operators.py
[2023-10-13T13:29:16.949+0000] {processor.py:839} INFO - DAG(s) dict_keys(['example_dynamic_task_mapping_with_no_taskflow_operators']) retrieved from /home/airflow/.local/lib/python3.8/site-packages/airflow/example_dags/example_dynamic_task_mapping_with_no_taskflow_operators.py
[2023-10-13T13:29:16.978+0000] {logging_mixin.py:151} INFO - [2023-10-13T13:29:16.978+0000] {dag.py:2941} INFO - Sync 1 DAGs
[2023-10-13T13:29:17.005+0000] {logging_mixin.py:151} INFO - [2023-10-13T13:29:17.005+0000] {dag.py:3722} INFO - Setting next_dagrun for example_dynamic_task_mapping_with_no_taskflow_operators to 2023-10-12T13:29:17.004659+00:00, run_after=2023-10-13T13:29:17.004659+00:00
[2023-10-13T13:29:17.035+0000] {processor.py:179} INFO - Processing /home/airflow/.local/lib/python3.8/site-packages/airflow/example_dags/example_dynamic_task_mapping_with_no_taskflow_operators.py took 0.105 seconds
[2023-10-13T13:29:56.649+0000] {processor.py:157} INFO - Started process (PID=1127) to work on /home/airflow/.local/lib/python3.8/site-packages/airflow/example_dags/example_dynamic_task_mapping_with_no_taskflow_operators.py
[2023-10-13T13:29:56.651+0000] {processor.py:829} INFO - Processing file /home/airflow/.local/lib/python3.8/site-packages/airflow/example_dags/example_dynamic_task_mapping_with_no_taskflow_operators.py for tasks to queue
[2023-10-13T13:29:56.655+0000] {logging_mixin.py:151} INFO - [2023-10-13T13:29:56.654+0000] {dagbag.py:536} INFO - Filling up the DagBag from /home/airflow/.local/lib/python3.8/site-packages/airflow/example_dags/example_dynamic_task_mapping_with_no_taskflow_operators.py
[2023-10-13T13:29:56.664+0000] {processor.py:839} INFO - DAG(s) dict_keys(['example_dynamic_task_mapping_with_no_taskflow_operators']) retrieved from /home/airflow/.local/lib/python3.8/site-packages/airflow/example_dags/example_dynamic_task_mapping_with_no_taskflow_operators.py
[2023-10-13T13:29:56.692+0000] {logging_mixin.py:151} INFO - [2023-10-13T13:29:56.692+0000] {dag.py:2941} INFO - Sync 1 DAGs
[2023-10-13T13:29:56.729+0000] {logging_mixin.py:151} INFO - [2023-10-13T13:29:56.729+0000] {dag.py:3722} INFO - Setting next_dagrun for example_dynamic_task_mapping_with_no_taskflow_operators to 2023-10-12T13:29:56.728671+00:00, run_after=2023-10-13T13:29:56.728671+00:00
[2023-10-13T13:29:56.761+0000] {processor.py:179} INFO - Processing /home/airflow/.local/lib/python3.8/site-packages/airflow/example_dags/example_dynamic_task_mapping_with_no_taskflow_operators.py took 0.117 seconds
[2023-10-13T13:30:28.234+0000] {processor.py:157} INFO - Started process (PID=1181) to work on /home/airflow/.local/lib/python3.8/site-packages/airflow/example_dags/example_dynamic_task_mapping_with_no_taskflow_operators.py
[2023-10-13T13:30:28.237+0000] {processor.py:829} INFO - Processing file /home/airflow/.local/lib/python3.8/site-packages/airflow/example_dags/example_dynamic_task_mapping_with_no_taskflow_operators.py for tasks to queue
[2023-10-13T13:30:28.243+0000] {logging_mixin.py:151} INFO - [2023-10-13T13:30:28.242+0000] {dagbag.py:536} INFO - Filling up the DagBag from /home/airflow/.local/lib/python3.8/site-packages/airflow/example_dags/example_dynamic_task_mapping_with_no_taskflow_operators.py
[2023-10-13T13:30:28.259+0000] {processor.py:839} INFO - DAG(s) dict_keys(['example_dynamic_task_mapping_with_no_taskflow_operators']) retrieved from /home/airflow/.local/lib/python3.8/site-packages/airflow/example_dags/example_dynamic_task_mapping_with_no_taskflow_operators.py
[2023-10-13T13:30:28.354+0000] {logging_mixin.py:151} INFO - [2023-10-13T13:30:28.354+0000] {dag.py:2941} INFO - Sync 1 DAGs
[2023-10-13T13:30:28.585+0000] {logging_mixin.py:151} INFO - [2023-10-13T13:30:28.584+0000] {dag.py:3722} INFO - Setting next_dagrun for example_dynamic_task_mapping_with_no_taskflow_operators to 2023-10-12T13:30:28.584543+00:00, run_after=2023-10-13T13:30:28.584543+00:00
[2023-10-13T13:30:28.623+0000] {processor.py:179} INFO - Processing /home/airflow/.local/lib/python3.8/site-packages/airflow/example_dags/example_dynamic_task_mapping_with_no_taskflow_operators.py took 0.397 seconds
[2023-10-13T13:30:59.315+0000] {processor.py:157} INFO - Started process (PID=1235) to work on /home/airflow/.local/lib/python3.8/site-packages/airflow/example_dags/example_dynamic_task_mapping_with_no_taskflow_operators.py
[2023-10-13T13:30:59.317+0000] {processor.py:829} INFO - Processing file /home/airflow/.local/lib/python3.8/site-packages/airflow/example_dags/example_dynamic_task_mapping_with_no_taskflow_operators.py for tasks to queue
[2023-10-13T13:30:59.321+0000] {logging_mixin.py:151} INFO - [2023-10-13T13:30:59.320+0000] {dagbag.py:536} INFO - Filling up the DagBag from /home/airflow/.local/lib/python3.8/site-packages/airflow/example_dags/example_dynamic_task_mapping_with_no_taskflow_operators.py
[2023-10-13T13:30:59.330+0000] {processor.py:839} INFO - DAG(s) dict_keys(['example_dynamic_task_mapping_with_no_taskflow_operators']) retrieved from /home/airflow/.local/lib/python3.8/site-packages/airflow/example_dags/example_dynamic_task_mapping_with_no_taskflow_operators.py
[2023-10-13T13:30:59.357+0000] {logging_mixin.py:151} INFO - [2023-10-13T13:30:59.357+0000] {dag.py:2941} INFO - Sync 1 DAGs
[2023-10-13T13:30:59.400+0000] {logging_mixin.py:151} INFO - [2023-10-13T13:30:59.400+0000] {dag.py:3722} INFO - Setting next_dagrun for example_dynamic_task_mapping_with_no_taskflow_operators to 2023-10-12T13:30:59.399642+00:00, run_after=2023-10-13T13:30:59.399642+00:00
[2023-10-13T13:30:59.431+0000] {processor.py:179} INFO - Processing /home/airflow/.local/lib/python3.8/site-packages/airflow/example_dags/example_dynamic_task_mapping_with_no_taskflow_operators.py took 0.123 seconds
[2023-10-13T13:31:30.314+0000] {processor.py:157} INFO - Started process (PID=1289) to work on /home/airflow/.local/lib/python3.8/site-packages/airflow/example_dags/example_dynamic_task_mapping_with_no_taskflow_operators.py
[2023-10-13T13:31:30.316+0000] {processor.py:829} INFO - Processing file /home/airflow/.local/lib/python3.8/site-packages/airflow/example_dags/example_dynamic_task_mapping_with_no_taskflow_operators.py for tasks to queue
[2023-10-13T13:31:30.322+0000] {logging_mixin.py:151} INFO - [2023-10-13T13:31:30.321+0000] {dagbag.py:536} INFO - Filling up the DagBag from /home/airflow/.local/lib/python3.8/site-packages/airflow/example_dags/example_dynamic_task_mapping_with_no_taskflow_operators.py
[2023-10-13T13:31:30.337+0000] {processor.py:839} INFO - DAG(s) dict_keys(['example_dynamic_task_mapping_with_no_taskflow_operators']) retrieved from /home/airflow/.local/lib/python3.8/site-packages/airflow/example_dags/example_dynamic_task_mapping_with_no_taskflow_operators.py
[2023-10-13T13:31:30.382+0000] {logging_mixin.py:151} INFO - [2023-10-13T13:31:30.381+0000] {dag.py:2941} INFO - Sync 1 DAGs
[2023-10-13T13:31:30.437+0000] {logging_mixin.py:151} INFO - [2023-10-13T13:31:30.436+0000] {dag.py:3722} INFO - Setting next_dagrun for example_dynamic_task_mapping_with_no_taskflow_operators to 2023-10-12T13:31:30.435989+00:00, run_after=2023-10-13T13:31:30.435989+00:00
[2023-10-13T13:31:30.478+0000] {processor.py:179} INFO - Processing /home/airflow/.local/lib/python3.8/site-packages/airflow/example_dags/example_dynamic_task_mapping_with_no_taskflow_operators.py took 0.172 seconds
[2023-10-13T13:32:00.989+0000] {processor.py:157} INFO - Started process (PID=1343) to work on /home/airflow/.local/lib/python3.8/site-packages/airflow/example_dags/example_dynamic_task_mapping_with_no_taskflow_operators.py
[2023-10-13T13:32:00.990+0000] {processor.py:829} INFO - Processing file /home/airflow/.local/lib/python3.8/site-packages/airflow/example_dags/example_dynamic_task_mapping_with_no_taskflow_operators.py for tasks to queue
[2023-10-13T13:32:00.994+0000] {logging_mixin.py:151} INFO - [2023-10-13T13:32:00.994+0000] {dagbag.py:536} INFO - Filling up the DagBag from /home/airflow/.local/lib/python3.8/site-packages/airflow/example_dags/example_dynamic_task_mapping_with_no_taskflow_operators.py
[2023-10-13T13:32:01.007+0000] {processor.py:839} INFO - DAG(s) dict_keys(['example_dynamic_task_mapping_with_no_taskflow_operators']) retrieved from /home/airflow/.local/lib/python3.8/site-packages/airflow/example_dags/example_dynamic_task_mapping_with_no_taskflow_operators.py
[2023-10-13T13:32:01.042+0000] {logging_mixin.py:151} INFO - [2023-10-13T13:32:01.042+0000] {dag.py:2941} INFO - Sync 1 DAGs
[2023-10-13T13:32:01.262+0000] {logging_mixin.py:151} INFO - [2023-10-13T13:32:01.262+0000] {dag.py:3722} INFO - Setting next_dagrun for example_dynamic_task_mapping_with_no_taskflow_operators to 2023-10-12T13:32:01.262362+00:00, run_after=2023-10-13T13:32:01.262362+00:00
[2023-10-13T13:32:01.299+0000] {processor.py:179} INFO - Processing /home/airflow/.local/lib/python3.8/site-packages/airflow/example_dags/example_dynamic_task_mapping_with_no_taskflow_operators.py took 0.317 seconds
[2023-10-13T13:32:32.539+0000] {processor.py:157} INFO - Started process (PID=1397) to work on /home/airflow/.local/lib/python3.8/site-packages/airflow/example_dags/example_dynamic_task_mapping_with_no_taskflow_operators.py
[2023-10-13T13:32:32.541+0000] {processor.py:829} INFO - Processing file /home/airflow/.local/lib/python3.8/site-packages/airflow/example_dags/example_dynamic_task_mapping_with_no_taskflow_operators.py for tasks to queue
[2023-10-13T13:32:32.545+0000] {logging_mixin.py:151} INFO - [2023-10-13T13:32:32.545+0000] {dagbag.py:536} INFO - Filling up the DagBag from /home/airflow/.local/lib/python3.8/site-packages/airflow/example_dags/example_dynamic_task_mapping_with_no_taskflow_operators.py
[2023-10-13T13:32:32.558+0000] {processor.py:839} INFO - DAG(s) dict_keys(['example_dynamic_task_mapping_with_no_taskflow_operators']) retrieved from /home/airflow/.local/lib/python3.8/site-packages/airflow/example_dags/example_dynamic_task_mapping_with_no_taskflow_operators.py
[2023-10-13T13:32:32.596+0000] {logging_mixin.py:151} INFO - [2023-10-13T13:32:32.596+0000] {dag.py:2941} INFO - Sync 1 DAGs
[2023-10-13T13:32:32.634+0000] {logging_mixin.py:151} INFO - [2023-10-13T13:32:32.633+0000] {dag.py:3722} INFO - Setting next_dagrun for example_dynamic_task_mapping_with_no_taskflow_operators to 2023-10-12T13:32:32.633549+00:00, run_after=2023-10-13T13:32:32.633549+00:00
[2023-10-13T13:32:34.115+0000] {processor.py:179} INFO - Processing /home/airflow/.local/lib/python3.8/site-packages/airflow/example_dags/example_dynamic_task_mapping_with_no_taskflow_operators.py took 1.583 seconds
[2023-10-13T13:33:04.556+0000] {processor.py:157} INFO - Started process (PID=1452) to work on /home/airflow/.local/lib/python3.8/site-packages/airflow/example_dags/example_dynamic_task_mapping_with_no_taskflow_operators.py
[2023-10-13T13:33:04.558+0000] {processor.py:829} INFO - Processing file /home/airflow/.local/lib/python3.8/site-packages/airflow/example_dags/example_dynamic_task_mapping_with_no_taskflow_operators.py for tasks to queue
[2023-10-13T13:33:04.564+0000] {logging_mixin.py:151} INFO - [2023-10-13T13:33:04.563+0000] {dagbag.py:536} INFO - Filling up the DagBag from /home/airflow/.local/lib/python3.8/site-packages/airflow/example_dags/example_dynamic_task_mapping_with_no_taskflow_operators.py
[2023-10-13T13:33:04.574+0000] {processor.py:839} INFO - DAG(s) dict_keys(['example_dynamic_task_mapping_with_no_taskflow_operators']) retrieved from /home/airflow/.local/lib/python3.8/site-packages/airflow/example_dags/example_dynamic_task_mapping_with_no_taskflow_operators.py
[2023-10-13T13:33:04.603+0000] {logging_mixin.py:151} INFO - [2023-10-13T13:33:04.603+0000] {dag.py:2941} INFO - Sync 1 DAGs
[2023-10-13T13:33:04.633+0000] {logging_mixin.py:151} INFO - [2023-10-13T13:33:04.633+0000] {dag.py:3722} INFO - Setting next_dagrun for example_dynamic_task_mapping_with_no_taskflow_operators to 2023-10-12T13:33:04.632668+00:00, run_after=2023-10-13T13:33:04.632668+00:00
[2023-10-13T13:33:04.663+0000] {processor.py:179} INFO - Processing /home/airflow/.local/lib/python3.8/site-packages/airflow/example_dags/example_dynamic_task_mapping_with_no_taskflow_operators.py took 0.111 seconds
[2023-10-13T13:33:34.949+0000] {processor.py:157} INFO - Started process (PID=1506) to work on /home/airflow/.local/lib/python3.8/site-packages/airflow/example_dags/example_dynamic_task_mapping_with_no_taskflow_operators.py
[2023-10-13T13:33:34.952+0000] {processor.py:829} INFO - Processing file /home/airflow/.local/lib/python3.8/site-packages/airflow/example_dags/example_dynamic_task_mapping_with_no_taskflow_operators.py for tasks to queue
[2023-10-13T13:33:34.955+0000] {logging_mixin.py:151} INFO - [2023-10-13T13:33:34.955+0000] {dagbag.py:536} INFO - Filling up the DagBag from /home/airflow/.local/lib/python3.8/site-packages/airflow/example_dags/example_dynamic_task_mapping_with_no_taskflow_operators.py
[2023-10-13T13:33:34.969+0000] {processor.py:839} INFO - DAG(s) dict_keys(['example_dynamic_task_mapping_with_no_taskflow_operators']) retrieved from /home/airflow/.local/lib/python3.8/site-packages/airflow/example_dags/example_dynamic_task_mapping_with_no_taskflow_operators.py
[2023-10-13T13:33:34.999+0000] {logging_mixin.py:151} INFO - [2023-10-13T13:33:34.998+0000] {dag.py:2941} INFO - Sync 1 DAGs
[2023-10-13T13:33:35.037+0000] {logging_mixin.py:151} INFO - [2023-10-13T13:33:35.037+0000] {dag.py:3722} INFO - Setting next_dagrun for example_dynamic_task_mapping_with_no_taskflow_operators to 2023-10-12T13:33:35.036932+00:00, run_after=2023-10-13T13:33:35.036932+00:00
[2023-10-13T13:33:35.070+0000] {processor.py:179} INFO - Processing /home/airflow/.local/lib/python3.8/site-packages/airflow/example_dags/example_dynamic_task_mapping_with_no_taskflow_operators.py took 0.125 seconds
[2023-10-13T13:34:05.371+0000] {processor.py:157} INFO - Started process (PID=1561) to work on /home/airflow/.local/lib/python3.8/site-packages/airflow/example_dags/example_dynamic_task_mapping_with_no_taskflow_operators.py
[2023-10-13T13:34:05.373+0000] {processor.py:829} INFO - Processing file /home/airflow/.local/lib/python3.8/site-packages/airflow/example_dags/example_dynamic_task_mapping_with_no_taskflow_operators.py for tasks to queue
[2023-10-13T13:34:05.377+0000] {logging_mixin.py:151} INFO - [2023-10-13T13:34:05.376+0000] {dagbag.py:536} INFO - Filling up the DagBag from /home/airflow/.local/lib/python3.8/site-packages/airflow/example_dags/example_dynamic_task_mapping_with_no_taskflow_operators.py
[2023-10-13T13:34:05.385+0000] {processor.py:839} INFO - DAG(s) dict_keys(['example_dynamic_task_mapping_with_no_taskflow_operators']) retrieved from /home/airflow/.local/lib/python3.8/site-packages/airflow/example_dags/example_dynamic_task_mapping_with_no_taskflow_operators.py
[2023-10-13T13:34:05.416+0000] {logging_mixin.py:151} INFO - [2023-10-13T13:34:05.416+0000] {dag.py:2941} INFO - Sync 1 DAGs
[2023-10-13T13:34:05.445+0000] {logging_mixin.py:151} INFO - [2023-10-13T13:34:05.444+0000] {dag.py:3722} INFO - Setting next_dagrun for example_dynamic_task_mapping_with_no_taskflow_operators to 2023-10-12T13:34:05.444571+00:00, run_after=2023-10-13T13:34:05.444571+00:00
[2023-10-13T13:34:05.474+0000] {processor.py:179} INFO - Processing /home/airflow/.local/lib/python3.8/site-packages/airflow/example_dags/example_dynamic_task_mapping_with_no_taskflow_operators.py took 0.107 seconds
[2023-10-13T13:34:35.842+0000] {processor.py:157} INFO - Started process (PID=1616) to work on /home/airflow/.local/lib/python3.8/site-packages/airflow/example_dags/example_dynamic_task_mapping_with_no_taskflow_operators.py
[2023-10-13T13:34:35.844+0000] {processor.py:829} INFO - Processing file /home/airflow/.local/lib/python3.8/site-packages/airflow/example_dags/example_dynamic_task_mapping_with_no_taskflow_operators.py for tasks to queue
[2023-10-13T13:34:35.848+0000] {logging_mixin.py:151} INFO - [2023-10-13T13:34:35.848+0000] {dagbag.py:536} INFO - Filling up the DagBag from /home/airflow/.local/lib/python3.8/site-packages/airflow/example_dags/example_dynamic_task_mapping_with_no_taskflow_operators.py
[2023-10-13T13:34:35.857+0000] {processor.py:839} INFO - DAG(s) dict_keys(['example_dynamic_task_mapping_with_no_taskflow_operators']) retrieved from /home/airflow/.local/lib/python3.8/site-packages/airflow/example_dags/example_dynamic_task_mapping_with_no_taskflow_operators.py
[2023-10-13T13:34:35.885+0000] {logging_mixin.py:151} INFO - [2023-10-13T13:34:35.884+0000] {dag.py:2941} INFO - Sync 1 DAGs
[2023-10-13T13:34:35.913+0000] {logging_mixin.py:151} INFO - [2023-10-13T13:34:35.912+0000] {dag.py:3722} INFO - Setting next_dagrun for example_dynamic_task_mapping_with_no_taskflow_operators to 2023-10-12T13:34:35.912600+00:00, run_after=2023-10-13T13:34:35.912600+00:00
[2023-10-13T13:34:35.942+0000] {processor.py:179} INFO - Processing /home/airflow/.local/lib/python3.8/site-packages/airflow/example_dags/example_dynamic_task_mapping_with_no_taskflow_operators.py took 0.104 seconds
[2023-10-13T13:35:06.766+0000] {processor.py:157} INFO - Started process (PID=1670) to work on /home/airflow/.local/lib/python3.8/site-packages/airflow/example_dags/example_dynamic_task_mapping_with_no_taskflow_operators.py
[2023-10-13T13:35:06.768+0000] {processor.py:829} INFO - Processing file /home/airflow/.local/lib/python3.8/site-packages/airflow/example_dags/example_dynamic_task_mapping_with_no_taskflow_operators.py for tasks to queue
[2023-10-13T13:35:06.772+0000] {logging_mixin.py:151} INFO - [2023-10-13T13:35:06.771+0000] {dagbag.py:536} INFO - Filling up the DagBag from /home/airflow/.local/lib/python3.8/site-packages/airflow/example_dags/example_dynamic_task_mapping_with_no_taskflow_operators.py
[2023-10-13T13:35:06.781+0000] {processor.py:839} INFO - DAG(s) dict_keys(['example_dynamic_task_mapping_with_no_taskflow_operators']) retrieved from /home/airflow/.local/lib/python3.8/site-packages/airflow/example_dags/example_dynamic_task_mapping_with_no_taskflow_operators.py
[2023-10-13T13:35:06.815+0000] {logging_mixin.py:151} INFO - [2023-10-13T13:35:06.815+0000] {dag.py:2941} INFO - Sync 1 DAGs
[2023-10-13T13:35:06.848+0000] {logging_mixin.py:151} INFO - [2023-10-13T13:35:06.848+0000] {dag.py:3722} INFO - Setting next_dagrun for example_dynamic_task_mapping_with_no_taskflow_operators to 2023-10-12T13:35:06.847832+00:00, run_after=2023-10-13T13:35:06.847832+00:00
[2023-10-13T13:35:06.878+0000] {processor.py:179} INFO - Processing /home/airflow/.local/lib/python3.8/site-packages/airflow/example_dags/example_dynamic_task_mapping_with_no_taskflow_operators.py took 0.117 seconds
[2023-10-13T13:35:38.420+0000] {processor.py:157} INFO - Started process (PID=1724) to work on /home/airflow/.local/lib/python3.8/site-packages/airflow/example_dags/example_dynamic_task_mapping_with_no_taskflow_operators.py
[2023-10-13T13:35:38.425+0000] {processor.py:829} INFO - Processing file /home/airflow/.local/lib/python3.8/site-packages/airflow/example_dags/example_dynamic_task_mapping_with_no_taskflow_operators.py for tasks to queue
[2023-10-13T13:35:38.431+0000] {logging_mixin.py:151} INFO - [2023-10-13T13:35:38.431+0000] {dagbag.py:536} INFO - Filling up the DagBag from /home/airflow/.local/lib/python3.8/site-packages/airflow/example_dags/example_dynamic_task_mapping_with_no_taskflow_operators.py
[2023-10-13T13:35:38.446+0000] {processor.py:839} INFO - DAG(s) dict_keys(['example_dynamic_task_mapping_with_no_taskflow_operators']) retrieved from /home/airflow/.local/lib/python3.8/site-packages/airflow/example_dags/example_dynamic_task_mapping_with_no_taskflow_operators.py
[2023-10-13T13:35:38.794+0000] {logging_mixin.py:151} INFO - [2023-10-13T13:35:38.793+0000] {dag.py:2941} INFO - Sync 1 DAGs
[2023-10-13T13:35:38.832+0000] {logging_mixin.py:151} INFO - [2023-10-13T13:35:38.832+0000] {dag.py:3722} INFO - Setting next_dagrun for example_dynamic_task_mapping_with_no_taskflow_operators to 2023-10-12T13:35:38.831712+00:00, run_after=2023-10-13T13:35:38.831712+00:00
[2023-10-13T13:35:39.295+0000] {processor.py:179} INFO - Processing /home/airflow/.local/lib/python3.8/site-packages/airflow/example_dags/example_dynamic_task_mapping_with_no_taskflow_operators.py took 0.880 seconds
[2023-10-13T13:36:10.027+0000] {processor.py:157} INFO - Started process (PID=1778) to work on /home/airflow/.local/lib/python3.8/site-packages/airflow/example_dags/example_dynamic_task_mapping_with_no_taskflow_operators.py
[2023-10-13T13:36:10.029+0000] {processor.py:829} INFO - Processing file /home/airflow/.local/lib/python3.8/site-packages/airflow/example_dags/example_dynamic_task_mapping_with_no_taskflow_operators.py for tasks to queue
[2023-10-13T13:36:10.033+0000] {logging_mixin.py:151} INFO - [2023-10-13T13:36:10.032+0000] {dagbag.py:536} INFO - Filling up the DagBag from /home/airflow/.local/lib/python3.8/site-packages/airflow/example_dags/example_dynamic_task_mapping_with_no_taskflow_operators.py
[2023-10-13T13:36:10.044+0000] {processor.py:839} INFO - DAG(s) dict_keys(['example_dynamic_task_mapping_with_no_taskflow_operators']) retrieved from /home/airflow/.local/lib/python3.8/site-packages/airflow/example_dags/example_dynamic_task_mapping_with_no_taskflow_operators.py
[2023-10-13T13:36:10.076+0000] {logging_mixin.py:151} INFO - [2023-10-13T13:36:10.076+0000] {dag.py:2941} INFO - Sync 1 DAGs
[2023-10-13T13:36:10.107+0000] {logging_mixin.py:151} INFO - [2023-10-13T13:36:10.107+0000] {dag.py:3722} INFO - Setting next_dagrun for example_dynamic_task_mapping_with_no_taskflow_operators to 2023-10-12T13:36:10.106826+00:00, run_after=2023-10-13T13:36:10.106826+00:00
[2023-10-13T13:36:10.139+0000] {processor.py:179} INFO - Processing /home/airflow/.local/lib/python3.8/site-packages/airflow/example_dags/example_dynamic_task_mapping_with_no_taskflow_operators.py took 0.117 seconds
[2023-10-13T13:36:40.873+0000] {processor.py:157} INFO - Started process (PID=1831) to work on /home/airflow/.local/lib/python3.8/site-packages/airflow/example_dags/example_dynamic_task_mapping_with_no_taskflow_operators.py
[2023-10-13T13:36:40.897+0000] {processor.py:829} INFO - Processing file /home/airflow/.local/lib/python3.8/site-packages/airflow/example_dags/example_dynamic_task_mapping_with_no_taskflow_operators.py for tasks to queue
[2023-10-13T13:36:40.936+0000] {logging_mixin.py:151} INFO - [2023-10-13T13:36:40.935+0000] {dagbag.py:536} INFO - Filling up the DagBag from /home/airflow/.local/lib/python3.8/site-packages/airflow/example_dags/example_dynamic_task_mapping_with_no_taskflow_operators.py
