[2023-10-13T13:19:37.466+0000] {processor.py:157} INFO - Started process (PID=71) to work on /home/airflow/.local/lib/python3.8/site-packages/airflow/example_dags/example_complex.py
[2023-10-13T13:19:37.469+0000] {processor.py:829} INFO - Processing file /home/airflow/.local/lib/python3.8/site-packages/airflow/example_dags/example_complex.py for tasks to queue
[2023-10-13T13:19:37.476+0000] {logging_mixin.py:151} INFO - [2023-10-13T13:19:37.476+0000] {dagbag.py:536} INFO - Filling up the DagBag from /home/airflow/.local/lib/python3.8/site-packages/airflow/example_dags/example_complex.py
[2023-10-13T13:19:37.625+0000] {processor.py:839} INFO - DAG(s) dict_keys(['example_complex']) retrieved from /home/airflow/.local/lib/python3.8/site-packages/airflow/example_dags/example_complex.py
[2023-10-13T13:19:37.865+0000] {logging_mixin.py:151} INFO - [2023-10-13T13:19:37.864+0000] {dag.py:2941} INFO - Sync 1 DAGs
[2023-10-13T13:19:37.961+0000] {logging_mixin.py:151} INFO - [2023-10-13T13:19:37.960+0000] {dag.py:3722} INFO - Setting next_dagrun for example_complex to None, run_after=None
[2023-10-13T13:19:38.038+0000] {processor.py:179} INFO - Processing /home/airflow/.local/lib/python3.8/site-packages/airflow/example_dags/example_complex.py took 0.579 seconds
[2023-10-13T13:20:08.588+0000] {processor.py:157} INFO - Started process (PID=125) to work on /home/airflow/.local/lib/python3.8/site-packages/airflow/example_dags/example_complex.py
[2023-10-13T13:20:08.591+0000] {processor.py:829} INFO - Processing file /home/airflow/.local/lib/python3.8/site-packages/airflow/example_dags/example_complex.py for tasks to queue
[2023-10-13T13:20:08.595+0000] {logging_mixin.py:151} INFO - [2023-10-13T13:20:08.594+0000] {dagbag.py:536} INFO - Filling up the DagBag from /home/airflow/.local/lib/python3.8/site-packages/airflow/example_dags/example_complex.py
[2023-10-13T13:20:08.611+0000] {processor.py:839} INFO - DAG(s) dict_keys(['example_complex']) retrieved from /home/airflow/.local/lib/python3.8/site-packages/airflow/example_dags/example_complex.py
[2023-10-13T13:20:08.663+0000] {logging_mixin.py:151} INFO - [2023-10-13T13:20:08.662+0000] {dag.py:2941} INFO - Sync 1 DAGs
[2023-10-13T13:20:08.680+0000] {logging_mixin.py:151} INFO - [2023-10-13T13:20:08.680+0000] {dag.py:3722} INFO - Setting next_dagrun for example_complex to None, run_after=None
[2023-10-13T13:20:08.715+0000] {processor.py:179} INFO - Processing /home/airflow/.local/lib/python3.8/site-packages/airflow/example_dags/example_complex.py took 0.131 seconds
[2023-10-13T13:20:39.054+0000] {processor.py:157} INFO - Started process (PID=179) to work on /home/airflow/.local/lib/python3.8/site-packages/airflow/example_dags/example_complex.py
[2023-10-13T13:20:39.057+0000] {processor.py:829} INFO - Processing file /home/airflow/.local/lib/python3.8/site-packages/airflow/example_dags/example_complex.py for tasks to queue
[2023-10-13T13:20:39.061+0000] {logging_mixin.py:151} INFO - [2023-10-13T13:20:39.060+0000] {dagbag.py:536} INFO - Filling up the DagBag from /home/airflow/.local/lib/python3.8/site-packages/airflow/example_dags/example_complex.py
[2023-10-13T13:20:39.077+0000] {processor.py:839} INFO - DAG(s) dict_keys(['example_complex']) retrieved from /home/airflow/.local/lib/python3.8/site-packages/airflow/example_dags/example_complex.py
[2023-10-13T13:20:39.121+0000] {logging_mixin.py:151} INFO - [2023-10-13T13:20:39.121+0000] {dag.py:2941} INFO - Sync 1 DAGs
[2023-10-13T13:20:39.137+0000] {logging_mixin.py:151} INFO - [2023-10-13T13:20:39.137+0000] {dag.py:3722} INFO - Setting next_dagrun for example_complex to None, run_after=None
[2023-10-13T13:20:39.168+0000] {processor.py:179} INFO - Processing /home/airflow/.local/lib/python3.8/site-packages/airflow/example_dags/example_complex.py took 0.119 seconds
[2023-10-13T13:21:09.245+0000] {processor.py:157} INFO - Started process (PID=233) to work on /home/airflow/.local/lib/python3.8/site-packages/airflow/example_dags/example_complex.py
[2023-10-13T13:21:09.247+0000] {processor.py:829} INFO - Processing file /home/airflow/.local/lib/python3.8/site-packages/airflow/example_dags/example_complex.py for tasks to queue
[2023-10-13T13:21:09.253+0000] {logging_mixin.py:151} INFO - [2023-10-13T13:21:09.253+0000] {dagbag.py:536} INFO - Filling up the DagBag from /home/airflow/.local/lib/python3.8/site-packages/airflow/example_dags/example_complex.py
[2023-10-13T13:21:09.272+0000] {processor.py:839} INFO - DAG(s) dict_keys(['example_complex']) retrieved from /home/airflow/.local/lib/python3.8/site-packages/airflow/example_dags/example_complex.py
[2023-10-13T13:21:09.324+0000] {logging_mixin.py:151} INFO - [2023-10-13T13:21:09.324+0000] {dag.py:2941} INFO - Sync 1 DAGs
[2023-10-13T13:21:09.352+0000] {logging_mixin.py:151} INFO - [2023-10-13T13:21:09.351+0000] {dag.py:3722} INFO - Setting next_dagrun for example_complex to None, run_after=None
[2023-10-13T13:21:09.387+0000] {processor.py:179} INFO - Processing /home/airflow/.local/lib/python3.8/site-packages/airflow/example_dags/example_complex.py took 0.147 seconds
[2023-10-13T13:21:39.999+0000] {processor.py:157} INFO - Started process (PID=287) to work on /home/airflow/.local/lib/python3.8/site-packages/airflow/example_dags/example_complex.py
[2023-10-13T13:21:40.001+0000] {processor.py:829} INFO - Processing file /home/airflow/.local/lib/python3.8/site-packages/airflow/example_dags/example_complex.py for tasks to queue
[2023-10-13T13:21:40.006+0000] {logging_mixin.py:151} INFO - [2023-10-13T13:21:40.005+0000] {dagbag.py:536} INFO - Filling up the DagBag from /home/airflow/.local/lib/python3.8/site-packages/airflow/example_dags/example_complex.py
[2023-10-13T13:21:40.029+0000] {processor.py:839} INFO - DAG(s) dict_keys(['example_complex']) retrieved from /home/airflow/.local/lib/python3.8/site-packages/airflow/example_dags/example_complex.py
[2023-10-13T13:21:40.085+0000] {logging_mixin.py:151} INFO - [2023-10-13T13:21:40.085+0000] {dag.py:2941} INFO - Sync 1 DAGs
[2023-10-13T13:21:40.106+0000] {logging_mixin.py:151} INFO - [2023-10-13T13:21:40.106+0000] {dag.py:3722} INFO - Setting next_dagrun for example_complex to None, run_after=None
[2023-10-13T13:21:40.143+0000] {processor.py:179} INFO - Processing /home/airflow/.local/lib/python3.8/site-packages/airflow/example_dags/example_complex.py took 0.150 seconds
[2023-10-13T13:22:10.675+0000] {processor.py:157} INFO - Started process (PID=341) to work on /home/airflow/.local/lib/python3.8/site-packages/airflow/example_dags/example_complex.py
[2023-10-13T13:22:10.677+0000] {processor.py:829} INFO - Processing file /home/airflow/.local/lib/python3.8/site-packages/airflow/example_dags/example_complex.py for tasks to queue
[2023-10-13T13:22:10.682+0000] {logging_mixin.py:151} INFO - [2023-10-13T13:22:10.681+0000] {dagbag.py:536} INFO - Filling up the DagBag from /home/airflow/.local/lib/python3.8/site-packages/airflow/example_dags/example_complex.py
[2023-10-13T13:22:10.703+0000] {processor.py:839} INFO - DAG(s) dict_keys(['example_complex']) retrieved from /home/airflow/.local/lib/python3.8/site-packages/airflow/example_dags/example_complex.py
[2023-10-13T13:22:10.769+0000] {logging_mixin.py:151} INFO - [2023-10-13T13:22:10.768+0000] {dag.py:2941} INFO - Sync 1 DAGs
[2023-10-13T13:22:10.793+0000] {logging_mixin.py:151} INFO - [2023-10-13T13:22:10.793+0000] {dag.py:3722} INFO - Setting next_dagrun for example_complex to None, run_after=None
[2023-10-13T13:22:10.829+0000] {processor.py:179} INFO - Processing /home/airflow/.local/lib/python3.8/site-packages/airflow/example_dags/example_complex.py took 0.160 seconds
[2023-10-13T13:22:41.652+0000] {processor.py:157} INFO - Started process (PID=395) to work on /home/airflow/.local/lib/python3.8/site-packages/airflow/example_dags/example_complex.py
[2023-10-13T13:22:41.654+0000] {processor.py:829} INFO - Processing file /home/airflow/.local/lib/python3.8/site-packages/airflow/example_dags/example_complex.py for tasks to queue
[2023-10-13T13:22:41.657+0000] {logging_mixin.py:151} INFO - [2023-10-13T13:22:41.657+0000] {dagbag.py:536} INFO - Filling up the DagBag from /home/airflow/.local/lib/python3.8/site-packages/airflow/example_dags/example_complex.py
[2023-10-13T13:22:41.674+0000] {processor.py:839} INFO - DAG(s) dict_keys(['example_complex']) retrieved from /home/airflow/.local/lib/python3.8/site-packages/airflow/example_dags/example_complex.py
[2023-10-13T13:22:41.721+0000] {logging_mixin.py:151} INFO - [2023-10-13T13:22:41.720+0000] {dag.py:2941} INFO - Sync 1 DAGs
[2023-10-13T13:22:41.739+0000] {logging_mixin.py:151} INFO - [2023-10-13T13:22:41.738+0000] {dag.py:3722} INFO - Setting next_dagrun for example_complex to None, run_after=None
[2023-10-13T13:22:41.771+0000] {processor.py:179} INFO - Processing /home/airflow/.local/lib/python3.8/site-packages/airflow/example_dags/example_complex.py took 0.122 seconds
[2023-10-13T13:23:12.171+0000] {processor.py:157} INFO - Started process (PID=449) to work on /home/airflow/.local/lib/python3.8/site-packages/airflow/example_dags/example_complex.py
[2023-10-13T13:23:12.172+0000] {processor.py:829} INFO - Processing file /home/airflow/.local/lib/python3.8/site-packages/airflow/example_dags/example_complex.py for tasks to queue
[2023-10-13T13:23:12.176+0000] {logging_mixin.py:151} INFO - [2023-10-13T13:23:12.176+0000] {dagbag.py:536} INFO - Filling up the DagBag from /home/airflow/.local/lib/python3.8/site-packages/airflow/example_dags/example_complex.py
[2023-10-13T13:23:12.197+0000] {processor.py:839} INFO - DAG(s) dict_keys(['example_complex']) retrieved from /home/airflow/.local/lib/python3.8/site-packages/airflow/example_dags/example_complex.py
[2023-10-13T13:23:12.248+0000] {logging_mixin.py:151} INFO - [2023-10-13T13:23:12.247+0000] {dag.py:2941} INFO - Sync 1 DAGs
[2023-10-13T13:23:12.274+0000] {logging_mixin.py:151} INFO - [2023-10-13T13:23:12.273+0000] {dag.py:3722} INFO - Setting next_dagrun for example_complex to None, run_after=None
[2023-10-13T13:23:12.309+0000] {processor.py:179} INFO - Processing /home/airflow/.local/lib/python3.8/site-packages/airflow/example_dags/example_complex.py took 0.144 seconds
[2023-10-13T13:23:42.783+0000] {processor.py:157} INFO - Started process (PID=501) to work on /home/airflow/.local/lib/python3.8/site-packages/airflow/example_dags/example_complex.py
[2023-10-13T13:23:42.785+0000] {processor.py:829} INFO - Processing file /home/airflow/.local/lib/python3.8/site-packages/airflow/example_dags/example_complex.py for tasks to queue
[2023-10-13T13:23:42.789+0000] {logging_mixin.py:151} INFO - [2023-10-13T13:23:42.789+0000] {dagbag.py:536} INFO - Filling up the DagBag from /home/airflow/.local/lib/python3.8/site-packages/airflow/example_dags/example_complex.py
[2023-10-13T13:23:42.810+0000] {processor.py:839} INFO - DAG(s) dict_keys(['example_complex']) retrieved from /home/airflow/.local/lib/python3.8/site-packages/airflow/example_dags/example_complex.py
[2023-10-13T13:23:42.851+0000] {logging_mixin.py:151} INFO - [2023-10-13T13:23:42.851+0000] {dag.py:2941} INFO - Sync 1 DAGs
[2023-10-13T13:23:42.868+0000] {logging_mixin.py:151} INFO - [2023-10-13T13:23:42.867+0000] {dag.py:3722} INFO - Setting next_dagrun for example_complex to None, run_after=None
[2023-10-13T13:23:42.899+0000] {processor.py:179} INFO - Processing /home/airflow/.local/lib/python3.8/site-packages/airflow/example_dags/example_complex.py took 0.121 seconds
[2023-10-13T13:24:13.478+0000] {processor.py:157} INFO - Started process (PID=555) to work on /home/airflow/.local/lib/python3.8/site-packages/airflow/example_dags/example_complex.py
[2023-10-13T13:24:13.480+0000] {processor.py:829} INFO - Processing file /home/airflow/.local/lib/python3.8/site-packages/airflow/example_dags/example_complex.py for tasks to queue
[2023-10-13T13:24:13.485+0000] {logging_mixin.py:151} INFO - [2023-10-13T13:24:13.485+0000] {dagbag.py:536} INFO - Filling up the DagBag from /home/airflow/.local/lib/python3.8/site-packages/airflow/example_dags/example_complex.py
[2023-10-13T13:24:13.507+0000] {processor.py:839} INFO - DAG(s) dict_keys(['example_complex']) retrieved from /home/airflow/.local/lib/python3.8/site-packages/airflow/example_dags/example_complex.py
[2023-10-13T13:24:13.553+0000] {logging_mixin.py:151} INFO - [2023-10-13T13:24:13.553+0000] {dag.py:2941} INFO - Sync 1 DAGs
[2023-10-13T13:24:13.571+0000] {logging_mixin.py:151} INFO - [2023-10-13T13:24:13.570+0000] {dag.py:3722} INFO - Setting next_dagrun for example_complex to None, run_after=None
[2023-10-13T13:24:13.603+0000] {processor.py:179} INFO - Processing /home/airflow/.local/lib/python3.8/site-packages/airflow/example_dags/example_complex.py took 0.131 seconds
[2023-10-13T13:24:43.990+0000] {processor.py:157} INFO - Started process (PID=609) to work on /home/airflow/.local/lib/python3.8/site-packages/airflow/example_dags/example_complex.py
[2023-10-13T13:24:43.992+0000] {processor.py:829} INFO - Processing file /home/airflow/.local/lib/python3.8/site-packages/airflow/example_dags/example_complex.py for tasks to queue
[2023-10-13T13:24:43.995+0000] {logging_mixin.py:151} INFO - [2023-10-13T13:24:43.995+0000] {dagbag.py:536} INFO - Filling up the DagBag from /home/airflow/.local/lib/python3.8/site-packages/airflow/example_dags/example_complex.py
[2023-10-13T13:24:44.009+0000] {processor.py:839} INFO - DAG(s) dict_keys(['example_complex']) retrieved from /home/airflow/.local/lib/python3.8/site-packages/airflow/example_dags/example_complex.py
[2023-10-13T13:24:44.051+0000] {logging_mixin.py:151} INFO - [2023-10-13T13:24:44.050+0000] {dag.py:2941} INFO - Sync 1 DAGs
[2023-10-13T13:24:44.067+0000] {logging_mixin.py:151} INFO - [2023-10-13T13:24:44.067+0000] {dag.py:3722} INFO - Setting next_dagrun for example_complex to None, run_after=None
[2023-10-13T13:24:44.097+0000] {processor.py:179} INFO - Processing /home/airflow/.local/lib/python3.8/site-packages/airflow/example_dags/example_complex.py took 0.111 seconds
[2023-10-13T13:25:14.685+0000] {processor.py:157} INFO - Started process (PID=663) to work on /home/airflow/.local/lib/python3.8/site-packages/airflow/example_dags/example_complex.py
[2023-10-13T13:25:14.688+0000] {processor.py:829} INFO - Processing file /home/airflow/.local/lib/python3.8/site-packages/airflow/example_dags/example_complex.py for tasks to queue
[2023-10-13T13:25:14.695+0000] {logging_mixin.py:151} INFO - [2023-10-13T13:25:14.694+0000] {dagbag.py:536} INFO - Filling up the DagBag from /home/airflow/.local/lib/python3.8/site-packages/airflow/example_dags/example_complex.py
[2023-10-13T13:25:14.748+0000] {processor.py:839} INFO - DAG(s) dict_keys(['example_complex']) retrieved from /home/airflow/.local/lib/python3.8/site-packages/airflow/example_dags/example_complex.py
[2023-10-13T13:25:14.861+0000] {logging_mixin.py:151} INFO - [2023-10-13T13:25:14.861+0000] {dag.py:2941} INFO - Sync 1 DAGs
[2023-10-13T13:25:14.922+0000] {logging_mixin.py:151} INFO - [2023-10-13T13:25:14.921+0000] {dag.py:3722} INFO - Setting next_dagrun for example_complex to None, run_after=None
[2023-10-13T13:25:15.032+0000] {processor.py:179} INFO - Processing /home/airflow/.local/lib/python3.8/site-packages/airflow/example_dags/example_complex.py took 0.355 seconds
[2023-10-13T13:25:45.177+0000] {processor.py:157} INFO - Started process (PID=717) to work on /home/airflow/.local/lib/python3.8/site-packages/airflow/example_dags/example_complex.py
[2023-10-13T13:25:45.178+0000] {processor.py:829} INFO - Processing file /home/airflow/.local/lib/python3.8/site-packages/airflow/example_dags/example_complex.py for tasks to queue
[2023-10-13T13:25:45.182+0000] {logging_mixin.py:151} INFO - [2023-10-13T13:25:45.182+0000] {dagbag.py:536} INFO - Filling up the DagBag from /home/airflow/.local/lib/python3.8/site-packages/airflow/example_dags/example_complex.py
[2023-10-13T13:25:45.198+0000] {processor.py:839} INFO - DAG(s) dict_keys(['example_complex']) retrieved from /home/airflow/.local/lib/python3.8/site-packages/airflow/example_dags/example_complex.py
[2023-10-13T13:25:45.245+0000] {logging_mixin.py:151} INFO - [2023-10-13T13:25:45.245+0000] {dag.py:2941} INFO - Sync 1 DAGs
[2023-10-13T13:25:45.261+0000] {logging_mixin.py:151} INFO - [2023-10-13T13:25:45.261+0000] {dag.py:3722} INFO - Setting next_dagrun for example_complex to None, run_after=None
[2023-10-13T13:25:45.291+0000] {processor.py:179} INFO - Processing /home/airflow/.local/lib/python3.8/site-packages/airflow/example_dags/example_complex.py took 0.119 seconds
[2023-10-13T13:26:17.087+0000] {processor.py:157} INFO - Started process (PID=771) to work on /home/airflow/.local/lib/python3.8/site-packages/airflow/example_dags/example_complex.py
[2023-10-13T13:26:17.088+0000] {processor.py:829} INFO - Processing file /home/airflow/.local/lib/python3.8/site-packages/airflow/example_dags/example_complex.py for tasks to queue
[2023-10-13T13:26:17.092+0000] {logging_mixin.py:151} INFO - [2023-10-13T13:26:17.091+0000] {dagbag.py:536} INFO - Filling up the DagBag from /home/airflow/.local/lib/python3.8/site-packages/airflow/example_dags/example_complex.py
[2023-10-13T13:26:17.107+0000] {processor.py:839} INFO - DAG(s) dict_keys(['example_complex']) retrieved from /home/airflow/.local/lib/python3.8/site-packages/airflow/example_dags/example_complex.py
[2023-10-13T13:26:17.142+0000] {logging_mixin.py:151} INFO - [2023-10-13T13:26:17.142+0000] {dag.py:2941} INFO - Sync 1 DAGs
[2023-10-13T13:26:17.155+0000] {logging_mixin.py:151} INFO - [2023-10-13T13:26:17.155+0000] {dag.py:3722} INFO - Setting next_dagrun for example_complex to None, run_after=None
[2023-10-13T13:26:17.198+0000] {processor.py:179} INFO - Processing /home/airflow/.local/lib/python3.8/site-packages/airflow/example_dags/example_complex.py took 0.116 seconds
[2023-10-13T13:26:47.342+0000] {processor.py:157} INFO - Started process (PID=825) to work on /home/airflow/.local/lib/python3.8/site-packages/airflow/example_dags/example_complex.py
[2023-10-13T13:26:47.344+0000] {processor.py:829} INFO - Processing file /home/airflow/.local/lib/python3.8/site-packages/airflow/example_dags/example_complex.py for tasks to queue
[2023-10-13T13:26:47.348+0000] {logging_mixin.py:151} INFO - [2023-10-13T13:26:47.347+0000] {dagbag.py:536} INFO - Filling up the DagBag from /home/airflow/.local/lib/python3.8/site-packages/airflow/example_dags/example_complex.py
[2023-10-13T13:26:47.363+0000] {processor.py:839} INFO - DAG(s) dict_keys(['example_complex']) retrieved from /home/airflow/.local/lib/python3.8/site-packages/airflow/example_dags/example_complex.py
[2023-10-13T13:26:47.404+0000] {logging_mixin.py:151} INFO - [2023-10-13T13:26:47.404+0000] {dag.py:2941} INFO - Sync 1 DAGs
[2023-10-13T13:26:47.420+0000] {logging_mixin.py:151} INFO - [2023-10-13T13:26:47.420+0000] {dag.py:3722} INFO - Setting next_dagrun for example_complex to None, run_after=None
[2023-10-13T13:26:47.453+0000] {processor.py:179} INFO - Processing /home/airflow/.local/lib/python3.8/site-packages/airflow/example_dags/example_complex.py took 0.116 seconds
[2023-10-13T13:27:18.839+0000] {processor.py:157} INFO - Started process (PID=879) to work on /home/airflow/.local/lib/python3.8/site-packages/airflow/example_dags/example_complex.py
[2023-10-13T13:27:18.841+0000] {processor.py:829} INFO - Processing file /home/airflow/.local/lib/python3.8/site-packages/airflow/example_dags/example_complex.py for tasks to queue
[2023-10-13T13:27:18.845+0000] {logging_mixin.py:151} INFO - [2023-10-13T13:27:18.844+0000] {dagbag.py:536} INFO - Filling up the DagBag from /home/airflow/.local/lib/python3.8/site-packages/airflow/example_dags/example_complex.py
[2023-10-13T13:27:18.868+0000] {processor.py:839} INFO - DAG(s) dict_keys(['example_complex']) retrieved from /home/airflow/.local/lib/python3.8/site-packages/airflow/example_dags/example_complex.py
[2023-10-13T13:27:18.921+0000] {logging_mixin.py:151} INFO - [2023-10-13T13:27:18.920+0000] {dag.py:2941} INFO - Sync 1 DAGs
[2023-10-13T13:27:18.943+0000] {logging_mixin.py:151} INFO - [2023-10-13T13:27:18.942+0000] {dag.py:3722} INFO - Setting next_dagrun for example_complex to None, run_after=None
[2023-10-13T13:27:18.979+0000] {processor.py:179} INFO - Processing /home/airflow/.local/lib/python3.8/site-packages/airflow/example_dags/example_complex.py took 0.144 seconds
[2023-10-13T13:27:49.194+0000] {processor.py:157} INFO - Started process (PID=933) to work on /home/airflow/.local/lib/python3.8/site-packages/airflow/example_dags/example_complex.py
[2023-10-13T13:27:49.196+0000] {processor.py:829} INFO - Processing file /home/airflow/.local/lib/python3.8/site-packages/airflow/example_dags/example_complex.py for tasks to queue
[2023-10-13T13:27:49.201+0000] {logging_mixin.py:151} INFO - [2023-10-13T13:27:49.201+0000] {dagbag.py:536} INFO - Filling up the DagBag from /home/airflow/.local/lib/python3.8/site-packages/airflow/example_dags/example_complex.py
[2023-10-13T13:27:49.219+0000] {processor.py:839} INFO - DAG(s) dict_keys(['example_complex']) retrieved from /home/airflow/.local/lib/python3.8/site-packages/airflow/example_dags/example_complex.py
[2023-10-13T13:27:49.267+0000] {logging_mixin.py:151} INFO - [2023-10-13T13:27:49.267+0000] {dag.py:2941} INFO - Sync 1 DAGs
[2023-10-13T13:27:49.291+0000] {logging_mixin.py:151} INFO - [2023-10-13T13:27:49.291+0000] {dag.py:3722} INFO - Setting next_dagrun for example_complex to None, run_after=None
[2023-10-13T13:27:49.325+0000] {processor.py:179} INFO - Processing /home/airflow/.local/lib/python3.8/site-packages/airflow/example_dags/example_complex.py took 0.135 seconds
[2023-10-13T13:28:23.108+0000] {processor.py:157} INFO - Started process (PID=987) to work on /home/airflow/.local/lib/python3.8/site-packages/airflow/example_dags/example_complex.py
[2023-10-13T13:28:23.110+0000] {processor.py:829} INFO - Processing file /home/airflow/.local/lib/python3.8/site-packages/airflow/example_dags/example_complex.py for tasks to queue
[2023-10-13T13:28:23.114+0000] {logging_mixin.py:151} INFO - [2023-10-13T13:28:23.114+0000] {dagbag.py:536} INFO - Filling up the DagBag from /home/airflow/.local/lib/python3.8/site-packages/airflow/example_dags/example_complex.py
[2023-10-13T13:28:23.131+0000] {processor.py:839} INFO - DAG(s) dict_keys(['example_complex']) retrieved from /home/airflow/.local/lib/python3.8/site-packages/airflow/example_dags/example_complex.py
[2023-10-13T13:28:23.401+0000] {logging_mixin.py:151} INFO - [2023-10-13T13:28:23.400+0000] {dag.py:2941} INFO - Sync 1 DAGs
[2023-10-13T13:28:23.416+0000] {logging_mixin.py:151} INFO - [2023-10-13T13:28:23.415+0000] {dag.py:3722} INFO - Setting next_dagrun for example_complex to None, run_after=None
[2023-10-13T13:28:24.575+0000] {processor.py:179} INFO - Processing /home/airflow/.local/lib/python3.8/site-packages/airflow/example_dags/example_complex.py took 1.471 seconds
[2023-10-13T13:28:55.148+0000] {processor.py:157} INFO - Started process (PID=1041) to work on /home/airflow/.local/lib/python3.8/site-packages/airflow/example_dags/example_complex.py
[2023-10-13T13:28:55.151+0000] {processor.py:829} INFO - Processing file /home/airflow/.local/lib/python3.8/site-packages/airflow/example_dags/example_complex.py for tasks to queue
[2023-10-13T13:28:55.154+0000] {logging_mixin.py:151} INFO - [2023-10-13T13:28:55.154+0000] {dagbag.py:536} INFO - Filling up the DagBag from /home/airflow/.local/lib/python3.8/site-packages/airflow/example_dags/example_complex.py
[2023-10-13T13:28:55.168+0000] {processor.py:839} INFO - DAG(s) dict_keys(['example_complex']) retrieved from /home/airflow/.local/lib/python3.8/site-packages/airflow/example_dags/example_complex.py
[2023-10-13T13:28:55.214+0000] {logging_mixin.py:151} INFO - [2023-10-13T13:28:55.214+0000] {dag.py:2941} INFO - Sync 1 DAGs
[2023-10-13T13:28:55.230+0000] {logging_mixin.py:151} INFO - [2023-10-13T13:28:55.230+0000] {dag.py:3722} INFO - Setting next_dagrun for example_complex to None, run_after=None
[2023-10-13T13:28:55.408+0000] {processor.py:179} INFO - Processing /home/airflow/.local/lib/python3.8/site-packages/airflow/example_dags/example_complex.py took 0.264 seconds
[2023-10-13T13:29:25.497+0000] {processor.py:157} INFO - Started process (PID=1095) to work on /home/airflow/.local/lib/python3.8/site-packages/airflow/example_dags/example_complex.py
[2023-10-13T13:29:25.499+0000] {processor.py:829} INFO - Processing file /home/airflow/.local/lib/python3.8/site-packages/airflow/example_dags/example_complex.py for tasks to queue
[2023-10-13T13:29:25.503+0000] {logging_mixin.py:151} INFO - [2023-10-13T13:29:25.502+0000] {dagbag.py:536} INFO - Filling up the DagBag from /home/airflow/.local/lib/python3.8/site-packages/airflow/example_dags/example_complex.py
[2023-10-13T13:29:25.517+0000] {processor.py:839} INFO - DAG(s) dict_keys(['example_complex']) retrieved from /home/airflow/.local/lib/python3.8/site-packages/airflow/example_dags/example_complex.py
[2023-10-13T13:29:25.567+0000] {logging_mixin.py:151} INFO - [2023-10-13T13:29:25.567+0000] {dag.py:2941} INFO - Sync 1 DAGs
[2023-10-13T13:29:25.584+0000] {logging_mixin.py:151} INFO - [2023-10-13T13:29:25.584+0000] {dag.py:3722} INFO - Setting next_dagrun for example_complex to None, run_after=None
[2023-10-13T13:29:25.616+0000] {processor.py:179} INFO - Processing /home/airflow/.local/lib/python3.8/site-packages/airflow/example_dags/example_complex.py took 0.123 seconds
[2023-10-13T13:29:59.320+0000] {processor.py:157} INFO - Started process (PID=1149) to work on /home/airflow/.local/lib/python3.8/site-packages/airflow/example_dags/example_complex.py
[2023-10-13T13:29:59.323+0000] {processor.py:829} INFO - Processing file /home/airflow/.local/lib/python3.8/site-packages/airflow/example_dags/example_complex.py for tasks to queue
[2023-10-13T13:29:59.328+0000] {logging_mixin.py:151} INFO - [2023-10-13T13:29:59.327+0000] {dagbag.py:536} INFO - Filling up the DagBag from /home/airflow/.local/lib/python3.8/site-packages/airflow/example_dags/example_complex.py
[2023-10-13T13:29:59.344+0000] {processor.py:839} INFO - DAG(s) dict_keys(['example_complex']) retrieved from /home/airflow/.local/lib/python3.8/site-packages/airflow/example_dags/example_complex.py
[2023-10-13T13:29:59.387+0000] {logging_mixin.py:151} INFO - [2023-10-13T13:29:59.386+0000] {dag.py:2941} INFO - Sync 1 DAGs
[2023-10-13T13:29:59.404+0000] {logging_mixin.py:151} INFO - [2023-10-13T13:29:59.404+0000] {dag.py:3722} INFO - Setting next_dagrun for example_complex to None, run_after=None
[2023-10-13T13:29:59.438+0000] {processor.py:179} INFO - Processing /home/airflow/.local/lib/python3.8/site-packages/airflow/example_dags/example_complex.py took 0.122 seconds
[2023-10-13T13:30:32.944+0000] {processor.py:157} INFO - Started process (PID=1203) to work on /home/airflow/.local/lib/python3.8/site-packages/airflow/example_dags/example_complex.py
[2023-10-13T13:30:32.945+0000] {processor.py:829} INFO - Processing file /home/airflow/.local/lib/python3.8/site-packages/airflow/example_dags/example_complex.py for tasks to queue
[2023-10-13T13:30:32.949+0000] {logging_mixin.py:151} INFO - [2023-10-13T13:30:32.949+0000] {dagbag.py:536} INFO - Filling up the DagBag from /home/airflow/.local/lib/python3.8/site-packages/airflow/example_dags/example_complex.py
[2023-10-13T13:30:32.971+0000] {processor.py:839} INFO - DAG(s) dict_keys(['example_complex']) retrieved from /home/airflow/.local/lib/python3.8/site-packages/airflow/example_dags/example_complex.py
[2023-10-13T13:30:33.249+0000] {logging_mixin.py:151} INFO - [2023-10-13T13:30:33.249+0000] {dag.py:2941} INFO - Sync 1 DAGs
[2023-10-13T13:30:33.294+0000] {logging_mixin.py:151} INFO - [2023-10-13T13:30:33.293+0000] {dag.py:3722} INFO - Setting next_dagrun for example_complex to None, run_after=None
[2023-10-13T13:30:33.338+0000] {processor.py:179} INFO - Processing /home/airflow/.local/lib/python3.8/site-packages/airflow/example_dags/example_complex.py took 0.401 seconds
[2023-10-13T13:31:03.566+0000] {processor.py:157} INFO - Started process (PID=1257) to work on /home/airflow/.local/lib/python3.8/site-packages/airflow/example_dags/example_complex.py
[2023-10-13T13:31:03.569+0000] {processor.py:829} INFO - Processing file /home/airflow/.local/lib/python3.8/site-packages/airflow/example_dags/example_complex.py for tasks to queue
[2023-10-13T13:31:03.574+0000] {logging_mixin.py:151} INFO - [2023-10-13T13:31:03.573+0000] {dagbag.py:536} INFO - Filling up the DagBag from /home/airflow/.local/lib/python3.8/site-packages/airflow/example_dags/example_complex.py
[2023-10-13T13:31:03.596+0000] {processor.py:839} INFO - DAG(s) dict_keys(['example_complex']) retrieved from /home/airflow/.local/lib/python3.8/site-packages/airflow/example_dags/example_complex.py
[2023-10-13T13:31:03.641+0000] {logging_mixin.py:151} INFO - [2023-10-13T13:31:03.641+0000] {dag.py:2941} INFO - Sync 1 DAGs
[2023-10-13T13:31:03.664+0000] {logging_mixin.py:151} INFO - [2023-10-13T13:31:03.664+0000] {dag.py:3722} INFO - Setting next_dagrun for example_complex to None, run_after=None
[2023-10-13T13:31:03.861+0000] {processor.py:179} INFO - Processing /home/airflow/.local/lib/python3.8/site-packages/airflow/example_dags/example_complex.py took 0.302 seconds
[2023-10-13T13:31:34.217+0000] {processor.py:157} INFO - Started process (PID=1311) to work on /home/airflow/.local/lib/python3.8/site-packages/airflow/example_dags/example_complex.py
[2023-10-13T13:31:34.223+0000] {processor.py:829} INFO - Processing file /home/airflow/.local/lib/python3.8/site-packages/airflow/example_dags/example_complex.py for tasks to queue
[2023-10-13T13:31:34.227+0000] {logging_mixin.py:151} INFO - [2023-10-13T13:31:34.227+0000] {dagbag.py:536} INFO - Filling up the DagBag from /home/airflow/.local/lib/python3.8/site-packages/airflow/example_dags/example_complex.py
[2023-10-13T13:31:34.261+0000] {processor.py:839} INFO - DAG(s) dict_keys(['example_complex']) retrieved from /home/airflow/.local/lib/python3.8/site-packages/airflow/example_dags/example_complex.py
[2023-10-13T13:31:34.328+0000] {logging_mixin.py:151} INFO - [2023-10-13T13:31:34.328+0000] {dag.py:2941} INFO - Sync 1 DAGs
[2023-10-13T13:31:34.359+0000] {logging_mixin.py:151} INFO - [2023-10-13T13:31:34.358+0000] {dag.py:3722} INFO - Setting next_dagrun for example_complex to None, run_after=None
[2023-10-13T13:31:34.428+0000] {processor.py:179} INFO - Processing /home/airflow/.local/lib/python3.8/site-packages/airflow/example_dags/example_complex.py took 0.217 seconds
[2023-10-13T13:32:05.385+0000] {processor.py:157} INFO - Started process (PID=1365) to work on /home/airflow/.local/lib/python3.8/site-packages/airflow/example_dags/example_complex.py
[2023-10-13T13:32:05.388+0000] {processor.py:829} INFO - Processing file /home/airflow/.local/lib/python3.8/site-packages/airflow/example_dags/example_complex.py for tasks to queue
[2023-10-13T13:32:05.393+0000] {logging_mixin.py:151} INFO - [2023-10-13T13:32:05.392+0000] {dagbag.py:536} INFO - Filling up the DagBag from /home/airflow/.local/lib/python3.8/site-packages/airflow/example_dags/example_complex.py
[2023-10-13T13:32:05.687+0000] {processor.py:839} INFO - DAG(s) dict_keys(['example_complex']) retrieved from /home/airflow/.local/lib/python3.8/site-packages/airflow/example_dags/example_complex.py
[2023-10-13T13:32:05.747+0000] {logging_mixin.py:151} INFO - [2023-10-13T13:32:05.746+0000] {dag.py:2941} INFO - Sync 1 DAGs
[2023-10-13T13:32:05.766+0000] {logging_mixin.py:151} INFO - [2023-10-13T13:32:05.766+0000] {dag.py:3722} INFO - Setting next_dagrun for example_complex to None, run_after=None
[2023-10-13T13:32:05.799+0000] {processor.py:179} INFO - Processing /home/airflow/.local/lib/python3.8/site-packages/airflow/example_dags/example_complex.py took 0.420 seconds
[2023-10-13T13:32:39.589+0000] {processor.py:157} INFO - Started process (PID=1419) to work on /home/airflow/.local/lib/python3.8/site-packages/airflow/example_dags/example_complex.py
[2023-10-13T13:32:39.591+0000] {processor.py:829} INFO - Processing file /home/airflow/.local/lib/python3.8/site-packages/airflow/example_dags/example_complex.py for tasks to queue
[2023-10-13T13:32:39.597+0000] {logging_mixin.py:151} INFO - [2023-10-13T13:32:39.596+0000] {dagbag.py:536} INFO - Filling up the DagBag from /home/airflow/.local/lib/python3.8/site-packages/airflow/example_dags/example_complex.py
[2023-10-13T13:32:39.622+0000] {processor.py:839} INFO - DAG(s) dict_keys(['example_complex']) retrieved from /home/airflow/.local/lib/python3.8/site-packages/airflow/example_dags/example_complex.py
[2023-10-13T13:32:39.684+0000] {logging_mixin.py:151} INFO - [2023-10-13T13:32:39.684+0000] {dag.py:2941} INFO - Sync 1 DAGs
[2023-10-13T13:32:39.711+0000] {logging_mixin.py:151} INFO - [2023-10-13T13:32:39.710+0000] {dag.py:3722} INFO - Setting next_dagrun for example_complex to None, run_after=None
[2023-10-13T13:32:39.753+0000] {processor.py:179} INFO - Processing /home/airflow/.local/lib/python3.8/site-packages/airflow/example_dags/example_complex.py took 0.179 seconds
[2023-10-13T13:33:09.988+0000] {processor.py:157} INFO - Started process (PID=1473) to work on /home/airflow/.local/lib/python3.8/site-packages/airflow/example_dags/example_complex.py
[2023-10-13T13:33:09.990+0000] {processor.py:829} INFO - Processing file /home/airflow/.local/lib/python3.8/site-packages/airflow/example_dags/example_complex.py for tasks to queue
[2023-10-13T13:33:09.994+0000] {logging_mixin.py:151} INFO - [2023-10-13T13:33:09.993+0000] {dagbag.py:536} INFO - Filling up the DagBag from /home/airflow/.local/lib/python3.8/site-packages/airflow/example_dags/example_complex.py
[2023-10-13T13:33:10.007+0000] {processor.py:839} INFO - DAG(s) dict_keys(['example_complex']) retrieved from /home/airflow/.local/lib/python3.8/site-packages/airflow/example_dags/example_complex.py
[2023-10-13T13:33:10.052+0000] {logging_mixin.py:151} INFO - [2023-10-13T13:33:10.052+0000] {dag.py:2941} INFO - Sync 1 DAGs
[2023-10-13T13:33:10.071+0000] {logging_mixin.py:151} INFO - [2023-10-13T13:33:10.071+0000] {dag.py:3722} INFO - Setting next_dagrun for example_complex to None, run_after=None
[2023-10-13T13:33:10.106+0000] {processor.py:179} INFO - Processing /home/airflow/.local/lib/python3.8/site-packages/airflow/example_dags/example_complex.py took 0.122 seconds
[2023-10-13T13:33:40.521+0000] {processor.py:157} INFO - Started process (PID=1527) to work on /home/airflow/.local/lib/python3.8/site-packages/airflow/example_dags/example_complex.py
[2023-10-13T13:33:40.523+0000] {processor.py:829} INFO - Processing file /home/airflow/.local/lib/python3.8/site-packages/airflow/example_dags/example_complex.py for tasks to queue
[2023-10-13T13:33:40.528+0000] {logging_mixin.py:151} INFO - [2023-10-13T13:33:40.527+0000] {dagbag.py:536} INFO - Filling up the DagBag from /home/airflow/.local/lib/python3.8/site-packages/airflow/example_dags/example_complex.py
[2023-10-13T13:33:40.564+0000] {processor.py:839} INFO - DAG(s) dict_keys(['example_complex']) retrieved from /home/airflow/.local/lib/python3.8/site-packages/airflow/example_dags/example_complex.py
[2023-10-13T13:33:40.653+0000] {logging_mixin.py:151} INFO - [2023-10-13T13:33:40.652+0000] {dag.py:2941} INFO - Sync 1 DAGs
[2023-10-13T13:33:40.680+0000] {logging_mixin.py:151} INFO - [2023-10-13T13:33:40.679+0000] {dag.py:3722} INFO - Setting next_dagrun for example_complex to None, run_after=None
[2023-10-13T13:33:40.739+0000] {processor.py:179} INFO - Processing /home/airflow/.local/lib/python3.8/site-packages/airflow/example_dags/example_complex.py took 0.226 seconds
[2023-10-13T13:34:11.172+0000] {processor.py:157} INFO - Started process (PID=1582) to work on /home/airflow/.local/lib/python3.8/site-packages/airflow/example_dags/example_complex.py
[2023-10-13T13:34:11.173+0000] {processor.py:829} INFO - Processing file /home/airflow/.local/lib/python3.8/site-packages/airflow/example_dags/example_complex.py for tasks to queue
[2023-10-13T13:34:11.177+0000] {logging_mixin.py:151} INFO - [2023-10-13T13:34:11.176+0000] {dagbag.py:536} INFO - Filling up the DagBag from /home/airflow/.local/lib/python3.8/site-packages/airflow/example_dags/example_complex.py
[2023-10-13T13:34:11.192+0000] {processor.py:839} INFO - DAG(s) dict_keys(['example_complex']) retrieved from /home/airflow/.local/lib/python3.8/site-packages/airflow/example_dags/example_complex.py
[2023-10-13T13:34:11.250+0000] {logging_mixin.py:151} INFO - [2023-10-13T13:34:11.250+0000] {dag.py:2941} INFO - Sync 1 DAGs
[2023-10-13T13:34:11.276+0000] {logging_mixin.py:151} INFO - [2023-10-13T13:34:11.275+0000] {dag.py:3722} INFO - Setting next_dagrun for example_complex to None, run_after=None
[2023-10-13T13:34:11.314+0000] {processor.py:179} INFO - Processing /home/airflow/.local/lib/python3.8/site-packages/airflow/example_dags/example_complex.py took 0.146 seconds
[2023-10-13T13:34:41.877+0000] {processor.py:157} INFO - Started process (PID=1637) to work on /home/airflow/.local/lib/python3.8/site-packages/airflow/example_dags/example_complex.py
[2023-10-13T13:34:41.879+0000] {processor.py:829} INFO - Processing file /home/airflow/.local/lib/python3.8/site-packages/airflow/example_dags/example_complex.py for tasks to queue
[2023-10-13T13:34:41.882+0000] {logging_mixin.py:151} INFO - [2023-10-13T13:34:41.882+0000] {dagbag.py:536} INFO - Filling up the DagBag from /home/airflow/.local/lib/python3.8/site-packages/airflow/example_dags/example_complex.py
[2023-10-13T13:34:41.897+0000] {processor.py:839} INFO - DAG(s) dict_keys(['example_complex']) retrieved from /home/airflow/.local/lib/python3.8/site-packages/airflow/example_dags/example_complex.py
[2023-10-13T13:34:41.941+0000] {logging_mixin.py:151} INFO - [2023-10-13T13:34:41.941+0000] {dag.py:2941} INFO - Sync 1 DAGs
[2023-10-13T13:34:41.958+0000] {logging_mixin.py:151} INFO - [2023-10-13T13:34:41.958+0000] {dag.py:3722} INFO - Setting next_dagrun for example_complex to None, run_after=None
[2023-10-13T13:34:41.986+0000] {processor.py:179} INFO - Processing /home/airflow/.local/lib/python3.8/site-packages/airflow/example_dags/example_complex.py took 0.113 seconds
[2023-10-13T13:35:12.760+0000] {processor.py:157} INFO - Started process (PID=1691) to work on /home/airflow/.local/lib/python3.8/site-packages/airflow/example_dags/example_complex.py
[2023-10-13T13:35:12.763+0000] {processor.py:829} INFO - Processing file /home/airflow/.local/lib/python3.8/site-packages/airflow/example_dags/example_complex.py for tasks to queue
[2023-10-13T13:35:12.769+0000] {logging_mixin.py:151} INFO - [2023-10-13T13:35:12.768+0000] {dagbag.py:536} INFO - Filling up the DagBag from /home/airflow/.local/lib/python3.8/site-packages/airflow/example_dags/example_complex.py
[2023-10-13T13:35:12.788+0000] {processor.py:839} INFO - DAG(s) dict_keys(['example_complex']) retrieved from /home/airflow/.local/lib/python3.8/site-packages/airflow/example_dags/example_complex.py
[2023-10-13T13:35:12.838+0000] {logging_mixin.py:151} INFO - [2023-10-13T13:35:12.838+0000] {dag.py:2941} INFO - Sync 1 DAGs
[2023-10-13T13:35:12.856+0000] {logging_mixin.py:151} INFO - [2023-10-13T13:35:12.856+0000] {dag.py:3722} INFO - Setting next_dagrun for example_complex to None, run_after=None
[2023-10-13T13:35:12.886+0000] {processor.py:179} INFO - Processing /home/airflow/.local/lib/python3.8/site-packages/airflow/example_dags/example_complex.py took 0.135 seconds
[2023-10-13T13:35:44.026+0000] {processor.py:157} INFO - Started process (PID=1752) to work on /home/airflow/.local/lib/python3.8/site-packages/airflow/example_dags/example_complex.py
[2023-10-13T13:35:44.030+0000] {processor.py:829} INFO - Processing file /home/airflow/.local/lib/python3.8/site-packages/airflow/example_dags/example_complex.py for tasks to queue
[2023-10-13T13:35:44.033+0000] {logging_mixin.py:151} INFO - [2023-10-13T13:35:44.033+0000] {dagbag.py:536} INFO - Filling up the DagBag from /home/airflow/.local/lib/python3.8/site-packages/airflow/example_dags/example_complex.py
[2023-10-13T13:35:44.055+0000] {processor.py:839} INFO - DAG(s) dict_keys(['example_complex']) retrieved from /home/airflow/.local/lib/python3.8/site-packages/airflow/example_dags/example_complex.py
[2023-10-13T13:35:44.109+0000] {logging_mixin.py:151} INFO - [2023-10-13T13:35:44.108+0000] {dag.py:2941} INFO - Sync 1 DAGs
[2023-10-13T13:35:44.124+0000] {logging_mixin.py:151} INFO - [2023-10-13T13:35:44.124+0000] {dag.py:3722} INFO - Setting next_dagrun for example_complex to None, run_after=None
[2023-10-13T13:35:44.154+0000] {processor.py:179} INFO - Processing /home/airflow/.local/lib/python3.8/site-packages/airflow/example_dags/example_complex.py took 0.133 seconds
[2023-10-13T13:36:14.241+0000] {processor.py:157} INFO - Started process (PID=1805) to work on /home/airflow/.local/lib/python3.8/site-packages/airflow/example_dags/example_complex.py
[2023-10-13T13:36:14.243+0000] {processor.py:829} INFO - Processing file /home/airflow/.local/lib/python3.8/site-packages/airflow/example_dags/example_complex.py for tasks to queue
[2023-10-13T13:36:14.247+0000] {logging_mixin.py:151} INFO - [2023-10-13T13:36:14.247+0000] {dagbag.py:536} INFO - Filling up the DagBag from /home/airflow/.local/lib/python3.8/site-packages/airflow/example_dags/example_complex.py
[2023-10-13T13:36:14.265+0000] {processor.py:839} INFO - DAG(s) dict_keys(['example_complex']) retrieved from /home/airflow/.local/lib/python3.8/site-packages/airflow/example_dags/example_complex.py
[2023-10-13T13:36:14.316+0000] {logging_mixin.py:151} INFO - [2023-10-13T13:36:14.315+0000] {dag.py:2941} INFO - Sync 1 DAGs
[2023-10-13T13:36:14.335+0000] {logging_mixin.py:151} INFO - [2023-10-13T13:36:14.335+0000] {dag.py:3722} INFO - Setting next_dagrun for example_complex to None, run_after=None
[2023-10-13T13:36:14.371+0000] {processor.py:179} INFO - Processing /home/airflow/.local/lib/python3.8/site-packages/airflow/example_dags/example_complex.py took 0.135 seconds
