[2023-10-13T13:19:31.152+0000] {processor.py:157} INFO - Started process (PID=48) to work on /home/airflow/.local/lib/python3.8/site-packages/airflow/example_dags/example_nested_branch_dag.py
[2023-10-13T13:19:31.156+0000] {processor.py:829} INFO - Processing file /home/airflow/.local/lib/python3.8/site-packages/airflow/example_dags/example_nested_branch_dag.py for tasks to queue
[2023-10-13T13:19:31.163+0000] {logging_mixin.py:151} INFO - [2023-10-13T13:19:31.162+0000] {dagbag.py:536} INFO - Filling up the DagBag from /home/airflow/.local/lib/python3.8/site-packages/airflow/example_dags/example_nested_branch_dag.py
[2023-10-13T13:19:31.236+0000] {processor.py:839} INFO - DAG(s) dict_keys(['example_nested_branch_dag']) retrieved from /home/airflow/.local/lib/python3.8/site-packages/airflow/example_dags/example_nested_branch_dag.py
[2023-10-13T13:19:31.427+0000] {logging_mixin.py:151} INFO - [2023-10-13T13:19:31.426+0000] {dag.py:2941} INFO - Sync 1 DAGs
[2023-10-13T13:19:31.480+0000] {logging_mixin.py:151} INFO - [2023-10-13T13:19:31.479+0000] {dag.py:3722} INFO - Setting next_dagrun for example_nested_branch_dag to 2023-10-12T00:00:00+00:00, run_after=2023-10-13T00:00:00+00:00
[2023-10-13T13:19:31.521+0000] {processor.py:179} INFO - Processing /home/airflow/.local/lib/python3.8/site-packages/airflow/example_dags/example_nested_branch_dag.py took 0.374 seconds
[2023-10-13T13:20:02.205+0000] {processor.py:157} INFO - Started process (PID=102) to work on /home/airflow/.local/lib/python3.8/site-packages/airflow/example_dags/example_nested_branch_dag.py
[2023-10-13T13:20:02.208+0000] {processor.py:829} INFO - Processing file /home/airflow/.local/lib/python3.8/site-packages/airflow/example_dags/example_nested_branch_dag.py for tasks to queue
[2023-10-13T13:20:02.214+0000] {logging_mixin.py:151} INFO - [2023-10-13T13:20:02.214+0000] {dagbag.py:536} INFO - Filling up the DagBag from /home/airflow/.local/lib/python3.8/site-packages/airflow/example_dags/example_nested_branch_dag.py
[2023-10-13T13:20:02.237+0000] {processor.py:839} INFO - DAG(s) dict_keys(['example_nested_branch_dag']) retrieved from /home/airflow/.local/lib/python3.8/site-packages/airflow/example_dags/example_nested_branch_dag.py
[2023-10-13T13:20:02.274+0000] {logging_mixin.py:151} INFO - [2023-10-13T13:20:02.274+0000] {dag.py:2941} INFO - Sync 1 DAGs
[2023-10-13T13:20:02.313+0000] {logging_mixin.py:151} INFO - [2023-10-13T13:20:02.313+0000] {dag.py:3722} INFO - Setting next_dagrun for example_nested_branch_dag to 2023-10-12T00:00:00+00:00, run_after=2023-10-13T00:00:00+00:00
[2023-10-13T13:20:02.349+0000] {processor.py:179} INFO - Processing /home/airflow/.local/lib/python3.8/site-packages/airflow/example_dags/example_nested_branch_dag.py took 0.150 seconds
[2023-10-13T13:20:33.752+0000] {processor.py:157} INFO - Started process (PID=156) to work on /home/airflow/.local/lib/python3.8/site-packages/airflow/example_dags/example_nested_branch_dag.py
[2023-10-13T13:20:33.754+0000] {processor.py:829} INFO - Processing file /home/airflow/.local/lib/python3.8/site-packages/airflow/example_dags/example_nested_branch_dag.py for tasks to queue
[2023-10-13T13:20:33.758+0000] {logging_mixin.py:151} INFO - [2023-10-13T13:20:33.758+0000] {dagbag.py:536} INFO - Filling up the DagBag from /home/airflow/.local/lib/python3.8/site-packages/airflow/example_dags/example_nested_branch_dag.py
[2023-10-13T13:20:33.774+0000] {processor.py:839} INFO - DAG(s) dict_keys(['example_nested_branch_dag']) retrieved from /home/airflow/.local/lib/python3.8/site-packages/airflow/example_dags/example_nested_branch_dag.py
[2023-10-13T13:20:33.806+0000] {logging_mixin.py:151} INFO - [2023-10-13T13:20:33.806+0000] {dag.py:2941} INFO - Sync 1 DAGs
[2023-10-13T13:20:33.839+0000] {logging_mixin.py:151} INFO - [2023-10-13T13:20:33.839+0000] {dag.py:3722} INFO - Setting next_dagrun for example_nested_branch_dag to 2023-10-12T00:00:00+00:00, run_after=2023-10-13T00:00:00+00:00
[2023-10-13T13:20:33.866+0000] {processor.py:179} INFO - Processing /home/airflow/.local/lib/python3.8/site-packages/airflow/example_dags/example_nested_branch_dag.py took 0.118 seconds
[2023-10-13T13:21:06.409+0000] {processor.py:157} INFO - Started process (PID=210) to work on /home/airflow/.local/lib/python3.8/site-packages/airflow/example_dags/example_nested_branch_dag.py
[2023-10-13T13:21:06.411+0000] {processor.py:829} INFO - Processing file /home/airflow/.local/lib/python3.8/site-packages/airflow/example_dags/example_nested_branch_dag.py for tasks to queue
[2023-10-13T13:21:06.416+0000] {logging_mixin.py:151} INFO - [2023-10-13T13:21:06.415+0000] {dagbag.py:536} INFO - Filling up the DagBag from /home/airflow/.local/lib/python3.8/site-packages/airflow/example_dags/example_nested_branch_dag.py
[2023-10-13T13:21:06.437+0000] {processor.py:839} INFO - DAG(s) dict_keys(['example_nested_branch_dag']) retrieved from /home/airflow/.local/lib/python3.8/site-packages/airflow/example_dags/example_nested_branch_dag.py
[2023-10-13T13:21:06.474+0000] {logging_mixin.py:151} INFO - [2023-10-13T13:21:06.474+0000] {dag.py:2941} INFO - Sync 1 DAGs
[2023-10-13T13:21:06.514+0000] {logging_mixin.py:151} INFO - [2023-10-13T13:21:06.514+0000] {dag.py:3722} INFO - Setting next_dagrun for example_nested_branch_dag to 2023-10-12T00:00:00+00:00, run_after=2023-10-13T00:00:00+00:00
[2023-10-13T13:21:06.543+0000] {processor.py:179} INFO - Processing /home/airflow/.local/lib/python3.8/site-packages/airflow/example_dags/example_nested_branch_dag.py took 0.140 seconds
[2023-10-13T13:21:36.625+0000] {processor.py:157} INFO - Started process (PID=262) to work on /home/airflow/.local/lib/python3.8/site-packages/airflow/example_dags/example_nested_branch_dag.py
[2023-10-13T13:21:36.627+0000] {processor.py:829} INFO - Processing file /home/airflow/.local/lib/python3.8/site-packages/airflow/example_dags/example_nested_branch_dag.py for tasks to queue
[2023-10-13T13:21:36.632+0000] {logging_mixin.py:151} INFO - [2023-10-13T13:21:36.631+0000] {dagbag.py:536} INFO - Filling up the DagBag from /home/airflow/.local/lib/python3.8/site-packages/airflow/example_dags/example_nested_branch_dag.py
[2023-10-13T13:21:36.645+0000] {processor.py:839} INFO - DAG(s) dict_keys(['example_nested_branch_dag']) retrieved from /home/airflow/.local/lib/python3.8/site-packages/airflow/example_dags/example_nested_branch_dag.py
[2023-10-13T13:21:36.678+0000] {logging_mixin.py:151} INFO - [2023-10-13T13:21:36.678+0000] {dag.py:2941} INFO - Sync 1 DAGs
[2023-10-13T13:21:36.717+0000] {logging_mixin.py:151} INFO - [2023-10-13T13:21:36.716+0000] {dag.py:3722} INFO - Setting next_dagrun for example_nested_branch_dag to 2023-10-12T00:00:00+00:00, run_after=2023-10-13T00:00:00+00:00
[2023-10-13T13:21:36.747+0000] {processor.py:179} INFO - Processing /home/airflow/.local/lib/python3.8/site-packages/airflow/example_dags/example_nested_branch_dag.py took 0.126 seconds
[2023-10-13T13:22:07.210+0000] {processor.py:157} INFO - Started process (PID=316) to work on /home/airflow/.local/lib/python3.8/site-packages/airflow/example_dags/example_nested_branch_dag.py
[2023-10-13T13:22:07.212+0000] {processor.py:829} INFO - Processing file /home/airflow/.local/lib/python3.8/site-packages/airflow/example_dags/example_nested_branch_dag.py for tasks to queue
[2023-10-13T13:22:07.216+0000] {logging_mixin.py:151} INFO - [2023-10-13T13:22:07.216+0000] {dagbag.py:536} INFO - Filling up the DagBag from /home/airflow/.local/lib/python3.8/site-packages/airflow/example_dags/example_nested_branch_dag.py
[2023-10-13T13:22:07.231+0000] {processor.py:839} INFO - DAG(s) dict_keys(['example_nested_branch_dag']) retrieved from /home/airflow/.local/lib/python3.8/site-packages/airflow/example_dags/example_nested_branch_dag.py
[2023-10-13T13:22:07.265+0000] {logging_mixin.py:151} INFO - [2023-10-13T13:22:07.265+0000] {dag.py:2941} INFO - Sync 1 DAGs
[2023-10-13T13:22:07.304+0000] {logging_mixin.py:151} INFO - [2023-10-13T13:22:07.303+0000] {dag.py:3722} INFO - Setting next_dagrun for example_nested_branch_dag to 2023-10-12T00:00:00+00:00, run_after=2023-10-13T00:00:00+00:00
[2023-10-13T13:22:07.335+0000] {processor.py:179} INFO - Processing /home/airflow/.local/lib/python3.8/site-packages/airflow/example_dags/example_nested_branch_dag.py took 0.128 seconds
[2023-10-13T13:22:38.068+0000] {processor.py:157} INFO - Started process (PID=370) to work on /home/airflow/.local/lib/python3.8/site-packages/airflow/example_dags/example_nested_branch_dag.py
[2023-10-13T13:22:38.070+0000] {processor.py:829} INFO - Processing file /home/airflow/.local/lib/python3.8/site-packages/airflow/example_dags/example_nested_branch_dag.py for tasks to queue
[2023-10-13T13:22:38.074+0000] {logging_mixin.py:151} INFO - [2023-10-13T13:22:38.074+0000] {dagbag.py:536} INFO - Filling up the DagBag from /home/airflow/.local/lib/python3.8/site-packages/airflow/example_dags/example_nested_branch_dag.py
[2023-10-13T13:22:38.090+0000] {processor.py:839} INFO - DAG(s) dict_keys(['example_nested_branch_dag']) retrieved from /home/airflow/.local/lib/python3.8/site-packages/airflow/example_dags/example_nested_branch_dag.py
[2023-10-13T13:22:38.123+0000] {logging_mixin.py:151} INFO - [2023-10-13T13:22:38.123+0000] {dag.py:2941} INFO - Sync 1 DAGs
[2023-10-13T13:22:38.160+0000] {logging_mixin.py:151} INFO - [2023-10-13T13:22:38.160+0000] {dag.py:3722} INFO - Setting next_dagrun for example_nested_branch_dag to 2023-10-12T00:00:00+00:00, run_after=2023-10-13T00:00:00+00:00
[2023-10-13T13:22:38.193+0000] {processor.py:179} INFO - Processing /home/airflow/.local/lib/python3.8/site-packages/airflow/example_dags/example_nested_branch_dag.py took 0.129 seconds
[2023-10-13T13:23:09.002+0000] {processor.py:157} INFO - Started process (PID=431) to work on /home/airflow/.local/lib/python3.8/site-packages/airflow/example_dags/example_nested_branch_dag.py
[2023-10-13T13:23:09.004+0000] {processor.py:829} INFO - Processing file /home/airflow/.local/lib/python3.8/site-packages/airflow/example_dags/example_nested_branch_dag.py for tasks to queue
[2023-10-13T13:23:09.008+0000] {logging_mixin.py:151} INFO - [2023-10-13T13:23:09.007+0000] {dagbag.py:536} INFO - Filling up the DagBag from /home/airflow/.local/lib/python3.8/site-packages/airflow/example_dags/example_nested_branch_dag.py
[2023-10-13T13:23:09.019+0000] {processor.py:839} INFO - DAG(s) dict_keys(['example_nested_branch_dag']) retrieved from /home/airflow/.local/lib/python3.8/site-packages/airflow/example_dags/example_nested_branch_dag.py
[2023-10-13T13:23:09.048+0000] {logging_mixin.py:151} INFO - [2023-10-13T13:23:09.048+0000] {dag.py:2941} INFO - Sync 1 DAGs
[2023-10-13T13:23:09.071+0000] {logging_mixin.py:151} INFO - [2023-10-13T13:23:09.071+0000] {dag.py:3722} INFO - Setting next_dagrun for example_nested_branch_dag to 2023-10-12T00:00:00+00:00, run_after=2023-10-13T00:00:00+00:00
[2023-10-13T13:23:09.098+0000] {processor.py:179} INFO - Processing /home/airflow/.local/lib/python3.8/site-packages/airflow/example_dags/example_nested_branch_dag.py took 0.099 seconds
[2023-10-13T13:23:39.439+0000] {processor.py:157} INFO - Started process (PID=485) to work on /home/airflow/.local/lib/python3.8/site-packages/airflow/example_dags/example_nested_branch_dag.py
[2023-10-13T13:23:39.441+0000] {processor.py:829} INFO - Processing file /home/airflow/.local/lib/python3.8/site-packages/airflow/example_dags/example_nested_branch_dag.py for tasks to queue
[2023-10-13T13:23:39.445+0000] {logging_mixin.py:151} INFO - [2023-10-13T13:23:39.445+0000] {dagbag.py:536} INFO - Filling up the DagBag from /home/airflow/.local/lib/python3.8/site-packages/airflow/example_dags/example_nested_branch_dag.py
[2023-10-13T13:23:39.459+0000] {processor.py:839} INFO - DAG(s) dict_keys(['example_nested_branch_dag']) retrieved from /home/airflow/.local/lib/python3.8/site-packages/airflow/example_dags/example_nested_branch_dag.py
[2023-10-13T13:23:39.485+0000] {logging_mixin.py:151} INFO - [2023-10-13T13:23:39.485+0000] {dag.py:2941} INFO - Sync 1 DAGs
[2023-10-13T13:23:39.509+0000] {logging_mixin.py:151} INFO - [2023-10-13T13:23:39.508+0000] {dag.py:3722} INFO - Setting next_dagrun for example_nested_branch_dag to 2023-10-12T00:00:00+00:00, run_after=2023-10-13T00:00:00+00:00
[2023-10-13T13:23:39.534+0000] {processor.py:179} INFO - Processing /home/airflow/.local/lib/python3.8/site-packages/airflow/example_dags/example_nested_branch_dag.py took 0.098 seconds
[2023-10-13T13:24:10.051+0000] {processor.py:157} INFO - Started process (PID=539) to work on /home/airflow/.local/lib/python3.8/site-packages/airflow/example_dags/example_nested_branch_dag.py
[2023-10-13T13:24:10.053+0000] {processor.py:829} INFO - Processing file /home/airflow/.local/lib/python3.8/site-packages/airflow/example_dags/example_nested_branch_dag.py for tasks to queue
[2023-10-13T13:24:10.057+0000] {logging_mixin.py:151} INFO - [2023-10-13T13:24:10.057+0000] {dagbag.py:536} INFO - Filling up the DagBag from /home/airflow/.local/lib/python3.8/site-packages/airflow/example_dags/example_nested_branch_dag.py
[2023-10-13T13:24:10.070+0000] {processor.py:839} INFO - DAG(s) dict_keys(['example_nested_branch_dag']) retrieved from /home/airflow/.local/lib/python3.8/site-packages/airflow/example_dags/example_nested_branch_dag.py
[2023-10-13T13:24:10.105+0000] {logging_mixin.py:151} INFO - [2023-10-13T13:24:10.104+0000] {dag.py:2941} INFO - Sync 1 DAGs
[2023-10-13T13:24:10.135+0000] {logging_mixin.py:151} INFO - [2023-10-13T13:24:10.135+0000] {dag.py:3722} INFO - Setting next_dagrun for example_nested_branch_dag to 2023-10-12T00:00:00+00:00, run_after=2023-10-13T00:00:00+00:00
[2023-10-13T13:24:10.168+0000] {processor.py:179} INFO - Processing /home/airflow/.local/lib/python3.8/site-packages/airflow/example_dags/example_nested_branch_dag.py took 0.121 seconds
[2023-10-13T13:24:40.324+0000] {processor.py:157} INFO - Started process (PID=593) to work on /home/airflow/.local/lib/python3.8/site-packages/airflow/example_dags/example_nested_branch_dag.py
[2023-10-13T13:24:40.326+0000] {processor.py:829} INFO - Processing file /home/airflow/.local/lib/python3.8/site-packages/airflow/example_dags/example_nested_branch_dag.py for tasks to queue
[2023-10-13T13:24:40.330+0000] {logging_mixin.py:151} INFO - [2023-10-13T13:24:40.329+0000] {dagbag.py:536} INFO - Filling up the DagBag from /home/airflow/.local/lib/python3.8/site-packages/airflow/example_dags/example_nested_branch_dag.py
[2023-10-13T13:24:40.343+0000] {processor.py:839} INFO - DAG(s) dict_keys(['example_nested_branch_dag']) retrieved from /home/airflow/.local/lib/python3.8/site-packages/airflow/example_dags/example_nested_branch_dag.py
[2023-10-13T13:24:40.380+0000] {logging_mixin.py:151} INFO - [2023-10-13T13:24:40.380+0000] {dag.py:2941} INFO - Sync 1 DAGs
[2023-10-13T13:24:40.415+0000] {logging_mixin.py:151} INFO - [2023-10-13T13:24:40.415+0000] {dag.py:3722} INFO - Setting next_dagrun for example_nested_branch_dag to 2023-10-12T00:00:00+00:00, run_after=2023-10-13T00:00:00+00:00
[2023-10-13T13:24:40.448+0000] {processor.py:179} INFO - Processing /home/airflow/.local/lib/python3.8/site-packages/airflow/example_dags/example_nested_branch_dag.py took 0.128 seconds
[2023-10-13T13:25:11.840+0000] {processor.py:157} INFO - Started process (PID=647) to work on /home/airflow/.local/lib/python3.8/site-packages/airflow/example_dags/example_nested_branch_dag.py
[2023-10-13T13:25:11.844+0000] {processor.py:829} INFO - Processing file /home/airflow/.local/lib/python3.8/site-packages/airflow/example_dags/example_nested_branch_dag.py for tasks to queue
[2023-10-13T13:25:11.860+0000] {logging_mixin.py:151} INFO - [2023-10-13T13:25:11.859+0000] {dagbag.py:536} INFO - Filling up the DagBag from /home/airflow/.local/lib/python3.8/site-packages/airflow/example_dags/example_nested_branch_dag.py
[2023-10-13T13:25:11.905+0000] {processor.py:839} INFO - DAG(s) dict_keys(['example_nested_branch_dag']) retrieved from /home/airflow/.local/lib/python3.8/site-packages/airflow/example_dags/example_nested_branch_dag.py
[2023-10-13T13:25:12.008+0000] {logging_mixin.py:151} INFO - [2023-10-13T13:25:12.008+0000] {dag.py:2941} INFO - Sync 1 DAGs
[2023-10-13T13:25:12.125+0000] {logging_mixin.py:151} INFO - [2023-10-13T13:25:12.124+0000] {dag.py:3722} INFO - Setting next_dagrun for example_nested_branch_dag to 2023-10-12T00:00:00+00:00, run_after=2023-10-13T00:00:00+00:00
[2023-10-13T13:25:12.196+0000] {processor.py:179} INFO - Processing /home/airflow/.local/lib/python3.8/site-packages/airflow/example_dags/example_nested_branch_dag.py took 0.362 seconds
[2023-10-13T13:25:42.563+0000] {processor.py:157} INFO - Started process (PID=701) to work on /home/airflow/.local/lib/python3.8/site-packages/airflow/example_dags/example_nested_branch_dag.py
[2023-10-13T13:25:42.565+0000] {processor.py:829} INFO - Processing file /home/airflow/.local/lib/python3.8/site-packages/airflow/example_dags/example_nested_branch_dag.py for tasks to queue
[2023-10-13T13:25:42.570+0000] {logging_mixin.py:151} INFO - [2023-10-13T13:25:42.570+0000] {dagbag.py:536} INFO - Filling up the DagBag from /home/airflow/.local/lib/python3.8/site-packages/airflow/example_dags/example_nested_branch_dag.py
[2023-10-13T13:25:42.582+0000] {processor.py:839} INFO - DAG(s) dict_keys(['example_nested_branch_dag']) retrieved from /home/airflow/.local/lib/python3.8/site-packages/airflow/example_dags/example_nested_branch_dag.py
[2023-10-13T13:25:42.615+0000] {logging_mixin.py:151} INFO - [2023-10-13T13:25:42.614+0000] {dag.py:2941} INFO - Sync 1 DAGs
[2023-10-13T13:25:42.654+0000] {logging_mixin.py:151} INFO - [2023-10-13T13:25:42.654+0000] {dag.py:3722} INFO - Setting next_dagrun for example_nested_branch_dag to 2023-10-12T00:00:00+00:00, run_after=2023-10-13T00:00:00+00:00
[2023-10-13T13:25:42.681+0000] {processor.py:179} INFO - Processing /home/airflow/.local/lib/python3.8/site-packages/airflow/example_dags/example_nested_branch_dag.py took 0.122 seconds
[2023-10-13T13:26:13.653+0000] {processor.py:157} INFO - Started process (PID=755) to work on /home/airflow/.local/lib/python3.8/site-packages/airflow/example_dags/example_nested_branch_dag.py
[2023-10-13T13:26:13.655+0000] {processor.py:829} INFO - Processing file /home/airflow/.local/lib/python3.8/site-packages/airflow/example_dags/example_nested_branch_dag.py for tasks to queue
[2023-10-13T13:26:13.679+0000] {logging_mixin.py:151} INFO - [2023-10-13T13:26:13.679+0000] {dagbag.py:536} INFO - Filling up the DagBag from /home/airflow/.local/lib/python3.8/site-packages/airflow/example_dags/example_nested_branch_dag.py
[2023-10-13T13:26:13.714+0000] {processor.py:839} INFO - DAG(s) dict_keys(['example_nested_branch_dag']) retrieved from /home/airflow/.local/lib/python3.8/site-packages/airflow/example_dags/example_nested_branch_dag.py
[2023-10-13T13:26:13.769+0000] {logging_mixin.py:151} INFO - [2023-10-13T13:26:13.769+0000] {dag.py:2941} INFO - Sync 1 DAGs
[2023-10-13T13:26:13.829+0000] {logging_mixin.py:151} INFO - [2023-10-13T13:26:13.828+0000] {dag.py:3722} INFO - Setting next_dagrun for example_nested_branch_dag to 2023-10-12T00:00:00+00:00, run_after=2023-10-13T00:00:00+00:00
[2023-10-13T13:26:13.893+0000] {processor.py:179} INFO - Processing /home/airflow/.local/lib/python3.8/site-packages/airflow/example_dags/example_nested_branch_dag.py took 0.247 seconds
[2023-10-13T13:26:44.103+0000] {processor.py:157} INFO - Started process (PID=810) to work on /home/airflow/.local/lib/python3.8/site-packages/airflow/example_dags/example_nested_branch_dag.py
[2023-10-13T13:26:44.107+0000] {processor.py:829} INFO - Processing file /home/airflow/.local/lib/python3.8/site-packages/airflow/example_dags/example_nested_branch_dag.py for tasks to queue
[2023-10-13T13:26:44.112+0000] {logging_mixin.py:151} INFO - [2023-10-13T13:26:44.111+0000] {dagbag.py:536} INFO - Filling up the DagBag from /home/airflow/.local/lib/python3.8/site-packages/airflow/example_dags/example_nested_branch_dag.py
[2023-10-13T13:26:44.124+0000] {processor.py:839} INFO - DAG(s) dict_keys(['example_nested_branch_dag']) retrieved from /home/airflow/.local/lib/python3.8/site-packages/airflow/example_dags/example_nested_branch_dag.py
[2023-10-13T13:26:44.154+0000] {logging_mixin.py:151} INFO - [2023-10-13T13:26:44.154+0000] {dag.py:2941} INFO - Sync 1 DAGs
[2023-10-13T13:26:44.190+0000] {logging_mixin.py:151} INFO - [2023-10-13T13:26:44.189+0000] {dag.py:3722} INFO - Setting next_dagrun for example_nested_branch_dag to 2023-10-12T00:00:00+00:00, run_after=2023-10-13T00:00:00+00:00
[2023-10-13T13:26:44.356+0000] {processor.py:179} INFO - Processing /home/airflow/.local/lib/python3.8/site-packages/airflow/example_dags/example_nested_branch_dag.py took 0.257 seconds
[2023-10-13T13:27:14.779+0000] {processor.py:157} INFO - Started process (PID=863) to work on /home/airflow/.local/lib/python3.8/site-packages/airflow/example_dags/example_nested_branch_dag.py
[2023-10-13T13:27:14.781+0000] {processor.py:829} INFO - Processing file /home/airflow/.local/lib/python3.8/site-packages/airflow/example_dags/example_nested_branch_dag.py for tasks to queue
[2023-10-13T13:27:14.787+0000] {logging_mixin.py:151} INFO - [2023-10-13T13:27:14.786+0000] {dagbag.py:536} INFO - Filling up the DagBag from /home/airflow/.local/lib/python3.8/site-packages/airflow/example_dags/example_nested_branch_dag.py
[2023-10-13T13:27:14.804+0000] {processor.py:839} INFO - DAG(s) dict_keys(['example_nested_branch_dag']) retrieved from /home/airflow/.local/lib/python3.8/site-packages/airflow/example_dags/example_nested_branch_dag.py
[2023-10-13T13:27:14.842+0000] {logging_mixin.py:151} INFO - [2023-10-13T13:27:14.842+0000] {dag.py:2941} INFO - Sync 1 DAGs
[2023-10-13T13:27:14.896+0000] {logging_mixin.py:151} INFO - [2023-10-13T13:27:14.896+0000] {dag.py:3722} INFO - Setting next_dagrun for example_nested_branch_dag to 2023-10-12T00:00:00+00:00, run_after=2023-10-13T00:00:00+00:00
[2023-10-13T13:27:14.941+0000] {processor.py:179} INFO - Processing /home/airflow/.local/lib/python3.8/site-packages/airflow/example_dags/example_nested_branch_dag.py took 0.166 seconds
[2023-10-13T13:27:45.512+0000] {processor.py:157} INFO - Started process (PID=917) to work on /home/airflow/.local/lib/python3.8/site-packages/airflow/example_dags/example_nested_branch_dag.py
[2023-10-13T13:27:45.514+0000] {processor.py:829} INFO - Processing file /home/airflow/.local/lib/python3.8/site-packages/airflow/example_dags/example_nested_branch_dag.py for tasks to queue
[2023-10-13T13:27:45.519+0000] {logging_mixin.py:151} INFO - [2023-10-13T13:27:45.518+0000] {dagbag.py:536} INFO - Filling up the DagBag from /home/airflow/.local/lib/python3.8/site-packages/airflow/example_dags/example_nested_branch_dag.py
[2023-10-13T13:27:45.534+0000] {processor.py:839} INFO - DAG(s) dict_keys(['example_nested_branch_dag']) retrieved from /home/airflow/.local/lib/python3.8/site-packages/airflow/example_dags/example_nested_branch_dag.py
[2023-10-13T13:27:45.572+0000] {logging_mixin.py:151} INFO - [2023-10-13T13:27:45.571+0000] {dag.py:2941} INFO - Sync 1 DAGs
[2023-10-13T13:27:45.606+0000] {logging_mixin.py:151} INFO - [2023-10-13T13:27:45.605+0000] {dag.py:3722} INFO - Setting next_dagrun for example_nested_branch_dag to 2023-10-12T00:00:00+00:00, run_after=2023-10-13T00:00:00+00:00
[2023-10-13T13:27:45.635+0000] {processor.py:179} INFO - Processing /home/airflow/.local/lib/python3.8/site-packages/airflow/example_dags/example_nested_branch_dag.py took 0.127 seconds
[2023-10-13T13:28:17.031+0000] {processor.py:157} INFO - Started process (PID=971) to work on /home/airflow/.local/lib/python3.8/site-packages/airflow/example_dags/example_nested_branch_dag.py
[2023-10-13T13:28:17.032+0000] {processor.py:829} INFO - Processing file /home/airflow/.local/lib/python3.8/site-packages/airflow/example_dags/example_nested_branch_dag.py for tasks to queue
[2023-10-13T13:28:17.036+0000] {logging_mixin.py:151} INFO - [2023-10-13T13:28:17.036+0000] {dagbag.py:536} INFO - Filling up the DagBag from /home/airflow/.local/lib/python3.8/site-packages/airflow/example_dags/example_nested_branch_dag.py
[2023-10-13T13:28:17.056+0000] {processor.py:839} INFO - DAG(s) dict_keys(['example_nested_branch_dag']) retrieved from /home/airflow/.local/lib/python3.8/site-packages/airflow/example_dags/example_nested_branch_dag.py
[2023-10-13T13:28:17.100+0000] {logging_mixin.py:151} INFO - [2023-10-13T13:28:17.100+0000] {dag.py:2941} INFO - Sync 1 DAGs
[2023-10-13T13:28:17.140+0000] {logging_mixin.py:151} INFO - [2023-10-13T13:28:17.139+0000] {dag.py:3722} INFO - Setting next_dagrun for example_nested_branch_dag to 2023-10-12T00:00:00+00:00, run_after=2023-10-13T00:00:00+00:00
[2023-10-13T13:28:17.171+0000] {processor.py:179} INFO - Processing /home/airflow/.local/lib/python3.8/site-packages/airflow/example_dags/example_nested_branch_dag.py took 0.145 seconds
[2023-10-13T13:28:47.367+0000] {processor.py:157} INFO - Started process (PID=1025) to work on /home/airflow/.local/lib/python3.8/site-packages/airflow/example_dags/example_nested_branch_dag.py
[2023-10-13T13:28:47.370+0000] {processor.py:829} INFO - Processing file /home/airflow/.local/lib/python3.8/site-packages/airflow/example_dags/example_nested_branch_dag.py for tasks to queue
[2023-10-13T13:28:47.374+0000] {logging_mixin.py:151} INFO - [2023-10-13T13:28:47.374+0000] {dagbag.py:536} INFO - Filling up the DagBag from /home/airflow/.local/lib/python3.8/site-packages/airflow/example_dags/example_nested_branch_dag.py
[2023-10-13T13:28:47.388+0000] {processor.py:839} INFO - DAG(s) dict_keys(['example_nested_branch_dag']) retrieved from /home/airflow/.local/lib/python3.8/site-packages/airflow/example_dags/example_nested_branch_dag.py
[2023-10-13T13:28:47.421+0000] {logging_mixin.py:151} INFO - [2023-10-13T13:28:47.421+0000] {dag.py:2941} INFO - Sync 1 DAGs
[2023-10-13T13:28:47.455+0000] {logging_mixin.py:151} INFO - [2023-10-13T13:28:47.454+0000] {dag.py:3722} INFO - Setting next_dagrun for example_nested_branch_dag to 2023-10-12T00:00:00+00:00, run_after=2023-10-13T00:00:00+00:00
[2023-10-13T13:28:47.485+0000] {processor.py:179} INFO - Processing /home/airflow/.local/lib/python3.8/site-packages/airflow/example_dags/example_nested_branch_dag.py took 0.122 seconds
[2023-10-13T13:29:17.552+0000] {processor.py:157} INFO - Started process (PID=1079) to work on /home/airflow/.local/lib/python3.8/site-packages/airflow/example_dags/example_nested_branch_dag.py
[2023-10-13T13:29:17.554+0000] {processor.py:829} INFO - Processing file /home/airflow/.local/lib/python3.8/site-packages/airflow/example_dags/example_nested_branch_dag.py for tasks to queue
[2023-10-13T13:29:17.558+0000] {logging_mixin.py:151} INFO - [2023-10-13T13:29:17.558+0000] {dagbag.py:536} INFO - Filling up the DagBag from /home/airflow/.local/lib/python3.8/site-packages/airflow/example_dags/example_nested_branch_dag.py
[2023-10-13T13:29:17.573+0000] {processor.py:839} INFO - DAG(s) dict_keys(['example_nested_branch_dag']) retrieved from /home/airflow/.local/lib/python3.8/site-packages/airflow/example_dags/example_nested_branch_dag.py
[2023-10-13T13:29:17.614+0000] {logging_mixin.py:151} INFO - [2023-10-13T13:29:17.614+0000] {dag.py:2941} INFO - Sync 1 DAGs
[2023-10-13T13:29:17.658+0000] {logging_mixin.py:151} INFO - [2023-10-13T13:29:17.658+0000] {dag.py:3722} INFO - Setting next_dagrun for example_nested_branch_dag to 2023-10-12T00:00:00+00:00, run_after=2023-10-13T00:00:00+00:00
[2023-10-13T13:29:17.689+0000] {processor.py:179} INFO - Processing /home/airflow/.local/lib/python3.8/site-packages/airflow/example_dags/example_nested_branch_dag.py took 0.141 seconds
[2023-10-13T13:29:57.439+0000] {processor.py:157} INFO - Started process (PID=1133) to work on /home/airflow/.local/lib/python3.8/site-packages/airflow/example_dags/example_nested_branch_dag.py
[2023-10-13T13:29:57.441+0000] {processor.py:829} INFO - Processing file /home/airflow/.local/lib/python3.8/site-packages/airflow/example_dags/example_nested_branch_dag.py for tasks to queue
[2023-10-13T13:29:57.447+0000] {logging_mixin.py:151} INFO - [2023-10-13T13:29:57.446+0000] {dagbag.py:536} INFO - Filling up the DagBag from /home/airflow/.local/lib/python3.8/site-packages/airflow/example_dags/example_nested_branch_dag.py
[2023-10-13T13:29:57.460+0000] {processor.py:839} INFO - DAG(s) dict_keys(['example_nested_branch_dag']) retrieved from /home/airflow/.local/lib/python3.8/site-packages/airflow/example_dags/example_nested_branch_dag.py
[2023-10-13T13:29:57.490+0000] {logging_mixin.py:151} INFO - [2023-10-13T13:29:57.490+0000] {dag.py:2941} INFO - Sync 1 DAGs
[2023-10-13T13:29:57.523+0000] {logging_mixin.py:151} INFO - [2023-10-13T13:29:57.522+0000] {dag.py:3722} INFO - Setting next_dagrun for example_nested_branch_dag to 2023-10-12T00:00:00+00:00, run_after=2023-10-13T00:00:00+00:00
[2023-10-13T13:29:57.552+0000] {processor.py:179} INFO - Processing /home/airflow/.local/lib/python3.8/site-packages/airflow/example_dags/example_nested_branch_dag.py took 0.118 seconds
[2023-10-13T13:30:29.059+0000] {processor.py:157} INFO - Started process (PID=1187) to work on /home/airflow/.local/lib/python3.8/site-packages/airflow/example_dags/example_nested_branch_dag.py
[2023-10-13T13:30:29.061+0000] {processor.py:829} INFO - Processing file /home/airflow/.local/lib/python3.8/site-packages/airflow/example_dags/example_nested_branch_dag.py for tasks to queue
[2023-10-13T13:30:29.065+0000] {logging_mixin.py:151} INFO - [2023-10-13T13:30:29.064+0000] {dagbag.py:536} INFO - Filling up the DagBag from /home/airflow/.local/lib/python3.8/site-packages/airflow/example_dags/example_nested_branch_dag.py
[2023-10-13T13:30:29.077+0000] {processor.py:839} INFO - DAG(s) dict_keys(['example_nested_branch_dag']) retrieved from /home/airflow/.local/lib/python3.8/site-packages/airflow/example_dags/example_nested_branch_dag.py
[2023-10-13T13:30:29.107+0000] {logging_mixin.py:151} INFO - [2023-10-13T13:30:29.107+0000] {dag.py:2941} INFO - Sync 1 DAGs
[2023-10-13T13:30:29.280+0000] {logging_mixin.py:151} INFO - [2023-10-13T13:30:29.280+0000] {dag.py:3722} INFO - Setting next_dagrun for example_nested_branch_dag to 2023-10-12T00:00:00+00:00, run_after=2023-10-13T00:00:00+00:00
[2023-10-13T13:30:29.308+0000] {processor.py:179} INFO - Processing /home/airflow/.local/lib/python3.8/site-packages/airflow/example_dags/example_nested_branch_dag.py took 0.253 seconds
[2023-10-13T13:30:59.912+0000] {processor.py:157} INFO - Started process (PID=1241) to work on /home/airflow/.local/lib/python3.8/site-packages/airflow/example_dags/example_nested_branch_dag.py
[2023-10-13T13:30:59.914+0000] {processor.py:829} INFO - Processing file /home/airflow/.local/lib/python3.8/site-packages/airflow/example_dags/example_nested_branch_dag.py for tasks to queue
[2023-10-13T13:30:59.919+0000] {logging_mixin.py:151} INFO - [2023-10-13T13:30:59.919+0000] {dagbag.py:536} INFO - Filling up the DagBag from /home/airflow/.local/lib/python3.8/site-packages/airflow/example_dags/example_nested_branch_dag.py
[2023-10-13T13:30:59.933+0000] {processor.py:839} INFO - DAG(s) dict_keys(['example_nested_branch_dag']) retrieved from /home/airflow/.local/lib/python3.8/site-packages/airflow/example_dags/example_nested_branch_dag.py
[2023-10-13T13:30:59.970+0000] {logging_mixin.py:151} INFO - [2023-10-13T13:30:59.969+0000] {dag.py:2941} INFO - Sync 1 DAGs
[2023-10-13T13:31:00.008+0000] {logging_mixin.py:151} INFO - [2023-10-13T13:31:00.008+0000] {dag.py:3722} INFO - Setting next_dagrun for example_nested_branch_dag to 2023-10-12T00:00:00+00:00, run_after=2023-10-13T00:00:00+00:00
[2023-10-13T13:31:00.045+0000] {processor.py:179} INFO - Processing /home/airflow/.local/lib/python3.8/site-packages/airflow/example_dags/example_nested_branch_dag.py took 0.140 seconds
[2023-10-13T13:31:31.251+0000] {processor.py:157} INFO - Started process (PID=1295) to work on /home/airflow/.local/lib/python3.8/site-packages/airflow/example_dags/example_nested_branch_dag.py
[2023-10-13T13:31:31.253+0000] {processor.py:829} INFO - Processing file /home/airflow/.local/lib/python3.8/site-packages/airflow/example_dags/example_nested_branch_dag.py for tasks to queue
[2023-10-13T13:31:31.263+0000] {logging_mixin.py:151} INFO - [2023-10-13T13:31:31.262+0000] {dagbag.py:536} INFO - Filling up the DagBag from /home/airflow/.local/lib/python3.8/site-packages/airflow/example_dags/example_nested_branch_dag.py
[2023-10-13T13:31:31.288+0000] {processor.py:839} INFO - DAG(s) dict_keys(['example_nested_branch_dag']) retrieved from /home/airflow/.local/lib/python3.8/site-packages/airflow/example_dags/example_nested_branch_dag.py
[2023-10-13T13:31:31.351+0000] {logging_mixin.py:151} INFO - [2023-10-13T13:31:31.351+0000] {dag.py:2941} INFO - Sync 1 DAGs
[2023-10-13T13:31:31.427+0000] {logging_mixin.py:151} INFO - [2023-10-13T13:31:31.427+0000] {dag.py:3722} INFO - Setting next_dagrun for example_nested_branch_dag to 2023-10-12T00:00:00+00:00, run_after=2023-10-13T00:00:00+00:00
[2023-10-13T13:31:31.467+0000] {processor.py:179} INFO - Processing /home/airflow/.local/lib/python3.8/site-packages/airflow/example_dags/example_nested_branch_dag.py took 0.222 seconds
[2023-10-13T13:32:02.051+0000] {processor.py:157} INFO - Started process (PID=1349) to work on /home/airflow/.local/lib/python3.8/site-packages/airflow/example_dags/example_nested_branch_dag.py
[2023-10-13T13:32:02.054+0000] {processor.py:829} INFO - Processing file /home/airflow/.local/lib/python3.8/site-packages/airflow/example_dags/example_nested_branch_dag.py for tasks to queue
[2023-10-13T13:32:02.059+0000] {logging_mixin.py:151} INFO - [2023-10-13T13:32:02.058+0000] {dagbag.py:536} INFO - Filling up the DagBag from /home/airflow/.local/lib/python3.8/site-packages/airflow/example_dags/example_nested_branch_dag.py
[2023-10-13T13:32:02.074+0000] {processor.py:839} INFO - DAG(s) dict_keys(['example_nested_branch_dag']) retrieved from /home/airflow/.local/lib/python3.8/site-packages/airflow/example_dags/example_nested_branch_dag.py
[2023-10-13T13:32:02.108+0000] {logging_mixin.py:151} INFO - [2023-10-13T13:32:02.108+0000] {dag.py:2941} INFO - Sync 1 DAGs
[2023-10-13T13:32:02.319+0000] {logging_mixin.py:151} INFO - [2023-10-13T13:32:02.319+0000] {dag.py:3722} INFO - Setting next_dagrun for example_nested_branch_dag to 2023-10-12T00:00:00+00:00, run_after=2023-10-13T00:00:00+00:00
[2023-10-13T13:32:02.352+0000] {processor.py:179} INFO - Processing /home/airflow/.local/lib/python3.8/site-packages/airflow/example_dags/example_nested_branch_dag.py took 0.306 seconds
[2023-10-13T13:32:35.571+0000] {processor.py:157} INFO - Started process (PID=1403) to work on /home/airflow/.local/lib/python3.8/site-packages/airflow/example_dags/example_nested_branch_dag.py
[2023-10-13T13:32:35.606+0000] {processor.py:829} INFO - Processing file /home/airflow/.local/lib/python3.8/site-packages/airflow/example_dags/example_nested_branch_dag.py for tasks to queue
[2023-10-13T13:32:35.610+0000] {logging_mixin.py:151} INFO - [2023-10-13T13:32:35.610+0000] {dagbag.py:536} INFO - Filling up the DagBag from /home/airflow/.local/lib/python3.8/site-packages/airflow/example_dags/example_nested_branch_dag.py
[2023-10-13T13:32:35.625+0000] {processor.py:839} INFO - DAG(s) dict_keys(['example_nested_branch_dag']) retrieved from /home/airflow/.local/lib/python3.8/site-packages/airflow/example_dags/example_nested_branch_dag.py
[2023-10-13T13:32:35.659+0000] {logging_mixin.py:151} INFO - [2023-10-13T13:32:35.659+0000] {dag.py:2941} INFO - Sync 1 DAGs
[2023-10-13T13:32:35.691+0000] {logging_mixin.py:151} INFO - [2023-10-13T13:32:35.691+0000] {dag.py:3722} INFO - Setting next_dagrun for example_nested_branch_dag to 2023-10-12T00:00:00+00:00, run_after=2023-10-13T00:00:00+00:00
[2023-10-13T13:32:36.676+0000] {processor.py:179} INFO - Processing /home/airflow/.local/lib/python3.8/site-packages/airflow/example_dags/example_nested_branch_dag.py took 1.110 seconds
[2023-10-13T13:33:06.945+0000] {processor.py:157} INFO - Started process (PID=1457) to work on /home/airflow/.local/lib/python3.8/site-packages/airflow/example_dags/example_nested_branch_dag.py
[2023-10-13T13:33:06.948+0000] {processor.py:829} INFO - Processing file /home/airflow/.local/lib/python3.8/site-packages/airflow/example_dags/example_nested_branch_dag.py for tasks to queue
[2023-10-13T13:33:06.952+0000] {logging_mixin.py:151} INFO - [2023-10-13T13:33:06.952+0000] {dagbag.py:536} INFO - Filling up the DagBag from /home/airflow/.local/lib/python3.8/site-packages/airflow/example_dags/example_nested_branch_dag.py
[2023-10-13T13:33:06.969+0000] {processor.py:839} INFO - DAG(s) dict_keys(['example_nested_branch_dag']) retrieved from /home/airflow/.local/lib/python3.8/site-packages/airflow/example_dags/example_nested_branch_dag.py
[2023-10-13T13:33:07.008+0000] {logging_mixin.py:151} INFO - [2023-10-13T13:33:07.008+0000] {dag.py:2941} INFO - Sync 1 DAGs
[2023-10-13T13:33:07.050+0000] {logging_mixin.py:151} INFO - [2023-10-13T13:33:07.050+0000] {dag.py:3722} INFO - Setting next_dagrun for example_nested_branch_dag to 2023-10-12T00:00:00+00:00, run_after=2023-10-13T00:00:00+00:00
[2023-10-13T13:33:07.083+0000] {processor.py:179} INFO - Processing /home/airflow/.local/lib/python3.8/site-packages/airflow/example_dags/example_nested_branch_dag.py took 0.144 seconds
[2023-10-13T13:33:37.302+0000] {processor.py:157} INFO - Started process (PID=1511) to work on /home/airflow/.local/lib/python3.8/site-packages/airflow/example_dags/example_nested_branch_dag.py
[2023-10-13T13:33:37.304+0000] {processor.py:829} INFO - Processing file /home/airflow/.local/lib/python3.8/site-packages/airflow/example_dags/example_nested_branch_dag.py for tasks to queue
[2023-10-13T13:33:37.309+0000] {logging_mixin.py:151} INFO - [2023-10-13T13:33:37.309+0000] {dagbag.py:536} INFO - Filling up the DagBag from /home/airflow/.local/lib/python3.8/site-packages/airflow/example_dags/example_nested_branch_dag.py
[2023-10-13T13:33:37.329+0000] {processor.py:839} INFO - DAG(s) dict_keys(['example_nested_branch_dag']) retrieved from /home/airflow/.local/lib/python3.8/site-packages/airflow/example_dags/example_nested_branch_dag.py
[2023-10-13T13:33:37.369+0000] {logging_mixin.py:151} INFO - [2023-10-13T13:33:37.369+0000] {dag.py:2941} INFO - Sync 1 DAGs
[2023-10-13T13:33:37.403+0000] {logging_mixin.py:151} INFO - [2023-10-13T13:33:37.403+0000] {dag.py:3722} INFO - Setting next_dagrun for example_nested_branch_dag to 2023-10-12T00:00:00+00:00, run_after=2023-10-13T00:00:00+00:00
[2023-10-13T13:33:37.438+0000] {processor.py:179} INFO - Processing /home/airflow/.local/lib/python3.8/site-packages/airflow/example_dags/example_nested_branch_dag.py took 0.142 seconds
[2023-10-13T13:34:07.693+0000] {processor.py:157} INFO - Started process (PID=1566) to work on /home/airflow/.local/lib/python3.8/site-packages/airflow/example_dags/example_nested_branch_dag.py
[2023-10-13T13:34:07.695+0000] {processor.py:829} INFO - Processing file /home/airflow/.local/lib/python3.8/site-packages/airflow/example_dags/example_nested_branch_dag.py for tasks to queue
[2023-10-13T13:34:07.699+0000] {logging_mixin.py:151} INFO - [2023-10-13T13:34:07.699+0000] {dagbag.py:536} INFO - Filling up the DagBag from /home/airflow/.local/lib/python3.8/site-packages/airflow/example_dags/example_nested_branch_dag.py
[2023-10-13T13:34:07.713+0000] {processor.py:839} INFO - DAG(s) dict_keys(['example_nested_branch_dag']) retrieved from /home/airflow/.local/lib/python3.8/site-packages/airflow/example_dags/example_nested_branch_dag.py
[2023-10-13T13:34:07.742+0000] {logging_mixin.py:151} INFO - [2023-10-13T13:34:07.741+0000] {dag.py:2941} INFO - Sync 1 DAGs
[2023-10-13T13:34:07.772+0000] {logging_mixin.py:151} INFO - [2023-10-13T13:34:07.772+0000] {dag.py:3722} INFO - Setting next_dagrun for example_nested_branch_dag to 2023-10-12T00:00:00+00:00, run_after=2023-10-13T00:00:00+00:00
[2023-10-13T13:34:07.806+0000] {processor.py:179} INFO - Processing /home/airflow/.local/lib/python3.8/site-packages/airflow/example_dags/example_nested_branch_dag.py took 0.116 seconds
[2023-10-13T13:34:38.183+0000] {processor.py:157} INFO - Started process (PID=1621) to work on /home/airflow/.local/lib/python3.8/site-packages/airflow/example_dags/example_nested_branch_dag.py
[2023-10-13T13:34:38.184+0000] {processor.py:829} INFO - Processing file /home/airflow/.local/lib/python3.8/site-packages/airflow/example_dags/example_nested_branch_dag.py for tasks to queue
[2023-10-13T13:34:38.188+0000] {logging_mixin.py:151} INFO - [2023-10-13T13:34:38.188+0000] {dagbag.py:536} INFO - Filling up the DagBag from /home/airflow/.local/lib/python3.8/site-packages/airflow/example_dags/example_nested_branch_dag.py
[2023-10-13T13:34:38.203+0000] {processor.py:839} INFO - DAG(s) dict_keys(['example_nested_branch_dag']) retrieved from /home/airflow/.local/lib/python3.8/site-packages/airflow/example_dags/example_nested_branch_dag.py
[2023-10-13T13:34:38.240+0000] {logging_mixin.py:151} INFO - [2023-10-13T13:34:38.239+0000] {dag.py:2941} INFO - Sync 1 DAGs
[2023-10-13T13:34:38.279+0000] {logging_mixin.py:151} INFO - [2023-10-13T13:34:38.279+0000] {dag.py:3722} INFO - Setting next_dagrun for example_nested_branch_dag to 2023-10-12T00:00:00+00:00, run_after=2023-10-13T00:00:00+00:00
[2023-10-13T13:34:38.312+0000] {processor.py:179} INFO - Processing /home/airflow/.local/lib/python3.8/site-packages/airflow/example_dags/example_nested_branch_dag.py took 0.134 seconds
[2023-10-13T13:35:08.969+0000] {processor.py:157} INFO - Started process (PID=1675) to work on /home/airflow/.local/lib/python3.8/site-packages/airflow/example_dags/example_nested_branch_dag.py
[2023-10-13T13:35:08.971+0000] {processor.py:829} INFO - Processing file /home/airflow/.local/lib/python3.8/site-packages/airflow/example_dags/example_nested_branch_dag.py for tasks to queue
[2023-10-13T13:35:08.977+0000] {logging_mixin.py:151} INFO - [2023-10-13T13:35:08.976+0000] {dagbag.py:536} INFO - Filling up the DagBag from /home/airflow/.local/lib/python3.8/site-packages/airflow/example_dags/example_nested_branch_dag.py
[2023-10-13T13:35:08.990+0000] {processor.py:839} INFO - DAG(s) dict_keys(['example_nested_branch_dag']) retrieved from /home/airflow/.local/lib/python3.8/site-packages/airflow/example_dags/example_nested_branch_dag.py
[2023-10-13T13:35:09.022+0000] {logging_mixin.py:151} INFO - [2023-10-13T13:35:09.022+0000] {dag.py:2941} INFO - Sync 1 DAGs
[2023-10-13T13:35:09.061+0000] {logging_mixin.py:151} INFO - [2023-10-13T13:35:09.060+0000] {dag.py:3722} INFO - Setting next_dagrun for example_nested_branch_dag to 2023-10-12T00:00:00+00:00, run_after=2023-10-13T00:00:00+00:00
[2023-10-13T13:35:09.104+0000] {processor.py:179} INFO - Processing /home/airflow/.local/lib/python3.8/site-packages/airflow/example_dags/example_nested_branch_dag.py took 0.139 seconds
[2023-10-13T13:35:40.099+0000] {processor.py:157} INFO - Started process (PID=1729) to work on /home/airflow/.local/lib/python3.8/site-packages/airflow/example_dags/example_nested_branch_dag.py
[2023-10-13T13:35:40.225+0000] {processor.py:829} INFO - Processing file /home/airflow/.local/lib/python3.8/site-packages/airflow/example_dags/example_nested_branch_dag.py for tasks to queue
[2023-10-13T13:35:40.232+0000] {logging_mixin.py:151} INFO - [2023-10-13T13:35:40.231+0000] {dagbag.py:536} INFO - Filling up the DagBag from /home/airflow/.local/lib/python3.8/site-packages/airflow/example_dags/example_nested_branch_dag.py
[2023-10-13T13:35:40.250+0000] {processor.py:839} INFO - DAG(s) dict_keys(['example_nested_branch_dag']) retrieved from /home/airflow/.local/lib/python3.8/site-packages/airflow/example_dags/example_nested_branch_dag.py
[2023-10-13T13:35:40.283+0000] {logging_mixin.py:151} INFO - [2023-10-13T13:35:40.283+0000] {dag.py:2941} INFO - Sync 1 DAGs
[2023-10-13T13:35:40.316+0000] {logging_mixin.py:151} INFO - [2023-10-13T13:35:40.316+0000] {dag.py:3722} INFO - Setting next_dagrun for example_nested_branch_dag to 2023-10-12T00:00:00+00:00, run_after=2023-10-13T00:00:00+00:00
[2023-10-13T13:35:40.373+0000] {processor.py:179} INFO - Processing /home/airflow/.local/lib/python3.8/site-packages/airflow/example_dags/example_nested_branch_dag.py took 0.280 seconds
[2023-10-13T13:36:10.584+0000] {processor.py:157} INFO - Started process (PID=1783) to work on /home/airflow/.local/lib/python3.8/site-packages/airflow/example_dags/example_nested_branch_dag.py
[2023-10-13T13:36:10.586+0000] {processor.py:829} INFO - Processing file /home/airflow/.local/lib/python3.8/site-packages/airflow/example_dags/example_nested_branch_dag.py for tasks to queue
[2023-10-13T13:36:10.590+0000] {logging_mixin.py:151} INFO - [2023-10-13T13:36:10.589+0000] {dagbag.py:536} INFO - Filling up the DagBag from /home/airflow/.local/lib/python3.8/site-packages/airflow/example_dags/example_nested_branch_dag.py
[2023-10-13T13:36:10.603+0000] {processor.py:839} INFO - DAG(s) dict_keys(['example_nested_branch_dag']) retrieved from /home/airflow/.local/lib/python3.8/site-packages/airflow/example_dags/example_nested_branch_dag.py
[2023-10-13T13:36:10.637+0000] {logging_mixin.py:151} INFO - [2023-10-13T13:36:10.637+0000] {dag.py:2941} INFO - Sync 1 DAGs
[2023-10-13T13:36:10.670+0000] {logging_mixin.py:151} INFO - [2023-10-13T13:36:10.670+0000] {dag.py:3722} INFO - Setting next_dagrun for example_nested_branch_dag to 2023-10-12T00:00:00+00:00, run_after=2023-10-13T00:00:00+00:00
[2023-10-13T13:36:10.699+0000] {processor.py:179} INFO - Processing /home/airflow/.local/lib/python3.8/site-packages/airflow/example_dags/example_nested_branch_dag.py took 0.119 seconds
