[2023-10-13T13:19:30.060+0000] {processor.py:157} INFO - Started process (PID=41) to work on /home/airflow/.local/lib/python3.8/site-packages/airflow/example_dags/example_datasets.py
[2023-10-13T13:19:30.062+0000] {processor.py:829} INFO - Processing file /home/airflow/.local/lib/python3.8/site-packages/airflow/example_dags/example_datasets.py for tasks to queue
[2023-10-13T13:19:30.066+0000] {logging_mixin.py:151} INFO - [2023-10-13T13:19:30.065+0000] {dagbag.py:536} INFO - Filling up the DagBag from /home/airflow/.local/lib/python3.8/site-packages/airflow/example_dags/example_datasets.py
[2023-10-13T13:19:30.088+0000] {processor.py:839} INFO - DAG(s) dict_keys(['dataset_consumes_1', 'dataset_consumes_1_and_2', 'dataset_produces_1', 'dataset_produces_2', 'dataset_consumes_1_never_scheduled', 'dataset_consumes_unknown_never_scheduled']) retrieved from /home/airflow/.local/lib/python3.8/site-packages/airflow/example_dags/example_datasets.py
[2023-10-13T13:19:30.159+0000] {logging_mixin.py:151} INFO - [2023-10-13T13:19:30.159+0000] {dag.py:2941} INFO - Sync 6 DAGs
[2023-10-13T13:19:30.199+0000] {logging_mixin.py:151} INFO - [2023-10-13T13:19:30.198+0000] {dag.py:3722} INFO - Setting next_dagrun for dataset_consumes_1 to None, run_after=None
[2023-10-13T13:19:30.204+0000] {logging_mixin.py:151} INFO - [2023-10-13T13:19:30.204+0000] {dag.py:3722} INFO - Setting next_dagrun for dataset_consumes_1_and_2 to None, run_after=None
[2023-10-13T13:19:30.207+0000] {logging_mixin.py:151} INFO - [2023-10-13T13:19:30.207+0000] {dag.py:3722} INFO - Setting next_dagrun for dataset_consumes_1_never_scheduled to None, run_after=None
[2023-10-13T13:19:30.210+0000] {logging_mixin.py:151} INFO - [2023-10-13T13:19:30.210+0000] {dag.py:3722} INFO - Setting next_dagrun for dataset_consumes_unknown_never_scheduled to None, run_after=None
[2023-10-13T13:19:30.215+0000] {logging_mixin.py:151} INFO - [2023-10-13T13:19:30.214+0000] {dag.py:3722} INFO - Setting next_dagrun for dataset_produces_1 to 2023-10-12T00:00:00+00:00, run_after=2023-10-13T00:00:00+00:00
[2023-10-13T13:19:30.217+0000] {logging_mixin.py:151} INFO - [2023-10-13T13:19:30.217+0000] {dag.py:3722} INFO - Setting next_dagrun for dataset_produces_2 to None, run_after=None
[2023-10-13T13:19:30.276+0000] {processor.py:179} INFO - Processing /home/airflow/.local/lib/python3.8/site-packages/airflow/example_dags/example_datasets.py took 0.221 seconds
[2023-10-13T13:20:01.334+0000] {processor.py:157} INFO - Started process (PID=95) to work on /home/airflow/.local/lib/python3.8/site-packages/airflow/example_dags/example_datasets.py
[2023-10-13T13:20:01.338+0000] {processor.py:829} INFO - Processing file /home/airflow/.local/lib/python3.8/site-packages/airflow/example_dags/example_datasets.py for tasks to queue
[2023-10-13T13:20:01.343+0000] {logging_mixin.py:151} INFO - [2023-10-13T13:20:01.343+0000] {dagbag.py:536} INFO - Filling up the DagBag from /home/airflow/.local/lib/python3.8/site-packages/airflow/example_dags/example_datasets.py
[2023-10-13T13:20:01.371+0000] {processor.py:839} INFO - DAG(s) dict_keys(['dataset_produces_2', 'dataset_consumes_1_never_scheduled', 'dataset_consumes_unknown_never_scheduled', 'dataset_consumes_1', 'dataset_produces_1', 'dataset_consumes_1_and_2']) retrieved from /home/airflow/.local/lib/python3.8/site-packages/airflow/example_dags/example_datasets.py
[2023-10-13T13:20:01.452+0000] {logging_mixin.py:151} INFO - [2023-10-13T13:20:01.452+0000] {dag.py:2941} INFO - Sync 6 DAGs
[2023-10-13T13:20:01.525+0000] {logging_mixin.py:151} INFO - [2023-10-13T13:20:01.525+0000] {dag.py:3722} INFO - Setting next_dagrun for dataset_consumes_1 to None, run_after=None
[2023-10-13T13:20:01.533+0000] {logging_mixin.py:151} INFO - [2023-10-13T13:20:01.532+0000] {dag.py:3722} INFO - Setting next_dagrun for dataset_consumes_1_and_2 to None, run_after=None
[2023-10-13T13:20:01.536+0000] {logging_mixin.py:151} INFO - [2023-10-13T13:20:01.536+0000] {dag.py:3722} INFO - Setting next_dagrun for dataset_consumes_1_never_scheduled to None, run_after=None
[2023-10-13T13:20:01.540+0000] {logging_mixin.py:151} INFO - [2023-10-13T13:20:01.540+0000] {dag.py:3722} INFO - Setting next_dagrun for dataset_consumes_unknown_never_scheduled to None, run_after=None
[2023-10-13T13:20:01.548+0000] {logging_mixin.py:151} INFO - [2023-10-13T13:20:01.547+0000] {dag.py:3722} INFO - Setting next_dagrun for dataset_produces_1 to 2023-10-12T00:00:00+00:00, run_after=2023-10-13T00:00:00+00:00
[2023-10-13T13:20:01.554+0000] {logging_mixin.py:151} INFO - [2023-10-13T13:20:01.553+0000] {dag.py:3722} INFO - Setting next_dagrun for dataset_produces_2 to None, run_after=None
[2023-10-13T13:20:01.627+0000] {processor.py:179} INFO - Processing /home/airflow/.local/lib/python3.8/site-packages/airflow/example_dags/example_datasets.py took 0.327 seconds
[2023-10-13T13:20:32.811+0000] {processor.py:157} INFO - Started process (PID=149) to work on /home/airflow/.local/lib/python3.8/site-packages/airflow/example_dags/example_datasets.py
[2023-10-13T13:20:32.813+0000] {processor.py:829} INFO - Processing file /home/airflow/.local/lib/python3.8/site-packages/airflow/example_dags/example_datasets.py for tasks to queue
[2023-10-13T13:20:32.817+0000] {logging_mixin.py:151} INFO - [2023-10-13T13:20:32.817+0000] {dagbag.py:536} INFO - Filling up the DagBag from /home/airflow/.local/lib/python3.8/site-packages/airflow/example_dags/example_datasets.py
[2023-10-13T13:20:32.833+0000] {processor.py:839} INFO - DAG(s) dict_keys(['dataset_consumes_1_never_scheduled', 'dataset_consumes_1', 'dataset_produces_2', 'dataset_consumes_unknown_never_scheduled', 'dataset_consumes_1_and_2', 'dataset_produces_1']) retrieved from /home/airflow/.local/lib/python3.8/site-packages/airflow/example_dags/example_datasets.py
[2023-10-13T13:20:32.902+0000] {logging_mixin.py:151} INFO - [2023-10-13T13:20:32.902+0000] {dag.py:2941} INFO - Sync 6 DAGs
[2023-10-13T13:20:32.943+0000] {logging_mixin.py:151} INFO - [2023-10-13T13:20:32.943+0000] {dag.py:3722} INFO - Setting next_dagrun for dataset_consumes_1 to None, run_after=None
[2023-10-13T13:20:32.950+0000] {logging_mixin.py:151} INFO - [2023-10-13T13:20:32.950+0000] {dag.py:3722} INFO - Setting next_dagrun for dataset_consumes_1_and_2 to None, run_after=None
[2023-10-13T13:20:32.953+0000] {logging_mixin.py:151} INFO - [2023-10-13T13:20:32.953+0000] {dag.py:3722} INFO - Setting next_dagrun for dataset_consumes_1_never_scheduled to None, run_after=None
[2023-10-13T13:20:32.958+0000] {logging_mixin.py:151} INFO - [2023-10-13T13:20:32.957+0000] {dag.py:3722} INFO - Setting next_dagrun for dataset_consumes_unknown_never_scheduled to None, run_after=None
[2023-10-13T13:20:32.967+0000] {logging_mixin.py:151} INFO - [2023-10-13T13:20:32.966+0000] {dag.py:3722} INFO - Setting next_dagrun for dataset_produces_1 to 2023-10-12T00:00:00+00:00, run_after=2023-10-13T00:00:00+00:00
[2023-10-13T13:20:32.971+0000] {logging_mixin.py:151} INFO - [2023-10-13T13:20:32.970+0000] {dag.py:3722} INFO - Setting next_dagrun for dataset_produces_2 to None, run_after=None
[2023-10-13T13:20:33.037+0000] {processor.py:179} INFO - Processing /home/airflow/.local/lib/python3.8/site-packages/airflow/example_dags/example_datasets.py took 0.231 seconds
[2023-10-13T13:21:03.750+0000] {processor.py:157} INFO - Started process (PID=201) to work on /home/airflow/.local/lib/python3.8/site-packages/airflow/example_dags/example_datasets.py
[2023-10-13T13:21:03.753+0000] {processor.py:829} INFO - Processing file /home/airflow/.local/lib/python3.8/site-packages/airflow/example_dags/example_datasets.py for tasks to queue
[2023-10-13T13:21:03.758+0000] {logging_mixin.py:151} INFO - [2023-10-13T13:21:03.757+0000] {dagbag.py:536} INFO - Filling up the DagBag from /home/airflow/.local/lib/python3.8/site-packages/airflow/example_dags/example_datasets.py
[2023-10-13T13:21:03.777+0000] {processor.py:839} INFO - DAG(s) dict_keys(['dataset_consumes_1_and_2', 'dataset_consumes_unknown_never_scheduled', 'dataset_produces_1', 'dataset_consumes_1_never_scheduled', 'dataset_produces_2', 'dataset_consumes_1']) retrieved from /home/airflow/.local/lib/python3.8/site-packages/airflow/example_dags/example_datasets.py
[2023-10-13T13:21:03.863+0000] {logging_mixin.py:151} INFO - [2023-10-13T13:21:03.862+0000] {dag.py:2941} INFO - Sync 6 DAGs
[2023-10-13T13:21:03.914+0000] {logging_mixin.py:151} INFO - [2023-10-13T13:21:03.914+0000] {dag.py:3722} INFO - Setting next_dagrun for dataset_consumes_1 to None, run_after=None
[2023-10-13T13:21:03.924+0000] {logging_mixin.py:151} INFO - [2023-10-13T13:21:03.923+0000] {dag.py:3722} INFO - Setting next_dagrun for dataset_consumes_1_and_2 to None, run_after=None
[2023-10-13T13:21:03.927+0000] {logging_mixin.py:151} INFO - [2023-10-13T13:21:03.926+0000] {dag.py:3722} INFO - Setting next_dagrun for dataset_consumes_1_never_scheduled to None, run_after=None
[2023-10-13T13:21:03.929+0000] {logging_mixin.py:151} INFO - [2023-10-13T13:21:03.929+0000] {dag.py:3722} INFO - Setting next_dagrun for dataset_consumes_unknown_never_scheduled to None, run_after=None
[2023-10-13T13:21:03.936+0000] {logging_mixin.py:151} INFO - [2023-10-13T13:21:03.936+0000] {dag.py:3722} INFO - Setting next_dagrun for dataset_produces_1 to 2023-10-12T00:00:00+00:00, run_after=2023-10-13T00:00:00+00:00
[2023-10-13T13:21:03.939+0000] {logging_mixin.py:151} INFO - [2023-10-13T13:21:03.939+0000] {dag.py:3722} INFO - Setting next_dagrun for dataset_produces_2 to None, run_after=None
[2023-10-13T13:21:04.009+0000] {processor.py:179} INFO - Processing /home/airflow/.local/lib/python3.8/site-packages/airflow/example_dags/example_datasets.py took 0.263 seconds
[2023-10-13T13:21:34.936+0000] {processor.py:157} INFO - Started process (PID=255) to work on /home/airflow/.local/lib/python3.8/site-packages/airflow/example_dags/example_datasets.py
[2023-10-13T13:21:34.938+0000] {processor.py:829} INFO - Processing file /home/airflow/.local/lib/python3.8/site-packages/airflow/example_dags/example_datasets.py for tasks to queue
[2023-10-13T13:21:34.943+0000] {logging_mixin.py:151} INFO - [2023-10-13T13:21:34.942+0000] {dagbag.py:536} INFO - Filling up the DagBag from /home/airflow/.local/lib/python3.8/site-packages/airflow/example_dags/example_datasets.py
[2023-10-13T13:21:34.957+0000] {processor.py:839} INFO - DAG(s) dict_keys(['dataset_consumes_1_never_scheduled', 'dataset_consumes_1_and_2', 'dataset_consumes_unknown_never_scheduled', 'dataset_produces_1', 'dataset_produces_2', 'dataset_consumes_1']) retrieved from /home/airflow/.local/lib/python3.8/site-packages/airflow/example_dags/example_datasets.py
[2023-10-13T13:21:35.019+0000] {logging_mixin.py:151} INFO - [2023-10-13T13:21:35.019+0000] {dag.py:2941} INFO - Sync 6 DAGs
[2023-10-13T13:21:35.053+0000] {logging_mixin.py:151} INFO - [2023-10-13T13:21:35.053+0000] {dag.py:3722} INFO - Setting next_dagrun for dataset_consumes_1 to None, run_after=None
[2023-10-13T13:21:35.060+0000] {logging_mixin.py:151} INFO - [2023-10-13T13:21:35.060+0000] {dag.py:3722} INFO - Setting next_dagrun for dataset_consumes_1_and_2 to None, run_after=None
[2023-10-13T13:21:35.063+0000] {logging_mixin.py:151} INFO - [2023-10-13T13:21:35.063+0000] {dag.py:3722} INFO - Setting next_dagrun for dataset_consumes_1_never_scheduled to None, run_after=None
[2023-10-13T13:21:35.066+0000] {logging_mixin.py:151} INFO - [2023-10-13T13:21:35.066+0000] {dag.py:3722} INFO - Setting next_dagrun for dataset_consumes_unknown_never_scheduled to None, run_after=None
[2023-10-13T13:21:35.072+0000] {logging_mixin.py:151} INFO - [2023-10-13T13:21:35.071+0000] {dag.py:3722} INFO - Setting next_dagrun for dataset_produces_1 to 2023-10-12T00:00:00+00:00, run_after=2023-10-13T00:00:00+00:00
[2023-10-13T13:21:35.075+0000] {logging_mixin.py:151} INFO - [2023-10-13T13:21:35.074+0000] {dag.py:3722} INFO - Setting next_dagrun for dataset_produces_2 to None, run_after=None
[2023-10-13T13:21:35.127+0000] {processor.py:179} INFO - Processing /home/airflow/.local/lib/python3.8/site-packages/airflow/example_dags/example_datasets.py took 0.195 seconds
[2023-10-13T13:22:05.618+0000] {processor.py:157} INFO - Started process (PID=309) to work on /home/airflow/.local/lib/python3.8/site-packages/airflow/example_dags/example_datasets.py
[2023-10-13T13:22:05.621+0000] {processor.py:829} INFO - Processing file /home/airflow/.local/lib/python3.8/site-packages/airflow/example_dags/example_datasets.py for tasks to queue
[2023-10-13T13:22:05.625+0000] {logging_mixin.py:151} INFO - [2023-10-13T13:22:05.624+0000] {dagbag.py:536} INFO - Filling up the DagBag from /home/airflow/.local/lib/python3.8/site-packages/airflow/example_dags/example_datasets.py
[2023-10-13T13:22:05.641+0000] {processor.py:839} INFO - DAG(s) dict_keys(['dataset_produces_1', 'dataset_consumes_unknown_never_scheduled', 'dataset_consumes_1_and_2', 'dataset_produces_2', 'dataset_consumes_1', 'dataset_consumes_1_never_scheduled']) retrieved from /home/airflow/.local/lib/python3.8/site-packages/airflow/example_dags/example_datasets.py
[2023-10-13T13:22:05.705+0000] {logging_mixin.py:151} INFO - [2023-10-13T13:22:05.705+0000] {dag.py:2941} INFO - Sync 6 DAGs
[2023-10-13T13:22:05.741+0000] {logging_mixin.py:151} INFO - [2023-10-13T13:22:05.741+0000] {dag.py:3722} INFO - Setting next_dagrun for dataset_consumes_1 to None, run_after=None
[2023-10-13T13:22:05.748+0000] {logging_mixin.py:151} INFO - [2023-10-13T13:22:05.748+0000] {dag.py:3722} INFO - Setting next_dagrun for dataset_consumes_1_and_2 to None, run_after=None
[2023-10-13T13:22:05.752+0000] {logging_mixin.py:151} INFO - [2023-10-13T13:22:05.752+0000] {dag.py:3722} INFO - Setting next_dagrun for dataset_consumes_1_never_scheduled to None, run_after=None
[2023-10-13T13:22:05.755+0000] {logging_mixin.py:151} INFO - [2023-10-13T13:22:05.755+0000] {dag.py:3722} INFO - Setting next_dagrun for dataset_consumes_unknown_never_scheduled to None, run_after=None
[2023-10-13T13:22:05.761+0000] {logging_mixin.py:151} INFO - [2023-10-13T13:22:05.761+0000] {dag.py:3722} INFO - Setting next_dagrun for dataset_produces_1 to 2023-10-12T00:00:00+00:00, run_after=2023-10-13T00:00:00+00:00
[2023-10-13T13:22:05.765+0000] {logging_mixin.py:151} INFO - [2023-10-13T13:22:05.764+0000] {dag.py:3722} INFO - Setting next_dagrun for dataset_produces_2 to None, run_after=None
[2023-10-13T13:22:05.816+0000] {processor.py:179} INFO - Processing /home/airflow/.local/lib/python3.8/site-packages/airflow/example_dags/example_datasets.py took 0.203 seconds
[2023-10-13T13:22:36.537+0000] {processor.py:157} INFO - Started process (PID=363) to work on /home/airflow/.local/lib/python3.8/site-packages/airflow/example_dags/example_datasets.py
[2023-10-13T13:22:36.539+0000] {processor.py:829} INFO - Processing file /home/airflow/.local/lib/python3.8/site-packages/airflow/example_dags/example_datasets.py for tasks to queue
[2023-10-13T13:22:36.542+0000] {logging_mixin.py:151} INFO - [2023-10-13T13:22:36.542+0000] {dagbag.py:536} INFO - Filling up the DagBag from /home/airflow/.local/lib/python3.8/site-packages/airflow/example_dags/example_datasets.py
[2023-10-13T13:22:36.554+0000] {processor.py:839} INFO - DAG(s) dict_keys(['dataset_consumes_1', 'dataset_consumes_unknown_never_scheduled', 'dataset_produces_1', 'dataset_consumes_1_and_2', 'dataset_produces_2', 'dataset_consumes_1_never_scheduled']) retrieved from /home/airflow/.local/lib/python3.8/site-packages/airflow/example_dags/example_datasets.py
[2023-10-13T13:22:36.604+0000] {logging_mixin.py:151} INFO - [2023-10-13T13:22:36.604+0000] {dag.py:2941} INFO - Sync 6 DAGs
[2023-10-13T13:22:36.639+0000] {logging_mixin.py:151} INFO - [2023-10-13T13:22:36.639+0000] {dag.py:3722} INFO - Setting next_dagrun for dataset_consumes_1 to None, run_after=None
[2023-10-13T13:22:36.645+0000] {logging_mixin.py:151} INFO - [2023-10-13T13:22:36.645+0000] {dag.py:3722} INFO - Setting next_dagrun for dataset_consumes_1_and_2 to None, run_after=None
[2023-10-13T13:22:36.648+0000] {logging_mixin.py:151} INFO - [2023-10-13T13:22:36.648+0000] {dag.py:3722} INFO - Setting next_dagrun for dataset_consumes_1_never_scheduled to None, run_after=None
[2023-10-13T13:22:36.651+0000] {logging_mixin.py:151} INFO - [2023-10-13T13:22:36.651+0000] {dag.py:3722} INFO - Setting next_dagrun for dataset_consumes_unknown_never_scheduled to None, run_after=None
[2023-10-13T13:22:36.656+0000] {logging_mixin.py:151} INFO - [2023-10-13T13:22:36.656+0000] {dag.py:3722} INFO - Setting next_dagrun for dataset_produces_1 to 2023-10-12T00:00:00+00:00, run_after=2023-10-13T00:00:00+00:00
[2023-10-13T13:22:36.660+0000] {logging_mixin.py:151} INFO - [2023-10-13T13:22:36.659+0000] {dag.py:3722} INFO - Setting next_dagrun for dataset_produces_2 to None, run_after=None
[2023-10-13T13:22:36.713+0000] {processor.py:179} INFO - Processing /home/airflow/.local/lib/python3.8/site-packages/airflow/example_dags/example_datasets.py took 0.180 seconds
[2023-10-13T13:23:07.402+0000] {processor.py:157} INFO - Started process (PID=417) to work on /home/airflow/.local/lib/python3.8/site-packages/airflow/example_dags/example_datasets.py
[2023-10-13T13:23:07.404+0000] {processor.py:829} INFO - Processing file /home/airflow/.local/lib/python3.8/site-packages/airflow/example_dags/example_datasets.py for tasks to queue
[2023-10-13T13:23:07.408+0000] {logging_mixin.py:151} INFO - [2023-10-13T13:23:07.407+0000] {dagbag.py:536} INFO - Filling up the DagBag from /home/airflow/.local/lib/python3.8/site-packages/airflow/example_dags/example_datasets.py
[2023-10-13T13:23:07.424+0000] {processor.py:839} INFO - DAG(s) dict_keys(['dataset_consumes_unknown_never_scheduled', 'dataset_produces_2', 'dataset_consumes_1_and_2', 'dataset_consumes_1', 'dataset_consumes_1_never_scheduled', 'dataset_produces_1']) retrieved from /home/airflow/.local/lib/python3.8/site-packages/airflow/example_dags/example_datasets.py
[2023-10-13T13:23:07.491+0000] {logging_mixin.py:151} INFO - [2023-10-13T13:23:07.490+0000] {dag.py:2941} INFO - Sync 6 DAGs
[2023-10-13T13:23:07.530+0000] {logging_mixin.py:151} INFO - [2023-10-13T13:23:07.529+0000] {dag.py:3722} INFO - Setting next_dagrun for dataset_consumes_1 to None, run_after=None
[2023-10-13T13:23:07.537+0000] {logging_mixin.py:151} INFO - [2023-10-13T13:23:07.536+0000] {dag.py:3722} INFO - Setting next_dagrun for dataset_consumes_1_and_2 to None, run_after=None
[2023-10-13T13:23:07.539+0000] {logging_mixin.py:151} INFO - [2023-10-13T13:23:07.539+0000] {dag.py:3722} INFO - Setting next_dagrun for dataset_consumes_1_never_scheduled to None, run_after=None
[2023-10-13T13:23:07.542+0000] {logging_mixin.py:151} INFO - [2023-10-13T13:23:07.542+0000] {dag.py:3722} INFO - Setting next_dagrun for dataset_consumes_unknown_never_scheduled to None, run_after=None
[2023-10-13T13:23:07.550+0000] {logging_mixin.py:151} INFO - [2023-10-13T13:23:07.549+0000] {dag.py:3722} INFO - Setting next_dagrun for dataset_produces_1 to 2023-10-12T00:00:00+00:00, run_after=2023-10-13T00:00:00+00:00
[2023-10-13T13:23:07.553+0000] {logging_mixin.py:151} INFO - [2023-10-13T13:23:07.552+0000] {dag.py:3722} INFO - Setting next_dagrun for dataset_produces_2 to None, run_after=None
[2023-10-13T13:23:07.607+0000] {processor.py:179} INFO - Processing /home/airflow/.local/lib/python3.8/site-packages/airflow/example_dags/example_datasets.py took 0.211 seconds
[2023-10-13T13:23:37.859+0000] {processor.py:157} INFO - Started process (PID=471) to work on /home/airflow/.local/lib/python3.8/site-packages/airflow/example_dags/example_datasets.py
[2023-10-13T13:23:37.860+0000] {processor.py:829} INFO - Processing file /home/airflow/.local/lib/python3.8/site-packages/airflow/example_dags/example_datasets.py for tasks to queue
[2023-10-13T13:23:37.864+0000] {logging_mixin.py:151} INFO - [2023-10-13T13:23:37.864+0000] {dagbag.py:536} INFO - Filling up the DagBag from /home/airflow/.local/lib/python3.8/site-packages/airflow/example_dags/example_datasets.py
[2023-10-13T13:23:37.875+0000] {processor.py:839} INFO - DAG(s) dict_keys(['dataset_consumes_1_and_2', 'dataset_produces_2', 'dataset_produces_1', 'dataset_consumes_unknown_never_scheduled', 'dataset_consumes_1', 'dataset_consumes_1_never_scheduled']) retrieved from /home/airflow/.local/lib/python3.8/site-packages/airflow/example_dags/example_datasets.py
[2023-10-13T13:23:37.926+0000] {logging_mixin.py:151} INFO - [2023-10-13T13:23:37.925+0000] {dag.py:2941} INFO - Sync 6 DAGs
[2023-10-13T13:23:37.955+0000] {logging_mixin.py:151} INFO - [2023-10-13T13:23:37.955+0000] {dag.py:3722} INFO - Setting next_dagrun for dataset_consumes_1 to None, run_after=None
[2023-10-13T13:23:37.961+0000] {logging_mixin.py:151} INFO - [2023-10-13T13:23:37.961+0000] {dag.py:3722} INFO - Setting next_dagrun for dataset_consumes_1_and_2 to None, run_after=None
[2023-10-13T13:23:37.965+0000] {logging_mixin.py:151} INFO - [2023-10-13T13:23:37.965+0000] {dag.py:3722} INFO - Setting next_dagrun for dataset_consumes_1_never_scheduled to None, run_after=None
[2023-10-13T13:23:37.968+0000] {logging_mixin.py:151} INFO - [2023-10-13T13:23:37.968+0000] {dag.py:3722} INFO - Setting next_dagrun for dataset_consumes_unknown_never_scheduled to None, run_after=None
[2023-10-13T13:23:37.974+0000] {logging_mixin.py:151} INFO - [2023-10-13T13:23:37.974+0000] {dag.py:3722} INFO - Setting next_dagrun for dataset_produces_1 to 2023-10-12T00:00:00+00:00, run_after=2023-10-13T00:00:00+00:00
[2023-10-13T13:23:37.977+0000] {logging_mixin.py:151} INFO - [2023-10-13T13:23:37.977+0000] {dag.py:3722} INFO - Setting next_dagrun for dataset_produces_2 to None, run_after=None
[2023-10-13T13:23:38.038+0000] {processor.py:179} INFO - Processing /home/airflow/.local/lib/python3.8/site-packages/airflow/example_dags/example_datasets.py took 0.183 seconds
[2023-10-13T13:24:08.421+0000] {processor.py:157} INFO - Started process (PID=525) to work on /home/airflow/.local/lib/python3.8/site-packages/airflow/example_dags/example_datasets.py
[2023-10-13T13:24:08.424+0000] {processor.py:829} INFO - Processing file /home/airflow/.local/lib/python3.8/site-packages/airflow/example_dags/example_datasets.py for tasks to queue
[2023-10-13T13:24:08.427+0000] {logging_mixin.py:151} INFO - [2023-10-13T13:24:08.427+0000] {dagbag.py:536} INFO - Filling up the DagBag from /home/airflow/.local/lib/python3.8/site-packages/airflow/example_dags/example_datasets.py
[2023-10-13T13:24:08.438+0000] {processor.py:839} INFO - DAG(s) dict_keys(['dataset_consumes_1_and_2', 'dataset_consumes_unknown_never_scheduled', 'dataset_consumes_1', 'dataset_produces_1', 'dataset_produces_2', 'dataset_consumes_1_never_scheduled']) retrieved from /home/airflow/.local/lib/python3.8/site-packages/airflow/example_dags/example_datasets.py
[2023-10-13T13:24:08.495+0000] {logging_mixin.py:151} INFO - [2023-10-13T13:24:08.495+0000] {dag.py:2941} INFO - Sync 6 DAGs
[2023-10-13T13:24:08.528+0000] {logging_mixin.py:151} INFO - [2023-10-13T13:24:08.528+0000] {dag.py:3722} INFO - Setting next_dagrun for dataset_consumes_1 to None, run_after=None
[2023-10-13T13:24:08.535+0000] {logging_mixin.py:151} INFO - [2023-10-13T13:24:08.534+0000] {dag.py:3722} INFO - Setting next_dagrun for dataset_consumes_1_and_2 to None, run_after=None
[2023-10-13T13:24:08.538+0000] {logging_mixin.py:151} INFO - [2023-10-13T13:24:08.538+0000] {dag.py:3722} INFO - Setting next_dagrun for dataset_consumes_1_never_scheduled to None, run_after=None
[2023-10-13T13:24:08.541+0000] {logging_mixin.py:151} INFO - [2023-10-13T13:24:08.541+0000] {dag.py:3722} INFO - Setting next_dagrun for dataset_consumes_unknown_never_scheduled to None, run_after=None
[2023-10-13T13:24:08.547+0000] {logging_mixin.py:151} INFO - [2023-10-13T13:24:08.547+0000] {dag.py:3722} INFO - Setting next_dagrun for dataset_produces_1 to 2023-10-12T00:00:00+00:00, run_after=2023-10-13T00:00:00+00:00
[2023-10-13T13:24:08.551+0000] {logging_mixin.py:151} INFO - [2023-10-13T13:24:08.551+0000] {dag.py:3722} INFO - Setting next_dagrun for dataset_produces_2 to None, run_after=None
[2023-10-13T13:24:08.604+0000] {processor.py:179} INFO - Processing /home/airflow/.local/lib/python3.8/site-packages/airflow/example_dags/example_datasets.py took 0.187 seconds
[2023-10-13T13:24:38.753+0000] {processor.py:157} INFO - Started process (PID=579) to work on /home/airflow/.local/lib/python3.8/site-packages/airflow/example_dags/example_datasets.py
[2023-10-13T13:24:38.756+0000] {processor.py:829} INFO - Processing file /home/airflow/.local/lib/python3.8/site-packages/airflow/example_dags/example_datasets.py for tasks to queue
[2023-10-13T13:24:38.761+0000] {logging_mixin.py:151} INFO - [2023-10-13T13:24:38.761+0000] {dagbag.py:536} INFO - Filling up the DagBag from /home/airflow/.local/lib/python3.8/site-packages/airflow/example_dags/example_datasets.py
[2023-10-13T13:24:38.774+0000] {processor.py:839} INFO - DAG(s) dict_keys(['dataset_consumes_1_never_scheduled', 'dataset_produces_1', 'dataset_produces_2', 'dataset_consumes_1_and_2', 'dataset_consumes_1', 'dataset_consumes_unknown_never_scheduled']) retrieved from /home/airflow/.local/lib/python3.8/site-packages/airflow/example_dags/example_datasets.py
[2023-10-13T13:24:38.854+0000] {logging_mixin.py:151} INFO - [2023-10-13T13:24:38.854+0000] {dag.py:2941} INFO - Sync 6 DAGs
[2023-10-13T13:24:38.890+0000] {logging_mixin.py:151} INFO - [2023-10-13T13:24:38.890+0000] {dag.py:3722} INFO - Setting next_dagrun for dataset_consumes_1 to None, run_after=None
[2023-10-13T13:24:38.899+0000] {logging_mixin.py:151} INFO - [2023-10-13T13:24:38.899+0000] {dag.py:3722} INFO - Setting next_dagrun for dataset_consumes_1_and_2 to None, run_after=None
[2023-10-13T13:24:38.903+0000] {logging_mixin.py:151} INFO - [2023-10-13T13:24:38.903+0000] {dag.py:3722} INFO - Setting next_dagrun for dataset_consumes_1_never_scheduled to None, run_after=None
[2023-10-13T13:24:38.907+0000] {logging_mixin.py:151} INFO - [2023-10-13T13:24:38.906+0000] {dag.py:3722} INFO - Setting next_dagrun for dataset_consumes_unknown_never_scheduled to None, run_after=None
[2023-10-13T13:24:38.914+0000] {logging_mixin.py:151} INFO - [2023-10-13T13:24:38.914+0000] {dag.py:3722} INFO - Setting next_dagrun for dataset_produces_1 to 2023-10-12T00:00:00+00:00, run_after=2023-10-13T00:00:00+00:00
[2023-10-13T13:24:38.917+0000] {logging_mixin.py:151} INFO - [2023-10-13T13:24:38.917+0000] {dag.py:3722} INFO - Setting next_dagrun for dataset_produces_2 to None, run_after=None
[2023-10-13T13:24:38.972+0000] {processor.py:179} INFO - Processing /home/airflow/.local/lib/python3.8/site-packages/airflow/example_dags/example_datasets.py took 0.222 seconds
[2023-10-13T13:25:09.142+0000] {processor.py:157} INFO - Started process (PID=640) to work on /home/airflow/.local/lib/python3.8/site-packages/airflow/example_dags/example_datasets.py
[2023-10-13T13:25:09.145+0000] {processor.py:829} INFO - Processing file /home/airflow/.local/lib/python3.8/site-packages/airflow/example_dags/example_datasets.py for tasks to queue
[2023-10-13T13:25:09.150+0000] {logging_mixin.py:151} INFO - [2023-10-13T13:25:09.150+0000] {dagbag.py:536} INFO - Filling up the DagBag from /home/airflow/.local/lib/python3.8/site-packages/airflow/example_dags/example_datasets.py
[2023-10-13T13:25:09.196+0000] {processor.py:839} INFO - DAG(s) dict_keys(['dataset_produces_2', 'dataset_consumes_unknown_never_scheduled', 'dataset_consumes_1_and_2', 'dataset_consumes_1', 'dataset_produces_1', 'dataset_consumes_1_never_scheduled']) retrieved from /home/airflow/.local/lib/python3.8/site-packages/airflow/example_dags/example_datasets.py
[2023-10-13T13:25:09.339+0000] {logging_mixin.py:151} INFO - [2023-10-13T13:25:09.338+0000] {dag.py:2941} INFO - Sync 6 DAGs
[2023-10-13T13:25:09.445+0000] {logging_mixin.py:151} INFO - [2023-10-13T13:25:09.444+0000] {dag.py:3722} INFO - Setting next_dagrun for dataset_consumes_1 to None, run_after=None
[2023-10-13T13:25:09.456+0000] {logging_mixin.py:151} INFO - [2023-10-13T13:25:09.455+0000] {dag.py:3722} INFO - Setting next_dagrun for dataset_consumes_1_and_2 to None, run_after=None
[2023-10-13T13:25:09.461+0000] {logging_mixin.py:151} INFO - [2023-10-13T13:25:09.461+0000] {dag.py:3722} INFO - Setting next_dagrun for dataset_consumes_1_never_scheduled to None, run_after=None
[2023-10-13T13:25:09.466+0000] {logging_mixin.py:151} INFO - [2023-10-13T13:25:09.465+0000] {dag.py:3722} INFO - Setting next_dagrun for dataset_consumes_unknown_never_scheduled to None, run_after=None
[2023-10-13T13:25:09.472+0000] {logging_mixin.py:151} INFO - [2023-10-13T13:25:09.472+0000] {dag.py:3722} INFO - Setting next_dagrun for dataset_produces_1 to 2023-10-12T00:00:00+00:00, run_after=2023-10-13T00:00:00+00:00
[2023-10-13T13:25:09.476+0000] {logging_mixin.py:151} INFO - [2023-10-13T13:25:09.476+0000] {dag.py:3722} INFO - Setting next_dagrun for dataset_produces_2 to None, run_after=None
[2023-10-13T13:25:09.696+0000] {processor.py:179} INFO - Processing /home/airflow/.local/lib/python3.8/site-packages/airflow/example_dags/example_datasets.py took 0.569 seconds
[2023-10-13T13:25:39.989+0000] {processor.py:157} INFO - Started process (PID=694) to work on /home/airflow/.local/lib/python3.8/site-packages/airflow/example_dags/example_datasets.py
[2023-10-13T13:25:39.991+0000] {processor.py:829} INFO - Processing file /home/airflow/.local/lib/python3.8/site-packages/airflow/example_dags/example_datasets.py for tasks to queue
[2023-10-13T13:25:39.995+0000] {logging_mixin.py:151} INFO - [2023-10-13T13:25:39.994+0000] {dagbag.py:536} INFO - Filling up the DagBag from /home/airflow/.local/lib/python3.8/site-packages/airflow/example_dags/example_datasets.py
[2023-10-13T13:25:40.008+0000] {processor.py:839} INFO - DAG(s) dict_keys(['dataset_consumes_1_and_2', 'dataset_produces_2', 'dataset_produces_1', 'dataset_consumes_1_never_scheduled', 'dataset_consumes_1', 'dataset_consumes_unknown_never_scheduled']) retrieved from /home/airflow/.local/lib/python3.8/site-packages/airflow/example_dags/example_datasets.py
[2023-10-13T13:25:40.064+0000] {logging_mixin.py:151} INFO - [2023-10-13T13:25:40.064+0000] {dag.py:2941} INFO - Sync 6 DAGs
[2023-10-13T13:25:40.097+0000] {logging_mixin.py:151} INFO - [2023-10-13T13:25:40.097+0000] {dag.py:3722} INFO - Setting next_dagrun for dataset_consumes_1 to None, run_after=None
[2023-10-13T13:25:40.105+0000] {logging_mixin.py:151} INFO - [2023-10-13T13:25:40.104+0000] {dag.py:3722} INFO - Setting next_dagrun for dataset_consumes_1_and_2 to None, run_after=None
[2023-10-13T13:25:40.108+0000] {logging_mixin.py:151} INFO - [2023-10-13T13:25:40.107+0000] {dag.py:3722} INFO - Setting next_dagrun for dataset_consumes_1_never_scheduled to None, run_after=None
[2023-10-13T13:25:40.110+0000] {logging_mixin.py:151} INFO - [2023-10-13T13:25:40.110+0000] {dag.py:3722} INFO - Setting next_dagrun for dataset_consumes_unknown_never_scheduled to None, run_after=None
[2023-10-13T13:25:40.115+0000] {logging_mixin.py:151} INFO - [2023-10-13T13:25:40.115+0000] {dag.py:3722} INFO - Setting next_dagrun for dataset_produces_1 to 2023-10-12T00:00:00+00:00, run_after=2023-10-13T00:00:00+00:00
[2023-10-13T13:25:40.120+0000] {logging_mixin.py:151} INFO - [2023-10-13T13:25:40.119+0000] {dag.py:3722} INFO - Setting next_dagrun for dataset_produces_2 to None, run_after=None
[2023-10-13T13:25:40.174+0000] {processor.py:179} INFO - Processing /home/airflow/.local/lib/python3.8/site-packages/airflow/example_dags/example_datasets.py took 0.189 seconds
[2023-10-13T13:26:10.825+0000] {processor.py:157} INFO - Started process (PID=748) to work on /home/airflow/.local/lib/python3.8/site-packages/airflow/example_dags/example_datasets.py
[2023-10-13T13:26:10.828+0000] {processor.py:829} INFO - Processing file /home/airflow/.local/lib/python3.8/site-packages/airflow/example_dags/example_datasets.py for tasks to queue
[2023-10-13T13:26:10.832+0000] {logging_mixin.py:151} INFO - [2023-10-13T13:26:10.831+0000] {dagbag.py:536} INFO - Filling up the DagBag from /home/airflow/.local/lib/python3.8/site-packages/airflow/example_dags/example_datasets.py
[2023-10-13T13:26:10.855+0000] {processor.py:839} INFO - DAG(s) dict_keys(['dataset_produces_1', 'dataset_consumes_1_and_2', 'dataset_produces_2', 'dataset_consumes_1_never_scheduled', 'dataset_consumes_unknown_never_scheduled', 'dataset_consumes_1']) retrieved from /home/airflow/.local/lib/python3.8/site-packages/airflow/example_dags/example_datasets.py
[2023-10-13T13:26:10.916+0000] {logging_mixin.py:151} INFO - [2023-10-13T13:26:10.916+0000] {dag.py:2941} INFO - Sync 6 DAGs
[2023-10-13T13:26:10.954+0000] {logging_mixin.py:151} INFO - [2023-10-13T13:26:10.953+0000] {dag.py:3722} INFO - Setting next_dagrun for dataset_consumes_1 to None, run_after=None
[2023-10-13T13:26:10.962+0000] {logging_mixin.py:151} INFO - [2023-10-13T13:26:10.962+0000] {dag.py:3722} INFO - Setting next_dagrun for dataset_consumes_1_and_2 to None, run_after=None
[2023-10-13T13:26:10.968+0000] {logging_mixin.py:151} INFO - [2023-10-13T13:26:10.967+0000] {dag.py:3722} INFO - Setting next_dagrun for dataset_consumes_1_never_scheduled to None, run_after=None
[2023-10-13T13:26:10.971+0000] {logging_mixin.py:151} INFO - [2023-10-13T13:26:10.971+0000] {dag.py:3722} INFO - Setting next_dagrun for dataset_consumes_unknown_never_scheduled to None, run_after=None
[2023-10-13T13:26:10.978+0000] {logging_mixin.py:151} INFO - [2023-10-13T13:26:10.977+0000] {dag.py:3722} INFO - Setting next_dagrun for dataset_produces_1 to 2023-10-12T00:00:00+00:00, run_after=2023-10-13T00:00:00+00:00
[2023-10-13T13:26:10.981+0000] {logging_mixin.py:151} INFO - [2023-10-13T13:26:10.981+0000] {dag.py:3722} INFO - Setting next_dagrun for dataset_produces_2 to None, run_after=None
[2023-10-13T13:26:11.042+0000] {processor.py:179} INFO - Processing /home/airflow/.local/lib/python3.8/site-packages/airflow/example_dags/example_datasets.py took 0.223 seconds
[2023-10-13T13:26:41.506+0000] {processor.py:157} INFO - Started process (PID=802) to work on /home/airflow/.local/lib/python3.8/site-packages/airflow/example_dags/example_datasets.py
[2023-10-13T13:26:41.508+0000] {processor.py:829} INFO - Processing file /home/airflow/.local/lib/python3.8/site-packages/airflow/example_dags/example_datasets.py for tasks to queue
[2023-10-13T13:26:41.514+0000] {logging_mixin.py:151} INFO - [2023-10-13T13:26:41.513+0000] {dagbag.py:536} INFO - Filling up the DagBag from /home/airflow/.local/lib/python3.8/site-packages/airflow/example_dags/example_datasets.py
[2023-10-13T13:26:41.537+0000] {processor.py:839} INFO - DAG(s) dict_keys(['dataset_consumes_1_never_scheduled', 'dataset_consumes_unknown_never_scheduled', 'dataset_consumes_1_and_2', 'dataset_produces_1', 'dataset_consumes_1', 'dataset_produces_2']) retrieved from /home/airflow/.local/lib/python3.8/site-packages/airflow/example_dags/example_datasets.py
[2023-10-13T13:26:41.700+0000] {logging_mixin.py:151} INFO - [2023-10-13T13:26:41.699+0000] {dag.py:2941} INFO - Sync 6 DAGs
[2023-10-13T13:26:41.792+0000] {logging_mixin.py:151} INFO - [2023-10-13T13:26:41.792+0000] {dag.py:3722} INFO - Setting next_dagrun for dataset_consumes_1 to None, run_after=None
[2023-10-13T13:26:41.807+0000] {logging_mixin.py:151} INFO - [2023-10-13T13:26:41.807+0000] {dag.py:3722} INFO - Setting next_dagrun for dataset_consumes_1_and_2 to None, run_after=None
[2023-10-13T13:26:41.811+0000] {logging_mixin.py:151} INFO - [2023-10-13T13:26:41.810+0000] {dag.py:3722} INFO - Setting next_dagrun for dataset_consumes_1_never_scheduled to None, run_after=None
[2023-10-13T13:26:41.814+0000] {logging_mixin.py:151} INFO - [2023-10-13T13:26:41.813+0000] {dag.py:3722} INFO - Setting next_dagrun for dataset_consumes_unknown_never_scheduled to None, run_after=None
[2023-10-13T13:26:41.821+0000] {logging_mixin.py:151} INFO - [2023-10-13T13:26:41.820+0000] {dag.py:3722} INFO - Setting next_dagrun for dataset_produces_1 to 2023-10-12T00:00:00+00:00, run_after=2023-10-13T00:00:00+00:00
[2023-10-13T13:26:41.824+0000] {logging_mixin.py:151} INFO - [2023-10-13T13:26:41.823+0000] {dag.py:3722} INFO - Setting next_dagrun for dataset_produces_2 to None, run_after=None
[2023-10-13T13:26:42.472+0000] {processor.py:179} INFO - Processing /home/airflow/.local/lib/python3.8/site-packages/airflow/example_dags/example_datasets.py took 0.973 seconds
[2023-10-13T13:27:12.993+0000] {processor.py:157} INFO - Started process (PID=856) to work on /home/airflow/.local/lib/python3.8/site-packages/airflow/example_dags/example_datasets.py
[2023-10-13T13:27:12.996+0000] {processor.py:829} INFO - Processing file /home/airflow/.local/lib/python3.8/site-packages/airflow/example_dags/example_datasets.py for tasks to queue
[2023-10-13T13:27:13.000+0000] {logging_mixin.py:151} INFO - [2023-10-13T13:27:12.999+0000] {dagbag.py:536} INFO - Filling up the DagBag from /home/airflow/.local/lib/python3.8/site-packages/airflow/example_dags/example_datasets.py
[2023-10-13T13:27:13.016+0000] {processor.py:839} INFO - DAG(s) dict_keys(['dataset_consumes_unknown_never_scheduled', 'dataset_consumes_1_never_scheduled', 'dataset_consumes_1_and_2', 'dataset_produces_1', 'dataset_consumes_1', 'dataset_produces_2']) retrieved from /home/airflow/.local/lib/python3.8/site-packages/airflow/example_dags/example_datasets.py
[2023-10-13T13:27:13.080+0000] {logging_mixin.py:151} INFO - [2023-10-13T13:27:13.079+0000] {dag.py:2941} INFO - Sync 6 DAGs
[2023-10-13T13:27:13.117+0000] {logging_mixin.py:151} INFO - [2023-10-13T13:27:13.117+0000] {dag.py:3722} INFO - Setting next_dagrun for dataset_consumes_1 to None, run_after=None
[2023-10-13T13:27:13.122+0000] {logging_mixin.py:151} INFO - [2023-10-13T13:27:13.122+0000] {dag.py:3722} INFO - Setting next_dagrun for dataset_consumes_1_and_2 to None, run_after=None
[2023-10-13T13:27:13.126+0000] {logging_mixin.py:151} INFO - [2023-10-13T13:27:13.126+0000] {dag.py:3722} INFO - Setting next_dagrun for dataset_consumes_1_never_scheduled to None, run_after=None
[2023-10-13T13:27:13.129+0000] {logging_mixin.py:151} INFO - [2023-10-13T13:27:13.129+0000] {dag.py:3722} INFO - Setting next_dagrun for dataset_consumes_unknown_never_scheduled to None, run_after=None
[2023-10-13T13:27:13.136+0000] {logging_mixin.py:151} INFO - [2023-10-13T13:27:13.135+0000] {dag.py:3722} INFO - Setting next_dagrun for dataset_produces_1 to 2023-10-12T00:00:00+00:00, run_after=2023-10-13T00:00:00+00:00
[2023-10-13T13:27:13.139+0000] {logging_mixin.py:151} INFO - [2023-10-13T13:27:13.139+0000] {dag.py:3722} INFO - Setting next_dagrun for dataset_produces_2 to None, run_after=None
[2023-10-13T13:27:13.196+0000] {processor.py:179} INFO - Processing /home/airflow/.local/lib/python3.8/site-packages/airflow/example_dags/example_datasets.py took 0.207 seconds
[2023-10-13T13:27:43.665+0000] {processor.py:157} INFO - Started process (PID=910) to work on /home/airflow/.local/lib/python3.8/site-packages/airflow/example_dags/example_datasets.py
[2023-10-13T13:27:43.668+0000] {processor.py:829} INFO - Processing file /home/airflow/.local/lib/python3.8/site-packages/airflow/example_dags/example_datasets.py for tasks to queue
[2023-10-13T13:27:43.672+0000] {logging_mixin.py:151} INFO - [2023-10-13T13:27:43.671+0000] {dagbag.py:536} INFO - Filling up the DagBag from /home/airflow/.local/lib/python3.8/site-packages/airflow/example_dags/example_datasets.py
[2023-10-13T13:27:43.689+0000] {processor.py:839} INFO - DAG(s) dict_keys(['dataset_consumes_unknown_never_scheduled', 'dataset_produces_2', 'dataset_consumes_1_and_2', 'dataset_produces_1', 'dataset_consumes_1', 'dataset_consumes_1_never_scheduled']) retrieved from /home/airflow/.local/lib/python3.8/site-packages/airflow/example_dags/example_datasets.py
[2023-10-13T13:27:43.768+0000] {logging_mixin.py:151} INFO - [2023-10-13T13:27:43.768+0000] {dag.py:2941} INFO - Sync 6 DAGs
[2023-10-13T13:27:43.818+0000] {logging_mixin.py:151} INFO - [2023-10-13T13:27:43.818+0000] {dag.py:3722} INFO - Setting next_dagrun for dataset_consumes_1 to None, run_after=None
[2023-10-13T13:27:43.824+0000] {logging_mixin.py:151} INFO - [2023-10-13T13:27:43.824+0000] {dag.py:3722} INFO - Setting next_dagrun for dataset_consumes_1_and_2 to None, run_after=None
[2023-10-13T13:27:43.828+0000] {logging_mixin.py:151} INFO - [2023-10-13T13:27:43.827+0000] {dag.py:3722} INFO - Setting next_dagrun for dataset_consumes_1_never_scheduled to None, run_after=None
[2023-10-13T13:27:43.832+0000] {logging_mixin.py:151} INFO - [2023-10-13T13:27:43.831+0000] {dag.py:3722} INFO - Setting next_dagrun for dataset_consumes_unknown_never_scheduled to None, run_after=None
[2023-10-13T13:27:43.839+0000] {logging_mixin.py:151} INFO - [2023-10-13T13:27:43.839+0000] {dag.py:3722} INFO - Setting next_dagrun for dataset_produces_1 to 2023-10-12T00:00:00+00:00, run_after=2023-10-13T00:00:00+00:00
[2023-10-13T13:27:43.842+0000] {logging_mixin.py:151} INFO - [2023-10-13T13:27:43.842+0000] {dag.py:3722} INFO - Setting next_dagrun for dataset_produces_2 to None, run_after=None
[2023-10-13T13:27:43.939+0000] {processor.py:179} INFO - Processing /home/airflow/.local/lib/python3.8/site-packages/airflow/example_dags/example_datasets.py took 0.280 seconds
[2023-10-13T13:28:16.036+0000] {processor.py:157} INFO - Started process (PID=964) to work on /home/airflow/.local/lib/python3.8/site-packages/airflow/example_dags/example_datasets.py
[2023-10-13T13:28:16.038+0000] {processor.py:829} INFO - Processing file /home/airflow/.local/lib/python3.8/site-packages/airflow/example_dags/example_datasets.py for tasks to queue
[2023-10-13T13:28:16.043+0000] {logging_mixin.py:151} INFO - [2023-10-13T13:28:16.042+0000] {dagbag.py:536} INFO - Filling up the DagBag from /home/airflow/.local/lib/python3.8/site-packages/airflow/example_dags/example_datasets.py
[2023-10-13T13:28:16.080+0000] {processor.py:839} INFO - DAG(s) dict_keys(['dataset_consumes_1', 'dataset_consumes_unknown_never_scheduled', 'dataset_produces_2', 'dataset_produces_1', 'dataset_consumes_1_and_2', 'dataset_consumes_1_never_scheduled']) retrieved from /home/airflow/.local/lib/python3.8/site-packages/airflow/example_dags/example_datasets.py
[2023-10-13T13:28:16.192+0000] {logging_mixin.py:151} INFO - [2023-10-13T13:28:16.191+0000] {dag.py:2941} INFO - Sync 6 DAGs
[2023-10-13T13:28:16.244+0000] {logging_mixin.py:151} INFO - [2023-10-13T13:28:16.244+0000] {dag.py:3722} INFO - Setting next_dagrun for dataset_consumes_1 to None, run_after=None
[2023-10-13T13:28:16.253+0000] {logging_mixin.py:151} INFO - [2023-10-13T13:28:16.253+0000] {dag.py:3722} INFO - Setting next_dagrun for dataset_consumes_1_and_2 to None, run_after=None
[2023-10-13T13:28:16.258+0000] {logging_mixin.py:151} INFO - [2023-10-13T13:28:16.257+0000] {dag.py:3722} INFO - Setting next_dagrun for dataset_consumes_1_never_scheduled to None, run_after=None
[2023-10-13T13:28:16.261+0000] {logging_mixin.py:151} INFO - [2023-10-13T13:28:16.261+0000] {dag.py:3722} INFO - Setting next_dagrun for dataset_consumes_unknown_never_scheduled to None, run_after=None
[2023-10-13T13:28:16.268+0000] {logging_mixin.py:151} INFO - [2023-10-13T13:28:16.268+0000] {dag.py:3722} INFO - Setting next_dagrun for dataset_produces_1 to 2023-10-12T00:00:00+00:00, run_after=2023-10-13T00:00:00+00:00
[2023-10-13T13:28:16.274+0000] {logging_mixin.py:151} INFO - [2023-10-13T13:28:16.274+0000] {dag.py:3722} INFO - Setting next_dagrun for dataset_produces_2 to None, run_after=None
[2023-10-13T13:28:16.364+0000] {processor.py:179} INFO - Processing /home/airflow/.local/lib/python3.8/site-packages/airflow/example_dags/example_datasets.py took 0.344 seconds
[2023-10-13T13:28:46.626+0000] {processor.py:157} INFO - Started process (PID=1018) to work on /home/airflow/.local/lib/python3.8/site-packages/airflow/example_dags/example_datasets.py
[2023-10-13T13:28:46.630+0000] {processor.py:829} INFO - Processing file /home/airflow/.local/lib/python3.8/site-packages/airflow/example_dags/example_datasets.py for tasks to queue
[2023-10-13T13:28:46.634+0000] {logging_mixin.py:151} INFO - [2023-10-13T13:28:46.634+0000] {dagbag.py:536} INFO - Filling up the DagBag from /home/airflow/.local/lib/python3.8/site-packages/airflow/example_dags/example_datasets.py
[2023-10-13T13:28:46.649+0000] {processor.py:839} INFO - DAG(s) dict_keys(['dataset_consumes_1_and_2', 'dataset_produces_1', 'dataset_produces_2', 'dataset_consumes_1_never_scheduled', 'dataset_consumes_1', 'dataset_consumes_unknown_never_scheduled']) retrieved from /home/airflow/.local/lib/python3.8/site-packages/airflow/example_dags/example_datasets.py
[2023-10-13T13:28:46.697+0000] {logging_mixin.py:151} INFO - [2023-10-13T13:28:46.697+0000] {dag.py:2941} INFO - Sync 6 DAGs
[2023-10-13T13:28:46.727+0000] {logging_mixin.py:151} INFO - [2023-10-13T13:28:46.726+0000] {dag.py:3722} INFO - Setting next_dagrun for dataset_consumes_1 to None, run_after=None
[2023-10-13T13:28:46.732+0000] {logging_mixin.py:151} INFO - [2023-10-13T13:28:46.732+0000] {dag.py:3722} INFO - Setting next_dagrun for dataset_consumes_1_and_2 to None, run_after=None
[2023-10-13T13:28:46.734+0000] {logging_mixin.py:151} INFO - [2023-10-13T13:28:46.734+0000] {dag.py:3722} INFO - Setting next_dagrun for dataset_consumes_1_never_scheduled to None, run_after=None
[2023-10-13T13:28:46.737+0000] {logging_mixin.py:151} INFO - [2023-10-13T13:28:46.737+0000] {dag.py:3722} INFO - Setting next_dagrun for dataset_consumes_unknown_never_scheduled to None, run_after=None
[2023-10-13T13:28:46.741+0000] {logging_mixin.py:151} INFO - [2023-10-13T13:28:46.741+0000] {dag.py:3722} INFO - Setting next_dagrun for dataset_produces_1 to 2023-10-12T00:00:00+00:00, run_after=2023-10-13T00:00:00+00:00
[2023-10-13T13:28:46.743+0000] {logging_mixin.py:151} INFO - [2023-10-13T13:28:46.743+0000] {dag.py:3722} INFO - Setting next_dagrun for dataset_produces_2 to None, run_after=None
[2023-10-13T13:28:46.959+0000] {processor.py:179} INFO - Processing /home/airflow/.local/lib/python3.8/site-packages/airflow/example_dags/example_datasets.py took 0.337 seconds
[2023-10-13T13:29:17.077+0000] {processor.py:157} INFO - Started process (PID=1073) to work on /home/airflow/.local/lib/python3.8/site-packages/airflow/example_dags/example_datasets.py
[2023-10-13T13:29:17.079+0000] {processor.py:829} INFO - Processing file /home/airflow/.local/lib/python3.8/site-packages/airflow/example_dags/example_datasets.py for tasks to queue
[2023-10-13T13:29:17.083+0000] {logging_mixin.py:151} INFO - [2023-10-13T13:29:17.082+0000] {dagbag.py:536} INFO - Filling up the DagBag from /home/airflow/.local/lib/python3.8/site-packages/airflow/example_dags/example_datasets.py
[2023-10-13T13:29:17.096+0000] {processor.py:839} INFO - DAG(s) dict_keys(['dataset_consumes_unknown_never_scheduled', 'dataset_consumes_1_never_scheduled', 'dataset_consumes_1', 'dataset_produces_2', 'dataset_consumes_1_and_2', 'dataset_produces_1']) retrieved from /home/airflow/.local/lib/python3.8/site-packages/airflow/example_dags/example_datasets.py
[2023-10-13T13:29:17.152+0000] {logging_mixin.py:151} INFO - [2023-10-13T13:29:17.152+0000] {dag.py:2941} INFO - Sync 6 DAGs
[2023-10-13T13:29:17.181+0000] {logging_mixin.py:151} INFO - [2023-10-13T13:29:17.181+0000] {dag.py:3722} INFO - Setting next_dagrun for dataset_consumes_1 to None, run_after=None
[2023-10-13T13:29:17.187+0000] {logging_mixin.py:151} INFO - [2023-10-13T13:29:17.186+0000] {dag.py:3722} INFO - Setting next_dagrun for dataset_consumes_1_and_2 to None, run_after=None
[2023-10-13T13:29:17.190+0000] {logging_mixin.py:151} INFO - [2023-10-13T13:29:17.189+0000] {dag.py:3722} INFO - Setting next_dagrun for dataset_consumes_1_never_scheduled to None, run_after=None
[2023-10-13T13:29:17.193+0000] {logging_mixin.py:151} INFO - [2023-10-13T13:29:17.192+0000] {dag.py:3722} INFO - Setting next_dagrun for dataset_consumes_unknown_never_scheduled to None, run_after=None
[2023-10-13T13:29:17.198+0000] {logging_mixin.py:151} INFO - [2023-10-13T13:29:17.198+0000] {dag.py:3722} INFO - Setting next_dagrun for dataset_produces_1 to 2023-10-12T00:00:00+00:00, run_after=2023-10-13T00:00:00+00:00
[2023-10-13T13:29:17.201+0000] {logging_mixin.py:151} INFO - [2023-10-13T13:29:17.201+0000] {dag.py:3722} INFO - Setting next_dagrun for dataset_produces_2 to None, run_after=None
[2023-10-13T13:29:17.254+0000] {processor.py:179} INFO - Processing /home/airflow/.local/lib/python3.8/site-packages/airflow/example_dags/example_datasets.py took 0.181 seconds
[2023-10-13T13:29:56.617+0000] {processor.py:157} INFO - Started process (PID=1126) to work on /home/airflow/.local/lib/python3.8/site-packages/airflow/example_dags/example_datasets.py
[2023-10-13T13:29:56.619+0000] {processor.py:829} INFO - Processing file /home/airflow/.local/lib/python3.8/site-packages/airflow/example_dags/example_datasets.py for tasks to queue
[2023-10-13T13:29:56.624+0000] {logging_mixin.py:151} INFO - [2023-10-13T13:29:56.623+0000] {dagbag.py:536} INFO - Filling up the DagBag from /home/airflow/.local/lib/python3.8/site-packages/airflow/example_dags/example_datasets.py
[2023-10-13T13:29:56.643+0000] {processor.py:839} INFO - DAG(s) dict_keys(['dataset_consumes_unknown_never_scheduled', 'dataset_consumes_1_and_2', 'dataset_consumes_1_never_scheduled', 'dataset_produces_2', 'dataset_consumes_1', 'dataset_produces_1']) retrieved from /home/airflow/.local/lib/python3.8/site-packages/airflow/example_dags/example_datasets.py
[2023-10-13T13:29:56.699+0000] {logging_mixin.py:151} INFO - [2023-10-13T13:29:56.699+0000] {dag.py:2941} INFO - Sync 6 DAGs
[2023-10-13T13:29:56.735+0000] {logging_mixin.py:151} INFO - [2023-10-13T13:29:56.735+0000] {dag.py:3722} INFO - Setting next_dagrun for dataset_consumes_1 to None, run_after=None
[2023-10-13T13:29:56.741+0000] {logging_mixin.py:151} INFO - [2023-10-13T13:29:56.741+0000] {dag.py:3722} INFO - Setting next_dagrun for dataset_consumes_1_and_2 to None, run_after=None
[2023-10-13T13:29:56.744+0000] {logging_mixin.py:151} INFO - [2023-10-13T13:29:56.744+0000] {dag.py:3722} INFO - Setting next_dagrun for dataset_consumes_1_never_scheduled to None, run_after=None
[2023-10-13T13:29:56.747+0000] {logging_mixin.py:151} INFO - [2023-10-13T13:29:56.747+0000] {dag.py:3722} INFO - Setting next_dagrun for dataset_consumes_unknown_never_scheduled to None, run_after=None
[2023-10-13T13:29:56.752+0000] {logging_mixin.py:151} INFO - [2023-10-13T13:29:56.752+0000] {dag.py:3722} INFO - Setting next_dagrun for dataset_produces_1 to 2023-10-12T00:00:00+00:00, run_after=2023-10-13T00:00:00+00:00
[2023-10-13T13:29:56.756+0000] {logging_mixin.py:151} INFO - [2023-10-13T13:29:56.755+0000] {dag.py:3722} INFO - Setting next_dagrun for dataset_produces_2 to None, run_after=None
[2023-10-13T13:29:56.810+0000] {processor.py:179} INFO - Processing /home/airflow/.local/lib/python3.8/site-packages/airflow/example_dags/example_datasets.py took 0.197 seconds
[2023-10-13T13:30:27.614+0000] {processor.py:157} INFO - Started process (PID=1180) to work on /home/airflow/.local/lib/python3.8/site-packages/airflow/example_dags/example_datasets.py
[2023-10-13T13:30:27.616+0000] {processor.py:829} INFO - Processing file /home/airflow/.local/lib/python3.8/site-packages/airflow/example_dags/example_datasets.py for tasks to queue
[2023-10-13T13:30:27.620+0000] {logging_mixin.py:151} INFO - [2023-10-13T13:30:27.619+0000] {dagbag.py:536} INFO - Filling up the DagBag from /home/airflow/.local/lib/python3.8/site-packages/airflow/example_dags/example_datasets.py
[2023-10-13T13:30:27.678+0000] {processor.py:839} INFO - DAG(s) dict_keys(['dataset_consumes_1_never_scheduled', 'dataset_consumes_1', 'dataset_consumes_unknown_never_scheduled', 'dataset_produces_2', 'dataset_produces_1', 'dataset_consumes_1_and_2']) retrieved from /home/airflow/.local/lib/python3.8/site-packages/airflow/example_dags/example_datasets.py
[2023-10-13T13:30:27.801+0000] {logging_mixin.py:151} INFO - [2023-10-13T13:30:27.800+0000] {dag.py:2941} INFO - Sync 6 DAGs
[2023-10-13T13:30:28.144+0000] {logging_mixin.py:151} INFO - [2023-10-13T13:30:28.144+0000] {dag.py:3722} INFO - Setting next_dagrun for dataset_consumes_1 to None, run_after=None
[2023-10-13T13:30:28.152+0000] {logging_mixin.py:151} INFO - [2023-10-13T13:30:28.152+0000] {dag.py:3722} INFO - Setting next_dagrun for dataset_consumes_1_and_2 to None, run_after=None
[2023-10-13T13:30:28.156+0000] {logging_mixin.py:151} INFO - [2023-10-13T13:30:28.155+0000] {dag.py:3722} INFO - Setting next_dagrun for dataset_consumes_1_never_scheduled to None, run_after=None
[2023-10-13T13:30:28.159+0000] {logging_mixin.py:151} INFO - [2023-10-13T13:30:28.158+0000] {dag.py:3722} INFO - Setting next_dagrun for dataset_consumes_unknown_never_scheduled to None, run_after=None
[2023-10-13T13:30:28.164+0000] {logging_mixin.py:151} INFO - [2023-10-13T13:30:28.163+0000] {dag.py:3722} INFO - Setting next_dagrun for dataset_produces_1 to 2023-10-12T00:00:00+00:00, run_after=2023-10-13T00:00:00+00:00
[2023-10-13T13:30:28.167+0000] {logging_mixin.py:151} INFO - [2023-10-13T13:30:28.166+0000] {dag.py:3722} INFO - Setting next_dagrun for dataset_produces_2 to None, run_after=None
[2023-10-13T13:30:28.225+0000] {processor.py:179} INFO - Processing /home/airflow/.local/lib/python3.8/site-packages/airflow/example_dags/example_datasets.py took 0.619 seconds
[2023-10-13T13:30:59.135+0000] {processor.py:157} INFO - Started process (PID=1234) to work on /home/airflow/.local/lib/python3.8/site-packages/airflow/example_dags/example_datasets.py
[2023-10-13T13:30:59.137+0000] {processor.py:829} INFO - Processing file /home/airflow/.local/lib/python3.8/site-packages/airflow/example_dags/example_datasets.py for tasks to queue
[2023-10-13T13:30:59.143+0000] {logging_mixin.py:151} INFO - [2023-10-13T13:30:59.142+0000] {dagbag.py:536} INFO - Filling up the DagBag from /home/airflow/.local/lib/python3.8/site-packages/airflow/example_dags/example_datasets.py
[2023-10-13T13:30:59.156+0000] {processor.py:839} INFO - DAG(s) dict_keys(['dataset_consumes_1_and_2', 'dataset_consumes_unknown_never_scheduled', 'dataset_consumes_1', 'dataset_consumes_1_never_scheduled', 'dataset_produces_1', 'dataset_produces_2']) retrieved from /home/airflow/.local/lib/python3.8/site-packages/airflow/example_dags/example_datasets.py
[2023-10-13T13:30:59.218+0000] {logging_mixin.py:151} INFO - [2023-10-13T13:30:59.218+0000] {dag.py:2941} INFO - Sync 6 DAGs
[2023-10-13T13:30:59.259+0000] {logging_mixin.py:151} INFO - [2023-10-13T13:30:59.259+0000] {dag.py:3722} INFO - Setting next_dagrun for dataset_consumes_1 to None, run_after=None
[2023-10-13T13:30:59.264+0000] {logging_mixin.py:151} INFO - [2023-10-13T13:30:59.264+0000] {dag.py:3722} INFO - Setting next_dagrun for dataset_consumes_1_and_2 to None, run_after=None
[2023-10-13T13:30:59.266+0000] {logging_mixin.py:151} INFO - [2023-10-13T13:30:59.266+0000] {dag.py:3722} INFO - Setting next_dagrun for dataset_consumes_1_never_scheduled to None, run_after=None
[2023-10-13T13:30:59.269+0000] {logging_mixin.py:151} INFO - [2023-10-13T13:30:59.269+0000] {dag.py:3722} INFO - Setting next_dagrun for dataset_consumes_unknown_never_scheduled to None, run_after=None
[2023-10-13T13:30:59.274+0000] {logging_mixin.py:151} INFO - [2023-10-13T13:30:59.273+0000] {dag.py:3722} INFO - Setting next_dagrun for dataset_produces_1 to 2023-10-12T00:00:00+00:00, run_after=2023-10-13T00:00:00+00:00
[2023-10-13T13:30:59.276+0000] {logging_mixin.py:151} INFO - [2023-10-13T13:30:59.276+0000] {dag.py:3722} INFO - Setting next_dagrun for dataset_produces_2 to None, run_after=None
[2023-10-13T13:30:59.535+0000] {processor.py:179} INFO - Processing /home/airflow/.local/lib/python3.8/site-packages/airflow/example_dags/example_datasets.py took 0.404 seconds
[2023-10-13T13:31:30.066+0000] {processor.py:157} INFO - Started process (PID=1288) to work on /home/airflow/.local/lib/python3.8/site-packages/airflow/example_dags/example_datasets.py
[2023-10-13T13:31:30.068+0000] {processor.py:829} INFO - Processing file /home/airflow/.local/lib/python3.8/site-packages/airflow/example_dags/example_datasets.py for tasks to queue
[2023-10-13T13:31:30.074+0000] {logging_mixin.py:151} INFO - [2023-10-13T13:31:30.073+0000] {dagbag.py:536} INFO - Filling up the DagBag from /home/airflow/.local/lib/python3.8/site-packages/airflow/example_dags/example_datasets.py
[2023-10-13T13:31:30.093+0000] {processor.py:839} INFO - DAG(s) dict_keys(['dataset_produces_2', 'dataset_consumes_unknown_never_scheduled', 'dataset_produces_1', 'dataset_consumes_1', 'dataset_consumes_1_never_scheduled', 'dataset_consumes_1_and_2']) retrieved from /home/airflow/.local/lib/python3.8/site-packages/airflow/example_dags/example_datasets.py
[2023-10-13T13:31:30.171+0000] {logging_mixin.py:151} INFO - [2023-10-13T13:31:30.171+0000] {dag.py:2941} INFO - Sync 6 DAGs
[2023-10-13T13:31:30.228+0000] {logging_mixin.py:151} INFO - [2023-10-13T13:31:30.227+0000] {dag.py:3722} INFO - Setting next_dagrun for dataset_consumes_1 to None, run_after=None
[2023-10-13T13:31:30.234+0000] {logging_mixin.py:151} INFO - [2023-10-13T13:31:30.234+0000] {dag.py:3722} INFO - Setting next_dagrun for dataset_consumes_1_and_2 to None, run_after=None
[2023-10-13T13:31:30.240+0000] {logging_mixin.py:151} INFO - [2023-10-13T13:31:30.240+0000] {dag.py:3722} INFO - Setting next_dagrun for dataset_consumes_1_never_scheduled to None, run_after=None
[2023-10-13T13:31:30.244+0000] {logging_mixin.py:151} INFO - [2023-10-13T13:31:30.244+0000] {dag.py:3722} INFO - Setting next_dagrun for dataset_consumes_unknown_never_scheduled to None, run_after=None
[2023-10-13T13:31:30.250+0000] {logging_mixin.py:151} INFO - [2023-10-13T13:31:30.250+0000] {dag.py:3722} INFO - Setting next_dagrun for dataset_produces_1 to 2023-10-12T00:00:00+00:00, run_after=2023-10-13T00:00:00+00:00
[2023-10-13T13:31:30.254+0000] {logging_mixin.py:151} INFO - [2023-10-13T13:31:30.254+0000] {dag.py:3722} INFO - Setting next_dagrun for dataset_produces_2 to None, run_after=None
[2023-10-13T13:31:30.346+0000] {processor.py:179} INFO - Processing /home/airflow/.local/lib/python3.8/site-packages/airflow/example_dags/example_datasets.py took 0.286 seconds
[2023-10-13T13:32:00.601+0000] {processor.py:157} INFO - Started process (PID=1342) to work on /home/airflow/.local/lib/python3.8/site-packages/airflow/example_dags/example_datasets.py
[2023-10-13T13:32:00.604+0000] {processor.py:829} INFO - Processing file /home/airflow/.local/lib/python3.8/site-packages/airflow/example_dags/example_datasets.py for tasks to queue
[2023-10-13T13:32:00.609+0000] {logging_mixin.py:151} INFO - [2023-10-13T13:32:00.609+0000] {dagbag.py:536} INFO - Filling up the DagBag from /home/airflow/.local/lib/python3.8/site-packages/airflow/example_dags/example_datasets.py
[2023-10-13T13:32:00.623+0000] {processor.py:839} INFO - DAG(s) dict_keys(['dataset_consumes_1_never_scheduled', 'dataset_produces_1', 'dataset_consumes_unknown_never_scheduled', 'dataset_consumes_1', 'dataset_produces_2', 'dataset_consumes_1_and_2']) retrieved from /home/airflow/.local/lib/python3.8/site-packages/airflow/example_dags/example_datasets.py
[2023-10-13T13:32:00.682+0000] {logging_mixin.py:151} INFO - [2023-10-13T13:32:00.682+0000] {dag.py:2941} INFO - Sync 6 DAGs
[2023-10-13T13:32:00.906+0000] {logging_mixin.py:151} INFO - [2023-10-13T13:32:00.906+0000] {dag.py:3722} INFO - Setting next_dagrun for dataset_consumes_1 to None, run_after=None
[2023-10-13T13:32:00.913+0000] {logging_mixin.py:151} INFO - [2023-10-13T13:32:00.912+0000] {dag.py:3722} INFO - Setting next_dagrun for dataset_consumes_1_and_2 to None, run_after=None
[2023-10-13T13:32:00.925+0000] {logging_mixin.py:151} INFO - [2023-10-13T13:32:00.925+0000] {dag.py:3722} INFO - Setting next_dagrun for dataset_consumes_1_never_scheduled to None, run_after=None
[2023-10-13T13:32:00.929+0000] {logging_mixin.py:151} INFO - [2023-10-13T13:32:00.929+0000] {dag.py:3722} INFO - Setting next_dagrun for dataset_consumes_unknown_never_scheduled to None, run_after=None
[2023-10-13T13:32:00.941+0000] {logging_mixin.py:151} INFO - [2023-10-13T13:32:00.941+0000] {dag.py:3722} INFO - Setting next_dagrun for dataset_produces_1 to 2023-10-12T00:00:00+00:00, run_after=2023-10-13T00:00:00+00:00
[2023-10-13T13:32:00.944+0000] {logging_mixin.py:151} INFO - [2023-10-13T13:32:00.944+0000] {dag.py:3722} INFO - Setting next_dagrun for dataset_produces_2 to None, run_after=None
[2023-10-13T13:32:01.008+0000] {processor.py:179} INFO - Processing /home/airflow/.local/lib/python3.8/site-packages/airflow/example_dags/example_datasets.py took 0.411 seconds
[2023-10-13T13:32:31.342+0000] {processor.py:157} INFO - Started process (PID=1396) to work on /home/airflow/.local/lib/python3.8/site-packages/airflow/example_dags/example_datasets.py
[2023-10-13T13:32:31.439+0000] {processor.py:829} INFO - Processing file /home/airflow/.local/lib/python3.8/site-packages/airflow/example_dags/example_datasets.py for tasks to queue
[2023-10-13T13:32:31.444+0000] {logging_mixin.py:151} INFO - [2023-10-13T13:32:31.443+0000] {dagbag.py:536} INFO - Filling up the DagBag from /home/airflow/.local/lib/python3.8/site-packages/airflow/example_dags/example_datasets.py
[2023-10-13T13:32:31.467+0000] {processor.py:839} INFO - DAG(s) dict_keys(['dataset_consumes_unknown_never_scheduled', 'dataset_consumes_1_never_scheduled', 'dataset_consumes_1_and_2', 'dataset_produces_1', 'dataset_consumes_1', 'dataset_produces_2']) retrieved from /home/airflow/.local/lib/python3.8/site-packages/airflow/example_dags/example_datasets.py
[2023-10-13T13:32:31.555+0000] {logging_mixin.py:151} INFO - [2023-10-13T13:32:31.555+0000] {dag.py:2941} INFO - Sync 6 DAGs
[2023-10-13T13:32:31.595+0000] {logging_mixin.py:151} INFO - [2023-10-13T13:32:31.595+0000] {dag.py:3722} INFO - Setting next_dagrun for dataset_consumes_1 to None, run_after=None
[2023-10-13T13:32:31.601+0000] {logging_mixin.py:151} INFO - [2023-10-13T13:32:31.600+0000] {dag.py:3722} INFO - Setting next_dagrun for dataset_consumes_1_and_2 to None, run_after=None
[2023-10-13T13:32:31.604+0000] {logging_mixin.py:151} INFO - [2023-10-13T13:32:31.604+0000] {dag.py:3722} INFO - Setting next_dagrun for dataset_consumes_1_never_scheduled to None, run_after=None
[2023-10-13T13:32:31.606+0000] {logging_mixin.py:151} INFO - [2023-10-13T13:32:31.606+0000] {dag.py:3722} INFO - Setting next_dagrun for dataset_consumes_unknown_never_scheduled to None, run_after=None
[2023-10-13T13:32:31.611+0000] {logging_mixin.py:151} INFO - [2023-10-13T13:32:31.610+0000] {dag.py:3722} INFO - Setting next_dagrun for dataset_produces_1 to 2023-10-12T00:00:00+00:00, run_after=2023-10-13T00:00:00+00:00
[2023-10-13T13:32:31.613+0000] {logging_mixin.py:151} INFO - [2023-10-13T13:32:31.613+0000] {dag.py:3722} INFO - Setting next_dagrun for dataset_produces_2 to None, run_after=None
[2023-10-13T13:32:32.425+0000] {processor.py:179} INFO - Processing /home/airflow/.local/lib/python3.8/site-packages/airflow/example_dags/example_datasets.py took 1.088 seconds
[2023-10-13T13:33:03.280+0000] {processor.py:157} INFO - Started process (PID=1450) to work on /home/airflow/.local/lib/python3.8/site-packages/airflow/example_dags/example_datasets.py
[2023-10-13T13:33:03.283+0000] {processor.py:829} INFO - Processing file /home/airflow/.local/lib/python3.8/site-packages/airflow/example_dags/example_datasets.py for tasks to queue
[2023-10-13T13:33:03.286+0000] {logging_mixin.py:151} INFO - [2023-10-13T13:33:03.286+0000] {dagbag.py:536} INFO - Filling up the DagBag from /home/airflow/.local/lib/python3.8/site-packages/airflow/example_dags/example_datasets.py
[2023-10-13T13:33:03.301+0000] {processor.py:839} INFO - DAG(s) dict_keys(['dataset_consumes_1', 'dataset_consumes_unknown_never_scheduled', 'dataset_produces_1', 'dataset_consumes_1_never_scheduled', 'dataset_consumes_1_and_2', 'dataset_produces_2']) retrieved from /home/airflow/.local/lib/python3.8/site-packages/airflow/example_dags/example_datasets.py
[2023-10-13T13:33:03.366+0000] {logging_mixin.py:151} INFO - [2023-10-13T13:33:03.365+0000] {dag.py:2941} INFO - Sync 6 DAGs
[2023-10-13T13:33:03.400+0000] {logging_mixin.py:151} INFO - [2023-10-13T13:33:03.400+0000] {dag.py:3722} INFO - Setting next_dagrun for dataset_consumes_1 to None, run_after=None
[2023-10-13T13:33:03.405+0000] {logging_mixin.py:151} INFO - [2023-10-13T13:33:03.405+0000] {dag.py:3722} INFO - Setting next_dagrun for dataset_consumes_1_and_2 to None, run_after=None
[2023-10-13T13:33:03.408+0000] {logging_mixin.py:151} INFO - [2023-10-13T13:33:03.407+0000] {dag.py:3722} INFO - Setting next_dagrun for dataset_consumes_1_never_scheduled to None, run_after=None
[2023-10-13T13:33:03.411+0000] {logging_mixin.py:151} INFO - [2023-10-13T13:33:03.411+0000] {dag.py:3722} INFO - Setting next_dagrun for dataset_consumes_unknown_never_scheduled to None, run_after=None
[2023-10-13T13:33:03.418+0000] {logging_mixin.py:151} INFO - [2023-10-13T13:33:03.417+0000] {dag.py:3722} INFO - Setting next_dagrun for dataset_produces_1 to 2023-10-12T00:00:00+00:00, run_after=2023-10-13T00:00:00+00:00
[2023-10-13T13:33:03.421+0000] {logging_mixin.py:151} INFO - [2023-10-13T13:33:03.420+0000] {dag.py:3722} INFO - Setting next_dagrun for dataset_produces_2 to None, run_after=None
[2023-10-13T13:33:03.475+0000] {processor.py:179} INFO - Processing /home/airflow/.local/lib/python3.8/site-packages/airflow/example_dags/example_datasets.py took 0.201 seconds
[2023-10-13T13:33:33.691+0000] {processor.py:157} INFO - Started process (PID=1504) to work on /home/airflow/.local/lib/python3.8/site-packages/airflow/example_dags/example_datasets.py
[2023-10-13T13:33:33.693+0000] {processor.py:829} INFO - Processing file /home/airflow/.local/lib/python3.8/site-packages/airflow/example_dags/example_datasets.py for tasks to queue
[2023-10-13T13:33:33.696+0000] {logging_mixin.py:151} INFO - [2023-10-13T13:33:33.696+0000] {dagbag.py:536} INFO - Filling up the DagBag from /home/airflow/.local/lib/python3.8/site-packages/airflow/example_dags/example_datasets.py
[2023-10-13T13:33:33.710+0000] {processor.py:839} INFO - DAG(s) dict_keys(['dataset_consumes_1_never_scheduled', 'dataset_consumes_1_and_2', 'dataset_consumes_1', 'dataset_consumes_unknown_never_scheduled', 'dataset_produces_2', 'dataset_produces_1']) retrieved from /home/airflow/.local/lib/python3.8/site-packages/airflow/example_dags/example_datasets.py
[2023-10-13T13:33:33.769+0000] {logging_mixin.py:151} INFO - [2023-10-13T13:33:33.768+0000] {dag.py:2941} INFO - Sync 6 DAGs
[2023-10-13T13:33:33.801+0000] {logging_mixin.py:151} INFO - [2023-10-13T13:33:33.801+0000] {dag.py:3722} INFO - Setting next_dagrun for dataset_consumes_1 to None, run_after=None
[2023-10-13T13:33:33.806+0000] {logging_mixin.py:151} INFO - [2023-10-13T13:33:33.806+0000] {dag.py:3722} INFO - Setting next_dagrun for dataset_consumes_1_and_2 to None, run_after=None
[2023-10-13T13:33:33.810+0000] {logging_mixin.py:151} INFO - [2023-10-13T13:33:33.809+0000] {dag.py:3722} INFO - Setting next_dagrun for dataset_consumes_1_never_scheduled to None, run_after=None
[2023-10-13T13:33:33.812+0000] {logging_mixin.py:151} INFO - [2023-10-13T13:33:33.812+0000] {dag.py:3722} INFO - Setting next_dagrun for dataset_consumes_unknown_never_scheduled to None, run_after=None
[2023-10-13T13:33:33.820+0000] {logging_mixin.py:151} INFO - [2023-10-13T13:33:33.819+0000] {dag.py:3722} INFO - Setting next_dagrun for dataset_produces_1 to 2023-10-12T00:00:00+00:00, run_after=2023-10-13T00:00:00+00:00
[2023-10-13T13:33:33.823+0000] {logging_mixin.py:151} INFO - [2023-10-13T13:33:33.823+0000] {dag.py:3722} INFO - Setting next_dagrun for dataset_produces_2 to None, run_after=None
[2023-10-13T13:33:33.881+0000] {processor.py:179} INFO - Processing /home/airflow/.local/lib/python3.8/site-packages/airflow/example_dags/example_datasets.py took 0.195 seconds
[2023-10-13T13:34:04.104+0000] {processor.py:157} INFO - Started process (PID=1559) to work on /home/airflow/.local/lib/python3.8/site-packages/airflow/example_dags/example_datasets.py
[2023-10-13T13:34:04.106+0000] {processor.py:829} INFO - Processing file /home/airflow/.local/lib/python3.8/site-packages/airflow/example_dags/example_datasets.py for tasks to queue
[2023-10-13T13:34:04.110+0000] {logging_mixin.py:151} INFO - [2023-10-13T13:34:04.109+0000] {dagbag.py:536} INFO - Filling up the DagBag from /home/airflow/.local/lib/python3.8/site-packages/airflow/example_dags/example_datasets.py
[2023-10-13T13:34:04.127+0000] {processor.py:839} INFO - DAG(s) dict_keys(['dataset_consumes_unknown_never_scheduled', 'dataset_consumes_1_and_2', 'dataset_produces_1', 'dataset_consumes_1_never_scheduled', 'dataset_produces_2', 'dataset_consumes_1']) retrieved from /home/airflow/.local/lib/python3.8/site-packages/airflow/example_dags/example_datasets.py
[2023-10-13T13:34:04.189+0000] {logging_mixin.py:151} INFO - [2023-10-13T13:34:04.189+0000] {dag.py:2941} INFO - Sync 6 DAGs
[2023-10-13T13:34:04.228+0000] {logging_mixin.py:151} INFO - [2023-10-13T13:34:04.227+0000] {dag.py:3722} INFO - Setting next_dagrun for dataset_consumes_1 to None, run_after=None
[2023-10-13T13:34:04.234+0000] {logging_mixin.py:151} INFO - [2023-10-13T13:34:04.234+0000] {dag.py:3722} INFO - Setting next_dagrun for dataset_consumes_1_and_2 to None, run_after=None
[2023-10-13T13:34:04.237+0000] {logging_mixin.py:151} INFO - [2023-10-13T13:34:04.237+0000] {dag.py:3722} INFO - Setting next_dagrun for dataset_consumes_1_never_scheduled to None, run_after=None
[2023-10-13T13:34:04.239+0000] {logging_mixin.py:151} INFO - [2023-10-13T13:34:04.239+0000] {dag.py:3722} INFO - Setting next_dagrun for dataset_consumes_unknown_never_scheduled to None, run_after=None
[2023-10-13T13:34:04.245+0000] {logging_mixin.py:151} INFO - [2023-10-13T13:34:04.244+0000] {dag.py:3722} INFO - Setting next_dagrun for dataset_produces_1 to 2023-10-12T00:00:00+00:00, run_after=2023-10-13T00:00:00+00:00
[2023-10-13T13:34:04.248+0000] {logging_mixin.py:151} INFO - [2023-10-13T13:34:04.247+0000] {dag.py:3722} INFO - Setting next_dagrun for dataset_produces_2 to None, run_after=None
[2023-10-13T13:34:04.304+0000] {processor.py:179} INFO - Processing /home/airflow/.local/lib/python3.8/site-packages/airflow/example_dags/example_datasets.py took 0.204 seconds
[2023-10-13T13:34:34.616+0000] {processor.py:157} INFO - Started process (PID=1614) to work on /home/airflow/.local/lib/python3.8/site-packages/airflow/example_dags/example_datasets.py
[2023-10-13T13:34:34.618+0000] {processor.py:829} INFO - Processing file /home/airflow/.local/lib/python3.8/site-packages/airflow/example_dags/example_datasets.py for tasks to queue
[2023-10-13T13:34:34.622+0000] {logging_mixin.py:151} INFO - [2023-10-13T13:34:34.621+0000] {dagbag.py:536} INFO - Filling up the DagBag from /home/airflow/.local/lib/python3.8/site-packages/airflow/example_dags/example_datasets.py
[2023-10-13T13:34:34.634+0000] {processor.py:839} INFO - DAG(s) dict_keys(['dataset_consumes_1_and_2', 'dataset_produces_2', 'dataset_consumes_1', 'dataset_consumes_1_never_scheduled', 'dataset_produces_1', 'dataset_consumes_unknown_never_scheduled']) retrieved from /home/airflow/.local/lib/python3.8/site-packages/airflow/example_dags/example_datasets.py
[2023-10-13T13:34:34.686+0000] {logging_mixin.py:151} INFO - [2023-10-13T13:34:34.685+0000] {dag.py:2941} INFO - Sync 6 DAGs
[2023-10-13T13:34:34.715+0000] {logging_mixin.py:151} INFO - [2023-10-13T13:34:34.715+0000] {dag.py:3722} INFO - Setting next_dagrun for dataset_consumes_1 to None, run_after=None
[2023-10-13T13:34:34.720+0000] {logging_mixin.py:151} INFO - [2023-10-13T13:34:34.720+0000] {dag.py:3722} INFO - Setting next_dagrun for dataset_consumes_1_and_2 to None, run_after=None
[2023-10-13T13:34:34.722+0000] {logging_mixin.py:151} INFO - [2023-10-13T13:34:34.722+0000] {dag.py:3722} INFO - Setting next_dagrun for dataset_consumes_1_never_scheduled to None, run_after=None
[2023-10-13T13:34:34.725+0000] {logging_mixin.py:151} INFO - [2023-10-13T13:34:34.724+0000] {dag.py:3722} INFO - Setting next_dagrun for dataset_consumes_unknown_never_scheduled to None, run_after=None
[2023-10-13T13:34:34.729+0000] {logging_mixin.py:151} INFO - [2023-10-13T13:34:34.729+0000] {dag.py:3722} INFO - Setting next_dagrun for dataset_produces_1 to 2023-10-12T00:00:00+00:00, run_after=2023-10-13T00:00:00+00:00
[2023-10-13T13:34:34.731+0000] {logging_mixin.py:151} INFO - [2023-10-13T13:34:34.731+0000] {dag.py:3722} INFO - Setting next_dagrun for dataset_produces_2 to None, run_after=None
[2023-10-13T13:34:34.781+0000] {processor.py:179} INFO - Processing /home/airflow/.local/lib/python3.8/site-packages/airflow/example_dags/example_datasets.py took 0.170 seconds
[2023-10-13T13:35:05.505+0000] {processor.py:157} INFO - Started process (PID=1668) to work on /home/airflow/.local/lib/python3.8/site-packages/airflow/example_dags/example_datasets.py
[2023-10-13T13:35:05.507+0000] {processor.py:829} INFO - Processing file /home/airflow/.local/lib/python3.8/site-packages/airflow/example_dags/example_datasets.py for tasks to queue
[2023-10-13T13:35:05.510+0000] {logging_mixin.py:151} INFO - [2023-10-13T13:35:05.510+0000] {dagbag.py:536} INFO - Filling up the DagBag from /home/airflow/.local/lib/python3.8/site-packages/airflow/example_dags/example_datasets.py
[2023-10-13T13:35:05.524+0000] {processor.py:839} INFO - DAG(s) dict_keys(['dataset_consumes_1_never_scheduled', 'dataset_consumes_1_and_2', 'dataset_consumes_1', 'dataset_consumes_unknown_never_scheduled', 'dataset_produces_2', 'dataset_produces_1']) retrieved from /home/airflow/.local/lib/python3.8/site-packages/airflow/example_dags/example_datasets.py
[2023-10-13T13:35:05.582+0000] {logging_mixin.py:151} INFO - [2023-10-13T13:35:05.581+0000] {dag.py:2941} INFO - Sync 6 DAGs
[2023-10-13T13:35:05.623+0000] {logging_mixin.py:151} INFO - [2023-10-13T13:35:05.622+0000] {dag.py:3722} INFO - Setting next_dagrun for dataset_consumes_1 to None, run_after=None
[2023-10-13T13:35:05.630+0000] {logging_mixin.py:151} INFO - [2023-10-13T13:35:05.629+0000] {dag.py:3722} INFO - Setting next_dagrun for dataset_consumes_1_and_2 to None, run_after=None
[2023-10-13T13:35:05.633+0000] {logging_mixin.py:151} INFO - [2023-10-13T13:35:05.633+0000] {dag.py:3722} INFO - Setting next_dagrun for dataset_consumes_1_never_scheduled to None, run_after=None
[2023-10-13T13:35:05.636+0000] {logging_mixin.py:151} INFO - [2023-10-13T13:35:05.636+0000] {dag.py:3722} INFO - Setting next_dagrun for dataset_consumes_unknown_never_scheduled to None, run_after=None
[2023-10-13T13:35:05.641+0000] {logging_mixin.py:151} INFO - [2023-10-13T13:35:05.641+0000] {dag.py:3722} INFO - Setting next_dagrun for dataset_produces_1 to 2023-10-12T00:00:00+00:00, run_after=2023-10-13T00:00:00+00:00
[2023-10-13T13:35:05.644+0000] {logging_mixin.py:151} INFO - [2023-10-13T13:35:05.644+0000] {dag.py:3722} INFO - Setting next_dagrun for dataset_produces_2 to None, run_after=None
[2023-10-13T13:35:05.705+0000] {processor.py:179} INFO - Processing /home/airflow/.local/lib/python3.8/site-packages/airflow/example_dags/example_datasets.py took 0.204 seconds
[2023-10-13T13:35:36.793+0000] {processor.py:157} INFO - Started process (PID=1722) to work on /home/airflow/.local/lib/python3.8/site-packages/airflow/example_dags/example_datasets.py
[2023-10-13T13:35:36.863+0000] {processor.py:829} INFO - Processing file /home/airflow/.local/lib/python3.8/site-packages/airflow/example_dags/example_datasets.py for tasks to queue
[2023-10-13T13:35:36.869+0000] {logging_mixin.py:151} INFO - [2023-10-13T13:35:36.868+0000] {dagbag.py:536} INFO - Filling up the DagBag from /home/airflow/.local/lib/python3.8/site-packages/airflow/example_dags/example_datasets.py
[2023-10-13T13:35:37.062+0000] {processor.py:839} INFO - DAG(s) dict_keys(['dataset_consumes_unknown_never_scheduled', 'dataset_consumes_1_never_scheduled', 'dataset_produces_1', 'dataset_consumes_1', 'dataset_consumes_1_and_2', 'dataset_produces_2']) retrieved from /home/airflow/.local/lib/python3.8/site-packages/airflow/example_dags/example_datasets.py
[2023-10-13T13:35:37.788+0000] {logging_mixin.py:151} INFO - [2023-10-13T13:35:37.788+0000] {dag.py:2941} INFO - Sync 6 DAGs
[2023-10-13T13:35:37.815+0000] {logging_mixin.py:151} INFO - [2023-10-13T13:35:37.815+0000] {dag.py:3722} INFO - Setting next_dagrun for dataset_consumes_1 to None, run_after=None
[2023-10-13T13:35:37.830+0000] {logging_mixin.py:151} INFO - [2023-10-13T13:35:37.830+0000] {dag.py:3722} INFO - Setting next_dagrun for dataset_consumes_1_and_2 to None, run_after=None
[2023-10-13T13:35:37.834+0000] {logging_mixin.py:151} INFO - [2023-10-13T13:35:37.833+0000] {dag.py:3722} INFO - Setting next_dagrun for dataset_consumes_1_never_scheduled to None, run_after=None
[2023-10-13T13:35:37.838+0000] {logging_mixin.py:151} INFO - [2023-10-13T13:35:37.838+0000] {dag.py:3722} INFO - Setting next_dagrun for dataset_consumes_unknown_never_scheduled to None, run_after=None
[2023-10-13T13:35:37.847+0000] {logging_mixin.py:151} INFO - [2023-10-13T13:35:37.847+0000] {dag.py:3722} INFO - Setting next_dagrun for dataset_produces_1 to 2023-10-12T00:00:00+00:00, run_after=2023-10-13T00:00:00+00:00
[2023-10-13T13:35:37.850+0000] {logging_mixin.py:151} INFO - [2023-10-13T13:35:37.849+0000] {dag.py:3722} INFO - Setting next_dagrun for dataset_produces_2 to None, run_after=None
[2023-10-13T13:35:38.365+0000] {processor.py:179} INFO - Processing /home/airflow/.local/lib/python3.8/site-packages/airflow/example_dags/example_datasets.py took 1.576 seconds
[2023-10-13T13:36:08.855+0000] {processor.py:157} INFO - Started process (PID=1776) to work on /home/airflow/.local/lib/python3.8/site-packages/airflow/example_dags/example_datasets.py
[2023-10-13T13:36:08.857+0000] {processor.py:829} INFO - Processing file /home/airflow/.local/lib/python3.8/site-packages/airflow/example_dags/example_datasets.py for tasks to queue
[2023-10-13T13:36:08.861+0000] {logging_mixin.py:151} INFO - [2023-10-13T13:36:08.860+0000] {dagbag.py:536} INFO - Filling up the DagBag from /home/airflow/.local/lib/python3.8/site-packages/airflow/example_dags/example_datasets.py
[2023-10-13T13:36:08.874+0000] {processor.py:839} INFO - DAG(s) dict_keys(['dataset_consumes_unknown_never_scheduled', 'dataset_consumes_1', 'dataset_produces_1', 'dataset_consumes_1_never_scheduled', 'dataset_produces_2', 'dataset_consumes_1_and_2']) retrieved from /home/airflow/.local/lib/python3.8/site-packages/airflow/example_dags/example_datasets.py
[2023-10-13T13:36:08.943+0000] {logging_mixin.py:151} INFO - [2023-10-13T13:36:08.943+0000] {dag.py:2941} INFO - Sync 6 DAGs
[2023-10-13T13:36:08.979+0000] {logging_mixin.py:151} INFO - [2023-10-13T13:36:08.979+0000] {dag.py:3722} INFO - Setting next_dagrun for dataset_consumes_1 to None, run_after=None
[2023-10-13T13:36:08.985+0000] {logging_mixin.py:151} INFO - [2023-10-13T13:36:08.985+0000] {dag.py:3722} INFO - Setting next_dagrun for dataset_consumes_1_and_2 to None, run_after=None
[2023-10-13T13:36:08.989+0000] {logging_mixin.py:151} INFO - [2023-10-13T13:36:08.988+0000] {dag.py:3722} INFO - Setting next_dagrun for dataset_consumes_1_never_scheduled to None, run_after=None
[2023-10-13T13:36:08.991+0000] {logging_mixin.py:151} INFO - [2023-10-13T13:36:08.991+0000] {dag.py:3722} INFO - Setting next_dagrun for dataset_consumes_unknown_never_scheduled to None, run_after=None
[2023-10-13T13:36:08.996+0000] {logging_mixin.py:151} INFO - [2023-10-13T13:36:08.996+0000] {dag.py:3722} INFO - Setting next_dagrun for dataset_produces_1 to 2023-10-12T00:00:00+00:00, run_after=2023-10-13T00:00:00+00:00
[2023-10-13T13:36:08.999+0000] {logging_mixin.py:151} INFO - [2023-10-13T13:36:08.999+0000] {dag.py:3722} INFO - Setting next_dagrun for dataset_produces_2 to None, run_after=None
[2023-10-13T13:36:09.068+0000] {processor.py:179} INFO - Processing /home/airflow/.local/lib/python3.8/site-packages/airflow/example_dags/example_datasets.py took 0.217 seconds
[2023-10-13T13:36:39.430+0000] {processor.py:157} INFO - Started process (PID=1829) to work on /home/airflow/.local/lib/python3.8/site-packages/airflow/example_dags/example_datasets.py
[2023-10-13T13:36:39.432+0000] {processor.py:829} INFO - Processing file /home/airflow/.local/lib/python3.8/site-packages/airflow/example_dags/example_datasets.py for tasks to queue
[2023-10-13T13:36:39.436+0000] {logging_mixin.py:151} INFO - [2023-10-13T13:36:39.435+0000] {dagbag.py:536} INFO - Filling up the DagBag from /home/airflow/.local/lib/python3.8/site-packages/airflow/example_dags/example_datasets.py
[2023-10-13T13:36:39.452+0000] {processor.py:839} INFO - DAG(s) dict_keys(['dataset_produces_2', 'dataset_consumes_1_and_2', 'dataset_consumes_unknown_never_scheduled', 'dataset_produces_1', 'dataset_consumes_1_never_scheduled', 'dataset_consumes_1']) retrieved from /home/airflow/.local/lib/python3.8/site-packages/airflow/example_dags/example_datasets.py
[2023-10-13T13:36:39.515+0000] {logging_mixin.py:151} INFO - [2023-10-13T13:36:39.515+0000] {dag.py:2941} INFO - Sync 6 DAGs
[2023-10-13T13:36:39.553+0000] {logging_mixin.py:151} INFO - [2023-10-13T13:36:39.553+0000] {dag.py:3722} INFO - Setting next_dagrun for dataset_consumes_1 to None, run_after=None
[2023-10-13T13:36:39.560+0000] {logging_mixin.py:151} INFO - [2023-10-13T13:36:39.560+0000] {dag.py:3722} INFO - Setting next_dagrun for dataset_consumes_1_and_2 to None, run_after=None
[2023-10-13T13:36:39.564+0000] {logging_mixin.py:151} INFO - [2023-10-13T13:36:39.563+0000] {dag.py:3722} INFO - Setting next_dagrun for dataset_consumes_1_never_scheduled to None, run_after=None
[2023-10-13T13:36:39.567+0000] {logging_mixin.py:151} INFO - [2023-10-13T13:36:39.566+0000] {dag.py:3722} INFO - Setting next_dagrun for dataset_consumes_unknown_never_scheduled to None, run_after=None
[2023-10-13T13:36:39.574+0000] {logging_mixin.py:151} INFO - [2023-10-13T13:36:39.573+0000] {dag.py:3722} INFO - Setting next_dagrun for dataset_produces_1 to 2023-10-12T00:00:00+00:00, run_after=2023-10-13T00:00:00+00:00
[2023-10-13T13:36:39.577+0000] {logging_mixin.py:151} INFO - [2023-10-13T13:36:39.576+0000] {dag.py:3722} INFO - Setting next_dagrun for dataset_produces_2 to None, run_after=None
[2023-10-13T13:36:39.626+0000] {processor.py:179} INFO - Processing /home/airflow/.local/lib/python3.8/site-packages/airflow/example_dags/example_datasets.py took 0.201 seconds
