[2023-10-13T13:19:29.920+0000] {processor.py:157} INFO - Started process (PID=40) to work on /home/airflow/.local/lib/python3.8/site-packages/airflow/example_dags/example_task_group_decorator.py
[2023-10-13T13:19:29.923+0000] {processor.py:829} INFO - Processing file /home/airflow/.local/lib/python3.8/site-packages/airflow/example_dags/example_task_group_decorator.py for tasks to queue
[2023-10-13T13:19:29.926+0000] {logging_mixin.py:151} INFO - [2023-10-13T13:19:29.926+0000] {dagbag.py:536} INFO - Filling up the DagBag from /home/airflow/.local/lib/python3.8/site-packages/airflow/example_dags/example_task_group_decorator.py
[2023-10-13T13:19:29.964+0000] {processor.py:839} INFO - DAG(s) dict_keys(['example_task_group_decorator']) retrieved from /home/airflow/.local/lib/python3.8/site-packages/airflow/example_dags/example_task_group_decorator.py
[2023-10-13T13:19:30.021+0000] {logging_mixin.py:151} INFO - [2023-10-13T13:19:30.020+0000] {dag.py:2941} INFO - Sync 1 DAGs
[2023-10-13T13:19:30.059+0000] {logging_mixin.py:151} INFO - [2023-10-13T13:19:30.059+0000] {dag.py:3722} INFO - Setting next_dagrun for example_task_group_decorator to 2023-10-12T13:19:30.059330+00:00, run_after=2023-10-13T13:19:30.059330+00:00
[2023-10-13T13:19:30.090+0000] {processor.py:179} INFO - Processing /home/airflow/.local/lib/python3.8/site-packages/airflow/example_dags/example_task_group_decorator.py took 0.175 seconds
[2023-10-13T13:20:00.849+0000] {processor.py:157} INFO - Started process (PID=94) to work on /home/airflow/.local/lib/python3.8/site-packages/airflow/example_dags/example_task_group_decorator.py
[2023-10-13T13:20:00.851+0000] {processor.py:829} INFO - Processing file /home/airflow/.local/lib/python3.8/site-packages/airflow/example_dags/example_task_group_decorator.py for tasks to queue
[2023-10-13T13:20:00.871+0000] {logging_mixin.py:151} INFO - [2023-10-13T13:20:00.870+0000] {dagbag.py:536} INFO - Filling up the DagBag from /home/airflow/.local/lib/python3.8/site-packages/airflow/example_dags/example_task_group_decorator.py
[2023-10-13T13:20:00.925+0000] {processor.py:839} INFO - DAG(s) dict_keys(['example_task_group_decorator']) retrieved from /home/airflow/.local/lib/python3.8/site-packages/airflow/example_dags/example_task_group_decorator.py
[2023-10-13T13:20:00.983+0000] {logging_mixin.py:151} INFO - [2023-10-13T13:20:00.982+0000] {dag.py:2941} INFO - Sync 1 DAGs
[2023-10-13T13:20:01.101+0000] {logging_mixin.py:151} INFO - [2023-10-13T13:20:01.099+0000] {dag.py:3722} INFO - Setting next_dagrun for example_task_group_decorator to 2023-10-12T13:20:01.099107+00:00, run_after=2023-10-13T13:20:01.099107+00:00
[2023-10-13T13:20:01.166+0000] {processor.py:179} INFO - Processing /home/airflow/.local/lib/python3.8/site-packages/airflow/example_dags/example_task_group_decorator.py took 0.323 seconds
[2023-10-13T13:20:31.632+0000] {processor.py:157} INFO - Started process (PID=146) to work on /home/airflow/.local/lib/python3.8/site-packages/airflow/example_dags/example_task_group_decorator.py
[2023-10-13T13:20:31.636+0000] {processor.py:829} INFO - Processing file /home/airflow/.local/lib/python3.8/site-packages/airflow/example_dags/example_task_group_decorator.py for tasks to queue
[2023-10-13T13:20:31.647+0000] {logging_mixin.py:151} INFO - [2023-10-13T13:20:31.645+0000] {dagbag.py:536} INFO - Filling up the DagBag from /home/airflow/.local/lib/python3.8/site-packages/airflow/example_dags/example_task_group_decorator.py
[2023-10-13T13:20:31.696+0000] {processor.py:839} INFO - DAG(s) dict_keys(['example_task_group_decorator']) retrieved from /home/airflow/.local/lib/python3.8/site-packages/airflow/example_dags/example_task_group_decorator.py
[2023-10-13T13:20:31.797+0000] {logging_mixin.py:151} INFO - [2023-10-13T13:20:31.797+0000] {dag.py:2941} INFO - Sync 1 DAGs
[2023-10-13T13:20:31.860+0000] {logging_mixin.py:151} INFO - [2023-10-13T13:20:31.859+0000] {dag.py:3722} INFO - Setting next_dagrun for example_task_group_decorator to 2023-10-12T13:20:31.858744+00:00, run_after=2023-10-13T13:20:31.858744+00:00
[2023-10-13T13:20:31.908+0000] {processor.py:179} INFO - Processing /home/airflow/.local/lib/python3.8/site-packages/airflow/example_dags/example_task_group_decorator.py took 0.284 seconds
[2023-10-13T13:21:02.510+0000] {processor.py:157} INFO - Started process (PID=200) to work on /home/airflow/.local/lib/python3.8/site-packages/airflow/example_dags/example_task_group_decorator.py
[2023-10-13T13:21:02.512+0000] {processor.py:829} INFO - Processing file /home/airflow/.local/lib/python3.8/site-packages/airflow/example_dags/example_task_group_decorator.py for tasks to queue
[2023-10-13T13:21:02.517+0000] {logging_mixin.py:151} INFO - [2023-10-13T13:21:02.517+0000] {dagbag.py:536} INFO - Filling up the DagBag from /home/airflow/.local/lib/python3.8/site-packages/airflow/example_dags/example_task_group_decorator.py
[2023-10-13T13:21:02.554+0000] {processor.py:839} INFO - DAG(s) dict_keys(['example_task_group_decorator']) retrieved from /home/airflow/.local/lib/python3.8/site-packages/airflow/example_dags/example_task_group_decorator.py
[2023-10-13T13:21:02.608+0000] {logging_mixin.py:151} INFO - [2023-10-13T13:21:02.608+0000] {dag.py:2941} INFO - Sync 1 DAGs
[2023-10-13T13:21:02.665+0000] {logging_mixin.py:151} INFO - [2023-10-13T13:21:02.665+0000] {dag.py:3722} INFO - Setting next_dagrun for example_task_group_decorator to 2023-10-12T13:21:02.664329+00:00, run_after=2023-10-13T13:21:02.664329+00:00
[2023-10-13T13:21:02.700+0000] {processor.py:179} INFO - Processing /home/airflow/.local/lib/python3.8/site-packages/airflow/example_dags/example_task_group_decorator.py took 0.197 seconds
[2023-10-13T13:21:32.762+0000] {processor.py:157} INFO - Started process (PID=254) to work on /home/airflow/.local/lib/python3.8/site-packages/airflow/example_dags/example_task_group_decorator.py
[2023-10-13T13:21:32.765+0000] {processor.py:829} INFO - Processing file /home/airflow/.local/lib/python3.8/site-packages/airflow/example_dags/example_task_group_decorator.py for tasks to queue
[2023-10-13T13:21:32.768+0000] {logging_mixin.py:151} INFO - [2023-10-13T13:21:32.768+0000] {dagbag.py:536} INFO - Filling up the DagBag from /home/airflow/.local/lib/python3.8/site-packages/airflow/example_dags/example_task_group_decorator.py
[2023-10-13T13:21:32.785+0000] {processor.py:839} INFO - DAG(s) dict_keys(['example_task_group_decorator']) retrieved from /home/airflow/.local/lib/python3.8/site-packages/airflow/example_dags/example_task_group_decorator.py
[2023-10-13T13:21:32.819+0000] {logging_mixin.py:151} INFO - [2023-10-13T13:21:32.819+0000] {dag.py:2941} INFO - Sync 1 DAGs
[2023-10-13T13:21:32.846+0000] {logging_mixin.py:151} INFO - [2023-10-13T13:21:32.846+0000] {dag.py:3722} INFO - Setting next_dagrun for example_task_group_decorator to 2023-10-12T13:21:32.846012+00:00, run_after=2023-10-13T13:21:32.846012+00:00
[2023-10-13T13:21:32.878+0000] {processor.py:179} INFO - Processing /home/airflow/.local/lib/python3.8/site-packages/airflow/example_dags/example_task_group_decorator.py took 0.121 seconds
[2023-10-13T13:22:03.465+0000] {processor.py:157} INFO - Started process (PID=308) to work on /home/airflow/.local/lib/python3.8/site-packages/airflow/example_dags/example_task_group_decorator.py
[2023-10-13T13:22:03.466+0000] {processor.py:829} INFO - Processing file /home/airflow/.local/lib/python3.8/site-packages/airflow/example_dags/example_task_group_decorator.py for tasks to queue
[2023-10-13T13:22:03.470+0000] {logging_mixin.py:151} INFO - [2023-10-13T13:22:03.469+0000] {dagbag.py:536} INFO - Filling up the DagBag from /home/airflow/.local/lib/python3.8/site-packages/airflow/example_dags/example_task_group_decorator.py
[2023-10-13T13:22:03.489+0000] {processor.py:839} INFO - DAG(s) dict_keys(['example_task_group_decorator']) retrieved from /home/airflow/.local/lib/python3.8/site-packages/airflow/example_dags/example_task_group_decorator.py
[2023-10-13T13:22:03.524+0000] {logging_mixin.py:151} INFO - [2023-10-13T13:22:03.524+0000] {dag.py:2941} INFO - Sync 1 DAGs
[2023-10-13T13:22:03.552+0000] {logging_mixin.py:151} INFO - [2023-10-13T13:22:03.551+0000] {dag.py:3722} INFO - Setting next_dagrun for example_task_group_decorator to 2023-10-12T13:22:03.551429+00:00, run_after=2023-10-13T13:22:03.551429+00:00
[2023-10-13T13:22:03.581+0000] {processor.py:179} INFO - Processing /home/airflow/.local/lib/python3.8/site-packages/airflow/example_dags/example_task_group_decorator.py took 0.121 seconds
[2023-10-13T13:22:34.368+0000] {processor.py:157} INFO - Started process (PID=362) to work on /home/airflow/.local/lib/python3.8/site-packages/airflow/example_dags/example_task_group_decorator.py
[2023-10-13T13:22:34.370+0000] {processor.py:829} INFO - Processing file /home/airflow/.local/lib/python3.8/site-packages/airflow/example_dags/example_task_group_decorator.py for tasks to queue
[2023-10-13T13:22:34.373+0000] {logging_mixin.py:151} INFO - [2023-10-13T13:22:34.373+0000] {dagbag.py:536} INFO - Filling up the DagBag from /home/airflow/.local/lib/python3.8/site-packages/airflow/example_dags/example_task_group_decorator.py
[2023-10-13T13:22:34.390+0000] {processor.py:839} INFO - DAG(s) dict_keys(['example_task_group_decorator']) retrieved from /home/airflow/.local/lib/python3.8/site-packages/airflow/example_dags/example_task_group_decorator.py
[2023-10-13T13:22:34.424+0000] {logging_mixin.py:151} INFO - [2023-10-13T13:22:34.424+0000] {dag.py:2941} INFO - Sync 1 DAGs
[2023-10-13T13:22:34.452+0000] {logging_mixin.py:151} INFO - [2023-10-13T13:22:34.451+0000] {dag.py:3722} INFO - Setting next_dagrun for example_task_group_decorator to 2023-10-12T13:22:34.451485+00:00, run_after=2023-10-13T13:22:34.451485+00:00
[2023-10-13T13:22:34.483+0000] {processor.py:179} INFO - Processing /home/airflow/.local/lib/python3.8/site-packages/airflow/example_dags/example_task_group_decorator.py took 0.118 seconds
[2023-10-13T13:23:05.203+0000] {processor.py:157} INFO - Started process (PID=416) to work on /home/airflow/.local/lib/python3.8/site-packages/airflow/example_dags/example_task_group_decorator.py
[2023-10-13T13:23:05.205+0000] {processor.py:829} INFO - Processing file /home/airflow/.local/lib/python3.8/site-packages/airflow/example_dags/example_task_group_decorator.py for tasks to queue
[2023-10-13T13:23:05.208+0000] {logging_mixin.py:151} INFO - [2023-10-13T13:23:05.208+0000] {dagbag.py:536} INFO - Filling up the DagBag from /home/airflow/.local/lib/python3.8/site-packages/airflow/example_dags/example_task_group_decorator.py
[2023-10-13T13:23:05.228+0000] {processor.py:839} INFO - DAG(s) dict_keys(['example_task_group_decorator']) retrieved from /home/airflow/.local/lib/python3.8/site-packages/airflow/example_dags/example_task_group_decorator.py
[2023-10-13T13:23:05.263+0000] {logging_mixin.py:151} INFO - [2023-10-13T13:23:05.262+0000] {dag.py:2941} INFO - Sync 1 DAGs
[2023-10-13T13:23:05.293+0000] {logging_mixin.py:151} INFO - [2023-10-13T13:23:05.293+0000] {dag.py:3722} INFO - Setting next_dagrun for example_task_group_decorator to 2023-10-12T13:23:05.293059+00:00, run_after=2023-10-13T13:23:05.293059+00:00
[2023-10-13T13:23:05.322+0000] {processor.py:179} INFO - Processing /home/airflow/.local/lib/python3.8/site-packages/airflow/example_dags/example_task_group_decorator.py took 0.124 seconds
[2023-10-13T13:23:35.705+0000] {processor.py:157} INFO - Started process (PID=470) to work on /home/airflow/.local/lib/python3.8/site-packages/airflow/example_dags/example_task_group_decorator.py
[2023-10-13T13:23:35.707+0000] {processor.py:829} INFO - Processing file /home/airflow/.local/lib/python3.8/site-packages/airflow/example_dags/example_task_group_decorator.py for tasks to queue
[2023-10-13T13:23:35.710+0000] {logging_mixin.py:151} INFO - [2023-10-13T13:23:35.710+0000] {dagbag.py:536} INFO - Filling up the DagBag from /home/airflow/.local/lib/python3.8/site-packages/airflow/example_dags/example_task_group_decorator.py
[2023-10-13T13:23:35.727+0000] {processor.py:839} INFO - DAG(s) dict_keys(['example_task_group_decorator']) retrieved from /home/airflow/.local/lib/python3.8/site-packages/airflow/example_dags/example_task_group_decorator.py
[2023-10-13T13:23:35.760+0000] {logging_mixin.py:151} INFO - [2023-10-13T13:23:35.760+0000] {dag.py:2941} INFO - Sync 1 DAGs
[2023-10-13T13:23:35.788+0000] {logging_mixin.py:151} INFO - [2023-10-13T13:23:35.787+0000] {dag.py:3722} INFO - Setting next_dagrun for example_task_group_decorator to 2023-10-12T13:23:35.787675+00:00, run_after=2023-10-13T13:23:35.787675+00:00
[2023-10-13T13:23:35.815+0000] {processor.py:179} INFO - Processing /home/airflow/.local/lib/python3.8/site-packages/airflow/example_dags/example_task_group_decorator.py took 0.113 seconds
[2023-10-13T13:24:06.262+0000] {processor.py:157} INFO - Started process (PID=524) to work on /home/airflow/.local/lib/python3.8/site-packages/airflow/example_dags/example_task_group_decorator.py
[2023-10-13T13:24:06.264+0000] {processor.py:829} INFO - Processing file /home/airflow/.local/lib/python3.8/site-packages/airflow/example_dags/example_task_group_decorator.py for tasks to queue
[2023-10-13T13:24:06.267+0000] {logging_mixin.py:151} INFO - [2023-10-13T13:24:06.267+0000] {dagbag.py:536} INFO - Filling up the DagBag from /home/airflow/.local/lib/python3.8/site-packages/airflow/example_dags/example_task_group_decorator.py
[2023-10-13T13:24:06.284+0000] {processor.py:839} INFO - DAG(s) dict_keys(['example_task_group_decorator']) retrieved from /home/airflow/.local/lib/python3.8/site-packages/airflow/example_dags/example_task_group_decorator.py
[2023-10-13T13:24:06.318+0000] {logging_mixin.py:151} INFO - [2023-10-13T13:24:06.317+0000] {dag.py:2941} INFO - Sync 1 DAGs
[2023-10-13T13:24:06.350+0000] {logging_mixin.py:151} INFO - [2023-10-13T13:24:06.349+0000] {dag.py:3722} INFO - Setting next_dagrun for example_task_group_decorator to 2023-10-12T13:24:06.349466+00:00, run_after=2023-10-13T13:24:06.349466+00:00
[2023-10-13T13:24:06.384+0000] {processor.py:179} INFO - Processing /home/airflow/.local/lib/python3.8/site-packages/airflow/example_dags/example_task_group_decorator.py took 0.125 seconds
[2023-10-13T13:24:36.574+0000] {processor.py:157} INFO - Started process (PID=578) to work on /home/airflow/.local/lib/python3.8/site-packages/airflow/example_dags/example_task_group_decorator.py
[2023-10-13T13:24:36.576+0000] {processor.py:829} INFO - Processing file /home/airflow/.local/lib/python3.8/site-packages/airflow/example_dags/example_task_group_decorator.py for tasks to queue
[2023-10-13T13:24:36.580+0000] {logging_mixin.py:151} INFO - [2023-10-13T13:24:36.580+0000] {dagbag.py:536} INFO - Filling up the DagBag from /home/airflow/.local/lib/python3.8/site-packages/airflow/example_dags/example_task_group_decorator.py
[2023-10-13T13:24:36.601+0000] {processor.py:839} INFO - DAG(s) dict_keys(['example_task_group_decorator']) retrieved from /home/airflow/.local/lib/python3.8/site-packages/airflow/example_dags/example_task_group_decorator.py
[2023-10-13T13:24:36.637+0000] {logging_mixin.py:151} INFO - [2023-10-13T13:24:36.637+0000] {dag.py:2941} INFO - Sync 1 DAGs
[2023-10-13T13:24:36.665+0000] {logging_mixin.py:151} INFO - [2023-10-13T13:24:36.665+0000] {dag.py:3722} INFO - Setting next_dagrun for example_task_group_decorator to 2023-10-12T13:24:36.665206+00:00, run_after=2023-10-13T13:24:36.665206+00:00
[2023-10-13T13:24:36.697+0000] {processor.py:179} INFO - Processing /home/airflow/.local/lib/python3.8/site-packages/airflow/example_dags/example_task_group_decorator.py took 0.128 seconds
[2023-10-13T13:25:06.746+0000] {processor.py:157} INFO - Started process (PID=632) to work on /home/airflow/.local/lib/python3.8/site-packages/airflow/example_dags/example_task_group_decorator.py
[2023-10-13T13:25:06.748+0000] {processor.py:829} INFO - Processing file /home/airflow/.local/lib/python3.8/site-packages/airflow/example_dags/example_task_group_decorator.py for tasks to queue
[2023-10-13T13:25:06.752+0000] {logging_mixin.py:151} INFO - [2023-10-13T13:25:06.751+0000] {dagbag.py:536} INFO - Filling up the DagBag from /home/airflow/.local/lib/python3.8/site-packages/airflow/example_dags/example_task_group_decorator.py
[2023-10-13T13:25:06.774+0000] {processor.py:839} INFO - DAG(s) dict_keys(['example_task_group_decorator']) retrieved from /home/airflow/.local/lib/python3.8/site-packages/airflow/example_dags/example_task_group_decorator.py
[2023-10-13T13:25:06.814+0000] {logging_mixin.py:151} INFO - [2023-10-13T13:25:06.814+0000] {dag.py:2941} INFO - Sync 1 DAGs
[2023-10-13T13:25:06.846+0000] {logging_mixin.py:151} INFO - [2023-10-13T13:25:06.846+0000] {dag.py:3722} INFO - Setting next_dagrun for example_task_group_decorator to 2023-10-12T13:25:06.845978+00:00, run_after=2023-10-13T13:25:06.845978+00:00
[2023-10-13T13:25:07.041+0000] {processor.py:179} INFO - Processing /home/airflow/.local/lib/python3.8/site-packages/airflow/example_dags/example_task_group_decorator.py took 0.300 seconds
[2023-10-13T13:25:37.979+0000] {processor.py:157} INFO - Started process (PID=686) to work on /home/airflow/.local/lib/python3.8/site-packages/airflow/example_dags/example_task_group_decorator.py
[2023-10-13T13:25:37.981+0000] {processor.py:829} INFO - Processing file /home/airflow/.local/lib/python3.8/site-packages/airflow/example_dags/example_task_group_decorator.py for tasks to queue
[2023-10-13T13:25:37.988+0000] {logging_mixin.py:151} INFO - [2023-10-13T13:25:37.987+0000] {dagbag.py:536} INFO - Filling up the DagBag from /home/airflow/.local/lib/python3.8/site-packages/airflow/example_dags/example_task_group_decorator.py
[2023-10-13T13:25:38.010+0000] {processor.py:839} INFO - DAG(s) dict_keys(['example_task_group_decorator']) retrieved from /home/airflow/.local/lib/python3.8/site-packages/airflow/example_dags/example_task_group_decorator.py
[2023-10-13T13:25:38.062+0000] {logging_mixin.py:151} INFO - [2023-10-13T13:25:38.061+0000] {dag.py:2941} INFO - Sync 1 DAGs
[2023-10-13T13:25:38.106+0000] {logging_mixin.py:151} INFO - [2023-10-13T13:25:38.106+0000] {dag.py:3722} INFO - Setting next_dagrun for example_task_group_decorator to 2023-10-12T13:25:38.106240+00:00, run_after=2023-10-13T13:25:38.106240+00:00
[2023-10-13T13:25:38.142+0000] {processor.py:179} INFO - Processing /home/airflow/.local/lib/python3.8/site-packages/airflow/example_dags/example_task_group_decorator.py took 0.167 seconds
[2023-10-13T13:26:08.826+0000] {processor.py:157} INFO - Started process (PID=740) to work on /home/airflow/.local/lib/python3.8/site-packages/airflow/example_dags/example_task_group_decorator.py
[2023-10-13T13:26:08.828+0000] {processor.py:829} INFO - Processing file /home/airflow/.local/lib/python3.8/site-packages/airflow/example_dags/example_task_group_decorator.py for tasks to queue
[2023-10-13T13:26:08.833+0000] {logging_mixin.py:151} INFO - [2023-10-13T13:26:08.832+0000] {dagbag.py:536} INFO - Filling up the DagBag from /home/airflow/.local/lib/python3.8/site-packages/airflow/example_dags/example_task_group_decorator.py
[2023-10-13T13:26:08.861+0000] {processor.py:839} INFO - DAG(s) dict_keys(['example_task_group_decorator']) retrieved from /home/airflow/.local/lib/python3.8/site-packages/airflow/example_dags/example_task_group_decorator.py
[2023-10-13T13:26:08.913+0000] {logging_mixin.py:151} INFO - [2023-10-13T13:26:08.913+0000] {dag.py:2941} INFO - Sync 1 DAGs
[2023-10-13T13:26:08.959+0000] {logging_mixin.py:151} INFO - [2023-10-13T13:26:08.959+0000] {dag.py:3722} INFO - Setting next_dagrun for example_task_group_decorator to 2023-10-12T13:26:08.959098+00:00, run_after=2023-10-13T13:26:08.959098+00:00
[2023-10-13T13:26:09.007+0000] {processor.py:179} INFO - Processing /home/airflow/.local/lib/python3.8/site-packages/airflow/example_dags/example_task_group_decorator.py took 0.188 seconds
[2023-10-13T13:26:41.507+0000] {processor.py:157} INFO - Started process (PID=801) to work on /home/airflow/.local/lib/python3.8/site-packages/airflow/example_dags/example_task_group_decorator.py
[2023-10-13T13:26:41.509+0000] {processor.py:829} INFO - Processing file /home/airflow/.local/lib/python3.8/site-packages/airflow/example_dags/example_task_group_decorator.py for tasks to queue
[2023-10-13T13:26:41.514+0000] {logging_mixin.py:151} INFO - [2023-10-13T13:26:41.513+0000] {dagbag.py:536} INFO - Filling up the DagBag from /home/airflow/.local/lib/python3.8/site-packages/airflow/example_dags/example_task_group_decorator.py
[2023-10-13T13:26:41.550+0000] {processor.py:839} INFO - DAG(s) dict_keys(['example_task_group_decorator']) retrieved from /home/airflow/.local/lib/python3.8/site-packages/airflow/example_dags/example_task_group_decorator.py
[2023-10-13T13:26:41.656+0000] {logging_mixin.py:151} INFO - [2023-10-13T13:26:41.656+0000] {dag.py:2941} INFO - Sync 1 DAGs
[2023-10-13T13:26:41.728+0000] {logging_mixin.py:151} INFO - [2023-10-13T13:26:41.727+0000] {dag.py:3722} INFO - Setting next_dagrun for example_task_group_decorator to 2023-10-12T13:26:41.726458+00:00, run_after=2023-10-13T13:26:41.726458+00:00
[2023-10-13T13:26:42.304+0000] {processor.py:179} INFO - Processing /home/airflow/.local/lib/python3.8/site-packages/airflow/example_dags/example_task_group_decorator.py took 0.805 seconds
[2023-10-13T13:27:12.993+0000] {processor.py:157} INFO - Started process (PID=855) to work on /home/airflow/.local/lib/python3.8/site-packages/airflow/example_dags/example_task_group_decorator.py
[2023-10-13T13:27:12.996+0000] {processor.py:829} INFO - Processing file /home/airflow/.local/lib/python3.8/site-packages/airflow/example_dags/example_task_group_decorator.py for tasks to queue
[2023-10-13T13:27:13.000+0000] {logging_mixin.py:151} INFO - [2023-10-13T13:27:12.999+0000] {dagbag.py:536} INFO - Filling up the DagBag from /home/airflow/.local/lib/python3.8/site-packages/airflow/example_dags/example_task_group_decorator.py
[2023-10-13T13:27:13.025+0000] {processor.py:839} INFO - DAG(s) dict_keys(['example_task_group_decorator']) retrieved from /home/airflow/.local/lib/python3.8/site-packages/airflow/example_dags/example_task_group_decorator.py
[2023-10-13T13:27:13.066+0000] {logging_mixin.py:151} INFO - [2023-10-13T13:27:13.065+0000] {dag.py:2941} INFO - Sync 1 DAGs
[2023-10-13T13:27:13.099+0000] {logging_mixin.py:151} INFO - [2023-10-13T13:27:13.099+0000] {dag.py:3722} INFO - Setting next_dagrun for example_task_group_decorator to 2023-10-12T13:27:13.099144+00:00, run_after=2023-10-13T13:27:13.099144+00:00
[2023-10-13T13:27:13.135+0000] {processor.py:179} INFO - Processing /home/airflow/.local/lib/python3.8/site-packages/airflow/example_dags/example_task_group_decorator.py took 0.147 seconds
[2023-10-13T13:27:43.665+0000] {processor.py:157} INFO - Started process (PID=909) to work on /home/airflow/.local/lib/python3.8/site-packages/airflow/example_dags/example_task_group_decorator.py
[2023-10-13T13:27:43.668+0000] {processor.py:829} INFO - Processing file /home/airflow/.local/lib/python3.8/site-packages/airflow/example_dags/example_task_group_decorator.py for tasks to queue
[2023-10-13T13:27:43.672+0000] {logging_mixin.py:151} INFO - [2023-10-13T13:27:43.671+0000] {dagbag.py:536} INFO - Filling up the DagBag from /home/airflow/.local/lib/python3.8/site-packages/airflow/example_dags/example_task_group_decorator.py
[2023-10-13T13:27:43.709+0000] {processor.py:839} INFO - DAG(s) dict_keys(['example_task_group_decorator']) retrieved from /home/airflow/.local/lib/python3.8/site-packages/airflow/example_dags/example_task_group_decorator.py
[2023-10-13T13:27:43.766+0000] {logging_mixin.py:151} INFO - [2023-10-13T13:27:43.765+0000] {dag.py:2941} INFO - Sync 1 DAGs
[2023-10-13T13:27:43.806+0000] {logging_mixin.py:151} INFO - [2023-10-13T13:27:43.805+0000] {dag.py:3722} INFO - Setting next_dagrun for example_task_group_decorator to 2023-10-12T13:27:43.805145+00:00, run_after=2023-10-13T13:27:43.805145+00:00
[2023-10-13T13:27:43.847+0000] {processor.py:179} INFO - Processing /home/airflow/.local/lib/python3.8/site-packages/airflow/example_dags/example_task_group_decorator.py took 0.188 seconds
[2023-10-13T13:28:16.032+0000] {processor.py:157} INFO - Started process (PID=963) to work on /home/airflow/.local/lib/python3.8/site-packages/airflow/example_dags/example_task_group_decorator.py
[2023-10-13T13:28:16.034+0000] {processor.py:829} INFO - Processing file /home/airflow/.local/lib/python3.8/site-packages/airflow/example_dags/example_task_group_decorator.py for tasks to queue
[2023-10-13T13:28:16.039+0000] {logging_mixin.py:151} INFO - [2023-10-13T13:28:16.038+0000] {dagbag.py:536} INFO - Filling up the DagBag from /home/airflow/.local/lib/python3.8/site-packages/airflow/example_dags/example_task_group_decorator.py
[2023-10-13T13:28:16.093+0000] {processor.py:839} INFO - DAG(s) dict_keys(['example_task_group_decorator']) retrieved from /home/airflow/.local/lib/python3.8/site-packages/airflow/example_dags/example_task_group_decorator.py
[2023-10-13T13:28:16.160+0000] {logging_mixin.py:151} INFO - [2023-10-13T13:28:16.160+0000] {dag.py:2941} INFO - Sync 1 DAGs
[2023-10-13T13:28:16.223+0000] {logging_mixin.py:151} INFO - [2023-10-13T13:28:16.222+0000] {dag.py:3722} INFO - Setting next_dagrun for example_task_group_decorator to 2023-10-12T13:28:16.221932+00:00, run_after=2023-10-13T13:28:16.221932+00:00
[2023-10-13T13:28:16.262+0000] {processor.py:179} INFO - Processing /home/airflow/.local/lib/python3.8/site-packages/airflow/example_dags/example_task_group_decorator.py took 0.243 seconds
[2023-10-13T13:28:46.627+0000] {processor.py:157} INFO - Started process (PID=1017) to work on /home/airflow/.local/lib/python3.8/site-packages/airflow/example_dags/example_task_group_decorator.py
[2023-10-13T13:28:46.629+0000] {processor.py:829} INFO - Processing file /home/airflow/.local/lib/python3.8/site-packages/airflow/example_dags/example_task_group_decorator.py for tasks to queue
[2023-10-13T13:28:46.633+0000] {logging_mixin.py:151} INFO - [2023-10-13T13:28:46.633+0000] {dagbag.py:536} INFO - Filling up the DagBag from /home/airflow/.local/lib/python3.8/site-packages/airflow/example_dags/example_task_group_decorator.py
[2023-10-13T13:28:46.652+0000] {processor.py:839} INFO - DAG(s) dict_keys(['example_task_group_decorator']) retrieved from /home/airflow/.local/lib/python3.8/site-packages/airflow/example_dags/example_task_group_decorator.py
[2023-10-13T13:28:46.684+0000] {logging_mixin.py:151} INFO - [2023-10-13T13:28:46.684+0000] {dag.py:2941} INFO - Sync 1 DAGs
[2023-10-13T13:28:46.712+0000] {logging_mixin.py:151} INFO - [2023-10-13T13:28:46.712+0000] {dag.py:3722} INFO - Setting next_dagrun for example_task_group_decorator to 2023-10-12T13:28:46.712023+00:00, run_after=2023-10-13T13:28:46.712023+00:00
[2023-10-13T13:28:46.740+0000] {processor.py:179} INFO - Processing /home/airflow/.local/lib/python3.8/site-packages/airflow/example_dags/example_task_group_decorator.py took 0.117 seconds
[2023-10-13T13:29:16.934+0000] {processor.py:157} INFO - Started process (PID=1071) to work on /home/airflow/.local/lib/python3.8/site-packages/airflow/example_dags/example_task_group_decorator.py
[2023-10-13T13:29:16.936+0000] {processor.py:829} INFO - Processing file /home/airflow/.local/lib/python3.8/site-packages/airflow/example_dags/example_task_group_decorator.py for tasks to queue
[2023-10-13T13:29:16.940+0000] {logging_mixin.py:151} INFO - [2023-10-13T13:29:16.939+0000] {dagbag.py:536} INFO - Filling up the DagBag from /home/airflow/.local/lib/python3.8/site-packages/airflow/example_dags/example_task_group_decorator.py
[2023-10-13T13:29:16.958+0000] {processor.py:839} INFO - DAG(s) dict_keys(['example_task_group_decorator']) retrieved from /home/airflow/.local/lib/python3.8/site-packages/airflow/example_dags/example_task_group_decorator.py
[2023-10-13T13:29:16.992+0000] {logging_mixin.py:151} INFO - [2023-10-13T13:29:16.991+0000] {dag.py:2941} INFO - Sync 1 DAGs
[2023-10-13T13:29:17.018+0000] {logging_mixin.py:151} INFO - [2023-10-13T13:29:17.018+0000] {dag.py:3722} INFO - Setting next_dagrun for example_task_group_decorator to 2023-10-12T13:29:17.018282+00:00, run_after=2023-10-13T13:29:17.018282+00:00
[2023-10-13T13:29:17.052+0000] {processor.py:179} INFO - Processing /home/airflow/.local/lib/python3.8/site-packages/airflow/example_dags/example_task_group_decorator.py took 0.122 seconds
[2023-10-13T13:29:56.449+0000] {processor.py:157} INFO - Started process (PID=1125) to work on /home/airflow/.local/lib/python3.8/site-packages/airflow/example_dags/example_task_group_decorator.py
[2023-10-13T13:29:56.452+0000] {processor.py:829} INFO - Processing file /home/airflow/.local/lib/python3.8/site-packages/airflow/example_dags/example_task_group_decorator.py for tasks to queue
[2023-10-13T13:29:56.456+0000] {logging_mixin.py:151} INFO - [2023-10-13T13:29:56.455+0000] {dagbag.py:536} INFO - Filling up the DagBag from /home/airflow/.local/lib/python3.8/site-packages/airflow/example_dags/example_task_group_decorator.py
[2023-10-13T13:29:56.494+0000] {processor.py:839} INFO - DAG(s) dict_keys(['example_task_group_decorator']) retrieved from /home/airflow/.local/lib/python3.8/site-packages/airflow/example_dags/example_task_group_decorator.py
[2023-10-13T13:29:56.534+0000] {logging_mixin.py:151} INFO - [2023-10-13T13:29:56.534+0000] {dag.py:2941} INFO - Sync 1 DAGs
[2023-10-13T13:29:56.567+0000] {logging_mixin.py:151} INFO - [2023-10-13T13:29:56.566+0000] {dag.py:3722} INFO - Setting next_dagrun for example_task_group_decorator to 2023-10-12T13:29:56.566187+00:00, run_after=2023-10-13T13:29:56.566187+00:00
[2023-10-13T13:29:56.598+0000] {processor.py:179} INFO - Processing /home/airflow/.local/lib/python3.8/site-packages/airflow/example_dags/example_task_group_decorator.py took 0.156 seconds
[2023-10-13T13:30:27.559+0000] {processor.py:157} INFO - Started process (PID=1179) to work on /home/airflow/.local/lib/python3.8/site-packages/airflow/example_dags/example_task_group_decorator.py
[2023-10-13T13:30:27.570+0000] {processor.py:829} INFO - Processing file /home/airflow/.local/lib/python3.8/site-packages/airflow/example_dags/example_task_group_decorator.py for tasks to queue
[2023-10-13T13:30:27.574+0000] {logging_mixin.py:151} INFO - [2023-10-13T13:30:27.574+0000] {dagbag.py:536} INFO - Filling up the DagBag from /home/airflow/.local/lib/python3.8/site-packages/airflow/example_dags/example_task_group_decorator.py
[2023-10-13T13:30:27.606+0000] {processor.py:839} INFO - DAG(s) dict_keys(['example_task_group_decorator']) retrieved from /home/airflow/.local/lib/python3.8/site-packages/airflow/example_dags/example_task_group_decorator.py
[2023-10-13T13:30:27.712+0000] {logging_mixin.py:151} INFO - [2023-10-13T13:30:27.712+0000] {dag.py:2941} INFO - Sync 1 DAGs
[2023-10-13T13:30:28.153+0000] {logging_mixin.py:151} INFO - [2023-10-13T13:30:28.152+0000] {dag.py:3722} INFO - Setting next_dagrun for example_task_group_decorator to 2023-10-12T13:30:28.152256+00:00, run_after=2023-10-13T13:30:28.152256+00:00
[2023-10-13T13:30:28.182+0000] {processor.py:179} INFO - Processing /home/airflow/.local/lib/python3.8/site-packages/airflow/example_dags/example_task_group_decorator.py took 0.628 seconds
[2023-10-13T13:30:59.135+0000] {processor.py:157} INFO - Started process (PID=1233) to work on /home/airflow/.local/lib/python3.8/site-packages/airflow/example_dags/example_task_group_decorator.py
[2023-10-13T13:30:59.137+0000] {processor.py:829} INFO - Processing file /home/airflow/.local/lib/python3.8/site-packages/airflow/example_dags/example_task_group_decorator.py for tasks to queue
[2023-10-13T13:30:59.141+0000] {logging_mixin.py:151} INFO - [2023-10-13T13:30:59.140+0000] {dagbag.py:536} INFO - Filling up the DagBag from /home/airflow/.local/lib/python3.8/site-packages/airflow/example_dags/example_task_group_decorator.py
[2023-10-13T13:30:59.168+0000] {processor.py:839} INFO - DAG(s) dict_keys(['example_task_group_decorator']) retrieved from /home/airflow/.local/lib/python3.8/site-packages/airflow/example_dags/example_task_group_decorator.py
[2023-10-13T13:30:59.209+0000] {logging_mixin.py:151} INFO - [2023-10-13T13:30:59.209+0000] {dag.py:2941} INFO - Sync 1 DAGs
[2023-10-13T13:30:59.243+0000] {logging_mixin.py:151} INFO - [2023-10-13T13:30:59.242+0000] {dag.py:3722} INFO - Setting next_dagrun for example_task_group_decorator to 2023-10-12T13:30:59.242474+00:00, run_after=2023-10-13T13:30:59.242474+00:00
[2023-10-13T13:30:59.270+0000] {processor.py:179} INFO - Processing /home/airflow/.local/lib/python3.8/site-packages/airflow/example_dags/example_task_group_decorator.py took 0.139 seconds
[2023-10-13T13:31:30.066+0000] {processor.py:157} INFO - Started process (PID=1287) to work on /home/airflow/.local/lib/python3.8/site-packages/airflow/example_dags/example_task_group_decorator.py
[2023-10-13T13:31:30.068+0000] {processor.py:829} INFO - Processing file /home/airflow/.local/lib/python3.8/site-packages/airflow/example_dags/example_task_group_decorator.py for tasks to queue
[2023-10-13T13:31:30.074+0000] {logging_mixin.py:151} INFO - [2023-10-13T13:31:30.073+0000] {dagbag.py:536} INFO - Filling up the DagBag from /home/airflow/.local/lib/python3.8/site-packages/airflow/example_dags/example_task_group_decorator.py
[2023-10-13T13:31:30.108+0000] {processor.py:839} INFO - DAG(s) dict_keys(['example_task_group_decorator']) retrieved from /home/airflow/.local/lib/python3.8/site-packages/airflow/example_dags/example_task_group_decorator.py
[2023-10-13T13:31:30.157+0000] {logging_mixin.py:151} INFO - [2023-10-13T13:31:30.156+0000] {dag.py:2941} INFO - Sync 1 DAGs
[2023-10-13T13:31:30.209+0000] {logging_mixin.py:151} INFO - [2023-10-13T13:31:30.209+0000] {dag.py:3722} INFO - Setting next_dagrun for example_task_group_decorator to 2023-10-12T13:31:30.208710+00:00, run_after=2023-10-13T13:31:30.208710+00:00
[2023-10-13T13:31:30.251+0000] {processor.py:179} INFO - Processing /home/airflow/.local/lib/python3.8/site-packages/airflow/example_dags/example_task_group_decorator.py took 0.191 seconds
[2023-10-13T13:32:00.601+0000] {processor.py:157} INFO - Started process (PID=1341) to work on /home/airflow/.local/lib/python3.8/site-packages/airflow/example_dags/example_task_group_decorator.py
[2023-10-13T13:32:00.604+0000] {processor.py:829} INFO - Processing file /home/airflow/.local/lib/python3.8/site-packages/airflow/example_dags/example_task_group_decorator.py for tasks to queue
[2023-10-13T13:32:00.609+0000] {logging_mixin.py:151} INFO - [2023-10-13T13:32:00.609+0000] {dagbag.py:536} INFO - Filling up the DagBag from /home/airflow/.local/lib/python3.8/site-packages/airflow/example_dags/example_task_group_decorator.py
[2023-10-13T13:32:00.630+0000] {processor.py:839} INFO - DAG(s) dict_keys(['example_task_group_decorator']) retrieved from /home/airflow/.local/lib/python3.8/site-packages/airflow/example_dags/example_task_group_decorator.py
[2023-10-13T13:32:00.669+0000] {logging_mixin.py:151} INFO - [2023-10-13T13:32:00.669+0000] {dag.py:2941} INFO - Sync 1 DAGs
[2023-10-13T13:32:00.888+0000] {logging_mixin.py:151} INFO - [2023-10-13T13:32:00.888+0000] {dag.py:3722} INFO - Setting next_dagrun for example_task_group_decorator to 2023-10-12T13:32:00.887891+00:00, run_after=2023-10-13T13:32:00.887891+00:00
[2023-10-13T13:32:00.932+0000] {processor.py:179} INFO - Processing /home/airflow/.local/lib/python3.8/site-packages/airflow/example_dags/example_task_group_decorator.py took 0.336 seconds
[2023-10-13T13:32:31.342+0000] {processor.py:157} INFO - Started process (PID=1395) to work on /home/airflow/.local/lib/python3.8/site-packages/airflow/example_dags/example_task_group_decorator.py
[2023-10-13T13:32:31.439+0000] {processor.py:829} INFO - Processing file /home/airflow/.local/lib/python3.8/site-packages/airflow/example_dags/example_task_group_decorator.py for tasks to queue
[2023-10-13T13:32:31.444+0000] {logging_mixin.py:151} INFO - [2023-10-13T13:32:31.443+0000] {dagbag.py:536} INFO - Filling up the DagBag from /home/airflow/.local/lib/python3.8/site-packages/airflow/example_dags/example_task_group_decorator.py
[2023-10-13T13:32:31.482+0000] {processor.py:839} INFO - DAG(s) dict_keys(['example_task_group_decorator']) retrieved from /home/airflow/.local/lib/python3.8/site-packages/airflow/example_dags/example_task_group_decorator.py
[2023-10-13T13:32:31.544+0000] {logging_mixin.py:151} INFO - [2023-10-13T13:32:31.544+0000] {dag.py:2941} INFO - Sync 1 DAGs
[2023-10-13T13:32:31.586+0000] {logging_mixin.py:151} INFO - [2023-10-13T13:32:31.585+0000] {dag.py:3722} INFO - Setting next_dagrun for example_task_group_decorator to 2023-10-12T13:32:31.585272+00:00, run_after=2023-10-13T13:32:31.585272+00:00
[2023-10-13T13:32:32.432+0000] {processor.py:179} INFO - Processing /home/airflow/.local/lib/python3.8/site-packages/airflow/example_dags/example_task_group_decorator.py took 1.095 seconds
[2023-10-13T13:33:03.280+0000] {processor.py:157} INFO - Started process (PID=1449) to work on /home/airflow/.local/lib/python3.8/site-packages/airflow/example_dags/example_task_group_decorator.py
[2023-10-13T13:33:03.283+0000] {processor.py:829} INFO - Processing file /home/airflow/.local/lib/python3.8/site-packages/airflow/example_dags/example_task_group_decorator.py for tasks to queue
[2023-10-13T13:33:03.286+0000] {logging_mixin.py:151} INFO - [2023-10-13T13:33:03.286+0000] {dagbag.py:536} INFO - Filling up the DagBag from /home/airflow/.local/lib/python3.8/site-packages/airflow/example_dags/example_task_group_decorator.py
[2023-10-13T13:33:03.310+0000] {processor.py:839} INFO - DAG(s) dict_keys(['example_task_group_decorator']) retrieved from /home/airflow/.local/lib/python3.8/site-packages/airflow/example_dags/example_task_group_decorator.py
[2023-10-13T13:33:03.351+0000] {logging_mixin.py:151} INFO - [2023-10-13T13:33:03.351+0000] {dag.py:2941} INFO - Sync 1 DAGs
[2023-10-13T13:33:03.385+0000] {logging_mixin.py:151} INFO - [2023-10-13T13:33:03.384+0000] {dag.py:3722} INFO - Setting next_dagrun for example_task_group_decorator to 2023-10-12T13:33:03.384602+00:00, run_after=2023-10-13T13:33:03.384602+00:00
[2023-10-13T13:33:03.416+0000] {processor.py:179} INFO - Processing /home/airflow/.local/lib/python3.8/site-packages/airflow/example_dags/example_task_group_decorator.py took 0.143 seconds
[2023-10-13T13:33:33.692+0000] {processor.py:157} INFO - Started process (PID=1503) to work on /home/airflow/.local/lib/python3.8/site-packages/airflow/example_dags/example_task_group_decorator.py
[2023-10-13T13:33:33.694+0000] {processor.py:829} INFO - Processing file /home/airflow/.local/lib/python3.8/site-packages/airflow/example_dags/example_task_group_decorator.py for tasks to queue
[2023-10-13T13:33:33.697+0000] {logging_mixin.py:151} INFO - [2023-10-13T13:33:33.697+0000] {dagbag.py:536} INFO - Filling up the DagBag from /home/airflow/.local/lib/python3.8/site-packages/airflow/example_dags/example_task_group_decorator.py
[2023-10-13T13:33:33.718+0000] {processor.py:839} INFO - DAG(s) dict_keys(['example_task_group_decorator']) retrieved from /home/airflow/.local/lib/python3.8/site-packages/airflow/example_dags/example_task_group_decorator.py
[2023-10-13T13:33:33.754+0000] {logging_mixin.py:151} INFO - [2023-10-13T13:33:33.753+0000] {dag.py:2941} INFO - Sync 1 DAGs
[2023-10-13T13:33:33.785+0000] {logging_mixin.py:151} INFO - [2023-10-13T13:33:33.785+0000] {dag.py:3722} INFO - Setting next_dagrun for example_task_group_decorator to 2023-10-12T13:33:33.785087+00:00, run_after=2023-10-13T13:33:33.785087+00:00
[2023-10-13T13:33:33.818+0000] {processor.py:179} INFO - Processing /home/airflow/.local/lib/python3.8/site-packages/airflow/example_dags/example_task_group_decorator.py took 0.131 seconds
[2023-10-13T13:34:04.104+0000] {processor.py:157} INFO - Started process (PID=1558) to work on /home/airflow/.local/lib/python3.8/site-packages/airflow/example_dags/example_task_group_decorator.py
[2023-10-13T13:34:04.106+0000] {processor.py:829} INFO - Processing file /home/airflow/.local/lib/python3.8/site-packages/airflow/example_dags/example_task_group_decorator.py for tasks to queue
[2023-10-13T13:34:04.110+0000] {logging_mixin.py:151} INFO - [2023-10-13T13:34:04.109+0000] {dagbag.py:536} INFO - Filling up the DagBag from /home/airflow/.local/lib/python3.8/site-packages/airflow/example_dags/example_task_group_decorator.py
[2023-10-13T13:34:04.137+0000] {processor.py:839} INFO - DAG(s) dict_keys(['example_task_group_decorator']) retrieved from /home/airflow/.local/lib/python3.8/site-packages/airflow/example_dags/example_task_group_decorator.py
[2023-10-13T13:34:04.174+0000] {logging_mixin.py:151} INFO - [2023-10-13T13:34:04.174+0000] {dag.py:2941} INFO - Sync 1 DAGs
[2023-10-13T13:34:04.208+0000] {logging_mixin.py:151} INFO - [2023-10-13T13:34:04.207+0000] {dag.py:3722} INFO - Setting next_dagrun for example_task_group_decorator to 2023-10-12T13:34:04.207444+00:00, run_after=2023-10-13T13:34:04.207444+00:00
[2023-10-13T13:34:04.239+0000] {processor.py:179} INFO - Processing /home/airflow/.local/lib/python3.8/site-packages/airflow/example_dags/example_task_group_decorator.py took 0.140 seconds
[2023-10-13T13:34:34.617+0000] {processor.py:157} INFO - Started process (PID=1613) to work on /home/airflow/.local/lib/python3.8/site-packages/airflow/example_dags/example_task_group_decorator.py
[2023-10-13T13:34:34.619+0000] {processor.py:829} INFO - Processing file /home/airflow/.local/lib/python3.8/site-packages/airflow/example_dags/example_task_group_decorator.py for tasks to queue
[2023-10-13T13:34:34.623+0000] {logging_mixin.py:151} INFO - [2023-10-13T13:34:34.623+0000] {dagbag.py:536} INFO - Filling up the DagBag from /home/airflow/.local/lib/python3.8/site-packages/airflow/example_dags/example_task_group_decorator.py
[2023-10-13T13:34:34.643+0000] {processor.py:839} INFO - DAG(s) dict_keys(['example_task_group_decorator']) retrieved from /home/airflow/.local/lib/python3.8/site-packages/airflow/example_dags/example_task_group_decorator.py
[2023-10-13T13:34:34.677+0000] {logging_mixin.py:151} INFO - [2023-10-13T13:34:34.677+0000] {dag.py:2941} INFO - Sync 1 DAGs
[2023-10-13T13:34:34.706+0000] {logging_mixin.py:151} INFO - [2023-10-13T13:34:34.706+0000] {dag.py:3722} INFO - Setting next_dagrun for example_task_group_decorator to 2023-10-12T13:34:34.706222+00:00, run_after=2023-10-13T13:34:34.706222+00:00
[2023-10-13T13:34:34.734+0000] {processor.py:179} INFO - Processing /home/airflow/.local/lib/python3.8/site-packages/airflow/example_dags/example_task_group_decorator.py took 0.123 seconds
[2023-10-13T13:35:05.505+0000] {processor.py:157} INFO - Started process (PID=1667) to work on /home/airflow/.local/lib/python3.8/site-packages/airflow/example_dags/example_task_group_decorator.py
[2023-10-13T13:35:05.507+0000] {processor.py:829} INFO - Processing file /home/airflow/.local/lib/python3.8/site-packages/airflow/example_dags/example_task_group_decorator.py for tasks to queue
[2023-10-13T13:35:05.510+0000] {logging_mixin.py:151} INFO - [2023-10-13T13:35:05.510+0000] {dagbag.py:536} INFO - Filling up the DagBag from /home/airflow/.local/lib/python3.8/site-packages/airflow/example_dags/example_task_group_decorator.py
[2023-10-13T13:35:05.529+0000] {processor.py:839} INFO - DAG(s) dict_keys(['example_task_group_decorator']) retrieved from /home/airflow/.local/lib/python3.8/site-packages/airflow/example_dags/example_task_group_decorator.py
[2023-10-13T13:35:05.564+0000] {logging_mixin.py:151} INFO - [2023-10-13T13:35:05.563+0000] {dag.py:2941} INFO - Sync 1 DAGs
[2023-10-13T13:35:05.597+0000] {logging_mixin.py:151} INFO - [2023-10-13T13:35:05.597+0000] {dag.py:3722} INFO - Setting next_dagrun for example_task_group_decorator to 2023-10-12T13:35:05.596860+00:00, run_after=2023-10-13T13:35:05.596860+00:00
[2023-10-13T13:35:05.634+0000] {processor.py:179} INFO - Processing /home/airflow/.local/lib/python3.8/site-packages/airflow/example_dags/example_task_group_decorator.py took 0.133 seconds
[2023-10-13T13:35:36.793+0000] {processor.py:157} INFO - Started process (PID=1721) to work on /home/airflow/.local/lib/python3.8/site-packages/airflow/example_dags/example_task_group_decorator.py
[2023-10-13T13:35:36.863+0000] {processor.py:829} INFO - Processing file /home/airflow/.local/lib/python3.8/site-packages/airflow/example_dags/example_task_group_decorator.py for tasks to queue
[2023-10-13T13:35:36.869+0000] {logging_mixin.py:151} INFO - [2023-10-13T13:35:36.868+0000] {dagbag.py:536} INFO - Filling up the DagBag from /home/airflow/.local/lib/python3.8/site-packages/airflow/example_dags/example_task_group_decorator.py
[2023-10-13T13:35:37.301+0000] {processor.py:839} INFO - DAG(s) dict_keys(['example_task_group_decorator']) retrieved from /home/airflow/.local/lib/python3.8/site-packages/airflow/example_dags/example_task_group_decorator.py
[2023-10-13T13:35:37.338+0000] {logging_mixin.py:151} INFO - [2023-10-13T13:35:37.338+0000] {dag.py:2941} INFO - Sync 1 DAGs
[2023-10-13T13:35:37.368+0000] {logging_mixin.py:151} INFO - [2023-10-13T13:35:37.368+0000] {dag.py:3722} INFO - Setting next_dagrun for example_task_group_decorator to 2023-10-12T13:35:37.368149+00:00, run_after=2023-10-13T13:35:37.368149+00:00
[2023-10-13T13:35:37.742+0000] {processor.py:179} INFO - Processing /home/airflow/.local/lib/python3.8/site-packages/airflow/example_dags/example_task_group_decorator.py took 0.953 seconds
[2023-10-13T13:36:07.944+0000] {processor.py:157} INFO - Started process (PID=1775) to work on /home/airflow/.local/lib/python3.8/site-packages/airflow/example_dags/example_task_group_decorator.py
[2023-10-13T13:36:07.946+0000] {processor.py:829} INFO - Processing file /home/airflow/.local/lib/python3.8/site-packages/airflow/example_dags/example_task_group_decorator.py for tasks to queue
[2023-10-13T13:36:07.954+0000] {logging_mixin.py:151} INFO - [2023-10-13T13:36:07.953+0000] {dagbag.py:536} INFO - Filling up the DagBag from /home/airflow/.local/lib/python3.8/site-packages/airflow/example_dags/example_task_group_decorator.py
[2023-10-13T13:36:07.989+0000] {processor.py:839} INFO - DAG(s) dict_keys(['example_task_group_decorator']) retrieved from /home/airflow/.local/lib/python3.8/site-packages/airflow/example_dags/example_task_group_decorator.py
[2023-10-13T13:36:08.060+0000] {logging_mixin.py:151} INFO - [2023-10-13T13:36:08.060+0000] {dag.py:2941} INFO - Sync 1 DAGs
[2023-10-13T13:36:08.122+0000] {logging_mixin.py:151} INFO - [2023-10-13T13:36:08.121+0000] {dag.py:3722} INFO - Setting next_dagrun for example_task_group_decorator to 2023-10-12T13:36:08.120730+00:00, run_after=2023-10-13T13:36:08.120730+00:00
[2023-10-13T13:36:08.163+0000] {processor.py:179} INFO - Processing /home/airflow/.local/lib/python3.8/site-packages/airflow/example_dags/example_task_group_decorator.py took 0.225 seconds
[2023-10-13T13:36:38.413+0000] {processor.py:157} INFO - Started process (PID=1828) to work on /home/airflow/.local/lib/python3.8/site-packages/airflow/example_dags/example_task_group_decorator.py
[2023-10-13T13:36:38.415+0000] {processor.py:829} INFO - Processing file /home/airflow/.local/lib/python3.8/site-packages/airflow/example_dags/example_task_group_decorator.py for tasks to queue
[2023-10-13T13:36:38.418+0000] {logging_mixin.py:151} INFO - [2023-10-13T13:36:38.418+0000] {dagbag.py:536} INFO - Filling up the DagBag from /home/airflow/.local/lib/python3.8/site-packages/airflow/example_dags/example_task_group_decorator.py
[2023-10-13T13:36:38.442+0000] {processor.py:839} INFO - DAG(s) dict_keys(['example_task_group_decorator']) retrieved from /home/airflow/.local/lib/python3.8/site-packages/airflow/example_dags/example_task_group_decorator.py
[2023-10-13T13:36:38.475+0000] {logging_mixin.py:151} INFO - [2023-10-13T13:36:38.475+0000] {dag.py:2941} INFO - Sync 1 DAGs
[2023-10-13T13:36:38.501+0000] {logging_mixin.py:151} INFO - [2023-10-13T13:36:38.501+0000] {dag.py:3722} INFO - Setting next_dagrun for example_task_group_decorator to 2023-10-12T13:36:38.500785+00:00, run_after=2023-10-13T13:36:38.500785+00:00
[2023-10-13T13:36:38.528+0000] {processor.py:179} INFO - Processing /home/airflow/.local/lib/python3.8/site-packages/airflow/example_dags/example_task_group_decorator.py took 0.120 seconds
