[2023-10-13T13:19:37.878+0000] {processor.py:157} INFO - Started process (PID=72) to work on /home/airflow/.local/lib/python3.8/site-packages/airflow/example_dags/example_kubernetes_executor.py
[2023-10-13T13:19:37.906+0000] {processor.py:829} INFO - Processing file /home/airflow/.local/lib/python3.8/site-packages/airflow/example_dags/example_kubernetes_executor.py for tasks to queue
[2023-10-13T13:19:37.924+0000] {logging_mixin.py:151} INFO - [2023-10-13T13:19:37.920+0000] {dagbag.py:536} INFO - Filling up the DagBag from /home/airflow/.local/lib/python3.8/site-packages/airflow/example_dags/example_kubernetes_executor.py
[2023-10-13T13:19:38.087+0000] {processor.py:839} INFO - DAG(s) dict_keys(['example_kubernetes_executor']) retrieved from /home/airflow/.local/lib/python3.8/site-packages/airflow/example_dags/example_kubernetes_executor.py
[2023-10-13T13:19:51.094+0000] {logging_mixin.py:151} INFO - [2023-10-13T13:19:51.086+0000] {dag.py:2941} INFO - Sync 1 DAGs
[2023-10-13T13:19:51.265+0000] {logging_mixin.py:151} INFO - [2023-10-13T13:19:51.264+0000] {dag.py:3722} INFO - Setting next_dagrun for example_kubernetes_executor to None, run_after=None
[2023-10-13T13:19:51.409+0000] {processor.py:179} INFO - Processing /home/airflow/.local/lib/python3.8/site-packages/airflow/example_dags/example_kubernetes_executor.py took 13.563 seconds
[2023-10-13T13:20:23.461+0000] {processor.py:157} INFO - Started process (PID=129) to work on /home/airflow/.local/lib/python3.8/site-packages/airflow/example_dags/example_kubernetes_executor.py
[2023-10-13T13:20:23.466+0000] {processor.py:829} INFO - Processing file /home/airflow/.local/lib/python3.8/site-packages/airflow/example_dags/example_kubernetes_executor.py for tasks to queue
[2023-10-13T13:20:23.487+0000] {logging_mixin.py:151} INFO - [2023-10-13T13:20:23.486+0000] {dagbag.py:536} INFO - Filling up the DagBag from /home/airflow/.local/lib/python3.8/site-packages/airflow/example_dags/example_kubernetes_executor.py
[2023-10-13T13:20:23.565+0000] {processor.py:839} INFO - DAG(s) dict_keys(['example_kubernetes_executor']) retrieved from /home/airflow/.local/lib/python3.8/site-packages/airflow/example_dags/example_kubernetes_executor.py
[2023-10-13T13:20:23.799+0000] {logging_mixin.py:151} INFO - [2023-10-13T13:20:23.798+0000] {dag.py:2941} INFO - Sync 1 DAGs
[2023-10-13T13:20:23.853+0000] {logging_mixin.py:151} INFO - [2023-10-13T13:20:23.847+0000] {dag.py:3722} INFO - Setting next_dagrun for example_kubernetes_executor to None, run_after=None
[2023-10-13T13:20:24.414+0000] {processor.py:179} INFO - Processing /home/airflow/.local/lib/python3.8/site-packages/airflow/example_dags/example_kubernetes_executor.py took 1.000 seconds
[2023-10-13T13:20:54.506+0000] {processor.py:157} INFO - Started process (PID=183) to work on /home/airflow/.local/lib/python3.8/site-packages/airflow/example_dags/example_kubernetes_executor.py
[2023-10-13T13:20:54.508+0000] {processor.py:829} INFO - Processing file /home/airflow/.local/lib/python3.8/site-packages/airflow/example_dags/example_kubernetes_executor.py for tasks to queue
[2023-10-13T13:20:54.511+0000] {logging_mixin.py:151} INFO - [2023-10-13T13:20:54.511+0000] {dagbag.py:536} INFO - Filling up the DagBag from /home/airflow/.local/lib/python3.8/site-packages/airflow/example_dags/example_kubernetes_executor.py
[2023-10-13T13:20:54.525+0000] {processor.py:839} INFO - DAG(s) dict_keys(['example_kubernetes_executor']) retrieved from /home/airflow/.local/lib/python3.8/site-packages/airflow/example_dags/example_kubernetes_executor.py
[2023-10-13T13:20:54.580+0000] {logging_mixin.py:151} INFO - [2023-10-13T13:20:54.580+0000] {dag.py:2941} INFO - Sync 1 DAGs
[2023-10-13T13:20:54.597+0000] {logging_mixin.py:151} INFO - [2023-10-13T13:20:54.597+0000] {dag.py:3722} INFO - Setting next_dagrun for example_kubernetes_executor to None, run_after=None
[2023-10-13T13:20:54.628+0000] {processor.py:179} INFO - Processing /home/airflow/.local/lib/python3.8/site-packages/airflow/example_dags/example_kubernetes_executor.py took 0.125 seconds
[2023-10-13T13:21:24.735+0000] {processor.py:157} INFO - Started process (PID=237) to work on /home/airflow/.local/lib/python3.8/site-packages/airflow/example_dags/example_kubernetes_executor.py
[2023-10-13T13:21:24.737+0000] {processor.py:829} INFO - Processing file /home/airflow/.local/lib/python3.8/site-packages/airflow/example_dags/example_kubernetes_executor.py for tasks to queue
[2023-10-13T13:21:24.740+0000] {logging_mixin.py:151} INFO - [2023-10-13T13:21:24.740+0000] {dagbag.py:536} INFO - Filling up the DagBag from /home/airflow/.local/lib/python3.8/site-packages/airflow/example_dags/example_kubernetes_executor.py
[2023-10-13T13:21:24.755+0000] {processor.py:839} INFO - DAG(s) dict_keys(['example_kubernetes_executor']) retrieved from /home/airflow/.local/lib/python3.8/site-packages/airflow/example_dags/example_kubernetes_executor.py
[2023-10-13T13:21:24.807+0000] {logging_mixin.py:151} INFO - [2023-10-13T13:21:24.806+0000] {dag.py:2941} INFO - Sync 1 DAGs
[2023-10-13T13:21:24.821+0000] {logging_mixin.py:151} INFO - [2023-10-13T13:21:24.820+0000] {dag.py:3722} INFO - Setting next_dagrun for example_kubernetes_executor to None, run_after=None
[2023-10-13T13:21:24.851+0000] {processor.py:179} INFO - Processing /home/airflow/.local/lib/python3.8/site-packages/airflow/example_dags/example_kubernetes_executor.py took 0.119 seconds
[2023-10-13T13:21:55.290+0000] {processor.py:157} INFO - Started process (PID=290) to work on /home/airflow/.local/lib/python3.8/site-packages/airflow/example_dags/example_kubernetes_executor.py
[2023-10-13T13:21:55.292+0000] {processor.py:829} INFO - Processing file /home/airflow/.local/lib/python3.8/site-packages/airflow/example_dags/example_kubernetes_executor.py for tasks to queue
[2023-10-13T13:21:55.296+0000] {logging_mixin.py:151} INFO - [2023-10-13T13:21:55.295+0000] {dagbag.py:536} INFO - Filling up the DagBag from /home/airflow/.local/lib/python3.8/site-packages/airflow/example_dags/example_kubernetes_executor.py
[2023-10-13T13:21:55.312+0000] {processor.py:839} INFO - DAG(s) dict_keys(['example_kubernetes_executor']) retrieved from /home/airflow/.local/lib/python3.8/site-packages/airflow/example_dags/example_kubernetes_executor.py
[2023-10-13T13:21:55.362+0000] {logging_mixin.py:151} INFO - [2023-10-13T13:21:55.362+0000] {dag.py:2941} INFO - Sync 1 DAGs
[2023-10-13T13:21:55.382+0000] {logging_mixin.py:151} INFO - [2023-10-13T13:21:55.381+0000] {dag.py:3722} INFO - Setting next_dagrun for example_kubernetes_executor to None, run_after=None
[2023-10-13T13:21:55.413+0000] {processor.py:179} INFO - Processing /home/airflow/.local/lib/python3.8/site-packages/airflow/example_dags/example_kubernetes_executor.py took 0.127 seconds
[2023-10-13T13:22:26.130+0000] {processor.py:157} INFO - Started process (PID=344) to work on /home/airflow/.local/lib/python3.8/site-packages/airflow/example_dags/example_kubernetes_executor.py
[2023-10-13T13:22:26.132+0000] {processor.py:829} INFO - Processing file /home/airflow/.local/lib/python3.8/site-packages/airflow/example_dags/example_kubernetes_executor.py for tasks to queue
[2023-10-13T13:22:26.135+0000] {logging_mixin.py:151} INFO - [2023-10-13T13:22:26.135+0000] {dagbag.py:536} INFO - Filling up the DagBag from /home/airflow/.local/lib/python3.8/site-packages/airflow/example_dags/example_kubernetes_executor.py
[2023-10-13T13:22:26.150+0000] {processor.py:839} INFO - DAG(s) dict_keys(['example_kubernetes_executor']) retrieved from /home/airflow/.local/lib/python3.8/site-packages/airflow/example_dags/example_kubernetes_executor.py
[2023-10-13T13:22:26.197+0000] {logging_mixin.py:151} INFO - [2023-10-13T13:22:26.196+0000] {dag.py:2941} INFO - Sync 1 DAGs
[2023-10-13T13:22:26.214+0000] {logging_mixin.py:151} INFO - [2023-10-13T13:22:26.213+0000] {dag.py:3722} INFO - Setting next_dagrun for example_kubernetes_executor to None, run_after=None
[2023-10-13T13:22:26.246+0000] {processor.py:179} INFO - Processing /home/airflow/.local/lib/python3.8/site-packages/airflow/example_dags/example_kubernetes_executor.py took 0.119 seconds
[2023-10-13T13:22:56.992+0000] {processor.py:157} INFO - Started process (PID=398) to work on /home/airflow/.local/lib/python3.8/site-packages/airflow/example_dags/example_kubernetes_executor.py
[2023-10-13T13:22:56.994+0000] {processor.py:829} INFO - Processing file /home/airflow/.local/lib/python3.8/site-packages/airflow/example_dags/example_kubernetes_executor.py for tasks to queue
[2023-10-13T13:22:56.997+0000] {logging_mixin.py:151} INFO - [2023-10-13T13:22:56.997+0000] {dagbag.py:536} INFO - Filling up the DagBag from /home/airflow/.local/lib/python3.8/site-packages/airflow/example_dags/example_kubernetes_executor.py
[2023-10-13T13:22:57.015+0000] {processor.py:839} INFO - DAG(s) dict_keys(['example_kubernetes_executor']) retrieved from /home/airflow/.local/lib/python3.8/site-packages/airflow/example_dags/example_kubernetes_executor.py
[2023-10-13T13:22:57.089+0000] {logging_mixin.py:151} INFO - [2023-10-13T13:22:57.089+0000] {dag.py:2941} INFO - Sync 1 DAGs
[2023-10-13T13:22:57.114+0000] {logging_mixin.py:151} INFO - [2023-10-13T13:22:57.114+0000] {dag.py:3722} INFO - Setting next_dagrun for example_kubernetes_executor to None, run_after=None
[2023-10-13T13:22:57.147+0000] {processor.py:179} INFO - Processing /home/airflow/.local/lib/python3.8/site-packages/airflow/example_dags/example_kubernetes_executor.py took 0.158 seconds
[2023-10-13T13:23:27.470+0000] {processor.py:157} INFO - Started process (PID=452) to work on /home/airflow/.local/lib/python3.8/site-packages/airflow/example_dags/example_kubernetes_executor.py
[2023-10-13T13:23:27.472+0000] {processor.py:829} INFO - Processing file /home/airflow/.local/lib/python3.8/site-packages/airflow/example_dags/example_kubernetes_executor.py for tasks to queue
[2023-10-13T13:23:27.476+0000] {logging_mixin.py:151} INFO - [2023-10-13T13:23:27.476+0000] {dagbag.py:536} INFO - Filling up the DagBag from /home/airflow/.local/lib/python3.8/site-packages/airflow/example_dags/example_kubernetes_executor.py
[2023-10-13T13:23:27.503+0000] {processor.py:839} INFO - DAG(s) dict_keys(['example_kubernetes_executor']) retrieved from /home/airflow/.local/lib/python3.8/site-packages/airflow/example_dags/example_kubernetes_executor.py
[2023-10-13T13:23:27.572+0000] {logging_mixin.py:151} INFO - [2023-10-13T13:23:27.572+0000] {dag.py:2941} INFO - Sync 1 DAGs
[2023-10-13T13:23:27.591+0000] {logging_mixin.py:151} INFO - [2023-10-13T13:23:27.590+0000] {dag.py:3722} INFO - Setting next_dagrun for example_kubernetes_executor to None, run_after=None
[2023-10-13T13:23:27.622+0000] {processor.py:179} INFO - Processing /home/airflow/.local/lib/python3.8/site-packages/airflow/example_dags/example_kubernetes_executor.py took 0.157 seconds
[2023-10-13T13:23:58.057+0000] {processor.py:157} INFO - Started process (PID=506) to work on /home/airflow/.local/lib/python3.8/site-packages/airflow/example_dags/example_kubernetes_executor.py
[2023-10-13T13:23:58.059+0000] {processor.py:829} INFO - Processing file /home/airflow/.local/lib/python3.8/site-packages/airflow/example_dags/example_kubernetes_executor.py for tasks to queue
[2023-10-13T13:23:58.065+0000] {logging_mixin.py:151} INFO - [2023-10-13T13:23:58.064+0000] {dagbag.py:536} INFO - Filling up the DagBag from /home/airflow/.local/lib/python3.8/site-packages/airflow/example_dags/example_kubernetes_executor.py
[2023-10-13T13:23:58.086+0000] {processor.py:839} INFO - DAG(s) dict_keys(['example_kubernetes_executor']) retrieved from /home/airflow/.local/lib/python3.8/site-packages/airflow/example_dags/example_kubernetes_executor.py
[2023-10-13T13:23:58.137+0000] {logging_mixin.py:151} INFO - [2023-10-13T13:23:58.137+0000] {dag.py:2941} INFO - Sync 1 DAGs
[2023-10-13T13:23:58.159+0000] {logging_mixin.py:151} INFO - [2023-10-13T13:23:58.158+0000] {dag.py:3722} INFO - Setting next_dagrun for example_kubernetes_executor to None, run_after=None
[2023-10-13T13:23:58.188+0000] {processor.py:179} INFO - Processing /home/airflow/.local/lib/python3.8/site-packages/airflow/example_dags/example_kubernetes_executor.py took 0.135 seconds
[2023-10-13T13:24:28.358+0000] {processor.py:157} INFO - Started process (PID=560) to work on /home/airflow/.local/lib/python3.8/site-packages/airflow/example_dags/example_kubernetes_executor.py
[2023-10-13T13:24:28.361+0000] {processor.py:829} INFO - Processing file /home/airflow/.local/lib/python3.8/site-packages/airflow/example_dags/example_kubernetes_executor.py for tasks to queue
[2023-10-13T13:24:28.364+0000] {logging_mixin.py:151} INFO - [2023-10-13T13:24:28.364+0000] {dagbag.py:536} INFO - Filling up the DagBag from /home/airflow/.local/lib/python3.8/site-packages/airflow/example_dags/example_kubernetes_executor.py
[2023-10-13T13:24:28.386+0000] {processor.py:839} INFO - DAG(s) dict_keys(['example_kubernetes_executor']) retrieved from /home/airflow/.local/lib/python3.8/site-packages/airflow/example_dags/example_kubernetes_executor.py
[2023-10-13T13:24:28.457+0000] {logging_mixin.py:151} INFO - [2023-10-13T13:24:28.457+0000] {dag.py:2941} INFO - Sync 1 DAGs
[2023-10-13T13:24:28.478+0000] {logging_mixin.py:151} INFO - [2023-10-13T13:24:28.477+0000] {dag.py:3722} INFO - Setting next_dagrun for example_kubernetes_executor to None, run_after=None
[2023-10-13T13:24:28.511+0000] {processor.py:179} INFO - Processing /home/airflow/.local/lib/python3.8/site-packages/airflow/example_dags/example_kubernetes_executor.py took 0.158 seconds
[2023-10-13T13:24:58.940+0000] {processor.py:157} INFO - Started process (PID=614) to work on /home/airflow/.local/lib/python3.8/site-packages/airflow/example_dags/example_kubernetes_executor.py
[2023-10-13T13:24:58.942+0000] {processor.py:829} INFO - Processing file /home/airflow/.local/lib/python3.8/site-packages/airflow/example_dags/example_kubernetes_executor.py for tasks to queue
[2023-10-13T13:24:58.946+0000] {logging_mixin.py:151} INFO - [2023-10-13T13:24:58.945+0000] {dagbag.py:536} INFO - Filling up the DagBag from /home/airflow/.local/lib/python3.8/site-packages/airflow/example_dags/example_kubernetes_executor.py
[2023-10-13T13:24:58.962+0000] {processor.py:839} INFO - DAG(s) dict_keys(['example_kubernetes_executor']) retrieved from /home/airflow/.local/lib/python3.8/site-packages/airflow/example_dags/example_kubernetes_executor.py
[2023-10-13T13:24:59.012+0000] {logging_mixin.py:151} INFO - [2023-10-13T13:24:59.011+0000] {dag.py:2941} INFO - Sync 1 DAGs
[2023-10-13T13:24:59.028+0000] {logging_mixin.py:151} INFO - [2023-10-13T13:24:59.027+0000] {dag.py:3722} INFO - Setting next_dagrun for example_kubernetes_executor to None, run_after=None
[2023-10-13T13:24:59.060+0000] {processor.py:179} INFO - Processing /home/airflow/.local/lib/python3.8/site-packages/airflow/example_dags/example_kubernetes_executor.py took 0.123 seconds
[2023-10-13T13:25:29.319+0000] {processor.py:157} INFO - Started process (PID=668) to work on /home/airflow/.local/lib/python3.8/site-packages/airflow/example_dags/example_kubernetes_executor.py
[2023-10-13T13:25:29.321+0000] {processor.py:829} INFO - Processing file /home/airflow/.local/lib/python3.8/site-packages/airflow/example_dags/example_kubernetes_executor.py for tasks to queue
[2023-10-13T13:25:29.325+0000] {logging_mixin.py:151} INFO - [2023-10-13T13:25:29.325+0000] {dagbag.py:536} INFO - Filling up the DagBag from /home/airflow/.local/lib/python3.8/site-packages/airflow/example_dags/example_kubernetes_executor.py
[2023-10-13T13:25:29.345+0000] {processor.py:839} INFO - DAG(s) dict_keys(['example_kubernetes_executor']) retrieved from /home/airflow/.local/lib/python3.8/site-packages/airflow/example_dags/example_kubernetes_executor.py
[2023-10-13T13:25:29.400+0000] {logging_mixin.py:151} INFO - [2023-10-13T13:25:29.400+0000] {dag.py:2941} INFO - Sync 1 DAGs
[2023-10-13T13:25:29.418+0000] {logging_mixin.py:151} INFO - [2023-10-13T13:25:29.418+0000] {dag.py:3722} INFO - Setting next_dagrun for example_kubernetes_executor to None, run_after=None
[2023-10-13T13:25:29.452+0000] {processor.py:179} INFO - Processing /home/airflow/.local/lib/python3.8/site-packages/airflow/example_dags/example_kubernetes_executor.py took 0.137 seconds
[2023-10-13T13:25:59.524+0000] {processor.py:157} INFO - Started process (PID=722) to work on /home/airflow/.local/lib/python3.8/site-packages/airflow/example_dags/example_kubernetes_executor.py
[2023-10-13T13:25:59.527+0000] {processor.py:829} INFO - Processing file /home/airflow/.local/lib/python3.8/site-packages/airflow/example_dags/example_kubernetes_executor.py for tasks to queue
[2023-10-13T13:25:59.531+0000] {logging_mixin.py:151} INFO - [2023-10-13T13:25:59.530+0000] {dagbag.py:536} INFO - Filling up the DagBag from /home/airflow/.local/lib/python3.8/site-packages/airflow/example_dags/example_kubernetes_executor.py
[2023-10-13T13:25:59.554+0000] {processor.py:839} INFO - DAG(s) dict_keys(['example_kubernetes_executor']) retrieved from /home/airflow/.local/lib/python3.8/site-packages/airflow/example_dags/example_kubernetes_executor.py
[2023-10-13T13:25:59.611+0000] {logging_mixin.py:151} INFO - [2023-10-13T13:25:59.611+0000] {dag.py:2941} INFO - Sync 1 DAGs
[2023-10-13T13:25:59.631+0000] {logging_mixin.py:151} INFO - [2023-10-13T13:25:59.631+0000] {dag.py:3722} INFO - Setting next_dagrun for example_kubernetes_executor to None, run_after=None
[2023-10-13T13:25:59.917+0000] {processor.py:179} INFO - Processing /home/airflow/.local/lib/python3.8/site-packages/airflow/example_dags/example_kubernetes_executor.py took 0.398 seconds
[2023-10-13T13:26:30.076+0000] {processor.py:157} INFO - Started process (PID=776) to work on /home/airflow/.local/lib/python3.8/site-packages/airflow/example_dags/example_kubernetes_executor.py
[2023-10-13T13:26:30.078+0000] {processor.py:829} INFO - Processing file /home/airflow/.local/lib/python3.8/site-packages/airflow/example_dags/example_kubernetes_executor.py for tasks to queue
[2023-10-13T13:26:30.082+0000] {logging_mixin.py:151} INFO - [2023-10-13T13:26:30.082+0000] {dagbag.py:536} INFO - Filling up the DagBag from /home/airflow/.local/lib/python3.8/site-packages/airflow/example_dags/example_kubernetes_executor.py
[2023-10-13T13:26:30.100+0000] {processor.py:839} INFO - DAG(s) dict_keys(['example_kubernetes_executor']) retrieved from /home/airflow/.local/lib/python3.8/site-packages/airflow/example_dags/example_kubernetes_executor.py
[2023-10-13T13:26:30.157+0000] {logging_mixin.py:151} INFO - [2023-10-13T13:26:30.156+0000] {dag.py:2941} INFO - Sync 1 DAGs
[2023-10-13T13:26:30.177+0000] {logging_mixin.py:151} INFO - [2023-10-13T13:26:30.176+0000] {dag.py:3722} INFO - Setting next_dagrun for example_kubernetes_executor to None, run_after=None
[2023-10-13T13:26:30.208+0000] {processor.py:179} INFO - Processing /home/airflow/.local/lib/python3.8/site-packages/airflow/example_dags/example_kubernetes_executor.py took 0.138 seconds
[2023-10-13T13:27:00.583+0000] {processor.py:157} INFO - Started process (PID=830) to work on /home/airflow/.local/lib/python3.8/site-packages/airflow/example_dags/example_kubernetes_executor.py
[2023-10-13T13:27:00.585+0000] {processor.py:829} INFO - Processing file /home/airflow/.local/lib/python3.8/site-packages/airflow/example_dags/example_kubernetes_executor.py for tasks to queue
[2023-10-13T13:27:00.588+0000] {logging_mixin.py:151} INFO - [2023-10-13T13:27:00.588+0000] {dagbag.py:536} INFO - Filling up the DagBag from /home/airflow/.local/lib/python3.8/site-packages/airflow/example_dags/example_kubernetes_executor.py
[2023-10-13T13:27:00.613+0000] {processor.py:839} INFO - DAG(s) dict_keys(['example_kubernetes_executor']) retrieved from /home/airflow/.local/lib/python3.8/site-packages/airflow/example_dags/example_kubernetes_executor.py
[2023-10-13T13:27:00.669+0000] {logging_mixin.py:151} INFO - [2023-10-13T13:27:00.669+0000] {dag.py:2941} INFO - Sync 1 DAGs
[2023-10-13T13:27:00.685+0000] {logging_mixin.py:151} INFO - [2023-10-13T13:27:00.685+0000] {dag.py:3722} INFO - Setting next_dagrun for example_kubernetes_executor to None, run_after=None
[2023-10-13T13:27:00.713+0000] {processor.py:179} INFO - Processing /home/airflow/.local/lib/python3.8/site-packages/airflow/example_dags/example_kubernetes_executor.py took 0.134 seconds
[2023-10-13T13:27:31.197+0000] {processor.py:157} INFO - Started process (PID=884) to work on /home/airflow/.local/lib/python3.8/site-packages/airflow/example_dags/example_kubernetes_executor.py
[2023-10-13T13:27:31.199+0000] {processor.py:829} INFO - Processing file /home/airflow/.local/lib/python3.8/site-packages/airflow/example_dags/example_kubernetes_executor.py for tasks to queue
[2023-10-13T13:27:31.203+0000] {logging_mixin.py:151} INFO - [2023-10-13T13:27:31.202+0000] {dagbag.py:536} INFO - Filling up the DagBag from /home/airflow/.local/lib/python3.8/site-packages/airflow/example_dags/example_kubernetes_executor.py
[2023-10-13T13:27:31.219+0000] {processor.py:839} INFO - DAG(s) dict_keys(['example_kubernetes_executor']) retrieved from /home/airflow/.local/lib/python3.8/site-packages/airflow/example_dags/example_kubernetes_executor.py
[2023-10-13T13:27:31.274+0000] {logging_mixin.py:151} INFO - [2023-10-13T13:27:31.273+0000] {dag.py:2941} INFO - Sync 1 DAGs
[2023-10-13T13:27:31.290+0000] {logging_mixin.py:151} INFO - [2023-10-13T13:27:31.290+0000] {dag.py:3722} INFO - Setting next_dagrun for example_kubernetes_executor to None, run_after=None
[2023-10-13T13:27:31.321+0000] {processor.py:179} INFO - Processing /home/airflow/.local/lib/python3.8/site-packages/airflow/example_dags/example_kubernetes_executor.py took 0.128 seconds
[2023-10-13T13:28:01.836+0000] {processor.py:157} INFO - Started process (PID=938) to work on /home/airflow/.local/lib/python3.8/site-packages/airflow/example_dags/example_kubernetes_executor.py
[2023-10-13T13:28:01.838+0000] {processor.py:829} INFO - Processing file /home/airflow/.local/lib/python3.8/site-packages/airflow/example_dags/example_kubernetes_executor.py for tasks to queue
[2023-10-13T13:28:01.841+0000] {logging_mixin.py:151} INFO - [2023-10-13T13:28:01.841+0000] {dagbag.py:536} INFO - Filling up the DagBag from /home/airflow/.local/lib/python3.8/site-packages/airflow/example_dags/example_kubernetes_executor.py
[2023-10-13T13:28:01.859+0000] {processor.py:839} INFO - DAG(s) dict_keys(['example_kubernetes_executor']) retrieved from /home/airflow/.local/lib/python3.8/site-packages/airflow/example_dags/example_kubernetes_executor.py
[2023-10-13T13:28:01.918+0000] {logging_mixin.py:151} INFO - [2023-10-13T13:28:01.918+0000] {dag.py:2941} INFO - Sync 1 DAGs
[2023-10-13T13:28:01.939+0000] {logging_mixin.py:151} INFO - [2023-10-13T13:28:01.938+0000] {dag.py:3722} INFO - Setting next_dagrun for example_kubernetes_executor to None, run_after=None
[2023-10-13T13:28:01.970+0000] {processor.py:179} INFO - Processing /home/airflow/.local/lib/python3.8/site-packages/airflow/example_dags/example_kubernetes_executor.py took 0.138 seconds
[2023-10-13T13:28:32.926+0000] {processor.py:157} INFO - Started process (PID=992) to work on /home/airflow/.local/lib/python3.8/site-packages/airflow/example_dags/example_kubernetes_executor.py
[2023-10-13T13:28:32.928+0000] {processor.py:829} INFO - Processing file /home/airflow/.local/lib/python3.8/site-packages/airflow/example_dags/example_kubernetes_executor.py for tasks to queue
[2023-10-13T13:28:32.932+0000] {logging_mixin.py:151} INFO - [2023-10-13T13:28:32.932+0000] {dagbag.py:536} INFO - Filling up the DagBag from /home/airflow/.local/lib/python3.8/site-packages/airflow/example_dags/example_kubernetes_executor.py
[2023-10-13T13:28:32.950+0000] {processor.py:839} INFO - DAG(s) dict_keys(['example_kubernetes_executor']) retrieved from /home/airflow/.local/lib/python3.8/site-packages/airflow/example_dags/example_kubernetes_executor.py
[2023-10-13T13:28:33.002+0000] {logging_mixin.py:151} INFO - [2023-10-13T13:28:33.002+0000] {dag.py:2941} INFO - Sync 1 DAGs
[2023-10-13T13:28:33.019+0000] {logging_mixin.py:151} INFO - [2023-10-13T13:28:33.019+0000] {dag.py:3722} INFO - Setting next_dagrun for example_kubernetes_executor to None, run_after=None
[2023-10-13T13:28:33.055+0000] {processor.py:179} INFO - Processing /home/airflow/.local/lib/python3.8/site-packages/airflow/example_dags/example_kubernetes_executor.py took 0.133 seconds
[2023-10-13T13:29:03.221+0000] {processor.py:157} INFO - Started process (PID=1046) to work on /home/airflow/.local/lib/python3.8/site-packages/airflow/example_dags/example_kubernetes_executor.py
[2023-10-13T13:29:03.225+0000] {processor.py:829} INFO - Processing file /home/airflow/.local/lib/python3.8/site-packages/airflow/example_dags/example_kubernetes_executor.py for tasks to queue
[2023-10-13T13:29:03.229+0000] {logging_mixin.py:151} INFO - [2023-10-13T13:29:03.229+0000] {dagbag.py:536} INFO - Filling up the DagBag from /home/airflow/.local/lib/python3.8/site-packages/airflow/example_dags/example_kubernetes_executor.py
[2023-10-13T13:29:03.261+0000] {processor.py:839} INFO - DAG(s) dict_keys(['example_kubernetes_executor']) retrieved from /home/airflow/.local/lib/python3.8/site-packages/airflow/example_dags/example_kubernetes_executor.py
[2023-10-13T13:29:03.333+0000] {logging_mixin.py:151} INFO - [2023-10-13T13:29:03.332+0000] {dag.py:2941} INFO - Sync 1 DAGs
[2023-10-13T13:29:03.354+0000] {logging_mixin.py:151} INFO - [2023-10-13T13:29:03.354+0000] {dag.py:3722} INFO - Setting next_dagrun for example_kubernetes_executor to None, run_after=None
[2023-10-13T13:29:03.391+0000] {processor.py:179} INFO - Processing /home/airflow/.local/lib/python3.8/site-packages/airflow/example_dags/example_kubernetes_executor.py took 0.176 seconds
[2023-10-13T13:29:33.559+0000] {processor.py:157} INFO - Started process (PID=1100) to work on /home/airflow/.local/lib/python3.8/site-packages/airflow/example_dags/example_kubernetes_executor.py
[2023-10-13T13:29:33.561+0000] {processor.py:829} INFO - Processing file /home/airflow/.local/lib/python3.8/site-packages/airflow/example_dags/example_kubernetes_executor.py for tasks to queue
[2023-10-13T13:29:33.566+0000] {logging_mixin.py:151} INFO - [2023-10-13T13:29:33.565+0000] {dagbag.py:536} INFO - Filling up the DagBag from /home/airflow/.local/lib/python3.8/site-packages/airflow/example_dags/example_kubernetes_executor.py
[2023-10-13T13:29:33.597+0000] {processor.py:839} INFO - DAG(s) dict_keys(['example_kubernetes_executor']) retrieved from /home/airflow/.local/lib/python3.8/site-packages/airflow/example_dags/example_kubernetes_executor.py
[2023-10-13T13:29:33.670+0000] {logging_mixin.py:151} INFO - [2023-10-13T13:29:33.670+0000] {dag.py:2941} INFO - Sync 1 DAGs
[2023-10-13T13:29:33.875+0000] {logging_mixin.py:151} INFO - [2023-10-13T13:29:33.875+0000] {dag.py:3722} INFO - Setting next_dagrun for example_kubernetes_executor to None, run_after=None
[2023-10-13T13:29:33.905+0000] {processor.py:179} INFO - Processing /home/airflow/.local/lib/python3.8/site-packages/airflow/example_dags/example_kubernetes_executor.py took 0.353 seconds
[2023-10-13T13:30:04.357+0000] {processor.py:157} INFO - Started process (PID=1154) to work on /home/airflow/.local/lib/python3.8/site-packages/airflow/example_dags/example_kubernetes_executor.py
[2023-10-13T13:30:04.360+0000] {processor.py:829} INFO - Processing file /home/airflow/.local/lib/python3.8/site-packages/airflow/example_dags/example_kubernetes_executor.py for tasks to queue
[2023-10-13T13:30:04.365+0000] {logging_mixin.py:151} INFO - [2023-10-13T13:30:04.365+0000] {dagbag.py:536} INFO - Filling up the DagBag from /home/airflow/.local/lib/python3.8/site-packages/airflow/example_dags/example_kubernetes_executor.py
[2023-10-13T13:30:04.399+0000] {processor.py:839} INFO - DAG(s) dict_keys(['example_kubernetes_executor']) retrieved from /home/airflow/.local/lib/python3.8/site-packages/airflow/example_dags/example_kubernetes_executor.py
[2023-10-13T13:30:04.503+0000] {logging_mixin.py:151} INFO - [2023-10-13T13:30:04.502+0000] {dag.py:2941} INFO - Sync 1 DAGs
[2023-10-13T13:30:04.546+0000] {logging_mixin.py:151} INFO - [2023-10-13T13:30:04.546+0000] {dag.py:3722} INFO - Setting next_dagrun for example_kubernetes_executor to None, run_after=None
[2023-10-13T13:30:04.608+0000] {processor.py:179} INFO - Processing /home/airflow/.local/lib/python3.8/site-packages/airflow/example_dags/example_kubernetes_executor.py took 0.258 seconds
[2023-10-13T13:30:34.849+0000] {processor.py:157} INFO - Started process (PID=1208) to work on /home/airflow/.local/lib/python3.8/site-packages/airflow/example_dags/example_kubernetes_executor.py
[2023-10-13T13:30:34.852+0000] {processor.py:829} INFO - Processing file /home/airflow/.local/lib/python3.8/site-packages/airflow/example_dags/example_kubernetes_executor.py for tasks to queue
[2023-10-13T13:30:34.857+0000] {logging_mixin.py:151} INFO - [2023-10-13T13:30:34.856+0000] {dagbag.py:536} INFO - Filling up the DagBag from /home/airflow/.local/lib/python3.8/site-packages/airflow/example_dags/example_kubernetes_executor.py
[2023-10-13T13:30:34.887+0000] {processor.py:839} INFO - DAG(s) dict_keys(['example_kubernetes_executor']) retrieved from /home/airflow/.local/lib/python3.8/site-packages/airflow/example_dags/example_kubernetes_executor.py
[2023-10-13T13:30:34.970+0000] {logging_mixin.py:151} INFO - [2023-10-13T13:30:34.970+0000] {dag.py:2941} INFO - Sync 1 DAGs
[2023-10-13T13:30:34.997+0000] {logging_mixin.py:151} INFO - [2023-10-13T13:30:34.996+0000] {dag.py:3722} INFO - Setting next_dagrun for example_kubernetes_executor to None, run_after=None
[2023-10-13T13:30:35.040+0000] {processor.py:179} INFO - Processing /home/airflow/.local/lib/python3.8/site-packages/airflow/example_dags/example_kubernetes_executor.py took 0.197 seconds
[2023-10-13T13:31:05.283+0000] {processor.py:157} INFO - Started process (PID=1262) to work on /home/airflow/.local/lib/python3.8/site-packages/airflow/example_dags/example_kubernetes_executor.py
[2023-10-13T13:31:05.284+0000] {processor.py:829} INFO - Processing file /home/airflow/.local/lib/python3.8/site-packages/airflow/example_dags/example_kubernetes_executor.py for tasks to queue
[2023-10-13T13:31:05.288+0000] {logging_mixin.py:151} INFO - [2023-10-13T13:31:05.288+0000] {dagbag.py:536} INFO - Filling up the DagBag from /home/airflow/.local/lib/python3.8/site-packages/airflow/example_dags/example_kubernetes_executor.py
[2023-10-13T13:31:05.305+0000] {processor.py:839} INFO - DAG(s) dict_keys(['example_kubernetes_executor']) retrieved from /home/airflow/.local/lib/python3.8/site-packages/airflow/example_dags/example_kubernetes_executor.py
[2023-10-13T13:31:05.525+0000] {logging_mixin.py:151} INFO - [2023-10-13T13:31:05.525+0000] {dag.py:2941} INFO - Sync 1 DAGs
[2023-10-13T13:31:05.542+0000] {logging_mixin.py:151} INFO - [2023-10-13T13:31:05.542+0000] {dag.py:3722} INFO - Setting next_dagrun for example_kubernetes_executor to None, run_after=None
[2023-10-13T13:31:05.570+0000] {processor.py:179} INFO - Processing /home/airflow/.local/lib/python3.8/site-packages/airflow/example_dags/example_kubernetes_executor.py took 0.292 seconds
[2023-10-13T13:31:35.754+0000] {processor.py:157} INFO - Started process (PID=1314) to work on /home/airflow/.local/lib/python3.8/site-packages/airflow/example_dags/example_kubernetes_executor.py
[2023-10-13T13:31:35.757+0000] {processor.py:829} INFO - Processing file /home/airflow/.local/lib/python3.8/site-packages/airflow/example_dags/example_kubernetes_executor.py for tasks to queue
[2023-10-13T13:31:35.761+0000] {logging_mixin.py:151} INFO - [2023-10-13T13:31:35.760+0000] {dagbag.py:536} INFO - Filling up the DagBag from /home/airflow/.local/lib/python3.8/site-packages/airflow/example_dags/example_kubernetes_executor.py
[2023-10-13T13:31:35.783+0000] {processor.py:839} INFO - DAG(s) dict_keys(['example_kubernetes_executor']) retrieved from /home/airflow/.local/lib/python3.8/site-packages/airflow/example_dags/example_kubernetes_executor.py
[2023-10-13T13:31:35.848+0000] {logging_mixin.py:151} INFO - [2023-10-13T13:31:35.848+0000] {dag.py:2941} INFO - Sync 1 DAGs
[2023-10-13T13:31:36.211+0000] {logging_mixin.py:151} INFO - [2023-10-13T13:31:36.211+0000] {dag.py:3722} INFO - Setting next_dagrun for example_kubernetes_executor to None, run_after=None
[2023-10-13T13:31:36.242+0000] {processor.py:179} INFO - Processing /home/airflow/.local/lib/python3.8/site-packages/airflow/example_dags/example_kubernetes_executor.py took 0.495 seconds
[2023-10-13T13:32:06.864+0000] {processor.py:157} INFO - Started process (PID=1368) to work on /home/airflow/.local/lib/python3.8/site-packages/airflow/example_dags/example_kubernetes_executor.py
[2023-10-13T13:32:06.865+0000] {processor.py:829} INFO - Processing file /home/airflow/.local/lib/python3.8/site-packages/airflow/example_dags/example_kubernetes_executor.py for tasks to queue
[2023-10-13T13:32:06.869+0000] {logging_mixin.py:151} INFO - [2023-10-13T13:32:06.869+0000] {dagbag.py:536} INFO - Filling up the DagBag from /home/airflow/.local/lib/python3.8/site-packages/airflow/example_dags/example_kubernetes_executor.py
[2023-10-13T13:32:06.895+0000] {processor.py:839} INFO - DAG(s) dict_keys(['example_kubernetes_executor']) retrieved from /home/airflow/.local/lib/python3.8/site-packages/airflow/example_dags/example_kubernetes_executor.py
[2023-10-13T13:32:06.956+0000] {logging_mixin.py:151} INFO - [2023-10-13T13:32:06.956+0000] {dag.py:2941} INFO - Sync 1 DAGs
[2023-10-13T13:32:06.980+0000] {logging_mixin.py:151} INFO - [2023-10-13T13:32:06.979+0000] {dag.py:3722} INFO - Setting next_dagrun for example_kubernetes_executor to None, run_after=None
[2023-10-13T13:32:07.024+0000] {processor.py:179} INFO - Processing /home/airflow/.local/lib/python3.8/site-packages/airflow/example_dags/example_kubernetes_executor.py took 0.166 seconds
[2023-10-13T13:32:39.640+0000] {processor.py:157} INFO - Started process (PID=1420) to work on /home/airflow/.local/lib/python3.8/site-packages/airflow/example_dags/example_kubernetes_executor.py
[2023-10-13T13:32:39.642+0000] {processor.py:829} INFO - Processing file /home/airflow/.local/lib/python3.8/site-packages/airflow/example_dags/example_kubernetes_executor.py for tasks to queue
[2023-10-13T13:32:39.646+0000] {logging_mixin.py:151} INFO - [2023-10-13T13:32:39.646+0000] {dagbag.py:536} INFO - Filling up the DagBag from /home/airflow/.local/lib/python3.8/site-packages/airflow/example_dags/example_kubernetes_executor.py
[2023-10-13T13:32:39.677+0000] {processor.py:839} INFO - DAG(s) dict_keys(['example_kubernetes_executor']) retrieved from /home/airflow/.local/lib/python3.8/site-packages/airflow/example_dags/example_kubernetes_executor.py
[2023-10-13T13:32:39.757+0000] {logging_mixin.py:151} INFO - [2023-10-13T13:32:39.756+0000] {dag.py:2941} INFO - Sync 1 DAGs
[2023-10-13T13:32:39.785+0000] {logging_mixin.py:151} INFO - [2023-10-13T13:32:39.784+0000] {dag.py:3722} INFO - Setting next_dagrun for example_kubernetes_executor to None, run_after=None
[2023-10-13T13:32:39.826+0000] {processor.py:179} INFO - Processing /home/airflow/.local/lib/python3.8/site-packages/airflow/example_dags/example_kubernetes_executor.py took 0.200 seconds
[2023-10-13T13:33:10.183+0000] {processor.py:157} INFO - Started process (PID=1474) to work on /home/airflow/.local/lib/python3.8/site-packages/airflow/example_dags/example_kubernetes_executor.py
[2023-10-13T13:33:10.185+0000] {processor.py:829} INFO - Processing file /home/airflow/.local/lib/python3.8/site-packages/airflow/example_dags/example_kubernetes_executor.py for tasks to queue
[2023-10-13T13:33:10.189+0000] {logging_mixin.py:151} INFO - [2023-10-13T13:33:10.188+0000] {dagbag.py:536} INFO - Filling up the DagBag from /home/airflow/.local/lib/python3.8/site-packages/airflow/example_dags/example_kubernetes_executor.py
[2023-10-13T13:33:10.208+0000] {processor.py:839} INFO - DAG(s) dict_keys(['example_kubernetes_executor']) retrieved from /home/airflow/.local/lib/python3.8/site-packages/airflow/example_dags/example_kubernetes_executor.py
[2023-10-13T13:33:10.267+0000] {logging_mixin.py:151} INFO - [2023-10-13T13:33:10.266+0000] {dag.py:2941} INFO - Sync 1 DAGs
[2023-10-13T13:33:10.283+0000] {logging_mixin.py:151} INFO - [2023-10-13T13:33:10.282+0000] {dag.py:3722} INFO - Setting next_dagrun for example_kubernetes_executor to None, run_after=None
[2023-10-13T13:33:10.312+0000] {processor.py:179} INFO - Processing /home/airflow/.local/lib/python3.8/site-packages/airflow/example_dags/example_kubernetes_executor.py took 0.133 seconds
[2023-10-13T13:33:40.601+0000] {processor.py:157} INFO - Started process (PID=1528) to work on /home/airflow/.local/lib/python3.8/site-packages/airflow/example_dags/example_kubernetes_executor.py
[2023-10-13T13:33:40.604+0000] {processor.py:829} INFO - Processing file /home/airflow/.local/lib/python3.8/site-packages/airflow/example_dags/example_kubernetes_executor.py for tasks to queue
[2023-10-13T13:33:40.610+0000] {logging_mixin.py:151} INFO - [2023-10-13T13:33:40.609+0000] {dagbag.py:536} INFO - Filling up the DagBag from /home/airflow/.local/lib/python3.8/site-packages/airflow/example_dags/example_kubernetes_executor.py
[2023-10-13T13:33:40.641+0000] {processor.py:839} INFO - DAG(s) dict_keys(['example_kubernetes_executor']) retrieved from /home/airflow/.local/lib/python3.8/site-packages/airflow/example_dags/example_kubernetes_executor.py
[2023-10-13T13:33:40.742+0000] {logging_mixin.py:151} INFO - [2023-10-13T13:33:40.741+0000] {dag.py:2941} INFO - Sync 1 DAGs
[2023-10-13T13:33:40.765+0000] {logging_mixin.py:151} INFO - [2023-10-13T13:33:40.764+0000] {dag.py:3722} INFO - Setting next_dagrun for example_kubernetes_executor to None, run_after=None
[2023-10-13T13:33:40.815+0000] {processor.py:179} INFO - Processing /home/airflow/.local/lib/python3.8/site-packages/airflow/example_dags/example_kubernetes_executor.py took 0.230 seconds
[2023-10-13T13:34:11.278+0000] {processor.py:157} INFO - Started process (PID=1583) to work on /home/airflow/.local/lib/python3.8/site-packages/airflow/example_dags/example_kubernetes_executor.py
[2023-10-13T13:34:11.280+0000] {processor.py:829} INFO - Processing file /home/airflow/.local/lib/python3.8/site-packages/airflow/example_dags/example_kubernetes_executor.py for tasks to queue
[2023-10-13T13:34:11.284+0000] {logging_mixin.py:151} INFO - [2023-10-13T13:34:11.284+0000] {dagbag.py:536} INFO - Filling up the DagBag from /home/airflow/.local/lib/python3.8/site-packages/airflow/example_dags/example_kubernetes_executor.py
[2023-10-13T13:34:11.310+0000] {processor.py:839} INFO - DAG(s) dict_keys(['example_kubernetes_executor']) retrieved from /home/airflow/.local/lib/python3.8/site-packages/airflow/example_dags/example_kubernetes_executor.py
[2023-10-13T13:34:11.398+0000] {logging_mixin.py:151} INFO - [2023-10-13T13:34:11.397+0000] {dag.py:2941} INFO - Sync 1 DAGs
[2023-10-13T13:34:11.432+0000] {logging_mixin.py:151} INFO - [2023-10-13T13:34:11.432+0000] {dag.py:3722} INFO - Setting next_dagrun for example_kubernetes_executor to None, run_after=None
[2023-10-13T13:34:11.487+0000] {processor.py:179} INFO - Processing /home/airflow/.local/lib/python3.8/site-packages/airflow/example_dags/example_kubernetes_executor.py took 0.215 seconds
[2023-10-13T13:34:42.052+0000] {processor.py:157} INFO - Started process (PID=1638) to work on /home/airflow/.local/lib/python3.8/site-packages/airflow/example_dags/example_kubernetes_executor.py
[2023-10-13T13:34:42.054+0000] {processor.py:829} INFO - Processing file /home/airflow/.local/lib/python3.8/site-packages/airflow/example_dags/example_kubernetes_executor.py for tasks to queue
[2023-10-13T13:34:42.057+0000] {logging_mixin.py:151} INFO - [2023-10-13T13:34:42.056+0000] {dagbag.py:536} INFO - Filling up the DagBag from /home/airflow/.local/lib/python3.8/site-packages/airflow/example_dags/example_kubernetes_executor.py
[2023-10-13T13:34:42.072+0000] {processor.py:839} INFO - DAG(s) dict_keys(['example_kubernetes_executor']) retrieved from /home/airflow/.local/lib/python3.8/site-packages/airflow/example_dags/example_kubernetes_executor.py
[2023-10-13T13:34:42.133+0000] {logging_mixin.py:151} INFO - [2023-10-13T13:34:42.133+0000] {dag.py:2941} INFO - Sync 1 DAGs
[2023-10-13T13:34:42.148+0000] {logging_mixin.py:151} INFO - [2023-10-13T13:34:42.147+0000] {dag.py:3722} INFO - Setting next_dagrun for example_kubernetes_executor to None, run_after=None
[2023-10-13T13:34:42.181+0000] {processor.py:179} INFO - Processing /home/airflow/.local/lib/python3.8/site-packages/airflow/example_dags/example_kubernetes_executor.py took 0.132 seconds
[2023-10-13T13:35:12.935+0000] {processor.py:157} INFO - Started process (PID=1692) to work on /home/airflow/.local/lib/python3.8/site-packages/airflow/example_dags/example_kubernetes_executor.py
[2023-10-13T13:35:12.937+0000] {processor.py:829} INFO - Processing file /home/airflow/.local/lib/python3.8/site-packages/airflow/example_dags/example_kubernetes_executor.py for tasks to queue
[2023-10-13T13:35:12.941+0000] {logging_mixin.py:151} INFO - [2023-10-13T13:35:12.941+0000] {dagbag.py:536} INFO - Filling up the DagBag from /home/airflow/.local/lib/python3.8/site-packages/airflow/example_dags/example_kubernetes_executor.py
[2023-10-13T13:35:12.966+0000] {processor.py:839} INFO - DAG(s) dict_keys(['example_kubernetes_executor']) retrieved from /home/airflow/.local/lib/python3.8/site-packages/airflow/example_dags/example_kubernetes_executor.py
[2023-10-13T13:35:13.017+0000] {logging_mixin.py:151} INFO - [2023-10-13T13:35:13.017+0000] {dag.py:2941} INFO - Sync 1 DAGs
[2023-10-13T13:35:13.033+0000] {logging_mixin.py:151} INFO - [2023-10-13T13:35:13.033+0000] {dag.py:3722} INFO - Setting next_dagrun for example_kubernetes_executor to None, run_after=None
[2023-10-13T13:35:13.062+0000] {processor.py:179} INFO - Processing /home/airflow/.local/lib/python3.8/site-packages/airflow/example_dags/example_kubernetes_executor.py took 0.131 seconds
[2023-10-13T13:35:44.203+0000] {processor.py:157} INFO - Started process (PID=1753) to work on /home/airflow/.local/lib/python3.8/site-packages/airflow/example_dags/example_kubernetes_executor.py
[2023-10-13T13:35:44.206+0000] {processor.py:829} INFO - Processing file /home/airflow/.local/lib/python3.8/site-packages/airflow/example_dags/example_kubernetes_executor.py for tasks to queue
[2023-10-13T13:35:44.210+0000] {logging_mixin.py:151} INFO - [2023-10-13T13:35:44.209+0000] {dagbag.py:536} INFO - Filling up the DagBag from /home/airflow/.local/lib/python3.8/site-packages/airflow/example_dags/example_kubernetes_executor.py
[2023-10-13T13:35:44.227+0000] {processor.py:839} INFO - DAG(s) dict_keys(['example_kubernetes_executor']) retrieved from /home/airflow/.local/lib/python3.8/site-packages/airflow/example_dags/example_kubernetes_executor.py
[2023-10-13T13:35:44.284+0000] {logging_mixin.py:151} INFO - [2023-10-13T13:35:44.284+0000] {dag.py:2941} INFO - Sync 1 DAGs
[2023-10-13T13:35:44.302+0000] {logging_mixin.py:151} INFO - [2023-10-13T13:35:44.302+0000] {dag.py:3722} INFO - Setting next_dagrun for example_kubernetes_executor to None, run_after=None
[2023-10-13T13:35:44.337+0000] {processor.py:179} INFO - Processing /home/airflow/.local/lib/python3.8/site-packages/airflow/example_dags/example_kubernetes_executor.py took 0.138 seconds
[2023-10-13T13:36:14.450+0000] {processor.py:157} INFO - Started process (PID=1806) to work on /home/airflow/.local/lib/python3.8/site-packages/airflow/example_dags/example_kubernetes_executor.py
[2023-10-13T13:36:14.452+0000] {processor.py:829} INFO - Processing file /home/airflow/.local/lib/python3.8/site-packages/airflow/example_dags/example_kubernetes_executor.py for tasks to queue
[2023-10-13T13:36:14.459+0000] {logging_mixin.py:151} INFO - [2023-10-13T13:36:14.458+0000] {dagbag.py:536} INFO - Filling up the DagBag from /home/airflow/.local/lib/python3.8/site-packages/airflow/example_dags/example_kubernetes_executor.py
[2023-10-13T13:36:14.489+0000] {processor.py:839} INFO - DAG(s) dict_keys(['example_kubernetes_executor']) retrieved from /home/airflow/.local/lib/python3.8/site-packages/airflow/example_dags/example_kubernetes_executor.py
[2023-10-13T13:36:14.554+0000] {logging_mixin.py:151} INFO - [2023-10-13T13:36:14.554+0000] {dag.py:2941} INFO - Sync 1 DAGs
[2023-10-13T13:36:14.570+0000] {logging_mixin.py:151} INFO - [2023-10-13T13:36:14.570+0000] {dag.py:3722} INFO - Setting next_dagrun for example_kubernetes_executor to None, run_after=None
[2023-10-13T13:36:15.086+0000] {processor.py:179} INFO - Processing /home/airflow/.local/lib/python3.8/site-packages/airflow/example_dags/example_kubernetes_executor.py took 0.643 seconds
