[2023-10-13T13:19:27.959+0000] {processor.py:157} INFO - Started process (PID=34) to work on /home/airflow/.local/lib/python3.8/site-packages/airflow/example_dags/example_short_circuit_operator.py
[2023-10-13T13:19:27.960+0000] {processor.py:829} INFO - Processing file /home/airflow/.local/lib/python3.8/site-packages/airflow/example_dags/example_short_circuit_operator.py for tasks to queue
[2023-10-13T13:19:27.966+0000] {logging_mixin.py:151} INFO - [2023-10-13T13:19:27.966+0000] {dagbag.py:536} INFO - Filling up the DagBag from /home/airflow/.local/lib/python3.8/site-packages/airflow/example_dags/example_short_circuit_operator.py
[2023-10-13T13:19:28.006+0000] {processor.py:839} INFO - DAG(s) dict_keys(['example_short_circuit_operator']) retrieved from /home/airflow/.local/lib/python3.8/site-packages/airflow/example_dags/example_short_circuit_operator.py
[2023-10-13T13:19:28.167+0000] {logging_mixin.py:151} INFO - [2023-10-13T13:19:28.166+0000] {dag.py:2941} INFO - Sync 1 DAGs
[2023-10-13T13:19:28.580+0000] {logging_mixin.py:151} INFO - [2023-10-13T13:19:28.580+0000] {dag.py:3722} INFO - Setting next_dagrun for example_short_circuit_operator to 2023-10-12T13:19:28.576042+00:00, run_after=2023-10-13T13:19:28.576042+00:00
[2023-10-13T13:19:28.648+0000] {processor.py:179} INFO - Processing /home/airflow/.local/lib/python3.8/site-packages/airflow/example_dags/example_short_circuit_operator.py took 0.697 seconds
[2023-10-13T13:19:59.152+0000] {processor.py:157} INFO - Started process (PID=88) to work on /home/airflow/.local/lib/python3.8/site-packages/airflow/example_dags/example_short_circuit_operator.py
[2023-10-13T13:19:59.157+0000] {processor.py:829} INFO - Processing file /home/airflow/.local/lib/python3.8/site-packages/airflow/example_dags/example_short_circuit_operator.py for tasks to queue
[2023-10-13T13:19:59.199+0000] {logging_mixin.py:151} INFO - [2023-10-13T13:19:59.196+0000] {dagbag.py:536} INFO - Filling up the DagBag from /home/airflow/.local/lib/python3.8/site-packages/airflow/example_dags/example_short_circuit_operator.py
[2023-10-13T13:19:59.352+0000] {processor.py:839} INFO - DAG(s) dict_keys(['example_short_circuit_operator']) retrieved from /home/airflow/.local/lib/python3.8/site-packages/airflow/example_dags/example_short_circuit_operator.py
[2023-10-13T13:19:59.551+0000] {logging_mixin.py:151} INFO - [2023-10-13T13:19:59.549+0000] {dag.py:2941} INFO - Sync 1 DAGs
[2023-10-13T13:19:59.612+0000] {logging_mixin.py:151} INFO - [2023-10-13T13:19:59.611+0000] {dag.py:3722} INFO - Setting next_dagrun for example_short_circuit_operator to 2023-10-12T13:19:59.611448+00:00, run_after=2023-10-13T13:19:59.611448+00:00
[2023-10-13T13:19:59.654+0000] {processor.py:179} INFO - Processing /home/airflow/.local/lib/python3.8/site-packages/airflow/example_dags/example_short_circuit_operator.py took 0.539 seconds
[2023-10-13T13:20:29.798+0000] {processor.py:157} INFO - Started process (PID=140) to work on /home/airflow/.local/lib/python3.8/site-packages/airflow/example_dags/example_short_circuit_operator.py
[2023-10-13T13:20:29.802+0000] {processor.py:829} INFO - Processing file /home/airflow/.local/lib/python3.8/site-packages/airflow/example_dags/example_short_circuit_operator.py for tasks to queue
[2023-10-13T13:20:29.812+0000] {logging_mixin.py:151} INFO - [2023-10-13T13:20:29.811+0000] {dagbag.py:536} INFO - Filling up the DagBag from /home/airflow/.local/lib/python3.8/site-packages/airflow/example_dags/example_short_circuit_operator.py
[2023-10-13T13:20:29.848+0000] {processor.py:839} INFO - DAG(s) dict_keys(['example_short_circuit_operator']) retrieved from /home/airflow/.local/lib/python3.8/site-packages/airflow/example_dags/example_short_circuit_operator.py
[2023-10-13T13:20:29.921+0000] {logging_mixin.py:151} INFO - [2023-10-13T13:20:29.921+0000] {dag.py:2941} INFO - Sync 1 DAGs
[2023-10-13T13:20:29.965+0000] {logging_mixin.py:151} INFO - [2023-10-13T13:20:29.964+0000] {dag.py:3722} INFO - Setting next_dagrun for example_short_circuit_operator to 2023-10-12T13:20:29.964451+00:00, run_after=2023-10-13T13:20:29.964451+00:00
[2023-10-13T13:20:30.142+0000] {processor.py:179} INFO - Processing /home/airflow/.local/lib/python3.8/site-packages/airflow/example_dags/example_short_circuit_operator.py took 0.355 seconds
[2023-10-13T13:21:01.164+0000] {processor.py:157} INFO - Started process (PID=194) to work on /home/airflow/.local/lib/python3.8/site-packages/airflow/example_dags/example_short_circuit_operator.py
[2023-10-13T13:21:01.166+0000] {processor.py:829} INFO - Processing file /home/airflow/.local/lib/python3.8/site-packages/airflow/example_dags/example_short_circuit_operator.py for tasks to queue
[2023-10-13T13:21:01.170+0000] {logging_mixin.py:151} INFO - [2023-10-13T13:21:01.170+0000] {dagbag.py:536} INFO - Filling up the DagBag from /home/airflow/.local/lib/python3.8/site-packages/airflow/example_dags/example_short_circuit_operator.py
[2023-10-13T13:21:01.180+0000] {processor.py:839} INFO - DAG(s) dict_keys(['example_short_circuit_operator']) retrieved from /home/airflow/.local/lib/python3.8/site-packages/airflow/example_dags/example_short_circuit_operator.py
[2023-10-13T13:21:01.214+0000] {logging_mixin.py:151} INFO - [2023-10-13T13:21:01.213+0000] {dag.py:2941} INFO - Sync 1 DAGs
[2023-10-13T13:21:01.241+0000] {logging_mixin.py:151} INFO - [2023-10-13T13:21:01.241+0000] {dag.py:3722} INFO - Setting next_dagrun for example_short_circuit_operator to 2023-10-12T13:21:01.240663+00:00, run_after=2023-10-13T13:21:01.240663+00:00
[2023-10-13T13:21:01.279+0000] {processor.py:179} INFO - Processing /home/airflow/.local/lib/python3.8/site-packages/airflow/example_dags/example_short_circuit_operator.py took 0.119 seconds
[2023-10-13T13:21:31.426+0000] {processor.py:157} INFO - Started process (PID=248) to work on /home/airflow/.local/lib/python3.8/site-packages/airflow/example_dags/example_short_circuit_operator.py
[2023-10-13T13:21:31.428+0000] {processor.py:829} INFO - Processing file /home/airflow/.local/lib/python3.8/site-packages/airflow/example_dags/example_short_circuit_operator.py for tasks to queue
[2023-10-13T13:21:31.432+0000] {logging_mixin.py:151} INFO - [2023-10-13T13:21:31.431+0000] {dagbag.py:536} INFO - Filling up the DagBag from /home/airflow/.local/lib/python3.8/site-packages/airflow/example_dags/example_short_circuit_operator.py
[2023-10-13T13:21:31.441+0000] {processor.py:839} INFO - DAG(s) dict_keys(['example_short_circuit_operator']) retrieved from /home/airflow/.local/lib/python3.8/site-packages/airflow/example_dags/example_short_circuit_operator.py
[2023-10-13T13:21:31.473+0000] {logging_mixin.py:151} INFO - [2023-10-13T13:21:31.472+0000] {dag.py:2941} INFO - Sync 1 DAGs
[2023-10-13T13:21:31.499+0000] {logging_mixin.py:151} INFO - [2023-10-13T13:21:31.499+0000] {dag.py:3722} INFO - Setting next_dagrun for example_short_circuit_operator to 2023-10-12T13:21:31.498701+00:00, run_after=2023-10-13T13:21:31.498701+00:00
[2023-10-13T13:21:31.532+0000] {processor.py:179} INFO - Processing /home/airflow/.local/lib/python3.8/site-packages/airflow/example_dags/example_short_circuit_operator.py took 0.109 seconds
[2023-10-13T13:22:02.109+0000] {processor.py:157} INFO - Started process (PID=302) to work on /home/airflow/.local/lib/python3.8/site-packages/airflow/example_dags/example_short_circuit_operator.py
[2023-10-13T13:22:02.111+0000] {processor.py:829} INFO - Processing file /home/airflow/.local/lib/python3.8/site-packages/airflow/example_dags/example_short_circuit_operator.py for tasks to queue
[2023-10-13T13:22:02.114+0000] {logging_mixin.py:151} INFO - [2023-10-13T13:22:02.114+0000] {dagbag.py:536} INFO - Filling up the DagBag from /home/airflow/.local/lib/python3.8/site-packages/airflow/example_dags/example_short_circuit_operator.py
[2023-10-13T13:22:02.124+0000] {processor.py:839} INFO - DAG(s) dict_keys(['example_short_circuit_operator']) retrieved from /home/airflow/.local/lib/python3.8/site-packages/airflow/example_dags/example_short_circuit_operator.py
[2023-10-13T13:22:02.159+0000] {logging_mixin.py:151} INFO - [2023-10-13T13:22:02.159+0000] {dag.py:2941} INFO - Sync 1 DAGs
[2023-10-13T13:22:02.188+0000] {logging_mixin.py:151} INFO - [2023-10-13T13:22:02.187+0000] {dag.py:3722} INFO - Setting next_dagrun for example_short_circuit_operator to 2023-10-12T13:22:02.187456+00:00, run_after=2023-10-13T13:22:02.187456+00:00
[2023-10-13T13:22:02.216+0000] {processor.py:179} INFO - Processing /home/airflow/.local/lib/python3.8/site-packages/airflow/example_dags/example_short_circuit_operator.py took 0.112 seconds
[2023-10-13T13:22:33.017+0000] {processor.py:157} INFO - Started process (PID=356) to work on /home/airflow/.local/lib/python3.8/site-packages/airflow/example_dags/example_short_circuit_operator.py
[2023-10-13T13:22:33.018+0000] {processor.py:829} INFO - Processing file /home/airflow/.local/lib/python3.8/site-packages/airflow/example_dags/example_short_circuit_operator.py for tasks to queue
[2023-10-13T13:22:33.022+0000] {logging_mixin.py:151} INFO - [2023-10-13T13:22:33.022+0000] {dagbag.py:536} INFO - Filling up the DagBag from /home/airflow/.local/lib/python3.8/site-packages/airflow/example_dags/example_short_circuit_operator.py
[2023-10-13T13:22:33.033+0000] {processor.py:839} INFO - DAG(s) dict_keys(['example_short_circuit_operator']) retrieved from /home/airflow/.local/lib/python3.8/site-packages/airflow/example_dags/example_short_circuit_operator.py
[2023-10-13T13:22:33.067+0000] {logging_mixin.py:151} INFO - [2023-10-13T13:22:33.067+0000] {dag.py:2941} INFO - Sync 1 DAGs
[2023-10-13T13:22:33.097+0000] {logging_mixin.py:151} INFO - [2023-10-13T13:22:33.097+0000] {dag.py:3722} INFO - Setting next_dagrun for example_short_circuit_operator to 2023-10-12T13:22:33.097353+00:00, run_after=2023-10-13T13:22:33.097353+00:00
[2023-10-13T13:22:33.130+0000] {processor.py:179} INFO - Processing /home/airflow/.local/lib/python3.8/site-packages/airflow/example_dags/example_short_circuit_operator.py took 0.117 seconds
[2023-10-13T13:23:03.834+0000] {processor.py:157} INFO - Started process (PID=410) to work on /home/airflow/.local/lib/python3.8/site-packages/airflow/example_dags/example_short_circuit_operator.py
[2023-10-13T13:23:03.837+0000] {processor.py:829} INFO - Processing file /home/airflow/.local/lib/python3.8/site-packages/airflow/example_dags/example_short_circuit_operator.py for tasks to queue
[2023-10-13T13:23:03.840+0000] {logging_mixin.py:151} INFO - [2023-10-13T13:23:03.840+0000] {dagbag.py:536} INFO - Filling up the DagBag from /home/airflow/.local/lib/python3.8/site-packages/airflow/example_dags/example_short_circuit_operator.py
[2023-10-13T13:23:03.850+0000] {processor.py:839} INFO - DAG(s) dict_keys(['example_short_circuit_operator']) retrieved from /home/airflow/.local/lib/python3.8/site-packages/airflow/example_dags/example_short_circuit_operator.py
[2023-10-13T13:23:03.884+0000] {logging_mixin.py:151} INFO - [2023-10-13T13:23:03.884+0000] {dag.py:2941} INFO - Sync 1 DAGs
[2023-10-13T13:23:03.914+0000] {logging_mixin.py:151} INFO - [2023-10-13T13:23:03.913+0000] {dag.py:3722} INFO - Setting next_dagrun for example_short_circuit_operator to 2023-10-12T13:23:03.913672+00:00, run_after=2023-10-13T13:23:03.913672+00:00
[2023-10-13T13:23:03.946+0000] {processor.py:179} INFO - Processing /home/airflow/.local/lib/python3.8/site-packages/airflow/example_dags/example_short_circuit_operator.py took 0.116 seconds
[2023-10-13T13:23:34.359+0000] {processor.py:157} INFO - Started process (PID=464) to work on /home/airflow/.local/lib/python3.8/site-packages/airflow/example_dags/example_short_circuit_operator.py
[2023-10-13T13:23:34.361+0000] {processor.py:829} INFO - Processing file /home/airflow/.local/lib/python3.8/site-packages/airflow/example_dags/example_short_circuit_operator.py for tasks to queue
[2023-10-13T13:23:34.364+0000] {logging_mixin.py:151} INFO - [2023-10-13T13:23:34.364+0000] {dagbag.py:536} INFO - Filling up the DagBag from /home/airflow/.local/lib/python3.8/site-packages/airflow/example_dags/example_short_circuit_operator.py
[2023-10-13T13:23:34.376+0000] {processor.py:839} INFO - DAG(s) dict_keys(['example_short_circuit_operator']) retrieved from /home/airflow/.local/lib/python3.8/site-packages/airflow/example_dags/example_short_circuit_operator.py
[2023-10-13T13:23:34.409+0000] {logging_mixin.py:151} INFO - [2023-10-13T13:23:34.409+0000] {dag.py:2941} INFO - Sync 1 DAGs
[2023-10-13T13:23:34.436+0000] {logging_mixin.py:151} INFO - [2023-10-13T13:23:34.436+0000] {dag.py:3722} INFO - Setting next_dagrun for example_short_circuit_operator to 2023-10-12T13:23:34.436376+00:00, run_after=2023-10-13T13:23:34.436376+00:00
[2023-10-13T13:23:34.469+0000] {processor.py:179} INFO - Processing /home/airflow/.local/lib/python3.8/site-packages/airflow/example_dags/example_short_circuit_operator.py took 0.115 seconds
[2023-10-13T13:24:04.897+0000] {processor.py:157} INFO - Started process (PID=518) to work on /home/airflow/.local/lib/python3.8/site-packages/airflow/example_dags/example_short_circuit_operator.py
[2023-10-13T13:24:04.900+0000] {processor.py:829} INFO - Processing file /home/airflow/.local/lib/python3.8/site-packages/airflow/example_dags/example_short_circuit_operator.py for tasks to queue
[2023-10-13T13:24:04.904+0000] {logging_mixin.py:151} INFO - [2023-10-13T13:24:04.904+0000] {dagbag.py:536} INFO - Filling up the DagBag from /home/airflow/.local/lib/python3.8/site-packages/airflow/example_dags/example_short_circuit_operator.py
[2023-10-13T13:24:04.916+0000] {processor.py:839} INFO - DAG(s) dict_keys(['example_short_circuit_operator']) retrieved from /home/airflow/.local/lib/python3.8/site-packages/airflow/example_dags/example_short_circuit_operator.py
[2023-10-13T13:24:04.956+0000] {logging_mixin.py:151} INFO - [2023-10-13T13:24:04.956+0000] {dag.py:2941} INFO - Sync 1 DAGs
[2023-10-13T13:24:04.993+0000] {logging_mixin.py:151} INFO - [2023-10-13T13:24:04.993+0000] {dag.py:3722} INFO - Setting next_dagrun for example_short_circuit_operator to 2023-10-12T13:24:04.992769+00:00, run_after=2023-10-13T13:24:04.992769+00:00
[2023-10-13T13:24:05.028+0000] {processor.py:179} INFO - Processing /home/airflow/.local/lib/python3.8/site-packages/airflow/example_dags/example_short_circuit_operator.py took 0.138 seconds
[2023-10-13T13:24:35.202+0000] {processor.py:157} INFO - Started process (PID=572) to work on /home/airflow/.local/lib/python3.8/site-packages/airflow/example_dags/example_short_circuit_operator.py
[2023-10-13T13:24:35.204+0000] {processor.py:829} INFO - Processing file /home/airflow/.local/lib/python3.8/site-packages/airflow/example_dags/example_short_circuit_operator.py for tasks to queue
[2023-10-13T13:24:35.207+0000] {logging_mixin.py:151} INFO - [2023-10-13T13:24:35.207+0000] {dagbag.py:536} INFO - Filling up the DagBag from /home/airflow/.local/lib/python3.8/site-packages/airflow/example_dags/example_short_circuit_operator.py
[2023-10-13T13:24:35.217+0000] {processor.py:839} INFO - DAG(s) dict_keys(['example_short_circuit_operator']) retrieved from /home/airflow/.local/lib/python3.8/site-packages/airflow/example_dags/example_short_circuit_operator.py
[2023-10-13T13:24:35.250+0000] {logging_mixin.py:151} INFO - [2023-10-13T13:24:35.249+0000] {dag.py:2941} INFO - Sync 1 DAGs
[2023-10-13T13:24:35.287+0000] {logging_mixin.py:151} INFO - [2023-10-13T13:24:35.287+0000] {dag.py:3722} INFO - Setting next_dagrun for example_short_circuit_operator to 2023-10-12T13:24:35.287287+00:00, run_after=2023-10-13T13:24:35.287287+00:00
[2023-10-13T13:24:35.318+0000] {processor.py:179} INFO - Processing /home/airflow/.local/lib/python3.8/site-packages/airflow/example_dags/example_short_circuit_operator.py took 0.119 seconds
[2023-10-13T13:25:05.776+0000] {processor.py:157} INFO - Started process (PID=626) to work on /home/airflow/.local/lib/python3.8/site-packages/airflow/example_dags/example_short_circuit_operator.py
[2023-10-13T13:25:05.778+0000] {processor.py:829} INFO - Processing file /home/airflow/.local/lib/python3.8/site-packages/airflow/example_dags/example_short_circuit_operator.py for tasks to queue
[2023-10-13T13:25:05.784+0000] {logging_mixin.py:151} INFO - [2023-10-13T13:25:05.784+0000] {dagbag.py:536} INFO - Filling up the DagBag from /home/airflow/.local/lib/python3.8/site-packages/airflow/example_dags/example_short_circuit_operator.py
[2023-10-13T13:25:05.796+0000] {processor.py:839} INFO - DAG(s) dict_keys(['example_short_circuit_operator']) retrieved from /home/airflow/.local/lib/python3.8/site-packages/airflow/example_dags/example_short_circuit_operator.py
[2023-10-13T13:25:05.829+0000] {logging_mixin.py:151} INFO - [2023-10-13T13:25:05.829+0000] {dag.py:2941} INFO - Sync 1 DAGs
[2023-10-13T13:25:05.860+0000] {logging_mixin.py:151} INFO - [2023-10-13T13:25:05.860+0000] {dag.py:3722} INFO - Setting next_dagrun for example_short_circuit_operator to 2023-10-12T13:25:05.859721+00:00, run_after=2023-10-13T13:25:05.859721+00:00
[2023-10-13T13:25:06.203+0000] {processor.py:179} INFO - Processing /home/airflow/.local/lib/python3.8/site-packages/airflow/example_dags/example_short_circuit_operator.py took 0.433 seconds
[2023-10-13T13:25:37.187+0000] {processor.py:157} INFO - Started process (PID=680) to work on /home/airflow/.local/lib/python3.8/site-packages/airflow/example_dags/example_short_circuit_operator.py
[2023-10-13T13:25:37.190+0000] {processor.py:829} INFO - Processing file /home/airflow/.local/lib/python3.8/site-packages/airflow/example_dags/example_short_circuit_operator.py for tasks to queue
[2023-10-13T13:25:37.194+0000] {logging_mixin.py:151} INFO - [2023-10-13T13:25:37.194+0000] {dagbag.py:536} INFO - Filling up the DagBag from /home/airflow/.local/lib/python3.8/site-packages/airflow/example_dags/example_short_circuit_operator.py
[2023-10-13T13:25:37.204+0000] {processor.py:839} INFO - DAG(s) dict_keys(['example_short_circuit_operator']) retrieved from /home/airflow/.local/lib/python3.8/site-packages/airflow/example_dags/example_short_circuit_operator.py
[2023-10-13T13:25:37.241+0000] {logging_mixin.py:151} INFO - [2023-10-13T13:25:37.241+0000] {dag.py:2941} INFO - Sync 1 DAGs
[2023-10-13T13:25:37.276+0000] {logging_mixin.py:151} INFO - [2023-10-13T13:25:37.276+0000] {dag.py:3722} INFO - Setting next_dagrun for example_short_circuit_operator to 2023-10-12T13:25:37.276029+00:00, run_after=2023-10-13T13:25:37.276029+00:00
[2023-10-13T13:25:37.309+0000] {processor.py:179} INFO - Processing /home/airflow/.local/lib/python3.8/site-packages/airflow/example_dags/example_short_circuit_operator.py took 0.126 seconds
[2023-10-13T13:26:07.995+0000] {processor.py:157} INFO - Started process (PID=734) to work on /home/airflow/.local/lib/python3.8/site-packages/airflow/example_dags/example_short_circuit_operator.py
[2023-10-13T13:26:07.997+0000] {processor.py:829} INFO - Processing file /home/airflow/.local/lib/python3.8/site-packages/airflow/example_dags/example_short_circuit_operator.py for tasks to queue
[2023-10-13T13:26:08.000+0000] {logging_mixin.py:151} INFO - [2023-10-13T13:26:08.000+0000] {dagbag.py:536} INFO - Filling up the DagBag from /home/airflow/.local/lib/python3.8/site-packages/airflow/example_dags/example_short_circuit_operator.py
[2023-10-13T13:26:08.015+0000] {processor.py:839} INFO - DAG(s) dict_keys(['example_short_circuit_operator']) retrieved from /home/airflow/.local/lib/python3.8/site-packages/airflow/example_dags/example_short_circuit_operator.py
[2023-10-13T13:26:08.050+0000] {logging_mixin.py:151} INFO - [2023-10-13T13:26:08.050+0000] {dag.py:2941} INFO - Sync 1 DAGs
[2023-10-13T13:26:08.088+0000] {logging_mixin.py:151} INFO - [2023-10-13T13:26:08.088+0000] {dag.py:3722} INFO - Setting next_dagrun for example_short_circuit_operator to 2023-10-12T13:26:08.088260+00:00, run_after=2023-10-13T13:26:08.088260+00:00
[2023-10-13T13:26:08.116+0000] {processor.py:179} INFO - Processing /home/airflow/.local/lib/python3.8/site-packages/airflow/example_dags/example_short_circuit_operator.py took 0.126 seconds
[2023-10-13T13:26:38.959+0000] {processor.py:157} INFO - Started process (PID=788) to work on /home/airflow/.local/lib/python3.8/site-packages/airflow/example_dags/example_short_circuit_operator.py
[2023-10-13T13:26:38.961+0000] {processor.py:829} INFO - Processing file /home/airflow/.local/lib/python3.8/site-packages/airflow/example_dags/example_short_circuit_operator.py for tasks to queue
[2023-10-13T13:26:38.965+0000] {logging_mixin.py:151} INFO - [2023-10-13T13:26:38.965+0000] {dagbag.py:536} INFO - Filling up the DagBag from /home/airflow/.local/lib/python3.8/site-packages/airflow/example_dags/example_short_circuit_operator.py
[2023-10-13T13:26:38.975+0000] {processor.py:839} INFO - DAG(s) dict_keys(['example_short_circuit_operator']) retrieved from /home/airflow/.local/lib/python3.8/site-packages/airflow/example_dags/example_short_circuit_operator.py
[2023-10-13T13:26:39.012+0000] {logging_mixin.py:151} INFO - [2023-10-13T13:26:39.012+0000] {dag.py:2941} INFO - Sync 1 DAGs
[2023-10-13T13:26:39.135+0000] {logging_mixin.py:151} INFO - [2023-10-13T13:26:39.135+0000] {dag.py:3722} INFO - Setting next_dagrun for example_short_circuit_operator to 2023-10-12T13:26:39.135128+00:00, run_after=2023-10-13T13:26:39.135128+00:00
[2023-10-13T13:26:40.601+0000] {processor.py:179} INFO - Processing /home/airflow/.local/lib/python3.8/site-packages/airflow/example_dags/example_short_circuit_operator.py took 1.648 seconds
[2023-10-13T13:27:11.474+0000] {processor.py:157} INFO - Started process (PID=849) to work on /home/airflow/.local/lib/python3.8/site-packages/airflow/example_dags/example_short_circuit_operator.py
[2023-10-13T13:27:11.476+0000] {processor.py:829} INFO - Processing file /home/airflow/.local/lib/python3.8/site-packages/airflow/example_dags/example_short_circuit_operator.py for tasks to queue
[2023-10-13T13:27:11.480+0000] {logging_mixin.py:151} INFO - [2023-10-13T13:27:11.479+0000] {dagbag.py:536} INFO - Filling up the DagBag from /home/airflow/.local/lib/python3.8/site-packages/airflow/example_dags/example_short_circuit_operator.py
[2023-10-13T13:27:11.489+0000] {processor.py:839} INFO - DAG(s) dict_keys(['example_short_circuit_operator']) retrieved from /home/airflow/.local/lib/python3.8/site-packages/airflow/example_dags/example_short_circuit_operator.py
[2023-10-13T13:27:11.522+0000] {logging_mixin.py:151} INFO - [2023-10-13T13:27:11.522+0000] {dag.py:2941} INFO - Sync 1 DAGs
[2023-10-13T13:27:11.549+0000] {logging_mixin.py:151} INFO - [2023-10-13T13:27:11.548+0000] {dag.py:3722} INFO - Setting next_dagrun for example_short_circuit_operator to 2023-10-12T13:27:11.548512+00:00, run_after=2023-10-13T13:27:11.548512+00:00
[2023-10-13T13:27:11.581+0000] {processor.py:179} INFO - Processing /home/airflow/.local/lib/python3.8/site-packages/airflow/example_dags/example_short_circuit_operator.py took 0.111 seconds
[2023-10-13T13:27:42.086+0000] {processor.py:157} INFO - Started process (PID=903) to work on /home/airflow/.local/lib/python3.8/site-packages/airflow/example_dags/example_short_circuit_operator.py
[2023-10-13T13:27:42.095+0000] {processor.py:829} INFO - Processing file /home/airflow/.local/lib/python3.8/site-packages/airflow/example_dags/example_short_circuit_operator.py for tasks to queue
[2023-10-13T13:27:42.100+0000] {logging_mixin.py:151} INFO - [2023-10-13T13:27:42.100+0000] {dagbag.py:536} INFO - Filling up the DagBag from /home/airflow/.local/lib/python3.8/site-packages/airflow/example_dags/example_short_circuit_operator.py
[2023-10-13T13:27:42.121+0000] {processor.py:839} INFO - DAG(s) dict_keys(['example_short_circuit_operator']) retrieved from /home/airflow/.local/lib/python3.8/site-packages/airflow/example_dags/example_short_circuit_operator.py
[2023-10-13T13:27:42.164+0000] {logging_mixin.py:151} INFO - [2023-10-13T13:27:42.164+0000] {dag.py:2941} INFO - Sync 1 DAGs
[2023-10-13T13:27:42.196+0000] {logging_mixin.py:151} INFO - [2023-10-13T13:27:42.196+0000] {dag.py:3722} INFO - Setting next_dagrun for example_short_circuit_operator to 2023-10-12T13:27:42.195967+00:00, run_after=2023-10-13T13:27:42.195967+00:00
[2023-10-13T13:27:42.221+0000] {processor.py:179} INFO - Processing /home/airflow/.local/lib/python3.8/site-packages/airflow/example_dags/example_short_circuit_operator.py took 0.142 seconds
[2023-10-13T13:28:13.250+0000] {processor.py:157} INFO - Started process (PID=957) to work on /home/airflow/.local/lib/python3.8/site-packages/airflow/example_dags/example_short_circuit_operator.py
[2023-10-13T13:28:13.252+0000] {processor.py:829} INFO - Processing file /home/airflow/.local/lib/python3.8/site-packages/airflow/example_dags/example_short_circuit_operator.py for tasks to queue
[2023-10-13T13:28:13.257+0000] {logging_mixin.py:151} INFO - [2023-10-13T13:28:13.256+0000] {dagbag.py:536} INFO - Filling up the DagBag from /home/airflow/.local/lib/python3.8/site-packages/airflow/example_dags/example_short_circuit_operator.py
[2023-10-13T13:28:13.269+0000] {processor.py:839} INFO - DAG(s) dict_keys(['example_short_circuit_operator']) retrieved from /home/airflow/.local/lib/python3.8/site-packages/airflow/example_dags/example_short_circuit_operator.py
[2023-10-13T13:28:13.339+0000] {logging_mixin.py:151} INFO - [2023-10-13T13:28:13.338+0000] {dag.py:2941} INFO - Sync 1 DAGs
[2023-10-13T13:28:13.383+0000] {logging_mixin.py:151} INFO - [2023-10-13T13:28:13.382+0000] {dag.py:3722} INFO - Setting next_dagrun for example_short_circuit_operator to 2023-10-12T13:28:13.382308+00:00, run_after=2023-10-13T13:28:13.382308+00:00
[2023-10-13T13:28:14.870+0000] {processor.py:179} INFO - Processing /home/airflow/.local/lib/python3.8/site-packages/airflow/example_dags/example_short_circuit_operator.py took 1.624 seconds
[2023-10-13T13:28:45.064+0000] {processor.py:157} INFO - Started process (PID=1012) to work on /home/airflow/.local/lib/python3.8/site-packages/airflow/example_dags/example_short_circuit_operator.py
[2023-10-13T13:28:45.066+0000] {processor.py:829} INFO - Processing file /home/airflow/.local/lib/python3.8/site-packages/airflow/example_dags/example_short_circuit_operator.py for tasks to queue
[2023-10-13T13:28:45.071+0000] {logging_mixin.py:151} INFO - [2023-10-13T13:28:45.070+0000] {dagbag.py:536} INFO - Filling up the DagBag from /home/airflow/.local/lib/python3.8/site-packages/airflow/example_dags/example_short_circuit_operator.py
[2023-10-13T13:28:45.081+0000] {processor.py:839} INFO - DAG(s) dict_keys(['example_short_circuit_operator']) retrieved from /home/airflow/.local/lib/python3.8/site-packages/airflow/example_dags/example_short_circuit_operator.py
[2023-10-13T13:28:45.115+0000] {logging_mixin.py:151} INFO - [2023-10-13T13:28:45.114+0000] {dag.py:2941} INFO - Sync 1 DAGs
[2023-10-13T13:28:45.146+0000] {logging_mixin.py:151} INFO - [2023-10-13T13:28:45.145+0000] {dag.py:3722} INFO - Setting next_dagrun for example_short_circuit_operator to 2023-10-12T13:28:45.145623+00:00, run_after=2023-10-13T13:28:45.145623+00:00
[2023-10-13T13:28:45.178+0000] {processor.py:179} INFO - Processing /home/airflow/.local/lib/python3.8/site-packages/airflow/example_dags/example_short_circuit_operator.py took 0.118 seconds
[2023-10-13T13:29:15.395+0000] {processor.py:157} INFO - Started process (PID=1066) to work on /home/airflow/.local/lib/python3.8/site-packages/airflow/example_dags/example_short_circuit_operator.py
[2023-10-13T13:29:15.397+0000] {processor.py:829} INFO - Processing file /home/airflow/.local/lib/python3.8/site-packages/airflow/example_dags/example_short_circuit_operator.py for tasks to queue
[2023-10-13T13:29:15.400+0000] {logging_mixin.py:151} INFO - [2023-10-13T13:29:15.400+0000] {dagbag.py:536} INFO - Filling up the DagBag from /home/airflow/.local/lib/python3.8/site-packages/airflow/example_dags/example_short_circuit_operator.py
[2023-10-13T13:29:15.408+0000] {processor.py:839} INFO - DAG(s) dict_keys(['example_short_circuit_operator']) retrieved from /home/airflow/.local/lib/python3.8/site-packages/airflow/example_dags/example_short_circuit_operator.py
[2023-10-13T13:29:15.435+0000] {logging_mixin.py:151} INFO - [2023-10-13T13:29:15.435+0000] {dag.py:2941} INFO - Sync 1 DAGs
[2023-10-13T13:29:15.464+0000] {logging_mixin.py:151} INFO - [2023-10-13T13:29:15.463+0000] {dag.py:3722} INFO - Setting next_dagrun for example_short_circuit_operator to 2023-10-12T13:29:15.463638+00:00, run_after=2023-10-13T13:29:15.463638+00:00
[2023-10-13T13:29:15.493+0000] {processor.py:179} INFO - Processing /home/airflow/.local/lib/python3.8/site-packages/airflow/example_dags/example_short_circuit_operator.py took 0.102 seconds
[2023-10-13T13:29:45.642+0000] {processor.py:157} INFO - Started process (PID=1119) to work on /home/airflow/.local/lib/python3.8/site-packages/airflow/example_dags/example_short_circuit_operator.py
[2023-10-13T13:29:45.645+0000] {processor.py:829} INFO - Processing file /home/airflow/.local/lib/python3.8/site-packages/airflow/example_dags/example_short_circuit_operator.py for tasks to queue
[2023-10-13T13:29:45.649+0000] {logging_mixin.py:151} INFO - [2023-10-13T13:29:45.648+0000] {dagbag.py:536} INFO - Filling up the DagBag from /home/airflow/.local/lib/python3.8/site-packages/airflow/example_dags/example_short_circuit_operator.py
[2023-10-13T13:29:45.658+0000] {processor.py:839} INFO - DAG(s) dict_keys(['example_short_circuit_operator']) retrieved from /home/airflow/.local/lib/python3.8/site-packages/airflow/example_dags/example_short_circuit_operator.py
[2023-10-13T13:29:45.692+0000] {logging_mixin.py:151} INFO - [2023-10-13T13:29:45.692+0000] {dag.py:2941} INFO - Sync 1 DAGs
[2023-10-13T13:29:45.964+0000] {logging_mixin.py:151} INFO - [2023-10-13T13:29:45.963+0000] {dag.py:3722} INFO - Setting next_dagrun for example_short_circuit_operator to 2023-10-12T13:29:45.960446+00:00, run_after=2023-10-13T13:29:45.960446+00:00
[2023-10-13T13:29:46.006+0000] {processor.py:179} INFO - Processing /home/airflow/.local/lib/python3.8/site-packages/airflow/example_dags/example_short_circuit_operator.py took 0.368 seconds
[2023-10-13T13:30:16.466+0000] {processor.py:157} INFO - Started process (PID=1173) to work on /home/airflow/.local/lib/python3.8/site-packages/airflow/example_dags/example_short_circuit_operator.py
[2023-10-13T13:30:16.469+0000] {processor.py:829} INFO - Processing file /home/airflow/.local/lib/python3.8/site-packages/airflow/example_dags/example_short_circuit_operator.py for tasks to queue
[2023-10-13T13:30:16.474+0000] {logging_mixin.py:151} INFO - [2023-10-13T13:30:16.474+0000] {dagbag.py:536} INFO - Filling up the DagBag from /home/airflow/.local/lib/python3.8/site-packages/airflow/example_dags/example_short_circuit_operator.py
[2023-10-13T13:30:16.486+0000] {processor.py:839} INFO - DAG(s) dict_keys(['example_short_circuit_operator']) retrieved from /home/airflow/.local/lib/python3.8/site-packages/airflow/example_dags/example_short_circuit_operator.py
[2023-10-13T13:30:16.529+0000] {logging_mixin.py:151} INFO - [2023-10-13T13:30:16.528+0000] {dag.py:2941} INFO - Sync 1 DAGs
[2023-10-13T13:30:16.566+0000] {logging_mixin.py:151} INFO - [2023-10-13T13:30:16.565+0000] {dag.py:3722} INFO - Setting next_dagrun for example_short_circuit_operator to 2023-10-12T13:30:16.565505+00:00, run_after=2023-10-13T13:30:16.565505+00:00
[2023-10-13T13:30:16.601+0000] {processor.py:179} INFO - Processing /home/airflow/.local/lib/python3.8/site-packages/airflow/example_dags/example_short_circuit_operator.py took 0.139 seconds
[2023-10-13T13:30:47.485+0000] {processor.py:157} INFO - Started process (PID=1227) to work on /home/airflow/.local/lib/python3.8/site-packages/airflow/example_dags/example_short_circuit_operator.py
[2023-10-13T13:30:47.487+0000] {processor.py:829} INFO - Processing file /home/airflow/.local/lib/python3.8/site-packages/airflow/example_dags/example_short_circuit_operator.py for tasks to queue
[2023-10-13T13:30:47.494+0000] {logging_mixin.py:151} INFO - [2023-10-13T13:30:47.493+0000] {dagbag.py:536} INFO - Filling up the DagBag from /home/airflow/.local/lib/python3.8/site-packages/airflow/example_dags/example_short_circuit_operator.py
[2023-10-13T13:30:47.508+0000] {processor.py:839} INFO - DAG(s) dict_keys(['example_short_circuit_operator']) retrieved from /home/airflow/.local/lib/python3.8/site-packages/airflow/example_dags/example_short_circuit_operator.py
[2023-10-13T13:30:47.548+0000] {logging_mixin.py:151} INFO - [2023-10-13T13:30:47.548+0000] {dag.py:2941} INFO - Sync 1 DAGs
[2023-10-13T13:30:47.583+0000] {logging_mixin.py:151} INFO - [2023-10-13T13:30:47.583+0000] {dag.py:3722} INFO - Setting next_dagrun for example_short_circuit_operator to 2023-10-12T13:30:47.582640+00:00, run_after=2023-10-13T13:30:47.582640+00:00
[2023-10-13T13:30:47.614+0000] {processor.py:179} INFO - Processing /home/airflow/.local/lib/python3.8/site-packages/airflow/example_dags/example_short_circuit_operator.py took 0.133 seconds
[2023-10-13T13:31:18.098+0000] {processor.py:157} INFO - Started process (PID=1281) to work on /home/airflow/.local/lib/python3.8/site-packages/airflow/example_dags/example_short_circuit_operator.py
[2023-10-13T13:31:18.100+0000] {processor.py:829} INFO - Processing file /home/airflow/.local/lib/python3.8/site-packages/airflow/example_dags/example_short_circuit_operator.py for tasks to queue
[2023-10-13T13:31:18.104+0000] {logging_mixin.py:151} INFO - [2023-10-13T13:31:18.104+0000] {dagbag.py:536} INFO - Filling up the DagBag from /home/airflow/.local/lib/python3.8/site-packages/airflow/example_dags/example_short_circuit_operator.py
[2023-10-13T13:31:18.115+0000] {processor.py:839} INFO - DAG(s) dict_keys(['example_short_circuit_operator']) retrieved from /home/airflow/.local/lib/python3.8/site-packages/airflow/example_dags/example_short_circuit_operator.py
[2023-10-13T13:31:18.324+0000] {logging_mixin.py:151} INFO - [2023-10-13T13:31:18.324+0000] {dag.py:2941} INFO - Sync 1 DAGs
[2023-10-13T13:31:18.349+0000] {logging_mixin.py:151} INFO - [2023-10-13T13:31:18.348+0000] {dag.py:3722} INFO - Setting next_dagrun for example_short_circuit_operator to 2023-10-12T13:31:18.348607+00:00, run_after=2023-10-13T13:31:18.348607+00:00
[2023-10-13T13:31:18.373+0000] {processor.py:179} INFO - Processing /home/airflow/.local/lib/python3.8/site-packages/airflow/example_dags/example_short_circuit_operator.py took 0.280 seconds
[2023-10-13T13:31:48.716+0000] {processor.py:157} INFO - Started process (PID=1335) to work on /home/airflow/.local/lib/python3.8/site-packages/airflow/example_dags/example_short_circuit_operator.py
[2023-10-13T13:31:48.718+0000] {processor.py:829} INFO - Processing file /home/airflow/.local/lib/python3.8/site-packages/airflow/example_dags/example_short_circuit_operator.py for tasks to queue
[2023-10-13T13:31:48.722+0000] {logging_mixin.py:151} INFO - [2023-10-13T13:31:48.722+0000] {dagbag.py:536} INFO - Filling up the DagBag from /home/airflow/.local/lib/python3.8/site-packages/airflow/example_dags/example_short_circuit_operator.py
[2023-10-13T13:31:48.734+0000] {processor.py:839} INFO - DAG(s) dict_keys(['example_short_circuit_operator']) retrieved from /home/airflow/.local/lib/python3.8/site-packages/airflow/example_dags/example_short_circuit_operator.py
[2023-10-13T13:31:48.774+0000] {logging_mixin.py:151} INFO - [2023-10-13T13:31:48.773+0000] {dag.py:2941} INFO - Sync 1 DAGs
[2023-10-13T13:31:48.972+0000] {logging_mixin.py:151} INFO - [2023-10-13T13:31:48.972+0000] {dag.py:3722} INFO - Setting next_dagrun for example_short_circuit_operator to 2023-10-12T13:31:48.971883+00:00, run_after=2023-10-13T13:31:48.971883+00:00
[2023-10-13T13:31:48.995+0000] {processor.py:179} INFO - Processing /home/airflow/.local/lib/python3.8/site-packages/airflow/example_dags/example_short_circuit_operator.py took 0.293 seconds
[2023-10-13T13:32:19.056+0000] {processor.py:157} INFO - Started process (PID=1389) to work on /home/airflow/.local/lib/python3.8/site-packages/airflow/example_dags/example_short_circuit_operator.py
[2023-10-13T13:32:19.058+0000] {processor.py:829} INFO - Processing file /home/airflow/.local/lib/python3.8/site-packages/airflow/example_dags/example_short_circuit_operator.py for tasks to queue
[2023-10-13T13:32:19.063+0000] {logging_mixin.py:151} INFO - [2023-10-13T13:32:19.063+0000] {dagbag.py:536} INFO - Filling up the DagBag from /home/airflow/.local/lib/python3.8/site-packages/airflow/example_dags/example_short_circuit_operator.py
[2023-10-13T13:32:19.076+0000] {processor.py:839} INFO - DAG(s) dict_keys(['example_short_circuit_operator']) retrieved from /home/airflow/.local/lib/python3.8/site-packages/airflow/example_dags/example_short_circuit_operator.py
[2023-10-13T13:32:19.121+0000] {logging_mixin.py:151} INFO - [2023-10-13T13:32:19.120+0000] {dag.py:2941} INFO - Sync 1 DAGs
[2023-10-13T13:32:19.166+0000] {logging_mixin.py:151} INFO - [2023-10-13T13:32:19.166+0000] {dag.py:3722} INFO - Setting next_dagrun for example_short_circuit_operator to 2023-10-12T13:32:19.166370+00:00, run_after=2023-10-13T13:32:19.166370+00:00
[2023-10-13T13:32:19.258+0000] {processor.py:179} INFO - Processing /home/airflow/.local/lib/python3.8/site-packages/airflow/example_dags/example_short_circuit_operator.py took 0.207 seconds
[2023-10-13T13:32:49.806+0000] {processor.py:157} INFO - Started process (PID=1443) to work on /home/airflow/.local/lib/python3.8/site-packages/airflow/example_dags/example_short_circuit_operator.py
[2023-10-13T13:32:49.808+0000] {processor.py:829} INFO - Processing file /home/airflow/.local/lib/python3.8/site-packages/airflow/example_dags/example_short_circuit_operator.py for tasks to queue
[2023-10-13T13:32:49.820+0000] {logging_mixin.py:151} INFO - [2023-10-13T13:32:49.820+0000] {dagbag.py:536} INFO - Filling up the DagBag from /home/airflow/.local/lib/python3.8/site-packages/airflow/example_dags/example_short_circuit_operator.py
[2023-10-13T13:32:49.836+0000] {processor.py:839} INFO - DAG(s) dict_keys(['example_short_circuit_operator']) retrieved from /home/airflow/.local/lib/python3.8/site-packages/airflow/example_dags/example_short_circuit_operator.py
[2023-10-13T13:32:49.920+0000] {logging_mixin.py:151} INFO - [2023-10-13T13:32:49.919+0000] {dag.py:2941} INFO - Sync 1 DAGs
[2023-10-13T13:32:49.957+0000] {logging_mixin.py:151} INFO - [2023-10-13T13:32:49.957+0000] {dag.py:3722} INFO - Setting next_dagrun for example_short_circuit_operator to 2023-10-12T13:32:49.956778+00:00, run_after=2023-10-13T13:32:49.956778+00:00
[2023-10-13T13:32:49.992+0000] {processor.py:179} INFO - Processing /home/airflow/.local/lib/python3.8/site-packages/airflow/example_dags/example_short_circuit_operator.py took 0.192 seconds
[2023-10-13T13:33:20.250+0000] {processor.py:157} INFO - Started process (PID=1497) to work on /home/airflow/.local/lib/python3.8/site-packages/airflow/example_dags/example_short_circuit_operator.py
[2023-10-13T13:33:20.252+0000] {processor.py:829} INFO - Processing file /home/airflow/.local/lib/python3.8/site-packages/airflow/example_dags/example_short_circuit_operator.py for tasks to queue
[2023-10-13T13:33:20.257+0000] {logging_mixin.py:151} INFO - [2023-10-13T13:33:20.257+0000] {dagbag.py:536} INFO - Filling up the DagBag from /home/airflow/.local/lib/python3.8/site-packages/airflow/example_dags/example_short_circuit_operator.py
[2023-10-13T13:33:20.268+0000] {processor.py:839} INFO - DAG(s) dict_keys(['example_short_circuit_operator']) retrieved from /home/airflow/.local/lib/python3.8/site-packages/airflow/example_dags/example_short_circuit_operator.py
[2023-10-13T13:33:20.314+0000] {logging_mixin.py:151} INFO - [2023-10-13T13:33:20.314+0000] {dag.py:2941} INFO - Sync 1 DAGs
[2023-10-13T13:33:20.348+0000] {logging_mixin.py:151} INFO - [2023-10-13T13:33:20.348+0000] {dag.py:3722} INFO - Setting next_dagrun for example_short_circuit_operator to 2023-10-12T13:33:20.348050+00:00, run_after=2023-10-13T13:33:20.348050+00:00
[2023-10-13T13:33:20.379+0000] {processor.py:179} INFO - Processing /home/airflow/.local/lib/python3.8/site-packages/airflow/example_dags/example_short_circuit_operator.py took 0.134 seconds
[2023-10-13T13:33:50.808+0000] {processor.py:157} INFO - Started process (PID=1552) to work on /home/airflow/.local/lib/python3.8/site-packages/airflow/example_dags/example_short_circuit_operator.py
[2023-10-13T13:33:50.811+0000] {processor.py:829} INFO - Processing file /home/airflow/.local/lib/python3.8/site-packages/airflow/example_dags/example_short_circuit_operator.py for tasks to queue
[2023-10-13T13:33:50.822+0000] {logging_mixin.py:151} INFO - [2023-10-13T13:33:50.821+0000] {dagbag.py:536} INFO - Filling up the DagBag from /home/airflow/.local/lib/python3.8/site-packages/airflow/example_dags/example_short_circuit_operator.py
[2023-10-13T13:33:50.837+0000] {processor.py:839} INFO - DAG(s) dict_keys(['example_short_circuit_operator']) retrieved from /home/airflow/.local/lib/python3.8/site-packages/airflow/example_dags/example_short_circuit_operator.py
[2023-10-13T13:33:50.927+0000] {logging_mixin.py:151} INFO - [2023-10-13T13:33:50.926+0000] {dag.py:2941} INFO - Sync 1 DAGs
[2023-10-13T13:33:50.972+0000] {logging_mixin.py:151} INFO - [2023-10-13T13:33:50.972+0000] {dag.py:3722} INFO - Setting next_dagrun for example_short_circuit_operator to 2023-10-12T13:33:50.971614+00:00, run_after=2023-10-13T13:33:50.971614+00:00
[2023-10-13T13:33:51.010+0000] {processor.py:179} INFO - Processing /home/airflow/.local/lib/python3.8/site-packages/airflow/example_dags/example_short_circuit_operator.py took 0.207 seconds
[2023-10-13T13:34:21.299+0000] {processor.py:157} INFO - Started process (PID=1607) to work on /home/airflow/.local/lib/python3.8/site-packages/airflow/example_dags/example_short_circuit_operator.py
[2023-10-13T13:34:21.301+0000] {processor.py:829} INFO - Processing file /home/airflow/.local/lib/python3.8/site-packages/airflow/example_dags/example_short_circuit_operator.py for tasks to queue
[2023-10-13T13:34:21.305+0000] {logging_mixin.py:151} INFO - [2023-10-13T13:34:21.304+0000] {dagbag.py:536} INFO - Filling up the DagBag from /home/airflow/.local/lib/python3.8/site-packages/airflow/example_dags/example_short_circuit_operator.py
[2023-10-13T13:34:21.315+0000] {processor.py:839} INFO - DAG(s) dict_keys(['example_short_circuit_operator']) retrieved from /home/airflow/.local/lib/python3.8/site-packages/airflow/example_dags/example_short_circuit_operator.py
[2023-10-13T13:34:21.358+0000] {logging_mixin.py:151} INFO - [2023-10-13T13:34:21.358+0000] {dag.py:2941} INFO - Sync 1 DAGs
[2023-10-13T13:34:21.395+0000] {logging_mixin.py:151} INFO - [2023-10-13T13:34:21.394+0000] {dag.py:3722} INFO - Setting next_dagrun for example_short_circuit_operator to 2023-10-12T13:34:21.394505+00:00, run_after=2023-10-13T13:34:21.394505+00:00
[2023-10-13T13:34:21.424+0000] {processor.py:179} INFO - Processing /home/airflow/.local/lib/python3.8/site-packages/airflow/example_dags/example_short_circuit_operator.py took 0.131 seconds
[2023-10-13T13:34:52.231+0000] {processor.py:157} INFO - Started process (PID=1661) to work on /home/airflow/.local/lib/python3.8/site-packages/airflow/example_dags/example_short_circuit_operator.py
[2023-10-13T13:34:52.233+0000] {processor.py:829} INFO - Processing file /home/airflow/.local/lib/python3.8/site-packages/airflow/example_dags/example_short_circuit_operator.py for tasks to queue
[2023-10-13T13:34:52.236+0000] {logging_mixin.py:151} INFO - [2023-10-13T13:34:52.236+0000] {dagbag.py:536} INFO - Filling up the DagBag from /home/airflow/.local/lib/python3.8/site-packages/airflow/example_dags/example_short_circuit_operator.py
[2023-10-13T13:34:52.247+0000] {processor.py:839} INFO - DAG(s) dict_keys(['example_short_circuit_operator']) retrieved from /home/airflow/.local/lib/python3.8/site-packages/airflow/example_dags/example_short_circuit_operator.py
[2023-10-13T13:34:52.283+0000] {logging_mixin.py:151} INFO - [2023-10-13T13:34:52.283+0000] {dag.py:2941} INFO - Sync 1 DAGs
[2023-10-13T13:34:52.328+0000] {logging_mixin.py:151} INFO - [2023-10-13T13:34:52.328+0000] {dag.py:3722} INFO - Setting next_dagrun for example_short_circuit_operator to 2023-10-12T13:34:52.327783+00:00, run_after=2023-10-13T13:34:52.327783+00:00
[2023-10-13T13:34:52.361+0000] {processor.py:179} INFO - Processing /home/airflow/.local/lib/python3.8/site-packages/airflow/example_dags/example_short_circuit_operator.py took 0.135 seconds
[2023-10-13T13:35:22.579+0000] {processor.py:157} INFO - Started process (PID=1715) to work on /home/airflow/.local/lib/python3.8/site-packages/airflow/example_dags/example_short_circuit_operator.py
[2023-10-13T13:35:22.581+0000] {processor.py:829} INFO - Processing file /home/airflow/.local/lib/python3.8/site-packages/airflow/example_dags/example_short_circuit_operator.py for tasks to queue
[2023-10-13T13:35:22.585+0000] {logging_mixin.py:151} INFO - [2023-10-13T13:35:22.585+0000] {dagbag.py:536} INFO - Filling up the DagBag from /home/airflow/.local/lib/python3.8/site-packages/airflow/example_dags/example_short_circuit_operator.py
[2023-10-13T13:35:22.596+0000] {processor.py:839} INFO - DAG(s) dict_keys(['example_short_circuit_operator']) retrieved from /home/airflow/.local/lib/python3.8/site-packages/airflow/example_dags/example_short_circuit_operator.py
[2023-10-13T13:35:22.638+0000] {logging_mixin.py:151} INFO - [2023-10-13T13:35:22.638+0000] {dag.py:2941} INFO - Sync 1 DAGs
[2023-10-13T13:35:22.679+0000] {logging_mixin.py:151} INFO - [2023-10-13T13:35:22.679+0000] {dag.py:3722} INFO - Setting next_dagrun for example_short_circuit_operator to 2023-10-12T13:35:22.678745+00:00, run_after=2023-10-13T13:35:22.678745+00:00
[2023-10-13T13:35:22.708+0000] {processor.py:179} INFO - Processing /home/airflow/.local/lib/python3.8/site-packages/airflow/example_dags/example_short_circuit_operator.py took 0.135 seconds
[2023-10-13T13:35:52.771+0000] {processor.py:157} INFO - Started process (PID=1769) to work on /home/airflow/.local/lib/python3.8/site-packages/airflow/example_dags/example_short_circuit_operator.py
[2023-10-13T13:35:52.774+0000] {processor.py:829} INFO - Processing file /home/airflow/.local/lib/python3.8/site-packages/airflow/example_dags/example_short_circuit_operator.py for tasks to queue
[2023-10-13T13:35:52.778+0000] {logging_mixin.py:151} INFO - [2023-10-13T13:35:52.778+0000] {dagbag.py:536} INFO - Filling up the DagBag from /home/airflow/.local/lib/python3.8/site-packages/airflow/example_dags/example_short_circuit_operator.py
[2023-10-13T13:35:52.788+0000] {processor.py:839} INFO - DAG(s) dict_keys(['example_short_circuit_operator']) retrieved from /home/airflow/.local/lib/python3.8/site-packages/airflow/example_dags/example_short_circuit_operator.py
[2023-10-13T13:35:52.829+0000] {logging_mixin.py:151} INFO - [2023-10-13T13:35:52.829+0000] {dag.py:2941} INFO - Sync 1 DAGs
[2023-10-13T13:35:52.862+0000] {logging_mixin.py:151} INFO - [2023-10-13T13:35:52.862+0000] {dag.py:3722} INFO - Setting next_dagrun for example_short_circuit_operator to 2023-10-12T13:35:52.862177+00:00, run_after=2023-10-13T13:35:52.862177+00:00
[2023-10-13T13:35:52.894+0000] {processor.py:179} INFO - Processing /home/airflow/.local/lib/python3.8/site-packages/airflow/example_dags/example_short_circuit_operator.py took 0.127 seconds
[2023-10-13T13:36:22.954+0000] {processor.py:157} INFO - Started process (PID=1822) to work on /home/airflow/.local/lib/python3.8/site-packages/airflow/example_dags/example_short_circuit_operator.py
[2023-10-13T13:36:22.956+0000] {processor.py:829} INFO - Processing file /home/airflow/.local/lib/python3.8/site-packages/airflow/example_dags/example_short_circuit_operator.py for tasks to queue
[2023-10-13T13:36:22.960+0000] {logging_mixin.py:151} INFO - [2023-10-13T13:36:22.960+0000] {dagbag.py:536} INFO - Filling up the DagBag from /home/airflow/.local/lib/python3.8/site-packages/airflow/example_dags/example_short_circuit_operator.py
[2023-10-13T13:36:22.972+0000] {processor.py:839} INFO - DAG(s) dict_keys(['example_short_circuit_operator']) retrieved from /home/airflow/.local/lib/python3.8/site-packages/airflow/example_dags/example_short_circuit_operator.py
[2023-10-13T13:36:23.009+0000] {logging_mixin.py:151} INFO - [2023-10-13T13:36:23.009+0000] {dag.py:2941} INFO - Sync 1 DAGs
[2023-10-13T13:36:23.037+0000] {logging_mixin.py:151} INFO - [2023-10-13T13:36:23.037+0000] {dag.py:3722} INFO - Setting next_dagrun for example_short_circuit_operator to 2023-10-12T13:36:23.037020+00:00, run_after=2023-10-13T13:36:23.037020+00:00
[2023-10-13T13:36:23.068+0000] {processor.py:179} INFO - Processing /home/airflow/.local/lib/python3.8/site-packages/airflow/example_dags/example_short_circuit_operator.py took 0.117 seconds
