[2023-10-13T13:19:32.751+0000] {processor.py:157} INFO - Started process (PID=53) to work on /home/airflow/.local/lib/python3.8/site-packages/airflow/example_dags/example_short_circuit_decorator.py
[2023-10-13T13:19:32.765+0000] {processor.py:829} INFO - Processing file /home/airflow/.local/lib/python3.8/site-packages/airflow/example_dags/example_short_circuit_decorator.py for tasks to queue
[2023-10-13T13:19:32.794+0000] {logging_mixin.py:151} INFO - [2023-10-13T13:19:32.792+0000] {dagbag.py:536} INFO - Filling up the DagBag from /home/airflow/.local/lib/python3.8/site-packages/airflow/example_dags/example_short_circuit_decorator.py
[2023-10-13T13:19:32.938+0000] {processor.py:839} INFO - DAG(s) dict_keys(['example_short_circuit_decorator']) retrieved from /home/airflow/.local/lib/python3.8/site-packages/airflow/example_dags/example_short_circuit_decorator.py
[2023-10-13T13:19:33.116+0000] {logging_mixin.py:151} INFO - [2023-10-13T13:19:33.116+0000] {dag.py:2941} INFO - Sync 1 DAGs
[2023-10-13T13:19:33.213+0000] {logging_mixin.py:151} INFO - [2023-10-13T13:19:33.213+0000] {dag.py:3722} INFO - Setting next_dagrun for example_short_circuit_decorator to 2023-10-12T13:19:33.211833+00:00, run_after=2023-10-13T13:19:33.211833+00:00
[2023-10-13T13:19:33.319+0000] {processor.py:179} INFO - Processing /home/airflow/.local/lib/python3.8/site-packages/airflow/example_dags/example_short_circuit_decorator.py took 0.649 seconds
[2023-10-13T13:20:03.424+0000] {processor.py:157} INFO - Started process (PID=106) to work on /home/airflow/.local/lib/python3.8/site-packages/airflow/example_dags/example_short_circuit_decorator.py
[2023-10-13T13:20:03.426+0000] {processor.py:829} INFO - Processing file /home/airflow/.local/lib/python3.8/site-packages/airflow/example_dags/example_short_circuit_decorator.py for tasks to queue
[2023-10-13T13:20:03.431+0000] {logging_mixin.py:151} INFO - [2023-10-13T13:20:03.431+0000] {dagbag.py:536} INFO - Filling up the DagBag from /home/airflow/.local/lib/python3.8/site-packages/airflow/example_dags/example_short_circuit_decorator.py
[2023-10-13T13:20:03.449+0000] {processor.py:839} INFO - DAG(s) dict_keys(['example_short_circuit_decorator']) retrieved from /home/airflow/.local/lib/python3.8/site-packages/airflow/example_dags/example_short_circuit_decorator.py
[2023-10-13T13:20:03.491+0000] {logging_mixin.py:151} INFO - [2023-10-13T13:20:03.491+0000] {dag.py:2941} INFO - Sync 1 DAGs
[2023-10-13T13:20:03.536+0000] {logging_mixin.py:151} INFO - [2023-10-13T13:20:03.535+0000] {dag.py:3722} INFO - Setting next_dagrun for example_short_circuit_decorator to 2023-10-12T13:20:03.535293+00:00, run_after=2023-10-13T13:20:03.535293+00:00
[2023-10-13T13:20:03.574+0000] {processor.py:179} INFO - Processing /home/airflow/.local/lib/python3.8/site-packages/airflow/example_dags/example_short_circuit_decorator.py took 0.156 seconds
[2023-10-13T13:20:34.057+0000] {processor.py:157} INFO - Started process (PID=160) to work on /home/airflow/.local/lib/python3.8/site-packages/airflow/example_dags/example_short_circuit_decorator.py
[2023-10-13T13:20:34.059+0000] {processor.py:829} INFO - Processing file /home/airflow/.local/lib/python3.8/site-packages/airflow/example_dags/example_short_circuit_decorator.py for tasks to queue
[2023-10-13T13:20:34.066+0000] {logging_mixin.py:151} INFO - [2023-10-13T13:20:34.065+0000] {dagbag.py:536} INFO - Filling up the DagBag from /home/airflow/.local/lib/python3.8/site-packages/airflow/example_dags/example_short_circuit_decorator.py
[2023-10-13T13:20:34.085+0000] {processor.py:839} INFO - DAG(s) dict_keys(['example_short_circuit_decorator']) retrieved from /home/airflow/.local/lib/python3.8/site-packages/airflow/example_dags/example_short_circuit_decorator.py
[2023-10-13T13:20:34.115+0000] {logging_mixin.py:151} INFO - [2023-10-13T13:20:34.115+0000] {dag.py:2941} INFO - Sync 1 DAGs
[2023-10-13T13:20:34.154+0000] {logging_mixin.py:151} INFO - [2023-10-13T13:20:34.151+0000] {dag.py:3722} INFO - Setting next_dagrun for example_short_circuit_decorator to 2023-10-12T13:20:34.151276+00:00, run_after=2023-10-13T13:20:34.151276+00:00
[2023-10-13T13:20:34.188+0000] {processor.py:179} INFO - Processing /home/airflow/.local/lib/python3.8/site-packages/airflow/example_dags/example_short_circuit_decorator.py took 0.135 seconds
[2023-10-13T13:21:06.766+0000] {processor.py:157} INFO - Started process (PID=214) to work on /home/airflow/.local/lib/python3.8/site-packages/airflow/example_dags/example_short_circuit_decorator.py
[2023-10-13T13:21:06.768+0000] {processor.py:829} INFO - Processing file /home/airflow/.local/lib/python3.8/site-packages/airflow/example_dags/example_short_circuit_decorator.py for tasks to queue
[2023-10-13T13:21:06.772+0000] {logging_mixin.py:151} INFO - [2023-10-13T13:21:06.771+0000] {dagbag.py:536} INFO - Filling up the DagBag from /home/airflow/.local/lib/python3.8/site-packages/airflow/example_dags/example_short_circuit_decorator.py
[2023-10-13T13:21:06.798+0000] {processor.py:839} INFO - DAG(s) dict_keys(['example_short_circuit_decorator']) retrieved from /home/airflow/.local/lib/python3.8/site-packages/airflow/example_dags/example_short_circuit_decorator.py
[2023-10-13T13:21:06.911+0000] {logging_mixin.py:151} INFO - [2023-10-13T13:21:06.911+0000] {dag.py:2941} INFO - Sync 1 DAGs
[2023-10-13T13:21:06.958+0000] {logging_mixin.py:151} INFO - [2023-10-13T13:21:06.957+0000] {dag.py:3722} INFO - Setting next_dagrun for example_short_circuit_decorator to 2023-10-12T13:21:06.956523+00:00, run_after=2023-10-13T13:21:06.956523+00:00
[2023-10-13T13:21:06.991+0000] {processor.py:179} INFO - Processing /home/airflow/.local/lib/python3.8/site-packages/airflow/example_dags/example_short_circuit_decorator.py took 0.229 seconds
[2023-10-13T13:21:37.950+0000] {processor.py:157} INFO - Started process (PID=269) to work on /home/airflow/.local/lib/python3.8/site-packages/airflow/example_dags/example_short_circuit_decorator.py
[2023-10-13T13:21:37.952+0000] {processor.py:829} INFO - Processing file /home/airflow/.local/lib/python3.8/site-packages/airflow/example_dags/example_short_circuit_decorator.py for tasks to queue
[2023-10-13T13:21:37.955+0000] {logging_mixin.py:151} INFO - [2023-10-13T13:21:37.955+0000] {dagbag.py:536} INFO - Filling up the DagBag from /home/airflow/.local/lib/python3.8/site-packages/airflow/example_dags/example_short_circuit_decorator.py
[2023-10-13T13:21:37.976+0000] {processor.py:839} INFO - DAG(s) dict_keys(['example_short_circuit_decorator']) retrieved from /home/airflow/.local/lib/python3.8/site-packages/airflow/example_dags/example_short_circuit_decorator.py
[2023-10-13T13:21:38.015+0000] {logging_mixin.py:151} INFO - [2023-10-13T13:21:38.014+0000] {dag.py:2941} INFO - Sync 1 DAGs
[2023-10-13T13:21:38.056+0000] {logging_mixin.py:151} INFO - [2023-10-13T13:21:38.055+0000] {dag.py:3722} INFO - Setting next_dagrun for example_short_circuit_decorator to 2023-10-12T13:21:38.055515+00:00, run_after=2023-10-13T13:21:38.055515+00:00
[2023-10-13T13:21:38.087+0000] {processor.py:179} INFO - Processing /home/airflow/.local/lib/python3.8/site-packages/airflow/example_dags/example_short_circuit_decorator.py took 0.142 seconds
[2023-10-13T13:22:08.425+0000] {processor.py:157} INFO - Started process (PID=326) to work on /home/airflow/.local/lib/python3.8/site-packages/airflow/example_dags/example_short_circuit_decorator.py
[2023-10-13T13:22:08.427+0000] {processor.py:829} INFO - Processing file /home/airflow/.local/lib/python3.8/site-packages/airflow/example_dags/example_short_circuit_decorator.py for tasks to queue
[2023-10-13T13:22:08.433+0000] {logging_mixin.py:151} INFO - [2023-10-13T13:22:08.433+0000] {dagbag.py:536} INFO - Filling up the DagBag from /home/airflow/.local/lib/python3.8/site-packages/airflow/example_dags/example_short_circuit_decorator.py
[2023-10-13T13:22:08.448+0000] {processor.py:839} INFO - DAG(s) dict_keys(['example_short_circuit_decorator']) retrieved from /home/airflow/.local/lib/python3.8/site-packages/airflow/example_dags/example_short_circuit_decorator.py
[2023-10-13T13:22:08.483+0000] {logging_mixin.py:151} INFO - [2023-10-13T13:22:08.482+0000] {dag.py:2941} INFO - Sync 1 DAGs
[2023-10-13T13:22:08.512+0000] {logging_mixin.py:151} INFO - [2023-10-13T13:22:08.512+0000] {dag.py:3722} INFO - Setting next_dagrun for example_short_circuit_decorator to 2023-10-12T13:22:08.511802+00:00, run_after=2023-10-13T13:22:08.511802+00:00
[2023-10-13T13:22:08.543+0000] {processor.py:179} INFO - Processing /home/airflow/.local/lib/python3.8/site-packages/airflow/example_dags/example_short_circuit_decorator.py took 0.124 seconds
[2023-10-13T13:22:39.391+0000] {processor.py:157} INFO - Started process (PID=382) to work on /home/airflow/.local/lib/python3.8/site-packages/airflow/example_dags/example_short_circuit_decorator.py
[2023-10-13T13:22:39.393+0000] {processor.py:829} INFO - Processing file /home/airflow/.local/lib/python3.8/site-packages/airflow/example_dags/example_short_circuit_decorator.py for tasks to queue
[2023-10-13T13:22:39.396+0000] {logging_mixin.py:151} INFO - [2023-10-13T13:22:39.396+0000] {dagbag.py:536} INFO - Filling up the DagBag from /home/airflow/.local/lib/python3.8/site-packages/airflow/example_dags/example_short_circuit_decorator.py
[2023-10-13T13:22:39.408+0000] {processor.py:839} INFO - DAG(s) dict_keys(['example_short_circuit_decorator']) retrieved from /home/airflow/.local/lib/python3.8/site-packages/airflow/example_dags/example_short_circuit_decorator.py
[2023-10-13T13:22:39.439+0000] {logging_mixin.py:151} INFO - [2023-10-13T13:22:39.439+0000] {dag.py:2941} INFO - Sync 1 DAGs
[2023-10-13T13:22:39.470+0000] {logging_mixin.py:151} INFO - [2023-10-13T13:22:39.469+0000] {dag.py:3722} INFO - Setting next_dagrun for example_short_circuit_decorator to 2023-10-12T13:22:39.469666+00:00, run_after=2023-10-13T13:22:39.469666+00:00
[2023-10-13T13:22:39.502+0000] {processor.py:179} INFO - Processing /home/airflow/.local/lib/python3.8/site-packages/airflow/example_dags/example_short_circuit_decorator.py took 0.115 seconds
[2023-10-13T13:23:10.304+0000] {processor.py:157} INFO - Started process (PID=436) to work on /home/airflow/.local/lib/python3.8/site-packages/airflow/example_dags/example_short_circuit_decorator.py
[2023-10-13T13:23:10.307+0000] {processor.py:829} INFO - Processing file /home/airflow/.local/lib/python3.8/site-packages/airflow/example_dags/example_short_circuit_decorator.py for tasks to queue
[2023-10-13T13:23:10.311+0000] {logging_mixin.py:151} INFO - [2023-10-13T13:23:10.310+0000] {dagbag.py:536} INFO - Filling up the DagBag from /home/airflow/.local/lib/python3.8/site-packages/airflow/example_dags/example_short_circuit_decorator.py
[2023-10-13T13:23:10.332+0000] {processor.py:839} INFO - DAG(s) dict_keys(['example_short_circuit_decorator']) retrieved from /home/airflow/.local/lib/python3.8/site-packages/airflow/example_dags/example_short_circuit_decorator.py
[2023-10-13T13:23:10.383+0000] {logging_mixin.py:151} INFO - [2023-10-13T13:23:10.382+0000] {dag.py:2941} INFO - Sync 1 DAGs
[2023-10-13T13:23:10.440+0000] {logging_mixin.py:151} INFO - [2023-10-13T13:23:10.440+0000] {dag.py:3722} INFO - Setting next_dagrun for example_short_circuit_decorator to 2023-10-12T13:23:10.440084+00:00, run_after=2023-10-13T13:23:10.440084+00:00
[2023-10-13T13:23:10.477+0000] {processor.py:179} INFO - Processing /home/airflow/.local/lib/python3.8/site-packages/airflow/example_dags/example_short_circuit_decorator.py took 0.177 seconds
[2023-10-13T13:23:40.605+0000] {processor.py:157} INFO - Started process (PID=489) to work on /home/airflow/.local/lib/python3.8/site-packages/airflow/example_dags/example_short_circuit_decorator.py
[2023-10-13T13:23:40.607+0000] {processor.py:829} INFO - Processing file /home/airflow/.local/lib/python3.8/site-packages/airflow/example_dags/example_short_circuit_decorator.py for tasks to queue
[2023-10-13T13:23:40.610+0000] {logging_mixin.py:151} INFO - [2023-10-13T13:23:40.610+0000] {dagbag.py:536} INFO - Filling up the DagBag from /home/airflow/.local/lib/python3.8/site-packages/airflow/example_dags/example_short_circuit_decorator.py
[2023-10-13T13:23:40.622+0000] {processor.py:839} INFO - DAG(s) dict_keys(['example_short_circuit_decorator']) retrieved from /home/airflow/.local/lib/python3.8/site-packages/airflow/example_dags/example_short_circuit_decorator.py
[2023-10-13T13:23:40.654+0000] {logging_mixin.py:151} INFO - [2023-10-13T13:23:40.654+0000] {dag.py:2941} INFO - Sync 1 DAGs
[2023-10-13T13:23:40.684+0000] {logging_mixin.py:151} INFO - [2023-10-13T13:23:40.684+0000] {dag.py:3722} INFO - Setting next_dagrun for example_short_circuit_decorator to 2023-10-12T13:23:40.683731+00:00, run_after=2023-10-13T13:23:40.683731+00:00
[2023-10-13T13:23:40.716+0000] {processor.py:179} INFO - Processing /home/airflow/.local/lib/python3.8/site-packages/airflow/example_dags/example_short_circuit_decorator.py took 0.116 seconds
[2023-10-13T13:24:11.234+0000] {processor.py:157} INFO - Started process (PID=543) to work on /home/airflow/.local/lib/python3.8/site-packages/airflow/example_dags/example_short_circuit_decorator.py
[2023-10-13T13:24:11.235+0000] {processor.py:829} INFO - Processing file /home/airflow/.local/lib/python3.8/site-packages/airflow/example_dags/example_short_circuit_decorator.py for tasks to queue
[2023-10-13T13:24:11.239+0000] {logging_mixin.py:151} INFO - [2023-10-13T13:24:11.238+0000] {dagbag.py:536} INFO - Filling up the DagBag from /home/airflow/.local/lib/python3.8/site-packages/airflow/example_dags/example_short_circuit_decorator.py
[2023-10-13T13:24:11.250+0000] {processor.py:839} INFO - DAG(s) dict_keys(['example_short_circuit_decorator']) retrieved from /home/airflow/.local/lib/python3.8/site-packages/airflow/example_dags/example_short_circuit_decorator.py
[2023-10-13T13:24:11.281+0000] {logging_mixin.py:151} INFO - [2023-10-13T13:24:11.281+0000] {dag.py:2941} INFO - Sync 1 DAGs
[2023-10-13T13:24:11.309+0000] {logging_mixin.py:151} INFO - [2023-10-13T13:24:11.308+0000] {dag.py:3722} INFO - Setting next_dagrun for example_short_circuit_decorator to 2023-10-12T13:24:11.308536+00:00, run_after=2023-10-13T13:24:11.308536+00:00
[2023-10-13T13:24:11.340+0000] {processor.py:179} INFO - Processing /home/airflow/.local/lib/python3.8/site-packages/airflow/example_dags/example_short_circuit_decorator.py took 0.110 seconds
[2023-10-13T13:24:41.538+0000] {processor.py:157} INFO - Started process (PID=597) to work on /home/airflow/.local/lib/python3.8/site-packages/airflow/example_dags/example_short_circuit_decorator.py
[2023-10-13T13:24:41.540+0000] {processor.py:829} INFO - Processing file /home/airflow/.local/lib/python3.8/site-packages/airflow/example_dags/example_short_circuit_decorator.py for tasks to queue
[2023-10-13T13:24:41.543+0000] {logging_mixin.py:151} INFO - [2023-10-13T13:24:41.543+0000] {dagbag.py:536} INFO - Filling up the DagBag from /home/airflow/.local/lib/python3.8/site-packages/airflow/example_dags/example_short_circuit_decorator.py
[2023-10-13T13:24:41.554+0000] {processor.py:839} INFO - DAG(s) dict_keys(['example_short_circuit_decorator']) retrieved from /home/airflow/.local/lib/python3.8/site-packages/airflow/example_dags/example_short_circuit_decorator.py
[2023-10-13T13:24:41.587+0000] {logging_mixin.py:151} INFO - [2023-10-13T13:24:41.587+0000] {dag.py:2941} INFO - Sync 1 DAGs
[2023-10-13T13:24:41.614+0000] {logging_mixin.py:151} INFO - [2023-10-13T13:24:41.614+0000] {dag.py:3722} INFO - Setting next_dagrun for example_short_circuit_decorator to 2023-10-12T13:24:41.614147+00:00, run_after=2023-10-13T13:24:41.614147+00:00
[2023-10-13T13:24:41.651+0000] {processor.py:179} INFO - Processing /home/airflow/.local/lib/python3.8/site-packages/airflow/example_dags/example_short_circuit_decorator.py took 0.117 seconds
[2023-10-13T13:25:12.595+0000] {processor.py:157} INFO - Started process (PID=651) to work on /home/airflow/.local/lib/python3.8/site-packages/airflow/example_dags/example_short_circuit_decorator.py
[2023-10-13T13:25:12.597+0000] {processor.py:829} INFO - Processing file /home/airflow/.local/lib/python3.8/site-packages/airflow/example_dags/example_short_circuit_decorator.py for tasks to queue
[2023-10-13T13:25:12.609+0000] {logging_mixin.py:151} INFO - [2023-10-13T13:25:12.608+0000] {dagbag.py:536} INFO - Filling up the DagBag from /home/airflow/.local/lib/python3.8/site-packages/airflow/example_dags/example_short_circuit_decorator.py
[2023-10-13T13:25:12.637+0000] {processor.py:839} INFO - DAG(s) dict_keys(['example_short_circuit_decorator']) retrieved from /home/airflow/.local/lib/python3.8/site-packages/airflow/example_dags/example_short_circuit_decorator.py
[2023-10-13T13:25:12.684+0000] {logging_mixin.py:151} INFO - [2023-10-13T13:25:12.683+0000] {dag.py:2941} INFO - Sync 1 DAGs
[2023-10-13T13:25:12.740+0000] {logging_mixin.py:151} INFO - [2023-10-13T13:25:12.739+0000] {dag.py:3722} INFO - Setting next_dagrun for example_short_circuit_decorator to 2023-10-12T13:25:12.738978+00:00, run_after=2023-10-13T13:25:12.738978+00:00
[2023-10-13T13:25:12.788+0000] {processor.py:179} INFO - Processing /home/airflow/.local/lib/python3.8/site-packages/airflow/example_dags/example_short_circuit_decorator.py took 0.198 seconds
[2023-10-13T13:25:43.056+0000] {processor.py:157} INFO - Started process (PID=705) to work on /home/airflow/.local/lib/python3.8/site-packages/airflow/example_dags/example_short_circuit_decorator.py
[2023-10-13T13:25:43.058+0000] {processor.py:829} INFO - Processing file /home/airflow/.local/lib/python3.8/site-packages/airflow/example_dags/example_short_circuit_decorator.py for tasks to queue
[2023-10-13T13:25:43.062+0000] {logging_mixin.py:151} INFO - [2023-10-13T13:25:43.061+0000] {dagbag.py:536} INFO - Filling up the DagBag from /home/airflow/.local/lib/python3.8/site-packages/airflow/example_dags/example_short_circuit_decorator.py
[2023-10-13T13:25:43.075+0000] {processor.py:839} INFO - DAG(s) dict_keys(['example_short_circuit_decorator']) retrieved from /home/airflow/.local/lib/python3.8/site-packages/airflow/example_dags/example_short_circuit_decorator.py
[2023-10-13T13:25:43.111+0000] {logging_mixin.py:151} INFO - [2023-10-13T13:25:43.111+0000] {dag.py:2941} INFO - Sync 1 DAGs
[2023-10-13T13:25:43.146+0000] {logging_mixin.py:151} INFO - [2023-10-13T13:25:43.145+0000] {dag.py:3722} INFO - Setting next_dagrun for example_short_circuit_decorator to 2023-10-12T13:25:43.145555+00:00, run_after=2023-10-13T13:25:43.145555+00:00
[2023-10-13T13:25:43.180+0000] {processor.py:179} INFO - Processing /home/airflow/.local/lib/python3.8/site-packages/airflow/example_dags/example_short_circuit_decorator.py took 0.128 seconds
[2023-10-13T13:26:14.114+0000] {processor.py:157} INFO - Started process (PID=759) to work on /home/airflow/.local/lib/python3.8/site-packages/airflow/example_dags/example_short_circuit_decorator.py
[2023-10-13T13:26:14.116+0000] {processor.py:829} INFO - Processing file /home/airflow/.local/lib/python3.8/site-packages/airflow/example_dags/example_short_circuit_decorator.py for tasks to queue
[2023-10-13T13:26:14.119+0000] {logging_mixin.py:151} INFO - [2023-10-13T13:26:14.119+0000] {dagbag.py:536} INFO - Filling up the DagBag from /home/airflow/.local/lib/python3.8/site-packages/airflow/example_dags/example_short_circuit_decorator.py
[2023-10-13T13:26:14.131+0000] {processor.py:839} INFO - DAG(s) dict_keys(['example_short_circuit_decorator']) retrieved from /home/airflow/.local/lib/python3.8/site-packages/airflow/example_dags/example_short_circuit_decorator.py
[2023-10-13T13:26:14.162+0000] {logging_mixin.py:151} INFO - [2023-10-13T13:26:14.162+0000] {dag.py:2941} INFO - Sync 1 DAGs
[2023-10-13T13:26:14.192+0000] {logging_mixin.py:151} INFO - [2023-10-13T13:26:14.192+0000] {dag.py:3722} INFO - Setting next_dagrun for example_short_circuit_decorator to 2023-10-12T13:26:14.192290+00:00, run_after=2023-10-13T13:26:14.192290+00:00
[2023-10-13T13:26:14.220+0000] {processor.py:179} INFO - Processing /home/airflow/.local/lib/python3.8/site-packages/airflow/example_dags/example_short_circuit_decorator.py took 0.110 seconds
[2023-10-13T13:26:44.403+0000] {processor.py:157} INFO - Started process (PID=813) to work on /home/airflow/.local/lib/python3.8/site-packages/airflow/example_dags/example_short_circuit_decorator.py
[2023-10-13T13:26:44.406+0000] {processor.py:829} INFO - Processing file /home/airflow/.local/lib/python3.8/site-packages/airflow/example_dags/example_short_circuit_decorator.py for tasks to queue
[2023-10-13T13:26:44.410+0000] {logging_mixin.py:151} INFO - [2023-10-13T13:26:44.409+0000] {dagbag.py:536} INFO - Filling up the DagBag from /home/airflow/.local/lib/python3.8/site-packages/airflow/example_dags/example_short_circuit_decorator.py
[2023-10-13T13:26:44.421+0000] {processor.py:839} INFO - DAG(s) dict_keys(['example_short_circuit_decorator']) retrieved from /home/airflow/.local/lib/python3.8/site-packages/airflow/example_dags/example_short_circuit_decorator.py
[2023-10-13T13:26:44.454+0000] {logging_mixin.py:151} INFO - [2023-10-13T13:26:44.454+0000] {dag.py:2941} INFO - Sync 1 DAGs
[2023-10-13T13:26:44.486+0000] {logging_mixin.py:151} INFO - [2023-10-13T13:26:44.486+0000] {dag.py:3722} INFO - Setting next_dagrun for example_short_circuit_decorator to 2023-10-12T13:26:44.485865+00:00, run_after=2023-10-13T13:26:44.485865+00:00
[2023-10-13T13:26:44.691+0000] {processor.py:179} INFO - Processing /home/airflow/.local/lib/python3.8/site-packages/airflow/example_dags/example_short_circuit_decorator.py took 0.291 seconds
[2023-10-13T13:27:15.335+0000] {processor.py:157} INFO - Started process (PID=867) to work on /home/airflow/.local/lib/python3.8/site-packages/airflow/example_dags/example_short_circuit_decorator.py
[2023-10-13T13:27:15.338+0000] {processor.py:829} INFO - Processing file /home/airflow/.local/lib/python3.8/site-packages/airflow/example_dags/example_short_circuit_decorator.py for tasks to queue
[2023-10-13T13:27:15.342+0000] {logging_mixin.py:151} INFO - [2023-10-13T13:27:15.342+0000] {dagbag.py:536} INFO - Filling up the DagBag from /home/airflow/.local/lib/python3.8/site-packages/airflow/example_dags/example_short_circuit_decorator.py
[2023-10-13T13:27:15.358+0000] {processor.py:839} INFO - DAG(s) dict_keys(['example_short_circuit_decorator']) retrieved from /home/airflow/.local/lib/python3.8/site-packages/airflow/example_dags/example_short_circuit_decorator.py
[2023-10-13T13:27:15.400+0000] {logging_mixin.py:151} INFO - [2023-10-13T13:27:15.400+0000] {dag.py:2941} INFO - Sync 1 DAGs
[2023-10-13T13:27:15.443+0000] {logging_mixin.py:151} INFO - [2023-10-13T13:27:15.443+0000] {dag.py:3722} INFO - Setting next_dagrun for example_short_circuit_decorator to 2023-10-12T13:27:15.443150+00:00, run_after=2023-10-13T13:27:15.443150+00:00
[2023-10-13T13:27:15.472+0000] {processor.py:179} INFO - Processing /home/airflow/.local/lib/python3.8/site-packages/airflow/example_dags/example_short_circuit_decorator.py took 0.142 seconds
[2023-10-13T13:27:45.844+0000] {processor.py:157} INFO - Started process (PID=921) to work on /home/airflow/.local/lib/python3.8/site-packages/airflow/example_dags/example_short_circuit_decorator.py
[2023-10-13T13:27:45.847+0000] {processor.py:829} INFO - Processing file /home/airflow/.local/lib/python3.8/site-packages/airflow/example_dags/example_short_circuit_decorator.py for tasks to queue
[2023-10-13T13:27:45.851+0000] {logging_mixin.py:151} INFO - [2023-10-13T13:27:45.850+0000] {dagbag.py:536} INFO - Filling up the DagBag from /home/airflow/.local/lib/python3.8/site-packages/airflow/example_dags/example_short_circuit_decorator.py
[2023-10-13T13:27:45.864+0000] {processor.py:839} INFO - DAG(s) dict_keys(['example_short_circuit_decorator']) retrieved from /home/airflow/.local/lib/python3.8/site-packages/airflow/example_dags/example_short_circuit_decorator.py
[2023-10-13T13:27:45.896+0000] {logging_mixin.py:151} INFO - [2023-10-13T13:27:45.896+0000] {dag.py:2941} INFO - Sync 1 DAGs
[2023-10-13T13:27:45.928+0000] {logging_mixin.py:151} INFO - [2023-10-13T13:27:45.928+0000] {dag.py:3722} INFO - Setting next_dagrun for example_short_circuit_decorator to 2023-10-12T13:27:45.927856+00:00, run_after=2023-10-13T13:27:45.927856+00:00
[2023-10-13T13:27:45.960+0000] {processor.py:179} INFO - Processing /home/airflow/.local/lib/python3.8/site-packages/airflow/example_dags/example_short_circuit_decorator.py took 0.120 seconds
[2023-10-13T13:28:17.365+0000] {processor.py:157} INFO - Started process (PID=975) to work on /home/airflow/.local/lib/python3.8/site-packages/airflow/example_dags/example_short_circuit_decorator.py
[2023-10-13T13:28:17.367+0000] {processor.py:829} INFO - Processing file /home/airflow/.local/lib/python3.8/site-packages/airflow/example_dags/example_short_circuit_decorator.py for tasks to queue
[2023-10-13T13:28:17.371+0000] {logging_mixin.py:151} INFO - [2023-10-13T13:28:17.371+0000] {dagbag.py:536} INFO - Filling up the DagBag from /home/airflow/.local/lib/python3.8/site-packages/airflow/example_dags/example_short_circuit_decorator.py
[2023-10-13T13:28:17.387+0000] {processor.py:839} INFO - DAG(s) dict_keys(['example_short_circuit_decorator']) retrieved from /home/airflow/.local/lib/python3.8/site-packages/airflow/example_dags/example_short_circuit_decorator.py
[2023-10-13T13:28:17.429+0000] {logging_mixin.py:151} INFO - [2023-10-13T13:28:17.429+0000] {dag.py:2941} INFO - Sync 1 DAGs
[2023-10-13T13:28:17.513+0000] {logging_mixin.py:151} INFO - [2023-10-13T13:28:17.512+0000] {dag.py:3722} INFO - Setting next_dagrun for example_short_circuit_decorator to 2023-10-12T13:28:17.512173+00:00, run_after=2023-10-13T13:28:17.512173+00:00
[2023-10-13T13:28:17.581+0000] {processor.py:179} INFO - Processing /home/airflow/.local/lib/python3.8/site-packages/airflow/example_dags/example_short_circuit_decorator.py took 0.220 seconds
[2023-10-13T13:28:47.688+0000] {processor.py:157} INFO - Started process (PID=1029) to work on /home/airflow/.local/lib/python3.8/site-packages/airflow/example_dags/example_short_circuit_decorator.py
[2023-10-13T13:28:47.690+0000] {processor.py:829} INFO - Processing file /home/airflow/.local/lib/python3.8/site-packages/airflow/example_dags/example_short_circuit_decorator.py for tasks to queue
[2023-10-13T13:28:47.694+0000] {logging_mixin.py:151} INFO - [2023-10-13T13:28:47.694+0000] {dagbag.py:536} INFO - Filling up the DagBag from /home/airflow/.local/lib/python3.8/site-packages/airflow/example_dags/example_short_circuit_decorator.py
[2023-10-13T13:28:47.709+0000] {processor.py:839} INFO - DAG(s) dict_keys(['example_short_circuit_decorator']) retrieved from /home/airflow/.local/lib/python3.8/site-packages/airflow/example_dags/example_short_circuit_decorator.py
[2023-10-13T13:28:47.749+0000] {logging_mixin.py:151} INFO - [2023-10-13T13:28:47.749+0000] {dag.py:2941} INFO - Sync 1 DAGs
[2023-10-13T13:28:47.789+0000] {logging_mixin.py:151} INFO - [2023-10-13T13:28:47.788+0000] {dag.py:3722} INFO - Setting next_dagrun for example_short_circuit_decorator to 2023-10-12T13:28:47.788254+00:00, run_after=2023-10-13T13:28:47.788254+00:00
[2023-10-13T13:28:47.824+0000] {processor.py:179} INFO - Processing /home/airflow/.local/lib/python3.8/site-packages/airflow/example_dags/example_short_circuit_decorator.py took 0.142 seconds
[2023-10-13T13:29:17.868+0000] {processor.py:157} INFO - Started process (PID=1083) to work on /home/airflow/.local/lib/python3.8/site-packages/airflow/example_dags/example_short_circuit_decorator.py
[2023-10-13T13:29:17.870+0000] {processor.py:829} INFO - Processing file /home/airflow/.local/lib/python3.8/site-packages/airflow/example_dags/example_short_circuit_decorator.py for tasks to queue
[2023-10-13T13:29:17.875+0000] {logging_mixin.py:151} INFO - [2023-10-13T13:29:17.874+0000] {dagbag.py:536} INFO - Filling up the DagBag from /home/airflow/.local/lib/python3.8/site-packages/airflow/example_dags/example_short_circuit_decorator.py
[2023-10-13T13:29:17.889+0000] {processor.py:839} INFO - DAG(s) dict_keys(['example_short_circuit_decorator']) retrieved from /home/airflow/.local/lib/python3.8/site-packages/airflow/example_dags/example_short_circuit_decorator.py
[2023-10-13T13:29:17.923+0000] {logging_mixin.py:151} INFO - [2023-10-13T13:29:17.923+0000] {dag.py:2941} INFO - Sync 1 DAGs
[2023-10-13T13:29:17.958+0000] {logging_mixin.py:151} INFO - [2023-10-13T13:29:17.957+0000] {dag.py:3722} INFO - Setting next_dagrun for example_short_circuit_decorator to 2023-10-12T13:29:17.957457+00:00, run_after=2023-10-13T13:29:17.957457+00:00
[2023-10-13T13:29:17.989+0000] {processor.py:179} INFO - Processing /home/airflow/.local/lib/python3.8/site-packages/airflow/example_dags/example_short_circuit_decorator.py took 0.126 seconds
[2023-10-13T13:29:57.765+0000] {processor.py:157} INFO - Started process (PID=1138) to work on /home/airflow/.local/lib/python3.8/site-packages/airflow/example_dags/example_short_circuit_decorator.py
[2023-10-13T13:29:57.767+0000] {processor.py:829} INFO - Processing file /home/airflow/.local/lib/python3.8/site-packages/airflow/example_dags/example_short_circuit_decorator.py for tasks to queue
[2023-10-13T13:29:57.771+0000] {logging_mixin.py:151} INFO - [2023-10-13T13:29:57.770+0000] {dagbag.py:536} INFO - Filling up the DagBag from /home/airflow/.local/lib/python3.8/site-packages/airflow/example_dags/example_short_circuit_decorator.py
[2023-10-13T13:29:57.785+0000] {processor.py:839} INFO - DAG(s) dict_keys(['example_short_circuit_decorator']) retrieved from /home/airflow/.local/lib/python3.8/site-packages/airflow/example_dags/example_short_circuit_decorator.py
[2023-10-13T13:29:57.820+0000] {logging_mixin.py:151} INFO - [2023-10-13T13:29:57.819+0000] {dag.py:2941} INFO - Sync 1 DAGs
[2023-10-13T13:29:57.855+0000] {logging_mixin.py:151} INFO - [2023-10-13T13:29:57.854+0000] {dag.py:3722} INFO - Setting next_dagrun for example_short_circuit_decorator to 2023-10-12T13:29:57.854478+00:00, run_after=2023-10-13T13:29:57.854478+00:00
[2023-10-13T13:29:57.894+0000] {processor.py:179} INFO - Processing /home/airflow/.local/lib/python3.8/site-packages/airflow/example_dags/example_short_circuit_decorator.py took 0.133 seconds
[2023-10-13T13:30:30.067+0000] {processor.py:157} INFO - Started process (PID=1192) to work on /home/airflow/.local/lib/python3.8/site-packages/airflow/example_dags/example_short_circuit_decorator.py
[2023-10-13T13:30:30.069+0000] {processor.py:829} INFO - Processing file /home/airflow/.local/lib/python3.8/site-packages/airflow/example_dags/example_short_circuit_decorator.py for tasks to queue
[2023-10-13T13:30:30.073+0000] {logging_mixin.py:151} INFO - [2023-10-13T13:30:30.073+0000] {dagbag.py:536} INFO - Filling up the DagBag from /home/airflow/.local/lib/python3.8/site-packages/airflow/example_dags/example_short_circuit_decorator.py
[2023-10-13T13:30:30.093+0000] {processor.py:839} INFO - DAG(s) dict_keys(['example_short_circuit_decorator']) retrieved from /home/airflow/.local/lib/python3.8/site-packages/airflow/example_dags/example_short_circuit_decorator.py
[2023-10-13T13:30:30.133+0000] {logging_mixin.py:151} INFO - [2023-10-13T13:30:30.132+0000] {dag.py:2941} INFO - Sync 1 DAGs
[2023-10-13T13:30:30.360+0000] {logging_mixin.py:151} INFO - [2023-10-13T13:30:30.360+0000] {dag.py:3722} INFO - Setting next_dagrun for example_short_circuit_decorator to 2023-10-12T13:30:30.360004+00:00, run_after=2023-10-13T13:30:30.360004+00:00
[2023-10-13T13:30:30.399+0000] {processor.py:179} INFO - Processing /home/airflow/.local/lib/python3.8/site-packages/airflow/example_dags/example_short_circuit_decorator.py took 0.339 seconds
[2023-10-13T13:31:01.265+0000] {processor.py:157} INFO - Started process (PID=1246) to work on /home/airflow/.local/lib/python3.8/site-packages/airflow/example_dags/example_short_circuit_decorator.py
[2023-10-13T13:31:01.267+0000] {processor.py:829} INFO - Processing file /home/airflow/.local/lib/python3.8/site-packages/airflow/example_dags/example_short_circuit_decorator.py for tasks to queue
[2023-10-13T13:31:01.272+0000] {logging_mixin.py:151} INFO - [2023-10-13T13:31:01.271+0000] {dagbag.py:536} INFO - Filling up the DagBag from /home/airflow/.local/lib/python3.8/site-packages/airflow/example_dags/example_short_circuit_decorator.py
[2023-10-13T13:31:01.289+0000] {processor.py:839} INFO - DAG(s) dict_keys(['example_short_circuit_decorator']) retrieved from /home/airflow/.local/lib/python3.8/site-packages/airflow/example_dags/example_short_circuit_decorator.py
[2023-10-13T13:31:01.324+0000] {logging_mixin.py:151} INFO - [2023-10-13T13:31:01.323+0000] {dag.py:2941} INFO - Sync 1 DAGs
[2023-10-13T13:31:01.366+0000] {logging_mixin.py:151} INFO - [2023-10-13T13:31:01.366+0000] {dag.py:3722} INFO - Setting next_dagrun for example_short_circuit_decorator to 2023-10-12T13:31:01.365883+00:00, run_after=2023-10-13T13:31:01.365883+00:00
[2023-10-13T13:31:01.406+0000] {processor.py:179} INFO - Processing /home/airflow/.local/lib/python3.8/site-packages/airflow/example_dags/example_short_circuit_decorator.py took 0.147 seconds
[2023-10-13T13:31:31.775+0000] {processor.py:157} INFO - Started process (PID=1299) to work on /home/airflow/.local/lib/python3.8/site-packages/airflow/example_dags/example_short_circuit_decorator.py
[2023-10-13T13:31:31.777+0000] {processor.py:829} INFO - Processing file /home/airflow/.local/lib/python3.8/site-packages/airflow/example_dags/example_short_circuit_decorator.py for tasks to queue
[2023-10-13T13:31:31.784+0000] {logging_mixin.py:151} INFO - [2023-10-13T13:31:31.782+0000] {dagbag.py:536} INFO - Filling up the DagBag from /home/airflow/.local/lib/python3.8/site-packages/airflow/example_dags/example_short_circuit_decorator.py
[2023-10-13T13:31:31.813+0000] {processor.py:839} INFO - DAG(s) dict_keys(['example_short_circuit_decorator']) retrieved from /home/airflow/.local/lib/python3.8/site-packages/airflow/example_dags/example_short_circuit_decorator.py
[2023-10-13T13:31:31.876+0000] {logging_mixin.py:151} INFO - [2023-10-13T13:31:31.868+0000] {dag.py:2941} INFO - Sync 1 DAGs
[2023-10-13T13:31:31.937+0000] {logging_mixin.py:151} INFO - [2023-10-13T13:31:31.936+0000] {dag.py:3722} INFO - Setting next_dagrun for example_short_circuit_decorator to 2023-10-12T13:31:31.936420+00:00, run_after=2023-10-13T13:31:31.936420+00:00
[2023-10-13T13:31:32.022+0000] {processor.py:179} INFO - Processing /home/airflow/.local/lib/python3.8/site-packages/airflow/example_dags/example_short_circuit_decorator.py took 0.257 seconds
[2023-10-13T13:32:02.807+0000] {processor.py:157} INFO - Started process (PID=1353) to work on /home/airflow/.local/lib/python3.8/site-packages/airflow/example_dags/example_short_circuit_decorator.py
[2023-10-13T13:32:02.810+0000] {processor.py:829} INFO - Processing file /home/airflow/.local/lib/python3.8/site-packages/airflow/example_dags/example_short_circuit_decorator.py for tasks to queue
[2023-10-13T13:32:02.822+0000] {logging_mixin.py:151} INFO - [2023-10-13T13:32:02.819+0000] {dagbag.py:536} INFO - Filling up the DagBag from /home/airflow/.local/lib/python3.8/site-packages/airflow/example_dags/example_short_circuit_decorator.py
[2023-10-13T13:32:02.845+0000] {processor.py:839} INFO - DAG(s) dict_keys(['example_short_circuit_decorator']) retrieved from /home/airflow/.local/lib/python3.8/site-packages/airflow/example_dags/example_short_circuit_decorator.py
[2023-10-13T13:32:02.888+0000] {logging_mixin.py:151} INFO - [2023-10-13T13:32:02.888+0000] {dag.py:2941} INFO - Sync 1 DAGs
[2023-10-13T13:32:03.118+0000] {logging_mixin.py:151} INFO - [2023-10-13T13:32:03.117+0000] {dag.py:3722} INFO - Setting next_dagrun for example_short_circuit_decorator to 2023-10-12T13:32:03.117358+00:00, run_after=2023-10-13T13:32:03.117358+00:00
[2023-10-13T13:32:03.148+0000] {processor.py:179} INFO - Processing /home/airflow/.local/lib/python3.8/site-packages/airflow/example_dags/example_short_circuit_decorator.py took 0.348 seconds
[2023-10-13T13:32:37.838+0000] {processor.py:157} INFO - Started process (PID=1408) to work on /home/airflow/.local/lib/python3.8/site-packages/airflow/example_dags/example_short_circuit_decorator.py
[2023-10-13T13:32:37.841+0000] {processor.py:829} INFO - Processing file /home/airflow/.local/lib/python3.8/site-packages/airflow/example_dags/example_short_circuit_decorator.py for tasks to queue
[2023-10-13T13:32:37.858+0000] {logging_mixin.py:151} INFO - [2023-10-13T13:32:37.857+0000] {dagbag.py:536} INFO - Filling up the DagBag from /home/airflow/.local/lib/python3.8/site-packages/airflow/example_dags/example_short_circuit_decorator.py
[2023-10-13T13:32:37.893+0000] {processor.py:839} INFO - DAG(s) dict_keys(['example_short_circuit_decorator']) retrieved from /home/airflow/.local/lib/python3.8/site-packages/airflow/example_dags/example_short_circuit_decorator.py
[2023-10-13T13:32:37.968+0000] {logging_mixin.py:151} INFO - [2023-10-13T13:32:37.967+0000] {dag.py:2941} INFO - Sync 1 DAGs
[2023-10-13T13:32:38.030+0000] {logging_mixin.py:151} INFO - [2023-10-13T13:32:38.030+0000] {dag.py:3722} INFO - Setting next_dagrun for example_short_circuit_decorator to 2023-10-12T13:32:38.029645+00:00, run_after=2023-10-13T13:32:38.029645+00:00
[2023-10-13T13:32:38.112+0000] {processor.py:179} INFO - Processing /home/airflow/.local/lib/python3.8/site-packages/airflow/example_dags/example_short_circuit_decorator.py took 0.290 seconds
[2023-10-13T13:33:08.330+0000] {processor.py:157} INFO - Started process (PID=1462) to work on /home/airflow/.local/lib/python3.8/site-packages/airflow/example_dags/example_short_circuit_decorator.py
[2023-10-13T13:33:08.333+0000] {processor.py:829} INFO - Processing file /home/airflow/.local/lib/python3.8/site-packages/airflow/example_dags/example_short_circuit_decorator.py for tasks to queue
[2023-10-13T13:33:08.336+0000] {logging_mixin.py:151} INFO - [2023-10-13T13:33:08.336+0000] {dagbag.py:536} INFO - Filling up the DagBag from /home/airflow/.local/lib/python3.8/site-packages/airflow/example_dags/example_short_circuit_decorator.py
[2023-10-13T13:33:08.355+0000] {processor.py:839} INFO - DAG(s) dict_keys(['example_short_circuit_decorator']) retrieved from /home/airflow/.local/lib/python3.8/site-packages/airflow/example_dags/example_short_circuit_decorator.py
[2023-10-13T13:33:08.400+0000] {logging_mixin.py:151} INFO - [2023-10-13T13:33:08.400+0000] {dag.py:2941} INFO - Sync 1 DAGs
[2023-10-13T13:33:08.434+0000] {logging_mixin.py:151} INFO - [2023-10-13T13:33:08.433+0000] {dag.py:3722} INFO - Setting next_dagrun for example_short_circuit_decorator to 2023-10-12T13:33:08.433361+00:00, run_after=2023-10-13T13:33:08.433361+00:00
[2023-10-13T13:33:08.466+0000] {processor.py:179} INFO - Processing /home/airflow/.local/lib/python3.8/site-packages/airflow/example_dags/example_short_circuit_decorator.py took 0.142 seconds
[2023-10-13T13:33:38.732+0000] {processor.py:157} INFO - Started process (PID=1515) to work on /home/airflow/.local/lib/python3.8/site-packages/airflow/example_dags/example_short_circuit_decorator.py
[2023-10-13T13:33:38.734+0000] {processor.py:829} INFO - Processing file /home/airflow/.local/lib/python3.8/site-packages/airflow/example_dags/example_short_circuit_decorator.py for tasks to queue
[2023-10-13T13:33:38.738+0000] {logging_mixin.py:151} INFO - [2023-10-13T13:33:38.738+0000] {dagbag.py:536} INFO - Filling up the DagBag from /home/airflow/.local/lib/python3.8/site-packages/airflow/example_dags/example_short_circuit_decorator.py
[2023-10-13T13:33:38.751+0000] {processor.py:839} INFO - DAG(s) dict_keys(['example_short_circuit_decorator']) retrieved from /home/airflow/.local/lib/python3.8/site-packages/airflow/example_dags/example_short_circuit_decorator.py
[2023-10-13T13:33:38.786+0000] {logging_mixin.py:151} INFO - [2023-10-13T13:33:38.786+0000] {dag.py:2941} INFO - Sync 1 DAGs
[2023-10-13T13:33:38.818+0000] {logging_mixin.py:151} INFO - [2023-10-13T13:33:38.818+0000] {dag.py:3722} INFO - Setting next_dagrun for example_short_circuit_decorator to 2023-10-12T13:33:38.817926+00:00, run_after=2023-10-13T13:33:38.817926+00:00
[2023-10-13T13:33:38.851+0000] {processor.py:179} INFO - Processing /home/airflow/.local/lib/python3.8/site-packages/airflow/example_dags/example_short_circuit_decorator.py took 0.123 seconds
[2023-10-13T13:34:09.034+0000] {processor.py:157} INFO - Started process (PID=1570) to work on /home/airflow/.local/lib/python3.8/site-packages/airflow/example_dags/example_short_circuit_decorator.py
[2023-10-13T13:34:09.036+0000] {processor.py:829} INFO - Processing file /home/airflow/.local/lib/python3.8/site-packages/airflow/example_dags/example_short_circuit_decorator.py for tasks to queue
[2023-10-13T13:34:09.041+0000] {logging_mixin.py:151} INFO - [2023-10-13T13:34:09.041+0000] {dagbag.py:536} INFO - Filling up the DagBag from /home/airflow/.local/lib/python3.8/site-packages/airflow/example_dags/example_short_circuit_decorator.py
[2023-10-13T13:34:09.054+0000] {processor.py:839} INFO - DAG(s) dict_keys(['example_short_circuit_decorator']) retrieved from /home/airflow/.local/lib/python3.8/site-packages/airflow/example_dags/example_short_circuit_decorator.py
[2023-10-13T13:34:09.089+0000] {logging_mixin.py:151} INFO - [2023-10-13T13:34:09.089+0000] {dag.py:2941} INFO - Sync 1 DAGs
[2023-10-13T13:34:09.121+0000] {logging_mixin.py:151} INFO - [2023-10-13T13:34:09.121+0000] {dag.py:3722} INFO - Setting next_dagrun for example_short_circuit_decorator to 2023-10-12T13:34:09.120779+00:00, run_after=2023-10-13T13:34:09.120779+00:00
[2023-10-13T13:34:09.152+0000] {processor.py:179} INFO - Processing /home/airflow/.local/lib/python3.8/site-packages/airflow/example_dags/example_short_circuit_decorator.py took 0.124 seconds
[2023-10-13T13:34:39.556+0000] {processor.py:157} INFO - Started process (PID=1625) to work on /home/airflow/.local/lib/python3.8/site-packages/airflow/example_dags/example_short_circuit_decorator.py
[2023-10-13T13:34:39.558+0000] {processor.py:829} INFO - Processing file /home/airflow/.local/lib/python3.8/site-packages/airflow/example_dags/example_short_circuit_decorator.py for tasks to queue
[2023-10-13T13:34:39.562+0000] {logging_mixin.py:151} INFO - [2023-10-13T13:34:39.562+0000] {dagbag.py:536} INFO - Filling up the DagBag from /home/airflow/.local/lib/python3.8/site-packages/airflow/example_dags/example_short_circuit_decorator.py
[2023-10-13T13:34:39.580+0000] {processor.py:839} INFO - DAG(s) dict_keys(['example_short_circuit_decorator']) retrieved from /home/airflow/.local/lib/python3.8/site-packages/airflow/example_dags/example_short_circuit_decorator.py
[2023-10-13T13:34:39.618+0000] {logging_mixin.py:151} INFO - [2023-10-13T13:34:39.618+0000] {dag.py:2941} INFO - Sync 1 DAGs
[2023-10-13T13:34:39.653+0000] {logging_mixin.py:151} INFO - [2023-10-13T13:34:39.653+0000] {dag.py:3722} INFO - Setting next_dagrun for example_short_circuit_decorator to 2023-10-12T13:34:39.652752+00:00, run_after=2023-10-13T13:34:39.652752+00:00
[2023-10-13T13:34:39.687+0000] {processor.py:179} INFO - Processing /home/airflow/.local/lib/python3.8/site-packages/airflow/example_dags/example_short_circuit_decorator.py took 0.135 seconds
[2023-10-13T13:35:10.449+0000] {processor.py:157} INFO - Started process (PID=1679) to work on /home/airflow/.local/lib/python3.8/site-packages/airflow/example_dags/example_short_circuit_decorator.py
[2023-10-13T13:35:10.451+0000] {processor.py:829} INFO - Processing file /home/airflow/.local/lib/python3.8/site-packages/airflow/example_dags/example_short_circuit_decorator.py for tasks to queue
[2023-10-13T13:35:10.454+0000] {logging_mixin.py:151} INFO - [2023-10-13T13:35:10.454+0000] {dagbag.py:536} INFO - Filling up the DagBag from /home/airflow/.local/lib/python3.8/site-packages/airflow/example_dags/example_short_circuit_decorator.py
[2023-10-13T13:35:10.466+0000] {processor.py:839} INFO - DAG(s) dict_keys(['example_short_circuit_decorator']) retrieved from /home/airflow/.local/lib/python3.8/site-packages/airflow/example_dags/example_short_circuit_decorator.py
[2023-10-13T13:35:10.500+0000] {logging_mixin.py:151} INFO - [2023-10-13T13:35:10.499+0000] {dag.py:2941} INFO - Sync 1 DAGs
[2023-10-13T13:35:10.539+0000] {logging_mixin.py:151} INFO - [2023-10-13T13:35:10.538+0000] {dag.py:3722} INFO - Setting next_dagrun for example_short_circuit_decorator to 2023-10-12T13:35:10.538463+00:00, run_after=2023-10-13T13:35:10.538463+00:00
[2023-10-13T13:35:10.571+0000] {processor.py:179} INFO - Processing /home/airflow/.local/lib/python3.8/site-packages/airflow/example_dags/example_short_circuit_decorator.py took 0.127 seconds
[2023-10-13T13:35:41.026+0000] {processor.py:157} INFO - Started process (PID=1733) to work on /home/airflow/.local/lib/python3.8/site-packages/airflow/example_dags/example_short_circuit_decorator.py
[2023-10-13T13:35:41.028+0000] {processor.py:829} INFO - Processing file /home/airflow/.local/lib/python3.8/site-packages/airflow/example_dags/example_short_circuit_decorator.py for tasks to queue
[2023-10-13T13:35:41.034+0000] {logging_mixin.py:151} INFO - [2023-10-13T13:35:41.034+0000] {dagbag.py:536} INFO - Filling up the DagBag from /home/airflow/.local/lib/python3.8/site-packages/airflow/example_dags/example_short_circuit_decorator.py
[2023-10-13T13:35:41.067+0000] {processor.py:839} INFO - DAG(s) dict_keys(['example_short_circuit_decorator']) retrieved from /home/airflow/.local/lib/python3.8/site-packages/airflow/example_dags/example_short_circuit_decorator.py
[2023-10-13T13:35:41.120+0000] {logging_mixin.py:151} INFO - [2023-10-13T13:35:41.120+0000] {dag.py:2941} INFO - Sync 1 DAGs
[2023-10-13T13:35:41.165+0000] {logging_mixin.py:151} INFO - [2023-10-13T13:35:41.165+0000] {dag.py:3722} INFO - Setting next_dagrun for example_short_circuit_decorator to 2023-10-12T13:35:41.164767+00:00, run_after=2023-10-13T13:35:41.164767+00:00
[2023-10-13T13:35:41.266+0000] {processor.py:179} INFO - Processing /home/airflow/.local/lib/python3.8/site-packages/airflow/example_dags/example_short_circuit_decorator.py took 0.244 seconds
[2023-10-13T13:36:11.986+0000] {processor.py:157} INFO - Started process (PID=1787) to work on /home/airflow/.local/lib/python3.8/site-packages/airflow/example_dags/example_short_circuit_decorator.py
[2023-10-13T13:36:11.988+0000] {processor.py:829} INFO - Processing file /home/airflow/.local/lib/python3.8/site-packages/airflow/example_dags/example_short_circuit_decorator.py for tasks to queue
[2023-10-13T13:36:11.993+0000] {logging_mixin.py:151} INFO - [2023-10-13T13:36:11.992+0000] {dagbag.py:536} INFO - Filling up the DagBag from /home/airflow/.local/lib/python3.8/site-packages/airflow/example_dags/example_short_circuit_decorator.py
[2023-10-13T13:36:12.006+0000] {processor.py:839} INFO - DAG(s) dict_keys(['example_short_circuit_decorator']) retrieved from /home/airflow/.local/lib/python3.8/site-packages/airflow/example_dags/example_short_circuit_decorator.py
[2023-10-13T13:36:12.045+0000] {logging_mixin.py:151} INFO - [2023-10-13T13:36:12.045+0000] {dag.py:2941} INFO - Sync 1 DAGs
[2023-10-13T13:36:12.082+0000] {logging_mixin.py:151} INFO - [2023-10-13T13:36:12.082+0000] {dag.py:3722} INFO - Setting next_dagrun for example_short_circuit_decorator to 2023-10-12T13:36:12.081778+00:00, run_after=2023-10-13T13:36:12.081778+00:00
[2023-10-13T13:36:12.113+0000] {processor.py:179} INFO - Processing /home/airflow/.local/lib/python3.8/site-packages/airflow/example_dags/example_short_circuit_decorator.py took 0.132 seconds
