[2023-10-13T13:19:38.986+0000] {processor.py:157} INFO - Started process (PID=74) to work on /home/airflow/.local/lib/python3.8/site-packages/airflow/example_dags/example_skip_dag.py
[2023-10-13T13:19:39.028+0000] {processor.py:829} INFO - Processing file /home/airflow/.local/lib/python3.8/site-packages/airflow/example_dags/example_skip_dag.py for tasks to queue
[2023-10-13T13:19:39.078+0000] {logging_mixin.py:151} INFO - [2023-10-13T13:19:39.075+0000] {dagbag.py:536} INFO - Filling up the DagBag from /home/airflow/.local/lib/python3.8/site-packages/airflow/example_dags/example_skip_dag.py
[2023-10-13T13:19:39.206+0000] {processor.py:839} INFO - DAG(s) dict_keys(['example_skip_dag']) retrieved from /home/airflow/.local/lib/python3.8/site-packages/airflow/example_dags/example_skip_dag.py
[2023-10-13T13:19:39.522+0000] {logging_mixin.py:151} INFO - [2023-10-13T13:19:39.520+0000] {dag.py:2941} INFO - Sync 1 DAGs
[2023-10-13T13:19:39.704+0000] {logging_mixin.py:151} INFO - [2023-10-13T13:19:39.703+0000] {dag.py:3722} INFO - Setting next_dagrun for example_skip_dag to 2023-10-12T13:19:39.702572+00:00, run_after=2023-10-13T13:19:39.702572+00:00
[2023-10-13T13:19:39.775+0000] {processor.py:179} INFO - Processing /home/airflow/.local/lib/python3.8/site-packages/airflow/example_dags/example_skip_dag.py took 0.841 seconds
[2023-10-13T13:20:09.894+0000] {processor.py:157} INFO - Started process (PID=127) to work on /home/airflow/.local/lib/python3.8/site-packages/airflow/example_dags/example_skip_dag.py
[2023-10-13T13:20:09.896+0000] {processor.py:829} INFO - Processing file /home/airflow/.local/lib/python3.8/site-packages/airflow/example_dags/example_skip_dag.py for tasks to queue
[2023-10-13T13:20:09.900+0000] {logging_mixin.py:151} INFO - [2023-10-13T13:20:09.899+0000] {dagbag.py:536} INFO - Filling up the DagBag from /home/airflow/.local/lib/python3.8/site-packages/airflow/example_dags/example_skip_dag.py
[2023-10-13T13:20:09.910+0000] {processor.py:839} INFO - DAG(s) dict_keys(['example_skip_dag']) retrieved from /home/airflow/.local/lib/python3.8/site-packages/airflow/example_dags/example_skip_dag.py
[2023-10-13T13:20:09.941+0000] {logging_mixin.py:151} INFO - [2023-10-13T13:20:09.940+0000] {dag.py:2941} INFO - Sync 1 DAGs
[2023-10-13T13:20:09.969+0000] {logging_mixin.py:151} INFO - [2023-10-13T13:20:09.969+0000] {dag.py:3722} INFO - Setting next_dagrun for example_skip_dag to 2023-10-12T13:20:09.968786+00:00, run_after=2023-10-13T13:20:09.968786+00:00
[2023-10-13T13:20:09.997+0000] {processor.py:179} INFO - Processing /home/airflow/.local/lib/python3.8/site-packages/airflow/example_dags/example_skip_dag.py took 0.107 seconds
[2023-10-13T13:20:40.068+0000] {processor.py:157} INFO - Started process (PID=181) to work on /home/airflow/.local/lib/python3.8/site-packages/airflow/example_dags/example_skip_dag.py
[2023-10-13T13:20:40.070+0000] {processor.py:829} INFO - Processing file /home/airflow/.local/lib/python3.8/site-packages/airflow/example_dags/example_skip_dag.py for tasks to queue
[2023-10-13T13:20:40.074+0000] {logging_mixin.py:151} INFO - [2023-10-13T13:20:40.074+0000] {dagbag.py:536} INFO - Filling up the DagBag from /home/airflow/.local/lib/python3.8/site-packages/airflow/example_dags/example_skip_dag.py
[2023-10-13T13:20:40.083+0000] {processor.py:839} INFO - DAG(s) dict_keys(['example_skip_dag']) retrieved from /home/airflow/.local/lib/python3.8/site-packages/airflow/example_dags/example_skip_dag.py
[2023-10-13T13:20:40.115+0000] {logging_mixin.py:151} INFO - [2023-10-13T13:20:40.114+0000] {dag.py:2941} INFO - Sync 1 DAGs
[2023-10-13T13:20:40.152+0000] {logging_mixin.py:151} INFO - [2023-10-13T13:20:40.151+0000] {dag.py:3722} INFO - Setting next_dagrun for example_skip_dag to 2023-10-12T13:20:40.151239+00:00, run_after=2023-10-13T13:20:40.151239+00:00
[2023-10-13T13:20:40.191+0000] {processor.py:179} INFO - Processing /home/airflow/.local/lib/python3.8/site-packages/airflow/example_dags/example_skip_dag.py took 0.127 seconds
[2023-10-13T13:21:10.437+0000] {processor.py:157} INFO - Started process (PID=235) to work on /home/airflow/.local/lib/python3.8/site-packages/airflow/example_dags/example_skip_dag.py
[2023-10-13T13:21:10.438+0000] {processor.py:829} INFO - Processing file /home/airflow/.local/lib/python3.8/site-packages/airflow/example_dags/example_skip_dag.py for tasks to queue
[2023-10-13T13:21:10.442+0000] {logging_mixin.py:151} INFO - [2023-10-13T13:21:10.442+0000] {dagbag.py:536} INFO - Filling up the DagBag from /home/airflow/.local/lib/python3.8/site-packages/airflow/example_dags/example_skip_dag.py
[2023-10-13T13:21:10.450+0000] {processor.py:839} INFO - DAG(s) dict_keys(['example_skip_dag']) retrieved from /home/airflow/.local/lib/python3.8/site-packages/airflow/example_dags/example_skip_dag.py
[2023-10-13T13:21:10.481+0000] {logging_mixin.py:151} INFO - [2023-10-13T13:21:10.480+0000] {dag.py:2941} INFO - Sync 1 DAGs
[2023-10-13T13:21:10.509+0000] {logging_mixin.py:151} INFO - [2023-10-13T13:21:10.509+0000] {dag.py:3722} INFO - Setting next_dagrun for example_skip_dag to 2023-10-12T13:21:10.509229+00:00, run_after=2023-10-13T13:21:10.509229+00:00
[2023-10-13T13:21:10.543+0000] {processor.py:179} INFO - Processing /home/airflow/.local/lib/python3.8/site-packages/airflow/example_dags/example_skip_dag.py took 0.111 seconds
[2023-10-13T13:21:41.172+0000] {processor.py:157} INFO - Started process (PID=289) to work on /home/airflow/.local/lib/python3.8/site-packages/airflow/example_dags/example_skip_dag.py
[2023-10-13T13:21:41.174+0000] {processor.py:829} INFO - Processing file /home/airflow/.local/lib/python3.8/site-packages/airflow/example_dags/example_skip_dag.py for tasks to queue
[2023-10-13T13:21:41.178+0000] {logging_mixin.py:151} INFO - [2023-10-13T13:21:41.177+0000] {dagbag.py:536} INFO - Filling up the DagBag from /home/airflow/.local/lib/python3.8/site-packages/airflow/example_dags/example_skip_dag.py
[2023-10-13T13:21:41.188+0000] {processor.py:839} INFO - DAG(s) dict_keys(['example_skip_dag']) retrieved from /home/airflow/.local/lib/python3.8/site-packages/airflow/example_dags/example_skip_dag.py
[2023-10-13T13:21:41.219+0000] {logging_mixin.py:151} INFO - [2023-10-13T13:21:41.218+0000] {dag.py:2941} INFO - Sync 1 DAGs
[2023-10-13T13:21:41.248+0000] {logging_mixin.py:151} INFO - [2023-10-13T13:21:41.247+0000] {dag.py:3722} INFO - Setting next_dagrun for example_skip_dag to 2023-10-12T13:21:41.246787+00:00, run_after=2023-10-13T13:21:41.246787+00:00
[2023-10-13T13:21:41.282+0000] {processor.py:179} INFO - Processing /home/airflow/.local/lib/python3.8/site-packages/airflow/example_dags/example_skip_dag.py took 0.113 seconds
[2023-10-13T13:22:11.872+0000] {processor.py:157} INFO - Started process (PID=343) to work on /home/airflow/.local/lib/python3.8/site-packages/airflow/example_dags/example_skip_dag.py
[2023-10-13T13:22:11.874+0000] {processor.py:829} INFO - Processing file /home/airflow/.local/lib/python3.8/site-packages/airflow/example_dags/example_skip_dag.py for tasks to queue
[2023-10-13T13:22:11.878+0000] {logging_mixin.py:151} INFO - [2023-10-13T13:22:11.877+0000] {dagbag.py:536} INFO - Filling up the DagBag from /home/airflow/.local/lib/python3.8/site-packages/airflow/example_dags/example_skip_dag.py
[2023-10-13T13:22:11.890+0000] {processor.py:839} INFO - DAG(s) dict_keys(['example_skip_dag']) retrieved from /home/airflow/.local/lib/python3.8/site-packages/airflow/example_dags/example_skip_dag.py
[2023-10-13T13:22:11.926+0000] {logging_mixin.py:151} INFO - [2023-10-13T13:22:11.926+0000] {dag.py:2941} INFO - Sync 1 DAGs
[2023-10-13T13:22:11.960+0000] {logging_mixin.py:151} INFO - [2023-10-13T13:22:11.959+0000] {dag.py:3722} INFO - Setting next_dagrun for example_skip_dag to 2023-10-12T13:22:11.959304+00:00, run_after=2023-10-13T13:22:11.959304+00:00
[2023-10-13T13:22:11.993+0000] {processor.py:179} INFO - Processing /home/airflow/.local/lib/python3.8/site-packages/airflow/example_dags/example_skip_dag.py took 0.125 seconds
[2023-10-13T13:22:42.738+0000] {processor.py:157} INFO - Started process (PID=397) to work on /home/airflow/.local/lib/python3.8/site-packages/airflow/example_dags/example_skip_dag.py
[2023-10-13T13:22:42.739+0000] {processor.py:829} INFO - Processing file /home/airflow/.local/lib/python3.8/site-packages/airflow/example_dags/example_skip_dag.py for tasks to queue
[2023-10-13T13:22:42.743+0000] {logging_mixin.py:151} INFO - [2023-10-13T13:22:42.743+0000] {dagbag.py:536} INFO - Filling up the DagBag from /home/airflow/.local/lib/python3.8/site-packages/airflow/example_dags/example_skip_dag.py
[2023-10-13T13:22:42.751+0000] {processor.py:839} INFO - DAG(s) dict_keys(['example_skip_dag']) retrieved from /home/airflow/.local/lib/python3.8/site-packages/airflow/example_dags/example_skip_dag.py
[2023-10-13T13:22:42.787+0000] {logging_mixin.py:151} INFO - [2023-10-13T13:22:42.787+0000] {dag.py:2941} INFO - Sync 1 DAGs
[2023-10-13T13:22:42.823+0000] {logging_mixin.py:151} INFO - [2023-10-13T13:22:42.823+0000] {dag.py:3722} INFO - Setting next_dagrun for example_skip_dag to 2023-10-12T13:22:42.822565+00:00, run_after=2023-10-13T13:22:42.822565+00:00
[2023-10-13T13:22:42.863+0000] {processor.py:179} INFO - Processing /home/airflow/.local/lib/python3.8/site-packages/airflow/example_dags/example_skip_dag.py took 0.130 seconds
[2023-10-13T13:23:13.365+0000] {processor.py:157} INFO - Started process (PID=451) to work on /home/airflow/.local/lib/python3.8/site-packages/airflow/example_dags/example_skip_dag.py
[2023-10-13T13:23:13.366+0000] {processor.py:829} INFO - Processing file /home/airflow/.local/lib/python3.8/site-packages/airflow/example_dags/example_skip_dag.py for tasks to queue
[2023-10-13T13:23:13.370+0000] {logging_mixin.py:151} INFO - [2023-10-13T13:23:13.369+0000] {dagbag.py:536} INFO - Filling up the DagBag from /home/airflow/.local/lib/python3.8/site-packages/airflow/example_dags/example_skip_dag.py
[2023-10-13T13:23:13.379+0000] {processor.py:839} INFO - DAG(s) dict_keys(['example_skip_dag']) retrieved from /home/airflow/.local/lib/python3.8/site-packages/airflow/example_dags/example_skip_dag.py
[2023-10-13T13:23:13.407+0000] {logging_mixin.py:151} INFO - [2023-10-13T13:23:13.407+0000] {dag.py:2941} INFO - Sync 1 DAGs
[2023-10-13T13:23:13.436+0000] {logging_mixin.py:151} INFO - [2023-10-13T13:23:13.436+0000] {dag.py:3722} INFO - Setting next_dagrun for example_skip_dag to 2023-10-12T13:23:13.435807+00:00, run_after=2023-10-13T13:23:13.435807+00:00
[2023-10-13T13:23:13.469+0000] {processor.py:179} INFO - Processing /home/airflow/.local/lib/python3.8/site-packages/airflow/example_dags/example_skip_dag.py took 0.109 seconds
[2023-10-13T13:23:43.963+0000] {processor.py:157} INFO - Started process (PID=505) to work on /home/airflow/.local/lib/python3.8/site-packages/airflow/example_dags/example_skip_dag.py
[2023-10-13T13:23:43.964+0000] {processor.py:829} INFO - Processing file /home/airflow/.local/lib/python3.8/site-packages/airflow/example_dags/example_skip_dag.py for tasks to queue
[2023-10-13T13:23:43.968+0000] {logging_mixin.py:151} INFO - [2023-10-13T13:23:43.967+0000] {dagbag.py:536} INFO - Filling up the DagBag from /home/airflow/.local/lib/python3.8/site-packages/airflow/example_dags/example_skip_dag.py
[2023-10-13T13:23:43.977+0000] {processor.py:839} INFO - DAG(s) dict_keys(['example_skip_dag']) retrieved from /home/airflow/.local/lib/python3.8/site-packages/airflow/example_dags/example_skip_dag.py
[2023-10-13T13:23:44.006+0000] {logging_mixin.py:151} INFO - [2023-10-13T13:23:44.005+0000] {dag.py:2941} INFO - Sync 1 DAGs
[2023-10-13T13:23:44.032+0000] {logging_mixin.py:151} INFO - [2023-10-13T13:23:44.031+0000] {dag.py:3722} INFO - Setting next_dagrun for example_skip_dag to 2023-10-12T13:23:44.031384+00:00, run_after=2023-10-13T13:23:44.031384+00:00
[2023-10-13T13:23:44.065+0000] {processor.py:179} INFO - Processing /home/airflow/.local/lib/python3.8/site-packages/airflow/example_dags/example_skip_dag.py took 0.106 seconds
[2023-10-13T13:24:14.174+0000] {processor.py:157} INFO - Started process (PID=559) to work on /home/airflow/.local/lib/python3.8/site-packages/airflow/example_dags/example_skip_dag.py
[2023-10-13T13:24:14.177+0000] {processor.py:829} INFO - Processing file /home/airflow/.local/lib/python3.8/site-packages/airflow/example_dags/example_skip_dag.py for tasks to queue
[2023-10-13T13:24:14.180+0000] {logging_mixin.py:151} INFO - [2023-10-13T13:24:14.180+0000] {dagbag.py:536} INFO - Filling up the DagBag from /home/airflow/.local/lib/python3.8/site-packages/airflow/example_dags/example_skip_dag.py
[2023-10-13T13:24:14.188+0000] {processor.py:839} INFO - DAG(s) dict_keys(['example_skip_dag']) retrieved from /home/airflow/.local/lib/python3.8/site-packages/airflow/example_dags/example_skip_dag.py
[2023-10-13T13:24:14.219+0000] {logging_mixin.py:151} INFO - [2023-10-13T13:24:14.218+0000] {dag.py:2941} INFO - Sync 1 DAGs
[2023-10-13T13:24:14.245+0000] {logging_mixin.py:151} INFO - [2023-10-13T13:24:14.245+0000] {dag.py:3722} INFO - Setting next_dagrun for example_skip_dag to 2023-10-12T13:24:14.244765+00:00, run_after=2023-10-13T13:24:14.244765+00:00
[2023-10-13T13:24:14.321+0000] {processor.py:179} INFO - Processing /home/airflow/.local/lib/python3.8/site-packages/airflow/example_dags/example_skip_dag.py took 0.151 seconds
[2023-10-13T13:24:45.142+0000] {processor.py:157} INFO - Started process (PID=611) to work on /home/airflow/.local/lib/python3.8/site-packages/airflow/example_dags/example_skip_dag.py
[2023-10-13T13:24:45.144+0000] {processor.py:829} INFO - Processing file /home/airflow/.local/lib/python3.8/site-packages/airflow/example_dags/example_skip_dag.py for tasks to queue
[2023-10-13T13:24:45.147+0000] {logging_mixin.py:151} INFO - [2023-10-13T13:24:45.146+0000] {dagbag.py:536} INFO - Filling up the DagBag from /home/airflow/.local/lib/python3.8/site-packages/airflow/example_dags/example_skip_dag.py
[2023-10-13T13:24:45.156+0000] {processor.py:839} INFO - DAG(s) dict_keys(['example_skip_dag']) retrieved from /home/airflow/.local/lib/python3.8/site-packages/airflow/example_dags/example_skip_dag.py
[2023-10-13T13:24:45.187+0000] {logging_mixin.py:151} INFO - [2023-10-13T13:24:45.186+0000] {dag.py:2941} INFO - Sync 1 DAGs
[2023-10-13T13:24:45.215+0000] {logging_mixin.py:151} INFO - [2023-10-13T13:24:45.215+0000] {dag.py:3722} INFO - Setting next_dagrun for example_skip_dag to 2023-10-12T13:24:45.215038+00:00, run_after=2023-10-13T13:24:45.215038+00:00
[2023-10-13T13:24:45.247+0000] {processor.py:179} INFO - Processing /home/airflow/.local/lib/python3.8/site-packages/airflow/example_dags/example_skip_dag.py took 0.109 seconds
[2023-10-13T13:25:15.908+0000] {processor.py:157} INFO - Started process (PID=665) to work on /home/airflow/.local/lib/python3.8/site-packages/airflow/example_dags/example_skip_dag.py
[2023-10-13T13:25:15.913+0000] {processor.py:829} INFO - Processing file /home/airflow/.local/lib/python3.8/site-packages/airflow/example_dags/example_skip_dag.py for tasks to queue
[2023-10-13T13:25:15.919+0000] {logging_mixin.py:151} INFO - [2023-10-13T13:25:15.918+0000] {dagbag.py:536} INFO - Filling up the DagBag from /home/airflow/.local/lib/python3.8/site-packages/airflow/example_dags/example_skip_dag.py
[2023-10-13T13:25:15.941+0000] {processor.py:839} INFO - DAG(s) dict_keys(['example_skip_dag']) retrieved from /home/airflow/.local/lib/python3.8/site-packages/airflow/example_dags/example_skip_dag.py
[2023-10-13T13:25:16.014+0000] {logging_mixin.py:151} INFO - [2023-10-13T13:25:16.014+0000] {dag.py:2941} INFO - Sync 1 DAGs
[2023-10-13T13:25:16.099+0000] {logging_mixin.py:151} INFO - [2023-10-13T13:25:16.098+0000] {dag.py:3722} INFO - Setting next_dagrun for example_skip_dag to 2023-10-12T13:25:16.098187+00:00, run_after=2023-10-13T13:25:16.098187+00:00
[2023-10-13T13:25:16.171+0000] {processor.py:179} INFO - Processing /home/airflow/.local/lib/python3.8/site-packages/airflow/example_dags/example_skip_dag.py took 0.271 seconds
[2023-10-13T13:25:46.260+0000] {processor.py:157} INFO - Started process (PID=719) to work on /home/airflow/.local/lib/python3.8/site-packages/airflow/example_dags/example_skip_dag.py
[2023-10-13T13:25:46.261+0000] {processor.py:829} INFO - Processing file /home/airflow/.local/lib/python3.8/site-packages/airflow/example_dags/example_skip_dag.py for tasks to queue
[2023-10-13T13:25:46.265+0000] {logging_mixin.py:151} INFO - [2023-10-13T13:25:46.265+0000] {dagbag.py:536} INFO - Filling up the DagBag from /home/airflow/.local/lib/python3.8/site-packages/airflow/example_dags/example_skip_dag.py
[2023-10-13T13:25:46.276+0000] {processor.py:839} INFO - DAG(s) dict_keys(['example_skip_dag']) retrieved from /home/airflow/.local/lib/python3.8/site-packages/airflow/example_dags/example_skip_dag.py
[2023-10-13T13:25:46.310+0000] {logging_mixin.py:151} INFO - [2023-10-13T13:25:46.310+0000] {dag.py:2941} INFO - Sync 1 DAGs
[2023-10-13T13:25:46.340+0000] {logging_mixin.py:151} INFO - [2023-10-13T13:25:46.339+0000] {dag.py:3722} INFO - Setting next_dagrun for example_skip_dag to 2023-10-12T13:25:46.339606+00:00, run_after=2023-10-13T13:25:46.339606+00:00
[2023-10-13T13:25:46.388+0000] {processor.py:179} INFO - Processing /home/airflow/.local/lib/python3.8/site-packages/airflow/example_dags/example_skip_dag.py took 0.133 seconds
[2023-10-13T13:26:17.256+0000] {processor.py:157} INFO - Started process (PID=773) to work on /home/airflow/.local/lib/python3.8/site-packages/airflow/example_dags/example_skip_dag.py
[2023-10-13T13:26:17.258+0000] {processor.py:829} INFO - Processing file /home/airflow/.local/lib/python3.8/site-packages/airflow/example_dags/example_skip_dag.py for tasks to queue
[2023-10-13T13:26:17.262+0000] {logging_mixin.py:151} INFO - [2023-10-13T13:26:17.262+0000] {dagbag.py:536} INFO - Filling up the DagBag from /home/airflow/.local/lib/python3.8/site-packages/airflow/example_dags/example_skip_dag.py
[2023-10-13T13:26:17.276+0000] {processor.py:839} INFO - DAG(s) dict_keys(['example_skip_dag']) retrieved from /home/airflow/.local/lib/python3.8/site-packages/airflow/example_dags/example_skip_dag.py
[2023-10-13T13:26:17.314+0000] {logging_mixin.py:151} INFO - [2023-10-13T13:26:17.313+0000] {dag.py:2941} INFO - Sync 1 DAGs
[2023-10-13T13:26:17.350+0000] {logging_mixin.py:151} INFO - [2023-10-13T13:26:17.350+0000] {dag.py:3722} INFO - Setting next_dagrun for example_skip_dag to 2023-10-12T13:26:17.349874+00:00, run_after=2023-10-13T13:26:17.349874+00:00
[2023-10-13T13:26:17.485+0000] {processor.py:179} INFO - Processing /home/airflow/.local/lib/python3.8/site-packages/airflow/example_dags/example_skip_dag.py took 0.235 seconds
[2023-10-13T13:26:48.354+0000] {processor.py:157} INFO - Started process (PID=827) to work on /home/airflow/.local/lib/python3.8/site-packages/airflow/example_dags/example_skip_dag.py
[2023-10-13T13:26:48.356+0000] {processor.py:829} INFO - Processing file /home/airflow/.local/lib/python3.8/site-packages/airflow/example_dags/example_skip_dag.py for tasks to queue
[2023-10-13T13:26:48.360+0000] {logging_mixin.py:151} INFO - [2023-10-13T13:26:48.359+0000] {dagbag.py:536} INFO - Filling up the DagBag from /home/airflow/.local/lib/python3.8/site-packages/airflow/example_dags/example_skip_dag.py
[2023-10-13T13:26:48.368+0000] {processor.py:839} INFO - DAG(s) dict_keys(['example_skip_dag']) retrieved from /home/airflow/.local/lib/python3.8/site-packages/airflow/example_dags/example_skip_dag.py
[2023-10-13T13:26:48.399+0000] {logging_mixin.py:151} INFO - [2023-10-13T13:26:48.399+0000] {dag.py:2941} INFO - Sync 1 DAGs
[2023-10-13T13:26:48.425+0000] {logging_mixin.py:151} INFO - [2023-10-13T13:26:48.425+0000] {dag.py:3722} INFO - Setting next_dagrun for example_skip_dag to 2023-10-12T13:26:48.425333+00:00, run_after=2023-10-13T13:26:48.425333+00:00
[2023-10-13T13:26:48.455+0000] {processor.py:179} INFO - Processing /home/airflow/.local/lib/python3.8/site-packages/airflow/example_dags/example_skip_dag.py took 0.105 seconds
[2023-10-13T13:27:19.026+0000] {processor.py:157} INFO - Started process (PID=881) to work on /home/airflow/.local/lib/python3.8/site-packages/airflow/example_dags/example_skip_dag.py
[2023-10-13T13:27:19.028+0000] {processor.py:829} INFO - Processing file /home/airflow/.local/lib/python3.8/site-packages/airflow/example_dags/example_skip_dag.py for tasks to queue
[2023-10-13T13:27:19.034+0000] {logging_mixin.py:151} INFO - [2023-10-13T13:27:19.033+0000] {dagbag.py:536} INFO - Filling up the DagBag from /home/airflow/.local/lib/python3.8/site-packages/airflow/example_dags/example_skip_dag.py
[2023-10-13T13:27:19.044+0000] {processor.py:839} INFO - DAG(s) dict_keys(['example_skip_dag']) retrieved from /home/airflow/.local/lib/python3.8/site-packages/airflow/example_dags/example_skip_dag.py
[2023-10-13T13:27:19.085+0000] {logging_mixin.py:151} INFO - [2023-10-13T13:27:19.085+0000] {dag.py:2941} INFO - Sync 1 DAGs
[2023-10-13T13:27:19.131+0000] {logging_mixin.py:151} INFO - [2023-10-13T13:27:19.131+0000] {dag.py:3722} INFO - Setting next_dagrun for example_skip_dag to 2023-10-12T13:27:19.130338+00:00, run_after=2023-10-13T13:27:19.130338+00:00
[2023-10-13T13:27:19.371+0000] {processor.py:179} INFO - Processing /home/airflow/.local/lib/python3.8/site-packages/airflow/example_dags/example_skip_dag.py took 0.351 seconds
[2023-10-13T13:27:49.569+0000] {processor.py:157} INFO - Started process (PID=935) to work on /home/airflow/.local/lib/python3.8/site-packages/airflow/example_dags/example_skip_dag.py
[2023-10-13T13:27:49.571+0000] {processor.py:829} INFO - Processing file /home/airflow/.local/lib/python3.8/site-packages/airflow/example_dags/example_skip_dag.py for tasks to queue
[2023-10-13T13:27:49.575+0000] {logging_mixin.py:151} INFO - [2023-10-13T13:27:49.575+0000] {dagbag.py:536} INFO - Filling up the DagBag from /home/airflow/.local/lib/python3.8/site-packages/airflow/example_dags/example_skip_dag.py
[2023-10-13T13:27:49.587+0000] {processor.py:839} INFO - DAG(s) dict_keys(['example_skip_dag']) retrieved from /home/airflow/.local/lib/python3.8/site-packages/airflow/example_dags/example_skip_dag.py
[2023-10-13T13:27:49.624+0000] {logging_mixin.py:151} INFO - [2023-10-13T13:27:49.623+0000] {dag.py:2941} INFO - Sync 1 DAGs
[2023-10-13T13:27:49.657+0000] {logging_mixin.py:151} INFO - [2023-10-13T13:27:49.657+0000] {dag.py:3722} INFO - Setting next_dagrun for example_skip_dag to 2023-10-12T13:27:49.657274+00:00, run_after=2023-10-13T13:27:49.657274+00:00
[2023-10-13T13:27:49.706+0000] {processor.py:179} INFO - Processing /home/airflow/.local/lib/python3.8/site-packages/airflow/example_dags/example_skip_dag.py took 0.141 seconds
[2023-10-13T13:28:24.640+0000] {processor.py:157} INFO - Started process (PID=989) to work on /home/airflow/.local/lib/python3.8/site-packages/airflow/example_dags/example_skip_dag.py
[2023-10-13T13:28:24.642+0000] {processor.py:829} INFO - Processing file /home/airflow/.local/lib/python3.8/site-packages/airflow/example_dags/example_skip_dag.py for tasks to queue
[2023-10-13T13:28:24.646+0000] {logging_mixin.py:151} INFO - [2023-10-13T13:28:24.646+0000] {dagbag.py:536} INFO - Filling up the DagBag from /home/airflow/.local/lib/python3.8/site-packages/airflow/example_dags/example_skip_dag.py
[2023-10-13T13:28:24.655+0000] {processor.py:839} INFO - DAG(s) dict_keys(['example_skip_dag']) retrieved from /home/airflow/.local/lib/python3.8/site-packages/airflow/example_dags/example_skip_dag.py
[2023-10-13T13:28:24.699+0000] {logging_mixin.py:151} INFO - [2023-10-13T13:28:24.699+0000] {dag.py:2941} INFO - Sync 1 DAGs
[2023-10-13T13:28:24.840+0000] {logging_mixin.py:151} INFO - [2023-10-13T13:28:24.839+0000] {dag.py:3722} INFO - Setting next_dagrun for example_skip_dag to 2023-10-12T13:28:24.839086+00:00, run_after=2023-10-13T13:28:24.839086+00:00
[2023-10-13T13:28:25.015+0000] {processor.py:179} INFO - Processing /home/airflow/.local/lib/python3.8/site-packages/airflow/example_dags/example_skip_dag.py took 0.380 seconds
[2023-10-13T13:28:55.849+0000] {processor.py:157} INFO - Started process (PID=1043) to work on /home/airflow/.local/lib/python3.8/site-packages/airflow/example_dags/example_skip_dag.py
[2023-10-13T13:28:55.851+0000] {processor.py:829} INFO - Processing file /home/airflow/.local/lib/python3.8/site-packages/airflow/example_dags/example_skip_dag.py for tasks to queue
[2023-10-13T13:28:55.854+0000] {logging_mixin.py:151} INFO - [2023-10-13T13:28:55.854+0000] {dagbag.py:536} INFO - Filling up the DagBag from /home/airflow/.local/lib/python3.8/site-packages/airflow/example_dags/example_skip_dag.py
[2023-10-13T13:28:55.866+0000] {processor.py:839} INFO - DAG(s) dict_keys(['example_skip_dag']) retrieved from /home/airflow/.local/lib/python3.8/site-packages/airflow/example_dags/example_skip_dag.py
[2023-10-13T13:28:55.907+0000] {logging_mixin.py:151} INFO - [2023-10-13T13:28:55.907+0000] {dag.py:2941} INFO - Sync 1 DAGs
[2023-10-13T13:28:56.090+0000] {logging_mixin.py:151} INFO - [2023-10-13T13:28:56.090+0000] {dag.py:3722} INFO - Setting next_dagrun for example_skip_dag to 2023-10-12T13:28:56.090230+00:00, run_after=2023-10-13T13:28:56.090230+00:00
[2023-10-13T13:28:56.115+0000] {processor.py:179} INFO - Processing /home/airflow/.local/lib/python3.8/site-packages/airflow/example_dags/example_skip_dag.py took 0.271 seconds
[2023-10-13T13:29:26.525+0000] {processor.py:157} INFO - Started process (PID=1097) to work on /home/airflow/.local/lib/python3.8/site-packages/airflow/example_dags/example_skip_dag.py
[2023-10-13T13:29:26.527+0000] {processor.py:829} INFO - Processing file /home/airflow/.local/lib/python3.8/site-packages/airflow/example_dags/example_skip_dag.py for tasks to queue
[2023-10-13T13:29:26.532+0000] {logging_mixin.py:151} INFO - [2023-10-13T13:29:26.531+0000] {dagbag.py:536} INFO - Filling up the DagBag from /home/airflow/.local/lib/python3.8/site-packages/airflow/example_dags/example_skip_dag.py
[2023-10-13T13:29:26.545+0000] {processor.py:839} INFO - DAG(s) dict_keys(['example_skip_dag']) retrieved from /home/airflow/.local/lib/python3.8/site-packages/airflow/example_dags/example_skip_dag.py
[2023-10-13T13:29:26.581+0000] {logging_mixin.py:151} INFO - [2023-10-13T13:29:26.581+0000] {dag.py:2941} INFO - Sync 1 DAGs
[2023-10-13T13:29:26.613+0000] {logging_mixin.py:151} INFO - [2023-10-13T13:29:26.612+0000] {dag.py:3722} INFO - Setting next_dagrun for example_skip_dag to 2023-10-12T13:29:26.612494+00:00, run_after=2023-10-13T13:29:26.612494+00:00
[2023-10-13T13:29:26.644+0000] {processor.py:179} INFO - Processing /home/airflow/.local/lib/python3.8/site-packages/airflow/example_dags/example_skip_dag.py took 0.123 seconds
[2023-10-13T13:29:59.497+0000] {processor.py:157} INFO - Started process (PID=1151) to work on /home/airflow/.local/lib/python3.8/site-packages/airflow/example_dags/example_skip_dag.py
[2023-10-13T13:29:59.499+0000] {processor.py:829} INFO - Processing file /home/airflow/.local/lib/python3.8/site-packages/airflow/example_dags/example_skip_dag.py for tasks to queue
[2023-10-13T13:29:59.503+0000] {logging_mixin.py:151} INFO - [2023-10-13T13:29:59.503+0000] {dagbag.py:536} INFO - Filling up the DagBag from /home/airflow/.local/lib/python3.8/site-packages/airflow/example_dags/example_skip_dag.py
[2023-10-13T13:29:59.514+0000] {processor.py:839} INFO - DAG(s) dict_keys(['example_skip_dag']) retrieved from /home/airflow/.local/lib/python3.8/site-packages/airflow/example_dags/example_skip_dag.py
[2023-10-13T13:29:59.547+0000] {logging_mixin.py:151} INFO - [2023-10-13T13:29:59.547+0000] {dag.py:2941} INFO - Sync 1 DAGs
[2023-10-13T13:29:59.581+0000] {logging_mixin.py:151} INFO - [2023-10-13T13:29:59.581+0000] {dag.py:3722} INFO - Setting next_dagrun for example_skip_dag to 2023-10-12T13:29:59.580546+00:00, run_after=2023-10-13T13:29:59.580546+00:00
[2023-10-13T13:29:59.618+0000] {processor.py:179} INFO - Processing /home/airflow/.local/lib/python3.8/site-packages/airflow/example_dags/example_skip_dag.py took 0.127 seconds
[2023-10-13T13:30:33.395+0000] {processor.py:157} INFO - Started process (PID=1205) to work on /home/airflow/.local/lib/python3.8/site-packages/airflow/example_dags/example_skip_dag.py
[2023-10-13T13:30:33.398+0000] {processor.py:829} INFO - Processing file /home/airflow/.local/lib/python3.8/site-packages/airflow/example_dags/example_skip_dag.py for tasks to queue
[2023-10-13T13:30:33.401+0000] {logging_mixin.py:151} INFO - [2023-10-13T13:30:33.400+0000] {dagbag.py:536} INFO - Filling up the DagBag from /home/airflow/.local/lib/python3.8/site-packages/airflow/example_dags/example_skip_dag.py
[2023-10-13T13:30:33.412+0000] {processor.py:839} INFO - DAG(s) dict_keys(['example_skip_dag']) retrieved from /home/airflow/.local/lib/python3.8/site-packages/airflow/example_dags/example_skip_dag.py
[2023-10-13T13:30:33.447+0000] {logging_mixin.py:151} INFO - [2023-10-13T13:30:33.447+0000] {dag.py:2941} INFO - Sync 1 DAGs
[2023-10-13T13:30:33.742+0000] {logging_mixin.py:151} INFO - [2023-10-13T13:30:33.741+0000] {dag.py:3722} INFO - Setting next_dagrun for example_skip_dag to 2023-10-12T13:30:33.741363+00:00, run_after=2023-10-13T13:30:33.741363+00:00
[2023-10-13T13:30:33.778+0000] {processor.py:179} INFO - Processing /home/airflow/.local/lib/python3.8/site-packages/airflow/example_dags/example_skip_dag.py took 0.388 seconds
[2023-10-13T13:31:04.285+0000] {processor.py:157} INFO - Started process (PID=1259) to work on /home/airflow/.local/lib/python3.8/site-packages/airflow/example_dags/example_skip_dag.py
[2023-10-13T13:31:04.287+0000] {processor.py:829} INFO - Processing file /home/airflow/.local/lib/python3.8/site-packages/airflow/example_dags/example_skip_dag.py for tasks to queue
[2023-10-13T13:31:04.291+0000] {logging_mixin.py:151} INFO - [2023-10-13T13:31:04.290+0000] {dagbag.py:536} INFO - Filling up the DagBag from /home/airflow/.local/lib/python3.8/site-packages/airflow/example_dags/example_skip_dag.py
[2023-10-13T13:31:04.300+0000] {processor.py:839} INFO - DAG(s) dict_keys(['example_skip_dag']) retrieved from /home/airflow/.local/lib/python3.8/site-packages/airflow/example_dags/example_skip_dag.py
[2023-10-13T13:31:04.334+0000] {logging_mixin.py:151} INFO - [2023-10-13T13:31:04.333+0000] {dag.py:2941} INFO - Sync 1 DAGs
[2023-10-13T13:31:04.561+0000] {logging_mixin.py:151} INFO - [2023-10-13T13:31:04.560+0000] {dag.py:3722} INFO - Setting next_dagrun for example_skip_dag to 2023-10-12T13:31:04.560338+00:00, run_after=2023-10-13T13:31:04.560338+00:00
[2023-10-13T13:31:04.596+0000] {processor.py:179} INFO - Processing /home/airflow/.local/lib/python3.8/site-packages/airflow/example_dags/example_skip_dag.py took 0.315 seconds
[2023-10-13T13:31:34.741+0000] {processor.py:157} INFO - Started process (PID=1313) to work on /home/airflow/.local/lib/python3.8/site-packages/airflow/example_dags/example_skip_dag.py
[2023-10-13T13:31:34.743+0000] {processor.py:829} INFO - Processing file /home/airflow/.local/lib/python3.8/site-packages/airflow/example_dags/example_skip_dag.py for tasks to queue
[2023-10-13T13:31:34.747+0000] {logging_mixin.py:151} INFO - [2023-10-13T13:31:34.747+0000] {dagbag.py:536} INFO - Filling up the DagBag from /home/airflow/.local/lib/python3.8/site-packages/airflow/example_dags/example_skip_dag.py
[2023-10-13T13:31:34.759+0000] {processor.py:839} INFO - DAG(s) dict_keys(['example_skip_dag']) retrieved from /home/airflow/.local/lib/python3.8/site-packages/airflow/example_dags/example_skip_dag.py
[2023-10-13T13:31:34.799+0000] {logging_mixin.py:151} INFO - [2023-10-13T13:31:34.798+0000] {dag.py:2941} INFO - Sync 1 DAGs
[2023-10-13T13:31:34.844+0000] {logging_mixin.py:151} INFO - [2023-10-13T13:31:34.843+0000] {dag.py:3722} INFO - Setting next_dagrun for example_skip_dag to 2023-10-12T13:31:34.843288+00:00, run_after=2023-10-13T13:31:34.843288+00:00
[2023-10-13T13:31:34.883+0000] {processor.py:179} INFO - Processing /home/airflow/.local/lib/python3.8/site-packages/airflow/example_dags/example_skip_dag.py took 0.149 seconds
[2023-10-13T13:32:06.266+0000] {processor.py:157} INFO - Started process (PID=1367) to work on /home/airflow/.local/lib/python3.8/site-packages/airflow/example_dags/example_skip_dag.py
[2023-10-13T13:32:06.267+0000] {processor.py:829} INFO - Processing file /home/airflow/.local/lib/python3.8/site-packages/airflow/example_dags/example_skip_dag.py for tasks to queue
[2023-10-13T13:32:06.271+0000] {logging_mixin.py:151} INFO - [2023-10-13T13:32:06.271+0000] {dagbag.py:536} INFO - Filling up the DagBag from /home/airflow/.local/lib/python3.8/site-packages/airflow/example_dags/example_skip_dag.py
[2023-10-13T13:32:06.505+0000] {processor.py:839} INFO - DAG(s) dict_keys(['example_skip_dag']) retrieved from /home/airflow/.local/lib/python3.8/site-packages/airflow/example_dags/example_skip_dag.py
[2023-10-13T13:32:06.530+0000] {logging_mixin.py:151} INFO - [2023-10-13T13:32:06.530+0000] {dag.py:2941} INFO - Sync 1 DAGs
[2023-10-13T13:32:06.565+0000] {logging_mixin.py:151} INFO - [2023-10-13T13:32:06.564+0000] {dag.py:3722} INFO - Setting next_dagrun for example_skip_dag to 2023-10-12T13:32:06.564601+00:00, run_after=2023-10-13T13:32:06.564601+00:00
[2023-10-13T13:32:06.599+0000] {processor.py:179} INFO - Processing /home/airflow/.local/lib/python3.8/site-packages/airflow/example_dags/example_skip_dag.py took 0.337 seconds
[2023-10-13T13:32:39.880+0000] {processor.py:157} INFO - Started process (PID=1422) to work on /home/airflow/.local/lib/python3.8/site-packages/airflow/example_dags/example_skip_dag.py
[2023-10-13T13:32:39.883+0000] {processor.py:829} INFO - Processing file /home/airflow/.local/lib/python3.8/site-packages/airflow/example_dags/example_skip_dag.py for tasks to queue
[2023-10-13T13:32:39.888+0000] {logging_mixin.py:151} INFO - [2023-10-13T13:32:39.887+0000] {dagbag.py:536} INFO - Filling up the DagBag from /home/airflow/.local/lib/python3.8/site-packages/airflow/example_dags/example_skip_dag.py
[2023-10-13T13:32:39.906+0000] {processor.py:839} INFO - DAG(s) dict_keys(['example_skip_dag']) retrieved from /home/airflow/.local/lib/python3.8/site-packages/airflow/example_dags/example_skip_dag.py
[2023-10-13T13:32:39.963+0000] {logging_mixin.py:151} INFO - [2023-10-13T13:32:39.962+0000] {dag.py:2941} INFO - Sync 1 DAGs
[2023-10-13T13:32:40.028+0000] {logging_mixin.py:151} INFO - [2023-10-13T13:32:40.027+0000] {dag.py:3722} INFO - Setting next_dagrun for example_skip_dag to 2023-10-12T13:32:40.027138+00:00, run_after=2023-10-13T13:32:40.027138+00:00
[2023-10-13T13:32:40.067+0000] {processor.py:179} INFO - Processing /home/airflow/.local/lib/python3.8/site-packages/airflow/example_dags/example_skip_dag.py took 0.194 seconds
[2023-10-13T13:33:10.481+0000] {processor.py:157} INFO - Started process (PID=1476) to work on /home/airflow/.local/lib/python3.8/site-packages/airflow/example_dags/example_skip_dag.py
[2023-10-13T13:33:10.484+0000] {processor.py:829} INFO - Processing file /home/airflow/.local/lib/python3.8/site-packages/airflow/example_dags/example_skip_dag.py for tasks to queue
[2023-10-13T13:33:10.490+0000] {logging_mixin.py:151} INFO - [2023-10-13T13:33:10.489+0000] {dagbag.py:536} INFO - Filling up the DagBag from /home/airflow/.local/lib/python3.8/site-packages/airflow/example_dags/example_skip_dag.py
[2023-10-13T13:33:10.502+0000] {processor.py:839} INFO - DAG(s) dict_keys(['example_skip_dag']) retrieved from /home/airflow/.local/lib/python3.8/site-packages/airflow/example_dags/example_skip_dag.py
[2023-10-13T13:33:10.542+0000] {logging_mixin.py:151} INFO - [2023-10-13T13:33:10.541+0000] {dag.py:2941} INFO - Sync 1 DAGs
[2023-10-13T13:33:10.584+0000] {logging_mixin.py:151} INFO - [2023-10-13T13:33:10.584+0000] {dag.py:3722} INFO - Setting next_dagrun for example_skip_dag to 2023-10-12T13:33:10.583902+00:00, run_after=2023-10-13T13:33:10.583902+00:00
[2023-10-13T13:33:10.619+0000] {processor.py:179} INFO - Processing /home/airflow/.local/lib/python3.8/site-packages/airflow/example_dags/example_skip_dag.py took 0.146 seconds
[2023-10-13T13:33:40.870+0000] {processor.py:157} INFO - Started process (PID=1530) to work on /home/airflow/.local/lib/python3.8/site-packages/airflow/example_dags/example_skip_dag.py
[2023-10-13T13:33:40.872+0000] {processor.py:829} INFO - Processing file /home/airflow/.local/lib/python3.8/site-packages/airflow/example_dags/example_skip_dag.py for tasks to queue
[2023-10-13T13:33:40.876+0000] {logging_mixin.py:151} INFO - [2023-10-13T13:33:40.875+0000] {dagbag.py:536} INFO - Filling up the DagBag from /home/airflow/.local/lib/python3.8/site-packages/airflow/example_dags/example_skip_dag.py
[2023-10-13T13:33:40.890+0000] {processor.py:839} INFO - DAG(s) dict_keys(['example_skip_dag']) retrieved from /home/airflow/.local/lib/python3.8/site-packages/airflow/example_dags/example_skip_dag.py
[2023-10-13T13:33:40.937+0000] {logging_mixin.py:151} INFO - [2023-10-13T13:33:40.936+0000] {dag.py:2941} INFO - Sync 1 DAGs
[2023-10-13T13:33:40.987+0000] {logging_mixin.py:151} INFO - [2023-10-13T13:33:40.987+0000] {dag.py:3722} INFO - Setting next_dagrun for example_skip_dag to 2023-10-12T13:33:40.987037+00:00, run_after=2023-10-13T13:33:40.987037+00:00
[2023-10-13T13:33:41.031+0000] {processor.py:179} INFO - Processing /home/airflow/.local/lib/python3.8/site-packages/airflow/example_dags/example_skip_dag.py took 0.170 seconds
[2023-10-13T13:34:11.537+0000] {processor.py:157} INFO - Started process (PID=1585) to work on /home/airflow/.local/lib/python3.8/site-packages/airflow/example_dags/example_skip_dag.py
[2023-10-13T13:34:11.539+0000] {processor.py:829} INFO - Processing file /home/airflow/.local/lib/python3.8/site-packages/airflow/example_dags/example_skip_dag.py for tasks to queue
[2023-10-13T13:34:11.543+0000] {logging_mixin.py:151} INFO - [2023-10-13T13:34:11.542+0000] {dagbag.py:536} INFO - Filling up the DagBag from /home/airflow/.local/lib/python3.8/site-packages/airflow/example_dags/example_skip_dag.py
[2023-10-13T13:34:11.554+0000] {processor.py:839} INFO - DAG(s) dict_keys(['example_skip_dag']) retrieved from /home/airflow/.local/lib/python3.8/site-packages/airflow/example_dags/example_skip_dag.py
[2023-10-13T13:34:11.588+0000] {logging_mixin.py:151} INFO - [2023-10-13T13:34:11.587+0000] {dag.py:2941} INFO - Sync 1 DAGs
[2023-10-13T13:34:11.647+0000] {logging_mixin.py:151} INFO - [2023-10-13T13:34:11.646+0000] {dag.py:3722} INFO - Setting next_dagrun for example_skip_dag to 2023-10-12T13:34:11.646016+00:00, run_after=2023-10-13T13:34:11.646016+00:00
[2023-10-13T13:34:11.713+0000] {processor.py:179} INFO - Processing /home/airflow/.local/lib/python3.8/site-packages/airflow/example_dags/example_skip_dag.py took 0.180 seconds
[2023-10-13T13:34:42.281+0000] {processor.py:157} INFO - Started process (PID=1640) to work on /home/airflow/.local/lib/python3.8/site-packages/airflow/example_dags/example_skip_dag.py
[2023-10-13T13:34:42.283+0000] {processor.py:829} INFO - Processing file /home/airflow/.local/lib/python3.8/site-packages/airflow/example_dags/example_skip_dag.py for tasks to queue
[2023-10-13T13:34:42.288+0000] {logging_mixin.py:151} INFO - [2023-10-13T13:34:42.287+0000] {dagbag.py:536} INFO - Filling up the DagBag from /home/airflow/.local/lib/python3.8/site-packages/airflow/example_dags/example_skip_dag.py
[2023-10-13T13:34:42.301+0000] {processor.py:839} INFO - DAG(s) dict_keys(['example_skip_dag']) retrieved from /home/airflow/.local/lib/python3.8/site-packages/airflow/example_dags/example_skip_dag.py
[2023-10-13T13:34:42.333+0000] {logging_mixin.py:151} INFO - [2023-10-13T13:34:42.333+0000] {dag.py:2941} INFO - Sync 1 DAGs
[2023-10-13T13:34:42.360+0000] {logging_mixin.py:151} INFO - [2023-10-13T13:34:42.360+0000] {dag.py:3722} INFO - Setting next_dagrun for example_skip_dag to 2023-10-12T13:34:42.360137+00:00, run_after=2023-10-13T13:34:42.360137+00:00
[2023-10-13T13:34:42.388+0000] {processor.py:179} INFO - Processing /home/airflow/.local/lib/python3.8/site-packages/airflow/example_dags/example_skip_dag.py took 0.113 seconds
[2023-10-13T13:35:13.079+0000] {processor.py:157} INFO - Started process (PID=1694) to work on /home/airflow/.local/lib/python3.8/site-packages/airflow/example_dags/example_skip_dag.py
[2023-10-13T13:35:13.081+0000] {processor.py:829} INFO - Processing file /home/airflow/.local/lib/python3.8/site-packages/airflow/example_dags/example_skip_dag.py for tasks to queue
[2023-10-13T13:35:13.084+0000] {logging_mixin.py:151} INFO - [2023-10-13T13:35:13.084+0000] {dagbag.py:536} INFO - Filling up the DagBag from /home/airflow/.local/lib/python3.8/site-packages/airflow/example_dags/example_skip_dag.py
[2023-10-13T13:35:13.094+0000] {processor.py:839} INFO - DAG(s) dict_keys(['example_skip_dag']) retrieved from /home/airflow/.local/lib/python3.8/site-packages/airflow/example_dags/example_skip_dag.py
[2023-10-13T13:35:13.132+0000] {logging_mixin.py:151} INFO - [2023-10-13T13:35:13.131+0000] {dag.py:2941} INFO - Sync 1 DAGs
[2023-10-13T13:35:13.161+0000] {logging_mixin.py:151} INFO - [2023-10-13T13:35:13.161+0000] {dag.py:3722} INFO - Setting next_dagrun for example_skip_dag to 2023-10-12T13:35:13.161161+00:00, run_after=2023-10-13T13:35:13.161161+00:00
[2023-10-13T13:35:13.193+0000] {processor.py:179} INFO - Processing /home/airflow/.local/lib/python3.8/site-packages/airflow/example_dags/example_skip_dag.py took 0.117 seconds
[2023-10-13T13:35:44.381+0000] {processor.py:157} INFO - Started process (PID=1755) to work on /home/airflow/.local/lib/python3.8/site-packages/airflow/example_dags/example_skip_dag.py
[2023-10-13T13:35:44.383+0000] {processor.py:829} INFO - Processing file /home/airflow/.local/lib/python3.8/site-packages/airflow/example_dags/example_skip_dag.py for tasks to queue
[2023-10-13T13:35:44.387+0000] {logging_mixin.py:151} INFO - [2023-10-13T13:35:44.386+0000] {dagbag.py:536} INFO - Filling up the DagBag from /home/airflow/.local/lib/python3.8/site-packages/airflow/example_dags/example_skip_dag.py
[2023-10-13T13:35:44.396+0000] {processor.py:839} INFO - DAG(s) dict_keys(['example_skip_dag']) retrieved from /home/airflow/.local/lib/python3.8/site-packages/airflow/example_dags/example_skip_dag.py
[2023-10-13T13:35:44.430+0000] {logging_mixin.py:151} INFO - [2023-10-13T13:35:44.430+0000] {dag.py:2941} INFO - Sync 1 DAGs
[2023-10-13T13:35:44.465+0000] {logging_mixin.py:151} INFO - [2023-10-13T13:35:44.465+0000] {dag.py:3722} INFO - Setting next_dagrun for example_skip_dag to 2023-10-12T13:35:44.464656+00:00, run_after=2023-10-13T13:35:44.464656+00:00
[2023-10-13T13:35:44.496+0000] {processor.py:179} INFO - Processing /home/airflow/.local/lib/python3.8/site-packages/airflow/example_dags/example_skip_dag.py took 0.120 seconds
[2023-10-13T13:36:15.149+0000] {processor.py:157} INFO - Started process (PID=1808) to work on /home/airflow/.local/lib/python3.8/site-packages/airflow/example_dags/example_skip_dag.py
[2023-10-13T13:36:15.151+0000] {processor.py:829} INFO - Processing file /home/airflow/.local/lib/python3.8/site-packages/airflow/example_dags/example_skip_dag.py for tasks to queue
[2023-10-13T13:36:15.155+0000] {logging_mixin.py:151} INFO - [2023-10-13T13:36:15.155+0000] {dagbag.py:536} INFO - Filling up the DagBag from /home/airflow/.local/lib/python3.8/site-packages/airflow/example_dags/example_skip_dag.py
[2023-10-13T13:36:15.169+0000] {processor.py:839} INFO - DAG(s) dict_keys(['example_skip_dag']) retrieved from /home/airflow/.local/lib/python3.8/site-packages/airflow/example_dags/example_skip_dag.py
[2023-10-13T13:36:15.204+0000] {logging_mixin.py:151} INFO - [2023-10-13T13:36:15.204+0000] {dag.py:2941} INFO - Sync 1 DAGs
[2023-10-13T13:36:15.238+0000] {logging_mixin.py:151} INFO - [2023-10-13T13:36:15.238+0000] {dag.py:3722} INFO - Setting next_dagrun for example_skip_dag to 2023-10-12T13:36:15.238410+00:00, run_after=2023-10-13T13:36:15.238410+00:00
[2023-10-13T13:36:15.437+0000] {processor.py:179} INFO - Processing /home/airflow/.local/lib/python3.8/site-packages/airflow/example_dags/example_skip_dag.py took 0.293 seconds
