[2023-10-13T13:19:30.329+0000] {processor.py:157} INFO - Started process (PID=43) to work on /home/airflow/.local/lib/python3.8/site-packages/airflow/example_dags/example_time_delta_sensor_async.py
[2023-10-13T13:19:30.332+0000] {processor.py:829} INFO - Processing file /home/airflow/.local/lib/python3.8/site-packages/airflow/example_dags/example_time_delta_sensor_async.py for tasks to queue
[2023-10-13T13:19:30.338+0000] {logging_mixin.py:151} INFO - [2023-10-13T13:19:30.337+0000] {dagbag.py:536} INFO - Filling up the DagBag from /home/airflow/.local/lib/python3.8/site-packages/airflow/example_dags/example_time_delta_sensor_async.py
[2023-10-13T13:19:30.357+0000] {processor.py:839} INFO - DAG(s) dict_keys(['example_time_delta_sensor_async']) retrieved from /home/airflow/.local/lib/python3.8/site-packages/airflow/example_dags/example_time_delta_sensor_async.py
[2023-10-13T13:19:30.401+0000] {logging_mixin.py:151} INFO - [2023-10-13T13:19:30.400+0000] {dag.py:2941} INFO - Sync 1 DAGs
[2023-10-13T13:19:30.421+0000] {logging_mixin.py:151} INFO - [2023-10-13T13:19:30.420+0000] {dag.py:3722} INFO - Setting next_dagrun for example_time_delta_sensor_async to None, run_after=None
[2023-10-13T13:19:30.456+0000] {processor.py:179} INFO - Processing /home/airflow/.local/lib/python3.8/site-packages/airflow/example_dags/example_time_delta_sensor_async.py took 0.135 seconds
[2023-10-13T13:20:01.700+0000] {processor.py:157} INFO - Started process (PID=97) to work on /home/airflow/.local/lib/python3.8/site-packages/airflow/example_dags/example_time_delta_sensor_async.py
[2023-10-13T13:20:01.701+0000] {processor.py:829} INFO - Processing file /home/airflow/.local/lib/python3.8/site-packages/airflow/example_dags/example_time_delta_sensor_async.py for tasks to queue
[2023-10-13T13:20:01.705+0000] {logging_mixin.py:151} INFO - [2023-10-13T13:20:01.705+0000] {dagbag.py:536} INFO - Filling up the DagBag from /home/airflow/.local/lib/python3.8/site-packages/airflow/example_dags/example_time_delta_sensor_async.py
[2023-10-13T13:20:01.714+0000] {processor.py:839} INFO - DAG(s) dict_keys(['example_time_delta_sensor_async']) retrieved from /home/airflow/.local/lib/python3.8/site-packages/airflow/example_dags/example_time_delta_sensor_async.py
[2023-10-13T13:20:01.756+0000] {logging_mixin.py:151} INFO - [2023-10-13T13:20:01.756+0000] {dag.py:2941} INFO - Sync 1 DAGs
[2023-10-13T13:20:01.775+0000] {logging_mixin.py:151} INFO - [2023-10-13T13:20:01.775+0000] {dag.py:3722} INFO - Setting next_dagrun for example_time_delta_sensor_async to None, run_after=None
[2023-10-13T13:20:01.807+0000] {processor.py:179} INFO - Processing /home/airflow/.local/lib/python3.8/site-packages/airflow/example_dags/example_time_delta_sensor_async.py took 0.112 seconds
[2023-10-13T13:20:33.238+0000] {processor.py:157} INFO - Started process (PID=151) to work on /home/airflow/.local/lib/python3.8/site-packages/airflow/example_dags/example_time_delta_sensor_async.py
[2023-10-13T13:20:33.242+0000] {processor.py:829} INFO - Processing file /home/airflow/.local/lib/python3.8/site-packages/airflow/example_dags/example_time_delta_sensor_async.py for tasks to queue
[2023-10-13T13:20:33.246+0000] {logging_mixin.py:151} INFO - [2023-10-13T13:20:33.246+0000] {dagbag.py:536} INFO - Filling up the DagBag from /home/airflow/.local/lib/python3.8/site-packages/airflow/example_dags/example_time_delta_sensor_async.py
[2023-10-13T13:20:33.253+0000] {processor.py:839} INFO - DAG(s) dict_keys(['example_time_delta_sensor_async']) retrieved from /home/airflow/.local/lib/python3.8/site-packages/airflow/example_dags/example_time_delta_sensor_async.py
[2023-10-13T13:20:33.287+0000] {logging_mixin.py:151} INFO - [2023-10-13T13:20:33.286+0000] {dag.py:2941} INFO - Sync 1 DAGs
[2023-10-13T13:20:33.305+0000] {logging_mixin.py:151} INFO - [2023-10-13T13:20:33.305+0000] {dag.py:3722} INFO - Setting next_dagrun for example_time_delta_sensor_async to None, run_after=None
[2023-10-13T13:20:33.341+0000] {processor.py:179} INFO - Processing /home/airflow/.local/lib/python3.8/site-packages/airflow/example_dags/example_time_delta_sensor_async.py took 0.108 seconds
[2023-10-13T13:21:04.033+0000] {processor.py:157} INFO - Started process (PID=203) to work on /home/airflow/.local/lib/python3.8/site-packages/airflow/example_dags/example_time_delta_sensor_async.py
[2023-10-13T13:21:04.035+0000] {processor.py:829} INFO - Processing file /home/airflow/.local/lib/python3.8/site-packages/airflow/example_dags/example_time_delta_sensor_async.py for tasks to queue
[2023-10-13T13:21:04.039+0000] {logging_mixin.py:151} INFO - [2023-10-13T13:21:04.039+0000] {dagbag.py:536} INFO - Filling up the DagBag from /home/airflow/.local/lib/python3.8/site-packages/airflow/example_dags/example_time_delta_sensor_async.py
[2023-10-13T13:21:04.048+0000] {processor.py:839} INFO - DAG(s) dict_keys(['example_time_delta_sensor_async']) retrieved from /home/airflow/.local/lib/python3.8/site-packages/airflow/example_dags/example_time_delta_sensor_async.py
[2023-10-13T13:21:04.089+0000] {logging_mixin.py:151} INFO - [2023-10-13T13:21:04.088+0000] {dag.py:2941} INFO - Sync 1 DAGs
[2023-10-13T13:21:04.114+0000] {logging_mixin.py:151} INFO - [2023-10-13T13:21:04.114+0000] {dag.py:3722} INFO - Setting next_dagrun for example_time_delta_sensor_async to None, run_after=None
[2023-10-13T13:21:04.153+0000] {processor.py:179} INFO - Processing /home/airflow/.local/lib/python3.8/site-packages/airflow/example_dags/example_time_delta_sensor_async.py took 0.126 seconds
[2023-10-13T13:21:35.094+0000] {processor.py:157} INFO - Started process (PID=257) to work on /home/airflow/.local/lib/python3.8/site-packages/airflow/example_dags/example_time_delta_sensor_async.py
[2023-10-13T13:21:35.096+0000] {processor.py:829} INFO - Processing file /home/airflow/.local/lib/python3.8/site-packages/airflow/example_dags/example_time_delta_sensor_async.py for tasks to queue
[2023-10-13T13:21:35.099+0000] {logging_mixin.py:151} INFO - [2023-10-13T13:21:35.099+0000] {dagbag.py:536} INFO - Filling up the DagBag from /home/airflow/.local/lib/python3.8/site-packages/airflow/example_dags/example_time_delta_sensor_async.py
[2023-10-13T13:21:35.107+0000] {processor.py:839} INFO - DAG(s) dict_keys(['example_time_delta_sensor_async']) retrieved from /home/airflow/.local/lib/python3.8/site-packages/airflow/example_dags/example_time_delta_sensor_async.py
[2023-10-13T13:21:35.136+0000] {logging_mixin.py:151} INFO - [2023-10-13T13:21:35.136+0000] {dag.py:2941} INFO - Sync 1 DAGs
[2023-10-13T13:21:35.153+0000] {logging_mixin.py:151} INFO - [2023-10-13T13:21:35.153+0000] {dag.py:3722} INFO - Setting next_dagrun for example_time_delta_sensor_async to None, run_after=None
[2023-10-13T13:21:35.184+0000] {processor.py:179} INFO - Processing /home/airflow/.local/lib/python3.8/site-packages/airflow/example_dags/example_time_delta_sensor_async.py took 0.094 seconds
[2023-10-13T13:22:05.784+0000] {processor.py:157} INFO - Started process (PID=311) to work on /home/airflow/.local/lib/python3.8/site-packages/airflow/example_dags/example_time_delta_sensor_async.py
[2023-10-13T13:22:05.787+0000] {processor.py:829} INFO - Processing file /home/airflow/.local/lib/python3.8/site-packages/airflow/example_dags/example_time_delta_sensor_async.py for tasks to queue
[2023-10-13T13:22:05.791+0000] {logging_mixin.py:151} INFO - [2023-10-13T13:22:05.791+0000] {dagbag.py:536} INFO - Filling up the DagBag from /home/airflow/.local/lib/python3.8/site-packages/airflow/example_dags/example_time_delta_sensor_async.py
[2023-10-13T13:22:05.799+0000] {processor.py:839} INFO - DAG(s) dict_keys(['example_time_delta_sensor_async']) retrieved from /home/airflow/.local/lib/python3.8/site-packages/airflow/example_dags/example_time_delta_sensor_async.py
[2023-10-13T13:22:05.828+0000] {logging_mixin.py:151} INFO - [2023-10-13T13:22:05.827+0000] {dag.py:2941} INFO - Sync 1 DAGs
[2023-10-13T13:22:05.847+0000] {logging_mixin.py:151} INFO - [2023-10-13T13:22:05.846+0000] {dag.py:3722} INFO - Setting next_dagrun for example_time_delta_sensor_async to None, run_after=None
[2023-10-13T13:22:05.874+0000] {processor.py:179} INFO - Processing /home/airflow/.local/lib/python3.8/site-packages/airflow/example_dags/example_time_delta_sensor_async.py took 0.094 seconds
[2023-10-13T13:22:36.679+0000] {processor.py:157} INFO - Started process (PID=365) to work on /home/airflow/.local/lib/python3.8/site-packages/airflow/example_dags/example_time_delta_sensor_async.py
[2023-10-13T13:22:36.681+0000] {processor.py:829} INFO - Processing file /home/airflow/.local/lib/python3.8/site-packages/airflow/example_dags/example_time_delta_sensor_async.py for tasks to queue
[2023-10-13T13:22:36.684+0000] {logging_mixin.py:151} INFO - [2023-10-13T13:22:36.684+0000] {dagbag.py:536} INFO - Filling up the DagBag from /home/airflow/.local/lib/python3.8/site-packages/airflow/example_dags/example_time_delta_sensor_async.py
[2023-10-13T13:22:36.692+0000] {processor.py:839} INFO - DAG(s) dict_keys(['example_time_delta_sensor_async']) retrieved from /home/airflow/.local/lib/python3.8/site-packages/airflow/example_dags/example_time_delta_sensor_async.py
[2023-10-13T13:22:36.724+0000] {logging_mixin.py:151} INFO - [2023-10-13T13:22:36.724+0000] {dag.py:2941} INFO - Sync 1 DAGs
[2023-10-13T13:22:36.741+0000] {logging_mixin.py:151} INFO - [2023-10-13T13:22:36.741+0000] {dag.py:3722} INFO - Setting next_dagrun for example_time_delta_sensor_async to None, run_after=None
[2023-10-13T13:22:36.774+0000] {processor.py:179} INFO - Processing /home/airflow/.local/lib/python3.8/site-packages/airflow/example_dags/example_time_delta_sensor_async.py took 0.099 seconds
[2023-10-13T13:23:07.580+0000] {processor.py:157} INFO - Started process (PID=419) to work on /home/airflow/.local/lib/python3.8/site-packages/airflow/example_dags/example_time_delta_sensor_async.py
[2023-10-13T13:23:07.581+0000] {processor.py:829} INFO - Processing file /home/airflow/.local/lib/python3.8/site-packages/airflow/example_dags/example_time_delta_sensor_async.py for tasks to queue
[2023-10-13T13:23:07.585+0000] {logging_mixin.py:151} INFO - [2023-10-13T13:23:07.585+0000] {dagbag.py:536} INFO - Filling up the DagBag from /home/airflow/.local/lib/python3.8/site-packages/airflow/example_dags/example_time_delta_sensor_async.py
[2023-10-13T13:23:07.594+0000] {processor.py:839} INFO - DAG(s) dict_keys(['example_time_delta_sensor_async']) retrieved from /home/airflow/.local/lib/python3.8/site-packages/airflow/example_dags/example_time_delta_sensor_async.py
[2023-10-13T13:23:07.624+0000] {logging_mixin.py:151} INFO - [2023-10-13T13:23:07.623+0000] {dag.py:2941} INFO - Sync 1 DAGs
[2023-10-13T13:23:07.646+0000] {logging_mixin.py:151} INFO - [2023-10-13T13:23:07.646+0000] {dag.py:3722} INFO - Setting next_dagrun for example_time_delta_sensor_async to None, run_after=None
[2023-10-13T13:23:07.680+0000] {processor.py:179} INFO - Processing /home/airflow/.local/lib/python3.8/site-packages/airflow/example_dags/example_time_delta_sensor_async.py took 0.105 seconds
[2023-10-13T13:23:37.998+0000] {processor.py:157} INFO - Started process (PID=473) to work on /home/airflow/.local/lib/python3.8/site-packages/airflow/example_dags/example_time_delta_sensor_async.py
[2023-10-13T13:23:38.001+0000] {processor.py:829} INFO - Processing file /home/airflow/.local/lib/python3.8/site-packages/airflow/example_dags/example_time_delta_sensor_async.py for tasks to queue
[2023-10-13T13:23:38.004+0000] {logging_mixin.py:151} INFO - [2023-10-13T13:23:38.004+0000] {dagbag.py:536} INFO - Filling up the DagBag from /home/airflow/.local/lib/python3.8/site-packages/airflow/example_dags/example_time_delta_sensor_async.py
[2023-10-13T13:23:38.012+0000] {processor.py:839} INFO - DAG(s) dict_keys(['example_time_delta_sensor_async']) retrieved from /home/airflow/.local/lib/python3.8/site-packages/airflow/example_dags/example_time_delta_sensor_async.py
[2023-10-13T13:23:38.049+0000] {logging_mixin.py:151} INFO - [2023-10-13T13:23:38.048+0000] {dag.py:2941} INFO - Sync 1 DAGs
[2023-10-13T13:23:38.067+0000] {logging_mixin.py:151} INFO - [2023-10-13T13:23:38.067+0000] {dag.py:3722} INFO - Setting next_dagrun for example_time_delta_sensor_async to None, run_after=None
[2023-10-13T13:23:38.164+0000] {processor.py:179} INFO - Processing /home/airflow/.local/lib/python3.8/site-packages/airflow/example_dags/example_time_delta_sensor_async.py took 0.170 seconds
[2023-10-13T13:24:08.570+0000] {processor.py:157} INFO - Started process (PID=527) to work on /home/airflow/.local/lib/python3.8/site-packages/airflow/example_dags/example_time_delta_sensor_async.py
[2023-10-13T13:24:08.572+0000] {processor.py:829} INFO - Processing file /home/airflow/.local/lib/python3.8/site-packages/airflow/example_dags/example_time_delta_sensor_async.py for tasks to queue
[2023-10-13T13:24:08.576+0000] {logging_mixin.py:151} INFO - [2023-10-13T13:24:08.576+0000] {dagbag.py:536} INFO - Filling up the DagBag from /home/airflow/.local/lib/python3.8/site-packages/airflow/example_dags/example_time_delta_sensor_async.py
[2023-10-13T13:24:08.584+0000] {processor.py:839} INFO - DAG(s) dict_keys(['example_time_delta_sensor_async']) retrieved from /home/airflow/.local/lib/python3.8/site-packages/airflow/example_dags/example_time_delta_sensor_async.py
[2023-10-13T13:24:08.615+0000] {logging_mixin.py:151} INFO - [2023-10-13T13:24:08.615+0000] {dag.py:2941} INFO - Sync 1 DAGs
[2023-10-13T13:24:08.633+0000] {logging_mixin.py:151} INFO - [2023-10-13T13:24:08.633+0000] {dag.py:3722} INFO - Setting next_dagrun for example_time_delta_sensor_async to None, run_after=None
[2023-10-13T13:24:08.670+0000] {processor.py:179} INFO - Processing /home/airflow/.local/lib/python3.8/site-packages/airflow/example_dags/example_time_delta_sensor_async.py took 0.105 seconds
[2023-10-13T13:24:38.960+0000] {processor.py:157} INFO - Started process (PID=588) to work on /home/airflow/.local/lib/python3.8/site-packages/airflow/example_dags/example_time_delta_sensor_async.py
[2023-10-13T13:24:38.962+0000] {processor.py:829} INFO - Processing file /home/airflow/.local/lib/python3.8/site-packages/airflow/example_dags/example_time_delta_sensor_async.py for tasks to queue
[2023-10-13T13:24:38.965+0000] {logging_mixin.py:151} INFO - [2023-10-13T13:24:38.965+0000] {dagbag.py:536} INFO - Filling up the DagBag from /home/airflow/.local/lib/python3.8/site-packages/airflow/example_dags/example_time_delta_sensor_async.py
[2023-10-13T13:24:38.973+0000] {processor.py:839} INFO - DAG(s) dict_keys(['example_time_delta_sensor_async']) retrieved from /home/airflow/.local/lib/python3.8/site-packages/airflow/example_dags/example_time_delta_sensor_async.py
[2023-10-13T13:24:39.001+0000] {logging_mixin.py:151} INFO - [2023-10-13T13:24:39.001+0000] {dag.py:2941} INFO - Sync 1 DAGs
[2023-10-13T13:24:39.018+0000] {logging_mixin.py:151} INFO - [2023-10-13T13:24:39.017+0000] {dag.py:3722} INFO - Setting next_dagrun for example_time_delta_sensor_async to None, run_after=None
[2023-10-13T13:24:39.054+0000] {processor.py:179} INFO - Processing /home/airflow/.local/lib/python3.8/site-packages/airflow/example_dags/example_time_delta_sensor_async.py took 0.098 seconds
[2023-10-13T13:25:09.540+0000] {processor.py:157} INFO - Started process (PID=642) to work on /home/airflow/.local/lib/python3.8/site-packages/airflow/example_dags/example_time_delta_sensor_async.py
[2023-10-13T13:25:09.607+0000] {processor.py:829} INFO - Processing file /home/airflow/.local/lib/python3.8/site-packages/airflow/example_dags/example_time_delta_sensor_async.py for tasks to queue
[2023-10-13T13:25:09.611+0000] {logging_mixin.py:151} INFO - [2023-10-13T13:25:09.610+0000] {dagbag.py:536} INFO - Filling up the DagBag from /home/airflow/.local/lib/python3.8/site-packages/airflow/example_dags/example_time_delta_sensor_async.py
[2023-10-13T13:25:09.618+0000] {processor.py:839} INFO - DAG(s) dict_keys(['example_time_delta_sensor_async']) retrieved from /home/airflow/.local/lib/python3.8/site-packages/airflow/example_dags/example_time_delta_sensor_async.py
[2023-10-13T13:25:09.651+0000] {logging_mixin.py:151} INFO - [2023-10-13T13:25:09.651+0000] {dag.py:2941} INFO - Sync 1 DAGs
[2023-10-13T13:25:09.675+0000] {logging_mixin.py:151} INFO - [2023-10-13T13:25:09.675+0000] {dag.py:3722} INFO - Setting next_dagrun for example_time_delta_sensor_async to None, run_after=None
[2023-10-13T13:25:09.744+0000] {processor.py:179} INFO - Processing /home/airflow/.local/lib/python3.8/site-packages/airflow/example_dags/example_time_delta_sensor_async.py took 0.210 seconds
[2023-10-13T13:25:40.142+0000] {processor.py:157} INFO - Started process (PID=696) to work on /home/airflow/.local/lib/python3.8/site-packages/airflow/example_dags/example_time_delta_sensor_async.py
[2023-10-13T13:25:40.144+0000] {processor.py:829} INFO - Processing file /home/airflow/.local/lib/python3.8/site-packages/airflow/example_dags/example_time_delta_sensor_async.py for tasks to queue
[2023-10-13T13:25:40.148+0000] {logging_mixin.py:151} INFO - [2023-10-13T13:25:40.147+0000] {dagbag.py:536} INFO - Filling up the DagBag from /home/airflow/.local/lib/python3.8/site-packages/airflow/example_dags/example_time_delta_sensor_async.py
[2023-10-13T13:25:40.156+0000] {processor.py:839} INFO - DAG(s) dict_keys(['example_time_delta_sensor_async']) retrieved from /home/airflow/.local/lib/python3.8/site-packages/airflow/example_dags/example_time_delta_sensor_async.py
[2023-10-13T13:25:40.188+0000] {logging_mixin.py:151} INFO - [2023-10-13T13:25:40.188+0000] {dag.py:2941} INFO - Sync 1 DAGs
[2023-10-13T13:25:40.212+0000] {logging_mixin.py:151} INFO - [2023-10-13T13:25:40.211+0000] {dag.py:3722} INFO - Setting next_dagrun for example_time_delta_sensor_async to None, run_after=None
[2023-10-13T13:25:40.244+0000] {processor.py:179} INFO - Processing /home/airflow/.local/lib/python3.8/site-packages/airflow/example_dags/example_time_delta_sensor_async.py took 0.106 seconds
[2023-10-13T13:26:11.002+0000] {processor.py:157} INFO - Started process (PID=750) to work on /home/airflow/.local/lib/python3.8/site-packages/airflow/example_dags/example_time_delta_sensor_async.py
[2023-10-13T13:26:11.004+0000] {processor.py:829} INFO - Processing file /home/airflow/.local/lib/python3.8/site-packages/airflow/example_dags/example_time_delta_sensor_async.py for tasks to queue
[2023-10-13T13:26:11.007+0000] {logging_mixin.py:151} INFO - [2023-10-13T13:26:11.007+0000] {dagbag.py:536} INFO - Filling up the DagBag from /home/airflow/.local/lib/python3.8/site-packages/airflow/example_dags/example_time_delta_sensor_async.py
[2023-10-13T13:26:11.016+0000] {processor.py:839} INFO - DAG(s) dict_keys(['example_time_delta_sensor_async']) retrieved from /home/airflow/.local/lib/python3.8/site-packages/airflow/example_dags/example_time_delta_sensor_async.py
[2023-10-13T13:26:11.052+0000] {logging_mixin.py:151} INFO - [2023-10-13T13:26:11.052+0000] {dag.py:2941} INFO - Sync 1 DAGs
[2023-10-13T13:26:11.075+0000] {logging_mixin.py:151} INFO - [2023-10-13T13:26:11.074+0000] {dag.py:3722} INFO - Setting next_dagrun for example_time_delta_sensor_async to None, run_after=None
[2023-10-13T13:26:11.209+0000] {processor.py:179} INFO - Processing /home/airflow/.local/lib/python3.8/site-packages/airflow/example_dags/example_time_delta_sensor_async.py took 0.213 seconds
[2023-10-13T13:26:42.525+0000] {processor.py:157} INFO - Started process (PID=804) to work on /home/airflow/.local/lib/python3.8/site-packages/airflow/example_dags/example_time_delta_sensor_async.py
[2023-10-13T13:26:42.527+0000] {processor.py:829} INFO - Processing file /home/airflow/.local/lib/python3.8/site-packages/airflow/example_dags/example_time_delta_sensor_async.py for tasks to queue
[2023-10-13T13:26:42.531+0000] {logging_mixin.py:151} INFO - [2023-10-13T13:26:42.530+0000] {dagbag.py:536} INFO - Filling up the DagBag from /home/airflow/.local/lib/python3.8/site-packages/airflow/example_dags/example_time_delta_sensor_async.py
[2023-10-13T13:26:42.538+0000] {processor.py:839} INFO - DAG(s) dict_keys(['example_time_delta_sensor_async']) retrieved from /home/airflow/.local/lib/python3.8/site-packages/airflow/example_dags/example_time_delta_sensor_async.py
[2023-10-13T13:26:42.569+0000] {logging_mixin.py:151} INFO - [2023-10-13T13:26:42.568+0000] {dag.py:2941} INFO - Sync 1 DAGs
[2023-10-13T13:26:42.586+0000] {logging_mixin.py:151} INFO - [2023-10-13T13:26:42.586+0000] {dag.py:3722} INFO - Setting next_dagrun for example_time_delta_sensor_async to None, run_after=None
[2023-10-13T13:26:42.614+0000] {processor.py:179} INFO - Processing /home/airflow/.local/lib/python3.8/site-packages/airflow/example_dags/example_time_delta_sensor_async.py took 0.095 seconds
[2023-10-13T13:27:13.240+0000] {processor.py:157} INFO - Started process (PID=858) to work on /home/airflow/.local/lib/python3.8/site-packages/airflow/example_dags/example_time_delta_sensor_async.py
[2023-10-13T13:27:13.243+0000] {processor.py:829} INFO - Processing file /home/airflow/.local/lib/python3.8/site-packages/airflow/example_dags/example_time_delta_sensor_async.py for tasks to queue
[2023-10-13T13:27:13.247+0000] {logging_mixin.py:151} INFO - [2023-10-13T13:27:13.246+0000] {dagbag.py:536} INFO - Filling up the DagBag from /home/airflow/.local/lib/python3.8/site-packages/airflow/example_dags/example_time_delta_sensor_async.py
[2023-10-13T13:27:13.254+0000] {processor.py:839} INFO - DAG(s) dict_keys(['example_time_delta_sensor_async']) retrieved from /home/airflow/.local/lib/python3.8/site-packages/airflow/example_dags/example_time_delta_sensor_async.py
[2023-10-13T13:27:13.297+0000] {logging_mixin.py:151} INFO - [2023-10-13T13:27:13.296+0000] {dag.py:2941} INFO - Sync 1 DAGs
[2023-10-13T13:27:13.334+0000] {logging_mixin.py:151} INFO - [2023-10-13T13:27:13.333+0000] {dag.py:3722} INFO - Setting next_dagrun for example_time_delta_sensor_async to None, run_after=None
[2023-10-13T13:27:13.364+0000] {processor.py:179} INFO - Processing /home/airflow/.local/lib/python3.8/site-packages/airflow/example_dags/example_time_delta_sensor_async.py took 0.128 seconds
[2023-10-13T13:27:43.988+0000] {processor.py:157} INFO - Started process (PID=912) to work on /home/airflow/.local/lib/python3.8/site-packages/airflow/example_dags/example_time_delta_sensor_async.py
[2023-10-13T13:27:43.991+0000] {processor.py:829} INFO - Processing file /home/airflow/.local/lib/python3.8/site-packages/airflow/example_dags/example_time_delta_sensor_async.py for tasks to queue
[2023-10-13T13:27:43.996+0000] {logging_mixin.py:151} INFO - [2023-10-13T13:27:43.995+0000] {dagbag.py:536} INFO - Filling up the DagBag from /home/airflow/.local/lib/python3.8/site-packages/airflow/example_dags/example_time_delta_sensor_async.py
[2023-10-13T13:27:44.009+0000] {processor.py:839} INFO - DAG(s) dict_keys(['example_time_delta_sensor_async']) retrieved from /home/airflow/.local/lib/python3.8/site-packages/airflow/example_dags/example_time_delta_sensor_async.py
[2023-10-13T13:27:44.061+0000] {logging_mixin.py:151} INFO - [2023-10-13T13:27:44.061+0000] {dag.py:2941} INFO - Sync 1 DAGs
[2023-10-13T13:27:44.086+0000] {logging_mixin.py:151} INFO - [2023-10-13T13:27:44.086+0000] {dag.py:3722} INFO - Setting next_dagrun for example_time_delta_sensor_async to None, run_after=None
[2023-10-13T13:27:44.118+0000] {processor.py:179} INFO - Processing /home/airflow/.local/lib/python3.8/site-packages/airflow/example_dags/example_time_delta_sensor_async.py took 0.139 seconds
[2023-10-13T13:28:16.417+0000] {processor.py:157} INFO - Started process (PID=966) to work on /home/airflow/.local/lib/python3.8/site-packages/airflow/example_dags/example_time_delta_sensor_async.py
[2023-10-13T13:28:16.420+0000] {processor.py:829} INFO - Processing file /home/airflow/.local/lib/python3.8/site-packages/airflow/example_dags/example_time_delta_sensor_async.py for tasks to queue
[2023-10-13T13:28:16.426+0000] {logging_mixin.py:151} INFO - [2023-10-13T13:28:16.425+0000] {dagbag.py:536} INFO - Filling up the DagBag from /home/airflow/.local/lib/python3.8/site-packages/airflow/example_dags/example_time_delta_sensor_async.py
[2023-10-13T13:28:16.437+0000] {processor.py:839} INFO - DAG(s) dict_keys(['example_time_delta_sensor_async']) retrieved from /home/airflow/.local/lib/python3.8/site-packages/airflow/example_dags/example_time_delta_sensor_async.py
[2023-10-13T13:28:16.477+0000] {logging_mixin.py:151} INFO - [2023-10-13T13:28:16.477+0000] {dag.py:2941} INFO - Sync 1 DAGs
[2023-10-13T13:28:16.507+0000] {logging_mixin.py:151} INFO - [2023-10-13T13:28:16.506+0000] {dag.py:3722} INFO - Setting next_dagrun for example_time_delta_sensor_async to None, run_after=None
[2023-10-13T13:28:16.549+0000] {processor.py:179} INFO - Processing /home/airflow/.local/lib/python3.8/site-packages/airflow/example_dags/example_time_delta_sensor_async.py took 0.138 seconds
[2023-10-13T13:28:46.922+0000] {processor.py:157} INFO - Started process (PID=1020) to work on /home/airflow/.local/lib/python3.8/site-packages/airflow/example_dags/example_time_delta_sensor_async.py
[2023-10-13T13:28:46.924+0000] {processor.py:829} INFO - Processing file /home/airflow/.local/lib/python3.8/site-packages/airflow/example_dags/example_time_delta_sensor_async.py for tasks to queue
[2023-10-13T13:28:46.929+0000] {logging_mixin.py:151} INFO - [2023-10-13T13:28:46.928+0000] {dagbag.py:536} INFO - Filling up the DagBag from /home/airflow/.local/lib/python3.8/site-packages/airflow/example_dags/example_time_delta_sensor_async.py
[2023-10-13T13:28:46.936+0000] {processor.py:839} INFO - DAG(s) dict_keys(['example_time_delta_sensor_async']) retrieved from /home/airflow/.local/lib/python3.8/site-packages/airflow/example_dags/example_time_delta_sensor_async.py
[2023-10-13T13:28:46.964+0000] {logging_mixin.py:151} INFO - [2023-10-13T13:28:46.964+0000] {dag.py:2941} INFO - Sync 1 DAGs
[2023-10-13T13:28:46.990+0000] {logging_mixin.py:151} INFO - [2023-10-13T13:28:46.990+0000] {dag.py:3722} INFO - Setting next_dagrun for example_time_delta_sensor_async to None, run_after=None
[2023-10-13T13:28:47.033+0000] {processor.py:179} INFO - Processing /home/airflow/.local/lib/python3.8/site-packages/airflow/example_dags/example_time_delta_sensor_async.py took 0.117 seconds
[2023-10-13T13:29:17.097+0000] {processor.py:157} INFO - Started process (PID=1074) to work on /home/airflow/.local/lib/python3.8/site-packages/airflow/example_dags/example_time_delta_sensor_async.py
[2023-10-13T13:29:17.098+0000] {processor.py:829} INFO - Processing file /home/airflow/.local/lib/python3.8/site-packages/airflow/example_dags/example_time_delta_sensor_async.py for tasks to queue
[2023-10-13T13:29:17.102+0000] {logging_mixin.py:151} INFO - [2023-10-13T13:29:17.101+0000] {dagbag.py:536} INFO - Filling up the DagBag from /home/airflow/.local/lib/python3.8/site-packages/airflow/example_dags/example_time_delta_sensor_async.py
[2023-10-13T13:29:17.109+0000] {processor.py:839} INFO - DAG(s) dict_keys(['example_time_delta_sensor_async']) retrieved from /home/airflow/.local/lib/python3.8/site-packages/airflow/example_dags/example_time_delta_sensor_async.py
[2023-10-13T13:29:17.141+0000] {logging_mixin.py:151} INFO - [2023-10-13T13:29:17.140+0000] {dag.py:2941} INFO - Sync 1 DAGs
[2023-10-13T13:29:17.157+0000] {logging_mixin.py:151} INFO - [2023-10-13T13:29:17.157+0000] {dag.py:3722} INFO - Setting next_dagrun for example_time_delta_sensor_async to None, run_after=None
[2023-10-13T13:29:17.188+0000] {processor.py:179} INFO - Processing /home/airflow/.local/lib/python3.8/site-packages/airflow/example_dags/example_time_delta_sensor_async.py took 0.096 seconds
[2023-10-13T13:29:56.800+0000] {processor.py:157} INFO - Started process (PID=1128) to work on /home/airflow/.local/lib/python3.8/site-packages/airflow/example_dags/example_time_delta_sensor_async.py
[2023-10-13T13:29:56.802+0000] {processor.py:829} INFO - Processing file /home/airflow/.local/lib/python3.8/site-packages/airflow/example_dags/example_time_delta_sensor_async.py for tasks to queue
[2023-10-13T13:29:56.806+0000] {logging_mixin.py:151} INFO - [2023-10-13T13:29:56.805+0000] {dagbag.py:536} INFO - Filling up the DagBag from /home/airflow/.local/lib/python3.8/site-packages/airflow/example_dags/example_time_delta_sensor_async.py
[2023-10-13T13:29:56.813+0000] {processor.py:839} INFO - DAG(s) dict_keys(['example_time_delta_sensor_async']) retrieved from /home/airflow/.local/lib/python3.8/site-packages/airflow/example_dags/example_time_delta_sensor_async.py
[2023-10-13T13:29:56.849+0000] {logging_mixin.py:151} INFO - [2023-10-13T13:29:56.848+0000] {dag.py:2941} INFO - Sync 1 DAGs
[2023-10-13T13:29:56.870+0000] {logging_mixin.py:151} INFO - [2023-10-13T13:29:56.869+0000] {dag.py:3722} INFO - Setting next_dagrun for example_time_delta_sensor_async to None, run_after=None
[2023-10-13T13:29:57.002+0000] {processor.py:179} INFO - Processing /home/airflow/.local/lib/python3.8/site-packages/airflow/example_dags/example_time_delta_sensor_async.py took 0.207 seconds
[2023-10-13T13:30:28.351+0000] {processor.py:157} INFO - Started process (PID=1182) to work on /home/airflow/.local/lib/python3.8/site-packages/airflow/example_dags/example_time_delta_sensor_async.py
[2023-10-13T13:30:28.354+0000] {processor.py:829} INFO - Processing file /home/airflow/.local/lib/python3.8/site-packages/airflow/example_dags/example_time_delta_sensor_async.py for tasks to queue
[2023-10-13T13:30:28.359+0000] {logging_mixin.py:151} INFO - [2023-10-13T13:30:28.359+0000] {dagbag.py:536} INFO - Filling up the DagBag from /home/airflow/.local/lib/python3.8/site-packages/airflow/example_dags/example_time_delta_sensor_async.py
[2023-10-13T13:30:28.368+0000] {processor.py:839} INFO - DAG(s) dict_keys(['example_time_delta_sensor_async']) retrieved from /home/airflow/.local/lib/python3.8/site-packages/airflow/example_dags/example_time_delta_sensor_async.py
[2023-10-13T13:30:28.400+0000] {logging_mixin.py:151} INFO - [2023-10-13T13:30:28.399+0000] {dag.py:2941} INFO - Sync 1 DAGs
[2023-10-13T13:30:28.422+0000] {logging_mixin.py:151} INFO - [2023-10-13T13:30:28.422+0000] {dag.py:3722} INFO - Setting next_dagrun for example_time_delta_sensor_async to None, run_after=None
[2023-10-13T13:30:28.458+0000] {processor.py:179} INFO - Processing /home/airflow/.local/lib/python3.8/site-packages/airflow/example_dags/example_time_delta_sensor_async.py took 0.117 seconds
[2023-10-13T13:30:59.476+0000] {processor.py:157} INFO - Started process (PID=1236) to work on /home/airflow/.local/lib/python3.8/site-packages/airflow/example_dags/example_time_delta_sensor_async.py
[2023-10-13T13:30:59.478+0000] {processor.py:829} INFO - Processing file /home/airflow/.local/lib/python3.8/site-packages/airflow/example_dags/example_time_delta_sensor_async.py for tasks to queue
[2023-10-13T13:30:59.481+0000] {logging_mixin.py:151} INFO - [2023-10-13T13:30:59.481+0000] {dagbag.py:536} INFO - Filling up the DagBag from /home/airflow/.local/lib/python3.8/site-packages/airflow/example_dags/example_time_delta_sensor_async.py
[2023-10-13T13:30:59.489+0000] {processor.py:839} INFO - DAG(s) dict_keys(['example_time_delta_sensor_async']) retrieved from /home/airflow/.local/lib/python3.8/site-packages/airflow/example_dags/example_time_delta_sensor_async.py
[2023-10-13T13:30:59.524+0000] {logging_mixin.py:151} INFO - [2023-10-13T13:30:59.523+0000] {dag.py:2941} INFO - Sync 1 DAGs
[2023-10-13T13:30:59.545+0000] {logging_mixin.py:151} INFO - [2023-10-13T13:30:59.545+0000] {dag.py:3722} INFO - Setting next_dagrun for example_time_delta_sensor_async to None, run_after=None
[2023-10-13T13:30:59.575+0000] {processor.py:179} INFO - Processing /home/airflow/.local/lib/python3.8/site-packages/airflow/example_dags/example_time_delta_sensor_async.py took 0.105 seconds
[2023-10-13T13:31:30.401+0000] {processor.py:157} INFO - Started process (PID=1290) to work on /home/airflow/.local/lib/python3.8/site-packages/airflow/example_dags/example_time_delta_sensor_async.py
[2023-10-13T13:31:30.404+0000] {processor.py:829} INFO - Processing file /home/airflow/.local/lib/python3.8/site-packages/airflow/example_dags/example_time_delta_sensor_async.py for tasks to queue
[2023-10-13T13:31:30.412+0000] {logging_mixin.py:151} INFO - [2023-10-13T13:31:30.411+0000] {dagbag.py:536} INFO - Filling up the DagBag from /home/airflow/.local/lib/python3.8/site-packages/airflow/example_dags/example_time_delta_sensor_async.py
[2023-10-13T13:31:30.424+0000] {processor.py:839} INFO - DAG(s) dict_keys(['example_time_delta_sensor_async']) retrieved from /home/airflow/.local/lib/python3.8/site-packages/airflow/example_dags/example_time_delta_sensor_async.py
[2023-10-13T13:31:30.466+0000] {logging_mixin.py:151} INFO - [2023-10-13T13:31:30.466+0000] {dag.py:2941} INFO - Sync 1 DAGs
[2023-10-13T13:31:30.503+0000] {logging_mixin.py:151} INFO - [2023-10-13T13:31:30.502+0000] {dag.py:3722} INFO - Setting next_dagrun for example_time_delta_sensor_async to None, run_after=None
[2023-10-13T13:31:30.579+0000] {processor.py:179} INFO - Processing /home/airflow/.local/lib/python3.8/site-packages/airflow/example_dags/example_time_delta_sensor_async.py took 0.183 seconds
[2023-10-13T13:32:01.056+0000] {processor.py:157} INFO - Started process (PID=1344) to work on /home/airflow/.local/lib/python3.8/site-packages/airflow/example_dags/example_time_delta_sensor_async.py
[2023-10-13T13:32:01.058+0000] {processor.py:829} INFO - Processing file /home/airflow/.local/lib/python3.8/site-packages/airflow/example_dags/example_time_delta_sensor_async.py for tasks to queue
[2023-10-13T13:32:01.062+0000] {logging_mixin.py:151} INFO - [2023-10-13T13:32:01.061+0000] {dagbag.py:536} INFO - Filling up the DagBag from /home/airflow/.local/lib/python3.8/site-packages/airflow/example_dags/example_time_delta_sensor_async.py
[2023-10-13T13:32:01.071+0000] {processor.py:839} INFO - DAG(s) dict_keys(['example_time_delta_sensor_async']) retrieved from /home/airflow/.local/lib/python3.8/site-packages/airflow/example_dags/example_time_delta_sensor_async.py
[2023-10-13T13:32:01.102+0000] {logging_mixin.py:151} INFO - [2023-10-13T13:32:01.102+0000] {dag.py:2941} INFO - Sync 1 DAGs
[2023-10-13T13:32:01.309+0000] {logging_mixin.py:151} INFO - [2023-10-13T13:32:01.309+0000] {dag.py:3722} INFO - Setting next_dagrun for example_time_delta_sensor_async to None, run_after=None
[2023-10-13T13:32:01.383+0000] {processor.py:179} INFO - Processing /home/airflow/.local/lib/python3.8/site-packages/airflow/example_dags/example_time_delta_sensor_async.py took 0.333 seconds
[2023-10-13T13:32:32.546+0000] {processor.py:157} INFO - Started process (PID=1398) to work on /home/airflow/.local/lib/python3.8/site-packages/airflow/example_dags/example_time_delta_sensor_async.py
[2023-10-13T13:32:32.548+0000] {processor.py:829} INFO - Processing file /home/airflow/.local/lib/python3.8/site-packages/airflow/example_dags/example_time_delta_sensor_async.py for tasks to queue
[2023-10-13T13:32:32.554+0000] {logging_mixin.py:151} INFO - [2023-10-13T13:32:32.553+0000] {dagbag.py:536} INFO - Filling up the DagBag from /home/airflow/.local/lib/python3.8/site-packages/airflow/example_dags/example_time_delta_sensor_async.py
[2023-10-13T13:32:32.563+0000] {processor.py:839} INFO - DAG(s) dict_keys(['example_time_delta_sensor_async']) retrieved from /home/airflow/.local/lib/python3.8/site-packages/airflow/example_dags/example_time_delta_sensor_async.py
[2023-10-13T13:32:32.603+0000] {logging_mixin.py:151} INFO - [2023-10-13T13:32:32.602+0000] {dag.py:2941} INFO - Sync 1 DAGs
[2023-10-13T13:32:32.624+0000] {logging_mixin.py:151} INFO - [2023-10-13T13:32:32.623+0000] {dag.py:3722} INFO - Setting next_dagrun for example_time_delta_sensor_async to None, run_after=None
[2023-10-13T13:32:33.289+0000] {processor.py:179} INFO - Processing /home/airflow/.local/lib/python3.8/site-packages/airflow/example_dags/example_time_delta_sensor_async.py took 0.748 seconds
[2023-10-13T13:33:03.456+0000] {processor.py:157} INFO - Started process (PID=1451) to work on /home/airflow/.local/lib/python3.8/site-packages/airflow/example_dags/example_time_delta_sensor_async.py
[2023-10-13T13:33:03.458+0000] {processor.py:829} INFO - Processing file /home/airflow/.local/lib/python3.8/site-packages/airflow/example_dags/example_time_delta_sensor_async.py for tasks to queue
[2023-10-13T13:33:03.462+0000] {logging_mixin.py:151} INFO - [2023-10-13T13:33:03.462+0000] {dagbag.py:536} INFO - Filling up the DagBag from /home/airflow/.local/lib/python3.8/site-packages/airflow/example_dags/example_time_delta_sensor_async.py
[2023-10-13T13:33:03.469+0000] {processor.py:839} INFO - DAG(s) dict_keys(['example_time_delta_sensor_async']) retrieved from /home/airflow/.local/lib/python3.8/site-packages/airflow/example_dags/example_time_delta_sensor_async.py
[2023-10-13T13:33:03.504+0000] {logging_mixin.py:151} INFO - [2023-10-13T13:33:03.503+0000] {dag.py:2941} INFO - Sync 1 DAGs
[2023-10-13T13:33:03.523+0000] {logging_mixin.py:151} INFO - [2023-10-13T13:33:03.523+0000] {dag.py:3722} INFO - Setting next_dagrun for example_time_delta_sensor_async to None, run_after=None
[2023-10-13T13:33:03.552+0000] {processor.py:179} INFO - Processing /home/airflow/.local/lib/python3.8/site-packages/airflow/example_dags/example_time_delta_sensor_async.py took 0.101 seconds
[2023-10-13T13:33:33.861+0000] {processor.py:157} INFO - Started process (PID=1505) to work on /home/airflow/.local/lib/python3.8/site-packages/airflow/example_dags/example_time_delta_sensor_async.py
[2023-10-13T13:33:33.862+0000] {processor.py:829} INFO - Processing file /home/airflow/.local/lib/python3.8/site-packages/airflow/example_dags/example_time_delta_sensor_async.py for tasks to queue
[2023-10-13T13:33:33.867+0000] {logging_mixin.py:151} INFO - [2023-10-13T13:33:33.866+0000] {dagbag.py:536} INFO - Filling up the DagBag from /home/airflow/.local/lib/python3.8/site-packages/airflow/example_dags/example_time_delta_sensor_async.py
[2023-10-13T13:33:33.874+0000] {processor.py:839} INFO - DAG(s) dict_keys(['example_time_delta_sensor_async']) retrieved from /home/airflow/.local/lib/python3.8/site-packages/airflow/example_dags/example_time_delta_sensor_async.py
[2023-10-13T13:33:33.907+0000] {logging_mixin.py:151} INFO - [2023-10-13T13:33:33.907+0000] {dag.py:2941} INFO - Sync 1 DAGs
[2023-10-13T13:33:33.928+0000] {logging_mixin.py:151} INFO - [2023-10-13T13:33:33.928+0000] {dag.py:3722} INFO - Setting next_dagrun for example_time_delta_sensor_async to None, run_after=None
[2023-10-13T13:33:33.965+0000] {processor.py:179} INFO - Processing /home/airflow/.local/lib/python3.8/site-packages/airflow/example_dags/example_time_delta_sensor_async.py took 0.109 seconds
[2023-10-13T13:34:04.281+0000] {processor.py:157} INFO - Started process (PID=1560) to work on /home/airflow/.local/lib/python3.8/site-packages/airflow/example_dags/example_time_delta_sensor_async.py
[2023-10-13T13:34:04.283+0000] {processor.py:829} INFO - Processing file /home/airflow/.local/lib/python3.8/site-packages/airflow/example_dags/example_time_delta_sensor_async.py for tasks to queue
[2023-10-13T13:34:04.287+0000] {logging_mixin.py:151} INFO - [2023-10-13T13:34:04.287+0000] {dagbag.py:536} INFO - Filling up the DagBag from /home/airflow/.local/lib/python3.8/site-packages/airflow/example_dags/example_time_delta_sensor_async.py
[2023-10-13T13:34:04.295+0000] {processor.py:839} INFO - DAG(s) dict_keys(['example_time_delta_sensor_async']) retrieved from /home/airflow/.local/lib/python3.8/site-packages/airflow/example_dags/example_time_delta_sensor_async.py
[2023-10-13T13:34:04.325+0000] {logging_mixin.py:151} INFO - [2023-10-13T13:34:04.324+0000] {dag.py:2941} INFO - Sync 1 DAGs
[2023-10-13T13:34:04.343+0000] {logging_mixin.py:151} INFO - [2023-10-13T13:34:04.342+0000] {dag.py:3722} INFO - Setting next_dagrun for example_time_delta_sensor_async to None, run_after=None
[2023-10-13T13:34:04.370+0000] {processor.py:179} INFO - Processing /home/airflow/.local/lib/python3.8/site-packages/airflow/example_dags/example_time_delta_sensor_async.py took 0.094 seconds
[2023-10-13T13:34:34.774+0000] {processor.py:157} INFO - Started process (PID=1615) to work on /home/airflow/.local/lib/python3.8/site-packages/airflow/example_dags/example_time_delta_sensor_async.py
[2023-10-13T13:34:34.776+0000] {processor.py:829} INFO - Processing file /home/airflow/.local/lib/python3.8/site-packages/airflow/example_dags/example_time_delta_sensor_async.py for tasks to queue
[2023-10-13T13:34:34.780+0000] {logging_mixin.py:151} INFO - [2023-10-13T13:34:34.779+0000] {dagbag.py:536} INFO - Filling up the DagBag from /home/airflow/.local/lib/python3.8/site-packages/airflow/example_dags/example_time_delta_sensor_async.py
[2023-10-13T13:34:34.786+0000] {processor.py:839} INFO - DAG(s) dict_keys(['example_time_delta_sensor_async']) retrieved from /home/airflow/.local/lib/python3.8/site-packages/airflow/example_dags/example_time_delta_sensor_async.py
[2023-10-13T13:34:34.811+0000] {logging_mixin.py:151} INFO - [2023-10-13T13:34:34.811+0000] {dag.py:2941} INFO - Sync 1 DAGs
[2023-10-13T13:34:34.826+0000] {logging_mixin.py:151} INFO - [2023-10-13T13:34:34.826+0000] {dag.py:3722} INFO - Setting next_dagrun for example_time_delta_sensor_async to None, run_after=None
[2023-10-13T13:34:34.852+0000] {processor.py:179} INFO - Processing /home/airflow/.local/lib/python3.8/site-packages/airflow/example_dags/example_time_delta_sensor_async.py took 0.084 seconds
[2023-10-13T13:35:05.677+0000] {processor.py:157} INFO - Started process (PID=1669) to work on /home/airflow/.local/lib/python3.8/site-packages/airflow/example_dags/example_time_delta_sensor_async.py
[2023-10-13T13:35:05.679+0000] {processor.py:829} INFO - Processing file /home/airflow/.local/lib/python3.8/site-packages/airflow/example_dags/example_time_delta_sensor_async.py for tasks to queue
[2023-10-13T13:35:05.685+0000] {logging_mixin.py:151} INFO - [2023-10-13T13:35:05.684+0000] {dagbag.py:536} INFO - Filling up the DagBag from /home/airflow/.local/lib/python3.8/site-packages/airflow/example_dags/example_time_delta_sensor_async.py
[2023-10-13T13:35:05.693+0000] {processor.py:839} INFO - DAG(s) dict_keys(['example_time_delta_sensor_async']) retrieved from /home/airflow/.local/lib/python3.8/site-packages/airflow/example_dags/example_time_delta_sensor_async.py
[2023-10-13T13:35:05.732+0000] {logging_mixin.py:151} INFO - [2023-10-13T13:35:05.731+0000] {dag.py:2941} INFO - Sync 1 DAGs
[2023-10-13T13:35:05.749+0000] {logging_mixin.py:151} INFO - [2023-10-13T13:35:05.748+0000] {dag.py:3722} INFO - Setting next_dagrun for example_time_delta_sensor_async to None, run_after=None
[2023-10-13T13:35:05.776+0000] {processor.py:179} INFO - Processing /home/airflow/.local/lib/python3.8/site-packages/airflow/example_dags/example_time_delta_sensor_async.py took 0.105 seconds
[2023-10-13T13:35:37.786+0000] {processor.py:157} INFO - Started process (PID=1723) to work on /home/airflow/.local/lib/python3.8/site-packages/airflow/example_dags/example_time_delta_sensor_async.py
[2023-10-13T13:35:37.818+0000] {processor.py:829} INFO - Processing file /home/airflow/.local/lib/python3.8/site-packages/airflow/example_dags/example_time_delta_sensor_async.py for tasks to queue
[2023-10-13T13:35:37.825+0000] {logging_mixin.py:151} INFO - [2023-10-13T13:35:37.824+0000] {dagbag.py:536} INFO - Filling up the DagBag from /home/airflow/.local/lib/python3.8/site-packages/airflow/example_dags/example_time_delta_sensor_async.py
[2023-10-13T13:35:37.836+0000] {processor.py:839} INFO - DAG(s) dict_keys(['example_time_delta_sensor_async']) retrieved from /home/airflow/.local/lib/python3.8/site-packages/airflow/example_dags/example_time_delta_sensor_async.py
[2023-10-13T13:35:37.892+0000] {logging_mixin.py:151} INFO - [2023-10-13T13:35:37.892+0000] {dag.py:2941} INFO - Sync 1 DAGs
[2023-10-13T13:35:37.917+0000] {logging_mixin.py:151} INFO - [2023-10-13T13:35:37.917+0000] {dag.py:3722} INFO - Setting next_dagrun for example_time_delta_sensor_async to None, run_after=None
[2023-10-13T13:35:38.669+0000] {processor.py:179} INFO - Processing /home/airflow/.local/lib/python3.8/site-packages/airflow/example_dags/example_time_delta_sensor_async.py took 0.888 seconds
[2023-10-13T13:36:08.856+0000] {processor.py:157} INFO - Started process (PID=1777) to work on /home/airflow/.local/lib/python3.8/site-packages/airflow/example_dags/example_time_delta_sensor_async.py
[2023-10-13T13:36:08.858+0000] {processor.py:829} INFO - Processing file /home/airflow/.local/lib/python3.8/site-packages/airflow/example_dags/example_time_delta_sensor_async.py for tasks to queue
[2023-10-13T13:36:08.861+0000] {logging_mixin.py:151} INFO - [2023-10-13T13:36:08.861+0000] {dagbag.py:536} INFO - Filling up the DagBag from /home/airflow/.local/lib/python3.8/site-packages/airflow/example_dags/example_time_delta_sensor_async.py
[2023-10-13T13:36:08.868+0000] {processor.py:839} INFO - DAG(s) dict_keys(['example_time_delta_sensor_async']) retrieved from /home/airflow/.local/lib/python3.8/site-packages/airflow/example_dags/example_time_delta_sensor_async.py
[2023-10-13T13:36:08.902+0000] {logging_mixin.py:151} INFO - [2023-10-13T13:36:08.901+0000] {dag.py:2941} INFO - Sync 1 DAGs
[2023-10-13T13:36:08.928+0000] {logging_mixin.py:151} INFO - [2023-10-13T13:36:08.928+0000] {dag.py:3722} INFO - Setting next_dagrun for example_time_delta_sensor_async to None, run_after=None
[2023-10-13T13:36:08.963+0000] {processor.py:179} INFO - Processing /home/airflow/.local/lib/python3.8/site-packages/airflow/example_dags/example_time_delta_sensor_async.py took 0.112 seconds
[2023-10-13T13:36:39.432+0000] {processor.py:157} INFO - Started process (PID=1830) to work on /home/airflow/.local/lib/python3.8/site-packages/airflow/example_dags/example_time_delta_sensor_async.py
[2023-10-13T13:36:39.435+0000] {processor.py:829} INFO - Processing file /home/airflow/.local/lib/python3.8/site-packages/airflow/example_dags/example_time_delta_sensor_async.py for tasks to queue
[2023-10-13T13:36:39.438+0000] {logging_mixin.py:151} INFO - [2023-10-13T13:36:39.438+0000] {dagbag.py:536} INFO - Filling up the DagBag from /home/airflow/.local/lib/python3.8/site-packages/airflow/example_dags/example_time_delta_sensor_async.py
[2023-10-13T13:36:39.447+0000] {processor.py:839} INFO - DAG(s) dict_keys(['example_time_delta_sensor_async']) retrieved from /home/airflow/.local/lib/python3.8/site-packages/airflow/example_dags/example_time_delta_sensor_async.py
[2023-10-13T13:36:39.480+0000] {logging_mixin.py:151} INFO - [2023-10-13T13:36:39.480+0000] {dag.py:2941} INFO - Sync 1 DAGs
[2023-10-13T13:36:39.501+0000] {logging_mixin.py:151} INFO - [2023-10-13T13:36:39.501+0000] {dag.py:3722} INFO - Setting next_dagrun for example_time_delta_sensor_async to None, run_after=None
[2023-10-13T13:36:39.533+0000] {processor.py:179} INFO - Processing /home/airflow/.local/lib/python3.8/site-packages/airflow/example_dags/example_time_delta_sensor_async.py took 0.107 seconds
