[2023-10-13T13:19:54.208+0000] {processor.py:157} INFO - Started process (PID=82) to work on /home/airflow/.local/lib/python3.8/site-packages/airflow/example_dags/example_subdag_operator.py
[2023-10-13T13:19:54.213+0000] {processor.py:829} INFO - Processing file /home/airflow/.local/lib/python3.8/site-packages/airflow/example_dags/example_subdag_operator.py for tasks to queue
[2023-10-13T13:19:54.219+0000] {logging_mixin.py:151} INFO - [2023-10-13T13:19:54.218+0000] {dagbag.py:536} INFO - Filling up the DagBag from /home/airflow/.local/lib/python3.8/site-packages/airflow/example_dags/example_subdag_operator.py
[2023-10-13T13:19:54.327+0000] {processor.py:839} INFO - DAG(s) dict_keys(['example_subdag_operator.section-1', 'example_subdag_operator.section-2', 'example_subdag_operator']) retrieved from /home/airflow/.local/lib/python3.8/site-packages/airflow/example_dags/example_subdag_operator.py
[2023-10-13T13:19:54.426+0000] {logging_mixin.py:151} INFO - [2023-10-13T13:19:54.425+0000] {dag.py:2941} INFO - Sync 3 DAGs
[2023-10-13T13:19:55.544+0000] {logging_mixin.py:151} INFO - [2023-10-13T13:19:55.544+0000] {dag.py:3722} INFO - Setting next_dagrun for example_subdag_operator to 2022-01-01T00:00:00+00:00, run_after=2022-01-01T00:00:00+00:00
[2023-10-13T13:19:55.556+0000] {logging_mixin.py:151} INFO - [2023-10-13T13:19:55.555+0000] {dag.py:3722} INFO - Setting next_dagrun for example_subdag_operator.section-1 to None, run_after=None
[2023-10-13T13:19:55.560+0000] {logging_mixin.py:151} INFO - [2023-10-13T13:19:55.559+0000] {dag.py:3722} INFO - Setting next_dagrun for example_subdag_operator.section-2 to None, run_after=None
[2023-10-13T13:19:55.581+0000] {logging_mixin.py:151} INFO - [2023-10-13T13:19:55.580+0000] {dag.py:2941} INFO - Sync 2 DAGs
[2023-10-13T13:19:55.598+0000] {logging_mixin.py:151} INFO - [2023-10-13T13:19:55.597+0000] {dag.py:3722} INFO - Setting next_dagrun for example_subdag_operator.section-1 to None, run_after=None
[2023-10-13T13:19:55.599+0000] {logging_mixin.py:151} INFO - [2023-10-13T13:19:55.599+0000] {dag.py:3722} INFO - Setting next_dagrun for example_subdag_operator.section-2 to None, run_after=None
[2023-10-13T13:19:55.630+0000] {processor.py:179} INFO - Processing /home/airflow/.local/lib/python3.8/site-packages/airflow/example_dags/example_subdag_operator.py took 1.460 seconds
[2023-10-13T13:20:26.846+0000] {processor.py:157} INFO - Started process (PID=136) to work on /home/airflow/.local/lib/python3.8/site-packages/airflow/example_dags/example_subdag_operator.py
[2023-10-13T13:20:27.039+0000] {processor.py:829} INFO - Processing file /home/airflow/.local/lib/python3.8/site-packages/airflow/example_dags/example_subdag_operator.py for tasks to queue
[2023-10-13T13:20:27.044+0000] {logging_mixin.py:151} INFO - [2023-10-13T13:20:27.043+0000] {dagbag.py:536} INFO - Filling up the DagBag from /home/airflow/.local/lib/python3.8/site-packages/airflow/example_dags/example_subdag_operator.py
[2023-10-13T13:20:27.349+0000] {processor.py:839} INFO - DAG(s) dict_keys(['example_subdag_operator.section-1', 'example_subdag_operator.section-2', 'example_subdag_operator']) retrieved from /home/airflow/.local/lib/python3.8/site-packages/airflow/example_dags/example_subdag_operator.py
[2023-10-13T13:20:27.413+0000] {logging_mixin.py:151} INFO - [2023-10-13T13:20:27.412+0000] {dag.py:2941} INFO - Sync 3 DAGs
[2023-10-13T13:20:27.435+0000] {logging_mixin.py:151} INFO - [2023-10-13T13:20:27.435+0000] {dag.py:3722} INFO - Setting next_dagrun for example_subdag_operator to 2022-01-01T00:00:00+00:00, run_after=2022-01-01T00:00:00+00:00
[2023-10-13T13:20:27.440+0000] {logging_mixin.py:151} INFO - [2023-10-13T13:20:27.440+0000] {dag.py:3722} INFO - Setting next_dagrun for example_subdag_operator.section-1 to None, run_after=None
[2023-10-13T13:20:27.443+0000] {logging_mixin.py:151} INFO - [2023-10-13T13:20:27.443+0000] {dag.py:3722} INFO - Setting next_dagrun for example_subdag_operator.section-2 to None, run_after=None
[2023-10-13T13:20:27.452+0000] {logging_mixin.py:151} INFO - [2023-10-13T13:20:27.452+0000] {dag.py:2941} INFO - Sync 2 DAGs
[2023-10-13T13:20:27.460+0000] {logging_mixin.py:151} INFO - [2023-10-13T13:20:27.460+0000] {dag.py:3722} INFO - Setting next_dagrun for example_subdag_operator.section-1 to None, run_after=None
[2023-10-13T13:20:27.462+0000] {logging_mixin.py:151} INFO - [2023-10-13T13:20:27.461+0000] {dag.py:3722} INFO - Setting next_dagrun for example_subdag_operator.section-2 to None, run_after=None
[2023-10-13T13:20:28.320+0000] {processor.py:179} INFO - Processing /home/airflow/.local/lib/python3.8/site-packages/airflow/example_dags/example_subdag_operator.py took 1.477 seconds
[2023-10-13T13:20:58.847+0000] {processor.py:157} INFO - Started process (PID=190) to work on /home/airflow/.local/lib/python3.8/site-packages/airflow/example_dags/example_subdag_operator.py
[2023-10-13T13:20:58.849+0000] {processor.py:829} INFO - Processing file /home/airflow/.local/lib/python3.8/site-packages/airflow/example_dags/example_subdag_operator.py for tasks to queue
[2023-10-13T13:20:58.854+0000] {logging_mixin.py:151} INFO - [2023-10-13T13:20:58.854+0000] {dagbag.py:536} INFO - Filling up the DagBag from /home/airflow/.local/lib/python3.8/site-packages/airflow/example_dags/example_subdag_operator.py
[2023-10-13T13:20:58.888+0000] {processor.py:839} INFO - DAG(s) dict_keys(['example_subdag_operator.section-1', 'example_subdag_operator.section-2', 'example_subdag_operator']) retrieved from /home/airflow/.local/lib/python3.8/site-packages/airflow/example_dags/example_subdag_operator.py
[2023-10-13T13:20:58.909+0000] {logging_mixin.py:151} INFO - [2023-10-13T13:20:58.909+0000] {dag.py:2941} INFO - Sync 3 DAGs
[2023-10-13T13:20:58.938+0000] {logging_mixin.py:151} INFO - [2023-10-13T13:20:58.938+0000] {dag.py:3722} INFO - Setting next_dagrun for example_subdag_operator to 2022-01-01T00:00:00+00:00, run_after=2022-01-01T00:00:00+00:00
[2023-10-13T13:20:58.944+0000] {logging_mixin.py:151} INFO - [2023-10-13T13:20:58.944+0000] {dag.py:3722} INFO - Setting next_dagrun for example_subdag_operator.section-1 to None, run_after=None
[2023-10-13T13:20:58.947+0000] {logging_mixin.py:151} INFO - [2023-10-13T13:20:58.947+0000] {dag.py:3722} INFO - Setting next_dagrun for example_subdag_operator.section-2 to None, run_after=None
[2023-10-13T13:20:58.962+0000] {logging_mixin.py:151} INFO - [2023-10-13T13:20:58.961+0000] {dag.py:2941} INFO - Sync 2 DAGs
[2023-10-13T13:20:58.971+0000] {logging_mixin.py:151} INFO - [2023-10-13T13:20:58.971+0000] {dag.py:3722} INFO - Setting next_dagrun for example_subdag_operator.section-1 to None, run_after=None
[2023-10-13T13:20:58.973+0000] {logging_mixin.py:151} INFO - [2023-10-13T13:20:58.973+0000] {dag.py:3722} INFO - Setting next_dagrun for example_subdag_operator.section-2 to None, run_after=None
[2023-10-13T13:20:58.996+0000] {processor.py:179} INFO - Processing /home/airflow/.local/lib/python3.8/site-packages/airflow/example_dags/example_subdag_operator.py took 0.152 seconds
[2023-10-13T13:21:29.125+0000] {processor.py:157} INFO - Started process (PID=244) to work on /home/airflow/.local/lib/python3.8/site-packages/airflow/example_dags/example_subdag_operator.py
[2023-10-13T13:21:29.127+0000] {processor.py:829} INFO - Processing file /home/airflow/.local/lib/python3.8/site-packages/airflow/example_dags/example_subdag_operator.py for tasks to queue
[2023-10-13T13:21:29.131+0000] {logging_mixin.py:151} INFO - [2023-10-13T13:21:29.131+0000] {dagbag.py:536} INFO - Filling up the DagBag from /home/airflow/.local/lib/python3.8/site-packages/airflow/example_dags/example_subdag_operator.py
[2023-10-13T13:21:29.166+0000] {processor.py:839} INFO - DAG(s) dict_keys(['example_subdag_operator.section-1', 'example_subdag_operator.section-2', 'example_subdag_operator']) retrieved from /home/airflow/.local/lib/python3.8/site-packages/airflow/example_dags/example_subdag_operator.py
[2023-10-13T13:21:29.191+0000] {logging_mixin.py:151} INFO - [2023-10-13T13:21:29.191+0000] {dag.py:2941} INFO - Sync 3 DAGs
[2023-10-13T13:21:29.220+0000] {logging_mixin.py:151} INFO - [2023-10-13T13:21:29.220+0000] {dag.py:3722} INFO - Setting next_dagrun for example_subdag_operator to 2022-01-01T00:00:00+00:00, run_after=2022-01-01T00:00:00+00:00
[2023-10-13T13:21:29.227+0000] {logging_mixin.py:151} INFO - [2023-10-13T13:21:29.226+0000] {dag.py:3722} INFO - Setting next_dagrun for example_subdag_operator.section-1 to None, run_after=None
[2023-10-13T13:21:29.230+0000] {logging_mixin.py:151} INFO - [2023-10-13T13:21:29.229+0000] {dag.py:3722} INFO - Setting next_dagrun for example_subdag_operator.section-2 to None, run_after=None
[2023-10-13T13:21:29.241+0000] {logging_mixin.py:151} INFO - [2023-10-13T13:21:29.241+0000] {dag.py:2941} INFO - Sync 2 DAGs
[2023-10-13T13:21:29.250+0000] {logging_mixin.py:151} INFO - [2023-10-13T13:21:29.249+0000] {dag.py:3722} INFO - Setting next_dagrun for example_subdag_operator.section-1 to None, run_after=None
[2023-10-13T13:21:29.251+0000] {logging_mixin.py:151} INFO - [2023-10-13T13:21:29.251+0000] {dag.py:3722} INFO - Setting next_dagrun for example_subdag_operator.section-2 to None, run_after=None
[2023-10-13T13:21:29.274+0000] {processor.py:179} INFO - Processing /home/airflow/.local/lib/python3.8/site-packages/airflow/example_dags/example_subdag_operator.py took 0.153 seconds
[2023-10-13T13:21:59.820+0000] {processor.py:157} INFO - Started process (PID=298) to work on /home/airflow/.local/lib/python3.8/site-packages/airflow/example_dags/example_subdag_operator.py
[2023-10-13T13:21:59.822+0000] {processor.py:829} INFO - Processing file /home/airflow/.local/lib/python3.8/site-packages/airflow/example_dags/example_subdag_operator.py for tasks to queue
[2023-10-13T13:21:59.826+0000] {logging_mixin.py:151} INFO - [2023-10-13T13:21:59.826+0000] {dagbag.py:536} INFO - Filling up the DagBag from /home/airflow/.local/lib/python3.8/site-packages/airflow/example_dags/example_subdag_operator.py
[2023-10-13T13:21:59.860+0000] {processor.py:839} INFO - DAG(s) dict_keys(['example_subdag_operator.section-1', 'example_subdag_operator.section-2', 'example_subdag_operator']) retrieved from /home/airflow/.local/lib/python3.8/site-packages/airflow/example_dags/example_subdag_operator.py
[2023-10-13T13:21:59.882+0000] {logging_mixin.py:151} INFO - [2023-10-13T13:21:59.882+0000] {dag.py:2941} INFO - Sync 3 DAGs
[2023-10-13T13:21:59.911+0000] {logging_mixin.py:151} INFO - [2023-10-13T13:21:59.910+0000] {dag.py:3722} INFO - Setting next_dagrun for example_subdag_operator to 2022-01-01T00:00:00+00:00, run_after=2022-01-01T00:00:00+00:00
[2023-10-13T13:21:59.917+0000] {logging_mixin.py:151} INFO - [2023-10-13T13:21:59.916+0000] {dag.py:3722} INFO - Setting next_dagrun for example_subdag_operator.section-1 to None, run_after=None
[2023-10-13T13:21:59.920+0000] {logging_mixin.py:151} INFO - [2023-10-13T13:21:59.919+0000] {dag.py:3722} INFO - Setting next_dagrun for example_subdag_operator.section-2 to None, run_after=None
[2023-10-13T13:21:59.931+0000] {logging_mixin.py:151} INFO - [2023-10-13T13:21:59.931+0000] {dag.py:2941} INFO - Sync 2 DAGs
[2023-10-13T13:21:59.939+0000] {logging_mixin.py:151} INFO - [2023-10-13T13:21:59.938+0000] {dag.py:3722} INFO - Setting next_dagrun for example_subdag_operator.section-1 to None, run_after=None
[2023-10-13T13:21:59.940+0000] {logging_mixin.py:151} INFO - [2023-10-13T13:21:59.940+0000] {dag.py:3722} INFO - Setting next_dagrun for example_subdag_operator.section-2 to None, run_after=None
[2023-10-13T13:21:59.961+0000] {processor.py:179} INFO - Processing /home/airflow/.local/lib/python3.8/site-packages/airflow/example_dags/example_subdag_operator.py took 0.144 seconds
[2023-10-13T13:22:30.725+0000] {processor.py:157} INFO - Started process (PID=352) to work on /home/airflow/.local/lib/python3.8/site-packages/airflow/example_dags/example_subdag_operator.py
[2023-10-13T13:22:30.727+0000] {processor.py:829} INFO - Processing file /home/airflow/.local/lib/python3.8/site-packages/airflow/example_dags/example_subdag_operator.py for tasks to queue
[2023-10-13T13:22:30.731+0000] {logging_mixin.py:151} INFO - [2023-10-13T13:22:30.730+0000] {dagbag.py:536} INFO - Filling up the DagBag from /home/airflow/.local/lib/python3.8/site-packages/airflow/example_dags/example_subdag_operator.py
[2023-10-13T13:22:30.766+0000] {processor.py:839} INFO - DAG(s) dict_keys(['example_subdag_operator.section-1', 'example_subdag_operator.section-2', 'example_subdag_operator']) retrieved from /home/airflow/.local/lib/python3.8/site-packages/airflow/example_dags/example_subdag_operator.py
[2023-10-13T13:22:30.786+0000] {logging_mixin.py:151} INFO - [2023-10-13T13:22:30.786+0000] {dag.py:2941} INFO - Sync 3 DAGs
[2023-10-13T13:22:30.814+0000] {logging_mixin.py:151} INFO - [2023-10-13T13:22:30.814+0000] {dag.py:3722} INFO - Setting next_dagrun for example_subdag_operator to 2022-01-01T00:00:00+00:00, run_after=2022-01-01T00:00:00+00:00
[2023-10-13T13:22:30.821+0000] {logging_mixin.py:151} INFO - [2023-10-13T13:22:30.821+0000] {dag.py:3722} INFO - Setting next_dagrun for example_subdag_operator.section-1 to None, run_after=None
[2023-10-13T13:22:30.824+0000] {logging_mixin.py:151} INFO - [2023-10-13T13:22:30.823+0000] {dag.py:3722} INFO - Setting next_dagrun for example_subdag_operator.section-2 to None, run_after=None
[2023-10-13T13:22:30.836+0000] {logging_mixin.py:151} INFO - [2023-10-13T13:22:30.836+0000] {dag.py:2941} INFO - Sync 2 DAGs
[2023-10-13T13:22:30.846+0000] {logging_mixin.py:151} INFO - [2023-10-13T13:22:30.846+0000] {dag.py:3722} INFO - Setting next_dagrun for example_subdag_operator.section-1 to None, run_after=None
[2023-10-13T13:22:30.848+0000] {logging_mixin.py:151} INFO - [2023-10-13T13:22:30.848+0000] {dag.py:3722} INFO - Setting next_dagrun for example_subdag_operator.section-2 to None, run_after=None
[2023-10-13T13:22:30.871+0000] {processor.py:179} INFO - Processing /home/airflow/.local/lib/python3.8/site-packages/airflow/example_dags/example_subdag_operator.py took 0.149 seconds
[2023-10-13T13:23:01.537+0000] {processor.py:157} INFO - Started process (PID=406) to work on /home/airflow/.local/lib/python3.8/site-packages/airflow/example_dags/example_subdag_operator.py
[2023-10-13T13:23:01.539+0000] {processor.py:829} INFO - Processing file /home/airflow/.local/lib/python3.8/site-packages/airflow/example_dags/example_subdag_operator.py for tasks to queue
[2023-10-13T13:23:01.543+0000] {logging_mixin.py:151} INFO - [2023-10-13T13:23:01.543+0000] {dagbag.py:536} INFO - Filling up the DagBag from /home/airflow/.local/lib/python3.8/site-packages/airflow/example_dags/example_subdag_operator.py
[2023-10-13T13:23:01.579+0000] {processor.py:839} INFO - DAG(s) dict_keys(['example_subdag_operator.section-1', 'example_subdag_operator.section-2', 'example_subdag_operator']) retrieved from /home/airflow/.local/lib/python3.8/site-packages/airflow/example_dags/example_subdag_operator.py
[2023-10-13T13:23:01.601+0000] {logging_mixin.py:151} INFO - [2023-10-13T13:23:01.601+0000] {dag.py:2941} INFO - Sync 3 DAGs
[2023-10-13T13:23:01.632+0000] {logging_mixin.py:151} INFO - [2023-10-13T13:23:01.631+0000] {dag.py:3722} INFO - Setting next_dagrun for example_subdag_operator to 2022-01-01T00:00:00+00:00, run_after=2022-01-01T00:00:00+00:00
[2023-10-13T13:23:01.638+0000] {logging_mixin.py:151} INFO - [2023-10-13T13:23:01.638+0000] {dag.py:3722} INFO - Setting next_dagrun for example_subdag_operator.section-1 to None, run_after=None
[2023-10-13T13:23:01.641+0000] {logging_mixin.py:151} INFO - [2023-10-13T13:23:01.641+0000] {dag.py:3722} INFO - Setting next_dagrun for example_subdag_operator.section-2 to None, run_after=None
[2023-10-13T13:23:01.652+0000] {logging_mixin.py:151} INFO - [2023-10-13T13:23:01.652+0000] {dag.py:2941} INFO - Sync 2 DAGs
[2023-10-13T13:23:01.661+0000] {logging_mixin.py:151} INFO - [2023-10-13T13:23:01.660+0000] {dag.py:3722} INFO - Setting next_dagrun for example_subdag_operator.section-1 to None, run_after=None
[2023-10-13T13:23:01.662+0000] {logging_mixin.py:151} INFO - [2023-10-13T13:23:01.662+0000] {dag.py:3722} INFO - Setting next_dagrun for example_subdag_operator.section-2 to None, run_after=None
[2023-10-13T13:23:01.685+0000] {processor.py:179} INFO - Processing /home/airflow/.local/lib/python3.8/site-packages/airflow/example_dags/example_subdag_operator.py took 0.152 seconds
[2023-10-13T13:23:32.038+0000] {processor.py:157} INFO - Started process (PID=460) to work on /home/airflow/.local/lib/python3.8/site-packages/airflow/example_dags/example_subdag_operator.py
[2023-10-13T13:23:32.040+0000] {processor.py:829} INFO - Processing file /home/airflow/.local/lib/python3.8/site-packages/airflow/example_dags/example_subdag_operator.py for tasks to queue
[2023-10-13T13:23:32.045+0000] {logging_mixin.py:151} INFO - [2023-10-13T13:23:32.045+0000] {dagbag.py:536} INFO - Filling up the DagBag from /home/airflow/.local/lib/python3.8/site-packages/airflow/example_dags/example_subdag_operator.py
[2023-10-13T13:23:32.091+0000] {processor.py:839} INFO - DAG(s) dict_keys(['example_subdag_operator.section-1', 'example_subdag_operator.section-2', 'example_subdag_operator']) retrieved from /home/airflow/.local/lib/python3.8/site-packages/airflow/example_dags/example_subdag_operator.py
[2023-10-13T13:23:32.117+0000] {logging_mixin.py:151} INFO - [2023-10-13T13:23:32.116+0000] {dag.py:2941} INFO - Sync 3 DAGs
[2023-10-13T13:23:32.147+0000] {logging_mixin.py:151} INFO - [2023-10-13T13:23:32.147+0000] {dag.py:3722} INFO - Setting next_dagrun for example_subdag_operator to 2022-01-01T00:00:00+00:00, run_after=2022-01-01T00:00:00+00:00
[2023-10-13T13:23:32.152+0000] {logging_mixin.py:151} INFO - [2023-10-13T13:23:32.152+0000] {dag.py:3722} INFO - Setting next_dagrun for example_subdag_operator.section-1 to None, run_after=None
[2023-10-13T13:23:32.155+0000] {logging_mixin.py:151} INFO - [2023-10-13T13:23:32.154+0000] {dag.py:3722} INFO - Setting next_dagrun for example_subdag_operator.section-2 to None, run_after=None
[2023-10-13T13:23:32.166+0000] {logging_mixin.py:151} INFO - [2023-10-13T13:23:32.166+0000] {dag.py:2941} INFO - Sync 2 DAGs
[2023-10-13T13:23:32.176+0000] {logging_mixin.py:151} INFO - [2023-10-13T13:23:32.176+0000] {dag.py:3722} INFO - Setting next_dagrun for example_subdag_operator.section-1 to None, run_after=None
[2023-10-13T13:23:32.178+0000] {logging_mixin.py:151} INFO - [2023-10-13T13:23:32.178+0000] {dag.py:3722} INFO - Setting next_dagrun for example_subdag_operator.section-2 to None, run_after=None
[2023-10-13T13:23:32.202+0000] {processor.py:179} INFO - Processing /home/airflow/.local/lib/python3.8/site-packages/airflow/example_dags/example_subdag_operator.py took 0.167 seconds
[2023-10-13T13:24:02.587+0000] {processor.py:157} INFO - Started process (PID=514) to work on /home/airflow/.local/lib/python3.8/site-packages/airflow/example_dags/example_subdag_operator.py
[2023-10-13T13:24:02.589+0000] {processor.py:829} INFO - Processing file /home/airflow/.local/lib/python3.8/site-packages/airflow/example_dags/example_subdag_operator.py for tasks to queue
[2023-10-13T13:24:02.593+0000] {logging_mixin.py:151} INFO - [2023-10-13T13:24:02.593+0000] {dagbag.py:536} INFO - Filling up the DagBag from /home/airflow/.local/lib/python3.8/site-packages/airflow/example_dags/example_subdag_operator.py
[2023-10-13T13:24:02.634+0000] {processor.py:839} INFO - DAG(s) dict_keys(['example_subdag_operator.section-1', 'example_subdag_operator.section-2', 'example_subdag_operator']) retrieved from /home/airflow/.local/lib/python3.8/site-packages/airflow/example_dags/example_subdag_operator.py
[2023-10-13T13:24:02.660+0000] {logging_mixin.py:151} INFO - [2023-10-13T13:24:02.660+0000] {dag.py:2941} INFO - Sync 3 DAGs
[2023-10-13T13:24:02.690+0000] {logging_mixin.py:151} INFO - [2023-10-13T13:24:02.689+0000] {dag.py:3722} INFO - Setting next_dagrun for example_subdag_operator to 2022-01-01T00:00:00+00:00, run_after=2022-01-01T00:00:00+00:00
[2023-10-13T13:24:02.695+0000] {logging_mixin.py:151} INFO - [2023-10-13T13:24:02.695+0000] {dag.py:3722} INFO - Setting next_dagrun for example_subdag_operator.section-1 to None, run_after=None
[2023-10-13T13:24:02.698+0000] {logging_mixin.py:151} INFO - [2023-10-13T13:24:02.698+0000] {dag.py:3722} INFO - Setting next_dagrun for example_subdag_operator.section-2 to None, run_after=None
[2023-10-13T13:24:02.712+0000] {logging_mixin.py:151} INFO - [2023-10-13T13:24:02.711+0000] {dag.py:2941} INFO - Sync 2 DAGs
[2023-10-13T13:24:02.721+0000] {logging_mixin.py:151} INFO - [2023-10-13T13:24:02.721+0000] {dag.py:3722} INFO - Setting next_dagrun for example_subdag_operator.section-1 to None, run_after=None
[2023-10-13T13:24:02.722+0000] {logging_mixin.py:151} INFO - [2023-10-13T13:24:02.722+0000] {dag.py:3722} INFO - Setting next_dagrun for example_subdag_operator.section-2 to None, run_after=None
[2023-10-13T13:24:02.748+0000] {processor.py:179} INFO - Processing /home/airflow/.local/lib/python3.8/site-packages/airflow/example_dags/example_subdag_operator.py took 0.165 seconds
[2023-10-13T13:24:32.905+0000] {processor.py:157} INFO - Started process (PID=568) to work on /home/airflow/.local/lib/python3.8/site-packages/airflow/example_dags/example_subdag_operator.py
[2023-10-13T13:24:32.907+0000] {processor.py:829} INFO - Processing file /home/airflow/.local/lib/python3.8/site-packages/airflow/example_dags/example_subdag_operator.py for tasks to queue
[2023-10-13T13:24:32.911+0000] {logging_mixin.py:151} INFO - [2023-10-13T13:24:32.910+0000] {dagbag.py:536} INFO - Filling up the DagBag from /home/airflow/.local/lib/python3.8/site-packages/airflow/example_dags/example_subdag_operator.py
[2023-10-13T13:24:32.945+0000] {processor.py:839} INFO - DAG(s) dict_keys(['example_subdag_operator.section-1', 'example_subdag_operator.section-2', 'example_subdag_operator']) retrieved from /home/airflow/.local/lib/python3.8/site-packages/airflow/example_dags/example_subdag_operator.py
[2023-10-13T13:24:32.965+0000] {logging_mixin.py:151} INFO - [2023-10-13T13:24:32.965+0000] {dag.py:2941} INFO - Sync 3 DAGs
[2023-10-13T13:24:32.993+0000] {logging_mixin.py:151} INFO - [2023-10-13T13:24:32.993+0000] {dag.py:3722} INFO - Setting next_dagrun for example_subdag_operator to 2022-01-01T00:00:00+00:00, run_after=2022-01-01T00:00:00+00:00
[2023-10-13T13:24:32.999+0000] {logging_mixin.py:151} INFO - [2023-10-13T13:24:32.999+0000] {dag.py:3722} INFO - Setting next_dagrun for example_subdag_operator.section-1 to None, run_after=None
[2023-10-13T13:24:33.002+0000] {logging_mixin.py:151} INFO - [2023-10-13T13:24:33.002+0000] {dag.py:3722} INFO - Setting next_dagrun for example_subdag_operator.section-2 to None, run_after=None
[2023-10-13T13:24:33.015+0000] {logging_mixin.py:151} INFO - [2023-10-13T13:24:33.015+0000] {dag.py:2941} INFO - Sync 2 DAGs
[2023-10-13T13:24:33.024+0000] {logging_mixin.py:151} INFO - [2023-10-13T13:24:33.024+0000] {dag.py:3722} INFO - Setting next_dagrun for example_subdag_operator.section-1 to None, run_after=None
[2023-10-13T13:24:33.026+0000] {logging_mixin.py:151} INFO - [2023-10-13T13:24:33.026+0000] {dag.py:3722} INFO - Setting next_dagrun for example_subdag_operator.section-2 to None, run_after=None
[2023-10-13T13:24:33.050+0000] {processor.py:179} INFO - Processing /home/airflow/.local/lib/python3.8/site-packages/airflow/example_dags/example_subdag_operator.py took 0.149 seconds
[2023-10-13T13:25:03.463+0000] {processor.py:157} INFO - Started process (PID=622) to work on /home/airflow/.local/lib/python3.8/site-packages/airflow/example_dags/example_subdag_operator.py
[2023-10-13T13:25:03.465+0000] {processor.py:829} INFO - Processing file /home/airflow/.local/lib/python3.8/site-packages/airflow/example_dags/example_subdag_operator.py for tasks to queue
[2023-10-13T13:25:03.470+0000] {logging_mixin.py:151} INFO - [2023-10-13T13:25:03.469+0000] {dagbag.py:536} INFO - Filling up the DagBag from /home/airflow/.local/lib/python3.8/site-packages/airflow/example_dags/example_subdag_operator.py
[2023-10-13T13:25:03.504+0000] {processor.py:839} INFO - DAG(s) dict_keys(['example_subdag_operator.section-1', 'example_subdag_operator.section-2', 'example_subdag_operator']) retrieved from /home/airflow/.local/lib/python3.8/site-packages/airflow/example_dags/example_subdag_operator.py
[2023-10-13T13:25:03.526+0000] {logging_mixin.py:151} INFO - [2023-10-13T13:25:03.526+0000] {dag.py:2941} INFO - Sync 3 DAGs
[2023-10-13T13:25:03.555+0000] {logging_mixin.py:151} INFO - [2023-10-13T13:25:03.555+0000] {dag.py:3722} INFO - Setting next_dagrun for example_subdag_operator to 2022-01-01T00:00:00+00:00, run_after=2022-01-01T00:00:00+00:00
[2023-10-13T13:25:03.561+0000] {logging_mixin.py:151} INFO - [2023-10-13T13:25:03.561+0000] {dag.py:3722} INFO - Setting next_dagrun for example_subdag_operator.section-1 to None, run_after=None
[2023-10-13T13:25:03.564+0000] {logging_mixin.py:151} INFO - [2023-10-13T13:25:03.564+0000] {dag.py:3722} INFO - Setting next_dagrun for example_subdag_operator.section-2 to None, run_after=None
[2023-10-13T13:25:03.577+0000] {logging_mixin.py:151} INFO - [2023-10-13T13:25:03.576+0000] {dag.py:2941} INFO - Sync 2 DAGs
[2023-10-13T13:25:03.586+0000] {logging_mixin.py:151} INFO - [2023-10-13T13:25:03.586+0000] {dag.py:3722} INFO - Setting next_dagrun for example_subdag_operator.section-1 to None, run_after=None
[2023-10-13T13:25:03.588+0000] {logging_mixin.py:151} INFO - [2023-10-13T13:25:03.588+0000] {dag.py:3722} INFO - Setting next_dagrun for example_subdag_operator.section-2 to None, run_after=None
[2023-10-13T13:25:03.611+0000] {processor.py:179} INFO - Processing /home/airflow/.local/lib/python3.8/site-packages/airflow/example_dags/example_subdag_operator.py took 0.152 seconds
[2023-10-13T13:25:33.851+0000] {processor.py:157} INFO - Started process (PID=676) to work on /home/airflow/.local/lib/python3.8/site-packages/airflow/example_dags/example_subdag_operator.py
[2023-10-13T13:25:33.856+0000] {processor.py:829} INFO - Processing file /home/airflow/.local/lib/python3.8/site-packages/airflow/example_dags/example_subdag_operator.py for tasks to queue
[2023-10-13T13:25:33.860+0000] {logging_mixin.py:151} INFO - [2023-10-13T13:25:33.859+0000] {dagbag.py:536} INFO - Filling up the DagBag from /home/airflow/.local/lib/python3.8/site-packages/airflow/example_dags/example_subdag_operator.py
[2023-10-13T13:25:33.901+0000] {processor.py:839} INFO - DAG(s) dict_keys(['example_subdag_operator.section-1', 'example_subdag_operator.section-2', 'example_subdag_operator']) retrieved from /home/airflow/.local/lib/python3.8/site-packages/airflow/example_dags/example_subdag_operator.py
[2023-10-13T13:25:33.923+0000] {logging_mixin.py:151} INFO - [2023-10-13T13:25:33.923+0000] {dag.py:2941} INFO - Sync 3 DAGs
[2023-10-13T13:25:33.960+0000] {logging_mixin.py:151} INFO - [2023-10-13T13:25:33.960+0000] {dag.py:3722} INFO - Setting next_dagrun for example_subdag_operator to 2022-01-01T00:00:00+00:00, run_after=2022-01-01T00:00:00+00:00
[2023-10-13T13:25:33.966+0000] {logging_mixin.py:151} INFO - [2023-10-13T13:25:33.966+0000] {dag.py:3722} INFO - Setting next_dagrun for example_subdag_operator.section-1 to None, run_after=None
[2023-10-13T13:25:33.972+0000] {logging_mixin.py:151} INFO - [2023-10-13T13:25:33.968+0000] {dag.py:3722} INFO - Setting next_dagrun for example_subdag_operator.section-2 to None, run_after=None
[2023-10-13T13:25:33.988+0000] {logging_mixin.py:151} INFO - [2023-10-13T13:25:33.988+0000] {dag.py:2941} INFO - Sync 2 DAGs
[2023-10-13T13:25:33.998+0000] {logging_mixin.py:151} INFO - [2023-10-13T13:25:33.997+0000] {dag.py:3722} INFO - Setting next_dagrun for example_subdag_operator.section-1 to None, run_after=None
[2023-10-13T13:25:33.999+0000] {logging_mixin.py:151} INFO - [2023-10-13T13:25:33.999+0000] {dag.py:3722} INFO - Setting next_dagrun for example_subdag_operator.section-2 to None, run_after=None
[2023-10-13T13:25:34.023+0000] {processor.py:179} INFO - Processing /home/airflow/.local/lib/python3.8/site-packages/airflow/example_dags/example_subdag_operator.py took 0.176 seconds
[2023-10-13T13:26:04.672+0000] {processor.py:157} INFO - Started process (PID=730) to work on /home/airflow/.local/lib/python3.8/site-packages/airflow/example_dags/example_subdag_operator.py
[2023-10-13T13:26:04.674+0000] {processor.py:829} INFO - Processing file /home/airflow/.local/lib/python3.8/site-packages/airflow/example_dags/example_subdag_operator.py for tasks to queue
[2023-10-13T13:26:04.679+0000] {logging_mixin.py:151} INFO - [2023-10-13T13:26:04.678+0000] {dagbag.py:536} INFO - Filling up the DagBag from /home/airflow/.local/lib/python3.8/site-packages/airflow/example_dags/example_subdag_operator.py
[2023-10-13T13:26:04.723+0000] {processor.py:839} INFO - DAG(s) dict_keys(['example_subdag_operator.section-1', 'example_subdag_operator.section-2', 'example_subdag_operator']) retrieved from /home/airflow/.local/lib/python3.8/site-packages/airflow/example_dags/example_subdag_operator.py
[2023-10-13T13:26:04.768+0000] {logging_mixin.py:151} INFO - [2023-10-13T13:26:04.768+0000] {dag.py:2941} INFO - Sync 3 DAGs
[2023-10-13T13:26:04.799+0000] {logging_mixin.py:151} INFO - [2023-10-13T13:26:04.799+0000] {dag.py:3722} INFO - Setting next_dagrun for example_subdag_operator to 2022-01-01T00:00:00+00:00, run_after=2022-01-01T00:00:00+00:00
[2023-10-13T13:26:04.805+0000] {logging_mixin.py:151} INFO - [2023-10-13T13:26:04.805+0000] {dag.py:3722} INFO - Setting next_dagrun for example_subdag_operator.section-1 to None, run_after=None
[2023-10-13T13:26:04.808+0000] {logging_mixin.py:151} INFO - [2023-10-13T13:26:04.807+0000] {dag.py:3722} INFO - Setting next_dagrun for example_subdag_operator.section-2 to None, run_after=None
[2023-10-13T13:26:04.819+0000] {logging_mixin.py:151} INFO - [2023-10-13T13:26:04.818+0000] {dag.py:2941} INFO - Sync 2 DAGs
[2023-10-13T13:26:04.827+0000] {logging_mixin.py:151} INFO - [2023-10-13T13:26:04.827+0000] {dag.py:3722} INFO - Setting next_dagrun for example_subdag_operator.section-1 to None, run_after=None
[2023-10-13T13:26:04.828+0000] {logging_mixin.py:151} INFO - [2023-10-13T13:26:04.828+0000] {dag.py:3722} INFO - Setting next_dagrun for example_subdag_operator.section-2 to None, run_after=None
[2023-10-13T13:26:04.846+0000] {processor.py:179} INFO - Processing /home/airflow/.local/lib/python3.8/site-packages/airflow/example_dags/example_subdag_operator.py took 0.179 seconds
[2023-10-13T13:26:35.663+0000] {processor.py:157} INFO - Started process (PID=784) to work on /home/airflow/.local/lib/python3.8/site-packages/airflow/example_dags/example_subdag_operator.py
[2023-10-13T13:26:35.665+0000] {processor.py:829} INFO - Processing file /home/airflow/.local/lib/python3.8/site-packages/airflow/example_dags/example_subdag_operator.py for tasks to queue
[2023-10-13T13:26:35.670+0000] {logging_mixin.py:151} INFO - [2023-10-13T13:26:35.669+0000] {dagbag.py:536} INFO - Filling up the DagBag from /home/airflow/.local/lib/python3.8/site-packages/airflow/example_dags/example_subdag_operator.py
[2023-10-13T13:26:35.704+0000] {processor.py:839} INFO - DAG(s) dict_keys(['example_subdag_operator.section-1', 'example_subdag_operator.section-2', 'example_subdag_operator']) retrieved from /home/airflow/.local/lib/python3.8/site-packages/airflow/example_dags/example_subdag_operator.py
[2023-10-13T13:26:35.726+0000] {logging_mixin.py:151} INFO - [2023-10-13T13:26:35.726+0000] {dag.py:2941} INFO - Sync 3 DAGs
[2023-10-13T13:26:35.754+0000] {logging_mixin.py:151} INFO - [2023-10-13T13:26:35.753+0000] {dag.py:3722} INFO - Setting next_dagrun for example_subdag_operator to 2022-01-01T00:00:00+00:00, run_after=2022-01-01T00:00:00+00:00
[2023-10-13T13:26:35.762+0000] {logging_mixin.py:151} INFO - [2023-10-13T13:26:35.761+0000] {dag.py:3722} INFO - Setting next_dagrun for example_subdag_operator.section-1 to None, run_after=None
[2023-10-13T13:26:35.766+0000] {logging_mixin.py:151} INFO - [2023-10-13T13:26:35.765+0000] {dag.py:3722} INFO - Setting next_dagrun for example_subdag_operator.section-2 to None, run_after=None
[2023-10-13T13:26:35.777+0000] {logging_mixin.py:151} INFO - [2023-10-13T13:26:35.777+0000] {dag.py:2941} INFO - Sync 2 DAGs
[2023-10-13T13:26:35.787+0000] {logging_mixin.py:151} INFO - [2023-10-13T13:26:35.786+0000] {dag.py:3722} INFO - Setting next_dagrun for example_subdag_operator.section-1 to None, run_after=None
[2023-10-13T13:26:35.788+0000] {logging_mixin.py:151} INFO - [2023-10-13T13:26:35.788+0000] {dag.py:3722} INFO - Setting next_dagrun for example_subdag_operator.section-2 to None, run_after=None
[2023-10-13T13:26:35.811+0000] {processor.py:179} INFO - Processing /home/airflow/.local/lib/python3.8/site-packages/airflow/example_dags/example_subdag_operator.py took 0.152 seconds
[2023-10-13T13:27:06.134+0000] {processor.py:157} INFO - Started process (PID=838) to work on /home/airflow/.local/lib/python3.8/site-packages/airflow/example_dags/example_subdag_operator.py
[2023-10-13T13:27:06.136+0000] {processor.py:829} INFO - Processing file /home/airflow/.local/lib/python3.8/site-packages/airflow/example_dags/example_subdag_operator.py for tasks to queue
[2023-10-13T13:27:06.142+0000] {logging_mixin.py:151} INFO - [2023-10-13T13:27:06.141+0000] {dagbag.py:536} INFO - Filling up the DagBag from /home/airflow/.local/lib/python3.8/site-packages/airflow/example_dags/example_subdag_operator.py
[2023-10-13T13:27:06.187+0000] {processor.py:839} INFO - DAG(s) dict_keys(['example_subdag_operator.section-1', 'example_subdag_operator.section-2', 'example_subdag_operator']) retrieved from /home/airflow/.local/lib/python3.8/site-packages/airflow/example_dags/example_subdag_operator.py
[2023-10-13T13:27:06.218+0000] {logging_mixin.py:151} INFO - [2023-10-13T13:27:06.218+0000] {dag.py:2941} INFO - Sync 3 DAGs
[2023-10-13T13:27:06.255+0000] {logging_mixin.py:151} INFO - [2023-10-13T13:27:06.255+0000] {dag.py:3722} INFO - Setting next_dagrun for example_subdag_operator to 2022-01-01T00:00:00+00:00, run_after=2022-01-01T00:00:00+00:00
[2023-10-13T13:27:06.261+0000] {logging_mixin.py:151} INFO - [2023-10-13T13:27:06.261+0000] {dag.py:3722} INFO - Setting next_dagrun for example_subdag_operator.section-1 to None, run_after=None
[2023-10-13T13:27:06.264+0000] {logging_mixin.py:151} INFO - [2023-10-13T13:27:06.264+0000] {dag.py:3722} INFO - Setting next_dagrun for example_subdag_operator.section-2 to None, run_after=None
[2023-10-13T13:27:06.276+0000] {logging_mixin.py:151} INFO - [2023-10-13T13:27:06.275+0000] {dag.py:2941} INFO - Sync 2 DAGs
[2023-10-13T13:27:06.286+0000] {logging_mixin.py:151} INFO - [2023-10-13T13:27:06.285+0000] {dag.py:3722} INFO - Setting next_dagrun for example_subdag_operator.section-1 to None, run_after=None
[2023-10-13T13:27:06.287+0000] {logging_mixin.py:151} INFO - [2023-10-13T13:27:06.287+0000] {dag.py:3722} INFO - Setting next_dagrun for example_subdag_operator.section-2 to None, run_after=None
[2023-10-13T13:27:06.311+0000] {processor.py:179} INFO - Processing /home/airflow/.local/lib/python3.8/site-packages/airflow/example_dags/example_subdag_operator.py took 0.182 seconds
[2023-10-13T13:27:36.731+0000] {processor.py:157} INFO - Started process (PID=892) to work on /home/airflow/.local/lib/python3.8/site-packages/airflow/example_dags/example_subdag_operator.py
[2023-10-13T13:27:36.733+0000] {processor.py:829} INFO - Processing file /home/airflow/.local/lib/python3.8/site-packages/airflow/example_dags/example_subdag_operator.py for tasks to queue
[2023-10-13T13:27:36.737+0000] {logging_mixin.py:151} INFO - [2023-10-13T13:27:36.737+0000] {dagbag.py:536} INFO - Filling up the DagBag from /home/airflow/.local/lib/python3.8/site-packages/airflow/example_dags/example_subdag_operator.py
[2023-10-13T13:27:36.776+0000] {processor.py:839} INFO - DAG(s) dict_keys(['example_subdag_operator.section-1', 'example_subdag_operator.section-2', 'example_subdag_operator']) retrieved from /home/airflow/.local/lib/python3.8/site-packages/airflow/example_dags/example_subdag_operator.py
[2023-10-13T13:27:36.803+0000] {logging_mixin.py:151} INFO - [2023-10-13T13:27:36.803+0000] {dag.py:2941} INFO - Sync 3 DAGs
[2023-10-13T13:27:36.838+0000] {logging_mixin.py:151} INFO - [2023-10-13T13:27:36.837+0000] {dag.py:3722} INFO - Setting next_dagrun for example_subdag_operator to 2022-01-01T00:00:00+00:00, run_after=2022-01-01T00:00:00+00:00
[2023-10-13T13:27:36.844+0000] {logging_mixin.py:151} INFO - [2023-10-13T13:27:36.844+0000] {dag.py:3722} INFO - Setting next_dagrun for example_subdag_operator.section-1 to None, run_after=None
[2023-10-13T13:27:36.847+0000] {logging_mixin.py:151} INFO - [2023-10-13T13:27:36.847+0000] {dag.py:3722} INFO - Setting next_dagrun for example_subdag_operator.section-2 to None, run_after=None
[2023-10-13T13:27:36.859+0000] {logging_mixin.py:151} INFO - [2023-10-13T13:27:36.859+0000] {dag.py:2941} INFO - Sync 2 DAGs
[2023-10-13T13:27:36.869+0000] {logging_mixin.py:151} INFO - [2023-10-13T13:27:36.869+0000] {dag.py:3722} INFO - Setting next_dagrun for example_subdag_operator.section-1 to None, run_after=None
[2023-10-13T13:27:36.870+0000] {logging_mixin.py:151} INFO - [2023-10-13T13:27:36.870+0000] {dag.py:3722} INFO - Setting next_dagrun for example_subdag_operator.section-2 to None, run_after=None
[2023-10-13T13:27:36.891+0000] {processor.py:179} INFO - Processing /home/airflow/.local/lib/python3.8/site-packages/airflow/example_dags/example_subdag_operator.py took 0.164 seconds
[2023-10-13T13:28:07.062+0000] {processor.py:157} INFO - Started process (PID=946) to work on /home/airflow/.local/lib/python3.8/site-packages/airflow/example_dags/example_subdag_operator.py
[2023-10-13T13:28:07.064+0000] {processor.py:829} INFO - Processing file /home/airflow/.local/lib/python3.8/site-packages/airflow/example_dags/example_subdag_operator.py for tasks to queue
[2023-10-13T13:28:07.130+0000] {logging_mixin.py:151} INFO - [2023-10-13T13:28:07.127+0000] {dagbag.py:536} INFO - Filling up the DagBag from /home/airflow/.local/lib/python3.8/site-packages/airflow/example_dags/example_subdag_operator.py
[2023-10-13T13:28:07.197+0000] {processor.py:839} INFO - DAG(s) dict_keys(['example_subdag_operator.section-1', 'example_subdag_operator.section-2', 'example_subdag_operator']) retrieved from /home/airflow/.local/lib/python3.8/site-packages/airflow/example_dags/example_subdag_operator.py
[2023-10-13T13:28:07.223+0000] {logging_mixin.py:151} INFO - [2023-10-13T13:28:07.222+0000] {dag.py:2941} INFO - Sync 3 DAGs
[2023-10-13T13:28:07.279+0000] {logging_mixin.py:151} INFO - [2023-10-13T13:28:07.278+0000] {dag.py:3722} INFO - Setting next_dagrun for example_subdag_operator to 2022-01-01T00:00:00+00:00, run_after=2022-01-01T00:00:00+00:00
[2023-10-13T13:28:08.020+0000] {logging_mixin.py:151} INFO - [2023-10-13T13:28:08.019+0000] {dag.py:3722} INFO - Setting next_dagrun for example_subdag_operator.section-1 to None, run_after=None
[2023-10-13T13:28:08.023+0000] {logging_mixin.py:151} INFO - [2023-10-13T13:28:08.023+0000] {dag.py:3722} INFO - Setting next_dagrun for example_subdag_operator.section-2 to None, run_after=None
[2023-10-13T13:28:08.039+0000] {logging_mixin.py:151} INFO - [2023-10-13T13:28:08.038+0000] {dag.py:2941} INFO - Sync 2 DAGs
[2023-10-13T13:28:08.051+0000] {logging_mixin.py:151} INFO - [2023-10-13T13:28:08.051+0000] {dag.py:3722} INFO - Setting next_dagrun for example_subdag_operator.section-1 to None, run_after=None
[2023-10-13T13:28:08.052+0000] {logging_mixin.py:151} INFO - [2023-10-13T13:28:08.052+0000] {dag.py:3722} INFO - Setting next_dagrun for example_subdag_operator.section-2 to None, run_after=None
[2023-10-13T13:28:08.076+0000] {processor.py:179} INFO - Processing /home/airflow/.local/lib/python3.8/site-packages/airflow/example_dags/example_subdag_operator.py took 1.019 seconds
[2023-10-13T13:28:38.502+0000] {processor.py:157} INFO - Started process (PID=1000) to work on /home/airflow/.local/lib/python3.8/site-packages/airflow/example_dags/example_subdag_operator.py
[2023-10-13T13:28:38.504+0000] {processor.py:829} INFO - Processing file /home/airflow/.local/lib/python3.8/site-packages/airflow/example_dags/example_subdag_operator.py for tasks to queue
[2023-10-13T13:28:38.509+0000] {logging_mixin.py:151} INFO - [2023-10-13T13:28:38.509+0000] {dagbag.py:536} INFO - Filling up the DagBag from /home/airflow/.local/lib/python3.8/site-packages/airflow/example_dags/example_subdag_operator.py
[2023-10-13T13:28:38.543+0000] {processor.py:839} INFO - DAG(s) dict_keys(['example_subdag_operator.section-1', 'example_subdag_operator.section-2', 'example_subdag_operator']) retrieved from /home/airflow/.local/lib/python3.8/site-packages/airflow/example_dags/example_subdag_operator.py
[2023-10-13T13:28:38.571+0000] {logging_mixin.py:151} INFO - [2023-10-13T13:28:38.570+0000] {dag.py:2941} INFO - Sync 3 DAGs
[2023-10-13T13:28:38.609+0000] {logging_mixin.py:151} INFO - [2023-10-13T13:28:38.609+0000] {dag.py:3722} INFO - Setting next_dagrun for example_subdag_operator to 2022-01-01T00:00:00+00:00, run_after=2022-01-01T00:00:00+00:00
[2023-10-13T13:28:38.615+0000] {logging_mixin.py:151} INFO - [2023-10-13T13:28:38.615+0000] {dag.py:3722} INFO - Setting next_dagrun for example_subdag_operator.section-1 to None, run_after=None
[2023-10-13T13:28:38.618+0000] {logging_mixin.py:151} INFO - [2023-10-13T13:28:38.617+0000] {dag.py:3722} INFO - Setting next_dagrun for example_subdag_operator.section-2 to None, run_after=None
[2023-10-13T13:28:38.631+0000] {logging_mixin.py:151} INFO - [2023-10-13T13:28:38.631+0000] {dag.py:2941} INFO - Sync 2 DAGs
[2023-10-13T13:28:38.640+0000] {logging_mixin.py:151} INFO - [2023-10-13T13:28:38.640+0000] {dag.py:3722} INFO - Setting next_dagrun for example_subdag_operator.section-1 to None, run_after=None
[2023-10-13T13:28:38.642+0000] {logging_mixin.py:151} INFO - [2023-10-13T13:28:38.641+0000] {dag.py:3722} INFO - Setting next_dagrun for example_subdag_operator.section-2 to None, run_after=None
[2023-10-13T13:28:38.665+0000] {processor.py:179} INFO - Processing /home/airflow/.local/lib/python3.8/site-packages/airflow/example_dags/example_subdag_operator.py took 0.169 seconds
[2023-10-13T13:29:08.815+0000] {processor.py:157} INFO - Started process (PID=1054) to work on /home/airflow/.local/lib/python3.8/site-packages/airflow/example_dags/example_subdag_operator.py
[2023-10-13T13:29:08.817+0000] {processor.py:829} INFO - Processing file /home/airflow/.local/lib/python3.8/site-packages/airflow/example_dags/example_subdag_operator.py for tasks to queue
[2023-10-13T13:29:08.821+0000] {logging_mixin.py:151} INFO - [2023-10-13T13:29:08.821+0000] {dagbag.py:536} INFO - Filling up the DagBag from /home/airflow/.local/lib/python3.8/site-packages/airflow/example_dags/example_subdag_operator.py
[2023-10-13T13:29:08.860+0000] {processor.py:839} INFO - DAG(s) dict_keys(['example_subdag_operator.section-1', 'example_subdag_operator.section-2', 'example_subdag_operator']) retrieved from /home/airflow/.local/lib/python3.8/site-packages/airflow/example_dags/example_subdag_operator.py
[2023-10-13T13:29:08.883+0000] {logging_mixin.py:151} INFO - [2023-10-13T13:29:08.883+0000] {dag.py:2941} INFO - Sync 3 DAGs
[2023-10-13T13:29:08.911+0000] {logging_mixin.py:151} INFO - [2023-10-13T13:29:08.911+0000] {dag.py:3722} INFO - Setting next_dagrun for example_subdag_operator to 2022-01-01T00:00:00+00:00, run_after=2022-01-01T00:00:00+00:00
[2023-10-13T13:29:08.917+0000] {logging_mixin.py:151} INFO - [2023-10-13T13:29:08.916+0000] {dag.py:3722} INFO - Setting next_dagrun for example_subdag_operator.section-1 to None, run_after=None
[2023-10-13T13:29:08.920+0000] {logging_mixin.py:151} INFO - [2023-10-13T13:29:08.919+0000] {dag.py:3722} INFO - Setting next_dagrun for example_subdag_operator.section-2 to None, run_after=None
[2023-10-13T13:29:08.931+0000] {logging_mixin.py:151} INFO - [2023-10-13T13:29:08.930+0000] {dag.py:2941} INFO - Sync 2 DAGs
[2023-10-13T13:29:08.941+0000] {logging_mixin.py:151} INFO - [2023-10-13T13:29:08.941+0000] {dag.py:3722} INFO - Setting next_dagrun for example_subdag_operator.section-1 to None, run_after=None
[2023-10-13T13:29:08.942+0000] {logging_mixin.py:151} INFO - [2023-10-13T13:29:08.942+0000] {dag.py:3722} INFO - Setting next_dagrun for example_subdag_operator.section-2 to None, run_after=None
[2023-10-13T13:29:08.965+0000] {processor.py:179} INFO - Processing /home/airflow/.local/lib/python3.8/site-packages/airflow/example_dags/example_subdag_operator.py took 0.155 seconds
[2023-10-13T13:29:39.025+0000] {processor.py:157} INFO - Started process (PID=1108) to work on /home/airflow/.local/lib/python3.8/site-packages/airflow/example_dags/example_subdag_operator.py
[2023-10-13T13:29:39.027+0000] {processor.py:829} INFO - Processing file /home/airflow/.local/lib/python3.8/site-packages/airflow/example_dags/example_subdag_operator.py for tasks to queue
[2023-10-13T13:29:39.031+0000] {logging_mixin.py:151} INFO - [2023-10-13T13:29:39.031+0000] {dagbag.py:536} INFO - Filling up the DagBag from /home/airflow/.local/lib/python3.8/site-packages/airflow/example_dags/example_subdag_operator.py
[2023-10-13T13:29:39.073+0000] {processor.py:839} INFO - DAG(s) dict_keys(['example_subdag_operator.section-1', 'example_subdag_operator.section-2', 'example_subdag_operator']) retrieved from /home/airflow/.local/lib/python3.8/site-packages/airflow/example_dags/example_subdag_operator.py
[2023-10-13T13:29:39.110+0000] {logging_mixin.py:151} INFO - [2023-10-13T13:29:39.110+0000] {dag.py:2941} INFO - Sync 3 DAGs
[2023-10-13T13:29:39.325+0000] {logging_mixin.py:151} INFO - [2023-10-13T13:29:39.325+0000] {dag.py:3722} INFO - Setting next_dagrun for example_subdag_operator to 2022-01-01T00:00:00+00:00, run_after=2022-01-01T00:00:00+00:00
[2023-10-13T13:29:39.332+0000] {logging_mixin.py:151} INFO - [2023-10-13T13:29:39.332+0000] {dag.py:3722} INFO - Setting next_dagrun for example_subdag_operator.section-1 to None, run_after=None
[2023-10-13T13:29:39.335+0000] {logging_mixin.py:151} INFO - [2023-10-13T13:29:39.335+0000] {dag.py:3722} INFO - Setting next_dagrun for example_subdag_operator.section-2 to None, run_after=None
[2023-10-13T13:29:39.348+0000] {logging_mixin.py:151} INFO - [2023-10-13T13:29:39.348+0000] {dag.py:2941} INFO - Sync 2 DAGs
[2023-10-13T13:29:39.360+0000] {logging_mixin.py:151} INFO - [2023-10-13T13:29:39.360+0000] {dag.py:3722} INFO - Setting next_dagrun for example_subdag_operator.section-1 to None, run_after=None
[2023-10-13T13:29:39.362+0000] {logging_mixin.py:151} INFO - [2023-10-13T13:29:39.361+0000] {dag.py:3722} INFO - Setting next_dagrun for example_subdag_operator.section-2 to None, run_after=None
[2023-10-13T13:29:39.383+0000] {processor.py:179} INFO - Processing /home/airflow/.local/lib/python3.8/site-packages/airflow/example_dags/example_subdag_operator.py took 0.362 seconds
[2023-10-13T13:30:09.912+0000] {processor.py:157} INFO - Started process (PID=1162) to work on /home/airflow/.local/lib/python3.8/site-packages/airflow/example_dags/example_subdag_operator.py
[2023-10-13T13:30:09.915+0000] {processor.py:829} INFO - Processing file /home/airflow/.local/lib/python3.8/site-packages/airflow/example_dags/example_subdag_operator.py for tasks to queue
[2023-10-13T13:30:09.928+0000] {logging_mixin.py:151} INFO - [2023-10-13T13:30:09.927+0000] {dagbag.py:536} INFO - Filling up the DagBag from /home/airflow/.local/lib/python3.8/site-packages/airflow/example_dags/example_subdag_operator.py
[2023-10-13T13:30:09.978+0000] {processor.py:839} INFO - DAG(s) dict_keys(['example_subdag_operator.section-1', 'example_subdag_operator.section-2', 'example_subdag_operator']) retrieved from /home/airflow/.local/lib/python3.8/site-packages/airflow/example_dags/example_subdag_operator.py
[2023-10-13T13:30:10.032+0000] {logging_mixin.py:151} INFO - [2023-10-13T13:30:10.031+0000] {dag.py:2941} INFO - Sync 3 DAGs
[2023-10-13T13:30:10.090+0000] {logging_mixin.py:151} INFO - [2023-10-13T13:30:10.089+0000] {dag.py:3722} INFO - Setting next_dagrun for example_subdag_operator to 2022-01-01T00:00:00+00:00, run_after=2022-01-01T00:00:00+00:00
[2023-10-13T13:30:10.100+0000] {logging_mixin.py:151} INFO - [2023-10-13T13:30:10.099+0000] {dag.py:3722} INFO - Setting next_dagrun for example_subdag_operator.section-1 to None, run_after=None
[2023-10-13T13:30:10.106+0000] {logging_mixin.py:151} INFO - [2023-10-13T13:30:10.106+0000] {dag.py:3722} INFO - Setting next_dagrun for example_subdag_operator.section-2 to None, run_after=None
[2023-10-13T13:30:10.136+0000] {logging_mixin.py:151} INFO - [2023-10-13T13:30:10.135+0000] {dag.py:2941} INFO - Sync 2 DAGs
[2023-10-13T13:30:10.151+0000] {logging_mixin.py:151} INFO - [2023-10-13T13:30:10.150+0000] {dag.py:3722} INFO - Setting next_dagrun for example_subdag_operator.section-1 to None, run_after=None
[2023-10-13T13:30:10.154+0000] {logging_mixin.py:151} INFO - [2023-10-13T13:30:10.153+0000] {dag.py:3722} INFO - Setting next_dagrun for example_subdag_operator.section-2 to None, run_after=None
[2023-10-13T13:30:10.193+0000] {processor.py:179} INFO - Processing /home/airflow/.local/lib/python3.8/site-packages/airflow/example_dags/example_subdag_operator.py took 0.291 seconds
[2023-10-13T13:30:41.146+0000] {processor.py:157} INFO - Started process (PID=1216) to work on /home/airflow/.local/lib/python3.8/site-packages/airflow/example_dags/example_subdag_operator.py
[2023-10-13T13:30:41.148+0000] {processor.py:829} INFO - Processing file /home/airflow/.local/lib/python3.8/site-packages/airflow/example_dags/example_subdag_operator.py for tasks to queue
[2023-10-13T13:30:41.152+0000] {logging_mixin.py:151} INFO - [2023-10-13T13:30:41.151+0000] {dagbag.py:536} INFO - Filling up the DagBag from /home/airflow/.local/lib/python3.8/site-packages/airflow/example_dags/example_subdag_operator.py
[2023-10-13T13:30:41.191+0000] {processor.py:839} INFO - DAG(s) dict_keys(['example_subdag_operator.section-1', 'example_subdag_operator.section-2', 'example_subdag_operator']) retrieved from /home/airflow/.local/lib/python3.8/site-packages/airflow/example_dags/example_subdag_operator.py
[2023-10-13T13:30:41.218+0000] {logging_mixin.py:151} INFO - [2023-10-13T13:30:41.218+0000] {dag.py:2941} INFO - Sync 3 DAGs
[2023-10-13T13:30:41.255+0000] {logging_mixin.py:151} INFO - [2023-10-13T13:30:41.255+0000] {dag.py:3722} INFO - Setting next_dagrun for example_subdag_operator to 2022-01-01T00:00:00+00:00, run_after=2022-01-01T00:00:00+00:00
[2023-10-13T13:30:41.261+0000] {logging_mixin.py:151} INFO - [2023-10-13T13:30:41.261+0000] {dag.py:3722} INFO - Setting next_dagrun for example_subdag_operator.section-1 to None, run_after=None
[2023-10-13T13:30:41.264+0000] {logging_mixin.py:151} INFO - [2023-10-13T13:30:41.264+0000] {dag.py:3722} INFO - Setting next_dagrun for example_subdag_operator.section-2 to None, run_after=None
[2023-10-13T13:30:41.277+0000] {logging_mixin.py:151} INFO - [2023-10-13T13:30:41.277+0000] {dag.py:2941} INFO - Sync 2 DAGs
[2023-10-13T13:30:41.287+0000] {logging_mixin.py:151} INFO - [2023-10-13T13:30:41.287+0000] {dag.py:3722} INFO - Setting next_dagrun for example_subdag_operator.section-1 to None, run_after=None
[2023-10-13T13:30:41.289+0000] {logging_mixin.py:151} INFO - [2023-10-13T13:30:41.288+0000] {dag.py:3722} INFO - Setting next_dagrun for example_subdag_operator.section-2 to None, run_after=None
[2023-10-13T13:30:41.310+0000] {processor.py:179} INFO - Processing /home/airflow/.local/lib/python3.8/site-packages/airflow/example_dags/example_subdag_operator.py took 0.168 seconds
[2023-10-13T13:31:11.626+0000] {processor.py:157} INFO - Started process (PID=1270) to work on /home/airflow/.local/lib/python3.8/site-packages/airflow/example_dags/example_subdag_operator.py
[2023-10-13T13:31:11.628+0000] {processor.py:829} INFO - Processing file /home/airflow/.local/lib/python3.8/site-packages/airflow/example_dags/example_subdag_operator.py for tasks to queue
[2023-10-13T13:31:11.632+0000] {logging_mixin.py:151} INFO - [2023-10-13T13:31:11.632+0000] {dagbag.py:536} INFO - Filling up the DagBag from /home/airflow/.local/lib/python3.8/site-packages/airflow/example_dags/example_subdag_operator.py
[2023-10-13T13:31:11.669+0000] {processor.py:839} INFO - DAG(s) dict_keys(['example_subdag_operator.section-1', 'example_subdag_operator.section-2', 'example_subdag_operator']) retrieved from /home/airflow/.local/lib/python3.8/site-packages/airflow/example_dags/example_subdag_operator.py
[2023-10-13T13:31:11.690+0000] {logging_mixin.py:151} INFO - [2023-10-13T13:31:11.690+0000] {dag.py:2941} INFO - Sync 3 DAGs
[2023-10-13T13:31:11.871+0000] {logging_mixin.py:151} INFO - [2023-10-13T13:31:11.871+0000] {dag.py:3722} INFO - Setting next_dagrun for example_subdag_operator to 2022-01-01T00:00:00+00:00, run_after=2022-01-01T00:00:00+00:00
[2023-10-13T13:31:11.876+0000] {logging_mixin.py:151} INFO - [2023-10-13T13:31:11.876+0000] {dag.py:3722} INFO - Setting next_dagrun for example_subdag_operator.section-1 to None, run_after=None
[2023-10-13T13:31:11.879+0000] {logging_mixin.py:151} INFO - [2023-10-13T13:31:11.879+0000] {dag.py:3722} INFO - Setting next_dagrun for example_subdag_operator.section-2 to None, run_after=None
[2023-10-13T13:31:11.891+0000] {logging_mixin.py:151} INFO - [2023-10-13T13:31:11.890+0000] {dag.py:2941} INFO - Sync 2 DAGs
[2023-10-13T13:31:11.901+0000] {logging_mixin.py:151} INFO - [2023-10-13T13:31:11.901+0000] {dag.py:3722} INFO - Setting next_dagrun for example_subdag_operator.section-1 to None, run_after=None
[2023-10-13T13:31:11.902+0000] {logging_mixin.py:151} INFO - [2023-10-13T13:31:11.902+0000] {dag.py:3722} INFO - Setting next_dagrun for example_subdag_operator.section-2 to None, run_after=None
[2023-10-13T13:31:11.924+0000] {processor.py:179} INFO - Processing /home/airflow/.local/lib/python3.8/site-packages/airflow/example_dags/example_subdag_operator.py took 0.304 seconds
[2023-10-13T13:31:42.064+0000] {processor.py:157} INFO - Started process (PID=1324) to work on /home/airflow/.local/lib/python3.8/site-packages/airflow/example_dags/example_subdag_operator.py
[2023-10-13T13:31:42.066+0000] {processor.py:829} INFO - Processing file /home/airflow/.local/lib/python3.8/site-packages/airflow/example_dags/example_subdag_operator.py for tasks to queue
[2023-10-13T13:31:42.071+0000] {logging_mixin.py:151} INFO - [2023-10-13T13:31:42.070+0000] {dagbag.py:536} INFO - Filling up the DagBag from /home/airflow/.local/lib/python3.8/site-packages/airflow/example_dags/example_subdag_operator.py
[2023-10-13T13:31:42.111+0000] {processor.py:839} INFO - DAG(s) dict_keys(['example_subdag_operator.section-1', 'example_subdag_operator.section-2', 'example_subdag_operator']) retrieved from /home/airflow/.local/lib/python3.8/site-packages/airflow/example_dags/example_subdag_operator.py
[2023-10-13T13:31:42.135+0000] {logging_mixin.py:151} INFO - [2023-10-13T13:31:42.135+0000] {dag.py:2941} INFO - Sync 3 DAGs
[2023-10-13T13:31:42.412+0000] {logging_mixin.py:151} INFO - [2023-10-13T13:31:42.412+0000] {dag.py:3722} INFO - Setting next_dagrun for example_subdag_operator to 2022-01-01T00:00:00+00:00, run_after=2022-01-01T00:00:00+00:00
[2023-10-13T13:31:42.418+0000] {logging_mixin.py:151} INFO - [2023-10-13T13:31:42.417+0000] {dag.py:3722} INFO - Setting next_dagrun for example_subdag_operator.section-1 to None, run_after=None
[2023-10-13T13:31:42.420+0000] {logging_mixin.py:151} INFO - [2023-10-13T13:31:42.420+0000] {dag.py:3722} INFO - Setting next_dagrun for example_subdag_operator.section-2 to None, run_after=None
[2023-10-13T13:31:42.436+0000] {logging_mixin.py:151} INFO - [2023-10-13T13:31:42.435+0000] {dag.py:2941} INFO - Sync 2 DAGs
[2023-10-13T13:31:42.448+0000] {logging_mixin.py:151} INFO - [2023-10-13T13:31:42.448+0000] {dag.py:3722} INFO - Setting next_dagrun for example_subdag_operator.section-1 to None, run_after=None
[2023-10-13T13:31:42.450+0000] {logging_mixin.py:151} INFO - [2023-10-13T13:31:42.449+0000] {dag.py:3722} INFO - Setting next_dagrun for example_subdag_operator.section-2 to None, run_after=None
[2023-10-13T13:31:42.487+0000] {processor.py:179} INFO - Processing /home/airflow/.local/lib/python3.8/site-packages/airflow/example_dags/example_subdag_operator.py took 0.427 seconds
[2023-10-13T13:32:12.694+0000] {processor.py:157} INFO - Started process (PID=1385) to work on /home/airflow/.local/lib/python3.8/site-packages/airflow/example_dags/example_subdag_operator.py
[2023-10-13T13:32:12.696+0000] {processor.py:829} INFO - Processing file /home/airflow/.local/lib/python3.8/site-packages/airflow/example_dags/example_subdag_operator.py for tasks to queue
[2023-10-13T13:32:12.699+0000] {logging_mixin.py:151} INFO - [2023-10-13T13:32:12.699+0000] {dagbag.py:536} INFO - Filling up the DagBag from /home/airflow/.local/lib/python3.8/site-packages/airflow/example_dags/example_subdag_operator.py
[2023-10-13T13:32:12.741+0000] {processor.py:839} INFO - DAG(s) dict_keys(['example_subdag_operator.section-1', 'example_subdag_operator.section-2', 'example_subdag_operator']) retrieved from /home/airflow/.local/lib/python3.8/site-packages/airflow/example_dags/example_subdag_operator.py
[2023-10-13T13:32:12.768+0000] {logging_mixin.py:151} INFO - [2023-10-13T13:32:12.768+0000] {dag.py:2941} INFO - Sync 3 DAGs
[2023-10-13T13:32:12.802+0000] {logging_mixin.py:151} INFO - [2023-10-13T13:32:12.802+0000] {dag.py:3722} INFO - Setting next_dagrun for example_subdag_operator to 2022-01-01T00:00:00+00:00, run_after=2022-01-01T00:00:00+00:00
[2023-10-13T13:32:12.809+0000] {logging_mixin.py:151} INFO - [2023-10-13T13:32:12.809+0000] {dag.py:3722} INFO - Setting next_dagrun for example_subdag_operator.section-1 to None, run_after=None
[2023-10-13T13:32:12.812+0000] {logging_mixin.py:151} INFO - [2023-10-13T13:32:12.812+0000] {dag.py:3722} INFO - Setting next_dagrun for example_subdag_operator.section-2 to None, run_after=None
[2023-10-13T13:32:12.825+0000] {logging_mixin.py:151} INFO - [2023-10-13T13:32:12.825+0000] {dag.py:2941} INFO - Sync 2 DAGs
[2023-10-13T13:32:12.837+0000] {logging_mixin.py:151} INFO - [2023-10-13T13:32:12.836+0000] {dag.py:3722} INFO - Setting next_dagrun for example_subdag_operator.section-1 to None, run_after=None
[2023-10-13T13:32:12.839+0000] {logging_mixin.py:151} INFO - [2023-10-13T13:32:12.838+0000] {dag.py:3722} INFO - Setting next_dagrun for example_subdag_operator.section-2 to None, run_after=None
[2023-10-13T13:32:12.861+0000] {processor.py:179} INFO - Processing /home/airflow/.local/lib/python3.8/site-packages/airflow/example_dags/example_subdag_operator.py took 0.172 seconds
[2023-10-13T13:32:43.423+0000] {processor.py:157} INFO - Started process (PID=1439) to work on /home/airflow/.local/lib/python3.8/site-packages/airflow/example_dags/example_subdag_operator.py
[2023-10-13T13:32:43.425+0000] {processor.py:829} INFO - Processing file /home/airflow/.local/lib/python3.8/site-packages/airflow/example_dags/example_subdag_operator.py for tasks to queue
[2023-10-13T13:32:43.430+0000] {logging_mixin.py:151} INFO - [2023-10-13T13:32:43.430+0000] {dagbag.py:536} INFO - Filling up the DagBag from /home/airflow/.local/lib/python3.8/site-packages/airflow/example_dags/example_subdag_operator.py
[2023-10-13T13:32:43.474+0000] {processor.py:839} INFO - DAG(s) dict_keys(['example_subdag_operator.section-1', 'example_subdag_operator.section-2', 'example_subdag_operator']) retrieved from /home/airflow/.local/lib/python3.8/site-packages/airflow/example_dags/example_subdag_operator.py
[2023-10-13T13:32:43.509+0000] {logging_mixin.py:151} INFO - [2023-10-13T13:32:43.509+0000] {dag.py:2941} INFO - Sync 3 DAGs
[2023-10-13T13:32:43.556+0000] {logging_mixin.py:151} INFO - [2023-10-13T13:32:43.555+0000] {dag.py:3722} INFO - Setting next_dagrun for example_subdag_operator to 2022-01-01T00:00:00+00:00, run_after=2022-01-01T00:00:00+00:00
[2023-10-13T13:32:43.565+0000] {logging_mixin.py:151} INFO - [2023-10-13T13:32:43.565+0000] {dag.py:3722} INFO - Setting next_dagrun for example_subdag_operator.section-1 to None, run_after=None
[2023-10-13T13:32:43.569+0000] {logging_mixin.py:151} INFO - [2023-10-13T13:32:43.569+0000] {dag.py:3722} INFO - Setting next_dagrun for example_subdag_operator.section-2 to None, run_after=None
[2023-10-13T13:32:43.584+0000] {logging_mixin.py:151} INFO - [2023-10-13T13:32:43.583+0000] {dag.py:2941} INFO - Sync 2 DAGs
[2023-10-13T13:32:43.596+0000] {logging_mixin.py:151} INFO - [2023-10-13T13:32:43.596+0000] {dag.py:3722} INFO - Setting next_dagrun for example_subdag_operator.section-1 to None, run_after=None
[2023-10-13T13:32:43.598+0000] {logging_mixin.py:151} INFO - [2023-10-13T13:32:43.597+0000] {dag.py:3722} INFO - Setting next_dagrun for example_subdag_operator.section-2 to None, run_after=None
[2023-10-13T13:32:43.621+0000] {processor.py:179} INFO - Processing /home/airflow/.local/lib/python3.8/site-packages/airflow/example_dags/example_subdag_operator.py took 0.203 seconds
[2023-10-13T13:33:13.907+0000] {processor.py:157} INFO - Started process (PID=1493) to work on /home/airflow/.local/lib/python3.8/site-packages/airflow/example_dags/example_subdag_operator.py
[2023-10-13T13:33:13.909+0000] {processor.py:829} INFO - Processing file /home/airflow/.local/lib/python3.8/site-packages/airflow/example_dags/example_subdag_operator.py for tasks to queue
[2023-10-13T13:33:13.915+0000] {logging_mixin.py:151} INFO - [2023-10-13T13:33:13.914+0000] {dagbag.py:536} INFO - Filling up the DagBag from /home/airflow/.local/lib/python3.8/site-packages/airflow/example_dags/example_subdag_operator.py
[2023-10-13T13:33:13.951+0000] {processor.py:839} INFO - DAG(s) dict_keys(['example_subdag_operator.section-1', 'example_subdag_operator.section-2', 'example_subdag_operator']) retrieved from /home/airflow/.local/lib/python3.8/site-packages/airflow/example_dags/example_subdag_operator.py
[2023-10-13T13:33:13.979+0000] {logging_mixin.py:151} INFO - [2023-10-13T13:33:13.978+0000] {dag.py:2941} INFO - Sync 3 DAGs
[2023-10-13T13:33:14.015+0000] {logging_mixin.py:151} INFO - [2023-10-13T13:33:14.014+0000] {dag.py:3722} INFO - Setting next_dagrun for example_subdag_operator to 2022-01-01T00:00:00+00:00, run_after=2022-01-01T00:00:00+00:00
[2023-10-13T13:33:14.021+0000] {logging_mixin.py:151} INFO - [2023-10-13T13:33:14.021+0000] {dag.py:3722} INFO - Setting next_dagrun for example_subdag_operator.section-1 to None, run_after=None
[2023-10-13T13:33:14.025+0000] {logging_mixin.py:151} INFO - [2023-10-13T13:33:14.025+0000] {dag.py:3722} INFO - Setting next_dagrun for example_subdag_operator.section-2 to None, run_after=None
[2023-10-13T13:33:14.039+0000] {logging_mixin.py:151} INFO - [2023-10-13T13:33:14.039+0000] {dag.py:2941} INFO - Sync 2 DAGs
[2023-10-13T13:33:14.051+0000] {logging_mixin.py:151} INFO - [2023-10-13T13:33:14.051+0000] {dag.py:3722} INFO - Setting next_dagrun for example_subdag_operator.section-1 to None, run_after=None
[2023-10-13T13:33:14.053+0000] {logging_mixin.py:151} INFO - [2023-10-13T13:33:14.052+0000] {dag.py:3722} INFO - Setting next_dagrun for example_subdag_operator.section-2 to None, run_after=None
[2023-10-13T13:33:14.073+0000] {processor.py:179} INFO - Processing /home/airflow/.local/lib/python3.8/site-packages/airflow/example_dags/example_subdag_operator.py took 0.169 seconds
[2023-10-13T13:33:44.472+0000] {processor.py:157} INFO - Started process (PID=1548) to work on /home/airflow/.local/lib/python3.8/site-packages/airflow/example_dags/example_subdag_operator.py
[2023-10-13T13:33:44.474+0000] {processor.py:829} INFO - Processing file /home/airflow/.local/lib/python3.8/site-packages/airflow/example_dags/example_subdag_operator.py for tasks to queue
[2023-10-13T13:33:44.478+0000] {logging_mixin.py:151} INFO - [2023-10-13T13:33:44.478+0000] {dagbag.py:536} INFO - Filling up the DagBag from /home/airflow/.local/lib/python3.8/site-packages/airflow/example_dags/example_subdag_operator.py
[2023-10-13T13:33:44.515+0000] {processor.py:839} INFO - DAG(s) dict_keys(['example_subdag_operator.section-1', 'example_subdag_operator.section-2', 'example_subdag_operator']) retrieved from /home/airflow/.local/lib/python3.8/site-packages/airflow/example_dags/example_subdag_operator.py
[2023-10-13T13:33:44.541+0000] {logging_mixin.py:151} INFO - [2023-10-13T13:33:44.540+0000] {dag.py:2941} INFO - Sync 3 DAGs
[2023-10-13T13:33:44.576+0000] {logging_mixin.py:151} INFO - [2023-10-13T13:33:44.576+0000] {dag.py:3722} INFO - Setting next_dagrun for example_subdag_operator to 2022-01-01T00:00:00+00:00, run_after=2022-01-01T00:00:00+00:00
[2023-10-13T13:33:44.582+0000] {logging_mixin.py:151} INFO - [2023-10-13T13:33:44.581+0000] {dag.py:3722} INFO - Setting next_dagrun for example_subdag_operator.section-1 to None, run_after=None
[2023-10-13T13:33:44.585+0000] {logging_mixin.py:151} INFO - [2023-10-13T13:33:44.585+0000] {dag.py:3722} INFO - Setting next_dagrun for example_subdag_operator.section-2 to None, run_after=None
[2023-10-13T13:33:44.597+0000] {logging_mixin.py:151} INFO - [2023-10-13T13:33:44.596+0000] {dag.py:2941} INFO - Sync 2 DAGs
[2023-10-13T13:33:44.607+0000] {logging_mixin.py:151} INFO - [2023-10-13T13:33:44.606+0000] {dag.py:3722} INFO - Setting next_dagrun for example_subdag_operator.section-1 to None, run_after=None
[2023-10-13T13:33:44.608+0000] {logging_mixin.py:151} INFO - [2023-10-13T13:33:44.608+0000] {dag.py:3722} INFO - Setting next_dagrun for example_subdag_operator.section-2 to None, run_after=None
[2023-10-13T13:33:44.630+0000] {processor.py:179} INFO - Processing /home/airflow/.local/lib/python3.8/site-packages/airflow/example_dags/example_subdag_operator.py took 0.162 seconds
[2023-10-13T13:34:14.926+0000] {processor.py:157} INFO - Started process (PID=1603) to work on /home/airflow/.local/lib/python3.8/site-packages/airflow/example_dags/example_subdag_operator.py
[2023-10-13T13:34:14.928+0000] {processor.py:829} INFO - Processing file /home/airflow/.local/lib/python3.8/site-packages/airflow/example_dags/example_subdag_operator.py for tasks to queue
[2023-10-13T13:34:14.933+0000] {logging_mixin.py:151} INFO - [2023-10-13T13:34:14.932+0000] {dagbag.py:536} INFO - Filling up the DagBag from /home/airflow/.local/lib/python3.8/site-packages/airflow/example_dags/example_subdag_operator.py
[2023-10-13T13:34:14.969+0000] {processor.py:839} INFO - DAG(s) dict_keys(['example_subdag_operator.section-1', 'example_subdag_operator.section-2', 'example_subdag_operator']) retrieved from /home/airflow/.local/lib/python3.8/site-packages/airflow/example_dags/example_subdag_operator.py
[2023-10-13T13:34:14.995+0000] {logging_mixin.py:151} INFO - [2023-10-13T13:34:14.995+0000] {dag.py:2941} INFO - Sync 3 DAGs
[2023-10-13T13:34:15.029+0000] {logging_mixin.py:151} INFO - [2023-10-13T13:34:15.028+0000] {dag.py:3722} INFO - Setting next_dagrun for example_subdag_operator to 2022-01-01T00:00:00+00:00, run_after=2022-01-01T00:00:00+00:00
[2023-10-13T13:34:15.036+0000] {logging_mixin.py:151} INFO - [2023-10-13T13:34:15.036+0000] {dag.py:3722} INFO - Setting next_dagrun for example_subdag_operator.section-1 to None, run_after=None
[2023-10-13T13:34:15.039+0000] {logging_mixin.py:151} INFO - [2023-10-13T13:34:15.039+0000] {dag.py:3722} INFO - Setting next_dagrun for example_subdag_operator.section-2 to None, run_after=None
[2023-10-13T13:34:15.051+0000] {logging_mixin.py:151} INFO - [2023-10-13T13:34:15.050+0000] {dag.py:2941} INFO - Sync 2 DAGs
[2023-10-13T13:34:15.060+0000] {logging_mixin.py:151} INFO - [2023-10-13T13:34:15.060+0000] {dag.py:3722} INFO - Setting next_dagrun for example_subdag_operator.section-1 to None, run_after=None
[2023-10-13T13:34:15.061+0000] {logging_mixin.py:151} INFO - [2023-10-13T13:34:15.061+0000] {dag.py:3722} INFO - Setting next_dagrun for example_subdag_operator.section-2 to None, run_after=None
[2023-10-13T13:34:15.090+0000] {processor.py:179} INFO - Processing /home/airflow/.local/lib/python3.8/site-packages/airflow/example_dags/example_subdag_operator.py took 0.167 seconds
[2023-10-13T13:34:45.802+0000] {processor.py:157} INFO - Started process (PID=1655) to work on /home/airflow/.local/lib/python3.8/site-packages/airflow/example_dags/example_subdag_operator.py
[2023-10-13T13:34:45.804+0000] {processor.py:829} INFO - Processing file /home/airflow/.local/lib/python3.8/site-packages/airflow/example_dags/example_subdag_operator.py for tasks to queue
[2023-10-13T13:34:45.808+0000] {logging_mixin.py:151} INFO - [2023-10-13T13:34:45.808+0000] {dagbag.py:536} INFO - Filling up the DagBag from /home/airflow/.local/lib/python3.8/site-packages/airflow/example_dags/example_subdag_operator.py
[2023-10-13T13:34:45.843+0000] {processor.py:839} INFO - DAG(s) dict_keys(['example_subdag_operator.section-1', 'example_subdag_operator.section-2', 'example_subdag_operator']) retrieved from /home/airflow/.local/lib/python3.8/site-packages/airflow/example_dags/example_subdag_operator.py
[2023-10-13T13:34:45.865+0000] {logging_mixin.py:151} INFO - [2023-10-13T13:34:45.865+0000] {dag.py:2941} INFO - Sync 3 DAGs
[2023-10-13T13:34:45.901+0000] {logging_mixin.py:151} INFO - [2023-10-13T13:34:45.901+0000] {dag.py:3722} INFO - Setting next_dagrun for example_subdag_operator to 2022-01-01T00:00:00+00:00, run_after=2022-01-01T00:00:00+00:00
[2023-10-13T13:34:45.908+0000] {logging_mixin.py:151} INFO - [2023-10-13T13:34:45.907+0000] {dag.py:3722} INFO - Setting next_dagrun for example_subdag_operator.section-1 to None, run_after=None
[2023-10-13T13:34:45.910+0000] {logging_mixin.py:151} INFO - [2023-10-13T13:34:45.910+0000] {dag.py:3722} INFO - Setting next_dagrun for example_subdag_operator.section-2 to None, run_after=None
[2023-10-13T13:34:45.922+0000] {logging_mixin.py:151} INFO - [2023-10-13T13:34:45.922+0000] {dag.py:2941} INFO - Sync 2 DAGs
[2023-10-13T13:34:45.932+0000] {logging_mixin.py:151} INFO - [2023-10-13T13:34:45.931+0000] {dag.py:3722} INFO - Setting next_dagrun for example_subdag_operator.section-1 to None, run_after=None
[2023-10-13T13:34:45.933+0000] {logging_mixin.py:151} INFO - [2023-10-13T13:34:45.933+0000] {dag.py:3722} INFO - Setting next_dagrun for example_subdag_operator.section-2 to None, run_after=None
[2023-10-13T13:34:45.957+0000] {processor.py:179} INFO - Processing /home/airflow/.local/lib/python3.8/site-packages/airflow/example_dags/example_subdag_operator.py took 0.159 seconds
[2023-10-13T13:35:16.186+0000] {processor.py:157} INFO - Started process (PID=1709) to work on /home/airflow/.local/lib/python3.8/site-packages/airflow/example_dags/example_subdag_operator.py
[2023-10-13T13:35:16.188+0000] {processor.py:829} INFO - Processing file /home/airflow/.local/lib/python3.8/site-packages/airflow/example_dags/example_subdag_operator.py for tasks to queue
[2023-10-13T13:35:16.196+0000] {logging_mixin.py:151} INFO - [2023-10-13T13:35:16.195+0000] {dagbag.py:536} INFO - Filling up the DagBag from /home/airflow/.local/lib/python3.8/site-packages/airflow/example_dags/example_subdag_operator.py
[2023-10-13T13:35:16.261+0000] {processor.py:839} INFO - DAG(s) dict_keys(['example_subdag_operator.section-1', 'example_subdag_operator.section-2', 'example_subdag_operator']) retrieved from /home/airflow/.local/lib/python3.8/site-packages/airflow/example_dags/example_subdag_operator.py
[2023-10-13T13:35:16.300+0000] {logging_mixin.py:151} INFO - [2023-10-13T13:35:16.299+0000] {dag.py:2941} INFO - Sync 3 DAGs
[2023-10-13T13:35:16.339+0000] {logging_mixin.py:151} INFO - [2023-10-13T13:35:16.339+0000] {dag.py:3722} INFO - Setting next_dagrun for example_subdag_operator to 2022-01-01T00:00:00+00:00, run_after=2022-01-01T00:00:00+00:00
[2023-10-13T13:35:16.346+0000] {logging_mixin.py:151} INFO - [2023-10-13T13:35:16.346+0000] {dag.py:3722} INFO - Setting next_dagrun for example_subdag_operator.section-1 to None, run_after=None
[2023-10-13T13:35:16.349+0000] {logging_mixin.py:151} INFO - [2023-10-13T13:35:16.349+0000] {dag.py:3722} INFO - Setting next_dagrun for example_subdag_operator.section-2 to None, run_after=None
[2023-10-13T13:35:16.362+0000] {logging_mixin.py:151} INFO - [2023-10-13T13:35:16.361+0000] {dag.py:2941} INFO - Sync 2 DAGs
[2023-10-13T13:35:16.370+0000] {logging_mixin.py:151} INFO - [2023-10-13T13:35:16.370+0000] {dag.py:3722} INFO - Setting next_dagrun for example_subdag_operator.section-1 to None, run_after=None
[2023-10-13T13:35:16.372+0000] {logging_mixin.py:151} INFO - [2023-10-13T13:35:16.371+0000] {dag.py:3722} INFO - Setting next_dagrun for example_subdag_operator.section-2 to None, run_after=None
[2023-10-13T13:35:16.393+0000] {processor.py:179} INFO - Processing /home/airflow/.local/lib/python3.8/site-packages/airflow/example_dags/example_subdag_operator.py took 0.214 seconds
[2023-10-13T13:35:46.899+0000] {processor.py:157} INFO - Started process (PID=1763) to work on /home/airflow/.local/lib/python3.8/site-packages/airflow/example_dags/example_subdag_operator.py
[2023-10-13T13:35:46.902+0000] {processor.py:829} INFO - Processing file /home/airflow/.local/lib/python3.8/site-packages/airflow/example_dags/example_subdag_operator.py for tasks to queue
[2023-10-13T13:35:46.909+0000] {logging_mixin.py:151} INFO - [2023-10-13T13:35:46.909+0000] {dagbag.py:536} INFO - Filling up the DagBag from /home/airflow/.local/lib/python3.8/site-packages/airflow/example_dags/example_subdag_operator.py
[2023-10-13T13:35:46.962+0000] {processor.py:839} INFO - DAG(s) dict_keys(['example_subdag_operator.section-1', 'example_subdag_operator.section-2', 'example_subdag_operator']) retrieved from /home/airflow/.local/lib/python3.8/site-packages/airflow/example_dags/example_subdag_operator.py
[2023-10-13T13:35:46.989+0000] {logging_mixin.py:151} INFO - [2023-10-13T13:35:46.989+0000] {dag.py:2941} INFO - Sync 3 DAGs
[2023-10-13T13:35:47.021+0000] {logging_mixin.py:151} INFO - [2023-10-13T13:35:47.021+0000] {dag.py:3722} INFO - Setting next_dagrun for example_subdag_operator to 2022-01-01T00:00:00+00:00, run_after=2022-01-01T00:00:00+00:00
[2023-10-13T13:35:47.027+0000] {logging_mixin.py:151} INFO - [2023-10-13T13:35:47.027+0000] {dag.py:3722} INFO - Setting next_dagrun for example_subdag_operator.section-1 to None, run_after=None
[2023-10-13T13:35:47.030+0000] {logging_mixin.py:151} INFO - [2023-10-13T13:35:47.030+0000] {dag.py:3722} INFO - Setting next_dagrun for example_subdag_operator.section-2 to None, run_after=None
[2023-10-13T13:35:47.052+0000] {logging_mixin.py:151} INFO - [2023-10-13T13:35:47.051+0000] {dag.py:2941} INFO - Sync 2 DAGs
[2023-10-13T13:35:47.066+0000] {logging_mixin.py:151} INFO - [2023-10-13T13:35:47.065+0000] {dag.py:3722} INFO - Setting next_dagrun for example_subdag_operator.section-1 to None, run_after=None
[2023-10-13T13:35:47.067+0000] {logging_mixin.py:151} INFO - [2023-10-13T13:35:47.067+0000] {dag.py:3722} INFO - Setting next_dagrun for example_subdag_operator.section-2 to None, run_after=None
[2023-10-13T13:35:47.088+0000] {processor.py:179} INFO - Processing /home/airflow/.local/lib/python3.8/site-packages/airflow/example_dags/example_subdag_operator.py took 0.196 seconds
[2023-10-13T13:36:17.210+0000] {processor.py:157} INFO - Started process (PID=1816) to work on /home/airflow/.local/lib/python3.8/site-packages/airflow/example_dags/example_subdag_operator.py
[2023-10-13T13:36:17.212+0000] {processor.py:829} INFO - Processing file /home/airflow/.local/lib/python3.8/site-packages/airflow/example_dags/example_subdag_operator.py for tasks to queue
[2023-10-13T13:36:17.217+0000] {logging_mixin.py:151} INFO - [2023-10-13T13:36:17.217+0000] {dagbag.py:536} INFO - Filling up the DagBag from /home/airflow/.local/lib/python3.8/site-packages/airflow/example_dags/example_subdag_operator.py
[2023-10-13T13:36:17.258+0000] {processor.py:839} INFO - DAG(s) dict_keys(['example_subdag_operator.section-1', 'example_subdag_operator.section-2', 'example_subdag_operator']) retrieved from /home/airflow/.local/lib/python3.8/site-packages/airflow/example_dags/example_subdag_operator.py
[2023-10-13T13:36:17.284+0000] {logging_mixin.py:151} INFO - [2023-10-13T13:36:17.284+0000] {dag.py:2941} INFO - Sync 3 DAGs
[2023-10-13T13:36:17.318+0000] {logging_mixin.py:151} INFO - [2023-10-13T13:36:17.318+0000] {dag.py:3722} INFO - Setting next_dagrun for example_subdag_operator to 2022-01-01T00:00:00+00:00, run_after=2022-01-01T00:00:00+00:00
[2023-10-13T13:36:17.325+0000] {logging_mixin.py:151} INFO - [2023-10-13T13:36:17.325+0000] {dag.py:3722} INFO - Setting next_dagrun for example_subdag_operator.section-1 to None, run_after=None
[2023-10-13T13:36:17.328+0000] {logging_mixin.py:151} INFO - [2023-10-13T13:36:17.328+0000] {dag.py:3722} INFO - Setting next_dagrun for example_subdag_operator.section-2 to None, run_after=None
[2023-10-13T13:36:17.341+0000] {logging_mixin.py:151} INFO - [2023-10-13T13:36:17.341+0000] {dag.py:2941} INFO - Sync 2 DAGs
[2023-10-13T13:36:17.351+0000] {logging_mixin.py:151} INFO - [2023-10-13T13:36:17.350+0000] {dag.py:3722} INFO - Setting next_dagrun for example_subdag_operator.section-1 to None, run_after=None
[2023-10-13T13:36:17.352+0000] {logging_mixin.py:151} INFO - [2023-10-13T13:36:17.352+0000] {dag.py:3722} INFO - Setting next_dagrun for example_subdag_operator.section-2 to None, run_after=None
[2023-10-13T13:36:17.373+0000] {processor.py:179} INFO - Processing /home/airflow/.local/lib/python3.8/site-packages/airflow/example_dags/example_subdag_operator.py took 0.168 seconds
