[2023-10-13T13:19:36.176+0000] {processor.py:157} INFO - Started process (PID=60) to work on /home/airflow/.local/lib/python3.8/site-packages/airflow/example_dags/example_external_task_marker_dag.py
[2023-10-13T13:19:36.180+0000] {processor.py:829} INFO - Processing file /home/airflow/.local/lib/python3.8/site-packages/airflow/example_dags/example_external_task_marker_dag.py for tasks to queue
[2023-10-13T13:19:36.186+0000] {logging_mixin.py:151} INFO - [2023-10-13T13:19:36.184+0000] {dagbag.py:536} INFO - Filling up the DagBag from /home/airflow/.local/lib/python3.8/site-packages/airflow/example_dags/example_external_task_marker_dag.py
[2023-10-13T13:19:36.257+0000] {processor.py:839} INFO - DAG(s) dict_keys(['example_external_task_marker_child', 'example_external_task_marker_parent']) retrieved from /home/airflow/.local/lib/python3.8/site-packages/airflow/example_dags/example_external_task_marker_dag.py
[2023-10-13T13:19:36.387+0000] {logging_mixin.py:151} INFO - [2023-10-13T13:19:36.387+0000] {dag.py:2941} INFO - Sync 2 DAGs
[2023-10-13T13:19:36.502+0000] {logging_mixin.py:151} INFO - [2023-10-13T13:19:36.502+0000] {dag.py:3722} INFO - Setting next_dagrun for example_external_task_marker_child to None, run_after=None
[2023-10-13T13:19:36.517+0000] {logging_mixin.py:151} INFO - [2023-10-13T13:19:36.517+0000] {dag.py:3722} INFO - Setting next_dagrun for example_external_task_marker_parent to None, run_after=None
[2023-10-13T13:19:36.615+0000] {processor.py:179} INFO - Processing /home/airflow/.local/lib/python3.8/site-packages/airflow/example_dags/example_external_task_marker_dag.py took 0.451 seconds
[2023-10-13T13:20:07.211+0000] {processor.py:157} INFO - Started process (PID=114) to work on /home/airflow/.local/lib/python3.8/site-packages/airflow/example_dags/example_external_task_marker_dag.py
[2023-10-13T13:20:07.214+0000] {processor.py:829} INFO - Processing file /home/airflow/.local/lib/python3.8/site-packages/airflow/example_dags/example_external_task_marker_dag.py for tasks to queue
[2023-10-13T13:20:07.218+0000] {logging_mixin.py:151} INFO - [2023-10-13T13:20:07.218+0000] {dagbag.py:536} INFO - Filling up the DagBag from /home/airflow/.local/lib/python3.8/site-packages/airflow/example_dags/example_external_task_marker_dag.py
[2023-10-13T13:20:07.229+0000] {processor.py:839} INFO - DAG(s) dict_keys(['example_external_task_marker_parent', 'example_external_task_marker_child']) retrieved from /home/airflow/.local/lib/python3.8/site-packages/airflow/example_dags/example_external_task_marker_dag.py
[2023-10-13T13:20:07.276+0000] {logging_mixin.py:151} INFO - [2023-10-13T13:20:07.275+0000] {dag.py:2941} INFO - Sync 2 DAGs
[2023-10-13T13:20:07.303+0000] {logging_mixin.py:151} INFO - [2023-10-13T13:20:07.303+0000] {dag.py:3722} INFO - Setting next_dagrun for example_external_task_marker_child to None, run_after=None
[2023-10-13T13:20:07.312+0000] {logging_mixin.py:151} INFO - [2023-10-13T13:20:07.312+0000] {dag.py:3722} INFO - Setting next_dagrun for example_external_task_marker_parent to None, run_after=None
[2023-10-13T13:20:07.342+0000] {processor.py:179} INFO - Processing /home/airflow/.local/lib/python3.8/site-packages/airflow/example_dags/example_external_task_marker_dag.py took 0.135 seconds
[2023-10-13T13:20:37.661+0000] {processor.py:157} INFO - Started process (PID=168) to work on /home/airflow/.local/lib/python3.8/site-packages/airflow/example_dags/example_external_task_marker_dag.py
[2023-10-13T13:20:37.663+0000] {processor.py:829} INFO - Processing file /home/airflow/.local/lib/python3.8/site-packages/airflow/example_dags/example_external_task_marker_dag.py for tasks to queue
[2023-10-13T13:20:37.666+0000] {logging_mixin.py:151} INFO - [2023-10-13T13:20:37.666+0000] {dagbag.py:536} INFO - Filling up the DagBag from /home/airflow/.local/lib/python3.8/site-packages/airflow/example_dags/example_external_task_marker_dag.py
[2023-10-13T13:20:37.674+0000] {processor.py:839} INFO - DAG(s) dict_keys(['example_external_task_marker_child', 'example_external_task_marker_parent']) retrieved from /home/airflow/.local/lib/python3.8/site-packages/airflow/example_dags/example_external_task_marker_dag.py
[2023-10-13T13:20:37.713+0000] {logging_mixin.py:151} INFO - [2023-10-13T13:20:37.713+0000] {dag.py:2941} INFO - Sync 2 DAGs
[2023-10-13T13:20:37.730+0000] {logging_mixin.py:151} INFO - [2023-10-13T13:20:37.730+0000] {dag.py:3722} INFO - Setting next_dagrun for example_external_task_marker_child to None, run_after=None
[2023-10-13T13:20:37.735+0000] {logging_mixin.py:151} INFO - [2023-10-13T13:20:37.735+0000] {dag.py:3722} INFO - Setting next_dagrun for example_external_task_marker_parent to None, run_after=None
[2023-10-13T13:20:37.766+0000] {processor.py:179} INFO - Processing /home/airflow/.local/lib/python3.8/site-packages/airflow/example_dags/example_external_task_marker_dag.py took 0.111 seconds
[2023-10-13T13:21:07.854+0000] {processor.py:157} INFO - Started process (PID=222) to work on /home/airflow/.local/lib/python3.8/site-packages/airflow/example_dags/example_external_task_marker_dag.py
[2023-10-13T13:21:07.856+0000] {processor.py:829} INFO - Processing file /home/airflow/.local/lib/python3.8/site-packages/airflow/example_dags/example_external_task_marker_dag.py for tasks to queue
[2023-10-13T13:21:07.859+0000] {logging_mixin.py:151} INFO - [2023-10-13T13:21:07.859+0000] {dagbag.py:536} INFO - Filling up the DagBag from /home/airflow/.local/lib/python3.8/site-packages/airflow/example_dags/example_external_task_marker_dag.py
[2023-10-13T13:21:07.868+0000] {processor.py:839} INFO - DAG(s) dict_keys(['example_external_task_marker_child', 'example_external_task_marker_parent']) retrieved from /home/airflow/.local/lib/python3.8/site-packages/airflow/example_dags/example_external_task_marker_dag.py
[2023-10-13T13:21:07.904+0000] {logging_mixin.py:151} INFO - [2023-10-13T13:21:07.903+0000] {dag.py:2941} INFO - Sync 2 DAGs
[2023-10-13T13:21:07.921+0000] {logging_mixin.py:151} INFO - [2023-10-13T13:21:07.921+0000] {dag.py:3722} INFO - Setting next_dagrun for example_external_task_marker_child to None, run_after=None
[2023-10-13T13:21:07.926+0000] {logging_mixin.py:151} INFO - [2023-10-13T13:21:07.926+0000] {dag.py:3722} INFO - Setting next_dagrun for example_external_task_marker_parent to None, run_after=None
[2023-10-13T13:21:07.953+0000] {processor.py:179} INFO - Processing /home/airflow/.local/lib/python3.8/site-packages/airflow/example_dags/example_external_task_marker_dag.py took 0.103 seconds
[2023-10-13T13:21:38.823+0000] {processor.py:157} INFO - Started process (PID=283) to work on /home/airflow/.local/lib/python3.8/site-packages/airflow/example_dags/example_external_task_marker_dag.py
[2023-10-13T13:21:38.825+0000] {processor.py:829} INFO - Processing file /home/airflow/.local/lib/python3.8/site-packages/airflow/example_dags/example_external_task_marker_dag.py for tasks to queue
[2023-10-13T13:21:38.828+0000] {logging_mixin.py:151} INFO - [2023-10-13T13:21:38.828+0000] {dagbag.py:536} INFO - Filling up the DagBag from /home/airflow/.local/lib/python3.8/site-packages/airflow/example_dags/example_external_task_marker_dag.py
[2023-10-13T13:21:38.837+0000] {processor.py:839} INFO - DAG(s) dict_keys(['example_external_task_marker_child', 'example_external_task_marker_parent']) retrieved from /home/airflow/.local/lib/python3.8/site-packages/airflow/example_dags/example_external_task_marker_dag.py
[2023-10-13T13:21:38.876+0000] {logging_mixin.py:151} INFO - [2023-10-13T13:21:38.876+0000] {dag.py:2941} INFO - Sync 2 DAGs
[2023-10-13T13:21:38.896+0000] {logging_mixin.py:151} INFO - [2023-10-13T13:21:38.896+0000] {dag.py:3722} INFO - Setting next_dagrun for example_external_task_marker_child to None, run_after=None
[2023-10-13T13:21:38.901+0000] {logging_mixin.py:151} INFO - [2023-10-13T13:21:38.901+0000] {dag.py:3722} INFO - Setting next_dagrun for example_external_task_marker_parent to None, run_after=None
[2023-10-13T13:21:38.931+0000] {processor.py:179} INFO - Processing /home/airflow/.local/lib/python3.8/site-packages/airflow/example_dags/example_external_task_marker_dag.py took 0.113 seconds
[2023-10-13T13:22:09.485+0000] {processor.py:157} INFO - Started process (PID=337) to work on /home/airflow/.local/lib/python3.8/site-packages/airflow/example_dags/example_external_task_marker_dag.py
[2023-10-13T13:22:09.486+0000] {processor.py:829} INFO - Processing file /home/airflow/.local/lib/python3.8/site-packages/airflow/example_dags/example_external_task_marker_dag.py for tasks to queue
[2023-10-13T13:22:09.490+0000] {logging_mixin.py:151} INFO - [2023-10-13T13:22:09.489+0000] {dagbag.py:536} INFO - Filling up the DagBag from /home/airflow/.local/lib/python3.8/site-packages/airflow/example_dags/example_external_task_marker_dag.py
[2023-10-13T13:22:09.497+0000] {processor.py:839} INFO - DAG(s) dict_keys(['example_external_task_marker_child', 'example_external_task_marker_parent']) retrieved from /home/airflow/.local/lib/python3.8/site-packages/airflow/example_dags/example_external_task_marker_dag.py
[2023-10-13T13:22:09.531+0000] {logging_mixin.py:151} INFO - [2023-10-13T13:22:09.531+0000] {dag.py:2941} INFO - Sync 2 DAGs
[2023-10-13T13:22:09.546+0000] {logging_mixin.py:151} INFO - [2023-10-13T13:22:09.546+0000] {dag.py:3722} INFO - Setting next_dagrun for example_external_task_marker_child to None, run_after=None
[2023-10-13T13:22:09.551+0000] {logging_mixin.py:151} INFO - [2023-10-13T13:22:09.551+0000] {dag.py:3722} INFO - Setting next_dagrun for example_external_task_marker_parent to None, run_after=None
[2023-10-13T13:22:09.582+0000] {processor.py:179} INFO - Processing /home/airflow/.local/lib/python3.8/site-packages/airflow/example_dags/example_external_task_marker_dag.py took 0.101 seconds
[2023-10-13T13:22:40.437+0000] {processor.py:157} INFO - Started process (PID=391) to work on /home/airflow/.local/lib/python3.8/site-packages/airflow/example_dags/example_external_task_marker_dag.py
[2023-10-13T13:22:40.439+0000] {processor.py:829} INFO - Processing file /home/airflow/.local/lib/python3.8/site-packages/airflow/example_dags/example_external_task_marker_dag.py for tasks to queue
[2023-10-13T13:22:40.442+0000] {logging_mixin.py:151} INFO - [2023-10-13T13:22:40.442+0000] {dagbag.py:536} INFO - Filling up the DagBag from /home/airflow/.local/lib/python3.8/site-packages/airflow/example_dags/example_external_task_marker_dag.py
[2023-10-13T13:22:40.451+0000] {processor.py:839} INFO - DAG(s) dict_keys(['example_external_task_marker_parent', 'example_external_task_marker_child']) retrieved from /home/airflow/.local/lib/python3.8/site-packages/airflow/example_dags/example_external_task_marker_dag.py
[2023-10-13T13:22:40.485+0000] {logging_mixin.py:151} INFO - [2023-10-13T13:22:40.485+0000] {dag.py:2941} INFO - Sync 2 DAGs
[2023-10-13T13:22:40.505+0000] {logging_mixin.py:151} INFO - [2023-10-13T13:22:40.504+0000] {dag.py:3722} INFO - Setting next_dagrun for example_external_task_marker_child to None, run_after=None
[2023-10-13T13:22:40.511+0000] {logging_mixin.py:151} INFO - [2023-10-13T13:22:40.510+0000] {dag.py:3722} INFO - Setting next_dagrun for example_external_task_marker_parent to None, run_after=None
[2023-10-13T13:22:40.534+0000] {processor.py:179} INFO - Processing /home/airflow/.local/lib/python3.8/site-packages/airflow/example_dags/example_external_task_marker_dag.py took 0.102 seconds
[2023-10-13T13:23:11.188+0000] {processor.py:157} INFO - Started process (PID=443) to work on /home/airflow/.local/lib/python3.8/site-packages/airflow/example_dags/example_external_task_marker_dag.py
[2023-10-13T13:23:11.190+0000] {processor.py:829} INFO - Processing file /home/airflow/.local/lib/python3.8/site-packages/airflow/example_dags/example_external_task_marker_dag.py for tasks to queue
[2023-10-13T13:23:11.194+0000] {logging_mixin.py:151} INFO - [2023-10-13T13:23:11.194+0000] {dagbag.py:536} INFO - Filling up the DagBag from /home/airflow/.local/lib/python3.8/site-packages/airflow/example_dags/example_external_task_marker_dag.py
[2023-10-13T13:23:11.205+0000] {processor.py:839} INFO - DAG(s) dict_keys(['example_external_task_marker_parent', 'example_external_task_marker_child']) retrieved from /home/airflow/.local/lib/python3.8/site-packages/airflow/example_dags/example_external_task_marker_dag.py
[2023-10-13T13:23:11.239+0000] {logging_mixin.py:151} INFO - [2023-10-13T13:23:11.239+0000] {dag.py:2941} INFO - Sync 2 DAGs
[2023-10-13T13:23:11.257+0000] {logging_mixin.py:151} INFO - [2023-10-13T13:23:11.256+0000] {dag.py:3722} INFO - Setting next_dagrun for example_external_task_marker_child to None, run_after=None
[2023-10-13T13:23:11.262+0000] {logging_mixin.py:151} INFO - [2023-10-13T13:23:11.261+0000] {dag.py:3722} INFO - Setting next_dagrun for example_external_task_marker_parent to None, run_after=None
[2023-10-13T13:23:11.290+0000] {processor.py:179} INFO - Processing /home/airflow/.local/lib/python3.8/site-packages/airflow/example_dags/example_external_task_marker_dag.py took 0.108 seconds
[2023-10-13T13:23:41.540+0000] {processor.py:157} INFO - Started process (PID=497) to work on /home/airflow/.local/lib/python3.8/site-packages/airflow/example_dags/example_external_task_marker_dag.py
[2023-10-13T13:23:41.542+0000] {processor.py:829} INFO - Processing file /home/airflow/.local/lib/python3.8/site-packages/airflow/example_dags/example_external_task_marker_dag.py for tasks to queue
[2023-10-13T13:23:41.546+0000] {logging_mixin.py:151} INFO - [2023-10-13T13:23:41.545+0000] {dagbag.py:536} INFO - Filling up the DagBag from /home/airflow/.local/lib/python3.8/site-packages/airflow/example_dags/example_external_task_marker_dag.py
[2023-10-13T13:23:41.554+0000] {processor.py:839} INFO - DAG(s) dict_keys(['example_external_task_marker_child', 'example_external_task_marker_parent']) retrieved from /home/airflow/.local/lib/python3.8/site-packages/airflow/example_dags/example_external_task_marker_dag.py
[2023-10-13T13:23:41.590+0000] {logging_mixin.py:151} INFO - [2023-10-13T13:23:41.590+0000] {dag.py:2941} INFO - Sync 2 DAGs
[2023-10-13T13:23:41.608+0000] {logging_mixin.py:151} INFO - [2023-10-13T13:23:41.607+0000] {dag.py:3722} INFO - Setting next_dagrun for example_external_task_marker_child to None, run_after=None
[2023-10-13T13:23:41.613+0000] {logging_mixin.py:151} INFO - [2023-10-13T13:23:41.613+0000] {dag.py:3722} INFO - Setting next_dagrun for example_external_task_marker_parent to None, run_after=None
[2023-10-13T13:23:41.640+0000] {processor.py:179} INFO - Processing /home/airflow/.local/lib/python3.8/site-packages/airflow/example_dags/example_external_task_marker_dag.py took 0.104 seconds
[2023-10-13T13:24:12.272+0000] {processor.py:157} INFO - Started process (PID=551) to work on /home/airflow/.local/lib/python3.8/site-packages/airflow/example_dags/example_external_task_marker_dag.py
[2023-10-13T13:24:12.273+0000] {processor.py:829} INFO - Processing file /home/airflow/.local/lib/python3.8/site-packages/airflow/example_dags/example_external_task_marker_dag.py for tasks to queue
[2023-10-13T13:24:12.277+0000] {logging_mixin.py:151} INFO - [2023-10-13T13:24:12.277+0000] {dagbag.py:536} INFO - Filling up the DagBag from /home/airflow/.local/lib/python3.8/site-packages/airflow/example_dags/example_external_task_marker_dag.py
[2023-10-13T13:24:12.285+0000] {processor.py:839} INFO - DAG(s) dict_keys(['example_external_task_marker_child', 'example_external_task_marker_parent']) retrieved from /home/airflow/.local/lib/python3.8/site-packages/airflow/example_dags/example_external_task_marker_dag.py
[2023-10-13T13:24:12.319+0000] {logging_mixin.py:151} INFO - [2023-10-13T13:24:12.318+0000] {dag.py:2941} INFO - Sync 2 DAGs
[2023-10-13T13:24:12.336+0000] {logging_mixin.py:151} INFO - [2023-10-13T13:24:12.336+0000] {dag.py:3722} INFO - Setting next_dagrun for example_external_task_marker_child to None, run_after=None
[2023-10-13T13:24:12.342+0000] {logging_mixin.py:151} INFO - [2023-10-13T13:24:12.342+0000] {dag.py:3722} INFO - Setting next_dagrun for example_external_task_marker_parent to None, run_after=None
[2023-10-13T13:24:12.369+0000] {processor.py:179} INFO - Processing /home/airflow/.local/lib/python3.8/site-packages/airflow/example_dags/example_external_task_marker_dag.py took 0.101 seconds
[2023-10-13T13:24:42.816+0000] {processor.py:157} INFO - Started process (PID=605) to work on /home/airflow/.local/lib/python3.8/site-packages/airflow/example_dags/example_external_task_marker_dag.py
[2023-10-13T13:24:42.818+0000] {processor.py:829} INFO - Processing file /home/airflow/.local/lib/python3.8/site-packages/airflow/example_dags/example_external_task_marker_dag.py for tasks to queue
[2023-10-13T13:24:42.822+0000] {logging_mixin.py:151} INFO - [2023-10-13T13:24:42.821+0000] {dagbag.py:536} INFO - Filling up the DagBag from /home/airflow/.local/lib/python3.8/site-packages/airflow/example_dags/example_external_task_marker_dag.py
[2023-10-13T13:24:42.830+0000] {processor.py:839} INFO - DAG(s) dict_keys(['example_external_task_marker_parent', 'example_external_task_marker_child']) retrieved from /home/airflow/.local/lib/python3.8/site-packages/airflow/example_dags/example_external_task_marker_dag.py
[2023-10-13T13:24:42.863+0000] {logging_mixin.py:151} INFO - [2023-10-13T13:24:42.863+0000] {dag.py:2941} INFO - Sync 2 DAGs
[2023-10-13T13:24:42.877+0000] {logging_mixin.py:151} INFO - [2023-10-13T13:24:42.877+0000] {dag.py:3722} INFO - Setting next_dagrun for example_external_task_marker_child to None, run_after=None
[2023-10-13T13:24:42.883+0000] {logging_mixin.py:151} INFO - [2023-10-13T13:24:42.883+0000] {dag.py:3722} INFO - Setting next_dagrun for example_external_task_marker_parent to None, run_after=None
[2023-10-13T13:24:42.914+0000] {processor.py:179} INFO - Processing /home/airflow/.local/lib/python3.8/site-packages/airflow/example_dags/example_external_task_marker_dag.py took 0.103 seconds
[2023-10-13T13:25:13.979+0000] {processor.py:157} INFO - Started process (PID=659) to work on /home/airflow/.local/lib/python3.8/site-packages/airflow/example_dags/example_external_task_marker_dag.py
[2023-10-13T13:25:13.982+0000] {processor.py:829} INFO - Processing file /home/airflow/.local/lib/python3.8/site-packages/airflow/example_dags/example_external_task_marker_dag.py for tasks to queue
[2023-10-13T13:25:13.988+0000] {logging_mixin.py:151} INFO - [2023-10-13T13:25:13.986+0000] {dagbag.py:536} INFO - Filling up the DagBag from /home/airflow/.local/lib/python3.8/site-packages/airflow/example_dags/example_external_task_marker_dag.py
[2023-10-13T13:25:14.006+0000] {processor.py:839} INFO - DAG(s) dict_keys(['example_external_task_marker_parent', 'example_external_task_marker_child']) retrieved from /home/airflow/.local/lib/python3.8/site-packages/airflow/example_dags/example_external_task_marker_dag.py
[2023-10-13T13:25:14.124+0000] {logging_mixin.py:151} INFO - [2023-10-13T13:25:14.123+0000] {dag.py:2941} INFO - Sync 2 DAGs
[2023-10-13T13:25:14.180+0000] {logging_mixin.py:151} INFO - [2023-10-13T13:25:14.179+0000] {dag.py:3722} INFO - Setting next_dagrun for example_external_task_marker_child to None, run_after=None
[2023-10-13T13:25:14.200+0000] {logging_mixin.py:151} INFO - [2023-10-13T13:25:14.200+0000] {dag.py:3722} INFO - Setting next_dagrun for example_external_task_marker_parent to None, run_after=None
[2023-10-13T13:25:14.271+0000] {processor.py:179} INFO - Processing /home/airflow/.local/lib/python3.8/site-packages/airflow/example_dags/example_external_task_marker_dag.py took 0.302 seconds
[2023-10-13T13:25:44.865+0000] {processor.py:157} INFO - Started process (PID=713) to work on /home/airflow/.local/lib/python3.8/site-packages/airflow/example_dags/example_external_task_marker_dag.py
[2023-10-13T13:25:44.868+0000] {processor.py:829} INFO - Processing file /home/airflow/.local/lib/python3.8/site-packages/airflow/example_dags/example_external_task_marker_dag.py for tasks to queue
[2023-10-13T13:25:44.871+0000] {logging_mixin.py:151} INFO - [2023-10-13T13:25:44.871+0000] {dagbag.py:536} INFO - Filling up the DagBag from /home/airflow/.local/lib/python3.8/site-packages/airflow/example_dags/example_external_task_marker_dag.py
[2023-10-13T13:25:44.880+0000] {processor.py:839} INFO - DAG(s) dict_keys(['example_external_task_marker_parent', 'example_external_task_marker_child']) retrieved from /home/airflow/.local/lib/python3.8/site-packages/airflow/example_dags/example_external_task_marker_dag.py
[2023-10-13T13:25:44.920+0000] {logging_mixin.py:151} INFO - [2023-10-13T13:25:44.920+0000] {dag.py:2941} INFO - Sync 2 DAGs
[2023-10-13T13:25:44.937+0000] {logging_mixin.py:151} INFO - [2023-10-13T13:25:44.937+0000] {dag.py:3722} INFO - Setting next_dagrun for example_external_task_marker_child to None, run_after=None
[2023-10-13T13:25:44.943+0000] {logging_mixin.py:151} INFO - [2023-10-13T13:25:44.943+0000] {dag.py:3722} INFO - Setting next_dagrun for example_external_task_marker_parent to None, run_after=None
[2023-10-13T13:25:44.972+0000] {processor.py:179} INFO - Processing /home/airflow/.local/lib/python3.8/site-packages/airflow/example_dags/example_external_task_marker_dag.py took 0.111 seconds
[2023-10-13T13:26:16.419+0000] {processor.py:157} INFO - Started process (PID=767) to work on /home/airflow/.local/lib/python3.8/site-packages/airflow/example_dags/example_external_task_marker_dag.py
[2023-10-13T13:26:16.422+0000] {processor.py:829} INFO - Processing file /home/airflow/.local/lib/python3.8/site-packages/airflow/example_dags/example_external_task_marker_dag.py for tasks to queue
[2023-10-13T13:26:16.429+0000] {logging_mixin.py:151} INFO - [2023-10-13T13:26:16.428+0000] {dagbag.py:536} INFO - Filling up the DagBag from /home/airflow/.local/lib/python3.8/site-packages/airflow/example_dags/example_external_task_marker_dag.py
[2023-10-13T13:26:16.440+0000] {processor.py:839} INFO - DAG(s) dict_keys(['example_external_task_marker_child', 'example_external_task_marker_parent']) retrieved from /home/airflow/.local/lib/python3.8/site-packages/airflow/example_dags/example_external_task_marker_dag.py
[2023-10-13T13:26:16.511+0000] {logging_mixin.py:151} INFO - [2023-10-13T13:26:16.511+0000] {dag.py:2941} INFO - Sync 2 DAGs
[2023-10-13T13:26:16.537+0000] {logging_mixin.py:151} INFO - [2023-10-13T13:26:16.537+0000] {dag.py:3722} INFO - Setting next_dagrun for example_external_task_marker_child to None, run_after=None
[2023-10-13T13:26:16.546+0000] {logging_mixin.py:151} INFO - [2023-10-13T13:26:16.546+0000] {dag.py:3722} INFO - Setting next_dagrun for example_external_task_marker_parent to None, run_after=None
[2023-10-13T13:26:16.584+0000] {processor.py:179} INFO - Processing /home/airflow/.local/lib/python3.8/site-packages/airflow/example_dags/example_external_task_marker_dag.py took 0.171 seconds
[2023-10-13T13:26:46.816+0000] {processor.py:157} INFO - Started process (PID=821) to work on /home/airflow/.local/lib/python3.8/site-packages/airflow/example_dags/example_external_task_marker_dag.py
[2023-10-13T13:26:46.818+0000] {processor.py:829} INFO - Processing file /home/airflow/.local/lib/python3.8/site-packages/airflow/example_dags/example_external_task_marker_dag.py for tasks to queue
[2023-10-13T13:26:46.822+0000] {logging_mixin.py:151} INFO - [2023-10-13T13:26:46.822+0000] {dagbag.py:536} INFO - Filling up the DagBag from /home/airflow/.local/lib/python3.8/site-packages/airflow/example_dags/example_external_task_marker_dag.py
[2023-10-13T13:26:46.830+0000] {processor.py:839} INFO - DAG(s) dict_keys(['example_external_task_marker_parent', 'example_external_task_marker_child']) retrieved from /home/airflow/.local/lib/python3.8/site-packages/airflow/example_dags/example_external_task_marker_dag.py
[2023-10-13T13:26:46.869+0000] {logging_mixin.py:151} INFO - [2023-10-13T13:26:46.869+0000] {dag.py:2941} INFO - Sync 2 DAGs
[2023-10-13T13:26:46.892+0000] {logging_mixin.py:151} INFO - [2023-10-13T13:26:46.892+0000] {dag.py:3722} INFO - Setting next_dagrun for example_external_task_marker_child to None, run_after=None
[2023-10-13T13:26:46.898+0000] {logging_mixin.py:151} INFO - [2023-10-13T13:26:46.898+0000] {dag.py:3722} INFO - Setting next_dagrun for example_external_task_marker_parent to None, run_after=None
[2023-10-13T13:26:46.930+0000] {processor.py:179} INFO - Processing /home/airflow/.local/lib/python3.8/site-packages/airflow/example_dags/example_external_task_marker_dag.py took 0.118 seconds
[2023-10-13T13:27:17.966+0000] {processor.py:157} INFO - Started process (PID=875) to work on /home/airflow/.local/lib/python3.8/site-packages/airflow/example_dags/example_external_task_marker_dag.py
[2023-10-13T13:27:17.970+0000] {processor.py:829} INFO - Processing file /home/airflow/.local/lib/python3.8/site-packages/airflow/example_dags/example_external_task_marker_dag.py for tasks to queue
[2023-10-13T13:27:17.975+0000] {logging_mixin.py:151} INFO - [2023-10-13T13:27:17.974+0000] {dagbag.py:536} INFO - Filling up the DagBag from /home/airflow/.local/lib/python3.8/site-packages/airflow/example_dags/example_external_task_marker_dag.py
[2023-10-13T13:27:17.988+0000] {processor.py:839} INFO - DAG(s) dict_keys(['example_external_task_marker_parent', 'example_external_task_marker_child']) retrieved from /home/airflow/.local/lib/python3.8/site-packages/airflow/example_dags/example_external_task_marker_dag.py
[2023-10-13T13:27:18.048+0000] {logging_mixin.py:151} INFO - [2023-10-13T13:27:18.045+0000] {dag.py:2941} INFO - Sync 2 DAGs
[2023-10-13T13:27:18.083+0000] {logging_mixin.py:151} INFO - [2023-10-13T13:27:18.083+0000] {dag.py:3722} INFO - Setting next_dagrun for example_external_task_marker_child to None, run_after=None
[2023-10-13T13:27:18.091+0000] {logging_mixin.py:151} INFO - [2023-10-13T13:27:18.090+0000] {dag.py:3722} INFO - Setting next_dagrun for example_external_task_marker_parent to None, run_after=None
[2023-10-13T13:27:18.141+0000] {processor.py:179} INFO - Processing /home/airflow/.local/lib/python3.8/site-packages/airflow/example_dags/example_external_task_marker_dag.py took 0.182 seconds
[2023-10-13T13:27:48.541+0000] {processor.py:157} INFO - Started process (PID=928) to work on /home/airflow/.local/lib/python3.8/site-packages/airflow/example_dags/example_external_task_marker_dag.py
[2023-10-13T13:27:48.543+0000] {processor.py:829} INFO - Processing file /home/airflow/.local/lib/python3.8/site-packages/airflow/example_dags/example_external_task_marker_dag.py for tasks to queue
[2023-10-13T13:27:48.547+0000] {logging_mixin.py:151} INFO - [2023-10-13T13:27:48.547+0000] {dagbag.py:536} INFO - Filling up the DagBag from /home/airflow/.local/lib/python3.8/site-packages/airflow/example_dags/example_external_task_marker_dag.py
[2023-10-13T13:27:48.557+0000] {processor.py:839} INFO - DAG(s) dict_keys(['example_external_task_marker_parent', 'example_external_task_marker_child']) retrieved from /home/airflow/.local/lib/python3.8/site-packages/airflow/example_dags/example_external_task_marker_dag.py
[2023-10-13T13:27:48.605+0000] {logging_mixin.py:151} INFO - [2023-10-13T13:27:48.605+0000] {dag.py:2941} INFO - Sync 2 DAGs
[2023-10-13T13:27:48.633+0000] {logging_mixin.py:151} INFO - [2023-10-13T13:27:48.633+0000] {dag.py:3722} INFO - Setting next_dagrun for example_external_task_marker_child to None, run_after=None
[2023-10-13T13:27:48.640+0000] {logging_mixin.py:151} INFO - [2023-10-13T13:27:48.640+0000] {dag.py:3722} INFO - Setting next_dagrun for example_external_task_marker_parent to None, run_after=None
[2023-10-13T13:27:48.674+0000] {processor.py:179} INFO - Processing /home/airflow/.local/lib/python3.8/site-packages/airflow/example_dags/example_external_task_marker_dag.py took 0.137 seconds
[2023-10-13T13:28:19.786+0000] {processor.py:157} INFO - Started process (PID=983) to work on /home/airflow/.local/lib/python3.8/site-packages/airflow/example_dags/example_external_task_marker_dag.py
[2023-10-13T13:28:19.788+0000] {processor.py:829} INFO - Processing file /home/airflow/.local/lib/python3.8/site-packages/airflow/example_dags/example_external_task_marker_dag.py for tasks to queue
[2023-10-13T13:28:19.796+0000] {logging_mixin.py:151} INFO - [2023-10-13T13:28:19.795+0000] {dagbag.py:536} INFO - Filling up the DagBag from /home/airflow/.local/lib/python3.8/site-packages/airflow/example_dags/example_external_task_marker_dag.py
[2023-10-13T13:28:19.805+0000] {processor.py:839} INFO - DAG(s) dict_keys(['example_external_task_marker_parent', 'example_external_task_marker_child']) retrieved from /home/airflow/.local/lib/python3.8/site-packages/airflow/example_dags/example_external_task_marker_dag.py
[2023-10-13T13:28:19.852+0000] {logging_mixin.py:151} INFO - [2023-10-13T13:28:19.852+0000] {dag.py:2941} INFO - Sync 2 DAGs
[2023-10-13T13:28:19.873+0000] {logging_mixin.py:151} INFO - [2023-10-13T13:28:19.873+0000] {dag.py:3722} INFO - Setting next_dagrun for example_external_task_marker_child to None, run_after=None
[2023-10-13T13:28:19.881+0000] {logging_mixin.py:151} INFO - [2023-10-13T13:28:19.881+0000] {dag.py:3722} INFO - Setting next_dagrun for example_external_task_marker_parent to None, run_after=None
[2023-10-13T13:28:21.030+0000] {processor.py:179} INFO - Processing /home/airflow/.local/lib/python3.8/site-packages/airflow/example_dags/example_external_task_marker_dag.py took 1.249 seconds
[2023-10-13T13:28:51.622+0000] {processor.py:157} INFO - Started process (PID=1037) to work on /home/airflow/.local/lib/python3.8/site-packages/airflow/example_dags/example_external_task_marker_dag.py
[2023-10-13T13:28:51.624+0000] {processor.py:829} INFO - Processing file /home/airflow/.local/lib/python3.8/site-packages/airflow/example_dags/example_external_task_marker_dag.py for tasks to queue
[2023-10-13T13:28:51.629+0000] {logging_mixin.py:151} INFO - [2023-10-13T13:28:51.628+0000] {dagbag.py:536} INFO - Filling up the DagBag from /home/airflow/.local/lib/python3.8/site-packages/airflow/example_dags/example_external_task_marker_dag.py
[2023-10-13T13:28:51.638+0000] {processor.py:839} INFO - DAG(s) dict_keys(['example_external_task_marker_parent', 'example_external_task_marker_child']) retrieved from /home/airflow/.local/lib/python3.8/site-packages/airflow/example_dags/example_external_task_marker_dag.py
[2023-10-13T13:28:51.675+0000] {logging_mixin.py:151} INFO - [2023-10-13T13:28:51.675+0000] {dag.py:2941} INFO - Sync 2 DAGs
[2023-10-13T13:28:51.691+0000] {logging_mixin.py:151} INFO - [2023-10-13T13:28:51.691+0000] {dag.py:3722} INFO - Setting next_dagrun for example_external_task_marker_child to None, run_after=None
[2023-10-13T13:28:51.696+0000] {logging_mixin.py:151} INFO - [2023-10-13T13:28:51.696+0000] {dag.py:3722} INFO - Setting next_dagrun for example_external_task_marker_parent to None, run_after=None
[2023-10-13T13:28:51.728+0000] {processor.py:179} INFO - Processing /home/airflow/.local/lib/python3.8/site-packages/airflow/example_dags/example_external_task_marker_dag.py took 0.111 seconds
[2023-10-13T13:29:21.865+0000] {processor.py:157} INFO - Started process (PID=1090) to work on /home/airflow/.local/lib/python3.8/site-packages/airflow/example_dags/example_external_task_marker_dag.py
[2023-10-13T13:29:21.866+0000] {processor.py:829} INFO - Processing file /home/airflow/.local/lib/python3.8/site-packages/airflow/example_dags/example_external_task_marker_dag.py for tasks to queue
[2023-10-13T13:29:21.874+0000] {logging_mixin.py:151} INFO - [2023-10-13T13:29:21.873+0000] {dagbag.py:536} INFO - Filling up the DagBag from /home/airflow/.local/lib/python3.8/site-packages/airflow/example_dags/example_external_task_marker_dag.py
[2023-10-13T13:29:21.885+0000] {processor.py:839} INFO - DAG(s) dict_keys(['example_external_task_marker_parent', 'example_external_task_marker_child']) retrieved from /home/airflow/.local/lib/python3.8/site-packages/airflow/example_dags/example_external_task_marker_dag.py
[2023-10-13T13:29:21.931+0000] {logging_mixin.py:151} INFO - [2023-10-13T13:29:21.931+0000] {dag.py:2941} INFO - Sync 2 DAGs
[2023-10-13T13:29:21.960+0000] {logging_mixin.py:151} INFO - [2023-10-13T13:29:21.959+0000] {dag.py:3722} INFO - Setting next_dagrun for example_external_task_marker_child to None, run_after=None
[2023-10-13T13:29:21.966+0000] {logging_mixin.py:151} INFO - [2023-10-13T13:29:21.966+0000] {dag.py:3722} INFO - Setting next_dagrun for example_external_task_marker_parent to None, run_after=None
[2023-10-13T13:29:22.009+0000] {processor.py:179} INFO - Processing /home/airflow/.local/lib/python3.8/site-packages/airflow/example_dags/example_external_task_marker_dag.py took 0.149 seconds
[2023-10-13T13:29:58.946+0000] {processor.py:157} INFO - Started process (PID=1145) to work on /home/airflow/.local/lib/python3.8/site-packages/airflow/example_dags/example_external_task_marker_dag.py
[2023-10-13T13:29:58.948+0000] {processor.py:829} INFO - Processing file /home/airflow/.local/lib/python3.8/site-packages/airflow/example_dags/example_external_task_marker_dag.py for tasks to queue
[2023-10-13T13:29:58.952+0000] {logging_mixin.py:151} INFO - [2023-10-13T13:29:58.952+0000] {dagbag.py:536} INFO - Filling up the DagBag from /home/airflow/.local/lib/python3.8/site-packages/airflow/example_dags/example_external_task_marker_dag.py
[2023-10-13T13:29:58.962+0000] {processor.py:839} INFO - DAG(s) dict_keys(['example_external_task_marker_parent', 'example_external_task_marker_child']) retrieved from /home/airflow/.local/lib/python3.8/site-packages/airflow/example_dags/example_external_task_marker_dag.py
[2023-10-13T13:29:59.001+0000] {logging_mixin.py:151} INFO - [2023-10-13T13:29:59.001+0000] {dag.py:2941} INFO - Sync 2 DAGs
[2023-10-13T13:29:59.018+0000] {logging_mixin.py:151} INFO - [2023-10-13T13:29:59.018+0000] {dag.py:3722} INFO - Setting next_dagrun for example_external_task_marker_child to None, run_after=None
[2023-10-13T13:29:59.024+0000] {logging_mixin.py:151} INFO - [2023-10-13T13:29:59.024+0000] {dag.py:3722} INFO - Setting next_dagrun for example_external_task_marker_parent to None, run_after=None
[2023-10-13T13:29:59.054+0000] {processor.py:179} INFO - Processing /home/airflow/.local/lib/python3.8/site-packages/airflow/example_dags/example_external_task_marker_dag.py took 0.112 seconds
[2023-10-13T13:30:31.862+0000] {processor.py:157} INFO - Started process (PID=1199) to work on /home/airflow/.local/lib/python3.8/site-packages/airflow/example_dags/example_external_task_marker_dag.py
[2023-10-13T13:30:31.865+0000] {processor.py:829} INFO - Processing file /home/airflow/.local/lib/python3.8/site-packages/airflow/example_dags/example_external_task_marker_dag.py for tasks to queue
[2023-10-13T13:30:31.870+0000] {logging_mixin.py:151} INFO - [2023-10-13T13:30:31.869+0000] {dagbag.py:536} INFO - Filling up the DagBag from /home/airflow/.local/lib/python3.8/site-packages/airflow/example_dags/example_external_task_marker_dag.py
[2023-10-13T13:30:31.883+0000] {processor.py:839} INFO - DAG(s) dict_keys(['example_external_task_marker_parent', 'example_external_task_marker_child']) retrieved from /home/airflow/.local/lib/python3.8/site-packages/airflow/example_dags/example_external_task_marker_dag.py
[2023-10-13T13:30:31.926+0000] {logging_mixin.py:151} INFO - [2023-10-13T13:30:31.926+0000] {dag.py:2941} INFO - Sync 2 DAGs
[2023-10-13T13:30:32.143+0000] {logging_mixin.py:151} INFO - [2023-10-13T13:30:32.143+0000] {dag.py:3722} INFO - Setting next_dagrun for example_external_task_marker_child to None, run_after=None
[2023-10-13T13:30:32.150+0000] {logging_mixin.py:151} INFO - [2023-10-13T13:30:32.150+0000] {dag.py:3722} INFO - Setting next_dagrun for example_external_task_marker_parent to None, run_after=None
[2023-10-13T13:30:32.176+0000] {processor.py:179} INFO - Processing /home/airflow/.local/lib/python3.8/site-packages/airflow/example_dags/example_external_task_marker_dag.py took 0.320 seconds
[2023-10-13T13:31:02.602+0000] {processor.py:157} INFO - Started process (PID=1253) to work on /home/airflow/.local/lib/python3.8/site-packages/airflow/example_dags/example_external_task_marker_dag.py
[2023-10-13T13:31:02.604+0000] {processor.py:829} INFO - Processing file /home/airflow/.local/lib/python3.8/site-packages/airflow/example_dags/example_external_task_marker_dag.py for tasks to queue
[2023-10-13T13:31:02.609+0000] {logging_mixin.py:151} INFO - [2023-10-13T13:31:02.608+0000] {dagbag.py:536} INFO - Filling up the DagBag from /home/airflow/.local/lib/python3.8/site-packages/airflow/example_dags/example_external_task_marker_dag.py
[2023-10-13T13:31:02.620+0000] {processor.py:839} INFO - DAG(s) dict_keys(['example_external_task_marker_parent', 'example_external_task_marker_child']) retrieved from /home/airflow/.local/lib/python3.8/site-packages/airflow/example_dags/example_external_task_marker_dag.py
[2023-10-13T13:31:02.672+0000] {logging_mixin.py:151} INFO - [2023-10-13T13:31:02.671+0000] {dag.py:2941} INFO - Sync 2 DAGs
[2023-10-13T13:31:02.697+0000] {logging_mixin.py:151} INFO - [2023-10-13T13:31:02.697+0000] {dag.py:3722} INFO - Setting next_dagrun for example_external_task_marker_child to None, run_after=None
[2023-10-13T13:31:02.704+0000] {logging_mixin.py:151} INFO - [2023-10-13T13:31:02.703+0000] {dag.py:3722} INFO - Setting next_dagrun for example_external_task_marker_parent to None, run_after=None
[2023-10-13T13:31:02.740+0000] {processor.py:179} INFO - Processing /home/airflow/.local/lib/python3.8/site-packages/airflow/example_dags/example_external_task_marker_dag.py took 0.143 seconds
[2023-10-13T13:31:33.554+0000] {processor.py:157} INFO - Started process (PID=1307) to work on /home/airflow/.local/lib/python3.8/site-packages/airflow/example_dags/example_external_task_marker_dag.py
[2023-10-13T13:31:33.556+0000] {processor.py:829} INFO - Processing file /home/airflow/.local/lib/python3.8/site-packages/airflow/example_dags/example_external_task_marker_dag.py for tasks to queue
[2023-10-13T13:31:33.561+0000] {logging_mixin.py:151} INFO - [2023-10-13T13:31:33.560+0000] {dagbag.py:536} INFO - Filling up the DagBag from /home/airflow/.local/lib/python3.8/site-packages/airflow/example_dags/example_external_task_marker_dag.py
[2023-10-13T13:31:33.573+0000] {processor.py:839} INFO - DAG(s) dict_keys(['example_external_task_marker_child', 'example_external_task_marker_parent']) retrieved from /home/airflow/.local/lib/python3.8/site-packages/airflow/example_dags/example_external_task_marker_dag.py
[2023-10-13T13:31:33.621+0000] {logging_mixin.py:151} INFO - [2023-10-13T13:31:33.620+0000] {dag.py:2941} INFO - Sync 2 DAGs
[2023-10-13T13:31:33.643+0000] {logging_mixin.py:151} INFO - [2023-10-13T13:31:33.643+0000] {dag.py:3722} INFO - Setting next_dagrun for example_external_task_marker_child to None, run_after=None
[2023-10-13T13:31:33.650+0000] {logging_mixin.py:151} INFO - [2023-10-13T13:31:33.649+0000] {dag.py:3722} INFO - Setting next_dagrun for example_external_task_marker_parent to None, run_after=None
[2023-10-13T13:31:33.684+0000] {processor.py:179} INFO - Processing /home/airflow/.local/lib/python3.8/site-packages/airflow/example_dags/example_external_task_marker_dag.py took 0.136 seconds
[2023-10-13T13:32:04.436+0000] {processor.py:157} INFO - Started process (PID=1361) to work on /home/airflow/.local/lib/python3.8/site-packages/airflow/example_dags/example_external_task_marker_dag.py
[2023-10-13T13:32:04.438+0000] {processor.py:829} INFO - Processing file /home/airflow/.local/lib/python3.8/site-packages/airflow/example_dags/example_external_task_marker_dag.py for tasks to queue
[2023-10-13T13:32:04.444+0000] {logging_mixin.py:151} INFO - [2023-10-13T13:32:04.443+0000] {dagbag.py:536} INFO - Filling up the DagBag from /home/airflow/.local/lib/python3.8/site-packages/airflow/example_dags/example_external_task_marker_dag.py
[2023-10-13T13:32:04.456+0000] {processor.py:839} INFO - DAG(s) dict_keys(['example_external_task_marker_parent', 'example_external_task_marker_child']) retrieved from /home/airflow/.local/lib/python3.8/site-packages/airflow/example_dags/example_external_task_marker_dag.py
[2023-10-13T13:32:04.737+0000] {logging_mixin.py:151} INFO - [2023-10-13T13:32:04.736+0000] {dag.py:2941} INFO - Sync 2 DAGs
[2023-10-13T13:32:04.756+0000] {logging_mixin.py:151} INFO - [2023-10-13T13:32:04.756+0000] {dag.py:3722} INFO - Setting next_dagrun for example_external_task_marker_child to None, run_after=None
[2023-10-13T13:32:04.762+0000] {logging_mixin.py:151} INFO - [2023-10-13T13:32:04.762+0000] {dag.py:3722} INFO - Setting next_dagrun for example_external_task_marker_parent to None, run_after=None
[2023-10-13T13:32:04.800+0000] {processor.py:179} INFO - Processing /home/airflow/.local/lib/python3.8/site-packages/airflow/example_dags/example_external_task_marker_dag.py took 0.370 seconds
[2023-10-13T13:32:39.072+0000] {processor.py:157} INFO - Started process (PID=1415) to work on /home/airflow/.local/lib/python3.8/site-packages/airflow/example_dags/example_external_task_marker_dag.py
[2023-10-13T13:32:39.076+0000] {processor.py:829} INFO - Processing file /home/airflow/.local/lib/python3.8/site-packages/airflow/example_dags/example_external_task_marker_dag.py for tasks to queue
[2023-10-13T13:32:39.082+0000] {logging_mixin.py:151} INFO - [2023-10-13T13:32:39.082+0000] {dagbag.py:536} INFO - Filling up the DagBag from /home/airflow/.local/lib/python3.8/site-packages/airflow/example_dags/example_external_task_marker_dag.py
[2023-10-13T13:32:39.096+0000] {processor.py:839} INFO - DAG(s) dict_keys(['example_external_task_marker_child', 'example_external_task_marker_parent']) retrieved from /home/airflow/.local/lib/python3.8/site-packages/airflow/example_dags/example_external_task_marker_dag.py
[2023-10-13T13:32:39.161+0000] {logging_mixin.py:151} INFO - [2023-10-13T13:32:39.161+0000] {dag.py:2941} INFO - Sync 2 DAGs
[2023-10-13T13:32:39.204+0000] {logging_mixin.py:151} INFO - [2023-10-13T13:32:39.203+0000] {dag.py:3722} INFO - Setting next_dagrun for example_external_task_marker_child to None, run_after=None
[2023-10-13T13:32:39.213+0000] {logging_mixin.py:151} INFO - [2023-10-13T13:32:39.212+0000] {dag.py:3722} INFO - Setting next_dagrun for example_external_task_marker_parent to None, run_after=None
[2023-10-13T13:32:39.254+0000] {processor.py:179} INFO - Processing /home/airflow/.local/lib/python3.8/site-packages/airflow/example_dags/example_external_task_marker_dag.py took 0.189 seconds
[2023-10-13T13:33:09.401+0000] {processor.py:157} INFO - Started process (PID=1469) to work on /home/airflow/.local/lib/python3.8/site-packages/airflow/example_dags/example_external_task_marker_dag.py
[2023-10-13T13:33:09.403+0000] {processor.py:829} INFO - Processing file /home/airflow/.local/lib/python3.8/site-packages/airflow/example_dags/example_external_task_marker_dag.py for tasks to queue
[2023-10-13T13:33:09.406+0000] {logging_mixin.py:151} INFO - [2023-10-13T13:33:09.405+0000] {dagbag.py:536} INFO - Filling up the DagBag from /home/airflow/.local/lib/python3.8/site-packages/airflow/example_dags/example_external_task_marker_dag.py
[2023-10-13T13:33:09.417+0000] {processor.py:839} INFO - DAG(s) dict_keys(['example_external_task_marker_child', 'example_external_task_marker_parent']) retrieved from /home/airflow/.local/lib/python3.8/site-packages/airflow/example_dags/example_external_task_marker_dag.py
[2023-10-13T13:33:09.455+0000] {logging_mixin.py:151} INFO - [2023-10-13T13:33:09.455+0000] {dag.py:2941} INFO - Sync 2 DAGs
[2023-10-13T13:33:09.478+0000] {logging_mixin.py:151} INFO - [2023-10-13T13:33:09.477+0000] {dag.py:3722} INFO - Setting next_dagrun for example_external_task_marker_child to None, run_after=None
[2023-10-13T13:33:09.485+0000] {logging_mixin.py:151} INFO - [2023-10-13T13:33:09.485+0000] {dag.py:3722} INFO - Setting next_dagrun for example_external_task_marker_parent to None, run_after=None
[2023-10-13T13:33:09.516+0000] {processor.py:179} INFO - Processing /home/airflow/.local/lib/python3.8/site-packages/airflow/example_dags/example_external_task_marker_dag.py took 0.120 seconds
[2023-10-13T13:33:40.156+0000] {processor.py:157} INFO - Started process (PID=1523) to work on /home/airflow/.local/lib/python3.8/site-packages/airflow/example_dags/example_external_task_marker_dag.py
[2023-10-13T13:33:40.158+0000] {processor.py:829} INFO - Processing file /home/airflow/.local/lib/python3.8/site-packages/airflow/example_dags/example_external_task_marker_dag.py for tasks to queue
[2023-10-13T13:33:40.162+0000] {logging_mixin.py:151} INFO - [2023-10-13T13:33:40.161+0000] {dagbag.py:536} INFO - Filling up the DagBag from /home/airflow/.local/lib/python3.8/site-packages/airflow/example_dags/example_external_task_marker_dag.py
[2023-10-13T13:33:40.173+0000] {processor.py:839} INFO - DAG(s) dict_keys(['example_external_task_marker_child', 'example_external_task_marker_parent']) retrieved from /home/airflow/.local/lib/python3.8/site-packages/airflow/example_dags/example_external_task_marker_dag.py
[2023-10-13T13:33:40.220+0000] {logging_mixin.py:151} INFO - [2023-10-13T13:33:40.220+0000] {dag.py:2941} INFO - Sync 2 DAGs
[2023-10-13T13:33:40.241+0000] {logging_mixin.py:151} INFO - [2023-10-13T13:33:40.240+0000] {dag.py:3722} INFO - Setting next_dagrun for example_external_task_marker_child to None, run_after=None
[2023-10-13T13:33:40.249+0000] {logging_mixin.py:151} INFO - [2023-10-13T13:33:40.249+0000] {dag.py:3722} INFO - Setting next_dagrun for example_external_task_marker_parent to None, run_after=None
[2023-10-13T13:33:40.276+0000] {processor.py:179} INFO - Processing /home/airflow/.local/lib/python3.8/site-packages/airflow/example_dags/example_external_task_marker_dag.py took 0.126 seconds
[2023-10-13T13:34:10.801+0000] {processor.py:157} INFO - Started process (PID=1578) to work on /home/airflow/.local/lib/python3.8/site-packages/airflow/example_dags/example_external_task_marker_dag.py
[2023-10-13T13:34:10.803+0000] {processor.py:829} INFO - Processing file /home/airflow/.local/lib/python3.8/site-packages/airflow/example_dags/example_external_task_marker_dag.py for tasks to queue
[2023-10-13T13:34:10.807+0000] {logging_mixin.py:151} INFO - [2023-10-13T13:34:10.806+0000] {dagbag.py:536} INFO - Filling up the DagBag from /home/airflow/.local/lib/python3.8/site-packages/airflow/example_dags/example_external_task_marker_dag.py
[2023-10-13T13:34:10.816+0000] {processor.py:839} INFO - DAG(s) dict_keys(['example_external_task_marker_parent', 'example_external_task_marker_child']) retrieved from /home/airflow/.local/lib/python3.8/site-packages/airflow/example_dags/example_external_task_marker_dag.py
[2023-10-13T13:34:10.859+0000] {logging_mixin.py:151} INFO - [2023-10-13T13:34:10.859+0000] {dag.py:2941} INFO - Sync 2 DAGs
[2023-10-13T13:34:10.886+0000] {logging_mixin.py:151} INFO - [2023-10-13T13:34:10.885+0000] {dag.py:3722} INFO - Setting next_dagrun for example_external_task_marker_child to None, run_after=None
[2023-10-13T13:34:10.893+0000] {logging_mixin.py:151} INFO - [2023-10-13T13:34:10.892+0000] {dag.py:3722} INFO - Setting next_dagrun for example_external_task_marker_parent to None, run_after=None
[2023-10-13T13:34:10.920+0000] {processor.py:179} INFO - Processing /home/airflow/.local/lib/python3.8/site-packages/airflow/example_dags/example_external_task_marker_dag.py took 0.123 seconds
[2023-10-13T13:34:41.542+0000] {processor.py:157} INFO - Started process (PID=1633) to work on /home/airflow/.local/lib/python3.8/site-packages/airflow/example_dags/example_external_task_marker_dag.py
[2023-10-13T13:34:41.543+0000] {processor.py:829} INFO - Processing file /home/airflow/.local/lib/python3.8/site-packages/airflow/example_dags/example_external_task_marker_dag.py for tasks to queue
[2023-10-13T13:34:41.547+0000] {logging_mixin.py:151} INFO - [2023-10-13T13:34:41.546+0000] {dagbag.py:536} INFO - Filling up the DagBag from /home/airflow/.local/lib/python3.8/site-packages/airflow/example_dags/example_external_task_marker_dag.py
[2023-10-13T13:34:41.555+0000] {processor.py:839} INFO - DAG(s) dict_keys(['example_external_task_marker_child', 'example_external_task_marker_parent']) retrieved from /home/airflow/.local/lib/python3.8/site-packages/airflow/example_dags/example_external_task_marker_dag.py
[2023-10-13T13:34:41.591+0000] {logging_mixin.py:151} INFO - [2023-10-13T13:34:41.591+0000] {dag.py:2941} INFO - Sync 2 DAGs
[2023-10-13T13:34:41.611+0000] {logging_mixin.py:151} INFO - [2023-10-13T13:34:41.611+0000] {dag.py:3722} INFO - Setting next_dagrun for example_external_task_marker_child to None, run_after=None
[2023-10-13T13:34:41.617+0000] {logging_mixin.py:151} INFO - [2023-10-13T13:34:41.617+0000] {dag.py:3722} INFO - Setting next_dagrun for example_external_task_marker_parent to None, run_after=None
[2023-10-13T13:34:41.644+0000] {processor.py:179} INFO - Processing /home/airflow/.local/lib/python3.8/site-packages/airflow/example_dags/example_external_task_marker_dag.py took 0.107 seconds
[2023-10-13T13:35:12.157+0000] {processor.py:157} INFO - Started process (PID=1687) to work on /home/airflow/.local/lib/python3.8/site-packages/airflow/example_dags/example_external_task_marker_dag.py
[2023-10-13T13:35:12.159+0000] {processor.py:829} INFO - Processing file /home/airflow/.local/lib/python3.8/site-packages/airflow/example_dags/example_external_task_marker_dag.py for tasks to queue
[2023-10-13T13:35:12.164+0000] {logging_mixin.py:151} INFO - [2023-10-13T13:35:12.163+0000] {dagbag.py:536} INFO - Filling up the DagBag from /home/airflow/.local/lib/python3.8/site-packages/airflow/example_dags/example_external_task_marker_dag.py
[2023-10-13T13:35:12.171+0000] {processor.py:839} INFO - DAG(s) dict_keys(['example_external_task_marker_child', 'example_external_task_marker_parent']) retrieved from /home/airflow/.local/lib/python3.8/site-packages/airflow/example_dags/example_external_task_marker_dag.py
[2023-10-13T13:35:12.205+0000] {logging_mixin.py:151} INFO - [2023-10-13T13:35:12.205+0000] {dag.py:2941} INFO - Sync 2 DAGs
[2023-10-13T13:35:12.223+0000] {logging_mixin.py:151} INFO - [2023-10-13T13:35:12.222+0000] {dag.py:3722} INFO - Setting next_dagrun for example_external_task_marker_child to None, run_after=None
[2023-10-13T13:35:12.228+0000] {logging_mixin.py:151} INFO - [2023-10-13T13:35:12.228+0000] {dag.py:3722} INFO - Setting next_dagrun for example_external_task_marker_parent to None, run_after=None
[2023-10-13T13:35:12.253+0000] {processor.py:179} INFO - Processing /home/airflow/.local/lib/python3.8/site-packages/airflow/example_dags/example_external_task_marker_dag.py took 0.100 seconds
[2023-10-13T13:35:43.384+0000] {processor.py:157} INFO - Started process (PID=1741) to work on /home/airflow/.local/lib/python3.8/site-packages/airflow/example_dags/example_external_task_marker_dag.py
[2023-10-13T13:35:43.386+0000] {processor.py:829} INFO - Processing file /home/airflow/.local/lib/python3.8/site-packages/airflow/example_dags/example_external_task_marker_dag.py for tasks to queue
[2023-10-13T13:35:43.390+0000] {logging_mixin.py:151} INFO - [2023-10-13T13:35:43.389+0000] {dagbag.py:536} INFO - Filling up the DagBag from /home/airflow/.local/lib/python3.8/site-packages/airflow/example_dags/example_external_task_marker_dag.py
[2023-10-13T13:35:43.401+0000] {processor.py:839} INFO - DAG(s) dict_keys(['example_external_task_marker_child', 'example_external_task_marker_parent']) retrieved from /home/airflow/.local/lib/python3.8/site-packages/airflow/example_dags/example_external_task_marker_dag.py
[2023-10-13T13:35:43.455+0000] {logging_mixin.py:151} INFO - [2023-10-13T13:35:43.454+0000] {dag.py:2941} INFO - Sync 2 DAGs
[2023-10-13T13:35:43.477+0000] {logging_mixin.py:151} INFO - [2023-10-13T13:35:43.476+0000] {dag.py:3722} INFO - Setting next_dagrun for example_external_task_marker_child to None, run_after=None
[2023-10-13T13:35:43.483+0000] {logging_mixin.py:151} INFO - [2023-10-13T13:35:43.483+0000] {dag.py:3722} INFO - Setting next_dagrun for example_external_task_marker_parent to None, run_after=None
[2023-10-13T13:35:43.517+0000] {processor.py:179} INFO - Processing /home/airflow/.local/lib/python3.8/site-packages/airflow/example_dags/example_external_task_marker_dag.py took 0.141 seconds
[2023-10-13T13:36:13.758+0000] {processor.py:157} INFO - Started process (PID=1795) to work on /home/airflow/.local/lib/python3.8/site-packages/airflow/example_dags/example_external_task_marker_dag.py
[2023-10-13T13:36:13.759+0000] {processor.py:829} INFO - Processing file /home/airflow/.local/lib/python3.8/site-packages/airflow/example_dags/example_external_task_marker_dag.py for tasks to queue
[2023-10-13T13:36:13.763+0000] {logging_mixin.py:151} INFO - [2023-10-13T13:36:13.763+0000] {dagbag.py:536} INFO - Filling up the DagBag from /home/airflow/.local/lib/python3.8/site-packages/airflow/example_dags/example_external_task_marker_dag.py
[2023-10-13T13:36:13.772+0000] {processor.py:839} INFO - DAG(s) dict_keys(['example_external_task_marker_parent', 'example_external_task_marker_child']) retrieved from /home/airflow/.local/lib/python3.8/site-packages/airflow/example_dags/example_external_task_marker_dag.py
[2023-10-13T13:36:13.830+0000] {logging_mixin.py:151} INFO - [2023-10-13T13:36:13.829+0000] {dag.py:2941} INFO - Sync 2 DAGs
[2023-10-13T13:36:13.849+0000] {logging_mixin.py:151} INFO - [2023-10-13T13:36:13.848+0000] {dag.py:3722} INFO - Setting next_dagrun for example_external_task_marker_child to None, run_after=None
[2023-10-13T13:36:13.854+0000] {logging_mixin.py:151} INFO - [2023-10-13T13:36:13.853+0000] {dag.py:3722} INFO - Setting next_dagrun for example_external_task_marker_parent to None, run_after=None
[2023-10-13T13:36:13.884+0000] {processor.py:179} INFO - Processing /home/airflow/.local/lib/python3.8/site-packages/airflow/example_dags/example_external_task_marker_dag.py took 0.131 seconds
