[2023-10-13T13:19:38.113+0000] {processor.py:157} INFO - Started process (PID=73) to work on /home/airflow/.local/lib/python3.8/site-packages/airflow/example_dags/tutorial.py
[2023-10-13T13:19:38.115+0000] {processor.py:829} INFO - Processing file /home/airflow/.local/lib/python3.8/site-packages/airflow/example_dags/tutorial.py for tasks to queue
[2023-10-13T13:19:38.142+0000] {logging_mixin.py:151} INFO - [2023-10-13T13:19:38.140+0000] {dagbag.py:536} INFO - Filling up the DagBag from /home/airflow/.local/lib/python3.8/site-packages/airflow/example_dags/tutorial.py
[2023-10-13T13:19:38.251+0000] {processor.py:839} INFO - DAG(s) dict_keys(['tutorial']) retrieved from /home/airflow/.local/lib/python3.8/site-packages/airflow/example_dags/tutorial.py
[2023-10-13T13:19:38.412+0000] {logging_mixin.py:151} INFO - [2023-10-13T13:19:38.411+0000] {dag.py:2941} INFO - Sync 1 DAGs
[2023-10-13T13:19:38.703+0000] {logging_mixin.py:151} INFO - [2023-10-13T13:19:38.700+0000] {dag.py:3722} INFO - Setting next_dagrun for tutorial to 2023-10-12T13:19:38.690830+00:00, run_after=2023-10-13T13:19:38.690830+00:00
[2023-10-13T13:19:38.840+0000] {processor.py:179} INFO - Processing /home/airflow/.local/lib/python3.8/site-packages/airflow/example_dags/tutorial.py took 0.754 seconds
[2023-10-13T13:20:09.658+0000] {processor.py:157} INFO - Started process (PID=126) to work on /home/airflow/.local/lib/python3.8/site-packages/airflow/example_dags/tutorial.py
[2023-10-13T13:20:09.666+0000] {processor.py:829} INFO - Processing file /home/airflow/.local/lib/python3.8/site-packages/airflow/example_dags/tutorial.py for tasks to queue
[2023-10-13T13:20:09.704+0000] {logging_mixin.py:151} INFO - [2023-10-13T13:20:09.699+0000] {dagbag.py:536} INFO - Filling up the DagBag from /home/airflow/.local/lib/python3.8/site-packages/airflow/example_dags/tutorial.py
[2023-10-13T13:20:09.725+0000] {processor.py:839} INFO - DAG(s) dict_keys(['tutorial']) retrieved from /home/airflow/.local/lib/python3.8/site-packages/airflow/example_dags/tutorial.py
[2023-10-13T13:20:09.764+0000] {logging_mixin.py:151} INFO - [2023-10-13T13:20:09.764+0000] {dag.py:2941} INFO - Sync 1 DAGs
[2023-10-13T13:20:09.804+0000] {logging_mixin.py:151} INFO - [2023-10-13T13:20:09.804+0000] {dag.py:3722} INFO - Setting next_dagrun for tutorial to 2023-10-12T13:20:09.803916+00:00, run_after=2023-10-13T13:20:09.803916+00:00
[2023-10-13T13:20:09.840+0000] {processor.py:179} INFO - Processing /home/airflow/.local/lib/python3.8/site-packages/airflow/example_dags/tutorial.py took 0.208 seconds
[2023-10-13T13:20:40.066+0000] {processor.py:157} INFO - Started process (PID=180) to work on /home/airflow/.local/lib/python3.8/site-packages/airflow/example_dags/tutorial.py
[2023-10-13T13:20:40.069+0000] {processor.py:829} INFO - Processing file /home/airflow/.local/lib/python3.8/site-packages/airflow/example_dags/tutorial.py for tasks to queue
[2023-10-13T13:20:40.073+0000] {logging_mixin.py:151} INFO - [2023-10-13T13:20:40.072+0000] {dagbag.py:536} INFO - Filling up the DagBag from /home/airflow/.local/lib/python3.8/site-packages/airflow/example_dags/tutorial.py
[2023-10-13T13:20:40.081+0000] {processor.py:839} INFO - DAG(s) dict_keys(['tutorial']) retrieved from /home/airflow/.local/lib/python3.8/site-packages/airflow/example_dags/tutorial.py
[2023-10-13T13:20:40.111+0000] {logging_mixin.py:151} INFO - [2023-10-13T13:20:40.111+0000] {dag.py:2941} INFO - Sync 1 DAGs
[2023-10-13T13:20:40.147+0000] {logging_mixin.py:151} INFO - [2023-10-13T13:20:40.146+0000] {dag.py:3722} INFO - Setting next_dagrun for tutorial to 2023-10-12T13:20:40.146546+00:00, run_after=2023-10-13T13:20:40.146546+00:00
[2023-10-13T13:20:40.186+0000] {processor.py:179} INFO - Processing /home/airflow/.local/lib/python3.8/site-packages/airflow/example_dags/tutorial.py took 0.123 seconds
[2023-10-13T13:21:10.437+0000] {processor.py:157} INFO - Started process (PID=234) to work on /home/airflow/.local/lib/python3.8/site-packages/airflow/example_dags/tutorial.py
[2023-10-13T13:21:10.438+0000] {processor.py:829} INFO - Processing file /home/airflow/.local/lib/python3.8/site-packages/airflow/example_dags/tutorial.py for tasks to queue
[2023-10-13T13:21:10.442+0000] {logging_mixin.py:151} INFO - [2023-10-13T13:21:10.442+0000] {dagbag.py:536} INFO - Filling up the DagBag from /home/airflow/.local/lib/python3.8/site-packages/airflow/example_dags/tutorial.py
[2023-10-13T13:21:10.449+0000] {processor.py:839} INFO - DAG(s) dict_keys(['tutorial']) retrieved from /home/airflow/.local/lib/python3.8/site-packages/airflow/example_dags/tutorial.py
[2023-10-13T13:21:10.480+0000] {logging_mixin.py:151} INFO - [2023-10-13T13:21:10.480+0000] {dag.py:2941} INFO - Sync 1 DAGs
[2023-10-13T13:21:10.509+0000] {logging_mixin.py:151} INFO - [2023-10-13T13:21:10.509+0000] {dag.py:3722} INFO - Setting next_dagrun for tutorial to 2023-10-12T13:21:10.509285+00:00, run_after=2023-10-13T13:21:10.509285+00:00
[2023-10-13T13:21:10.541+0000] {processor.py:179} INFO - Processing /home/airflow/.local/lib/python3.8/site-packages/airflow/example_dags/tutorial.py took 0.109 seconds
[2023-10-13T13:21:41.172+0000] {processor.py:157} INFO - Started process (PID=288) to work on /home/airflow/.local/lib/python3.8/site-packages/airflow/example_dags/tutorial.py
[2023-10-13T13:21:41.174+0000] {processor.py:829} INFO - Processing file /home/airflow/.local/lib/python3.8/site-packages/airflow/example_dags/tutorial.py for tasks to queue
[2023-10-13T13:21:41.178+0000] {logging_mixin.py:151} INFO - [2023-10-13T13:21:41.178+0000] {dagbag.py:536} INFO - Filling up the DagBag from /home/airflow/.local/lib/python3.8/site-packages/airflow/example_dags/tutorial.py
[2023-10-13T13:21:41.187+0000] {processor.py:839} INFO - DAG(s) dict_keys(['tutorial']) retrieved from /home/airflow/.local/lib/python3.8/site-packages/airflow/example_dags/tutorial.py
[2023-10-13T13:21:41.218+0000] {logging_mixin.py:151} INFO - [2023-10-13T13:21:41.217+0000] {dag.py:2941} INFO - Sync 1 DAGs
[2023-10-13T13:21:41.249+0000] {logging_mixin.py:151} INFO - [2023-10-13T13:21:41.248+0000] {dag.py:3722} INFO - Setting next_dagrun for tutorial to 2023-10-12T13:21:41.248467+00:00, run_after=2023-10-13T13:21:41.248467+00:00
[2023-10-13T13:21:41.280+0000] {processor.py:179} INFO - Processing /home/airflow/.local/lib/python3.8/site-packages/airflow/example_dags/tutorial.py took 0.112 seconds
[2023-10-13T13:22:11.871+0000] {processor.py:157} INFO - Started process (PID=342) to work on /home/airflow/.local/lib/python3.8/site-packages/airflow/example_dags/tutorial.py
[2023-10-13T13:22:11.873+0000] {processor.py:829} INFO - Processing file /home/airflow/.local/lib/python3.8/site-packages/airflow/example_dags/tutorial.py for tasks to queue
[2023-10-13T13:22:11.876+0000] {logging_mixin.py:151} INFO - [2023-10-13T13:22:11.876+0000] {dagbag.py:536} INFO - Filling up the DagBag from /home/airflow/.local/lib/python3.8/site-packages/airflow/example_dags/tutorial.py
[2023-10-13T13:22:11.884+0000] {processor.py:839} INFO - DAG(s) dict_keys(['tutorial']) retrieved from /home/airflow/.local/lib/python3.8/site-packages/airflow/example_dags/tutorial.py
[2023-10-13T13:22:11.917+0000] {logging_mixin.py:151} INFO - [2023-10-13T13:22:11.916+0000] {dag.py:2941} INFO - Sync 1 DAGs
[2023-10-13T13:22:11.954+0000] {logging_mixin.py:151} INFO - [2023-10-13T13:22:11.954+0000] {dag.py:3722} INFO - Setting next_dagrun for tutorial to 2023-10-12T13:22:11.953795+00:00, run_after=2023-10-13T13:22:11.953795+00:00
[2023-10-13T13:22:11.984+0000] {processor.py:179} INFO - Processing /home/airflow/.local/lib/python3.8/site-packages/airflow/example_dags/tutorial.py took 0.118 seconds
[2023-10-13T13:22:42.736+0000] {processor.py:157} INFO - Started process (PID=396) to work on /home/airflow/.local/lib/python3.8/site-packages/airflow/example_dags/tutorial.py
[2023-10-13T13:22:42.738+0000] {processor.py:829} INFO - Processing file /home/airflow/.local/lib/python3.8/site-packages/airflow/example_dags/tutorial.py for tasks to queue
[2023-10-13T13:22:42.743+0000] {logging_mixin.py:151} INFO - [2023-10-13T13:22:42.742+0000] {dagbag.py:536} INFO - Filling up the DagBag from /home/airflow/.local/lib/python3.8/site-packages/airflow/example_dags/tutorial.py
[2023-10-13T13:22:42.751+0000] {processor.py:839} INFO - DAG(s) dict_keys(['tutorial']) retrieved from /home/airflow/.local/lib/python3.8/site-packages/airflow/example_dags/tutorial.py
[2023-10-13T13:22:42.786+0000] {logging_mixin.py:151} INFO - [2023-10-13T13:22:42.786+0000] {dag.py:2941} INFO - Sync 1 DAGs
[2023-10-13T13:22:42.819+0000] {logging_mixin.py:151} INFO - [2023-10-13T13:22:42.819+0000] {dag.py:3722} INFO - Setting next_dagrun for tutorial to 2023-10-12T13:22:42.818819+00:00, run_after=2023-10-13T13:22:42.818819+00:00
[2023-10-13T13:22:42.853+0000] {processor.py:179} INFO - Processing /home/airflow/.local/lib/python3.8/site-packages/airflow/example_dags/tutorial.py took 0.121 seconds
[2023-10-13T13:23:13.367+0000] {processor.py:157} INFO - Started process (PID=450) to work on /home/airflow/.local/lib/python3.8/site-packages/airflow/example_dags/tutorial.py
[2023-10-13T13:23:13.368+0000] {processor.py:829} INFO - Processing file /home/airflow/.local/lib/python3.8/site-packages/airflow/example_dags/tutorial.py for tasks to queue
[2023-10-13T13:23:13.371+0000] {logging_mixin.py:151} INFO - [2023-10-13T13:23:13.371+0000] {dagbag.py:536} INFO - Filling up the DagBag from /home/airflow/.local/lib/python3.8/site-packages/airflow/example_dags/tutorial.py
[2023-10-13T13:23:13.378+0000] {processor.py:839} INFO - DAG(s) dict_keys(['tutorial']) retrieved from /home/airflow/.local/lib/python3.8/site-packages/airflow/example_dags/tutorial.py
[2023-10-13T13:23:13.406+0000] {logging_mixin.py:151} INFO - [2023-10-13T13:23:13.406+0000] {dag.py:2941} INFO - Sync 1 DAGs
[2023-10-13T13:23:13.436+0000] {logging_mixin.py:151} INFO - [2023-10-13T13:23:13.436+0000] {dag.py:3722} INFO - Setting next_dagrun for tutorial to 2023-10-12T13:23:13.435918+00:00, run_after=2023-10-13T13:23:13.435918+00:00
[2023-10-13T13:23:13.470+0000] {processor.py:179} INFO - Processing /home/airflow/.local/lib/python3.8/site-packages/airflow/example_dags/tutorial.py took 0.107 seconds
[2023-10-13T13:23:43.962+0000] {processor.py:157} INFO - Started process (PID=504) to work on /home/airflow/.local/lib/python3.8/site-packages/airflow/example_dags/tutorial.py
[2023-10-13T13:23:43.964+0000] {processor.py:829} INFO - Processing file /home/airflow/.local/lib/python3.8/site-packages/airflow/example_dags/tutorial.py for tasks to queue
[2023-10-13T13:23:43.967+0000] {logging_mixin.py:151} INFO - [2023-10-13T13:23:43.967+0000] {dagbag.py:536} INFO - Filling up the DagBag from /home/airflow/.local/lib/python3.8/site-packages/airflow/example_dags/tutorial.py
[2023-10-13T13:23:43.976+0000] {processor.py:839} INFO - DAG(s) dict_keys(['tutorial']) retrieved from /home/airflow/.local/lib/python3.8/site-packages/airflow/example_dags/tutorial.py
[2023-10-13T13:23:44.004+0000] {logging_mixin.py:151} INFO - [2023-10-13T13:23:44.004+0000] {dag.py:2941} INFO - Sync 1 DAGs
[2023-10-13T13:23:44.030+0000] {logging_mixin.py:151} INFO - [2023-10-13T13:23:44.030+0000] {dag.py:3722} INFO - Setting next_dagrun for tutorial to 2023-10-12T13:23:44.030061+00:00, run_after=2023-10-13T13:23:44.030061+00:00
[2023-10-13T13:23:44.069+0000] {processor.py:179} INFO - Processing /home/airflow/.local/lib/python3.8/site-packages/airflow/example_dags/tutorial.py took 0.110 seconds
[2023-10-13T13:24:14.175+0000] {processor.py:157} INFO - Started process (PID=558) to work on /home/airflow/.local/lib/python3.8/site-packages/airflow/example_dags/tutorial.py
[2023-10-13T13:24:14.177+0000] {processor.py:829} INFO - Processing file /home/airflow/.local/lib/python3.8/site-packages/airflow/example_dags/tutorial.py for tasks to queue
[2023-10-13T13:24:14.180+0000] {logging_mixin.py:151} INFO - [2023-10-13T13:24:14.180+0000] {dagbag.py:536} INFO - Filling up the DagBag from /home/airflow/.local/lib/python3.8/site-packages/airflow/example_dags/tutorial.py
[2023-10-13T13:24:14.188+0000] {processor.py:839} INFO - DAG(s) dict_keys(['tutorial']) retrieved from /home/airflow/.local/lib/python3.8/site-packages/airflow/example_dags/tutorial.py
[2023-10-13T13:24:14.217+0000] {logging_mixin.py:151} INFO - [2023-10-13T13:24:14.217+0000] {dag.py:2941} INFO - Sync 1 DAGs
[2023-10-13T13:24:14.245+0000] {logging_mixin.py:151} INFO - [2023-10-13T13:24:14.245+0000] {dag.py:3722} INFO - Setting next_dagrun for tutorial to 2023-10-12T13:24:14.244964+00:00, run_after=2023-10-13T13:24:14.244964+00:00
[2023-10-13T13:24:14.321+0000] {processor.py:179} INFO - Processing /home/airflow/.local/lib/python3.8/site-packages/airflow/example_dags/tutorial.py took 0.150 seconds
[2023-10-13T13:24:45.141+0000] {processor.py:157} INFO - Started process (PID=610) to work on /home/airflow/.local/lib/python3.8/site-packages/airflow/example_dags/tutorial.py
[2023-10-13T13:24:45.143+0000] {processor.py:829} INFO - Processing file /home/airflow/.local/lib/python3.8/site-packages/airflow/example_dags/tutorial.py for tasks to queue
[2023-10-13T13:24:45.147+0000] {logging_mixin.py:151} INFO - [2023-10-13T13:24:45.146+0000] {dagbag.py:536} INFO - Filling up the DagBag from /home/airflow/.local/lib/python3.8/site-packages/airflow/example_dags/tutorial.py
[2023-10-13T13:24:45.155+0000] {processor.py:839} INFO - DAG(s) dict_keys(['tutorial']) retrieved from /home/airflow/.local/lib/python3.8/site-packages/airflow/example_dags/tutorial.py
[2023-10-13T13:24:45.186+0000] {logging_mixin.py:151} INFO - [2023-10-13T13:24:45.185+0000] {dag.py:2941} INFO - Sync 1 DAGs
[2023-10-13T13:24:45.215+0000] {logging_mixin.py:151} INFO - [2023-10-13T13:24:45.215+0000] {dag.py:3722} INFO - Setting next_dagrun for tutorial to 2023-10-12T13:24:45.215186+00:00, run_after=2023-10-13T13:24:45.215186+00:00
[2023-10-13T13:24:45.245+0000] {processor.py:179} INFO - Processing /home/airflow/.local/lib/python3.8/site-packages/airflow/example_dags/tutorial.py took 0.108 seconds
[2023-10-13T13:25:15.906+0000] {processor.py:157} INFO - Started process (PID=664) to work on /home/airflow/.local/lib/python3.8/site-packages/airflow/example_dags/tutorial.py
[2023-10-13T13:25:15.912+0000] {processor.py:829} INFO - Processing file /home/airflow/.local/lib/python3.8/site-packages/airflow/example_dags/tutorial.py for tasks to queue
[2023-10-13T13:25:15.917+0000] {logging_mixin.py:151} INFO - [2023-10-13T13:25:15.916+0000] {dagbag.py:536} INFO - Filling up the DagBag from /home/airflow/.local/lib/python3.8/site-packages/airflow/example_dags/tutorial.py
[2023-10-13T13:25:15.935+0000] {processor.py:839} INFO - DAG(s) dict_keys(['tutorial']) retrieved from /home/airflow/.local/lib/python3.8/site-packages/airflow/example_dags/tutorial.py
[2023-10-13T13:25:15.987+0000] {logging_mixin.py:151} INFO - [2023-10-13T13:25:15.986+0000] {dag.py:2941} INFO - Sync 1 DAGs
[2023-10-13T13:25:16.089+0000] {logging_mixin.py:151} INFO - [2023-10-13T13:25:16.088+0000] {dag.py:3722} INFO - Setting next_dagrun for tutorial to 2023-10-12T13:25:16.088028+00:00, run_after=2023-10-13T13:25:16.088028+00:00
[2023-10-13T13:25:16.147+0000] {processor.py:179} INFO - Processing /home/airflow/.local/lib/python3.8/site-packages/airflow/example_dags/tutorial.py took 0.248 seconds
[2023-10-13T13:25:46.256+0000] {processor.py:157} INFO - Started process (PID=718) to work on /home/airflow/.local/lib/python3.8/site-packages/airflow/example_dags/tutorial.py
[2023-10-13T13:25:46.258+0000] {processor.py:829} INFO - Processing file /home/airflow/.local/lib/python3.8/site-packages/airflow/example_dags/tutorial.py for tasks to queue
[2023-10-13T13:25:46.262+0000] {logging_mixin.py:151} INFO - [2023-10-13T13:25:46.262+0000] {dagbag.py:536} INFO - Filling up the DagBag from /home/airflow/.local/lib/python3.8/site-packages/airflow/example_dags/tutorial.py
[2023-10-13T13:25:46.273+0000] {processor.py:839} INFO - DAG(s) dict_keys(['tutorial']) retrieved from /home/airflow/.local/lib/python3.8/site-packages/airflow/example_dags/tutorial.py
[2023-10-13T13:25:46.306+0000] {logging_mixin.py:151} INFO - [2023-10-13T13:25:46.306+0000] {dag.py:2941} INFO - Sync 1 DAGs
[2023-10-13T13:25:46.337+0000] {logging_mixin.py:151} INFO - [2023-10-13T13:25:46.336+0000] {dag.py:3722} INFO - Setting next_dagrun for tutorial to 2023-10-12T13:25:46.336464+00:00, run_after=2023-10-13T13:25:46.336464+00:00
[2023-10-13T13:25:46.385+0000] {processor.py:179} INFO - Processing /home/airflow/.local/lib/python3.8/site-packages/airflow/example_dags/tutorial.py took 0.133 seconds
[2023-10-13T13:26:17.255+0000] {processor.py:157} INFO - Started process (PID=772) to work on /home/airflow/.local/lib/python3.8/site-packages/airflow/example_dags/tutorial.py
[2023-10-13T13:26:17.257+0000] {processor.py:829} INFO - Processing file /home/airflow/.local/lib/python3.8/site-packages/airflow/example_dags/tutorial.py for tasks to queue
[2023-10-13T13:26:17.263+0000] {logging_mixin.py:151} INFO - [2023-10-13T13:26:17.262+0000] {dagbag.py:536} INFO - Filling up the DagBag from /home/airflow/.local/lib/python3.8/site-packages/airflow/example_dags/tutorial.py
[2023-10-13T13:26:17.275+0000] {processor.py:839} INFO - DAG(s) dict_keys(['tutorial']) retrieved from /home/airflow/.local/lib/python3.8/site-packages/airflow/example_dags/tutorial.py
[2023-10-13T13:26:17.311+0000] {logging_mixin.py:151} INFO - [2023-10-13T13:26:17.311+0000] {dag.py:2941} INFO - Sync 1 DAGs
[2023-10-13T13:26:17.350+0000] {logging_mixin.py:151} INFO - [2023-10-13T13:26:17.349+0000] {dag.py:3722} INFO - Setting next_dagrun for tutorial to 2023-10-12T13:26:17.349598+00:00, run_after=2023-10-13T13:26:17.349598+00:00
[2023-10-13T13:26:17.472+0000] {processor.py:179} INFO - Processing /home/airflow/.local/lib/python3.8/site-packages/airflow/example_dags/tutorial.py took 0.223 seconds
[2023-10-13T13:26:48.353+0000] {processor.py:157} INFO - Started process (PID=826) to work on /home/airflow/.local/lib/python3.8/site-packages/airflow/example_dags/tutorial.py
[2023-10-13T13:26:48.355+0000] {processor.py:829} INFO - Processing file /home/airflow/.local/lib/python3.8/site-packages/airflow/example_dags/tutorial.py for tasks to queue
[2023-10-13T13:26:48.359+0000] {logging_mixin.py:151} INFO - [2023-10-13T13:26:48.358+0000] {dagbag.py:536} INFO - Filling up the DagBag from /home/airflow/.local/lib/python3.8/site-packages/airflow/example_dags/tutorial.py
[2023-10-13T13:26:48.366+0000] {processor.py:839} INFO - DAG(s) dict_keys(['tutorial']) retrieved from /home/airflow/.local/lib/python3.8/site-packages/airflow/example_dags/tutorial.py
[2023-10-13T13:26:48.398+0000] {logging_mixin.py:151} INFO - [2023-10-13T13:26:48.397+0000] {dag.py:2941} INFO - Sync 1 DAGs
[2023-10-13T13:26:48.424+0000] {logging_mixin.py:151} INFO - [2023-10-13T13:26:48.424+0000] {dag.py:3722} INFO - Setting next_dagrun for tutorial to 2023-10-12T13:26:48.424058+00:00, run_after=2023-10-13T13:26:48.424058+00:00
[2023-10-13T13:26:48.455+0000] {processor.py:179} INFO - Processing /home/airflow/.local/lib/python3.8/site-packages/airflow/example_dags/tutorial.py took 0.106 seconds
[2023-10-13T13:27:18.867+0000] {processor.py:157} INFO - Started process (PID=880) to work on /home/airflow/.local/lib/python3.8/site-packages/airflow/example_dags/tutorial.py
[2023-10-13T13:27:18.869+0000] {processor.py:829} INFO - Processing file /home/airflow/.local/lib/python3.8/site-packages/airflow/example_dags/tutorial.py for tasks to queue
[2023-10-13T13:27:18.873+0000] {logging_mixin.py:151} INFO - [2023-10-13T13:27:18.872+0000] {dagbag.py:536} INFO - Filling up the DagBag from /home/airflow/.local/lib/python3.8/site-packages/airflow/example_dags/tutorial.py
[2023-10-13T13:27:18.885+0000] {processor.py:839} INFO - DAG(s) dict_keys(['tutorial']) retrieved from /home/airflow/.local/lib/python3.8/site-packages/airflow/example_dags/tutorial.py
[2023-10-13T13:27:18.920+0000] {logging_mixin.py:151} INFO - [2023-10-13T13:27:18.920+0000] {dag.py:2941} INFO - Sync 1 DAGs
[2023-10-13T13:27:18.959+0000] {logging_mixin.py:151} INFO - [2023-10-13T13:27:18.959+0000] {dag.py:3722} INFO - Setting next_dagrun for tutorial to 2023-10-12T13:27:18.958927+00:00, run_after=2023-10-13T13:27:18.958927+00:00
[2023-10-13T13:27:19.210+0000] {processor.py:179} INFO - Processing /home/airflow/.local/lib/python3.8/site-packages/airflow/example_dags/tutorial.py took 0.349 seconds
[2023-10-13T13:27:49.371+0000] {processor.py:157} INFO - Started process (PID=934) to work on /home/airflow/.local/lib/python3.8/site-packages/airflow/example_dags/tutorial.py
[2023-10-13T13:27:49.373+0000] {processor.py:829} INFO - Processing file /home/airflow/.local/lib/python3.8/site-packages/airflow/example_dags/tutorial.py for tasks to queue
[2023-10-13T13:27:49.378+0000] {logging_mixin.py:151} INFO - [2023-10-13T13:27:49.378+0000] {dagbag.py:536} INFO - Filling up the DagBag from /home/airflow/.local/lib/python3.8/site-packages/airflow/example_dags/tutorial.py
[2023-10-13T13:27:49.392+0000] {processor.py:839} INFO - DAG(s) dict_keys(['tutorial']) retrieved from /home/airflow/.local/lib/python3.8/site-packages/airflow/example_dags/tutorial.py
[2023-10-13T13:27:49.437+0000] {logging_mixin.py:151} INFO - [2023-10-13T13:27:49.437+0000] {dag.py:2941} INFO - Sync 1 DAGs
[2023-10-13T13:27:49.488+0000] {logging_mixin.py:151} INFO - [2023-10-13T13:27:49.488+0000] {dag.py:3722} INFO - Setting next_dagrun for tutorial to 2023-10-12T13:27:49.487722+00:00, run_after=2023-10-13T13:27:49.487722+00:00
[2023-10-13T13:27:49.526+0000] {processor.py:179} INFO - Processing /home/airflow/.local/lib/python3.8/site-packages/airflow/example_dags/tutorial.py took 0.161 seconds
[2023-10-13T13:28:24.485+0000] {processor.py:157} INFO - Started process (PID=988) to work on /home/airflow/.local/lib/python3.8/site-packages/airflow/example_dags/tutorial.py
[2023-10-13T13:28:24.489+0000] {processor.py:829} INFO - Processing file /home/airflow/.local/lib/python3.8/site-packages/airflow/example_dags/tutorial.py for tasks to queue
[2023-10-13T13:28:24.496+0000] {logging_mixin.py:151} INFO - [2023-10-13T13:28:24.495+0000] {dagbag.py:536} INFO - Filling up the DagBag from /home/airflow/.local/lib/python3.8/site-packages/airflow/example_dags/tutorial.py
[2023-10-13T13:28:24.508+0000] {processor.py:839} INFO - DAG(s) dict_keys(['tutorial']) retrieved from /home/airflow/.local/lib/python3.8/site-packages/airflow/example_dags/tutorial.py
[2023-10-13T13:28:24.542+0000] {logging_mixin.py:151} INFO - [2023-10-13T13:28:24.542+0000] {dag.py:2941} INFO - Sync 1 DAGs
[2023-10-13T13:28:24.599+0000] {logging_mixin.py:151} INFO - [2023-10-13T13:28:24.599+0000] {dag.py:3722} INFO - Setting next_dagrun for tutorial to 2023-10-12T13:28:24.598841+00:00, run_after=2023-10-13T13:28:24.598841+00:00
[2023-10-13T13:28:24.732+0000] {processor.py:179} INFO - Processing /home/airflow/.local/lib/python3.8/site-packages/airflow/example_dags/tutorial.py took 0.253 seconds
[2023-10-13T13:28:55.467+0000] {processor.py:157} INFO - Started process (PID=1042) to work on /home/airflow/.local/lib/python3.8/site-packages/airflow/example_dags/tutorial.py
[2023-10-13T13:28:55.470+0000] {processor.py:829} INFO - Processing file /home/airflow/.local/lib/python3.8/site-packages/airflow/example_dags/tutorial.py for tasks to queue
[2023-10-13T13:28:55.473+0000] {logging_mixin.py:151} INFO - [2023-10-13T13:28:55.473+0000] {dagbag.py:536} INFO - Filling up the DagBag from /home/airflow/.local/lib/python3.8/site-packages/airflow/example_dags/tutorial.py
[2023-10-13T13:28:55.480+0000] {processor.py:839} INFO - DAG(s) dict_keys(['tutorial']) retrieved from /home/airflow/.local/lib/python3.8/site-packages/airflow/example_dags/tutorial.py
[2023-10-13T13:28:55.506+0000] {logging_mixin.py:151} INFO - [2023-10-13T13:28:55.505+0000] {dag.py:2941} INFO - Sync 1 DAGs
[2023-10-13T13:28:55.717+0000] {logging_mixin.py:151} INFO - [2023-10-13T13:28:55.715+0000] {dag.py:3722} INFO - Setting next_dagrun for tutorial to 2023-10-12T13:28:55.715194+00:00, run_after=2023-10-13T13:28:55.715194+00:00
[2023-10-13T13:28:55.783+0000] {processor.py:179} INFO - Processing /home/airflow/.local/lib/python3.8/site-packages/airflow/example_dags/tutorial.py took 0.319 seconds
[2023-10-13T13:29:26.525+0000] {processor.py:157} INFO - Started process (PID=1096) to work on /home/airflow/.local/lib/python3.8/site-packages/airflow/example_dags/tutorial.py
[2023-10-13T13:29:26.527+0000] {processor.py:829} INFO - Processing file /home/airflow/.local/lib/python3.8/site-packages/airflow/example_dags/tutorial.py for tasks to queue
[2023-10-13T13:29:26.532+0000] {logging_mixin.py:151} INFO - [2023-10-13T13:29:26.531+0000] {dagbag.py:536} INFO - Filling up the DagBag from /home/airflow/.local/lib/python3.8/site-packages/airflow/example_dags/tutorial.py
[2023-10-13T13:29:26.541+0000] {processor.py:839} INFO - DAG(s) dict_keys(['tutorial']) retrieved from /home/airflow/.local/lib/python3.8/site-packages/airflow/example_dags/tutorial.py
[2023-10-13T13:29:26.574+0000] {logging_mixin.py:151} INFO - [2023-10-13T13:29:26.574+0000] {dag.py:2941} INFO - Sync 1 DAGs
[2023-10-13T13:29:26.607+0000] {logging_mixin.py:151} INFO - [2023-10-13T13:29:26.607+0000] {dag.py:3722} INFO - Setting next_dagrun for tutorial to 2023-10-12T13:29:26.606955+00:00, run_after=2023-10-13T13:29:26.606955+00:00
[2023-10-13T13:29:26.638+0000] {processor.py:179} INFO - Processing /home/airflow/.local/lib/python3.8/site-packages/airflow/example_dags/tutorial.py took 0.117 seconds
[2023-10-13T13:29:59.496+0000] {processor.py:157} INFO - Started process (PID=1150) to work on /home/airflow/.local/lib/python3.8/site-packages/airflow/example_dags/tutorial.py
[2023-10-13T13:29:59.499+0000] {processor.py:829} INFO - Processing file /home/airflow/.local/lib/python3.8/site-packages/airflow/example_dags/tutorial.py for tasks to queue
[2023-10-13T13:29:59.503+0000] {logging_mixin.py:151} INFO - [2023-10-13T13:29:59.503+0000] {dagbag.py:536} INFO - Filling up the DagBag from /home/airflow/.local/lib/python3.8/site-packages/airflow/example_dags/tutorial.py
[2023-10-13T13:29:59.513+0000] {processor.py:839} INFO - DAG(s) dict_keys(['tutorial']) retrieved from /home/airflow/.local/lib/python3.8/site-packages/airflow/example_dags/tutorial.py
[2023-10-13T13:29:59.546+0000] {logging_mixin.py:151} INFO - [2023-10-13T13:29:59.546+0000] {dag.py:2941} INFO - Sync 1 DAGs
[2023-10-13T13:29:59.581+0000] {logging_mixin.py:151} INFO - [2023-10-13T13:29:59.581+0000] {dag.py:3722} INFO - Setting next_dagrun for tutorial to 2023-10-12T13:29:59.580546+00:00, run_after=2023-10-13T13:29:59.580546+00:00
[2023-10-13T13:29:59.728+0000] {processor.py:179} INFO - Processing /home/airflow/.local/lib/python3.8/site-packages/airflow/example_dags/tutorial.py took 0.237 seconds
[2023-10-13T13:30:32.975+0000] {processor.py:157} INFO - Started process (PID=1204) to work on /home/airflow/.local/lib/python3.8/site-packages/airflow/example_dags/tutorial.py
[2023-10-13T13:30:32.977+0000] {processor.py:829} INFO - Processing file /home/airflow/.local/lib/python3.8/site-packages/airflow/example_dags/tutorial.py for tasks to queue
[2023-10-13T13:30:32.982+0000] {logging_mixin.py:151} INFO - [2023-10-13T13:30:32.981+0000] {dagbag.py:536} INFO - Filling up the DagBag from /home/airflow/.local/lib/python3.8/site-packages/airflow/example_dags/tutorial.py
[2023-10-13T13:30:32.993+0000] {processor.py:839} INFO - DAG(s) dict_keys(['tutorial']) retrieved from /home/airflow/.local/lib/python3.8/site-packages/airflow/example_dags/tutorial.py
[2023-10-13T13:30:33.243+0000] {logging_mixin.py:151} INFO - [2023-10-13T13:30:33.242+0000] {dag.py:2941} INFO - Sync 1 DAGs
[2023-10-13T13:30:33.324+0000] {logging_mixin.py:151} INFO - [2023-10-13T13:30:33.324+0000] {dag.py:3722} INFO - Setting next_dagrun for tutorial to 2023-10-12T13:30:33.322017+00:00, run_after=2023-10-13T13:30:33.322017+00:00
[2023-10-13T13:30:33.362+0000] {processor.py:179} INFO - Processing /home/airflow/.local/lib/python3.8/site-packages/airflow/example_dags/tutorial.py took 0.393 seconds
[2023-10-13T13:31:03.935+0000] {processor.py:157} INFO - Started process (PID=1258) to work on /home/airflow/.local/lib/python3.8/site-packages/airflow/example_dags/tutorial.py
[2023-10-13T13:31:03.938+0000] {processor.py:829} INFO - Processing file /home/airflow/.local/lib/python3.8/site-packages/airflow/example_dags/tutorial.py for tasks to queue
[2023-10-13T13:31:03.941+0000] {logging_mixin.py:151} INFO - [2023-10-13T13:31:03.941+0000] {dagbag.py:536} INFO - Filling up the DagBag from /home/airflow/.local/lib/python3.8/site-packages/airflow/example_dags/tutorial.py
[2023-10-13T13:31:03.951+0000] {processor.py:839} INFO - DAG(s) dict_keys(['tutorial']) retrieved from /home/airflow/.local/lib/python3.8/site-packages/airflow/example_dags/tutorial.py
[2023-10-13T13:31:03.987+0000] {logging_mixin.py:151} INFO - [2023-10-13T13:31:03.986+0000] {dag.py:2941} INFO - Sync 1 DAGs
[2023-10-13T13:31:04.197+0000] {logging_mixin.py:151} INFO - [2023-10-13T13:31:04.197+0000] {dag.py:3722} INFO - Setting next_dagrun for tutorial to 2023-10-12T13:31:04.196972+00:00, run_after=2023-10-13T13:31:04.196972+00:00
[2023-10-13T13:31:04.221+0000] {processor.py:179} INFO - Processing /home/airflow/.local/lib/python3.8/site-packages/airflow/example_dags/tutorial.py took 0.290 seconds
[2023-10-13T13:31:34.527+0000] {processor.py:157} INFO - Started process (PID=1312) to work on /home/airflow/.local/lib/python3.8/site-packages/airflow/example_dags/tutorial.py
[2023-10-13T13:31:34.529+0000] {processor.py:829} INFO - Processing file /home/airflow/.local/lib/python3.8/site-packages/airflow/example_dags/tutorial.py for tasks to queue
[2023-10-13T13:31:34.534+0000] {logging_mixin.py:151} INFO - [2023-10-13T13:31:34.533+0000] {dagbag.py:536} INFO - Filling up the DagBag from /home/airflow/.local/lib/python3.8/site-packages/airflow/example_dags/tutorial.py
[2023-10-13T13:31:34.544+0000] {processor.py:839} INFO - DAG(s) dict_keys(['tutorial']) retrieved from /home/airflow/.local/lib/python3.8/site-packages/airflow/example_dags/tutorial.py
[2023-10-13T13:31:34.582+0000] {logging_mixin.py:151} INFO - [2023-10-13T13:31:34.581+0000] {dag.py:2941} INFO - Sync 1 DAGs
[2023-10-13T13:31:34.626+0000] {logging_mixin.py:151} INFO - [2023-10-13T13:31:34.626+0000] {dag.py:3722} INFO - Setting next_dagrun for tutorial to 2023-10-12T13:31:34.626036+00:00, run_after=2023-10-13T13:31:34.626036+00:00
[2023-10-13T13:31:34.675+0000] {processor.py:179} INFO - Processing /home/airflow/.local/lib/python3.8/site-packages/airflow/example_dags/tutorial.py took 0.157 seconds
[2023-10-13T13:32:05.866+0000] {processor.py:157} INFO - Started process (PID=1366) to work on /home/airflow/.local/lib/python3.8/site-packages/airflow/example_dags/tutorial.py
[2023-10-13T13:32:05.868+0000] {processor.py:829} INFO - Processing file /home/airflow/.local/lib/python3.8/site-packages/airflow/example_dags/tutorial.py for tasks to queue
[2023-10-13T13:32:05.873+0000] {logging_mixin.py:151} INFO - [2023-10-13T13:32:05.873+0000] {dagbag.py:536} INFO - Filling up the DagBag from /home/airflow/.local/lib/python3.8/site-packages/airflow/example_dags/tutorial.py
[2023-10-13T13:32:06.095+0000] {processor.py:839} INFO - DAG(s) dict_keys(['tutorial']) retrieved from /home/airflow/.local/lib/python3.8/site-packages/airflow/example_dags/tutorial.py
[2023-10-13T13:32:06.129+0000] {logging_mixin.py:151} INFO - [2023-10-13T13:32:06.128+0000] {dag.py:2941} INFO - Sync 1 DAGs
[2023-10-13T13:32:06.162+0000] {logging_mixin.py:151} INFO - [2023-10-13T13:32:06.161+0000] {dag.py:3722} INFO - Setting next_dagrun for tutorial to 2023-10-12T13:32:06.161594+00:00, run_after=2023-10-13T13:32:06.161594+00:00
[2023-10-13T13:32:06.199+0000] {processor.py:179} INFO - Processing /home/airflow/.local/lib/python3.8/site-packages/airflow/example_dags/tutorial.py took 0.338 seconds
[2023-10-13T13:32:39.806+0000] {processor.py:157} INFO - Started process (PID=1421) to work on /home/airflow/.local/lib/python3.8/site-packages/airflow/example_dags/tutorial.py
[2023-10-13T13:32:39.809+0000] {processor.py:829} INFO - Processing file /home/airflow/.local/lib/python3.8/site-packages/airflow/example_dags/tutorial.py for tasks to queue
[2023-10-13T13:32:39.814+0000] {logging_mixin.py:151} INFO - [2023-10-13T13:32:39.813+0000] {dagbag.py:536} INFO - Filling up the DagBag from /home/airflow/.local/lib/python3.8/site-packages/airflow/example_dags/tutorial.py
[2023-10-13T13:32:39.826+0000] {processor.py:839} INFO - DAG(s) dict_keys(['tutorial']) retrieved from /home/airflow/.local/lib/python3.8/site-packages/airflow/example_dags/tutorial.py
[2023-10-13T13:32:39.871+0000] {logging_mixin.py:151} INFO - [2023-10-13T13:32:39.871+0000] {dag.py:2941} INFO - Sync 1 DAGs
[2023-10-13T13:32:39.933+0000] {logging_mixin.py:151} INFO - [2023-10-13T13:32:39.933+0000] {dag.py:3722} INFO - Setting next_dagrun for tutorial to 2023-10-12T13:32:39.932630+00:00, run_after=2023-10-13T13:32:39.932630+00:00
[2023-10-13T13:32:39.983+0000] {processor.py:179} INFO - Processing /home/airflow/.local/lib/python3.8/site-packages/airflow/example_dags/tutorial.py took 0.184 seconds
[2023-10-13T13:33:10.481+0000] {processor.py:157} INFO - Started process (PID=1475) to work on /home/airflow/.local/lib/python3.8/site-packages/airflow/example_dags/tutorial.py
[2023-10-13T13:33:10.484+0000] {processor.py:829} INFO - Processing file /home/airflow/.local/lib/python3.8/site-packages/airflow/example_dags/tutorial.py for tasks to queue
[2023-10-13T13:33:10.489+0000] {logging_mixin.py:151} INFO - [2023-10-13T13:33:10.489+0000] {dagbag.py:536} INFO - Filling up the DagBag from /home/airflow/.local/lib/python3.8/site-packages/airflow/example_dags/tutorial.py
[2023-10-13T13:33:10.500+0000] {processor.py:839} INFO - DAG(s) dict_keys(['tutorial']) retrieved from /home/airflow/.local/lib/python3.8/site-packages/airflow/example_dags/tutorial.py
[2023-10-13T13:33:10.539+0000] {logging_mixin.py:151} INFO - [2023-10-13T13:33:10.539+0000] {dag.py:2941} INFO - Sync 1 DAGs
[2023-10-13T13:33:10.576+0000] {logging_mixin.py:151} INFO - [2023-10-13T13:33:10.575+0000] {dag.py:3722} INFO - Setting next_dagrun for tutorial to 2023-10-12T13:33:10.575015+00:00, run_after=2023-10-13T13:33:10.575015+00:00
[2023-10-13T13:33:10.613+0000] {processor.py:179} INFO - Processing /home/airflow/.local/lib/python3.8/site-packages/airflow/example_dags/tutorial.py took 0.140 seconds
[2023-10-13T13:33:40.837+0000] {processor.py:157} INFO - Started process (PID=1529) to work on /home/airflow/.local/lib/python3.8/site-packages/airflow/example_dags/tutorial.py
[2023-10-13T13:33:40.838+0000] {processor.py:829} INFO - Processing file /home/airflow/.local/lib/python3.8/site-packages/airflow/example_dags/tutorial.py for tasks to queue
[2023-10-13T13:33:40.842+0000] {logging_mixin.py:151} INFO - [2023-10-13T13:33:40.841+0000] {dagbag.py:536} INFO - Filling up the DagBag from /home/airflow/.local/lib/python3.8/site-packages/airflow/example_dags/tutorial.py
[2023-10-13T13:33:40.854+0000] {processor.py:839} INFO - DAG(s) dict_keys(['tutorial']) retrieved from /home/airflow/.local/lib/python3.8/site-packages/airflow/example_dags/tutorial.py
[2023-10-13T13:33:40.891+0000] {logging_mixin.py:151} INFO - [2023-10-13T13:33:40.891+0000] {dag.py:2941} INFO - Sync 1 DAGs
[2023-10-13T13:33:40.949+0000] {logging_mixin.py:151} INFO - [2023-10-13T13:33:40.949+0000] {dag.py:3722} INFO - Setting next_dagrun for tutorial to 2023-10-12T13:33:40.948515+00:00, run_after=2023-10-13T13:33:40.948515+00:00
[2023-10-13T13:33:40.992+0000] {processor.py:179} INFO - Processing /home/airflow/.local/lib/python3.8/site-packages/airflow/example_dags/tutorial.py took 0.162 seconds
[2023-10-13T13:34:11.368+0000] {processor.py:157} INFO - Started process (PID=1584) to work on /home/airflow/.local/lib/python3.8/site-packages/airflow/example_dags/tutorial.py
[2023-10-13T13:34:11.370+0000] {processor.py:829} INFO - Processing file /home/airflow/.local/lib/python3.8/site-packages/airflow/example_dags/tutorial.py for tasks to queue
[2023-10-13T13:34:11.378+0000] {logging_mixin.py:151} INFO - [2023-10-13T13:34:11.378+0000] {dagbag.py:536} INFO - Filling up the DagBag from /home/airflow/.local/lib/python3.8/site-packages/airflow/example_dags/tutorial.py
[2023-10-13T13:34:11.391+0000] {processor.py:839} INFO - DAG(s) dict_keys(['tutorial']) retrieved from /home/airflow/.local/lib/python3.8/site-packages/airflow/example_dags/tutorial.py
[2023-10-13T13:34:11.452+0000] {logging_mixin.py:151} INFO - [2023-10-13T13:34:11.452+0000] {dag.py:2941} INFO - Sync 1 DAGs
[2023-10-13T13:34:11.504+0000] {logging_mixin.py:151} INFO - [2023-10-13T13:34:11.504+0000] {dag.py:3722} INFO - Setting next_dagrun for tutorial to 2023-10-12T13:34:11.503839+00:00, run_after=2023-10-13T13:34:11.503839+00:00
[2023-10-13T13:34:11.539+0000] {processor.py:179} INFO - Processing /home/airflow/.local/lib/python3.8/site-packages/airflow/example_dags/tutorial.py took 0.179 seconds
[2023-10-13T13:34:42.281+0000] {processor.py:157} INFO - Started process (PID=1639) to work on /home/airflow/.local/lib/python3.8/site-packages/airflow/example_dags/tutorial.py
[2023-10-13T13:34:42.283+0000] {processor.py:829} INFO - Processing file /home/airflow/.local/lib/python3.8/site-packages/airflow/example_dags/tutorial.py for tasks to queue
[2023-10-13T13:34:42.288+0000] {logging_mixin.py:151} INFO - [2023-10-13T13:34:42.287+0000] {dagbag.py:536} INFO - Filling up the DagBag from /home/airflow/.local/lib/python3.8/site-packages/airflow/example_dags/tutorial.py
[2023-10-13T13:34:42.300+0000] {processor.py:839} INFO - DAG(s) dict_keys(['tutorial']) retrieved from /home/airflow/.local/lib/python3.8/site-packages/airflow/example_dags/tutorial.py
[2023-10-13T13:34:42.333+0000] {logging_mixin.py:151} INFO - [2023-10-13T13:34:42.332+0000] {dag.py:2941} INFO - Sync 1 DAGs
[2023-10-13T13:34:42.361+0000] {logging_mixin.py:151} INFO - [2023-10-13T13:34:42.361+0000] {dag.py:3722} INFO - Setting next_dagrun for tutorial to 2023-10-12T13:34:42.361017+00:00, run_after=2023-10-13T13:34:42.361017+00:00
[2023-10-13T13:34:42.389+0000] {processor.py:179} INFO - Processing /home/airflow/.local/lib/python3.8/site-packages/airflow/example_dags/tutorial.py took 0.115 seconds
[2023-10-13T13:35:12.935+0000] {processor.py:157} INFO - Started process (PID=1693) to work on /home/airflow/.local/lib/python3.8/site-packages/airflow/example_dags/tutorial.py
[2023-10-13T13:35:12.937+0000] {processor.py:829} INFO - Processing file /home/airflow/.local/lib/python3.8/site-packages/airflow/example_dags/tutorial.py for tasks to queue
[2023-10-13T13:35:12.941+0000] {logging_mixin.py:151} INFO - [2023-10-13T13:35:12.940+0000] {dagbag.py:536} INFO - Filling up the DagBag from /home/airflow/.local/lib/python3.8/site-packages/airflow/example_dags/tutorial.py
[2023-10-13T13:35:12.949+0000] {processor.py:839} INFO - DAG(s) dict_keys(['tutorial']) retrieved from /home/airflow/.local/lib/python3.8/site-packages/airflow/example_dags/tutorial.py
[2023-10-13T13:35:12.980+0000] {logging_mixin.py:151} INFO - [2023-10-13T13:35:12.979+0000] {dag.py:2941} INFO - Sync 1 DAGs
[2023-10-13T13:35:13.008+0000] {logging_mixin.py:151} INFO - [2023-10-13T13:35:13.008+0000] {dag.py:3722} INFO - Setting next_dagrun for tutorial to 2023-10-12T13:35:13.008318+00:00, run_after=2023-10-13T13:35:13.008318+00:00
[2023-10-13T13:35:13.037+0000] {processor.py:179} INFO - Processing /home/airflow/.local/lib/python3.8/site-packages/airflow/example_dags/tutorial.py took 0.107 seconds
[2023-10-13T13:35:44.204+0000] {processor.py:157} INFO - Started process (PID=1754) to work on /home/airflow/.local/lib/python3.8/site-packages/airflow/example_dags/tutorial.py
[2023-10-13T13:35:44.282+0000] {processor.py:829} INFO - Processing file /home/airflow/.local/lib/python3.8/site-packages/airflow/example_dags/tutorial.py for tasks to queue
[2023-10-13T13:35:44.286+0000] {logging_mixin.py:151} INFO - [2023-10-13T13:35:44.285+0000] {dagbag.py:536} INFO - Filling up the DagBag from /home/airflow/.local/lib/python3.8/site-packages/airflow/example_dags/tutorial.py
[2023-10-13T13:35:44.295+0000] {processor.py:839} INFO - DAG(s) dict_keys(['tutorial']) retrieved from /home/airflow/.local/lib/python3.8/site-packages/airflow/example_dags/tutorial.py
[2023-10-13T13:35:44.327+0000] {logging_mixin.py:151} INFO - [2023-10-13T13:35:44.327+0000] {dag.py:2941} INFO - Sync 1 DAGs
[2023-10-13T13:35:44.362+0000] {logging_mixin.py:151} INFO - [2023-10-13T13:35:44.362+0000] {dag.py:3722} INFO - Setting next_dagrun for tutorial to 2023-10-12T13:35:44.361764+00:00, run_after=2023-10-13T13:35:44.361764+00:00
[2023-10-13T13:35:44.394+0000] {processor.py:179} INFO - Processing /home/airflow/.local/lib/python3.8/site-packages/airflow/example_dags/tutorial.py took 0.194 seconds
[2023-10-13T13:36:15.281+0000] {processor.py:157} INFO - Started process (PID=1807) to work on /home/airflow/.local/lib/python3.8/site-packages/airflow/example_dags/tutorial.py
[2023-10-13T13:36:15.283+0000] {processor.py:829} INFO - Processing file /home/airflow/.local/lib/python3.8/site-packages/airflow/example_dags/tutorial.py for tasks to queue
[2023-10-13T13:36:15.286+0000] {logging_mixin.py:151} INFO - [2023-10-13T13:36:15.286+0000] {dagbag.py:536} INFO - Filling up the DagBag from /home/airflow/.local/lib/python3.8/site-packages/airflow/example_dags/tutorial.py
[2023-10-13T13:36:15.293+0000] {processor.py:839} INFO - DAG(s) dict_keys(['tutorial']) retrieved from /home/airflow/.local/lib/python3.8/site-packages/airflow/example_dags/tutorial.py
[2023-10-13T13:36:15.322+0000] {logging_mixin.py:151} INFO - [2023-10-13T13:36:15.322+0000] {dag.py:2941} INFO - Sync 1 DAGs
[2023-10-13T13:36:15.350+0000] {logging_mixin.py:151} INFO - [2023-10-13T13:36:15.349+0000] {dag.py:3722} INFO - Setting next_dagrun for tutorial to 2023-10-12T13:36:15.349578+00:00, run_after=2023-10-13T13:36:15.349578+00:00
[2023-10-13T13:36:15.445+0000] {processor.py:179} INFO - Processing /home/airflow/.local/lib/python3.8/site-packages/airflow/example_dags/tutorial.py took 0.168 seconds
