[2023-10-13T13:19:31.471+0000] {processor.py:157} INFO - Started process (PID=49) to work on /home/airflow/.local/lib/python3.8/site-packages/airflow/example_dags/tutorial_dag.py
[2023-10-13T13:19:31.483+0000] {processor.py:829} INFO - Processing file /home/airflow/.local/lib/python3.8/site-packages/airflow/example_dags/tutorial_dag.py for tasks to queue
[2023-10-13T13:19:31.496+0000] {logging_mixin.py:151} INFO - [2023-10-13T13:19:31.495+0000] {dagbag.py:536} INFO - Filling up the DagBag from /home/airflow/.local/lib/python3.8/site-packages/airflow/example_dags/tutorial_dag.py
[2023-10-13T13:19:31.511+0000] {processor.py:839} INFO - DAG(s) dict_keys(['tutorial_dag']) retrieved from /home/airflow/.local/lib/python3.8/site-packages/airflow/example_dags/tutorial_dag.py
[2023-10-13T13:19:31.577+0000] {logging_mixin.py:151} INFO - [2023-10-13T13:19:31.576+0000] {dag.py:2941} INFO - Sync 1 DAGs
[2023-10-13T13:19:31.679+0000] {logging_mixin.py:151} INFO - [2023-10-13T13:19:31.678+0000] {dag.py:3722} INFO - Setting next_dagrun for tutorial_dag to None, run_after=None
[2023-10-13T13:19:31.767+0000] {processor.py:179} INFO - Processing /home/airflow/.local/lib/python3.8/site-packages/airflow/example_dags/tutorial_dag.py took 0.309 seconds
[2023-10-13T13:20:02.241+0000] {processor.py:157} INFO - Started process (PID=103) to work on /home/airflow/.local/lib/python3.8/site-packages/airflow/example_dags/tutorial_dag.py
[2023-10-13T13:20:02.243+0000] {processor.py:829} INFO - Processing file /home/airflow/.local/lib/python3.8/site-packages/airflow/example_dags/tutorial_dag.py for tasks to queue
[2023-10-13T13:20:02.249+0000] {logging_mixin.py:151} INFO - [2023-10-13T13:20:02.249+0000] {dagbag.py:536} INFO - Filling up the DagBag from /home/airflow/.local/lib/python3.8/site-packages/airflow/example_dags/tutorial_dag.py
[2023-10-13T13:20:02.261+0000] {processor.py:839} INFO - DAG(s) dict_keys(['tutorial_dag']) retrieved from /home/airflow/.local/lib/python3.8/site-packages/airflow/example_dags/tutorial_dag.py
[2023-10-13T13:20:02.293+0000] {logging_mixin.py:151} INFO - [2023-10-13T13:20:02.293+0000] {dag.py:2941} INFO - Sync 1 DAGs
[2023-10-13T13:20:02.313+0000] {logging_mixin.py:151} INFO - [2023-10-13T13:20:02.312+0000] {dag.py:3722} INFO - Setting next_dagrun for tutorial_dag to None, run_after=None
[2023-10-13T13:20:02.349+0000] {processor.py:179} INFO - Processing /home/airflow/.local/lib/python3.8/site-packages/airflow/example_dags/tutorial_dag.py took 0.116 seconds
[2023-10-13T13:20:33.793+0000] {processor.py:157} INFO - Started process (PID=157) to work on /home/airflow/.local/lib/python3.8/site-packages/airflow/example_dags/tutorial_dag.py
[2023-10-13T13:20:33.794+0000] {processor.py:829} INFO - Processing file /home/airflow/.local/lib/python3.8/site-packages/airflow/example_dags/tutorial_dag.py for tasks to queue
[2023-10-13T13:20:33.798+0000] {logging_mixin.py:151} INFO - [2023-10-13T13:20:33.798+0000] {dagbag.py:536} INFO - Filling up the DagBag from /home/airflow/.local/lib/python3.8/site-packages/airflow/example_dags/tutorial_dag.py
[2023-10-13T13:20:33.805+0000] {processor.py:839} INFO - DAG(s) dict_keys(['tutorial_dag']) retrieved from /home/airflow/.local/lib/python3.8/site-packages/airflow/example_dags/tutorial_dag.py
[2023-10-13T13:20:33.834+0000] {logging_mixin.py:151} INFO - [2023-10-13T13:20:33.834+0000] {dag.py:2941} INFO - Sync 1 DAGs
[2023-10-13T13:20:33.852+0000] {logging_mixin.py:151} INFO - [2023-10-13T13:20:33.852+0000] {dag.py:3722} INFO - Setting next_dagrun for tutorial_dag to None, run_after=None
[2023-10-13T13:20:33.882+0000] {processor.py:179} INFO - Processing /home/airflow/.local/lib/python3.8/site-packages/airflow/example_dags/tutorial_dag.py took 0.094 seconds
[2023-10-13T13:21:06.583+0000] {processor.py:157} INFO - Started process (PID=211) to work on /home/airflow/.local/lib/python3.8/site-packages/airflow/example_dags/tutorial_dag.py
[2023-10-13T13:21:06.585+0000] {processor.py:829} INFO - Processing file /home/airflow/.local/lib/python3.8/site-packages/airflow/example_dags/tutorial_dag.py for tasks to queue
[2023-10-13T13:21:06.589+0000] {logging_mixin.py:151} INFO - [2023-10-13T13:21:06.588+0000] {dagbag.py:536} INFO - Filling up the DagBag from /home/airflow/.local/lib/python3.8/site-packages/airflow/example_dags/tutorial_dag.py
[2023-10-13T13:21:06.597+0000] {processor.py:839} INFO - DAG(s) dict_keys(['tutorial_dag']) retrieved from /home/airflow/.local/lib/python3.8/site-packages/airflow/example_dags/tutorial_dag.py
[2023-10-13T13:21:06.630+0000] {logging_mixin.py:151} INFO - [2023-10-13T13:21:06.630+0000] {dag.py:2941} INFO - Sync 1 DAGs
[2023-10-13T13:21:06.652+0000] {logging_mixin.py:151} INFO - [2023-10-13T13:21:06.651+0000] {dag.py:3722} INFO - Setting next_dagrun for tutorial_dag to None, run_after=None
[2023-10-13T13:21:06.686+0000] {processor.py:179} INFO - Processing /home/airflow/.local/lib/python3.8/site-packages/airflow/example_dags/tutorial_dag.py took 0.108 seconds
[2023-10-13T13:21:36.808+0000] {processor.py:157} INFO - Started process (PID=263) to work on /home/airflow/.local/lib/python3.8/site-packages/airflow/example_dags/tutorial_dag.py
[2023-10-13T13:21:36.810+0000] {processor.py:829} INFO - Processing file /home/airflow/.local/lib/python3.8/site-packages/airflow/example_dags/tutorial_dag.py for tasks to queue
[2023-10-13T13:21:36.813+0000] {logging_mixin.py:151} INFO - [2023-10-13T13:21:36.813+0000] {dagbag.py:536} INFO - Filling up the DagBag from /home/airflow/.local/lib/python3.8/site-packages/airflow/example_dags/tutorial_dag.py
[2023-10-13T13:21:36.821+0000] {processor.py:839} INFO - DAG(s) dict_keys(['tutorial_dag']) retrieved from /home/airflow/.local/lib/python3.8/site-packages/airflow/example_dags/tutorial_dag.py
[2023-10-13T13:21:36.852+0000] {logging_mixin.py:151} INFO - [2023-10-13T13:21:36.852+0000] {dag.py:2941} INFO - Sync 1 DAGs
[2023-10-13T13:21:36.873+0000] {logging_mixin.py:151} INFO - [2023-10-13T13:21:36.873+0000] {dag.py:3722} INFO - Setting next_dagrun for tutorial_dag to None, run_after=None
[2023-10-13T13:21:36.908+0000] {processor.py:179} INFO - Processing /home/airflow/.local/lib/python3.8/site-packages/airflow/example_dags/tutorial_dag.py took 0.105 seconds
[2023-10-13T13:22:07.252+0000] {processor.py:157} INFO - Started process (PID=317) to work on /home/airflow/.local/lib/python3.8/site-packages/airflow/example_dags/tutorial_dag.py
[2023-10-13T13:22:07.254+0000] {processor.py:829} INFO - Processing file /home/airflow/.local/lib/python3.8/site-packages/airflow/example_dags/tutorial_dag.py for tasks to queue
[2023-10-13T13:22:07.258+0000] {logging_mixin.py:151} INFO - [2023-10-13T13:22:07.257+0000] {dagbag.py:536} INFO - Filling up the DagBag from /home/airflow/.local/lib/python3.8/site-packages/airflow/example_dags/tutorial_dag.py
[2023-10-13T13:22:07.265+0000] {processor.py:839} INFO - DAG(s) dict_keys(['tutorial_dag']) retrieved from /home/airflow/.local/lib/python3.8/site-packages/airflow/example_dags/tutorial_dag.py
[2023-10-13T13:22:07.297+0000] {logging_mixin.py:151} INFO - [2023-10-13T13:22:07.297+0000] {dag.py:2941} INFO - Sync 1 DAGs
[2023-10-13T13:22:07.318+0000] {logging_mixin.py:151} INFO - [2023-10-13T13:22:07.318+0000] {dag.py:3722} INFO - Setting next_dagrun for tutorial_dag to None, run_after=None
[2023-10-13T13:22:07.345+0000] {processor.py:179} INFO - Processing /home/airflow/.local/lib/python3.8/site-packages/airflow/example_dags/tutorial_dag.py took 0.098 seconds
[2023-10-13T13:22:38.090+0000] {processor.py:157} INFO - Started process (PID=371) to work on /home/airflow/.local/lib/python3.8/site-packages/airflow/example_dags/tutorial_dag.py
[2023-10-13T13:22:38.092+0000] {processor.py:829} INFO - Processing file /home/airflow/.local/lib/python3.8/site-packages/airflow/example_dags/tutorial_dag.py for tasks to queue
[2023-10-13T13:22:38.096+0000] {logging_mixin.py:151} INFO - [2023-10-13T13:22:38.095+0000] {dagbag.py:536} INFO - Filling up the DagBag from /home/airflow/.local/lib/python3.8/site-packages/airflow/example_dags/tutorial_dag.py
[2023-10-13T13:22:38.104+0000] {processor.py:839} INFO - DAG(s) dict_keys(['tutorial_dag']) retrieved from /home/airflow/.local/lib/python3.8/site-packages/airflow/example_dags/tutorial_dag.py
[2023-10-13T13:22:38.135+0000] {logging_mixin.py:151} INFO - [2023-10-13T13:22:38.135+0000] {dag.py:2941} INFO - Sync 1 DAGs
[2023-10-13T13:22:38.157+0000] {logging_mixin.py:151} INFO - [2023-10-13T13:22:38.157+0000] {dag.py:3722} INFO - Setting next_dagrun for tutorial_dag to None, run_after=None
[2023-10-13T13:22:38.186+0000] {processor.py:179} INFO - Processing /home/airflow/.local/lib/python3.8/site-packages/airflow/example_dags/tutorial_dag.py took 0.101 seconds
[2023-10-13T13:23:09.152+0000] {processor.py:157} INFO - Started process (PID=432) to work on /home/airflow/.local/lib/python3.8/site-packages/airflow/example_dags/tutorial_dag.py
[2023-10-13T13:23:09.154+0000] {processor.py:829} INFO - Processing file /home/airflow/.local/lib/python3.8/site-packages/airflow/example_dags/tutorial_dag.py for tasks to queue
[2023-10-13T13:23:09.158+0000] {logging_mixin.py:151} INFO - [2023-10-13T13:23:09.157+0000] {dagbag.py:536} INFO - Filling up the DagBag from /home/airflow/.local/lib/python3.8/site-packages/airflow/example_dags/tutorial_dag.py
[2023-10-13T13:23:09.165+0000] {processor.py:839} INFO - DAG(s) dict_keys(['tutorial_dag']) retrieved from /home/airflow/.local/lib/python3.8/site-packages/airflow/example_dags/tutorial_dag.py
[2023-10-13T13:23:09.198+0000] {logging_mixin.py:151} INFO - [2023-10-13T13:23:09.197+0000] {dag.py:2941} INFO - Sync 1 DAGs
[2023-10-13T13:23:09.213+0000] {logging_mixin.py:151} INFO - [2023-10-13T13:23:09.213+0000] {dag.py:3722} INFO - Setting next_dagrun for tutorial_dag to None, run_after=None
[2023-10-13T13:23:09.250+0000] {processor.py:179} INFO - Processing /home/airflow/.local/lib/python3.8/site-packages/airflow/example_dags/tutorial_dag.py took 0.102 seconds
[2023-10-13T13:23:39.590+0000] {processor.py:157} INFO - Started process (PID=486) to work on /home/airflow/.local/lib/python3.8/site-packages/airflow/example_dags/tutorial_dag.py
[2023-10-13T13:23:39.592+0000] {processor.py:829} INFO - Processing file /home/airflow/.local/lib/python3.8/site-packages/airflow/example_dags/tutorial_dag.py for tasks to queue
[2023-10-13T13:23:39.596+0000] {logging_mixin.py:151} INFO - [2023-10-13T13:23:39.595+0000] {dagbag.py:536} INFO - Filling up the DagBag from /home/airflow/.local/lib/python3.8/site-packages/airflow/example_dags/tutorial_dag.py
[2023-10-13T13:23:39.603+0000] {processor.py:839} INFO - DAG(s) dict_keys(['tutorial_dag']) retrieved from /home/airflow/.local/lib/python3.8/site-packages/airflow/example_dags/tutorial_dag.py
[2023-10-13T13:23:39.633+0000] {logging_mixin.py:151} INFO - [2023-10-13T13:23:39.633+0000] {dag.py:2941} INFO - Sync 1 DAGs
[2023-10-13T13:23:39.651+0000] {logging_mixin.py:151} INFO - [2023-10-13T13:23:39.651+0000] {dag.py:3722} INFO - Setting next_dagrun for tutorial_dag to None, run_after=None
[2023-10-13T13:23:39.682+0000] {processor.py:179} INFO - Processing /home/airflow/.local/lib/python3.8/site-packages/airflow/example_dags/tutorial_dag.py took 0.096 seconds
[2023-10-13T13:24:10.060+0000] {processor.py:157} INFO - Started process (PID=540) to work on /home/airflow/.local/lib/python3.8/site-packages/airflow/example_dags/tutorial_dag.py
[2023-10-13T13:24:10.062+0000] {processor.py:829} INFO - Processing file /home/airflow/.local/lib/python3.8/site-packages/airflow/example_dags/tutorial_dag.py for tasks to queue
[2023-10-13T13:24:10.065+0000] {logging_mixin.py:151} INFO - [2023-10-13T13:24:10.064+0000] {dagbag.py:536} INFO - Filling up the DagBag from /home/airflow/.local/lib/python3.8/site-packages/airflow/example_dags/tutorial_dag.py
[2023-10-13T13:24:10.071+0000] {processor.py:839} INFO - DAG(s) dict_keys(['tutorial_dag']) retrieved from /home/airflow/.local/lib/python3.8/site-packages/airflow/example_dags/tutorial_dag.py
[2023-10-13T13:24:10.105+0000] {logging_mixin.py:151} INFO - [2023-10-13T13:24:10.104+0000] {dag.py:2941} INFO - Sync 1 DAGs
[2023-10-13T13:24:10.121+0000] {logging_mixin.py:151} INFO - [2023-10-13T13:24:10.121+0000] {dag.py:3722} INFO - Setting next_dagrun for tutorial_dag to None, run_after=None
[2023-10-13T13:24:10.153+0000] {processor.py:179} INFO - Processing /home/airflow/.local/lib/python3.8/site-packages/airflow/example_dags/tutorial_dag.py took 0.098 seconds
[2023-10-13T13:24:40.377+0000] {processor.py:157} INFO - Started process (PID=594) to work on /home/airflow/.local/lib/python3.8/site-packages/airflow/example_dags/tutorial_dag.py
[2023-10-13T13:24:40.379+0000] {processor.py:829} INFO - Processing file /home/airflow/.local/lib/python3.8/site-packages/airflow/example_dags/tutorial_dag.py for tasks to queue
[2023-10-13T13:24:40.382+0000] {logging_mixin.py:151} INFO - [2023-10-13T13:24:40.382+0000] {dagbag.py:536} INFO - Filling up the DagBag from /home/airflow/.local/lib/python3.8/site-packages/airflow/example_dags/tutorial_dag.py
[2023-10-13T13:24:40.392+0000] {processor.py:839} INFO - DAG(s) dict_keys(['tutorial_dag']) retrieved from /home/airflow/.local/lib/python3.8/site-packages/airflow/example_dags/tutorial_dag.py
[2023-10-13T13:24:40.425+0000] {logging_mixin.py:151} INFO - [2023-10-13T13:24:40.425+0000] {dag.py:2941} INFO - Sync 1 DAGs
[2023-10-13T13:24:40.443+0000] {logging_mixin.py:151} INFO - [2023-10-13T13:24:40.443+0000] {dag.py:3722} INFO - Setting next_dagrun for tutorial_dag to None, run_after=None
[2023-10-13T13:24:40.474+0000] {processor.py:179} INFO - Processing /home/airflow/.local/lib/python3.8/site-packages/airflow/example_dags/tutorial_dag.py took 0.103 seconds
[2023-10-13T13:25:11.891+0000] {processor.py:157} INFO - Started process (PID=648) to work on /home/airflow/.local/lib/python3.8/site-packages/airflow/example_dags/tutorial_dag.py
[2023-10-13T13:25:11.918+0000] {processor.py:829} INFO - Processing file /home/airflow/.local/lib/python3.8/site-packages/airflow/example_dags/tutorial_dag.py for tasks to queue
[2023-10-13T13:25:11.960+0000] {logging_mixin.py:151} INFO - [2023-10-13T13:25:11.959+0000] {dagbag.py:536} INFO - Filling up the DagBag from /home/airflow/.local/lib/python3.8/site-packages/airflow/example_dags/tutorial_dag.py
[2023-10-13T13:25:11.994+0000] {processor.py:839} INFO - DAG(s) dict_keys(['tutorial_dag']) retrieved from /home/airflow/.local/lib/python3.8/site-packages/airflow/example_dags/tutorial_dag.py
[2023-10-13T13:25:12.095+0000] {logging_mixin.py:151} INFO - [2023-10-13T13:25:12.095+0000] {dag.py:2941} INFO - Sync 1 DAGs
[2023-10-13T13:25:12.157+0000] {logging_mixin.py:151} INFO - [2023-10-13T13:25:12.156+0000] {dag.py:3722} INFO - Setting next_dagrun for tutorial_dag to None, run_after=None
[2023-10-13T13:25:12.261+0000] {processor.py:179} INFO - Processing /home/airflow/.local/lib/python3.8/site-packages/airflow/example_dags/tutorial_dag.py took 0.378 seconds
[2023-10-13T13:25:42.578+0000] {processor.py:157} INFO - Started process (PID=702) to work on /home/airflow/.local/lib/python3.8/site-packages/airflow/example_dags/tutorial_dag.py
[2023-10-13T13:25:42.580+0000] {processor.py:829} INFO - Processing file /home/airflow/.local/lib/python3.8/site-packages/airflow/example_dags/tutorial_dag.py for tasks to queue
[2023-10-13T13:25:42.584+0000] {logging_mixin.py:151} INFO - [2023-10-13T13:25:42.583+0000] {dagbag.py:536} INFO - Filling up the DagBag from /home/airflow/.local/lib/python3.8/site-packages/airflow/example_dags/tutorial_dag.py
[2023-10-13T13:25:42.592+0000] {processor.py:839} INFO - DAG(s) dict_keys(['tutorial_dag']) retrieved from /home/airflow/.local/lib/python3.8/site-packages/airflow/example_dags/tutorial_dag.py
[2023-10-13T13:25:42.623+0000] {logging_mixin.py:151} INFO - [2023-10-13T13:25:42.623+0000] {dag.py:2941} INFO - Sync 1 DAGs
[2023-10-13T13:25:42.645+0000] {logging_mixin.py:151} INFO - [2023-10-13T13:25:42.645+0000] {dag.py:3722} INFO - Setting next_dagrun for tutorial_dag to None, run_after=None
[2023-10-13T13:25:42.678+0000] {processor.py:179} INFO - Processing /home/airflow/.local/lib/python3.8/site-packages/airflow/example_dags/tutorial_dag.py took 0.104 seconds
[2023-10-13T13:26:13.734+0000] {processor.py:157} INFO - Started process (PID=756) to work on /home/airflow/.local/lib/python3.8/site-packages/airflow/example_dags/tutorial_dag.py
[2023-10-13T13:26:13.737+0000] {processor.py:829} INFO - Processing file /home/airflow/.local/lib/python3.8/site-packages/airflow/example_dags/tutorial_dag.py for tasks to queue
[2023-10-13T13:26:13.742+0000] {logging_mixin.py:151} INFO - [2023-10-13T13:26:13.741+0000] {dagbag.py:536} INFO - Filling up the DagBag from /home/airflow/.local/lib/python3.8/site-packages/airflow/example_dags/tutorial_dag.py
[2023-10-13T13:26:13.753+0000] {processor.py:839} INFO - DAG(s) dict_keys(['tutorial_dag']) retrieved from /home/airflow/.local/lib/python3.8/site-packages/airflow/example_dags/tutorial_dag.py
[2023-10-13T13:26:13.790+0000] {logging_mixin.py:151} INFO - [2023-10-13T13:26:13.790+0000] {dag.py:2941} INFO - Sync 1 DAGs
[2023-10-13T13:26:13.825+0000] {logging_mixin.py:151} INFO - [2023-10-13T13:26:13.825+0000] {dag.py:3722} INFO - Setting next_dagrun for tutorial_dag to None, run_after=None
[2023-10-13T13:26:13.880+0000] {processor.py:179} INFO - Processing /home/airflow/.local/lib/python3.8/site-packages/airflow/example_dags/tutorial_dag.py took 0.152 seconds
[2023-10-13T13:26:43.952+0000] {processor.py:157} INFO - Started process (PID=809) to work on /home/airflow/.local/lib/python3.8/site-packages/airflow/example_dags/tutorial_dag.py
[2023-10-13T13:26:43.954+0000] {processor.py:829} INFO - Processing file /home/airflow/.local/lib/python3.8/site-packages/airflow/example_dags/tutorial_dag.py for tasks to queue
[2023-10-13T13:26:43.958+0000] {logging_mixin.py:151} INFO - [2023-10-13T13:26:43.957+0000] {dagbag.py:536} INFO - Filling up the DagBag from /home/airflow/.local/lib/python3.8/site-packages/airflow/example_dags/tutorial_dag.py
[2023-10-13T13:26:43.965+0000] {processor.py:839} INFO - DAG(s) dict_keys(['tutorial_dag']) retrieved from /home/airflow/.local/lib/python3.8/site-packages/airflow/example_dags/tutorial_dag.py
[2023-10-13T13:26:43.995+0000] {logging_mixin.py:151} INFO - [2023-10-13T13:26:43.995+0000] {dag.py:2941} INFO - Sync 1 DAGs
[2023-10-13T13:26:44.025+0000] {logging_mixin.py:151} INFO - [2023-10-13T13:26:44.025+0000] {dag.py:3722} INFO - Setting next_dagrun for tutorial_dag to None, run_after=None
[2023-10-13T13:26:44.056+0000] {processor.py:179} INFO - Processing /home/airflow/.local/lib/python3.8/site-packages/airflow/example_dags/tutorial_dag.py took 0.108 seconds
[2023-10-13T13:27:14.808+0000] {processor.py:157} INFO - Started process (PID=864) to work on /home/airflow/.local/lib/python3.8/site-packages/airflow/example_dags/tutorial_dag.py
[2023-10-13T13:27:14.810+0000] {processor.py:829} INFO - Processing file /home/airflow/.local/lib/python3.8/site-packages/airflow/example_dags/tutorial_dag.py for tasks to queue
[2023-10-13T13:27:14.814+0000] {logging_mixin.py:151} INFO - [2023-10-13T13:27:14.814+0000] {dagbag.py:536} INFO - Filling up the DagBag from /home/airflow/.local/lib/python3.8/site-packages/airflow/example_dags/tutorial_dag.py
[2023-10-13T13:27:14.824+0000] {processor.py:839} INFO - DAG(s) dict_keys(['tutorial_dag']) retrieved from /home/airflow/.local/lib/python3.8/site-packages/airflow/example_dags/tutorial_dag.py
[2023-10-13T13:27:14.866+0000] {logging_mixin.py:151} INFO - [2023-10-13T13:27:14.865+0000] {dag.py:2941} INFO - Sync 1 DAGs
[2023-10-13T13:27:14.895+0000] {logging_mixin.py:151} INFO - [2023-10-13T13:27:14.895+0000] {dag.py:3722} INFO - Setting next_dagrun for tutorial_dag to None, run_after=None
[2023-10-13T13:27:14.935+0000] {processor.py:179} INFO - Processing /home/airflow/.local/lib/python3.8/site-packages/airflow/example_dags/tutorial_dag.py took 0.132 seconds
[2023-10-13T13:27:45.536+0000] {processor.py:157} INFO - Started process (PID=918) to work on /home/airflow/.local/lib/python3.8/site-packages/airflow/example_dags/tutorial_dag.py
[2023-10-13T13:27:45.538+0000] {processor.py:829} INFO - Processing file /home/airflow/.local/lib/python3.8/site-packages/airflow/example_dags/tutorial_dag.py for tasks to queue
[2023-10-13T13:27:45.541+0000] {logging_mixin.py:151} INFO - [2023-10-13T13:27:45.541+0000] {dagbag.py:536} INFO - Filling up the DagBag from /home/airflow/.local/lib/python3.8/site-packages/airflow/example_dags/tutorial_dag.py
[2023-10-13T13:27:45.552+0000] {processor.py:839} INFO - DAG(s) dict_keys(['tutorial_dag']) retrieved from /home/airflow/.local/lib/python3.8/site-packages/airflow/example_dags/tutorial_dag.py
[2023-10-13T13:27:45.583+0000] {logging_mixin.py:151} INFO - [2023-10-13T13:27:45.582+0000] {dag.py:2941} INFO - Sync 1 DAGs
[2023-10-13T13:27:45.602+0000] {logging_mixin.py:151} INFO - [2023-10-13T13:27:45.602+0000] {dag.py:3722} INFO - Setting next_dagrun for tutorial_dag to None, run_after=None
[2023-10-13T13:27:45.633+0000] {processor.py:179} INFO - Processing /home/airflow/.local/lib/python3.8/site-packages/airflow/example_dags/tutorial_dag.py took 0.104 seconds
[2023-10-13T13:28:17.094+0000] {processor.py:157} INFO - Started process (PID=972) to work on /home/airflow/.local/lib/python3.8/site-packages/airflow/example_dags/tutorial_dag.py
[2023-10-13T13:28:17.096+0000] {processor.py:829} INFO - Processing file /home/airflow/.local/lib/python3.8/site-packages/airflow/example_dags/tutorial_dag.py for tasks to queue
[2023-10-13T13:28:17.100+0000] {logging_mixin.py:151} INFO - [2023-10-13T13:28:17.099+0000] {dagbag.py:536} INFO - Filling up the DagBag from /home/airflow/.local/lib/python3.8/site-packages/airflow/example_dags/tutorial_dag.py
[2023-10-13T13:28:17.109+0000] {processor.py:839} INFO - DAG(s) dict_keys(['tutorial_dag']) retrieved from /home/airflow/.local/lib/python3.8/site-packages/airflow/example_dags/tutorial_dag.py
[2023-10-13T13:28:17.142+0000] {logging_mixin.py:151} INFO - [2023-10-13T13:28:17.141+0000] {dag.py:2941} INFO - Sync 1 DAGs
[2023-10-13T13:28:17.163+0000] {logging_mixin.py:151} INFO - [2023-10-13T13:28:17.163+0000] {dag.py:3722} INFO - Setting next_dagrun for tutorial_dag to None, run_after=None
[2023-10-13T13:28:17.254+0000] {processor.py:179} INFO - Processing /home/airflow/.local/lib/python3.8/site-packages/airflow/example_dags/tutorial_dag.py took 0.166 seconds
[2023-10-13T13:28:47.435+0000] {processor.py:157} INFO - Started process (PID=1026) to work on /home/airflow/.local/lib/python3.8/site-packages/airflow/example_dags/tutorial_dag.py
[2023-10-13T13:28:47.437+0000] {processor.py:829} INFO - Processing file /home/airflow/.local/lib/python3.8/site-packages/airflow/example_dags/tutorial_dag.py for tasks to queue
[2023-10-13T13:28:47.441+0000] {logging_mixin.py:151} INFO - [2023-10-13T13:28:47.440+0000] {dagbag.py:536} INFO - Filling up the DagBag from /home/airflow/.local/lib/python3.8/site-packages/airflow/example_dags/tutorial_dag.py
[2023-10-13T13:28:47.448+0000] {processor.py:839} INFO - DAG(s) dict_keys(['tutorial_dag']) retrieved from /home/airflow/.local/lib/python3.8/site-packages/airflow/example_dags/tutorial_dag.py
[2023-10-13T13:28:47.478+0000] {logging_mixin.py:151} INFO - [2023-10-13T13:28:47.478+0000] {dag.py:2941} INFO - Sync 1 DAGs
[2023-10-13T13:28:47.498+0000] {logging_mixin.py:151} INFO - [2023-10-13T13:28:47.497+0000] {dag.py:3722} INFO - Setting next_dagrun for tutorial_dag to None, run_after=None
[2023-10-13T13:28:47.529+0000] {processor.py:179} INFO - Processing /home/airflow/.local/lib/python3.8/site-packages/airflow/example_dags/tutorial_dag.py took 0.099 seconds
[2023-10-13T13:29:17.626+0000] {processor.py:157} INFO - Started process (PID=1080) to work on /home/airflow/.local/lib/python3.8/site-packages/airflow/example_dags/tutorial_dag.py
[2023-10-13T13:29:17.629+0000] {processor.py:829} INFO - Processing file /home/airflow/.local/lib/python3.8/site-packages/airflow/example_dags/tutorial_dag.py for tasks to queue
[2023-10-13T13:29:17.635+0000] {logging_mixin.py:151} INFO - [2023-10-13T13:29:17.634+0000] {dagbag.py:536} INFO - Filling up the DagBag from /home/airflow/.local/lib/python3.8/site-packages/airflow/example_dags/tutorial_dag.py
[2023-10-13T13:29:17.645+0000] {processor.py:839} INFO - DAG(s) dict_keys(['tutorial_dag']) retrieved from /home/airflow/.local/lib/python3.8/site-packages/airflow/example_dags/tutorial_dag.py
[2023-10-13T13:29:17.677+0000] {logging_mixin.py:151} INFO - [2023-10-13T13:29:17.676+0000] {dag.py:2941} INFO - Sync 1 DAGs
[2023-10-13T13:29:17.694+0000] {logging_mixin.py:151} INFO - [2023-10-13T13:29:17.694+0000] {dag.py:3722} INFO - Setting next_dagrun for tutorial_dag to None, run_after=None
[2023-10-13T13:29:17.725+0000] {processor.py:179} INFO - Processing /home/airflow/.local/lib/python3.8/site-packages/airflow/example_dags/tutorial_dag.py took 0.105 seconds
[2023-10-13T13:29:57.452+0000] {processor.py:157} INFO - Started process (PID=1134) to work on /home/airflow/.local/lib/python3.8/site-packages/airflow/example_dags/tutorial_dag.py
[2023-10-13T13:29:57.454+0000] {processor.py:829} INFO - Processing file /home/airflow/.local/lib/python3.8/site-packages/airflow/example_dags/tutorial_dag.py for tasks to queue
[2023-10-13T13:29:57.459+0000] {logging_mixin.py:151} INFO - [2023-10-13T13:29:57.458+0000] {dagbag.py:536} INFO - Filling up the DagBag from /home/airflow/.local/lib/python3.8/site-packages/airflow/example_dags/tutorial_dag.py
[2023-10-13T13:29:57.466+0000] {processor.py:839} INFO - DAG(s) dict_keys(['tutorial_dag']) retrieved from /home/airflow/.local/lib/python3.8/site-packages/airflow/example_dags/tutorial_dag.py
[2023-10-13T13:29:57.495+0000] {logging_mixin.py:151} INFO - [2023-10-13T13:29:57.495+0000] {dag.py:2941} INFO - Sync 1 DAGs
[2023-10-13T13:29:57.513+0000] {logging_mixin.py:151} INFO - [2023-10-13T13:29:57.512+0000] {dag.py:3722} INFO - Setting next_dagrun for tutorial_dag to None, run_after=None
[2023-10-13T13:29:57.538+0000] {processor.py:179} INFO - Processing /home/airflow/.local/lib/python3.8/site-packages/airflow/example_dags/tutorial_dag.py took 0.090 seconds
[2023-10-13T13:30:29.334+0000] {processor.py:157} INFO - Started process (PID=1188) to work on /home/airflow/.local/lib/python3.8/site-packages/airflow/example_dags/tutorial_dag.py
[2023-10-13T13:30:29.336+0000] {processor.py:829} INFO - Processing file /home/airflow/.local/lib/python3.8/site-packages/airflow/example_dags/tutorial_dag.py for tasks to queue
[2023-10-13T13:30:29.340+0000] {logging_mixin.py:151} INFO - [2023-10-13T13:30:29.339+0000] {dagbag.py:536} INFO - Filling up the DagBag from /home/airflow/.local/lib/python3.8/site-packages/airflow/example_dags/tutorial_dag.py
[2023-10-13T13:30:29.348+0000] {processor.py:839} INFO - DAG(s) dict_keys(['tutorial_dag']) retrieved from /home/airflow/.local/lib/python3.8/site-packages/airflow/example_dags/tutorial_dag.py
[2023-10-13T13:30:29.379+0000] {logging_mixin.py:151} INFO - [2023-10-13T13:30:29.379+0000] {dag.py:2941} INFO - Sync 1 DAGs
[2023-10-13T13:30:29.398+0000] {logging_mixin.py:151} INFO - [2023-10-13T13:30:29.397+0000] {dag.py:3722} INFO - Setting next_dagrun for tutorial_dag to None, run_after=None
[2023-10-13T13:30:29.698+0000] {processor.py:179} INFO - Processing /home/airflow/.local/lib/python3.8/site-packages/airflow/example_dags/tutorial_dag.py took 0.367 seconds
[2023-10-13T13:30:59.956+0000] {processor.py:157} INFO - Started process (PID=1242) to work on /home/airflow/.local/lib/python3.8/site-packages/airflow/example_dags/tutorial_dag.py
[2023-10-13T13:30:59.958+0000] {processor.py:829} INFO - Processing file /home/airflow/.local/lib/python3.8/site-packages/airflow/example_dags/tutorial_dag.py for tasks to queue
[2023-10-13T13:30:59.962+0000] {logging_mixin.py:151} INFO - [2023-10-13T13:30:59.962+0000] {dagbag.py:536} INFO - Filling up the DagBag from /home/airflow/.local/lib/python3.8/site-packages/airflow/example_dags/tutorial_dag.py
[2023-10-13T13:30:59.971+0000] {processor.py:839} INFO - DAG(s) dict_keys(['tutorial_dag']) retrieved from /home/airflow/.local/lib/python3.8/site-packages/airflow/example_dags/tutorial_dag.py
[2023-10-13T13:31:00.003+0000] {logging_mixin.py:151} INFO - [2023-10-13T13:31:00.003+0000] {dag.py:2941} INFO - Sync 1 DAGs
[2023-10-13T13:31:00.032+0000] {logging_mixin.py:151} INFO - [2023-10-13T13:31:00.031+0000] {dag.py:3722} INFO - Setting next_dagrun for tutorial_dag to None, run_after=None
[2023-10-13T13:31:00.067+0000] {processor.py:179} INFO - Processing /home/airflow/.local/lib/python3.8/site-packages/airflow/example_dags/tutorial_dag.py took 0.117 seconds
[2023-10-13T13:31:31.354+0000] {processor.py:157} INFO - Started process (PID=1296) to work on /home/airflow/.local/lib/python3.8/site-packages/airflow/example_dags/tutorial_dag.py
[2023-10-13T13:31:31.357+0000] {processor.py:829} INFO - Processing file /home/airflow/.local/lib/python3.8/site-packages/airflow/example_dags/tutorial_dag.py for tasks to queue
[2023-10-13T13:31:31.364+0000] {logging_mixin.py:151} INFO - [2023-10-13T13:31:31.363+0000] {dagbag.py:536} INFO - Filling up the DagBag from /home/airflow/.local/lib/python3.8/site-packages/airflow/example_dags/tutorial_dag.py
[2023-10-13T13:31:31.376+0000] {processor.py:839} INFO - DAG(s) dict_keys(['tutorial_dag']) retrieved from /home/airflow/.local/lib/python3.8/site-packages/airflow/example_dags/tutorial_dag.py
[2023-10-13T13:31:31.426+0000] {logging_mixin.py:151} INFO - [2023-10-13T13:31:31.425+0000] {dag.py:2941} INFO - Sync 1 DAGs
[2023-10-13T13:31:31.455+0000] {logging_mixin.py:151} INFO - [2023-10-13T13:31:31.455+0000] {dag.py:3722} INFO - Setting next_dagrun for tutorial_dag to None, run_after=None
[2023-10-13T13:31:31.494+0000] {processor.py:179} INFO - Processing /home/airflow/.local/lib/python3.8/site-packages/airflow/example_dags/tutorial_dag.py took 0.146 seconds
[2023-10-13T13:32:02.109+0000] {processor.py:157} INFO - Started process (PID=1350) to work on /home/airflow/.local/lib/python3.8/site-packages/airflow/example_dags/tutorial_dag.py
[2023-10-13T13:32:02.110+0000] {processor.py:829} INFO - Processing file /home/airflow/.local/lib/python3.8/site-packages/airflow/example_dags/tutorial_dag.py for tasks to queue
[2023-10-13T13:32:02.114+0000] {logging_mixin.py:151} INFO - [2023-10-13T13:32:02.113+0000] {dagbag.py:536} INFO - Filling up the DagBag from /home/airflow/.local/lib/python3.8/site-packages/airflow/example_dags/tutorial_dag.py
[2023-10-13T13:32:02.122+0000] {processor.py:839} INFO - DAG(s) dict_keys(['tutorial_dag']) retrieved from /home/airflow/.local/lib/python3.8/site-packages/airflow/example_dags/tutorial_dag.py
[2023-10-13T13:32:02.153+0000] {logging_mixin.py:151} INFO - [2023-10-13T13:32:02.153+0000] {dag.py:2941} INFO - Sync 1 DAGs
[2023-10-13T13:32:02.354+0000] {logging_mixin.py:151} INFO - [2023-10-13T13:32:02.354+0000] {dag.py:3722} INFO - Setting next_dagrun for tutorial_dag to None, run_after=None
[2023-10-13T13:32:02.387+0000] {processor.py:179} INFO - Processing /home/airflow/.local/lib/python3.8/site-packages/airflow/example_dags/tutorial_dag.py took 0.285 seconds
[2023-10-13T13:32:36.374+0000] {processor.py:157} INFO - Started process (PID=1404) to work on /home/airflow/.local/lib/python3.8/site-packages/airflow/example_dags/tutorial_dag.py
[2023-10-13T13:32:36.484+0000] {processor.py:829} INFO - Processing file /home/airflow/.local/lib/python3.8/site-packages/airflow/example_dags/tutorial_dag.py for tasks to queue
[2023-10-13T13:32:36.489+0000] {logging_mixin.py:151} INFO - [2023-10-13T13:32:36.488+0000] {dagbag.py:536} INFO - Filling up the DagBag from /home/airflow/.local/lib/python3.8/site-packages/airflow/example_dags/tutorial_dag.py
[2023-10-13T13:32:36.499+0000] {processor.py:839} INFO - DAG(s) dict_keys(['tutorial_dag']) retrieved from /home/airflow/.local/lib/python3.8/site-packages/airflow/example_dags/tutorial_dag.py
[2023-10-13T13:32:36.530+0000] {logging_mixin.py:151} INFO - [2023-10-13T13:32:36.530+0000] {dag.py:2941} INFO - Sync 1 DAGs
[2023-10-13T13:32:36.547+0000] {logging_mixin.py:151} INFO - [2023-10-13T13:32:36.547+0000] {dag.py:3722} INFO - Setting next_dagrun for tutorial_dag to None, run_after=None
[2023-10-13T13:32:36.713+0000] {processor.py:179} INFO - Processing /home/airflow/.local/lib/python3.8/site-packages/airflow/example_dags/tutorial_dag.py took 0.343 seconds
[2023-10-13T13:33:07.147+0000] {processor.py:157} INFO - Started process (PID=1458) to work on /home/airflow/.local/lib/python3.8/site-packages/airflow/example_dags/tutorial_dag.py
[2023-10-13T13:33:07.150+0000] {processor.py:829} INFO - Processing file /home/airflow/.local/lib/python3.8/site-packages/airflow/example_dags/tutorial_dag.py for tasks to queue
[2023-10-13T13:33:07.153+0000] {logging_mixin.py:151} INFO - [2023-10-13T13:33:07.153+0000] {dagbag.py:536} INFO - Filling up the DagBag from /home/airflow/.local/lib/python3.8/site-packages/airflow/example_dags/tutorial_dag.py
[2023-10-13T13:33:07.161+0000] {processor.py:839} INFO - DAG(s) dict_keys(['tutorial_dag']) retrieved from /home/airflow/.local/lib/python3.8/site-packages/airflow/example_dags/tutorial_dag.py
[2023-10-13T13:33:07.190+0000] {logging_mixin.py:151} INFO - [2023-10-13T13:33:07.189+0000] {dag.py:2941} INFO - Sync 1 DAGs
[2023-10-13T13:33:07.211+0000] {logging_mixin.py:151} INFO - [2023-10-13T13:33:07.210+0000] {dag.py:3722} INFO - Setting next_dagrun for tutorial_dag to None, run_after=None
[2023-10-13T13:33:07.240+0000] {processor.py:179} INFO - Processing /home/airflow/.local/lib/python3.8/site-packages/airflow/example_dags/tutorial_dag.py took 0.099 seconds
[2023-10-13T13:33:37.504+0000] {processor.py:157} INFO - Started process (PID=1512) to work on /home/airflow/.local/lib/python3.8/site-packages/airflow/example_dags/tutorial_dag.py
[2023-10-13T13:33:37.506+0000] {processor.py:829} INFO - Processing file /home/airflow/.local/lib/python3.8/site-packages/airflow/example_dags/tutorial_dag.py for tasks to queue
[2023-10-13T13:33:37.510+0000] {logging_mixin.py:151} INFO - [2023-10-13T13:33:37.509+0000] {dagbag.py:536} INFO - Filling up the DagBag from /home/airflow/.local/lib/python3.8/site-packages/airflow/example_dags/tutorial_dag.py
[2023-10-13T13:33:37.519+0000] {processor.py:839} INFO - DAG(s) dict_keys(['tutorial_dag']) retrieved from /home/airflow/.local/lib/python3.8/site-packages/airflow/example_dags/tutorial_dag.py
[2023-10-13T13:33:37.555+0000] {logging_mixin.py:151} INFO - [2023-10-13T13:33:37.554+0000] {dag.py:2941} INFO - Sync 1 DAGs
[2023-10-13T13:33:37.592+0000] {logging_mixin.py:151} INFO - [2023-10-13T13:33:37.592+0000] {dag.py:3722} INFO - Setting next_dagrun for tutorial_dag to None, run_after=None
[2023-10-13T13:33:37.649+0000] {processor.py:179} INFO - Processing /home/airflow/.local/lib/python3.8/site-packages/airflow/example_dags/tutorial_dag.py took 0.152 seconds
[2023-10-13T13:34:07.874+0000] {processor.py:157} INFO - Started process (PID=1567) to work on /home/airflow/.local/lib/python3.8/site-packages/airflow/example_dags/tutorial_dag.py
[2023-10-13T13:34:07.876+0000] {processor.py:829} INFO - Processing file /home/airflow/.local/lib/python3.8/site-packages/airflow/example_dags/tutorial_dag.py for tasks to queue
[2023-10-13T13:34:07.880+0000] {logging_mixin.py:151} INFO - [2023-10-13T13:34:07.880+0000] {dagbag.py:536} INFO - Filling up the DagBag from /home/airflow/.local/lib/python3.8/site-packages/airflow/example_dags/tutorial_dag.py
[2023-10-13T13:34:07.889+0000] {processor.py:839} INFO - DAG(s) dict_keys(['tutorial_dag']) retrieved from /home/airflow/.local/lib/python3.8/site-packages/airflow/example_dags/tutorial_dag.py
[2023-10-13T13:34:07.918+0000] {logging_mixin.py:151} INFO - [2023-10-13T13:34:07.918+0000] {dag.py:2941} INFO - Sync 1 DAGs
[2023-10-13T13:34:07.934+0000] {logging_mixin.py:151} INFO - [2023-10-13T13:34:07.934+0000] {dag.py:3722} INFO - Setting next_dagrun for tutorial_dag to None, run_after=None
[2023-10-13T13:34:07.958+0000] {processor.py:179} INFO - Processing /home/airflow/.local/lib/python3.8/site-packages/airflow/example_dags/tutorial_dag.py took 0.089 seconds
[2023-10-13T13:34:38.383+0000] {processor.py:157} INFO - Started process (PID=1622) to work on /home/airflow/.local/lib/python3.8/site-packages/airflow/example_dags/tutorial_dag.py
[2023-10-13T13:34:38.385+0000] {processor.py:829} INFO - Processing file /home/airflow/.local/lib/python3.8/site-packages/airflow/example_dags/tutorial_dag.py for tasks to queue
[2023-10-13T13:34:38.388+0000] {logging_mixin.py:151} INFO - [2023-10-13T13:34:38.388+0000] {dagbag.py:536} INFO - Filling up the DagBag from /home/airflow/.local/lib/python3.8/site-packages/airflow/example_dags/tutorial_dag.py
[2023-10-13T13:34:38.397+0000] {processor.py:839} INFO - DAG(s) dict_keys(['tutorial_dag']) retrieved from /home/airflow/.local/lib/python3.8/site-packages/airflow/example_dags/tutorial_dag.py
[2023-10-13T13:34:38.428+0000] {logging_mixin.py:151} INFO - [2023-10-13T13:34:38.427+0000] {dag.py:2941} INFO - Sync 1 DAGs
[2023-10-13T13:34:38.447+0000] {logging_mixin.py:151} INFO - [2023-10-13T13:34:38.447+0000] {dag.py:3722} INFO - Setting next_dagrun for tutorial_dag to None, run_after=None
[2023-10-13T13:34:38.474+0000] {processor.py:179} INFO - Processing /home/airflow/.local/lib/python3.8/site-packages/airflow/example_dags/tutorial_dag.py took 0.097 seconds
[2023-10-13T13:35:09.176+0000] {processor.py:157} INFO - Started process (PID=1676) to work on /home/airflow/.local/lib/python3.8/site-packages/airflow/example_dags/tutorial_dag.py
[2023-10-13T13:35:09.178+0000] {processor.py:829} INFO - Processing file /home/airflow/.local/lib/python3.8/site-packages/airflow/example_dags/tutorial_dag.py for tasks to queue
[2023-10-13T13:35:09.184+0000] {logging_mixin.py:151} INFO - [2023-10-13T13:35:09.183+0000] {dagbag.py:536} INFO - Filling up the DagBag from /home/airflow/.local/lib/python3.8/site-packages/airflow/example_dags/tutorial_dag.py
[2023-10-13T13:35:09.202+0000] {processor.py:839} INFO - DAG(s) dict_keys(['tutorial_dag']) retrieved from /home/airflow/.local/lib/python3.8/site-packages/airflow/example_dags/tutorial_dag.py
[2023-10-13T13:35:09.244+0000] {logging_mixin.py:151} INFO - [2023-10-13T13:35:09.243+0000] {dag.py:2941} INFO - Sync 1 DAGs
[2023-10-13T13:35:09.283+0000] {logging_mixin.py:151} INFO - [2023-10-13T13:35:09.282+0000] {dag.py:3722} INFO - Setting next_dagrun for tutorial_dag to None, run_after=None
[2023-10-13T13:35:09.339+0000] {processor.py:179} INFO - Processing /home/airflow/.local/lib/python3.8/site-packages/airflow/example_dags/tutorial_dag.py took 0.168 seconds
[2023-10-13T13:35:40.446+0000] {processor.py:157} INFO - Started process (PID=1730) to work on /home/airflow/.local/lib/python3.8/site-packages/airflow/example_dags/tutorial_dag.py
[2023-10-13T13:35:40.449+0000] {processor.py:829} INFO - Processing file /home/airflow/.local/lib/python3.8/site-packages/airflow/example_dags/tutorial_dag.py for tasks to queue
[2023-10-13T13:35:40.453+0000] {logging_mixin.py:151} INFO - [2023-10-13T13:35:40.453+0000] {dagbag.py:536} INFO - Filling up the DagBag from /home/airflow/.local/lib/python3.8/site-packages/airflow/example_dags/tutorial_dag.py
[2023-10-13T13:35:40.465+0000] {processor.py:839} INFO - DAG(s) dict_keys(['tutorial_dag']) retrieved from /home/airflow/.local/lib/python3.8/site-packages/airflow/example_dags/tutorial_dag.py
[2023-10-13T13:35:40.510+0000] {logging_mixin.py:151} INFO - [2023-10-13T13:35:40.510+0000] {dag.py:2941} INFO - Sync 1 DAGs
[2023-10-13T13:35:40.542+0000] {logging_mixin.py:151} INFO - [2023-10-13T13:35:40.542+0000] {dag.py:3722} INFO - Setting next_dagrun for tutorial_dag to None, run_after=None
[2023-10-13T13:35:40.598+0000] {processor.py:179} INFO - Processing /home/airflow/.local/lib/python3.8/site-packages/airflow/example_dags/tutorial_dag.py took 0.160 seconds
[2023-10-13T13:36:10.765+0000] {processor.py:157} INFO - Started process (PID=1784) to work on /home/airflow/.local/lib/python3.8/site-packages/airflow/example_dags/tutorial_dag.py
[2023-10-13T13:36:10.767+0000] {processor.py:829} INFO - Processing file /home/airflow/.local/lib/python3.8/site-packages/airflow/example_dags/tutorial_dag.py for tasks to queue
[2023-10-13T13:36:10.771+0000] {logging_mixin.py:151} INFO - [2023-10-13T13:36:10.770+0000] {dagbag.py:536} INFO - Filling up the DagBag from /home/airflow/.local/lib/python3.8/site-packages/airflow/example_dags/tutorial_dag.py
[2023-10-13T13:36:10.780+0000] {processor.py:839} INFO - DAG(s) dict_keys(['tutorial_dag']) retrieved from /home/airflow/.local/lib/python3.8/site-packages/airflow/example_dags/tutorial_dag.py
[2023-10-13T13:36:10.812+0000] {logging_mixin.py:151} INFO - [2023-10-13T13:36:10.812+0000] {dag.py:2941} INFO - Sync 1 DAGs
[2023-10-13T13:36:10.829+0000] {logging_mixin.py:151} INFO - [2023-10-13T13:36:10.829+0000] {dag.py:3722} INFO - Setting next_dagrun for tutorial_dag to None, run_after=None
[2023-10-13T13:36:10.923+0000] {processor.py:179} INFO - Processing /home/airflow/.local/lib/python3.8/site-packages/airflow/example_dags/tutorial_dag.py took 0.163 seconds
