[2023-10-18T21:06:47.204+0000] {processor.py:157} INFO - Started process (PID=57) to work on /home/airflow/.local/lib/python3.8/site-packages/airflow/example_dags/example_python_operator.py
[2023-10-18T21:06:47.205+0000] {processor.py:829} INFO - Processing file /home/airflow/.local/lib/python3.8/site-packages/airflow/example_dags/example_python_operator.py for tasks to queue
[2023-10-18T21:06:47.209+0000] {logging_mixin.py:151} INFO - [2023-10-18T21:06:47.208+0000] {dagbag.py:536} INFO - Filling up the DagBag from /home/airflow/.local/lib/python3.8/site-packages/airflow/example_dags/example_python_operator.py
[2023-10-18T21:06:47.224+0000] {processor.py:839} INFO - DAG(s) dict_keys(['example_python_operator']) retrieved from /home/airflow/.local/lib/python3.8/site-packages/airflow/example_dags/example_python_operator.py
[2023-10-18T21:06:47.246+0000] {logging_mixin.py:151} INFO - [2023-10-18T21:06:47.245+0000] {dag.py:2941} INFO - Sync 1 DAGs
[2023-10-18T21:06:47.267+0000] {logging_mixin.py:151} INFO - [2023-10-18T21:06:47.267+0000] {dag.py:3722} INFO - Setting next_dagrun for example_python_operator to None, run_after=None
[2023-10-18T21:06:47.287+0000] {processor.py:179} INFO - Processing /home/airflow/.local/lib/python3.8/site-packages/airflow/example_dags/example_python_operator.py took 0.088 seconds
[2023-10-18T21:07:17.624+0000] {processor.py:157} INFO - Started process (PID=109) to work on /home/airflow/.local/lib/python3.8/site-packages/airflow/example_dags/example_python_operator.py
[2023-10-18T21:07:17.625+0000] {processor.py:829} INFO - Processing file /home/airflow/.local/lib/python3.8/site-packages/airflow/example_dags/example_python_operator.py for tasks to queue
[2023-10-18T21:07:17.628+0000] {logging_mixin.py:151} INFO - [2023-10-18T21:07:17.628+0000] {dagbag.py:536} INFO - Filling up the DagBag from /home/airflow/.local/lib/python3.8/site-packages/airflow/example_dags/example_python_operator.py
[2023-10-18T21:07:17.642+0000] {processor.py:839} INFO - DAG(s) dict_keys(['example_python_operator']) retrieved from /home/airflow/.local/lib/python3.8/site-packages/airflow/example_dags/example_python_operator.py
[2023-10-18T21:07:17.860+0000] {logging_mixin.py:151} INFO - [2023-10-18T21:07:17.859+0000] {dag.py:2941} INFO - Sync 1 DAGs
[2023-10-18T21:07:17.876+0000] {logging_mixin.py:151} INFO - [2023-10-18T21:07:17.876+0000] {dag.py:3722} INFO - Setting next_dagrun for example_python_operator to None, run_after=None
[2023-10-18T21:07:17.895+0000] {processor.py:179} INFO - Processing /home/airflow/.local/lib/python3.8/site-packages/airflow/example_dags/example_python_operator.py took 0.275 seconds
[2023-10-18T21:07:48.004+0000] {processor.py:157} INFO - Started process (PID=163) to work on /home/airflow/.local/lib/python3.8/site-packages/airflow/example_dags/example_python_operator.py
[2023-10-18T21:07:48.005+0000] {processor.py:829} INFO - Processing file /home/airflow/.local/lib/python3.8/site-packages/airflow/example_dags/example_python_operator.py for tasks to queue
[2023-10-18T21:07:48.008+0000] {logging_mixin.py:151} INFO - [2023-10-18T21:07:48.008+0000] {dagbag.py:536} INFO - Filling up the DagBag from /home/airflow/.local/lib/python3.8/site-packages/airflow/example_dags/example_python_operator.py
[2023-10-18T21:07:48.020+0000] {processor.py:839} INFO - DAG(s) dict_keys(['example_python_operator']) retrieved from /home/airflow/.local/lib/python3.8/site-packages/airflow/example_dags/example_python_operator.py
[2023-10-18T21:07:48.051+0000] {logging_mixin.py:151} INFO - [2023-10-18T21:07:48.051+0000] {dag.py:2941} INFO - Sync 1 DAGs
[2023-10-18T21:07:48.068+0000] {logging_mixin.py:151} INFO - [2023-10-18T21:07:48.068+0000] {dag.py:3722} INFO - Setting next_dagrun for example_python_operator to None, run_after=None
[2023-10-18T21:07:48.091+0000] {processor.py:179} INFO - Processing /home/airflow/.local/lib/python3.8/site-packages/airflow/example_dags/example_python_operator.py took 0.094 seconds
[2023-10-18T21:08:18.209+0000] {processor.py:157} INFO - Started process (PID=215) to work on /home/airflow/.local/lib/python3.8/site-packages/airflow/example_dags/example_python_operator.py
[2023-10-18T21:08:18.210+0000] {processor.py:829} INFO - Processing file /home/airflow/.local/lib/python3.8/site-packages/airflow/example_dags/example_python_operator.py for tasks to queue
[2023-10-18T21:08:18.213+0000] {logging_mixin.py:151} INFO - [2023-10-18T21:08:18.212+0000] {dagbag.py:536} INFO - Filling up the DagBag from /home/airflow/.local/lib/python3.8/site-packages/airflow/example_dags/example_python_operator.py
[2023-10-18T21:08:18.225+0000] {processor.py:839} INFO - DAG(s) dict_keys(['example_python_operator']) retrieved from /home/airflow/.local/lib/python3.8/site-packages/airflow/example_dags/example_python_operator.py
[2023-10-18T21:08:18.250+0000] {logging_mixin.py:151} INFO - [2023-10-18T21:08:18.250+0000] {dag.py:2941} INFO - Sync 1 DAGs
[2023-10-18T21:08:18.264+0000] {logging_mixin.py:151} INFO - [2023-10-18T21:08:18.263+0000] {dag.py:3722} INFO - Setting next_dagrun for example_python_operator to None, run_after=None
[2023-10-18T21:08:18.280+0000] {processor.py:179} INFO - Processing /home/airflow/.local/lib/python3.8/site-packages/airflow/example_dags/example_python_operator.py took 0.077 seconds
[2023-10-18T21:08:48.488+0000] {processor.py:157} INFO - Started process (PID=269) to work on /home/airflow/.local/lib/python3.8/site-packages/airflow/example_dags/example_python_operator.py
[2023-10-18T21:08:48.490+0000] {processor.py:829} INFO - Processing file /home/airflow/.local/lib/python3.8/site-packages/airflow/example_dags/example_python_operator.py for tasks to queue
[2023-10-18T21:08:48.493+0000] {logging_mixin.py:151} INFO - [2023-10-18T21:08:48.492+0000] {dagbag.py:536} INFO - Filling up the DagBag from /home/airflow/.local/lib/python3.8/site-packages/airflow/example_dags/example_python_operator.py
[2023-10-18T21:08:48.505+0000] {processor.py:839} INFO - DAG(s) dict_keys(['example_python_operator']) retrieved from /home/airflow/.local/lib/python3.8/site-packages/airflow/example_dags/example_python_operator.py
[2023-10-18T21:08:48.537+0000] {logging_mixin.py:151} INFO - [2023-10-18T21:08:48.537+0000] {dag.py:2941} INFO - Sync 1 DAGs
[2023-10-18T21:08:48.553+0000] {logging_mixin.py:151} INFO - [2023-10-18T21:08:48.553+0000] {dag.py:3722} INFO - Setting next_dagrun for example_python_operator to None, run_after=None
[2023-10-18T21:08:48.574+0000] {processor.py:179} INFO - Processing /home/airflow/.local/lib/python3.8/site-packages/airflow/example_dags/example_python_operator.py took 0.090 seconds
[2023-10-18T21:09:18.711+0000] {processor.py:157} INFO - Started process (PID=322) to work on /home/airflow/.local/lib/python3.8/site-packages/airflow/example_dags/example_python_operator.py
[2023-10-18T21:09:18.712+0000] {processor.py:829} INFO - Processing file /home/airflow/.local/lib/python3.8/site-packages/airflow/example_dags/example_python_operator.py for tasks to queue
[2023-10-18T21:09:18.715+0000] {logging_mixin.py:151} INFO - [2023-10-18T21:09:18.714+0000] {dagbag.py:536} INFO - Filling up the DagBag from /home/airflow/.local/lib/python3.8/site-packages/airflow/example_dags/example_python_operator.py
[2023-10-18T21:09:18.727+0000] {processor.py:839} INFO - DAG(s) dict_keys(['example_python_operator']) retrieved from /home/airflow/.local/lib/python3.8/site-packages/airflow/example_dags/example_python_operator.py
[2023-10-18T21:09:18.756+0000] {logging_mixin.py:151} INFO - [2023-10-18T21:09:18.756+0000] {dag.py:2941} INFO - Sync 1 DAGs
[2023-10-18T21:09:18.772+0000] {logging_mixin.py:151} INFO - [2023-10-18T21:09:18.772+0000] {dag.py:3722} INFO - Setting next_dagrun for example_python_operator to None, run_after=None
[2023-10-18T21:09:18.794+0000] {processor.py:179} INFO - Processing /home/airflow/.local/lib/python3.8/site-packages/airflow/example_dags/example_python_operator.py took 0.090 seconds
[2023-10-18T21:09:49.039+0000] {processor.py:157} INFO - Started process (PID=375) to work on /home/airflow/.local/lib/python3.8/site-packages/airflow/example_dags/example_python_operator.py
[2023-10-18T21:09:49.040+0000] {processor.py:829} INFO - Processing file /home/airflow/.local/lib/python3.8/site-packages/airflow/example_dags/example_python_operator.py for tasks to queue
[2023-10-18T21:09:49.044+0000] {logging_mixin.py:151} INFO - [2023-10-18T21:09:49.043+0000] {dagbag.py:536} INFO - Filling up the DagBag from /home/airflow/.local/lib/python3.8/site-packages/airflow/example_dags/example_python_operator.py
[2023-10-18T21:09:49.056+0000] {processor.py:839} INFO - DAG(s) dict_keys(['example_python_operator']) retrieved from /home/airflow/.local/lib/python3.8/site-packages/airflow/example_dags/example_python_operator.py
[2023-10-18T21:09:49.081+0000] {logging_mixin.py:151} INFO - [2023-10-18T21:09:49.081+0000] {dag.py:2941} INFO - Sync 1 DAGs
[2023-10-18T21:09:49.095+0000] {logging_mixin.py:151} INFO - [2023-10-18T21:09:49.095+0000] {dag.py:3722} INFO - Setting next_dagrun for example_python_operator to None, run_after=None
[2023-10-18T21:09:49.117+0000] {processor.py:179} INFO - Processing /home/airflow/.local/lib/python3.8/site-packages/airflow/example_dags/example_python_operator.py took 0.083 seconds
[2023-10-18T21:10:19.266+0000] {processor.py:157} INFO - Started process (PID=428) to work on /home/airflow/.local/lib/python3.8/site-packages/airflow/example_dags/example_python_operator.py
[2023-10-18T21:10:19.267+0000] {processor.py:829} INFO - Processing file /home/airflow/.local/lib/python3.8/site-packages/airflow/example_dags/example_python_operator.py for tasks to queue
[2023-10-18T21:10:19.270+0000] {logging_mixin.py:151} INFO - [2023-10-18T21:10:19.269+0000] {dagbag.py:536} INFO - Filling up the DagBag from /home/airflow/.local/lib/python3.8/site-packages/airflow/example_dags/example_python_operator.py
[2023-10-18T21:10:19.282+0000] {processor.py:839} INFO - DAG(s) dict_keys(['example_python_operator']) retrieved from /home/airflow/.local/lib/python3.8/site-packages/airflow/example_dags/example_python_operator.py
[2023-10-18T21:10:19.309+0000] {logging_mixin.py:151} INFO - [2023-10-18T21:10:19.309+0000] {dag.py:2941} INFO - Sync 1 DAGs
[2023-10-18T21:10:19.327+0000] {logging_mixin.py:151} INFO - [2023-10-18T21:10:19.327+0000] {dag.py:3722} INFO - Setting next_dagrun for example_python_operator to None, run_after=None
[2023-10-18T21:10:19.350+0000] {processor.py:179} INFO - Processing /home/airflow/.local/lib/python3.8/site-packages/airflow/example_dags/example_python_operator.py took 0.091 seconds
[2023-10-18T21:10:49.395+0000] {processor.py:157} INFO - Started process (PID=481) to work on /home/airflow/.local/lib/python3.8/site-packages/airflow/example_dags/example_python_operator.py
[2023-10-18T21:10:49.396+0000] {processor.py:829} INFO - Processing file /home/airflow/.local/lib/python3.8/site-packages/airflow/example_dags/example_python_operator.py for tasks to queue
[2023-10-18T21:10:49.399+0000] {logging_mixin.py:151} INFO - [2023-10-18T21:10:49.399+0000] {dagbag.py:536} INFO - Filling up the DagBag from /home/airflow/.local/lib/python3.8/site-packages/airflow/example_dags/example_python_operator.py
[2023-10-18T21:10:49.411+0000] {processor.py:839} INFO - DAG(s) dict_keys(['example_python_operator']) retrieved from /home/airflow/.local/lib/python3.8/site-packages/airflow/example_dags/example_python_operator.py
[2023-10-18T21:10:49.437+0000] {logging_mixin.py:151} INFO - [2023-10-18T21:10:49.437+0000] {dag.py:2941} INFO - Sync 1 DAGs
[2023-10-18T21:10:49.451+0000] {logging_mixin.py:151} INFO - [2023-10-18T21:10:49.451+0000] {dag.py:3722} INFO - Setting next_dagrun for example_python_operator to None, run_after=None
[2023-10-18T21:10:49.471+0000] {processor.py:179} INFO - Processing /home/airflow/.local/lib/python3.8/site-packages/airflow/example_dags/example_python_operator.py took 0.083 seconds
[2023-10-18T21:11:19.924+0000] {processor.py:157} INFO - Started process (PID=534) to work on /home/airflow/.local/lib/python3.8/site-packages/airflow/example_dags/example_python_operator.py
[2023-10-18T21:11:19.926+0000] {processor.py:829} INFO - Processing file /home/airflow/.local/lib/python3.8/site-packages/airflow/example_dags/example_python_operator.py for tasks to queue
[2023-10-18T21:11:19.928+0000] {logging_mixin.py:151} INFO - [2023-10-18T21:11:19.928+0000] {dagbag.py:536} INFO - Filling up the DagBag from /home/airflow/.local/lib/python3.8/site-packages/airflow/example_dags/example_python_operator.py
[2023-10-18T21:11:19.941+0000] {processor.py:839} INFO - DAG(s) dict_keys(['example_python_operator']) retrieved from /home/airflow/.local/lib/python3.8/site-packages/airflow/example_dags/example_python_operator.py
[2023-10-18T21:11:19.968+0000] {logging_mixin.py:151} INFO - [2023-10-18T21:11:19.968+0000] {dag.py:2941} INFO - Sync 1 DAGs
[2023-10-18T21:11:19.983+0000] {logging_mixin.py:151} INFO - [2023-10-18T21:11:19.982+0000] {dag.py:3722} INFO - Setting next_dagrun for example_python_operator to None, run_after=None
[2023-10-18T21:11:20.005+0000] {processor.py:179} INFO - Processing /home/airflow/.local/lib/python3.8/site-packages/airflow/example_dags/example_python_operator.py took 0.085 seconds
[2023-10-18T21:11:50.342+0000] {processor.py:157} INFO - Started process (PID=587) to work on /home/airflow/.local/lib/python3.8/site-packages/airflow/example_dags/example_python_operator.py
[2023-10-18T21:11:50.343+0000] {processor.py:829} INFO - Processing file /home/airflow/.local/lib/python3.8/site-packages/airflow/example_dags/example_python_operator.py for tasks to queue
[2023-10-18T21:11:50.345+0000] {logging_mixin.py:151} INFO - [2023-10-18T21:11:50.345+0000] {dagbag.py:536} INFO - Filling up the DagBag from /home/airflow/.local/lib/python3.8/site-packages/airflow/example_dags/example_python_operator.py
[2023-10-18T21:11:50.357+0000] {processor.py:839} INFO - DAG(s) dict_keys(['example_python_operator']) retrieved from /home/airflow/.local/lib/python3.8/site-packages/airflow/example_dags/example_python_operator.py
[2023-10-18T21:11:50.384+0000] {logging_mixin.py:151} INFO - [2023-10-18T21:11:50.384+0000] {dag.py:2941} INFO - Sync 1 DAGs
[2023-10-18T21:11:50.400+0000] {logging_mixin.py:151} INFO - [2023-10-18T21:11:50.399+0000] {dag.py:3722} INFO - Setting next_dagrun for example_python_operator to None, run_after=None
[2023-10-18T21:11:50.422+0000] {processor.py:179} INFO - Processing /home/airflow/.local/lib/python3.8/site-packages/airflow/example_dags/example_python_operator.py took 0.085 seconds
[2023-10-18T21:12:20.547+0000] {processor.py:157} INFO - Started process (PID=641) to work on /home/airflow/.local/lib/python3.8/site-packages/airflow/example_dags/example_python_operator.py
[2023-10-18T21:12:20.548+0000] {processor.py:829} INFO - Processing file /home/airflow/.local/lib/python3.8/site-packages/airflow/example_dags/example_python_operator.py for tasks to queue
[2023-10-18T21:12:20.551+0000] {logging_mixin.py:151} INFO - [2023-10-18T21:12:20.550+0000] {dagbag.py:536} INFO - Filling up the DagBag from /home/airflow/.local/lib/python3.8/site-packages/airflow/example_dags/example_python_operator.py
[2023-10-18T21:12:20.562+0000] {processor.py:839} INFO - DAG(s) dict_keys(['example_python_operator']) retrieved from /home/airflow/.local/lib/python3.8/site-packages/airflow/example_dags/example_python_operator.py
[2023-10-18T21:12:20.586+0000] {logging_mixin.py:151} INFO - [2023-10-18T21:12:20.586+0000] {dag.py:2941} INFO - Sync 1 DAGs
[2023-10-18T21:12:20.599+0000] {logging_mixin.py:151} INFO - [2023-10-18T21:12:20.599+0000] {dag.py:3722} INFO - Setting next_dagrun for example_python_operator to None, run_after=None
[2023-10-18T21:12:20.618+0000] {processor.py:179} INFO - Processing /home/airflow/.local/lib/python3.8/site-packages/airflow/example_dags/example_python_operator.py took 0.076 seconds
[2023-10-18T21:12:51.207+0000] {processor.py:157} INFO - Started process (PID=694) to work on /home/airflow/.local/lib/python3.8/site-packages/airflow/example_dags/example_python_operator.py
[2023-10-18T21:12:51.208+0000] {processor.py:829} INFO - Processing file /home/airflow/.local/lib/python3.8/site-packages/airflow/example_dags/example_python_operator.py for tasks to queue
[2023-10-18T21:12:51.211+0000] {logging_mixin.py:151} INFO - [2023-10-18T21:12:51.211+0000] {dagbag.py:536} INFO - Filling up the DagBag from /home/airflow/.local/lib/python3.8/site-packages/airflow/example_dags/example_python_operator.py
[2023-10-18T21:12:51.224+0000] {processor.py:839} INFO - DAG(s) dict_keys(['example_python_operator']) retrieved from /home/airflow/.local/lib/python3.8/site-packages/airflow/example_dags/example_python_operator.py
[2023-10-18T21:12:51.252+0000] {logging_mixin.py:151} INFO - [2023-10-18T21:12:51.252+0000] {dag.py:2941} INFO - Sync 1 DAGs
[2023-10-18T21:12:51.268+0000] {logging_mixin.py:151} INFO - [2023-10-18T21:12:51.268+0000] {dag.py:3722} INFO - Setting next_dagrun for example_python_operator to None, run_after=None
[2023-10-18T21:12:51.289+0000] {processor.py:179} INFO - Processing /home/airflow/.local/lib/python3.8/site-packages/airflow/example_dags/example_python_operator.py took 0.087 seconds
[2023-10-18T21:15:09.543+0000] {processor.py:157} INFO - Started process (PID=56) to work on /home/airflow/.local/lib/python3.8/site-packages/airflow/example_dags/example_python_operator.py
[2023-10-18T21:15:09.544+0000] {processor.py:829} INFO - Processing file /home/airflow/.local/lib/python3.8/site-packages/airflow/example_dags/example_python_operator.py for tasks to queue
[2023-10-18T21:15:09.547+0000] {logging_mixin.py:151} INFO - [2023-10-18T21:15:09.547+0000] {dagbag.py:536} INFO - Filling up the DagBag from /home/airflow/.local/lib/python3.8/site-packages/airflow/example_dags/example_python_operator.py
[2023-10-18T21:15:09.563+0000] {processor.py:839} INFO - DAG(s) dict_keys(['example_python_operator']) retrieved from /home/airflow/.local/lib/python3.8/site-packages/airflow/example_dags/example_python_operator.py
[2023-10-18T21:15:09.719+0000] {logging_mixin.py:151} INFO - [2023-10-18T21:15:09.719+0000] {dag.py:2941} INFO - Sync 1 DAGs
[2023-10-18T21:15:09.730+0000] {logging_mixin.py:151} INFO - [2023-10-18T21:15:09.730+0000] {dag.py:3722} INFO - Setting next_dagrun for example_python_operator to None, run_after=None
[2023-10-18T21:15:09.751+0000] {processor.py:179} INFO - Processing /home/airflow/.local/lib/python3.8/site-packages/airflow/example_dags/example_python_operator.py took 0.212 seconds
[2023-10-18T21:15:40.021+0000] {processor.py:157} INFO - Started process (PID=108) to work on /home/airflow/.local/lib/python3.8/site-packages/airflow/example_dags/example_python_operator.py
[2023-10-18T21:15:40.022+0000] {processor.py:829} INFO - Processing file /home/airflow/.local/lib/python3.8/site-packages/airflow/example_dags/example_python_operator.py for tasks to queue
[2023-10-18T21:15:40.024+0000] {logging_mixin.py:151} INFO - [2023-10-18T21:15:40.024+0000] {dagbag.py:536} INFO - Filling up the DagBag from /home/airflow/.local/lib/python3.8/site-packages/airflow/example_dags/example_python_operator.py
[2023-10-18T21:15:40.036+0000] {processor.py:839} INFO - DAG(s) dict_keys(['example_python_operator']) retrieved from /home/airflow/.local/lib/python3.8/site-packages/airflow/example_dags/example_python_operator.py
[2023-10-18T21:15:40.065+0000] {logging_mixin.py:151} INFO - [2023-10-18T21:15:40.065+0000] {dag.py:2941} INFO - Sync 1 DAGs
[2023-10-18T21:15:40.082+0000] {logging_mixin.py:151} INFO - [2023-10-18T21:15:40.082+0000] {dag.py:3722} INFO - Setting next_dagrun for example_python_operator to None, run_after=None
[2023-10-18T21:15:40.110+0000] {processor.py:179} INFO - Processing /home/airflow/.local/lib/python3.8/site-packages/airflow/example_dags/example_python_operator.py took 0.097 seconds
[2023-10-18T21:16:10.309+0000] {processor.py:157} INFO - Started process (PID=161) to work on /home/airflow/.local/lib/python3.8/site-packages/airflow/example_dags/example_python_operator.py
[2023-10-18T21:16:10.310+0000] {processor.py:829} INFO - Processing file /home/airflow/.local/lib/python3.8/site-packages/airflow/example_dags/example_python_operator.py for tasks to queue
[2023-10-18T21:16:10.313+0000] {logging_mixin.py:151} INFO - [2023-10-18T21:16:10.313+0000] {dagbag.py:536} INFO - Filling up the DagBag from /home/airflow/.local/lib/python3.8/site-packages/airflow/example_dags/example_python_operator.py
[2023-10-18T21:16:10.325+0000] {processor.py:839} INFO - DAG(s) dict_keys(['example_python_operator']) retrieved from /home/airflow/.local/lib/python3.8/site-packages/airflow/example_dags/example_python_operator.py
[2023-10-18T21:16:10.354+0000] {logging_mixin.py:151} INFO - [2023-10-18T21:16:10.354+0000] {dag.py:2941} INFO - Sync 1 DAGs
[2023-10-18T21:16:10.369+0000] {logging_mixin.py:151} INFO - [2023-10-18T21:16:10.369+0000] {dag.py:3722} INFO - Setting next_dagrun for example_python_operator to None, run_after=None
[2023-10-18T21:16:10.390+0000] {processor.py:179} INFO - Processing /home/airflow/.local/lib/python3.8/site-packages/airflow/example_dags/example_python_operator.py took 0.086 seconds
[2023-10-18T21:16:40.633+0000] {processor.py:157} INFO - Started process (PID=214) to work on /home/airflow/.local/lib/python3.8/site-packages/airflow/example_dags/example_python_operator.py
[2023-10-18T21:16:40.634+0000] {processor.py:829} INFO - Processing file /home/airflow/.local/lib/python3.8/site-packages/airflow/example_dags/example_python_operator.py for tasks to queue
[2023-10-18T21:16:40.637+0000] {logging_mixin.py:151} INFO - [2023-10-18T21:16:40.637+0000] {dagbag.py:536} INFO - Filling up the DagBag from /home/airflow/.local/lib/python3.8/site-packages/airflow/example_dags/example_python_operator.py
[2023-10-18T21:16:40.649+0000] {processor.py:839} INFO - DAG(s) dict_keys(['example_python_operator']) retrieved from /home/airflow/.local/lib/python3.8/site-packages/airflow/example_dags/example_python_operator.py
[2023-10-18T21:16:40.679+0000] {logging_mixin.py:151} INFO - [2023-10-18T21:16:40.679+0000] {dag.py:2941} INFO - Sync 1 DAGs
[2023-10-18T21:16:40.693+0000] {logging_mixin.py:151} INFO - [2023-10-18T21:16:40.692+0000] {dag.py:3722} INFO - Setting next_dagrun for example_python_operator to None, run_after=None
[2023-10-18T21:16:40.711+0000] {processor.py:179} INFO - Processing /home/airflow/.local/lib/python3.8/site-packages/airflow/example_dags/example_python_operator.py took 0.083 seconds
[2023-10-18T21:17:10.820+0000] {processor.py:157} INFO - Started process (PID=268) to work on /home/airflow/.local/lib/python3.8/site-packages/airflow/example_dags/example_python_operator.py
[2023-10-18T21:17:10.822+0000] {processor.py:829} INFO - Processing file /home/airflow/.local/lib/python3.8/site-packages/airflow/example_dags/example_python_operator.py for tasks to queue
[2023-10-18T21:17:10.825+0000] {logging_mixin.py:151} INFO - [2023-10-18T21:17:10.825+0000] {dagbag.py:536} INFO - Filling up the DagBag from /home/airflow/.local/lib/python3.8/site-packages/airflow/example_dags/example_python_operator.py
[2023-10-18T21:17:10.842+0000] {processor.py:839} INFO - DAG(s) dict_keys(['example_python_operator']) retrieved from /home/airflow/.local/lib/python3.8/site-packages/airflow/example_dags/example_python_operator.py
[2023-10-18T21:17:10.869+0000] {logging_mixin.py:151} INFO - [2023-10-18T21:17:10.868+0000] {dag.py:2941} INFO - Sync 1 DAGs
[2023-10-18T21:17:10.883+0000] {logging_mixin.py:151} INFO - [2023-10-18T21:17:10.883+0000] {dag.py:3722} INFO - Setting next_dagrun for example_python_operator to None, run_after=None
[2023-10-18T21:17:10.901+0000] {processor.py:179} INFO - Processing /home/airflow/.local/lib/python3.8/site-packages/airflow/example_dags/example_python_operator.py took 0.086 seconds
[2023-10-18T21:17:41.014+0000] {processor.py:157} INFO - Started process (PID=321) to work on /home/airflow/.local/lib/python3.8/site-packages/airflow/example_dags/example_python_operator.py
[2023-10-18T21:17:41.016+0000] {processor.py:829} INFO - Processing file /home/airflow/.local/lib/python3.8/site-packages/airflow/example_dags/example_python_operator.py for tasks to queue
[2023-10-18T21:17:41.019+0000] {logging_mixin.py:151} INFO - [2023-10-18T21:17:41.018+0000] {dagbag.py:536} INFO - Filling up the DagBag from /home/airflow/.local/lib/python3.8/site-packages/airflow/example_dags/example_python_operator.py
[2023-10-18T21:17:41.031+0000] {processor.py:839} INFO - DAG(s) dict_keys(['example_python_operator']) retrieved from /home/airflow/.local/lib/python3.8/site-packages/airflow/example_dags/example_python_operator.py
[2023-10-18T21:17:41.049+0000] {logging_mixin.py:151} INFO - [2023-10-18T21:17:41.048+0000] {dag.py:2941} INFO - Sync 1 DAGs
[2023-10-18T21:17:41.080+0000] {logging_mixin.py:151} INFO - [2023-10-18T21:17:41.079+0000] {dag.py:3722} INFO - Setting next_dagrun for example_python_operator to None, run_after=None
[2023-10-18T21:17:41.099+0000] {processor.py:179} INFO - Processing /home/airflow/.local/lib/python3.8/site-packages/airflow/example_dags/example_python_operator.py took 0.091 seconds
[2023-10-18T21:18:11.702+0000] {processor.py:157} INFO - Started process (PID=374) to work on /home/airflow/.local/lib/python3.8/site-packages/airflow/example_dags/example_python_operator.py
[2023-10-18T21:18:11.703+0000] {processor.py:829} INFO - Processing file /home/airflow/.local/lib/python3.8/site-packages/airflow/example_dags/example_python_operator.py for tasks to queue
[2023-10-18T21:18:11.706+0000] {logging_mixin.py:151} INFO - [2023-10-18T21:18:11.705+0000] {dagbag.py:536} INFO - Filling up the DagBag from /home/airflow/.local/lib/python3.8/site-packages/airflow/example_dags/example_python_operator.py
[2023-10-18T21:18:11.718+0000] {processor.py:839} INFO - DAG(s) dict_keys(['example_python_operator']) retrieved from /home/airflow/.local/lib/python3.8/site-packages/airflow/example_dags/example_python_operator.py
[2023-10-18T21:18:11.837+0000] {logging_mixin.py:151} INFO - [2023-10-18T21:18:11.837+0000] {dag.py:2941} INFO - Sync 1 DAGs
[2023-10-18T21:18:11.849+0000] {logging_mixin.py:151} INFO - [2023-10-18T21:18:11.849+0000] {dag.py:3722} INFO - Setting next_dagrun for example_python_operator to None, run_after=None
[2023-10-18T21:18:11.867+0000] {processor.py:179} INFO - Processing /home/airflow/.local/lib/python3.8/site-packages/airflow/example_dags/example_python_operator.py took 0.170 seconds
[2023-10-18T21:18:42.003+0000] {processor.py:157} INFO - Started process (PID=427) to work on /home/airflow/.local/lib/python3.8/site-packages/airflow/example_dags/example_python_operator.py
[2023-10-18T21:18:42.004+0000] {processor.py:829} INFO - Processing file /home/airflow/.local/lib/python3.8/site-packages/airflow/example_dags/example_python_operator.py for tasks to queue
[2023-10-18T21:18:42.007+0000] {logging_mixin.py:151} INFO - [2023-10-18T21:18:42.007+0000] {dagbag.py:536} INFO - Filling up the DagBag from /home/airflow/.local/lib/python3.8/site-packages/airflow/example_dags/example_python_operator.py
[2023-10-18T21:18:42.018+0000] {processor.py:839} INFO - DAG(s) dict_keys(['example_python_operator']) retrieved from /home/airflow/.local/lib/python3.8/site-packages/airflow/example_dags/example_python_operator.py
[2023-10-18T21:18:42.044+0000] {logging_mixin.py:151} INFO - [2023-10-18T21:18:42.044+0000] {dag.py:2941} INFO - Sync 1 DAGs
[2023-10-18T21:18:42.058+0000] {logging_mixin.py:151} INFO - [2023-10-18T21:18:42.058+0000] {dag.py:3722} INFO - Setting next_dagrun for example_python_operator to None, run_after=None
[2023-10-18T21:18:42.079+0000] {processor.py:179} INFO - Processing /home/airflow/.local/lib/python3.8/site-packages/airflow/example_dags/example_python_operator.py took 0.081 seconds
[2023-10-18T21:19:12.337+0000] {processor.py:157} INFO - Started process (PID=480) to work on /home/airflow/.local/lib/python3.8/site-packages/airflow/example_dags/example_python_operator.py
[2023-10-18T21:19:12.338+0000] {processor.py:829} INFO - Processing file /home/airflow/.local/lib/python3.8/site-packages/airflow/example_dags/example_python_operator.py for tasks to queue
[2023-10-18T21:19:12.341+0000] {logging_mixin.py:151} INFO - [2023-10-18T21:19:12.341+0000] {dagbag.py:536} INFO - Filling up the DagBag from /home/airflow/.local/lib/python3.8/site-packages/airflow/example_dags/example_python_operator.py
[2023-10-18T21:19:12.354+0000] {processor.py:839} INFO - DAG(s) dict_keys(['example_python_operator']) retrieved from /home/airflow/.local/lib/python3.8/site-packages/airflow/example_dags/example_python_operator.py
[2023-10-18T21:19:12.379+0000] {logging_mixin.py:151} INFO - [2023-10-18T21:19:12.379+0000] {dag.py:2941} INFO - Sync 1 DAGs
[2023-10-18T21:19:12.393+0000] {logging_mixin.py:151} INFO - [2023-10-18T21:19:12.393+0000] {dag.py:3722} INFO - Setting next_dagrun for example_python_operator to None, run_after=None
[2023-10-18T21:19:12.412+0000] {processor.py:179} INFO - Processing /home/airflow/.local/lib/python3.8/site-packages/airflow/example_dags/example_python_operator.py took 0.080 seconds
[2023-10-18T21:19:42.677+0000] {processor.py:157} INFO - Started process (PID=533) to work on /home/airflow/.local/lib/python3.8/site-packages/airflow/example_dags/example_python_operator.py
[2023-10-18T21:19:42.678+0000] {processor.py:829} INFO - Processing file /home/airflow/.local/lib/python3.8/site-packages/airflow/example_dags/example_python_operator.py for tasks to queue
[2023-10-18T21:19:42.681+0000] {logging_mixin.py:151} INFO - [2023-10-18T21:19:42.681+0000] {dagbag.py:536} INFO - Filling up the DagBag from /home/airflow/.local/lib/python3.8/site-packages/airflow/example_dags/example_python_operator.py
[2023-10-18T21:19:42.693+0000] {processor.py:839} INFO - DAG(s) dict_keys(['example_python_operator']) retrieved from /home/airflow/.local/lib/python3.8/site-packages/airflow/example_dags/example_python_operator.py
[2023-10-18T21:19:42.720+0000] {logging_mixin.py:151} INFO - [2023-10-18T21:19:42.719+0000] {dag.py:2941} INFO - Sync 1 DAGs
[2023-10-18T21:19:42.736+0000] {logging_mixin.py:151} INFO - [2023-10-18T21:19:42.736+0000] {dag.py:3722} INFO - Setting next_dagrun for example_python_operator to None, run_after=None
[2023-10-18T21:19:42.755+0000] {processor.py:179} INFO - Processing /home/airflow/.local/lib/python3.8/site-packages/airflow/example_dags/example_python_operator.py took 0.082 seconds
[2023-10-18T21:20:13.143+0000] {processor.py:157} INFO - Started process (PID=586) to work on /home/airflow/.local/lib/python3.8/site-packages/airflow/example_dags/example_python_operator.py
[2023-10-18T21:20:13.144+0000] {processor.py:829} INFO - Processing file /home/airflow/.local/lib/python3.8/site-packages/airflow/example_dags/example_python_operator.py for tasks to queue
[2023-10-18T21:20:13.147+0000] {logging_mixin.py:151} INFO - [2023-10-18T21:20:13.147+0000] {dagbag.py:536} INFO - Filling up the DagBag from /home/airflow/.local/lib/python3.8/site-packages/airflow/example_dags/example_python_operator.py
[2023-10-18T21:20:13.159+0000] {processor.py:839} INFO - DAG(s) dict_keys(['example_python_operator']) retrieved from /home/airflow/.local/lib/python3.8/site-packages/airflow/example_dags/example_python_operator.py
[2023-10-18T21:20:13.195+0000] {logging_mixin.py:151} INFO - [2023-10-18T21:20:13.195+0000] {dag.py:2941} INFO - Sync 1 DAGs
[2023-10-18T21:20:13.212+0000] {logging_mixin.py:151} INFO - [2023-10-18T21:20:13.212+0000] {dag.py:3722} INFO - Setting next_dagrun for example_python_operator to None, run_after=None
[2023-10-18T21:20:13.232+0000] {processor.py:179} INFO - Processing /home/airflow/.local/lib/python3.8/site-packages/airflow/example_dags/example_python_operator.py took 0.094 seconds
[2023-10-18T21:20:43.500+0000] {processor.py:157} INFO - Started process (PID=639) to work on /home/airflow/.local/lib/python3.8/site-packages/airflow/example_dags/example_python_operator.py
[2023-10-18T21:20:43.501+0000] {processor.py:829} INFO - Processing file /home/airflow/.local/lib/python3.8/site-packages/airflow/example_dags/example_python_operator.py for tasks to queue
[2023-10-18T21:20:43.504+0000] {logging_mixin.py:151} INFO - [2023-10-18T21:20:43.503+0000] {dagbag.py:536} INFO - Filling up the DagBag from /home/airflow/.local/lib/python3.8/site-packages/airflow/example_dags/example_python_operator.py
[2023-10-18T21:20:43.516+0000] {processor.py:839} INFO - DAG(s) dict_keys(['example_python_operator']) retrieved from /home/airflow/.local/lib/python3.8/site-packages/airflow/example_dags/example_python_operator.py
[2023-10-18T21:20:43.546+0000] {logging_mixin.py:151} INFO - [2023-10-18T21:20:43.546+0000] {dag.py:2941} INFO - Sync 1 DAGs
[2023-10-18T21:20:43.563+0000] {logging_mixin.py:151} INFO - [2023-10-18T21:20:43.562+0000] {dag.py:3722} INFO - Setting next_dagrun for example_python_operator to None, run_after=None
[2023-10-18T21:20:43.583+0000] {processor.py:179} INFO - Processing /home/airflow/.local/lib/python3.8/site-packages/airflow/example_dags/example_python_operator.py took 0.088 seconds
[2023-10-18T21:21:13.682+0000] {processor.py:157} INFO - Started process (PID=692) to work on /home/airflow/.local/lib/python3.8/site-packages/airflow/example_dags/example_python_operator.py
[2023-10-18T21:21:13.684+0000] {processor.py:829} INFO - Processing file /home/airflow/.local/lib/python3.8/site-packages/airflow/example_dags/example_python_operator.py for tasks to queue
[2023-10-18T21:21:13.687+0000] {logging_mixin.py:151} INFO - [2023-10-18T21:21:13.686+0000] {dagbag.py:536} INFO - Filling up the DagBag from /home/airflow/.local/lib/python3.8/site-packages/airflow/example_dags/example_python_operator.py
[2023-10-18T21:21:13.700+0000] {processor.py:839} INFO - DAG(s) dict_keys(['example_python_operator']) retrieved from /home/airflow/.local/lib/python3.8/site-packages/airflow/example_dags/example_python_operator.py
[2023-10-18T21:21:13.727+0000] {logging_mixin.py:151} INFO - [2023-10-18T21:21:13.727+0000] {dag.py:2941} INFO - Sync 1 DAGs
[2023-10-18T21:21:13.746+0000] {logging_mixin.py:151} INFO - [2023-10-18T21:21:13.745+0000] {dag.py:3722} INFO - Setting next_dagrun for example_python_operator to None, run_after=None
[2023-10-18T21:21:13.764+0000] {processor.py:179} INFO - Processing /home/airflow/.local/lib/python3.8/site-packages/airflow/example_dags/example_python_operator.py took 0.088 seconds
[2023-10-18T21:21:44.294+0000] {processor.py:157} INFO - Started process (PID=746) to work on /home/airflow/.local/lib/python3.8/site-packages/airflow/example_dags/example_python_operator.py
[2023-10-18T21:21:44.296+0000] {processor.py:829} INFO - Processing file /home/airflow/.local/lib/python3.8/site-packages/airflow/example_dags/example_python_operator.py for tasks to queue
[2023-10-18T21:21:44.298+0000] {logging_mixin.py:151} INFO - [2023-10-18T21:21:44.298+0000] {dagbag.py:536} INFO - Filling up the DagBag from /home/airflow/.local/lib/python3.8/site-packages/airflow/example_dags/example_python_operator.py
[2023-10-18T21:21:44.311+0000] {processor.py:839} INFO - DAG(s) dict_keys(['example_python_operator']) retrieved from /home/airflow/.local/lib/python3.8/site-packages/airflow/example_dags/example_python_operator.py
[2023-10-18T21:21:44.336+0000] {logging_mixin.py:151} INFO - [2023-10-18T21:21:44.336+0000] {dag.py:2941} INFO - Sync 1 DAGs
[2023-10-18T21:21:44.351+0000] {logging_mixin.py:151} INFO - [2023-10-18T21:21:44.350+0000] {dag.py:3722} INFO - Setting next_dagrun for example_python_operator to None, run_after=None
[2023-10-18T21:21:44.368+0000] {processor.py:179} INFO - Processing /home/airflow/.local/lib/python3.8/site-packages/airflow/example_dags/example_python_operator.py took 0.081 seconds
[2023-10-18T21:22:14.481+0000] {processor.py:157} INFO - Started process (PID=800) to work on /home/airflow/.local/lib/python3.8/site-packages/airflow/example_dags/example_python_operator.py
[2023-10-18T21:22:14.482+0000] {processor.py:829} INFO - Processing file /home/airflow/.local/lib/python3.8/site-packages/airflow/example_dags/example_python_operator.py for tasks to queue
[2023-10-18T21:22:14.485+0000] {logging_mixin.py:151} INFO - [2023-10-18T21:22:14.484+0000] {dagbag.py:536} INFO - Filling up the DagBag from /home/airflow/.local/lib/python3.8/site-packages/airflow/example_dags/example_python_operator.py
[2023-10-18T21:22:14.498+0000] {processor.py:839} INFO - DAG(s) dict_keys(['example_python_operator']) retrieved from /home/airflow/.local/lib/python3.8/site-packages/airflow/example_dags/example_python_operator.py
[2023-10-18T21:22:14.527+0000] {logging_mixin.py:151} INFO - [2023-10-18T21:22:14.527+0000] {dag.py:2941} INFO - Sync 1 DAGs
[2023-10-18T21:22:14.543+0000] {logging_mixin.py:151} INFO - [2023-10-18T21:22:14.543+0000] {dag.py:3722} INFO - Setting next_dagrun for example_python_operator to None, run_after=None
[2023-10-18T21:22:14.562+0000] {processor.py:179} INFO - Processing /home/airflow/.local/lib/python3.8/site-packages/airflow/example_dags/example_python_operator.py took 0.087 seconds
[2023-10-18T21:23:48.479+0000] {processor.py:157} INFO - Started process (PID=57) to work on /home/airflow/.local/lib/python3.8/site-packages/airflow/example_dags/example_python_operator.py
[2023-10-18T21:23:48.481+0000] {processor.py:829} INFO - Processing file /home/airflow/.local/lib/python3.8/site-packages/airflow/example_dags/example_python_operator.py for tasks to queue
[2023-10-18T21:23:48.483+0000] {logging_mixin.py:151} INFO - [2023-10-18T21:23:48.483+0000] {dagbag.py:536} INFO - Filling up the DagBag from /home/airflow/.local/lib/python3.8/site-packages/airflow/example_dags/example_python_operator.py
[2023-10-18T21:23:48.498+0000] {processor.py:839} INFO - DAG(s) dict_keys(['example_python_operator']) retrieved from /home/airflow/.local/lib/python3.8/site-packages/airflow/example_dags/example_python_operator.py
[2023-10-18T21:23:48.512+0000] {logging_mixin.py:151} INFO - [2023-10-18T21:23:48.512+0000] {dag.py:2941} INFO - Sync 1 DAGs
[2023-10-18T21:23:48.531+0000] {logging_mixin.py:151} INFO - [2023-10-18T21:23:48.531+0000] {dag.py:3722} INFO - Setting next_dagrun for example_python_operator to None, run_after=None
[2023-10-18T21:23:48.569+0000] {processor.py:179} INFO - Processing /home/airflow/.local/lib/python3.8/site-packages/airflow/example_dags/example_python_operator.py took 0.094 seconds
[2023-10-18T21:24:18.819+0000] {processor.py:157} INFO - Started process (PID=110) to work on /home/airflow/.local/lib/python3.8/site-packages/airflow/example_dags/example_python_operator.py
[2023-10-18T21:24:18.820+0000] {processor.py:829} INFO - Processing file /home/airflow/.local/lib/python3.8/site-packages/airflow/example_dags/example_python_operator.py for tasks to queue
[2023-10-18T21:24:18.822+0000] {logging_mixin.py:151} INFO - [2023-10-18T21:24:18.822+0000] {dagbag.py:536} INFO - Filling up the DagBag from /home/airflow/.local/lib/python3.8/site-packages/airflow/example_dags/example_python_operator.py
[2023-10-18T21:24:18.834+0000] {processor.py:839} INFO - DAG(s) dict_keys(['example_python_operator']) retrieved from /home/airflow/.local/lib/python3.8/site-packages/airflow/example_dags/example_python_operator.py
[2023-10-18T21:24:18.958+0000] {logging_mixin.py:151} INFO - [2023-10-18T21:24:18.958+0000] {dag.py:2941} INFO - Sync 1 DAGs
[2023-10-18T21:24:18.971+0000] {logging_mixin.py:151} INFO - [2023-10-18T21:24:18.971+0000] {dag.py:3722} INFO - Setting next_dagrun for example_python_operator to None, run_after=None
[2023-10-18T21:24:18.993+0000] {processor.py:179} INFO - Processing /home/airflow/.local/lib/python3.8/site-packages/airflow/example_dags/example_python_operator.py took 0.179 seconds
[2023-10-18T21:24:49.310+0000] {processor.py:157} INFO - Started process (PID=163) to work on /home/airflow/.local/lib/python3.8/site-packages/airflow/example_dags/example_python_operator.py
[2023-10-18T21:24:49.314+0000] {processor.py:829} INFO - Processing file /home/airflow/.local/lib/python3.8/site-packages/airflow/example_dags/example_python_operator.py for tasks to queue
[2023-10-18T21:24:49.317+0000] {logging_mixin.py:151} INFO - [2023-10-18T21:24:49.317+0000] {dagbag.py:536} INFO - Filling up the DagBag from /home/airflow/.local/lib/python3.8/site-packages/airflow/example_dags/example_python_operator.py
[2023-10-18T21:24:49.337+0000] {processor.py:839} INFO - DAG(s) dict_keys(['example_python_operator']) retrieved from /home/airflow/.local/lib/python3.8/site-packages/airflow/example_dags/example_python_operator.py
[2023-10-18T21:24:49.372+0000] {logging_mixin.py:151} INFO - [2023-10-18T21:24:49.371+0000] {dag.py:2941} INFO - Sync 1 DAGs
[2023-10-18T21:24:49.390+0000] {logging_mixin.py:151} INFO - [2023-10-18T21:24:49.390+0000] {dag.py:3722} INFO - Setting next_dagrun for example_python_operator to None, run_after=None
[2023-10-18T21:24:49.416+0000] {processor.py:179} INFO - Processing /home/airflow/.local/lib/python3.8/site-packages/airflow/example_dags/example_python_operator.py took 0.113 seconds
[2023-10-18T21:25:20.100+0000] {processor.py:157} INFO - Started process (PID=216) to work on /home/airflow/.local/lib/python3.8/site-packages/airflow/example_dags/example_python_operator.py
[2023-10-18T21:25:20.102+0000] {processor.py:829} INFO - Processing file /home/airflow/.local/lib/python3.8/site-packages/airflow/example_dags/example_python_operator.py for tasks to queue
[2023-10-18T21:25:20.104+0000] {logging_mixin.py:151} INFO - [2023-10-18T21:25:20.104+0000] {dagbag.py:536} INFO - Filling up the DagBag from /home/airflow/.local/lib/python3.8/site-packages/airflow/example_dags/example_python_operator.py
[2023-10-18T21:25:20.117+0000] {processor.py:839} INFO - DAG(s) dict_keys(['example_python_operator']) retrieved from /home/airflow/.local/lib/python3.8/site-packages/airflow/example_dags/example_python_operator.py
[2023-10-18T21:25:20.136+0000] {logging_mixin.py:151} INFO - [2023-10-18T21:25:20.136+0000] {dag.py:2941} INFO - Sync 1 DAGs
[2023-10-18T21:25:20.156+0000] {logging_mixin.py:151} INFO - [2023-10-18T21:25:20.156+0000] {dag.py:3722} INFO - Setting next_dagrun for example_python_operator to None, run_after=None
[2023-10-18T21:25:20.176+0000] {processor.py:179} INFO - Processing /home/airflow/.local/lib/python3.8/site-packages/airflow/example_dags/example_python_operator.py took 0.082 seconds
[2023-10-18T21:25:50.793+0000] {processor.py:157} INFO - Started process (PID=269) to work on /home/airflow/.local/lib/python3.8/site-packages/airflow/example_dags/example_python_operator.py
[2023-10-18T21:25:50.794+0000] {processor.py:829} INFO - Processing file /home/airflow/.local/lib/python3.8/site-packages/airflow/example_dags/example_python_operator.py for tasks to queue
[2023-10-18T21:25:50.797+0000] {logging_mixin.py:151} INFO - [2023-10-18T21:25:50.796+0000] {dagbag.py:536} INFO - Filling up the DagBag from /home/airflow/.local/lib/python3.8/site-packages/airflow/example_dags/example_python_operator.py
[2023-10-18T21:25:50.809+0000] {processor.py:839} INFO - DAG(s) dict_keys(['example_python_operator']) retrieved from /home/airflow/.local/lib/python3.8/site-packages/airflow/example_dags/example_python_operator.py
[2023-10-18T21:25:50.936+0000] {logging_mixin.py:151} INFO - [2023-10-18T21:25:50.936+0000] {dag.py:2941} INFO - Sync 1 DAGs
[2023-10-18T21:25:50.950+0000] {logging_mixin.py:151} INFO - [2023-10-18T21:25:50.949+0000] {dag.py:3722} INFO - Setting next_dagrun for example_python_operator to None, run_after=None
[2023-10-18T21:25:50.971+0000] {processor.py:179} INFO - Processing /home/airflow/.local/lib/python3.8/site-packages/airflow/example_dags/example_python_operator.py took 0.186 seconds
[2023-10-18T21:26:21.116+0000] {processor.py:157} INFO - Started process (PID=322) to work on /home/airflow/.local/lib/python3.8/site-packages/airflow/example_dags/example_python_operator.py
[2023-10-18T21:26:21.117+0000] {processor.py:829} INFO - Processing file /home/airflow/.local/lib/python3.8/site-packages/airflow/example_dags/example_python_operator.py for tasks to queue
[2023-10-18T21:26:21.120+0000] {logging_mixin.py:151} INFO - [2023-10-18T21:26:21.120+0000] {dagbag.py:536} INFO - Filling up the DagBag from /home/airflow/.local/lib/python3.8/site-packages/airflow/example_dags/example_python_operator.py
[2023-10-18T21:26:21.132+0000] {processor.py:839} INFO - DAG(s) dict_keys(['example_python_operator']) retrieved from /home/airflow/.local/lib/python3.8/site-packages/airflow/example_dags/example_python_operator.py
[2023-10-18T21:26:21.167+0000] {logging_mixin.py:151} INFO - [2023-10-18T21:26:21.167+0000] {dag.py:2941} INFO - Sync 1 DAGs
[2023-10-18T21:26:21.182+0000] {logging_mixin.py:151} INFO - [2023-10-18T21:26:21.182+0000] {dag.py:3722} INFO - Setting next_dagrun for example_python_operator to None, run_after=None
[2023-10-18T21:26:21.203+0000] {processor.py:179} INFO - Processing /home/airflow/.local/lib/python3.8/site-packages/airflow/example_dags/example_python_operator.py took 0.093 seconds
[2023-10-18T21:26:51.314+0000] {processor.py:157} INFO - Started process (PID=375) to work on /home/airflow/.local/lib/python3.8/site-packages/airflow/example_dags/example_python_operator.py
[2023-10-18T21:26:51.315+0000] {processor.py:829} INFO - Processing file /home/airflow/.local/lib/python3.8/site-packages/airflow/example_dags/example_python_operator.py for tasks to queue
[2023-10-18T21:26:51.318+0000] {logging_mixin.py:151} INFO - [2023-10-18T21:26:51.318+0000] {dagbag.py:536} INFO - Filling up the DagBag from /home/airflow/.local/lib/python3.8/site-packages/airflow/example_dags/example_python_operator.py
[2023-10-18T21:26:51.330+0000] {processor.py:839} INFO - DAG(s) dict_keys(['example_python_operator']) retrieved from /home/airflow/.local/lib/python3.8/site-packages/airflow/example_dags/example_python_operator.py
[2023-10-18T21:26:51.357+0000] {logging_mixin.py:151} INFO - [2023-10-18T21:26:51.357+0000] {dag.py:2941} INFO - Sync 1 DAGs
[2023-10-18T21:26:51.373+0000] {logging_mixin.py:151} INFO - [2023-10-18T21:26:51.373+0000] {dag.py:3722} INFO - Setting next_dagrun for example_python_operator to None, run_after=None
[2023-10-18T21:26:51.394+0000] {processor.py:179} INFO - Processing /home/airflow/.local/lib/python3.8/site-packages/airflow/example_dags/example_python_operator.py took 0.086 seconds
[2023-10-18T21:27:21.430+0000] {processor.py:157} INFO - Started process (PID=427) to work on /home/airflow/.local/lib/python3.8/site-packages/airflow/example_dags/example_python_operator.py
[2023-10-18T21:27:21.431+0000] {processor.py:829} INFO - Processing file /home/airflow/.local/lib/python3.8/site-packages/airflow/example_dags/example_python_operator.py for tasks to queue
[2023-10-18T21:27:21.434+0000] {logging_mixin.py:151} INFO - [2023-10-18T21:27:21.434+0000] {dagbag.py:536} INFO - Filling up the DagBag from /home/airflow/.local/lib/python3.8/site-packages/airflow/example_dags/example_python_operator.py
[2023-10-18T21:27:21.446+0000] {processor.py:839} INFO - DAG(s) dict_keys(['example_python_operator']) retrieved from /home/airflow/.local/lib/python3.8/site-packages/airflow/example_dags/example_python_operator.py
[2023-10-18T21:27:21.471+0000] {logging_mixin.py:151} INFO - [2023-10-18T21:27:21.471+0000] {dag.py:2941} INFO - Sync 1 DAGs
[2023-10-18T21:27:21.488+0000] {logging_mixin.py:151} INFO - [2023-10-18T21:27:21.488+0000] {dag.py:3722} INFO - Setting next_dagrun for example_python_operator to None, run_after=None
[2023-10-18T21:27:21.515+0000] {processor.py:179} INFO - Processing /home/airflow/.local/lib/python3.8/site-packages/airflow/example_dags/example_python_operator.py took 0.089 seconds
[2023-10-18T21:27:51.960+0000] {processor.py:157} INFO - Started process (PID=481) to work on /home/airflow/.local/lib/python3.8/site-packages/airflow/example_dags/example_python_operator.py
[2023-10-18T21:27:51.961+0000] {processor.py:829} INFO - Processing file /home/airflow/.local/lib/python3.8/site-packages/airflow/example_dags/example_python_operator.py for tasks to queue
[2023-10-18T21:27:51.964+0000] {logging_mixin.py:151} INFO - [2023-10-18T21:27:51.964+0000] {dagbag.py:536} INFO - Filling up the DagBag from /home/airflow/.local/lib/python3.8/site-packages/airflow/example_dags/example_python_operator.py
[2023-10-18T21:27:51.977+0000] {processor.py:839} INFO - DAG(s) dict_keys(['example_python_operator']) retrieved from /home/airflow/.local/lib/python3.8/site-packages/airflow/example_dags/example_python_operator.py
[2023-10-18T21:27:52.005+0000] {logging_mixin.py:151} INFO - [2023-10-18T21:27:52.005+0000] {dag.py:2941} INFO - Sync 1 DAGs
[2023-10-18T21:27:52.020+0000] {logging_mixin.py:151} INFO - [2023-10-18T21:27:52.020+0000] {dag.py:3722} INFO - Setting next_dagrun for example_python_operator to None, run_after=None
[2023-10-18T21:27:52.042+0000] {processor.py:179} INFO - Processing /home/airflow/.local/lib/python3.8/site-packages/airflow/example_dags/example_python_operator.py took 0.089 seconds
[2023-10-18T21:28:22.141+0000] {processor.py:157} INFO - Started process (PID=533) to work on /home/airflow/.local/lib/python3.8/site-packages/airflow/example_dags/example_python_operator.py
[2023-10-18T21:28:22.142+0000] {processor.py:829} INFO - Processing file /home/airflow/.local/lib/python3.8/site-packages/airflow/example_dags/example_python_operator.py for tasks to queue
[2023-10-18T21:28:22.147+0000] {logging_mixin.py:151} INFO - [2023-10-18T21:28:22.146+0000] {dagbag.py:536} INFO - Filling up the DagBag from /home/airflow/.local/lib/python3.8/site-packages/airflow/example_dags/example_python_operator.py
[2023-10-18T21:28:22.159+0000] {processor.py:839} INFO - DAG(s) dict_keys(['example_python_operator']) retrieved from /home/airflow/.local/lib/python3.8/site-packages/airflow/example_dags/example_python_operator.py
[2023-10-18T21:28:22.188+0000] {logging_mixin.py:151} INFO - [2023-10-18T21:28:22.188+0000] {dag.py:2941} INFO - Sync 1 DAGs
[2023-10-18T21:28:22.202+0000] {logging_mixin.py:151} INFO - [2023-10-18T21:28:22.201+0000] {dag.py:3722} INFO - Setting next_dagrun for example_python_operator to None, run_after=None
[2023-10-18T21:28:22.220+0000] {processor.py:179} INFO - Processing /home/airflow/.local/lib/python3.8/site-packages/airflow/example_dags/example_python_operator.py took 0.086 seconds
[2023-10-18T21:28:53.051+0000] {processor.py:157} INFO - Started process (PID=587) to work on /home/airflow/.local/lib/python3.8/site-packages/airflow/example_dags/example_python_operator.py
[2023-10-18T21:28:53.052+0000] {processor.py:829} INFO - Processing file /home/airflow/.local/lib/python3.8/site-packages/airflow/example_dags/example_python_operator.py for tasks to queue
[2023-10-18T21:28:53.054+0000] {logging_mixin.py:151} INFO - [2023-10-18T21:28:53.054+0000] {dagbag.py:536} INFO - Filling up the DagBag from /home/airflow/.local/lib/python3.8/site-packages/airflow/example_dags/example_python_operator.py
[2023-10-18T21:28:53.065+0000] {processor.py:839} INFO - DAG(s) dict_keys(['example_python_operator']) retrieved from /home/airflow/.local/lib/python3.8/site-packages/airflow/example_dags/example_python_operator.py
[2023-10-18T21:28:53.094+0000] {logging_mixin.py:151} INFO - [2023-10-18T21:28:53.094+0000] {dag.py:2941} INFO - Sync 1 DAGs
[2023-10-18T21:28:53.109+0000] {logging_mixin.py:151} INFO - [2023-10-18T21:28:53.109+0000] {dag.py:3722} INFO - Setting next_dagrun for example_python_operator to None, run_after=None
[2023-10-18T21:28:53.130+0000] {processor.py:179} INFO - Processing /home/airflow/.local/lib/python3.8/site-packages/airflow/example_dags/example_python_operator.py took 0.084 seconds
[2023-10-18T21:29:23.420+0000] {processor.py:157} INFO - Started process (PID=640) to work on /home/airflow/.local/lib/python3.8/site-packages/airflow/example_dags/example_python_operator.py
[2023-10-18T21:29:23.422+0000] {processor.py:829} INFO - Processing file /home/airflow/.local/lib/python3.8/site-packages/airflow/example_dags/example_python_operator.py for tasks to queue
[2023-10-18T21:29:23.425+0000] {logging_mixin.py:151} INFO - [2023-10-18T21:29:23.425+0000] {dagbag.py:536} INFO - Filling up the DagBag from /home/airflow/.local/lib/python3.8/site-packages/airflow/example_dags/example_python_operator.py
[2023-10-18T21:29:23.437+0000] {processor.py:839} INFO - DAG(s) dict_keys(['example_python_operator']) retrieved from /home/airflow/.local/lib/python3.8/site-packages/airflow/example_dags/example_python_operator.py
[2023-10-18T21:29:23.466+0000] {logging_mixin.py:151} INFO - [2023-10-18T21:29:23.465+0000] {dag.py:2941} INFO - Sync 1 DAGs
[2023-10-18T21:29:23.480+0000] {logging_mixin.py:151} INFO - [2023-10-18T21:29:23.480+0000] {dag.py:3722} INFO - Setting next_dagrun for example_python_operator to None, run_after=None
[2023-10-18T21:29:23.498+0000] {processor.py:179} INFO - Processing /home/airflow/.local/lib/python3.8/site-packages/airflow/example_dags/example_python_operator.py took 0.084 seconds
[2023-10-18T21:29:53.753+0000] {processor.py:157} INFO - Started process (PID=693) to work on /home/airflow/.local/lib/python3.8/site-packages/airflow/example_dags/example_python_operator.py
[2023-10-18T21:29:53.754+0000] {processor.py:829} INFO - Processing file /home/airflow/.local/lib/python3.8/site-packages/airflow/example_dags/example_python_operator.py for tasks to queue
[2023-10-18T21:29:53.757+0000] {logging_mixin.py:151} INFO - [2023-10-18T21:29:53.757+0000] {dagbag.py:536} INFO - Filling up the DagBag from /home/airflow/.local/lib/python3.8/site-packages/airflow/example_dags/example_python_operator.py
[2023-10-18T21:29:53.769+0000] {processor.py:839} INFO - DAG(s) dict_keys(['example_python_operator']) retrieved from /home/airflow/.local/lib/python3.8/site-packages/airflow/example_dags/example_python_operator.py
[2023-10-18T21:29:53.798+0000] {logging_mixin.py:151} INFO - [2023-10-18T21:29:53.798+0000] {dag.py:2941} INFO - Sync 1 DAGs
[2023-10-18T21:29:53.813+0000] {logging_mixin.py:151} INFO - [2023-10-18T21:29:53.813+0000] {dag.py:3722} INFO - Setting next_dagrun for example_python_operator to None, run_after=None
[2023-10-18T21:29:53.835+0000] {processor.py:179} INFO - Processing /home/airflow/.local/lib/python3.8/site-packages/airflow/example_dags/example_python_operator.py took 0.087 seconds
[2023-10-18T21:30:24.055+0000] {processor.py:157} INFO - Started process (PID=746) to work on /home/airflow/.local/lib/python3.8/site-packages/airflow/example_dags/example_python_operator.py
[2023-10-18T21:30:24.056+0000] {processor.py:829} INFO - Processing file /home/airflow/.local/lib/python3.8/site-packages/airflow/example_dags/example_python_operator.py for tasks to queue
[2023-10-18T21:30:24.059+0000] {logging_mixin.py:151} INFO - [2023-10-18T21:30:24.059+0000] {dagbag.py:536} INFO - Filling up the DagBag from /home/airflow/.local/lib/python3.8/site-packages/airflow/example_dags/example_python_operator.py
[2023-10-18T21:30:24.072+0000] {processor.py:839} INFO - DAG(s) dict_keys(['example_python_operator']) retrieved from /home/airflow/.local/lib/python3.8/site-packages/airflow/example_dags/example_python_operator.py
[2023-10-18T21:30:24.103+0000] {logging_mixin.py:151} INFO - [2023-10-18T21:30:24.103+0000] {dag.py:2941} INFO - Sync 1 DAGs
[2023-10-18T21:30:24.121+0000] {logging_mixin.py:151} INFO - [2023-10-18T21:30:24.121+0000] {dag.py:3722} INFO - Setting next_dagrun for example_python_operator to None, run_after=None
[2023-10-18T21:30:24.143+0000] {processor.py:179} INFO - Processing /home/airflow/.local/lib/python3.8/site-packages/airflow/example_dags/example_python_operator.py took 0.095 seconds
[2023-10-18T21:30:54.337+0000] {processor.py:157} INFO - Started process (PID=800) to work on /home/airflow/.local/lib/python3.8/site-packages/airflow/example_dags/example_python_operator.py
[2023-10-18T21:30:54.338+0000] {processor.py:829} INFO - Processing file /home/airflow/.local/lib/python3.8/site-packages/airflow/example_dags/example_python_operator.py for tasks to queue
[2023-10-18T21:30:54.341+0000] {logging_mixin.py:151} INFO - [2023-10-18T21:30:54.340+0000] {dagbag.py:536} INFO - Filling up the DagBag from /home/airflow/.local/lib/python3.8/site-packages/airflow/example_dags/example_python_operator.py
[2023-10-18T21:30:54.353+0000] {processor.py:839} INFO - DAG(s) dict_keys(['example_python_operator']) retrieved from /home/airflow/.local/lib/python3.8/site-packages/airflow/example_dags/example_python_operator.py
[2023-10-18T21:30:54.383+0000] {logging_mixin.py:151} INFO - [2023-10-18T21:30:54.382+0000] {dag.py:2941} INFO - Sync 1 DAGs
[2023-10-18T21:30:54.398+0000] {logging_mixin.py:151} INFO - [2023-10-18T21:30:54.397+0000] {dag.py:3722} INFO - Setting next_dagrun for example_python_operator to None, run_after=None
[2023-10-18T21:30:54.423+0000] {processor.py:179} INFO - Processing /home/airflow/.local/lib/python3.8/site-packages/airflow/example_dags/example_python_operator.py took 0.091 seconds
[2023-10-18T21:31:24.585+0000] {processor.py:157} INFO - Started process (PID=853) to work on /home/airflow/.local/lib/python3.8/site-packages/airflow/example_dags/example_python_operator.py
[2023-10-18T21:31:24.586+0000] {processor.py:829} INFO - Processing file /home/airflow/.local/lib/python3.8/site-packages/airflow/example_dags/example_python_operator.py for tasks to queue
[2023-10-18T21:31:24.588+0000] {logging_mixin.py:151} INFO - [2023-10-18T21:31:24.588+0000] {dagbag.py:536} INFO - Filling up the DagBag from /home/airflow/.local/lib/python3.8/site-packages/airflow/example_dags/example_python_operator.py
[2023-10-18T21:31:24.600+0000] {processor.py:839} INFO - DAG(s) dict_keys(['example_python_operator']) retrieved from /home/airflow/.local/lib/python3.8/site-packages/airflow/example_dags/example_python_operator.py
[2023-10-18T21:31:24.629+0000] {logging_mixin.py:151} INFO - [2023-10-18T21:31:24.629+0000] {dag.py:2941} INFO - Sync 1 DAGs
[2023-10-18T21:31:24.652+0000] {logging_mixin.py:151} INFO - [2023-10-18T21:31:24.651+0000] {dag.py:3722} INFO - Setting next_dagrun for example_python_operator to None, run_after=None
[2023-10-18T21:31:24.678+0000] {processor.py:179} INFO - Processing /home/airflow/.local/lib/python3.8/site-packages/airflow/example_dags/example_python_operator.py took 0.097 seconds
