[2023-10-18T21:06:47.553+0000] {processor.py:157} INFO - Started process (PID=61) to work on /home/airflow/.local/lib/python3.8/site-packages/airflow/example_dags/example_branch_python_dop_operator_3.py
[2023-10-18T21:06:47.554+0000] {processor.py:829} INFO - Processing file /home/airflow/.local/lib/python3.8/site-packages/airflow/example_dags/example_branch_python_dop_operator_3.py for tasks to queue
[2023-10-18T21:06:47.557+0000] {logging_mixin.py:151} INFO - [2023-10-18T21:06:47.556+0000] {dagbag.py:536} INFO - Filling up the DagBag from /home/airflow/.local/lib/python3.8/site-packages/airflow/example_dags/example_branch_python_dop_operator_3.py
[2023-10-18T21:06:47.571+0000] {processor.py:839} INFO - DAG(s) dict_keys(['example_branch_dop_operator_v3']) retrieved from /home/airflow/.local/lib/python3.8/site-packages/airflow/example_dags/example_branch_python_dop_operator_3.py
[2023-10-18T21:06:47.600+0000] {logging_mixin.py:151} INFO - [2023-10-18T21:06:47.600+0000] {dag.py:2941} INFO - Sync 1 DAGs
[2023-10-18T21:06:47.649+0000] {logging_mixin.py:151} INFO - [2023-10-18T21:06:47.648+0000] {dag.py:3722} INFO - Setting next_dagrun for example_branch_dop_operator_v3 to 2023-10-18T21:05:00+00:00, run_after=2023-10-18T21:06:00+00:00
[2023-10-18T21:06:47.676+0000] {processor.py:179} INFO - Processing /home/airflow/.local/lib/python3.8/site-packages/airflow/example_dags/example_branch_python_dop_operator_3.py took 0.127 seconds
[2023-10-18T21:07:18.217+0000] {processor.py:157} INFO - Started process (PID=114) to work on /home/airflow/.local/lib/python3.8/site-packages/airflow/example_dags/example_branch_python_dop_operator_3.py
[2023-10-18T21:07:18.219+0000] {processor.py:829} INFO - Processing file /home/airflow/.local/lib/python3.8/site-packages/airflow/example_dags/example_branch_python_dop_operator_3.py for tasks to queue
[2023-10-18T21:07:18.221+0000] {logging_mixin.py:151} INFO - [2023-10-18T21:07:18.221+0000] {dagbag.py:536} INFO - Filling up the DagBag from /home/airflow/.local/lib/python3.8/site-packages/airflow/example_dags/example_branch_python_dop_operator_3.py
[2023-10-18T21:07:18.231+0000] {processor.py:839} INFO - DAG(s) dict_keys(['example_branch_dop_operator_v3']) retrieved from /home/airflow/.local/lib/python3.8/site-packages/airflow/example_dags/example_branch_python_dop_operator_3.py
[2023-10-18T21:07:18.267+0000] {logging_mixin.py:151} INFO - [2023-10-18T21:07:18.267+0000] {dag.py:2941} INFO - Sync 1 DAGs
[2023-10-18T21:07:18.300+0000] {logging_mixin.py:151} INFO - [2023-10-18T21:07:18.300+0000] {dag.py:3722} INFO - Setting next_dagrun for example_branch_dop_operator_v3 to 2023-10-18T21:06:00+00:00, run_after=2023-10-18T21:07:00+00:00
[2023-10-18T21:07:18.319+0000] {processor.py:179} INFO - Processing /home/airflow/.local/lib/python3.8/site-packages/airflow/example_dags/example_branch_python_dop_operator_3.py took 0.106 seconds
[2023-10-18T21:07:48.489+0000] {processor.py:157} INFO - Started process (PID=167) to work on /home/airflow/.local/lib/python3.8/site-packages/airflow/example_dags/example_branch_python_dop_operator_3.py
[2023-10-18T21:07:48.490+0000] {processor.py:829} INFO - Processing file /home/airflow/.local/lib/python3.8/site-packages/airflow/example_dags/example_branch_python_dop_operator_3.py for tasks to queue
[2023-10-18T21:07:48.493+0000] {logging_mixin.py:151} INFO - [2023-10-18T21:07:48.492+0000] {dagbag.py:536} INFO - Filling up the DagBag from /home/airflow/.local/lib/python3.8/site-packages/airflow/example_dags/example_branch_python_dop_operator_3.py
[2023-10-18T21:07:48.503+0000] {processor.py:839} INFO - DAG(s) dict_keys(['example_branch_dop_operator_v3']) retrieved from /home/airflow/.local/lib/python3.8/site-packages/airflow/example_dags/example_branch_python_dop_operator_3.py
[2023-10-18T21:07:48.530+0000] {logging_mixin.py:151} INFO - [2023-10-18T21:07:48.529+0000] {dag.py:2941} INFO - Sync 1 DAGs
[2023-10-18T21:07:48.564+0000] {logging_mixin.py:151} INFO - [2023-10-18T21:07:48.563+0000] {dag.py:3722} INFO - Setting next_dagrun for example_branch_dop_operator_v3 to 2023-10-18T21:06:00+00:00, run_after=2023-10-18T21:07:00+00:00
[2023-10-18T21:07:48.583+0000] {processor.py:179} INFO - Processing /home/airflow/.local/lib/python3.8/site-packages/airflow/example_dags/example_branch_python_dop_operator_3.py took 0.100 seconds
[2023-10-18T21:08:18.746+0000] {processor.py:157} INFO - Started process (PID=220) to work on /home/airflow/.local/lib/python3.8/site-packages/airflow/example_dags/example_branch_python_dop_operator_3.py
[2023-10-18T21:08:18.747+0000] {processor.py:829} INFO - Processing file /home/airflow/.local/lib/python3.8/site-packages/airflow/example_dags/example_branch_python_dop_operator_3.py for tasks to queue
[2023-10-18T21:08:18.751+0000] {logging_mixin.py:151} INFO - [2023-10-18T21:08:18.750+0000] {dagbag.py:536} INFO - Filling up the DagBag from /home/airflow/.local/lib/python3.8/site-packages/airflow/example_dags/example_branch_python_dop_operator_3.py
[2023-10-18T21:08:18.763+0000] {processor.py:839} INFO - DAG(s) dict_keys(['example_branch_dop_operator_v3']) retrieved from /home/airflow/.local/lib/python3.8/site-packages/airflow/example_dags/example_branch_python_dop_operator_3.py
[2023-10-18T21:08:18.796+0000] {logging_mixin.py:151} INFO - [2023-10-18T21:08:18.795+0000] {dag.py:2941} INFO - Sync 1 DAGs
[2023-10-18T21:08:18.835+0000] {logging_mixin.py:151} INFO - [2023-10-18T21:08:18.835+0000] {dag.py:3722} INFO - Setting next_dagrun for example_branch_dop_operator_v3 to 2023-10-18T21:07:00+00:00, run_after=2023-10-18T21:08:00+00:00
[2023-10-18T21:08:18.854+0000] {processor.py:179} INFO - Processing /home/airflow/.local/lib/python3.8/site-packages/airflow/example_dags/example_branch_python_dop_operator_3.py took 0.114 seconds
[2023-10-18T21:08:48.928+0000] {processor.py:157} INFO - Started process (PID=273) to work on /home/airflow/.local/lib/python3.8/site-packages/airflow/example_dags/example_branch_python_dop_operator_3.py
[2023-10-18T21:08:48.930+0000] {processor.py:829} INFO - Processing file /home/airflow/.local/lib/python3.8/site-packages/airflow/example_dags/example_branch_python_dop_operator_3.py for tasks to queue
[2023-10-18T21:08:48.932+0000] {logging_mixin.py:151} INFO - [2023-10-18T21:08:48.932+0000] {dagbag.py:536} INFO - Filling up the DagBag from /home/airflow/.local/lib/python3.8/site-packages/airflow/example_dags/example_branch_python_dop_operator_3.py
[2023-10-18T21:08:48.943+0000] {processor.py:839} INFO - DAG(s) dict_keys(['example_branch_dop_operator_v3']) retrieved from /home/airflow/.local/lib/python3.8/site-packages/airflow/example_dags/example_branch_python_dop_operator_3.py
[2023-10-18T21:08:48.971+0000] {logging_mixin.py:151} INFO - [2023-10-18T21:08:48.971+0000] {dag.py:2941} INFO - Sync 1 DAGs
[2023-10-18T21:08:49.001+0000] {logging_mixin.py:151} INFO - [2023-10-18T21:08:49.001+0000] {dag.py:3722} INFO - Setting next_dagrun for example_branch_dop_operator_v3 to 2023-10-18T21:07:00+00:00, run_after=2023-10-18T21:08:00+00:00
[2023-10-18T21:08:49.021+0000] {processor.py:179} INFO - Processing /home/airflow/.local/lib/python3.8/site-packages/airflow/example_dags/example_branch_python_dop_operator_3.py took 0.098 seconds
[2023-10-18T21:09:19.151+0000] {processor.py:157} INFO - Started process (PID=326) to work on /home/airflow/.local/lib/python3.8/site-packages/airflow/example_dags/example_branch_python_dop_operator_3.py
[2023-10-18T21:09:19.152+0000] {processor.py:829} INFO - Processing file /home/airflow/.local/lib/python3.8/site-packages/airflow/example_dags/example_branch_python_dop_operator_3.py for tasks to queue
[2023-10-18T21:09:19.155+0000] {logging_mixin.py:151} INFO - [2023-10-18T21:09:19.155+0000] {dagbag.py:536} INFO - Filling up the DagBag from /home/airflow/.local/lib/python3.8/site-packages/airflow/example_dags/example_branch_python_dop_operator_3.py
[2023-10-18T21:09:19.166+0000] {processor.py:839} INFO - DAG(s) dict_keys(['example_branch_dop_operator_v3']) retrieved from /home/airflow/.local/lib/python3.8/site-packages/airflow/example_dags/example_branch_python_dop_operator_3.py
[2023-10-18T21:09:19.192+0000] {logging_mixin.py:151} INFO - [2023-10-18T21:09:19.192+0000] {dag.py:2941} INFO - Sync 1 DAGs
[2023-10-18T21:09:19.226+0000] {logging_mixin.py:151} INFO - [2023-10-18T21:09:19.226+0000] {dag.py:3722} INFO - Setting next_dagrun for example_branch_dop_operator_v3 to 2023-10-18T21:08:00+00:00, run_after=2023-10-18T21:09:00+00:00
[2023-10-18T21:09:19.253+0000] {processor.py:179} INFO - Processing /home/airflow/.local/lib/python3.8/site-packages/airflow/example_dags/example_branch_python_dop_operator_3.py took 0.108 seconds
[2023-10-18T21:09:49.465+0000] {processor.py:157} INFO - Started process (PID=379) to work on /home/airflow/.local/lib/python3.8/site-packages/airflow/example_dags/example_branch_python_dop_operator_3.py
[2023-10-18T21:09:49.466+0000] {processor.py:829} INFO - Processing file /home/airflow/.local/lib/python3.8/site-packages/airflow/example_dags/example_branch_python_dop_operator_3.py for tasks to queue
[2023-10-18T21:09:49.469+0000] {logging_mixin.py:151} INFO - [2023-10-18T21:09:49.469+0000] {dagbag.py:536} INFO - Filling up the DagBag from /home/airflow/.local/lib/python3.8/site-packages/airflow/example_dags/example_branch_python_dop_operator_3.py
[2023-10-18T21:09:49.479+0000] {processor.py:839} INFO - DAG(s) dict_keys(['example_branch_dop_operator_v3']) retrieved from /home/airflow/.local/lib/python3.8/site-packages/airflow/example_dags/example_branch_python_dop_operator_3.py
[2023-10-18T21:09:49.500+0000] {logging_mixin.py:151} INFO - [2023-10-18T21:09:49.500+0000] {dag.py:2941} INFO - Sync 1 DAGs
[2023-10-18T21:09:49.529+0000] {logging_mixin.py:151} INFO - [2023-10-18T21:09:49.529+0000] {dag.py:3722} INFO - Setting next_dagrun for example_branch_dop_operator_v3 to 2023-10-18T21:08:00+00:00, run_after=2023-10-18T21:09:00+00:00
[2023-10-18T21:09:49.549+0000] {processor.py:179} INFO - Processing /home/airflow/.local/lib/python3.8/site-packages/airflow/example_dags/example_branch_python_dop_operator_3.py took 0.091 seconds
[2023-10-18T21:10:19.675+0000] {processor.py:157} INFO - Started process (PID=432) to work on /home/airflow/.local/lib/python3.8/site-packages/airflow/example_dags/example_branch_python_dop_operator_3.py
[2023-10-18T21:10:19.677+0000] {processor.py:829} INFO - Processing file /home/airflow/.local/lib/python3.8/site-packages/airflow/example_dags/example_branch_python_dop_operator_3.py for tasks to queue
[2023-10-18T21:10:19.679+0000] {logging_mixin.py:151} INFO - [2023-10-18T21:10:19.679+0000] {dagbag.py:536} INFO - Filling up the DagBag from /home/airflow/.local/lib/python3.8/site-packages/airflow/example_dags/example_branch_python_dop_operator_3.py
[2023-10-18T21:10:19.691+0000] {processor.py:839} INFO - DAG(s) dict_keys(['example_branch_dop_operator_v3']) retrieved from /home/airflow/.local/lib/python3.8/site-packages/airflow/example_dags/example_branch_python_dop_operator_3.py
[2023-10-18T21:10:19.716+0000] {logging_mixin.py:151} INFO - [2023-10-18T21:10:19.716+0000] {dag.py:2941} INFO - Sync 1 DAGs
[2023-10-18T21:10:19.749+0000] {logging_mixin.py:151} INFO - [2023-10-18T21:10:19.749+0000] {dag.py:3722} INFO - Setting next_dagrun for example_branch_dop_operator_v3 to 2023-10-18T21:09:00+00:00, run_after=2023-10-18T21:10:00+00:00
[2023-10-18T21:10:19.767+0000] {processor.py:179} INFO - Processing /home/airflow/.local/lib/python3.8/site-packages/airflow/example_dags/example_branch_python_dop_operator_3.py took 0.097 seconds
[2023-10-18T21:10:50.709+0000] {processor.py:157} INFO - Started process (PID=485) to work on /home/airflow/.local/lib/python3.8/site-packages/airflow/example_dags/example_branch_python_dop_operator_3.py
[2023-10-18T21:10:50.710+0000] {processor.py:829} INFO - Processing file /home/airflow/.local/lib/python3.8/site-packages/airflow/example_dags/example_branch_python_dop_operator_3.py for tasks to queue
[2023-10-18T21:10:50.712+0000] {logging_mixin.py:151} INFO - [2023-10-18T21:10:50.712+0000] {dagbag.py:536} INFO - Filling up the DagBag from /home/airflow/.local/lib/python3.8/site-packages/airflow/example_dags/example_branch_python_dop_operator_3.py
[2023-10-18T21:10:50.723+0000] {processor.py:839} INFO - DAG(s) dict_keys(['example_branch_dop_operator_v3']) retrieved from /home/airflow/.local/lib/python3.8/site-packages/airflow/example_dags/example_branch_python_dop_operator_3.py
[2023-10-18T21:10:50.749+0000] {logging_mixin.py:151} INFO - [2023-10-18T21:10:50.749+0000] {dag.py:2941} INFO - Sync 1 DAGs
[2023-10-18T21:10:50.805+0000] {logging_mixin.py:151} INFO - [2023-10-18T21:10:50.805+0000] {dag.py:3722} INFO - Setting next_dagrun for example_branch_dop_operator_v3 to 2023-10-18T21:09:00+00:00, run_after=2023-10-18T21:10:00+00:00
[2023-10-18T21:10:50.839+0000] {processor.py:179} INFO - Processing /home/airflow/.local/lib/python3.8/site-packages/airflow/example_dags/example_branch_python_dop_operator_3.py took 0.134 seconds
[2023-10-18T21:11:21.231+0000] {processor.py:157} INFO - Started process (PID=538) to work on /home/airflow/.local/lib/python3.8/site-packages/airflow/example_dags/example_branch_python_dop_operator_3.py
[2023-10-18T21:11:21.233+0000] {processor.py:829} INFO - Processing file /home/airflow/.local/lib/python3.8/site-packages/airflow/example_dags/example_branch_python_dop_operator_3.py for tasks to queue
[2023-10-18T21:11:21.235+0000] {logging_mixin.py:151} INFO - [2023-10-18T21:11:21.235+0000] {dagbag.py:536} INFO - Filling up the DagBag from /home/airflow/.local/lib/python3.8/site-packages/airflow/example_dags/example_branch_python_dop_operator_3.py
[2023-10-18T21:11:21.246+0000] {processor.py:839} INFO - DAG(s) dict_keys(['example_branch_dop_operator_v3']) retrieved from /home/airflow/.local/lib/python3.8/site-packages/airflow/example_dags/example_branch_python_dop_operator_3.py
[2023-10-18T21:11:21.276+0000] {logging_mixin.py:151} INFO - [2023-10-18T21:11:21.276+0000] {dag.py:2941} INFO - Sync 1 DAGs
[2023-10-18T21:11:21.306+0000] {logging_mixin.py:151} INFO - [2023-10-18T21:11:21.306+0000] {dag.py:3722} INFO - Setting next_dagrun for example_branch_dop_operator_v3 to 2023-10-18T21:10:00+00:00, run_after=2023-10-18T21:11:00+00:00
[2023-10-18T21:11:21.325+0000] {processor.py:179} INFO - Processing /home/airflow/.local/lib/python3.8/site-packages/airflow/example_dags/example_branch_python_dop_operator_3.py took 0.098 seconds
[2023-10-18T21:11:51.669+0000] {processor.py:157} INFO - Started process (PID=591) to work on /home/airflow/.local/lib/python3.8/site-packages/airflow/example_dags/example_branch_python_dop_operator_3.py
[2023-10-18T21:11:51.671+0000] {processor.py:829} INFO - Processing file /home/airflow/.local/lib/python3.8/site-packages/airflow/example_dags/example_branch_python_dop_operator_3.py for tasks to queue
[2023-10-18T21:11:51.673+0000] {logging_mixin.py:151} INFO - [2023-10-18T21:11:51.673+0000] {dagbag.py:536} INFO - Filling up the DagBag from /home/airflow/.local/lib/python3.8/site-packages/airflow/example_dags/example_branch_python_dop_operator_3.py
[2023-10-18T21:11:51.685+0000] {processor.py:839} INFO - DAG(s) dict_keys(['example_branch_dop_operator_v3']) retrieved from /home/airflow/.local/lib/python3.8/site-packages/airflow/example_dags/example_branch_python_dop_operator_3.py
[2023-10-18T21:11:51.713+0000] {logging_mixin.py:151} INFO - [2023-10-18T21:11:51.713+0000] {dag.py:2941} INFO - Sync 1 DAGs
[2023-10-18T21:11:51.745+0000] {logging_mixin.py:151} INFO - [2023-10-18T21:11:51.745+0000] {dag.py:3722} INFO - Setting next_dagrun for example_branch_dop_operator_v3 to 2023-10-18T21:10:00+00:00, run_after=2023-10-18T21:11:00+00:00
[2023-10-18T21:11:51.764+0000] {processor.py:179} INFO - Processing /home/airflow/.local/lib/python3.8/site-packages/airflow/example_dags/example_branch_python_dop_operator_3.py took 0.102 seconds
[2023-10-18T21:12:21.851+0000] {processor.py:157} INFO - Started process (PID=645) to work on /home/airflow/.local/lib/python3.8/site-packages/airflow/example_dags/example_branch_python_dop_operator_3.py
[2023-10-18T21:12:21.853+0000] {processor.py:829} INFO - Processing file /home/airflow/.local/lib/python3.8/site-packages/airflow/example_dags/example_branch_python_dop_operator_3.py for tasks to queue
[2023-10-18T21:12:21.856+0000] {logging_mixin.py:151} INFO - [2023-10-18T21:12:21.856+0000] {dagbag.py:536} INFO - Filling up the DagBag from /home/airflow/.local/lib/python3.8/site-packages/airflow/example_dags/example_branch_python_dop_operator_3.py
[2023-10-18T21:12:21.867+0000] {processor.py:839} INFO - DAG(s) dict_keys(['example_branch_dop_operator_v3']) retrieved from /home/airflow/.local/lib/python3.8/site-packages/airflow/example_dags/example_branch_python_dop_operator_3.py
[2023-10-18T21:12:21.892+0000] {logging_mixin.py:151} INFO - [2023-10-18T21:12:21.892+0000] {dag.py:2941} INFO - Sync 1 DAGs
[2023-10-18T21:12:21.927+0000] {logging_mixin.py:151} INFO - [2023-10-18T21:12:21.927+0000] {dag.py:3722} INFO - Setting next_dagrun for example_branch_dop_operator_v3 to 2023-10-18T21:11:00+00:00, run_after=2023-10-18T21:12:00+00:00
[2023-10-18T21:12:21.947+0000] {processor.py:179} INFO - Processing /home/airflow/.local/lib/python3.8/site-packages/airflow/example_dags/example_branch_python_dop_operator_3.py took 0.102 seconds
[2023-10-18T21:12:52.443+0000] {processor.py:157} INFO - Started process (PID=698) to work on /home/airflow/.local/lib/python3.8/site-packages/airflow/example_dags/example_branch_python_dop_operator_3.py
[2023-10-18T21:12:52.444+0000] {processor.py:829} INFO - Processing file /home/airflow/.local/lib/python3.8/site-packages/airflow/example_dags/example_branch_python_dop_operator_3.py for tasks to queue
[2023-10-18T21:12:52.447+0000] {logging_mixin.py:151} INFO - [2023-10-18T21:12:52.447+0000] {dagbag.py:536} INFO - Filling up the DagBag from /home/airflow/.local/lib/python3.8/site-packages/airflow/example_dags/example_branch_python_dop_operator_3.py
[2023-10-18T21:12:52.458+0000] {processor.py:839} INFO - DAG(s) dict_keys(['example_branch_dop_operator_v3']) retrieved from /home/airflow/.local/lib/python3.8/site-packages/airflow/example_dags/example_branch_python_dop_operator_3.py
[2023-10-18T21:12:52.485+0000] {logging_mixin.py:151} INFO - [2023-10-18T21:12:52.485+0000] {dag.py:2941} INFO - Sync 1 DAGs
[2023-10-18T21:12:52.519+0000] {logging_mixin.py:151} INFO - [2023-10-18T21:12:52.519+0000] {dag.py:3722} INFO - Setting next_dagrun for example_branch_dop_operator_v3 to 2023-10-18T21:11:00+00:00, run_after=2023-10-18T21:12:00+00:00
[2023-10-18T21:12:52.541+0000] {processor.py:179} INFO - Processing /home/airflow/.local/lib/python3.8/site-packages/airflow/example_dags/example_branch_python_dop_operator_3.py took 0.103 seconds
[2023-10-18T21:15:10.107+0000] {processor.py:157} INFO - Started process (PID=60) to work on /home/airflow/.local/lib/python3.8/site-packages/airflow/example_dags/example_branch_python_dop_operator_3.py
[2023-10-18T21:15:10.109+0000] {processor.py:829} INFO - Processing file /home/airflow/.local/lib/python3.8/site-packages/airflow/example_dags/example_branch_python_dop_operator_3.py for tasks to queue
[2023-10-18T21:15:10.111+0000] {logging_mixin.py:151} INFO - [2023-10-18T21:15:10.111+0000] {dagbag.py:536} INFO - Filling up the DagBag from /home/airflow/.local/lib/python3.8/site-packages/airflow/example_dags/example_branch_python_dop_operator_3.py
[2023-10-18T21:15:10.124+0000] {processor.py:839} INFO - DAG(s) dict_keys(['example_branch_dop_operator_v3']) retrieved from /home/airflow/.local/lib/python3.8/site-packages/airflow/example_dags/example_branch_python_dop_operator_3.py
[2023-10-18T21:15:10.150+0000] {logging_mixin.py:151} INFO - [2023-10-18T21:15:10.150+0000] {dag.py:2941} INFO - Sync 1 DAGs
[2023-10-18T21:15:10.181+0000] {logging_mixin.py:151} INFO - [2023-10-18T21:15:10.181+0000] {dag.py:3722} INFO - Setting next_dagrun for example_branch_dop_operator_v3 to 2023-10-18T21:14:00+00:00, run_after=2023-10-18T21:15:00+00:00
[2023-10-18T21:15:10.199+0000] {processor.py:179} INFO - Processing /home/airflow/.local/lib/python3.8/site-packages/airflow/example_dags/example_branch_python_dop_operator_3.py took 0.097 seconds
[2023-10-18T21:15:40.363+0000] {processor.py:157} INFO - Started process (PID=112) to work on /home/airflow/.local/lib/python3.8/site-packages/airflow/example_dags/example_branch_python_dop_operator_3.py
[2023-10-18T21:15:40.365+0000] {processor.py:829} INFO - Processing file /home/airflow/.local/lib/python3.8/site-packages/airflow/example_dags/example_branch_python_dop_operator_3.py for tasks to queue
[2023-10-18T21:15:40.368+0000] {logging_mixin.py:151} INFO - [2023-10-18T21:15:40.367+0000] {dagbag.py:536} INFO - Filling up the DagBag from /home/airflow/.local/lib/python3.8/site-packages/airflow/example_dags/example_branch_python_dop_operator_3.py
[2023-10-18T21:15:40.378+0000] {processor.py:839} INFO - DAG(s) dict_keys(['example_branch_dop_operator_v3']) retrieved from /home/airflow/.local/lib/python3.8/site-packages/airflow/example_dags/example_branch_python_dop_operator_3.py
[2023-10-18T21:15:40.401+0000] {logging_mixin.py:151} INFO - [2023-10-18T21:15:40.400+0000] {dag.py:2941} INFO - Sync 1 DAGs
[2023-10-18T21:15:40.433+0000] {logging_mixin.py:151} INFO - [2023-10-18T21:15:40.433+0000] {dag.py:3722} INFO - Setting next_dagrun for example_branch_dop_operator_v3 to 2023-10-18T21:14:00+00:00, run_after=2023-10-18T21:15:00+00:00
[2023-10-18T21:15:40.453+0000] {processor.py:179} INFO - Processing /home/airflow/.local/lib/python3.8/site-packages/airflow/example_dags/example_branch_python_dop_operator_3.py took 0.095 seconds
[2023-10-18T21:16:10.736+0000] {processor.py:157} INFO - Started process (PID=166) to work on /home/airflow/.local/lib/python3.8/site-packages/airflow/example_dags/example_branch_python_dop_operator_3.py
[2023-10-18T21:16:10.737+0000] {processor.py:829} INFO - Processing file /home/airflow/.local/lib/python3.8/site-packages/airflow/example_dags/example_branch_python_dop_operator_3.py for tasks to queue
[2023-10-18T21:16:10.740+0000] {logging_mixin.py:151} INFO - [2023-10-18T21:16:10.739+0000] {dagbag.py:536} INFO - Filling up the DagBag from /home/airflow/.local/lib/python3.8/site-packages/airflow/example_dags/example_branch_python_dop_operator_3.py
[2023-10-18T21:16:10.751+0000] {processor.py:839} INFO - DAG(s) dict_keys(['example_branch_dop_operator_v3']) retrieved from /home/airflow/.local/lib/python3.8/site-packages/airflow/example_dags/example_branch_python_dop_operator_3.py
[2023-10-18T21:16:10.777+0000] {logging_mixin.py:151} INFO - [2023-10-18T21:16:10.777+0000] {dag.py:2941} INFO - Sync 1 DAGs
[2023-10-18T21:16:10.811+0000] {logging_mixin.py:151} INFO - [2023-10-18T21:16:10.811+0000] {dag.py:3722} INFO - Setting next_dagrun for example_branch_dop_operator_v3 to 2023-10-18T21:15:00+00:00, run_after=2023-10-18T21:16:00+00:00
[2023-10-18T21:16:10.837+0000] {processor.py:179} INFO - Processing /home/airflow/.local/lib/python3.8/site-packages/airflow/example_dags/example_branch_python_dop_operator_3.py took 0.108 seconds
[2023-10-18T21:16:41.015+0000] {processor.py:157} INFO - Started process (PID=219) to work on /home/airflow/.local/lib/python3.8/site-packages/airflow/example_dags/example_branch_python_dop_operator_3.py
[2023-10-18T21:16:41.016+0000] {processor.py:829} INFO - Processing file /home/airflow/.local/lib/python3.8/site-packages/airflow/example_dags/example_branch_python_dop_operator_3.py for tasks to queue
[2023-10-18T21:16:41.018+0000] {logging_mixin.py:151} INFO - [2023-10-18T21:16:41.018+0000] {dagbag.py:536} INFO - Filling up the DagBag from /home/airflow/.local/lib/python3.8/site-packages/airflow/example_dags/example_branch_python_dop_operator_3.py
[2023-10-18T21:16:41.028+0000] {processor.py:839} INFO - DAG(s) dict_keys(['example_branch_dop_operator_v3']) retrieved from /home/airflow/.local/lib/python3.8/site-packages/airflow/example_dags/example_branch_python_dop_operator_3.py
[2023-10-18T21:16:41.051+0000] {logging_mixin.py:151} INFO - [2023-10-18T21:16:41.050+0000] {dag.py:2941} INFO - Sync 1 DAGs
[2023-10-18T21:16:41.082+0000] {logging_mixin.py:151} INFO - [2023-10-18T21:16:41.082+0000] {dag.py:3722} INFO - Setting next_dagrun for example_branch_dop_operator_v3 to 2023-10-18T21:15:00+00:00, run_after=2023-10-18T21:16:00+00:00
[2023-10-18T21:16:41.099+0000] {processor.py:179} INFO - Processing /home/airflow/.local/lib/python3.8/site-packages/airflow/example_dags/example_branch_python_dop_operator_3.py took 0.088 seconds
[2023-10-18T21:17:11.388+0000] {processor.py:157} INFO - Started process (PID=273) to work on /home/airflow/.local/lib/python3.8/site-packages/airflow/example_dags/example_branch_python_dop_operator_3.py
[2023-10-18T21:17:11.389+0000] {processor.py:829} INFO - Processing file /home/airflow/.local/lib/python3.8/site-packages/airflow/example_dags/example_branch_python_dop_operator_3.py for tasks to queue
[2023-10-18T21:17:11.392+0000] {logging_mixin.py:151} INFO - [2023-10-18T21:17:11.391+0000] {dagbag.py:536} INFO - Filling up the DagBag from /home/airflow/.local/lib/python3.8/site-packages/airflow/example_dags/example_branch_python_dop_operator_3.py
[2023-10-18T21:17:11.403+0000] {processor.py:839} INFO - DAG(s) dict_keys(['example_branch_dop_operator_v3']) retrieved from /home/airflow/.local/lib/python3.8/site-packages/airflow/example_dags/example_branch_python_dop_operator_3.py
[2023-10-18T21:17:11.427+0000] {logging_mixin.py:151} INFO - [2023-10-18T21:17:11.427+0000] {dag.py:2941} INFO - Sync 1 DAGs
[2023-10-18T21:17:11.458+0000] {logging_mixin.py:151} INFO - [2023-10-18T21:17:11.458+0000] {dag.py:3722} INFO - Setting next_dagrun for example_branch_dop_operator_v3 to 2023-10-18T21:16:00+00:00, run_after=2023-10-18T21:17:00+00:00
[2023-10-18T21:17:11.477+0000] {processor.py:179} INFO - Processing /home/airflow/.local/lib/python3.8/site-packages/airflow/example_dags/example_branch_python_dop_operator_3.py took 0.094 seconds
[2023-10-18T21:17:42.417+0000] {processor.py:157} INFO - Started process (PID=326) to work on /home/airflow/.local/lib/python3.8/site-packages/airflow/example_dags/example_branch_python_dop_operator_3.py
[2023-10-18T21:17:42.419+0000] {processor.py:829} INFO - Processing file /home/airflow/.local/lib/python3.8/site-packages/airflow/example_dags/example_branch_python_dop_operator_3.py for tasks to queue
[2023-10-18T21:17:42.422+0000] {logging_mixin.py:151} INFO - [2023-10-18T21:17:42.421+0000] {dagbag.py:536} INFO - Filling up the DagBag from /home/airflow/.local/lib/python3.8/site-packages/airflow/example_dags/example_branch_python_dop_operator_3.py
[2023-10-18T21:17:42.432+0000] {processor.py:839} INFO - DAG(s) dict_keys(['example_branch_dop_operator_v3']) retrieved from /home/airflow/.local/lib/python3.8/site-packages/airflow/example_dags/example_branch_python_dop_operator_3.py
[2023-10-18T21:17:42.444+0000] {logging_mixin.py:151} INFO - [2023-10-18T21:17:42.444+0000] {dag.py:2941} INFO - Sync 1 DAGs
[2023-10-18T21:17:42.482+0000] {logging_mixin.py:151} INFO - [2023-10-18T21:17:42.482+0000] {dag.py:3722} INFO - Setting next_dagrun for example_branch_dop_operator_v3 to 2023-10-18T21:16:00+00:00, run_after=2023-10-18T21:17:00+00:00
[2023-10-18T21:17:42.502+0000] {processor.py:179} INFO - Processing /home/airflow/.local/lib/python3.8/site-packages/airflow/example_dags/example_branch_python_dop_operator_3.py took 0.090 seconds
[2023-10-18T21:18:13.136+0000] {processor.py:157} INFO - Started process (PID=379) to work on /home/airflow/.local/lib/python3.8/site-packages/airflow/example_dags/example_branch_python_dop_operator_3.py
[2023-10-18T21:18:13.137+0000] {processor.py:829} INFO - Processing file /home/airflow/.local/lib/python3.8/site-packages/airflow/example_dags/example_branch_python_dop_operator_3.py for tasks to queue
[2023-10-18T21:18:13.140+0000] {logging_mixin.py:151} INFO - [2023-10-18T21:18:13.140+0000] {dagbag.py:536} INFO - Filling up the DagBag from /home/airflow/.local/lib/python3.8/site-packages/airflow/example_dags/example_branch_python_dop_operator_3.py
[2023-10-18T21:18:13.150+0000] {processor.py:839} INFO - DAG(s) dict_keys(['example_branch_dop_operator_v3']) retrieved from /home/airflow/.local/lib/python3.8/site-packages/airflow/example_dags/example_branch_python_dop_operator_3.py
[2023-10-18T21:18:13.177+0000] {logging_mixin.py:151} INFO - [2023-10-18T21:18:13.177+0000] {dag.py:2941} INFO - Sync 1 DAGs
[2023-10-18T21:18:13.208+0000] {logging_mixin.py:151} INFO - [2023-10-18T21:18:13.208+0000] {dag.py:3722} INFO - Setting next_dagrun for example_branch_dop_operator_v3 to 2023-10-18T21:17:00+00:00, run_after=2023-10-18T21:18:00+00:00
[2023-10-18T21:18:13.230+0000] {processor.py:179} INFO - Processing /home/airflow/.local/lib/python3.8/site-packages/airflow/example_dags/example_branch_python_dop_operator_3.py took 0.098 seconds
[2023-10-18T21:18:43.337+0000] {processor.py:157} INFO - Started process (PID=432) to work on /home/airflow/.local/lib/python3.8/site-packages/airflow/example_dags/example_branch_python_dop_operator_3.py
[2023-10-18T21:18:43.338+0000] {processor.py:829} INFO - Processing file /home/airflow/.local/lib/python3.8/site-packages/airflow/example_dags/example_branch_python_dop_operator_3.py for tasks to queue
[2023-10-18T21:18:43.341+0000] {logging_mixin.py:151} INFO - [2023-10-18T21:18:43.340+0000] {dagbag.py:536} INFO - Filling up the DagBag from /home/airflow/.local/lib/python3.8/site-packages/airflow/example_dags/example_branch_python_dop_operator_3.py
[2023-10-18T21:18:43.351+0000] {processor.py:839} INFO - DAG(s) dict_keys(['example_branch_dop_operator_v3']) retrieved from /home/airflow/.local/lib/python3.8/site-packages/airflow/example_dags/example_branch_python_dop_operator_3.py
[2023-10-18T21:18:43.374+0000] {logging_mixin.py:151} INFO - [2023-10-18T21:18:43.374+0000] {dag.py:2941} INFO - Sync 1 DAGs
[2023-10-18T21:18:43.404+0000] {logging_mixin.py:151} INFO - [2023-10-18T21:18:43.404+0000] {dag.py:3722} INFO - Setting next_dagrun for example_branch_dop_operator_v3 to 2023-10-18T21:17:00+00:00, run_after=2023-10-18T21:18:00+00:00
[2023-10-18T21:18:43.422+0000] {processor.py:179} INFO - Processing /home/airflow/.local/lib/python3.8/site-packages/airflow/example_dags/example_branch_python_dop_operator_3.py took 0.093 seconds
[2023-10-18T21:19:13.573+0000] {processor.py:157} INFO - Started process (PID=484) to work on /home/airflow/.local/lib/python3.8/site-packages/airflow/example_dags/example_branch_python_dop_operator_3.py
[2023-10-18T21:19:13.574+0000] {processor.py:829} INFO - Processing file /home/airflow/.local/lib/python3.8/site-packages/airflow/example_dags/example_branch_python_dop_operator_3.py for tasks to queue
[2023-10-18T21:19:13.577+0000] {logging_mixin.py:151} INFO - [2023-10-18T21:19:13.577+0000] {dagbag.py:536} INFO - Filling up the DagBag from /home/airflow/.local/lib/python3.8/site-packages/airflow/example_dags/example_branch_python_dop_operator_3.py
[2023-10-18T21:19:13.587+0000] {processor.py:839} INFO - DAG(s) dict_keys(['example_branch_dop_operator_v3']) retrieved from /home/airflow/.local/lib/python3.8/site-packages/airflow/example_dags/example_branch_python_dop_operator_3.py
[2023-10-18T21:19:13.610+0000] {logging_mixin.py:151} INFO - [2023-10-18T21:19:13.610+0000] {dag.py:2941} INFO - Sync 1 DAGs
[2023-10-18T21:19:13.644+0000] {logging_mixin.py:151} INFO - [2023-10-18T21:19:13.644+0000] {dag.py:3722} INFO - Setting next_dagrun for example_branch_dop_operator_v3 to 2023-10-18T21:18:00+00:00, run_after=2023-10-18T21:19:00+00:00
[2023-10-18T21:19:13.668+0000] {processor.py:179} INFO - Processing /home/airflow/.local/lib/python3.8/site-packages/airflow/example_dags/example_branch_python_dop_operator_3.py took 0.100 seconds
[2023-10-18T21:19:43.878+0000] {processor.py:157} INFO - Started process (PID=537) to work on /home/airflow/.local/lib/python3.8/site-packages/airflow/example_dags/example_branch_python_dop_operator_3.py
[2023-10-18T21:19:43.879+0000] {processor.py:829} INFO - Processing file /home/airflow/.local/lib/python3.8/site-packages/airflow/example_dags/example_branch_python_dop_operator_3.py for tasks to queue
[2023-10-18T21:19:43.882+0000] {logging_mixin.py:151} INFO - [2023-10-18T21:19:43.882+0000] {dagbag.py:536} INFO - Filling up the DagBag from /home/airflow/.local/lib/python3.8/site-packages/airflow/example_dags/example_branch_python_dop_operator_3.py
[2023-10-18T21:19:43.894+0000] {processor.py:839} INFO - DAG(s) dict_keys(['example_branch_dop_operator_v3']) retrieved from /home/airflow/.local/lib/python3.8/site-packages/airflow/example_dags/example_branch_python_dop_operator_3.py
[2023-10-18T21:19:43.925+0000] {logging_mixin.py:151} INFO - [2023-10-18T21:19:43.924+0000] {dag.py:2941} INFO - Sync 1 DAGs
[2023-10-18T21:19:43.969+0000] {logging_mixin.py:151} INFO - [2023-10-18T21:19:43.969+0000] {dag.py:3722} INFO - Setting next_dagrun for example_branch_dop_operator_v3 to 2023-10-18T21:18:00+00:00, run_after=2023-10-18T21:19:00+00:00
[2023-10-18T21:19:44.004+0000] {processor.py:179} INFO - Processing /home/airflow/.local/lib/python3.8/site-packages/airflow/example_dags/example_branch_python_dop_operator_3.py took 0.133 seconds
[2023-10-18T21:20:14.361+0000] {processor.py:157} INFO - Started process (PID=590) to work on /home/airflow/.local/lib/python3.8/site-packages/airflow/example_dags/example_branch_python_dop_operator_3.py
[2023-10-18T21:20:14.362+0000] {processor.py:829} INFO - Processing file /home/airflow/.local/lib/python3.8/site-packages/airflow/example_dags/example_branch_python_dop_operator_3.py for tasks to queue
[2023-10-18T21:20:14.365+0000] {logging_mixin.py:151} INFO - [2023-10-18T21:20:14.365+0000] {dagbag.py:536} INFO - Filling up the DagBag from /home/airflow/.local/lib/python3.8/site-packages/airflow/example_dags/example_branch_python_dop_operator_3.py
[2023-10-18T21:20:14.378+0000] {processor.py:839} INFO - DAG(s) dict_keys(['example_branch_dop_operator_v3']) retrieved from /home/airflow/.local/lib/python3.8/site-packages/airflow/example_dags/example_branch_python_dop_operator_3.py
[2023-10-18T21:20:14.400+0000] {logging_mixin.py:151} INFO - [2023-10-18T21:20:14.400+0000] {dag.py:2941} INFO - Sync 1 DAGs
[2023-10-18T21:20:14.431+0000] {logging_mixin.py:151} INFO - [2023-10-18T21:20:14.430+0000] {dag.py:3722} INFO - Setting next_dagrun for example_branch_dop_operator_v3 to 2023-10-18T21:19:00+00:00, run_after=2023-10-18T21:20:00+00:00
[2023-10-18T21:20:14.448+0000] {processor.py:179} INFO - Processing /home/airflow/.local/lib/python3.8/site-packages/airflow/example_dags/example_branch_python_dop_operator_3.py took 0.092 seconds
[2023-10-18T21:20:44.763+0000] {processor.py:157} INFO - Started process (PID=643) to work on /home/airflow/.local/lib/python3.8/site-packages/airflow/example_dags/example_branch_python_dop_operator_3.py
[2023-10-18T21:20:44.764+0000] {processor.py:829} INFO - Processing file /home/airflow/.local/lib/python3.8/site-packages/airflow/example_dags/example_branch_python_dop_operator_3.py for tasks to queue
[2023-10-18T21:20:44.768+0000] {logging_mixin.py:151} INFO - [2023-10-18T21:20:44.767+0000] {dagbag.py:536} INFO - Filling up the DagBag from /home/airflow/.local/lib/python3.8/site-packages/airflow/example_dags/example_branch_python_dop_operator_3.py
[2023-10-18T21:20:44.778+0000] {processor.py:839} INFO - DAG(s) dict_keys(['example_branch_dop_operator_v3']) retrieved from /home/airflow/.local/lib/python3.8/site-packages/airflow/example_dags/example_branch_python_dop_operator_3.py
[2023-10-18T21:20:44.800+0000] {logging_mixin.py:151} INFO - [2023-10-18T21:20:44.800+0000] {dag.py:2941} INFO - Sync 1 DAGs
[2023-10-18T21:20:44.831+0000] {logging_mixin.py:151} INFO - [2023-10-18T21:20:44.831+0000] {dag.py:3722} INFO - Setting next_dagrun for example_branch_dop_operator_v3 to 2023-10-18T21:19:00+00:00, run_after=2023-10-18T21:20:00+00:00
[2023-10-18T21:20:44.851+0000] {processor.py:179} INFO - Processing /home/airflow/.local/lib/python3.8/site-packages/airflow/example_dags/example_branch_python_dop_operator_3.py took 0.094 seconds
[2023-10-18T21:21:15.008+0000] {processor.py:157} INFO - Started process (PID=696) to work on /home/airflow/.local/lib/python3.8/site-packages/airflow/example_dags/example_branch_python_dop_operator_3.py
[2023-10-18T21:21:15.009+0000] {processor.py:829} INFO - Processing file /home/airflow/.local/lib/python3.8/site-packages/airflow/example_dags/example_branch_python_dop_operator_3.py for tasks to queue
[2023-10-18T21:21:15.012+0000] {logging_mixin.py:151} INFO - [2023-10-18T21:21:15.012+0000] {dagbag.py:536} INFO - Filling up the DagBag from /home/airflow/.local/lib/python3.8/site-packages/airflow/example_dags/example_branch_python_dop_operator_3.py
[2023-10-18T21:21:15.023+0000] {processor.py:839} INFO - DAG(s) dict_keys(['example_branch_dop_operator_v3']) retrieved from /home/airflow/.local/lib/python3.8/site-packages/airflow/example_dags/example_branch_python_dop_operator_3.py
[2023-10-18T21:21:15.050+0000] {logging_mixin.py:151} INFO - [2023-10-18T21:21:15.050+0000] {dag.py:2941} INFO - Sync 1 DAGs
[2023-10-18T21:21:15.083+0000] {logging_mixin.py:151} INFO - [2023-10-18T21:21:15.083+0000] {dag.py:3722} INFO - Setting next_dagrun for example_branch_dop_operator_v3 to 2023-10-18T21:20:00+00:00, run_after=2023-10-18T21:21:00+00:00
[2023-10-18T21:21:15.105+0000] {processor.py:179} INFO - Processing /home/airflow/.local/lib/python3.8/site-packages/airflow/example_dags/example_branch_python_dop_operator_3.py took 0.102 seconds
[2023-10-18T21:21:45.561+0000] {processor.py:157} INFO - Started process (PID=750) to work on /home/airflow/.local/lib/python3.8/site-packages/airflow/example_dags/example_branch_python_dop_operator_3.py
[2023-10-18T21:21:45.563+0000] {processor.py:829} INFO - Processing file /home/airflow/.local/lib/python3.8/site-packages/airflow/example_dags/example_branch_python_dop_operator_3.py for tasks to queue
[2023-10-18T21:21:45.566+0000] {logging_mixin.py:151} INFO - [2023-10-18T21:21:45.566+0000] {dagbag.py:536} INFO - Filling up the DagBag from /home/airflow/.local/lib/python3.8/site-packages/airflow/example_dags/example_branch_python_dop_operator_3.py
[2023-10-18T21:21:45.577+0000] {processor.py:839} INFO - DAG(s) dict_keys(['example_branch_dop_operator_v3']) retrieved from /home/airflow/.local/lib/python3.8/site-packages/airflow/example_dags/example_branch_python_dop_operator_3.py
[2023-10-18T21:21:45.602+0000] {logging_mixin.py:151} INFO - [2023-10-18T21:21:45.601+0000] {dag.py:2941} INFO - Sync 1 DAGs
[2023-10-18T21:21:45.632+0000] {logging_mixin.py:151} INFO - [2023-10-18T21:21:45.632+0000] {dag.py:3722} INFO - Setting next_dagrun for example_branch_dop_operator_v3 to 2023-10-18T21:20:00+00:00, run_after=2023-10-18T21:21:00+00:00
[2023-10-18T21:21:45.652+0000] {processor.py:179} INFO - Processing /home/airflow/.local/lib/python3.8/site-packages/airflow/example_dags/example_branch_python_dop_operator_3.py took 0.096 seconds
[2023-10-18T21:23:48.840+0000] {processor.py:157} INFO - Started process (PID=61) to work on /home/airflow/.local/lib/python3.8/site-packages/airflow/example_dags/example_branch_python_dop_operator_3.py
[2023-10-18T21:23:48.841+0000] {processor.py:829} INFO - Processing file /home/airflow/.local/lib/python3.8/site-packages/airflow/example_dags/example_branch_python_dop_operator_3.py for tasks to queue
[2023-10-18T21:23:48.844+0000] {logging_mixin.py:151} INFO - [2023-10-18T21:23:48.844+0000] {dagbag.py:536} INFO - Filling up the DagBag from /home/airflow/.local/lib/python3.8/site-packages/airflow/example_dags/example_branch_python_dop_operator_3.py
[2023-10-18T21:23:48.856+0000] {processor.py:839} INFO - DAG(s) dict_keys(['example_branch_dop_operator_v3']) retrieved from /home/airflow/.local/lib/python3.8/site-packages/airflow/example_dags/example_branch_python_dop_operator_3.py
[2023-10-18T21:23:48.869+0000] {logging_mixin.py:151} INFO - [2023-10-18T21:23:48.869+0000] {dag.py:2941} INFO - Sync 1 DAGs
[2023-10-18T21:23:48.916+0000] {logging_mixin.py:151} INFO - [2023-10-18T21:23:48.915+0000] {dag.py:3722} INFO - Setting next_dagrun for example_branch_dop_operator_v3 to 2023-10-18T21:22:00+00:00, run_after=2023-10-18T21:23:00+00:00
[2023-10-18T21:23:48.939+0000] {processor.py:179} INFO - Processing /home/airflow/.local/lib/python3.8/site-packages/airflow/example_dags/example_branch_python_dop_operator_3.py took 0.104 seconds
[2023-10-18T21:24:19.207+0000] {processor.py:157} INFO - Started process (PID=114) to work on /home/airflow/.local/lib/python3.8/site-packages/airflow/example_dags/example_branch_python_dop_operator_3.py
[2023-10-18T21:24:19.207+0000] {processor.py:829} INFO - Processing file /home/airflow/.local/lib/python3.8/site-packages/airflow/example_dags/example_branch_python_dop_operator_3.py for tasks to queue
[2023-10-18T21:24:19.210+0000] {logging_mixin.py:151} INFO - [2023-10-18T21:24:19.210+0000] {dagbag.py:536} INFO - Filling up the DagBag from /home/airflow/.local/lib/python3.8/site-packages/airflow/example_dags/example_branch_python_dop_operator_3.py
[2023-10-18T21:24:19.221+0000] {processor.py:839} INFO - DAG(s) dict_keys(['example_branch_dop_operator_v3']) retrieved from /home/airflow/.local/lib/python3.8/site-packages/airflow/example_dags/example_branch_python_dop_operator_3.py
[2023-10-18T21:24:19.251+0000] {logging_mixin.py:151} INFO - [2023-10-18T21:24:19.251+0000] {dag.py:2941} INFO - Sync 1 DAGs
[2023-10-18T21:24:19.283+0000] {logging_mixin.py:151} INFO - [2023-10-18T21:24:19.283+0000] {dag.py:3722} INFO - Setting next_dagrun for example_branch_dop_operator_v3 to 2023-10-18T21:23:00+00:00, run_after=2023-10-18T21:24:00+00:00
[2023-10-18T21:24:19.302+0000] {processor.py:179} INFO - Processing /home/airflow/.local/lib/python3.8/site-packages/airflow/example_dags/example_branch_python_dop_operator_3.py took 0.100 seconds
[2023-10-18T21:24:49.671+0000] {processor.py:157} INFO - Started process (PID=167) to work on /home/airflow/.local/lib/python3.8/site-packages/airflow/example_dags/example_branch_python_dop_operator_3.py
[2023-10-18T21:24:49.672+0000] {processor.py:829} INFO - Processing file /home/airflow/.local/lib/python3.8/site-packages/airflow/example_dags/example_branch_python_dop_operator_3.py for tasks to queue
[2023-10-18T21:24:49.676+0000] {logging_mixin.py:151} INFO - [2023-10-18T21:24:49.675+0000] {dagbag.py:536} INFO - Filling up the DagBag from /home/airflow/.local/lib/python3.8/site-packages/airflow/example_dags/example_branch_python_dop_operator_3.py
[2023-10-18T21:24:49.688+0000] {processor.py:839} INFO - DAG(s) dict_keys(['example_branch_dop_operator_v3']) retrieved from /home/airflow/.local/lib/python3.8/site-packages/airflow/example_dags/example_branch_python_dop_operator_3.py
[2023-10-18T21:24:49.718+0000] {logging_mixin.py:151} INFO - [2023-10-18T21:24:49.718+0000] {dag.py:2941} INFO - Sync 1 DAGs
[2023-10-18T21:24:49.753+0000] {logging_mixin.py:151} INFO - [2023-10-18T21:24:49.753+0000] {dag.py:3722} INFO - Setting next_dagrun for example_branch_dop_operator_v3 to 2023-10-18T21:23:00+00:00, run_after=2023-10-18T21:24:00+00:00
[2023-10-18T21:24:49.773+0000] {processor.py:179} INFO - Processing /home/airflow/.local/lib/python3.8/site-packages/airflow/example_dags/example_branch_python_dop_operator_3.py took 0.110 seconds
[2023-10-18T21:25:20.366+0000] {processor.py:157} INFO - Started process (PID=220) to work on /home/airflow/.local/lib/python3.8/site-packages/airflow/example_dags/example_branch_python_dop_operator_3.py
[2023-10-18T21:25:20.368+0000] {processor.py:829} INFO - Processing file /home/airflow/.local/lib/python3.8/site-packages/airflow/example_dags/example_branch_python_dop_operator_3.py for tasks to queue
[2023-10-18T21:25:20.371+0000] {logging_mixin.py:151} INFO - [2023-10-18T21:25:20.370+0000] {dagbag.py:536} INFO - Filling up the DagBag from /home/airflow/.local/lib/python3.8/site-packages/airflow/example_dags/example_branch_python_dop_operator_3.py
[2023-10-18T21:25:20.382+0000] {processor.py:839} INFO - DAG(s) dict_keys(['example_branch_dop_operator_v3']) retrieved from /home/airflow/.local/lib/python3.8/site-packages/airflow/example_dags/example_branch_python_dop_operator_3.py
[2023-10-18T21:25:20.405+0000] {logging_mixin.py:151} INFO - [2023-10-18T21:25:20.405+0000] {dag.py:2941} INFO - Sync 1 DAGs
[2023-10-18T21:25:20.437+0000] {logging_mixin.py:151} INFO - [2023-10-18T21:25:20.437+0000] {dag.py:3722} INFO - Setting next_dagrun for example_branch_dop_operator_v3 to 2023-10-18T21:24:00+00:00, run_after=2023-10-18T21:25:00+00:00
[2023-10-18T21:25:20.456+0000] {processor.py:179} INFO - Processing /home/airflow/.local/lib/python3.8/site-packages/airflow/example_dags/example_branch_python_dop_operator_3.py took 0.095 seconds
[2023-10-18T21:25:51.241+0000] {processor.py:157} INFO - Started process (PID=273) to work on /home/airflow/.local/lib/python3.8/site-packages/airflow/example_dags/example_branch_python_dop_operator_3.py
[2023-10-18T21:25:51.242+0000] {processor.py:829} INFO - Processing file /home/airflow/.local/lib/python3.8/site-packages/airflow/example_dags/example_branch_python_dop_operator_3.py for tasks to queue
[2023-10-18T21:25:51.245+0000] {logging_mixin.py:151} INFO - [2023-10-18T21:25:51.245+0000] {dagbag.py:536} INFO - Filling up the DagBag from /home/airflow/.local/lib/python3.8/site-packages/airflow/example_dags/example_branch_python_dop_operator_3.py
[2023-10-18T21:25:51.255+0000] {processor.py:839} INFO - DAG(s) dict_keys(['example_branch_dop_operator_v3']) retrieved from /home/airflow/.local/lib/python3.8/site-packages/airflow/example_dags/example_branch_python_dop_operator_3.py
[2023-10-18T21:25:51.283+0000] {logging_mixin.py:151} INFO - [2023-10-18T21:25:51.283+0000] {dag.py:2941} INFO - Sync 1 DAGs
[2023-10-18T21:25:51.314+0000] {logging_mixin.py:151} INFO - [2023-10-18T21:25:51.314+0000] {dag.py:3722} INFO - Setting next_dagrun for example_branch_dop_operator_v3 to 2023-10-18T21:24:00+00:00, run_after=2023-10-18T21:25:00+00:00
[2023-10-18T21:25:51.333+0000] {processor.py:179} INFO - Processing /home/airflow/.local/lib/python3.8/site-packages/airflow/example_dags/example_branch_python_dop_operator_3.py took 0.097 seconds
[2023-10-18T21:26:21.411+0000] {processor.py:157} INFO - Started process (PID=326) to work on /home/airflow/.local/lib/python3.8/site-packages/airflow/example_dags/example_branch_python_dop_operator_3.py
[2023-10-18T21:26:21.412+0000] {processor.py:829} INFO - Processing file /home/airflow/.local/lib/python3.8/site-packages/airflow/example_dags/example_branch_python_dop_operator_3.py for tasks to queue
[2023-10-18T21:26:21.414+0000] {logging_mixin.py:151} INFO - [2023-10-18T21:26:21.414+0000] {dagbag.py:536} INFO - Filling up the DagBag from /home/airflow/.local/lib/python3.8/site-packages/airflow/example_dags/example_branch_python_dop_operator_3.py
[2023-10-18T21:26:21.425+0000] {processor.py:839} INFO - DAG(s) dict_keys(['example_branch_dop_operator_v3']) retrieved from /home/airflow/.local/lib/python3.8/site-packages/airflow/example_dags/example_branch_python_dop_operator_3.py
[2023-10-18T21:26:21.452+0000] {logging_mixin.py:151} INFO - [2023-10-18T21:26:21.452+0000] {dag.py:2941} INFO - Sync 1 DAGs
[2023-10-18T21:26:21.483+0000] {logging_mixin.py:151} INFO - [2023-10-18T21:26:21.483+0000] {dag.py:3722} INFO - Setting next_dagrun for example_branch_dop_operator_v3 to 2023-10-18T21:25:00+00:00, run_after=2023-10-18T21:26:00+00:00
[2023-10-18T21:26:21.504+0000] {processor.py:179} INFO - Processing /home/airflow/.local/lib/python3.8/site-packages/airflow/example_dags/example_branch_python_dop_operator_3.py took 0.098 seconds
[2023-10-18T21:26:51.649+0000] {processor.py:157} INFO - Started process (PID=379) to work on /home/airflow/.local/lib/python3.8/site-packages/airflow/example_dags/example_branch_python_dop_operator_3.py
[2023-10-18T21:26:51.650+0000] {processor.py:829} INFO - Processing file /home/airflow/.local/lib/python3.8/site-packages/airflow/example_dags/example_branch_python_dop_operator_3.py for tasks to queue
[2023-10-18T21:26:51.654+0000] {logging_mixin.py:151} INFO - [2023-10-18T21:26:51.653+0000] {dagbag.py:536} INFO - Filling up the DagBag from /home/airflow/.local/lib/python3.8/site-packages/airflow/example_dags/example_branch_python_dop_operator_3.py
[2023-10-18T21:26:51.667+0000] {processor.py:839} INFO - DAG(s) dict_keys(['example_branch_dop_operator_v3']) retrieved from /home/airflow/.local/lib/python3.8/site-packages/airflow/example_dags/example_branch_python_dop_operator_3.py
[2023-10-18T21:26:51.687+0000] {logging_mixin.py:151} INFO - [2023-10-18T21:26:51.687+0000] {dag.py:2941} INFO - Sync 1 DAGs
[2023-10-18T21:26:51.716+0000] {logging_mixin.py:151} INFO - [2023-10-18T21:26:51.715+0000] {dag.py:3722} INFO - Setting next_dagrun for example_branch_dop_operator_v3 to 2023-10-18T21:25:00+00:00, run_after=2023-10-18T21:26:00+00:00
[2023-10-18T21:26:51.732+0000] {processor.py:179} INFO - Processing /home/airflow/.local/lib/python3.8/site-packages/airflow/example_dags/example_branch_python_dop_operator_3.py took 0.089 seconds
[2023-10-18T21:27:21.832+0000] {processor.py:157} INFO - Started process (PID=432) to work on /home/airflow/.local/lib/python3.8/site-packages/airflow/example_dags/example_branch_python_dop_operator_3.py
[2023-10-18T21:27:21.833+0000] {processor.py:829} INFO - Processing file /home/airflow/.local/lib/python3.8/site-packages/airflow/example_dags/example_branch_python_dop_operator_3.py for tasks to queue
[2023-10-18T21:27:21.835+0000] {logging_mixin.py:151} INFO - [2023-10-18T21:27:21.835+0000] {dagbag.py:536} INFO - Filling up the DagBag from /home/airflow/.local/lib/python3.8/site-packages/airflow/example_dags/example_branch_python_dop_operator_3.py
[2023-10-18T21:27:21.846+0000] {processor.py:839} INFO - DAG(s) dict_keys(['example_branch_dop_operator_v3']) retrieved from /home/airflow/.local/lib/python3.8/site-packages/airflow/example_dags/example_branch_python_dop_operator_3.py
[2023-10-18T21:27:21.869+0000] {logging_mixin.py:151} INFO - [2023-10-18T21:27:21.869+0000] {dag.py:2941} INFO - Sync 1 DAGs
[2023-10-18T21:27:21.901+0000] {logging_mixin.py:151} INFO - [2023-10-18T21:27:21.901+0000] {dag.py:3722} INFO - Setting next_dagrun for example_branch_dop_operator_v3 to 2023-10-18T21:26:00+00:00, run_after=2023-10-18T21:27:00+00:00
[2023-10-18T21:27:21.925+0000] {processor.py:179} INFO - Processing /home/airflow/.local/lib/python3.8/site-packages/airflow/example_dags/example_branch_python_dop_operator_3.py took 0.098 seconds
[2023-10-18T21:27:52.383+0000] {processor.py:157} INFO - Started process (PID=485) to work on /home/airflow/.local/lib/python3.8/site-packages/airflow/example_dags/example_branch_python_dop_operator_3.py
[2023-10-18T21:27:52.384+0000] {processor.py:829} INFO - Processing file /home/airflow/.local/lib/python3.8/site-packages/airflow/example_dags/example_branch_python_dop_operator_3.py for tasks to queue
[2023-10-18T21:27:52.387+0000] {logging_mixin.py:151} INFO - [2023-10-18T21:27:52.387+0000] {dagbag.py:536} INFO - Filling up the DagBag from /home/airflow/.local/lib/python3.8/site-packages/airflow/example_dags/example_branch_python_dop_operator_3.py
[2023-10-18T21:27:52.397+0000] {processor.py:839} INFO - DAG(s) dict_keys(['example_branch_dop_operator_v3']) retrieved from /home/airflow/.local/lib/python3.8/site-packages/airflow/example_dags/example_branch_python_dop_operator_3.py
[2023-10-18T21:27:52.422+0000] {logging_mixin.py:151} INFO - [2023-10-18T21:27:52.421+0000] {dag.py:2941} INFO - Sync 1 DAGs
[2023-10-18T21:27:52.452+0000] {logging_mixin.py:151} INFO - [2023-10-18T21:27:52.451+0000] {dag.py:3722} INFO - Setting next_dagrun for example_branch_dop_operator_v3 to 2023-10-18T21:26:00+00:00, run_after=2023-10-18T21:27:00+00:00
[2023-10-18T21:27:52.471+0000] {processor.py:179} INFO - Processing /home/airflow/.local/lib/python3.8/site-packages/airflow/example_dags/example_branch_python_dop_operator_3.py took 0.094 seconds
[2023-10-18T21:28:22.839+0000] {processor.py:157} INFO - Started process (PID=538) to work on /home/airflow/.local/lib/python3.8/site-packages/airflow/example_dags/example_branch_python_dop_operator_3.py
[2023-10-18T21:28:22.840+0000] {processor.py:829} INFO - Processing file /home/airflow/.local/lib/python3.8/site-packages/airflow/example_dags/example_branch_python_dop_operator_3.py for tasks to queue
[2023-10-18T21:28:22.843+0000] {logging_mixin.py:151} INFO - [2023-10-18T21:28:22.843+0000] {dagbag.py:536} INFO - Filling up the DagBag from /home/airflow/.local/lib/python3.8/site-packages/airflow/example_dags/example_branch_python_dop_operator_3.py
[2023-10-18T21:28:22.853+0000] {processor.py:839} INFO - DAG(s) dict_keys(['example_branch_dop_operator_v3']) retrieved from /home/airflow/.local/lib/python3.8/site-packages/airflow/example_dags/example_branch_python_dop_operator_3.py
[2023-10-18T21:28:22.875+0000] {logging_mixin.py:151} INFO - [2023-10-18T21:28:22.875+0000] {dag.py:2941} INFO - Sync 1 DAGs
[2023-10-18T21:28:22.906+0000] {logging_mixin.py:151} INFO - [2023-10-18T21:28:22.906+0000] {dag.py:3722} INFO - Setting next_dagrun for example_branch_dop_operator_v3 to 2023-10-18T21:27:00+00:00, run_after=2023-10-18T21:28:00+00:00
[2023-10-18T21:28:22.927+0000] {processor.py:179} INFO - Processing /home/airflow/.local/lib/python3.8/site-packages/airflow/example_dags/example_branch_python_dop_operator_3.py took 0.094 seconds
[2023-10-18T21:28:53.408+0000] {processor.py:157} INFO - Started process (PID=591) to work on /home/airflow/.local/lib/python3.8/site-packages/airflow/example_dags/example_branch_python_dop_operator_3.py
[2023-10-18T21:28:53.409+0000] {processor.py:829} INFO - Processing file /home/airflow/.local/lib/python3.8/site-packages/airflow/example_dags/example_branch_python_dop_operator_3.py for tasks to queue
[2023-10-18T21:28:53.411+0000] {logging_mixin.py:151} INFO - [2023-10-18T21:28:53.411+0000] {dagbag.py:536} INFO - Filling up the DagBag from /home/airflow/.local/lib/python3.8/site-packages/airflow/example_dags/example_branch_python_dop_operator_3.py
[2023-10-18T21:28:53.421+0000] {processor.py:839} INFO - DAG(s) dict_keys(['example_branch_dop_operator_v3']) retrieved from /home/airflow/.local/lib/python3.8/site-packages/airflow/example_dags/example_branch_python_dop_operator_3.py
[2023-10-18T21:28:53.445+0000] {logging_mixin.py:151} INFO - [2023-10-18T21:28:53.444+0000] {dag.py:2941} INFO - Sync 1 DAGs
[2023-10-18T21:28:53.472+0000] {logging_mixin.py:151} INFO - [2023-10-18T21:28:53.472+0000] {dag.py:3722} INFO - Setting next_dagrun for example_branch_dop_operator_v3 to 2023-10-18T21:27:00+00:00, run_after=2023-10-18T21:28:00+00:00
[2023-10-18T21:28:53.489+0000] {processor.py:179} INFO - Processing /home/airflow/.local/lib/python3.8/site-packages/airflow/example_dags/example_branch_python_dop_operator_3.py took 0.086 seconds
[2023-10-18T21:29:23.698+0000] {processor.py:157} INFO - Started process (PID=644) to work on /home/airflow/.local/lib/python3.8/site-packages/airflow/example_dags/example_branch_python_dop_operator_3.py
[2023-10-18T21:29:23.699+0000] {processor.py:829} INFO - Processing file /home/airflow/.local/lib/python3.8/site-packages/airflow/example_dags/example_branch_python_dop_operator_3.py for tasks to queue
[2023-10-18T21:29:23.702+0000] {logging_mixin.py:151} INFO - [2023-10-18T21:29:23.701+0000] {dagbag.py:536} INFO - Filling up the DagBag from /home/airflow/.local/lib/python3.8/site-packages/airflow/example_dags/example_branch_python_dop_operator_3.py
[2023-10-18T21:29:23.712+0000] {processor.py:839} INFO - DAG(s) dict_keys(['example_branch_dop_operator_v3']) retrieved from /home/airflow/.local/lib/python3.8/site-packages/airflow/example_dags/example_branch_python_dop_operator_3.py
[2023-10-18T21:29:23.735+0000] {logging_mixin.py:151} INFO - [2023-10-18T21:29:23.735+0000] {dag.py:2941} INFO - Sync 1 DAGs
[2023-10-18T21:29:23.767+0000] {logging_mixin.py:151} INFO - [2023-10-18T21:29:23.767+0000] {dag.py:3722} INFO - Setting next_dagrun for example_branch_dop_operator_v3 to 2023-10-18T21:28:00+00:00, run_after=2023-10-18T21:29:00+00:00
[2023-10-18T21:29:23.786+0000] {processor.py:179} INFO - Processing /home/airflow/.local/lib/python3.8/site-packages/airflow/example_dags/example_branch_python_dop_operator_3.py took 0.093 seconds
[2023-10-18T21:29:54.201+0000] {processor.py:157} INFO - Started process (PID=697) to work on /home/airflow/.local/lib/python3.8/site-packages/airflow/example_dags/example_branch_python_dop_operator_3.py
[2023-10-18T21:29:54.202+0000] {processor.py:829} INFO - Processing file /home/airflow/.local/lib/python3.8/site-packages/airflow/example_dags/example_branch_python_dop_operator_3.py for tasks to queue
[2023-10-18T21:29:54.204+0000] {logging_mixin.py:151} INFO - [2023-10-18T21:29:54.204+0000] {dagbag.py:536} INFO - Filling up the DagBag from /home/airflow/.local/lib/python3.8/site-packages/airflow/example_dags/example_branch_python_dop_operator_3.py
[2023-10-18T21:29:54.215+0000] {processor.py:839} INFO - DAG(s) dict_keys(['example_branch_dop_operator_v3']) retrieved from /home/airflow/.local/lib/python3.8/site-packages/airflow/example_dags/example_branch_python_dop_operator_3.py
[2023-10-18T21:29:54.240+0000] {logging_mixin.py:151} INFO - [2023-10-18T21:29:54.240+0000] {dag.py:2941} INFO - Sync 1 DAGs
[2023-10-18T21:29:54.271+0000] {logging_mixin.py:151} INFO - [2023-10-18T21:29:54.271+0000] {dag.py:3722} INFO - Setting next_dagrun for example_branch_dop_operator_v3 to 2023-10-18T21:28:00+00:00, run_after=2023-10-18T21:29:00+00:00
[2023-10-18T21:29:54.291+0000] {processor.py:179} INFO - Processing /home/airflow/.local/lib/python3.8/site-packages/airflow/example_dags/example_branch_python_dop_operator_3.py took 0.094 seconds
[2023-10-18T21:30:24.725+0000] {processor.py:157} INFO - Started process (PID=751) to work on /home/airflow/.local/lib/python3.8/site-packages/airflow/example_dags/example_branch_python_dop_operator_3.py
[2023-10-18T21:30:24.726+0000] {processor.py:829} INFO - Processing file /home/airflow/.local/lib/python3.8/site-packages/airflow/example_dags/example_branch_python_dop_operator_3.py for tasks to queue
[2023-10-18T21:30:24.729+0000] {logging_mixin.py:151} INFO - [2023-10-18T21:30:24.729+0000] {dagbag.py:536} INFO - Filling up the DagBag from /home/airflow/.local/lib/python3.8/site-packages/airflow/example_dags/example_branch_python_dop_operator_3.py
[2023-10-18T21:30:24.739+0000] {processor.py:839} INFO - DAG(s) dict_keys(['example_branch_dop_operator_v3']) retrieved from /home/airflow/.local/lib/python3.8/site-packages/airflow/example_dags/example_branch_python_dop_operator_3.py
[2023-10-18T21:30:24.772+0000] {logging_mixin.py:151} INFO - [2023-10-18T21:30:24.772+0000] {dag.py:2941} INFO - Sync 1 DAGs
[2023-10-18T21:30:24.807+0000] {logging_mixin.py:151} INFO - [2023-10-18T21:30:24.807+0000] {dag.py:3722} INFO - Setting next_dagrun for example_branch_dop_operator_v3 to 2023-10-18T21:29:00+00:00, run_after=2023-10-18T21:30:00+00:00
[2023-10-18T21:30:24.828+0000] {processor.py:179} INFO - Processing /home/airflow/.local/lib/python3.8/site-packages/airflow/example_dags/example_branch_python_dop_operator_3.py took 0.108 seconds
[2023-10-18T21:30:55.705+0000] {processor.py:157} INFO - Started process (PID=805) to work on /home/airflow/.local/lib/python3.8/site-packages/airflow/example_dags/example_branch_python_dop_operator_3.py
[2023-10-18T21:30:55.707+0000] {processor.py:829} INFO - Processing file /home/airflow/.local/lib/python3.8/site-packages/airflow/example_dags/example_branch_python_dop_operator_3.py for tasks to queue
[2023-10-18T21:30:55.709+0000] {logging_mixin.py:151} INFO - [2023-10-18T21:30:55.709+0000] {dagbag.py:536} INFO - Filling up the DagBag from /home/airflow/.local/lib/python3.8/site-packages/airflow/example_dags/example_branch_python_dop_operator_3.py
[2023-10-18T21:30:55.719+0000] {processor.py:839} INFO - DAG(s) dict_keys(['example_branch_dop_operator_v3']) retrieved from /home/airflow/.local/lib/python3.8/site-packages/airflow/example_dags/example_branch_python_dop_operator_3.py
[2023-10-18T21:30:55.743+0000] {logging_mixin.py:151} INFO - [2023-10-18T21:30:55.743+0000] {dag.py:2941} INFO - Sync 1 DAGs
[2023-10-18T21:30:55.774+0000] {logging_mixin.py:151} INFO - [2023-10-18T21:30:55.774+0000] {dag.py:3722} INFO - Setting next_dagrun for example_branch_dop_operator_v3 to 2023-10-18T21:29:00+00:00, run_after=2023-10-18T21:30:00+00:00
[2023-10-18T21:30:55.795+0000] {processor.py:179} INFO - Processing /home/airflow/.local/lib/python3.8/site-packages/airflow/example_dags/example_branch_python_dop_operator_3.py took 0.094 seconds
[2023-10-18T21:31:25.833+0000] {processor.py:157} INFO - Started process (PID=857) to work on /home/airflow/.local/lib/python3.8/site-packages/airflow/example_dags/example_branch_python_dop_operator_3.py
[2023-10-18T21:31:25.834+0000] {processor.py:829} INFO - Processing file /home/airflow/.local/lib/python3.8/site-packages/airflow/example_dags/example_branch_python_dop_operator_3.py for tasks to queue
[2023-10-18T21:31:25.837+0000] {logging_mixin.py:151} INFO - [2023-10-18T21:31:25.837+0000] {dagbag.py:536} INFO - Filling up the DagBag from /home/airflow/.local/lib/python3.8/site-packages/airflow/example_dags/example_branch_python_dop_operator_3.py
[2023-10-18T21:31:25.854+0000] {processor.py:839} INFO - DAG(s) dict_keys(['example_branch_dop_operator_v3']) retrieved from /home/airflow/.local/lib/python3.8/site-packages/airflow/example_dags/example_branch_python_dop_operator_3.py
[2023-10-18T21:31:25.883+0000] {logging_mixin.py:151} INFO - [2023-10-18T21:31:25.883+0000] {dag.py:2941} INFO - Sync 1 DAGs
[2023-10-18T21:31:25.919+0000] {logging_mixin.py:151} INFO - [2023-10-18T21:31:25.918+0000] {dag.py:3722} INFO - Setting next_dagrun for example_branch_dop_operator_v3 to 2023-10-18T21:30:00+00:00, run_after=2023-10-18T21:31:00+00:00
[2023-10-18T21:31:25.939+0000] {processor.py:179} INFO - Processing /home/airflow/.local/lib/python3.8/site-packages/airflow/example_dags/example_branch_python_dop_operator_3.py took 0.111 seconds
