[2023-10-18T21:06:47.772+0000] {processor.py:157} INFO - Started process (PID=64) to work on /home/airflow/.local/lib/python3.8/site-packages/airflow/example_dags/example_short_circuit_decorator.py
[2023-10-18T21:06:47.773+0000] {processor.py:829} INFO - Processing file /home/airflow/.local/lib/python3.8/site-packages/airflow/example_dags/example_short_circuit_decorator.py for tasks to queue
[2023-10-18T21:06:47.776+0000] {logging_mixin.py:151} INFO - [2023-10-18T21:06:47.776+0000] {dagbag.py:536} INFO - Filling up the DagBag from /home/airflow/.local/lib/python3.8/site-packages/airflow/example_dags/example_short_circuit_decorator.py
[2023-10-18T21:06:47.794+0000] {processor.py:839} INFO - DAG(s) dict_keys(['example_short_circuit_decorator']) retrieved from /home/airflow/.local/lib/python3.8/site-packages/airflow/example_dags/example_short_circuit_decorator.py
[2023-10-18T21:06:47.810+0000] {logging_mixin.py:151} INFO - [2023-10-18T21:06:47.810+0000] {dag.py:2941} INFO - Sync 1 DAGs
[2023-10-18T21:06:47.843+0000] {logging_mixin.py:151} INFO - [2023-10-18T21:06:47.843+0000] {dag.py:3722} INFO - Setting next_dagrun for example_short_circuit_decorator to 2023-10-17T21:06:47.843126+00:00, run_after=2023-10-18T21:06:47.843126+00:00
[2023-10-18T21:06:47.875+0000] {processor.py:179} INFO - Processing /home/airflow/.local/lib/python3.8/site-packages/airflow/example_dags/example_short_circuit_decorator.py took 0.107 seconds
[2023-10-18T21:07:18.474+0000] {processor.py:157} INFO - Started process (PID=117) to work on /home/airflow/.local/lib/python3.8/site-packages/airflow/example_dags/example_short_circuit_decorator.py
[2023-10-18T21:07:18.475+0000] {processor.py:829} INFO - Processing file /home/airflow/.local/lib/python3.8/site-packages/airflow/example_dags/example_short_circuit_decorator.py for tasks to queue
[2023-10-18T21:07:18.478+0000] {logging_mixin.py:151} INFO - [2023-10-18T21:07:18.478+0000] {dagbag.py:536} INFO - Filling up the DagBag from /home/airflow/.local/lib/python3.8/site-packages/airflow/example_dags/example_short_circuit_decorator.py
[2023-10-18T21:07:18.489+0000] {processor.py:839} INFO - DAG(s) dict_keys(['example_short_circuit_decorator']) retrieved from /home/airflow/.local/lib/python3.8/site-packages/airflow/example_dags/example_short_circuit_decorator.py
[2023-10-18T21:07:18.518+0000] {logging_mixin.py:151} INFO - [2023-10-18T21:07:18.518+0000] {dag.py:2941} INFO - Sync 1 DAGs
[2023-10-18T21:07:18.541+0000] {logging_mixin.py:151} INFO - [2023-10-18T21:07:18.541+0000] {dag.py:3722} INFO - Setting next_dagrun for example_short_circuit_decorator to 2023-10-17T21:07:18.540823+00:00, run_after=2023-10-18T21:07:18.540823+00:00
[2023-10-18T21:07:18.557+0000] {processor.py:179} INFO - Processing /home/airflow/.local/lib/python3.8/site-packages/airflow/example_dags/example_short_circuit_decorator.py took 0.088 seconds
[2023-10-18T21:07:48.643+0000] {processor.py:157} INFO - Started process (PID=170) to work on /home/airflow/.local/lib/python3.8/site-packages/airflow/example_dags/example_short_circuit_decorator.py
[2023-10-18T21:07:48.644+0000] {processor.py:829} INFO - Processing file /home/airflow/.local/lib/python3.8/site-packages/airflow/example_dags/example_short_circuit_decorator.py for tasks to queue
[2023-10-18T21:07:48.647+0000] {logging_mixin.py:151} INFO - [2023-10-18T21:07:48.647+0000] {dagbag.py:536} INFO - Filling up the DagBag from /home/airflow/.local/lib/python3.8/site-packages/airflow/example_dags/example_short_circuit_decorator.py
[2023-10-18T21:07:48.657+0000] {processor.py:839} INFO - DAG(s) dict_keys(['example_short_circuit_decorator']) retrieved from /home/airflow/.local/lib/python3.8/site-packages/airflow/example_dags/example_short_circuit_decorator.py
[2023-10-18T21:07:48.685+0000] {logging_mixin.py:151} INFO - [2023-10-18T21:07:48.685+0000] {dag.py:2941} INFO - Sync 1 DAGs
[2023-10-18T21:07:48.713+0000] {logging_mixin.py:151} INFO - [2023-10-18T21:07:48.713+0000] {dag.py:3722} INFO - Setting next_dagrun for example_short_circuit_decorator to 2023-10-17T21:07:48.712620+00:00, run_after=2023-10-18T21:07:48.712620+00:00
[2023-10-18T21:07:48.733+0000] {processor.py:179} INFO - Processing /home/airflow/.local/lib/python3.8/site-packages/airflow/example_dags/example_short_circuit_decorator.py took 0.095 seconds
[2023-10-18T21:08:19.077+0000] {processor.py:157} INFO - Started process (PID=223) to work on /home/airflow/.local/lib/python3.8/site-packages/airflow/example_dags/example_short_circuit_decorator.py
[2023-10-18T21:08:19.079+0000] {processor.py:829} INFO - Processing file /home/airflow/.local/lib/python3.8/site-packages/airflow/example_dags/example_short_circuit_decorator.py for tasks to queue
[2023-10-18T21:08:19.081+0000] {logging_mixin.py:151} INFO - [2023-10-18T21:08:19.081+0000] {dagbag.py:536} INFO - Filling up the DagBag from /home/airflow/.local/lib/python3.8/site-packages/airflow/example_dags/example_short_circuit_decorator.py
[2023-10-18T21:08:19.092+0000] {processor.py:839} INFO - DAG(s) dict_keys(['example_short_circuit_decorator']) retrieved from /home/airflow/.local/lib/python3.8/site-packages/airflow/example_dags/example_short_circuit_decorator.py
[2023-10-18T21:08:19.130+0000] {logging_mixin.py:151} INFO - [2023-10-18T21:08:19.130+0000] {dag.py:2941} INFO - Sync 1 DAGs
[2023-10-18T21:08:19.159+0000] {logging_mixin.py:151} INFO - [2023-10-18T21:08:19.159+0000] {dag.py:3722} INFO - Setting next_dagrun for example_short_circuit_decorator to 2023-10-17T21:08:19.158967+00:00, run_after=2023-10-18T21:08:19.158967+00:00
[2023-10-18T21:08:19.188+0000] {processor.py:179} INFO - Processing /home/airflow/.local/lib/python3.8/site-packages/airflow/example_dags/example_short_circuit_decorator.py took 0.115 seconds
[2023-10-18T21:08:49.650+0000] {processor.py:157} INFO - Started process (PID=277) to work on /home/airflow/.local/lib/python3.8/site-packages/airflow/example_dags/example_short_circuit_decorator.py
[2023-10-18T21:08:49.657+0000] {processor.py:829} INFO - Processing file /home/airflow/.local/lib/python3.8/site-packages/airflow/example_dags/example_short_circuit_decorator.py for tasks to queue
[2023-10-18T21:08:49.660+0000] {logging_mixin.py:151} INFO - [2023-10-18T21:08:49.659+0000] {dagbag.py:536} INFO - Filling up the DagBag from /home/airflow/.local/lib/python3.8/site-packages/airflow/example_dags/example_short_circuit_decorator.py
[2023-10-18T21:08:49.675+0000] {processor.py:839} INFO - DAG(s) dict_keys(['example_short_circuit_decorator']) retrieved from /home/airflow/.local/lib/python3.8/site-packages/airflow/example_dags/example_short_circuit_decorator.py
[2023-10-18T21:08:49.707+0000] {logging_mixin.py:151} INFO - [2023-10-18T21:08:49.707+0000] {dag.py:2941} INFO - Sync 1 DAGs
[2023-10-18T21:08:49.741+0000] {logging_mixin.py:151} INFO - [2023-10-18T21:08:49.741+0000] {dag.py:3722} INFO - Setting next_dagrun for example_short_circuit_decorator to 2023-10-17T21:08:49.741163+00:00, run_after=2023-10-18T21:08:49.741163+00:00
[2023-10-18T21:08:49.761+0000] {processor.py:179} INFO - Processing /home/airflow/.local/lib/python3.8/site-packages/airflow/example_dags/example_short_circuit_decorator.py took 0.123 seconds
[2023-10-18T21:09:20.477+0000] {processor.py:157} INFO - Started process (PID=330) to work on /home/airflow/.local/lib/python3.8/site-packages/airflow/example_dags/example_short_circuit_decorator.py
[2023-10-18T21:09:20.479+0000] {processor.py:829} INFO - Processing file /home/airflow/.local/lib/python3.8/site-packages/airflow/example_dags/example_short_circuit_decorator.py for tasks to queue
[2023-10-18T21:09:20.482+0000] {logging_mixin.py:151} INFO - [2023-10-18T21:09:20.482+0000] {dagbag.py:536} INFO - Filling up the DagBag from /home/airflow/.local/lib/python3.8/site-packages/airflow/example_dags/example_short_circuit_decorator.py
[2023-10-18T21:09:20.493+0000] {processor.py:839} INFO - DAG(s) dict_keys(['example_short_circuit_decorator']) retrieved from /home/airflow/.local/lib/python3.8/site-packages/airflow/example_dags/example_short_circuit_decorator.py
[2023-10-18T21:09:20.524+0000] {logging_mixin.py:151} INFO - [2023-10-18T21:09:20.523+0000] {dag.py:2941} INFO - Sync 1 DAGs
[2023-10-18T21:09:20.551+0000] {logging_mixin.py:151} INFO - [2023-10-18T21:09:20.551+0000] {dag.py:3722} INFO - Setting next_dagrun for example_short_circuit_decorator to 2023-10-17T21:09:20.551143+00:00, run_after=2023-10-18T21:09:20.551143+00:00
[2023-10-18T21:09:20.572+0000] {processor.py:179} INFO - Processing /home/airflow/.local/lib/python3.8/site-packages/airflow/example_dags/example_short_circuit_decorator.py took 0.099 seconds
[2023-10-18T21:09:50.765+0000] {processor.py:157} INFO - Started process (PID=383) to work on /home/airflow/.local/lib/python3.8/site-packages/airflow/example_dags/example_short_circuit_decorator.py
[2023-10-18T21:09:50.767+0000] {processor.py:829} INFO - Processing file /home/airflow/.local/lib/python3.8/site-packages/airflow/example_dags/example_short_circuit_decorator.py for tasks to queue
[2023-10-18T21:09:50.770+0000] {logging_mixin.py:151} INFO - [2023-10-18T21:09:50.770+0000] {dagbag.py:536} INFO - Filling up the DagBag from /home/airflow/.local/lib/python3.8/site-packages/airflow/example_dags/example_short_circuit_decorator.py
[2023-10-18T21:09:50.782+0000] {processor.py:839} INFO - DAG(s) dict_keys(['example_short_circuit_decorator']) retrieved from /home/airflow/.local/lib/python3.8/site-packages/airflow/example_dags/example_short_circuit_decorator.py
[2023-10-18T21:09:50.812+0000] {logging_mixin.py:151} INFO - [2023-10-18T21:09:50.811+0000] {dag.py:2941} INFO - Sync 1 DAGs
[2023-10-18T21:09:50.841+0000] {logging_mixin.py:151} INFO - [2023-10-18T21:09:50.841+0000] {dag.py:3722} INFO - Setting next_dagrun for example_short_circuit_decorator to 2023-10-17T21:09:50.840640+00:00, run_after=2023-10-18T21:09:50.840640+00:00
[2023-10-18T21:09:50.863+0000] {processor.py:179} INFO - Processing /home/airflow/.local/lib/python3.8/site-packages/airflow/example_dags/example_short_circuit_decorator.py took 0.103 seconds
[2023-10-18T21:10:20.986+0000] {processor.py:157} INFO - Started process (PID=435) to work on /home/airflow/.local/lib/python3.8/site-packages/airflow/example_dags/example_short_circuit_decorator.py
[2023-10-18T21:10:20.988+0000] {processor.py:829} INFO - Processing file /home/airflow/.local/lib/python3.8/site-packages/airflow/example_dags/example_short_circuit_decorator.py for tasks to queue
[2023-10-18T21:10:20.990+0000] {logging_mixin.py:151} INFO - [2023-10-18T21:10:20.990+0000] {dagbag.py:536} INFO - Filling up the DagBag from /home/airflow/.local/lib/python3.8/site-packages/airflow/example_dags/example_short_circuit_decorator.py
[2023-10-18T21:10:21.001+0000] {processor.py:839} INFO - DAG(s) dict_keys(['example_short_circuit_decorator']) retrieved from /home/airflow/.local/lib/python3.8/site-packages/airflow/example_dags/example_short_circuit_decorator.py
[2023-10-18T21:10:21.030+0000] {logging_mixin.py:151} INFO - [2023-10-18T21:10:21.029+0000] {dag.py:2941} INFO - Sync 1 DAGs
[2023-10-18T21:10:21.056+0000] {logging_mixin.py:151} INFO - [2023-10-18T21:10:21.056+0000] {dag.py:3722} INFO - Setting next_dagrun for example_short_circuit_decorator to 2023-10-17T21:10:21.055837+00:00, run_after=2023-10-18T21:10:21.055837+00:00
[2023-10-18T21:10:21.076+0000] {processor.py:179} INFO - Processing /home/airflow/.local/lib/python3.8/site-packages/airflow/example_dags/example_short_circuit_decorator.py took 0.094 seconds
[2023-10-18T21:10:52.073+0000] {processor.py:157} INFO - Started process (PID=489) to work on /home/airflow/.local/lib/python3.8/site-packages/airflow/example_dags/example_short_circuit_decorator.py
[2023-10-18T21:10:52.074+0000] {processor.py:829} INFO - Processing file /home/airflow/.local/lib/python3.8/site-packages/airflow/example_dags/example_short_circuit_decorator.py for tasks to queue
[2023-10-18T21:10:52.076+0000] {logging_mixin.py:151} INFO - [2023-10-18T21:10:52.076+0000] {dagbag.py:536} INFO - Filling up the DagBag from /home/airflow/.local/lib/python3.8/site-packages/airflow/example_dags/example_short_circuit_decorator.py
[2023-10-18T21:10:52.088+0000] {processor.py:839} INFO - DAG(s) dict_keys(['example_short_circuit_decorator']) retrieved from /home/airflow/.local/lib/python3.8/site-packages/airflow/example_dags/example_short_circuit_decorator.py
[2023-10-18T21:10:52.126+0000] {logging_mixin.py:151} INFO - [2023-10-18T21:10:52.125+0000] {dag.py:2941} INFO - Sync 1 DAGs
[2023-10-18T21:10:52.152+0000] {logging_mixin.py:151} INFO - [2023-10-18T21:10:52.152+0000] {dag.py:3722} INFO - Setting next_dagrun for example_short_circuit_decorator to 2023-10-17T21:10:52.151697+00:00, run_after=2023-10-18T21:10:52.151697+00:00
[2023-10-18T21:10:52.170+0000] {processor.py:179} INFO - Processing /home/airflow/.local/lib/python3.8/site-packages/airflow/example_dags/example_short_circuit_decorator.py took 0.101 seconds
[2023-10-18T21:11:22.371+0000] {processor.py:157} INFO - Started process (PID=541) to work on /home/airflow/.local/lib/python3.8/site-packages/airflow/example_dags/example_short_circuit_decorator.py
[2023-10-18T21:11:22.373+0000] {processor.py:829} INFO - Processing file /home/airflow/.local/lib/python3.8/site-packages/airflow/example_dags/example_short_circuit_decorator.py for tasks to queue
[2023-10-18T21:11:22.376+0000] {logging_mixin.py:151} INFO - [2023-10-18T21:11:22.375+0000] {dagbag.py:536} INFO - Filling up the DagBag from /home/airflow/.local/lib/python3.8/site-packages/airflow/example_dags/example_short_circuit_decorator.py
[2023-10-18T21:11:22.387+0000] {processor.py:839} INFO - DAG(s) dict_keys(['example_short_circuit_decorator']) retrieved from /home/airflow/.local/lib/python3.8/site-packages/airflow/example_dags/example_short_circuit_decorator.py
[2023-10-18T21:11:22.414+0000] {logging_mixin.py:151} INFO - [2023-10-18T21:11:22.414+0000] {dag.py:2941} INFO - Sync 1 DAGs
[2023-10-18T21:11:22.440+0000] {logging_mixin.py:151} INFO - [2023-10-18T21:11:22.440+0000] {dag.py:3722} INFO - Setting next_dagrun for example_short_circuit_decorator to 2023-10-17T21:11:22.439902+00:00, run_after=2023-10-18T21:11:22.439902+00:00
[2023-10-18T21:11:22.462+0000] {processor.py:179} INFO - Processing /home/airflow/.local/lib/python3.8/site-packages/airflow/example_dags/example_short_circuit_decorator.py took 0.096 seconds
[2023-10-18T21:11:52.826+0000] {processor.py:157} INFO - Started process (PID=594) to work on /home/airflow/.local/lib/python3.8/site-packages/airflow/example_dags/example_short_circuit_decorator.py
[2023-10-18T21:11:52.828+0000] {processor.py:829} INFO - Processing file /home/airflow/.local/lib/python3.8/site-packages/airflow/example_dags/example_short_circuit_decorator.py for tasks to queue
[2023-10-18T21:11:52.831+0000] {logging_mixin.py:151} INFO - [2023-10-18T21:11:52.830+0000] {dagbag.py:536} INFO - Filling up the DagBag from /home/airflow/.local/lib/python3.8/site-packages/airflow/example_dags/example_short_circuit_decorator.py
[2023-10-18T21:11:52.842+0000] {processor.py:839} INFO - DAG(s) dict_keys(['example_short_circuit_decorator']) retrieved from /home/airflow/.local/lib/python3.8/site-packages/airflow/example_dags/example_short_circuit_decorator.py
[2023-10-18T21:11:52.869+0000] {logging_mixin.py:151} INFO - [2023-10-18T21:11:52.869+0000] {dag.py:2941} INFO - Sync 1 DAGs
[2023-10-18T21:11:52.897+0000] {logging_mixin.py:151} INFO - [2023-10-18T21:11:52.897+0000] {dag.py:3722} INFO - Setting next_dagrun for example_short_circuit_decorator to 2023-10-17T21:11:52.896707+00:00, run_after=2023-10-18T21:11:52.896707+00:00
[2023-10-18T21:11:52.918+0000] {processor.py:179} INFO - Processing /home/airflow/.local/lib/python3.8/site-packages/airflow/example_dags/example_short_circuit_decorator.py took 0.097 seconds
[2023-10-18T21:12:22.980+0000] {processor.py:157} INFO - Started process (PID=647) to work on /home/airflow/.local/lib/python3.8/site-packages/airflow/example_dags/example_short_circuit_decorator.py
[2023-10-18T21:12:22.982+0000] {processor.py:829} INFO - Processing file /home/airflow/.local/lib/python3.8/site-packages/airflow/example_dags/example_short_circuit_decorator.py for tasks to queue
[2023-10-18T21:12:22.985+0000] {logging_mixin.py:151} INFO - [2023-10-18T21:12:22.985+0000] {dagbag.py:536} INFO - Filling up the DagBag from /home/airflow/.local/lib/python3.8/site-packages/airflow/example_dags/example_short_circuit_decorator.py
[2023-10-18T21:12:22.995+0000] {processor.py:839} INFO - DAG(s) dict_keys(['example_short_circuit_decorator']) retrieved from /home/airflow/.local/lib/python3.8/site-packages/airflow/example_dags/example_short_circuit_decorator.py
[2023-10-18T21:12:23.022+0000] {logging_mixin.py:151} INFO - [2023-10-18T21:12:23.022+0000] {dag.py:2941} INFO - Sync 1 DAGs
[2023-10-18T21:12:23.048+0000] {logging_mixin.py:151} INFO - [2023-10-18T21:12:23.048+0000] {dag.py:3722} INFO - Setting next_dagrun for example_short_circuit_decorator to 2023-10-17T21:12:23.047850+00:00, run_after=2023-10-18T21:12:23.047850+00:00
[2023-10-18T21:12:23.067+0000] {processor.py:179} INFO - Processing /home/airflow/.local/lib/python3.8/site-packages/airflow/example_dags/example_short_circuit_decorator.py took 0.093 seconds
[2023-10-18T21:12:53.597+0000] {processor.py:157} INFO - Started process (PID=701) to work on /home/airflow/.local/lib/python3.8/site-packages/airflow/example_dags/example_short_circuit_decorator.py
[2023-10-18T21:12:53.599+0000] {processor.py:829} INFO - Processing file /home/airflow/.local/lib/python3.8/site-packages/airflow/example_dags/example_short_circuit_decorator.py for tasks to queue
[2023-10-18T21:12:53.601+0000] {logging_mixin.py:151} INFO - [2023-10-18T21:12:53.601+0000] {dagbag.py:536} INFO - Filling up the DagBag from /home/airflow/.local/lib/python3.8/site-packages/airflow/example_dags/example_short_circuit_decorator.py
[2023-10-18T21:12:53.613+0000] {processor.py:839} INFO - DAG(s) dict_keys(['example_short_circuit_decorator']) retrieved from /home/airflow/.local/lib/python3.8/site-packages/airflow/example_dags/example_short_circuit_decorator.py
[2023-10-18T21:12:53.643+0000] {logging_mixin.py:151} INFO - [2023-10-18T21:12:53.643+0000] {dag.py:2941} INFO - Sync 1 DAGs
[2023-10-18T21:12:53.669+0000] {logging_mixin.py:151} INFO - [2023-10-18T21:12:53.669+0000] {dag.py:3722} INFO - Setting next_dagrun for example_short_circuit_decorator to 2023-10-17T21:12:53.669145+00:00, run_after=2023-10-18T21:12:53.669145+00:00
[2023-10-18T21:12:53.690+0000] {processor.py:179} INFO - Processing /home/airflow/.local/lib/python3.8/site-packages/airflow/example_dags/example_short_circuit_decorator.py took 0.100 seconds
[2023-10-18T21:15:10.241+0000] {processor.py:157} INFO - Started process (PID=63) to work on /home/airflow/.local/lib/python3.8/site-packages/airflow/example_dags/example_short_circuit_decorator.py
[2023-10-18T21:15:10.242+0000] {processor.py:829} INFO - Processing file /home/airflow/.local/lib/python3.8/site-packages/airflow/example_dags/example_short_circuit_decorator.py for tasks to queue
[2023-10-18T21:15:10.245+0000] {logging_mixin.py:151} INFO - [2023-10-18T21:15:10.245+0000] {dagbag.py:536} INFO - Filling up the DagBag from /home/airflow/.local/lib/python3.8/site-packages/airflow/example_dags/example_short_circuit_decorator.py
[2023-10-18T21:15:10.259+0000] {processor.py:839} INFO - DAG(s) dict_keys(['example_short_circuit_decorator']) retrieved from /home/airflow/.local/lib/python3.8/site-packages/airflow/example_dags/example_short_circuit_decorator.py
[2023-10-18T21:15:10.286+0000] {logging_mixin.py:151} INFO - [2023-10-18T21:15:10.285+0000] {dag.py:2941} INFO - Sync 1 DAGs
[2023-10-18T21:15:10.312+0000] {logging_mixin.py:151} INFO - [2023-10-18T21:15:10.312+0000] {dag.py:3722} INFO - Setting next_dagrun for example_short_circuit_decorator to 2023-10-17T21:15:10.312275+00:00, run_after=2023-10-18T21:15:10.312275+00:00
[2023-10-18T21:15:10.337+0000] {processor.py:179} INFO - Processing /home/airflow/.local/lib/python3.8/site-packages/airflow/example_dags/example_short_circuit_decorator.py took 0.101 seconds
[2023-10-18T21:15:40.573+0000] {processor.py:157} INFO - Started process (PID=115) to work on /home/airflow/.local/lib/python3.8/site-packages/airflow/example_dags/example_short_circuit_decorator.py
[2023-10-18T21:15:40.575+0000] {processor.py:829} INFO - Processing file /home/airflow/.local/lib/python3.8/site-packages/airflow/example_dags/example_short_circuit_decorator.py for tasks to queue
[2023-10-18T21:15:40.577+0000] {logging_mixin.py:151} INFO - [2023-10-18T21:15:40.577+0000] {dagbag.py:536} INFO - Filling up the DagBag from /home/airflow/.local/lib/python3.8/site-packages/airflow/example_dags/example_short_circuit_decorator.py
[2023-10-18T21:15:40.589+0000] {processor.py:839} INFO - DAG(s) dict_keys(['example_short_circuit_decorator']) retrieved from /home/airflow/.local/lib/python3.8/site-packages/airflow/example_dags/example_short_circuit_decorator.py
[2023-10-18T21:15:40.618+0000] {logging_mixin.py:151} INFO - [2023-10-18T21:15:40.618+0000] {dag.py:2941} INFO - Sync 1 DAGs
[2023-10-18T21:15:40.641+0000] {logging_mixin.py:151} INFO - [2023-10-18T21:15:40.641+0000] {dag.py:3722} INFO - Setting next_dagrun for example_short_circuit_decorator to 2023-10-17T21:15:40.641521+00:00, run_after=2023-10-18T21:15:40.641521+00:00
[2023-10-18T21:15:40.660+0000] {processor.py:179} INFO - Processing /home/airflow/.local/lib/python3.8/site-packages/airflow/example_dags/example_short_circuit_decorator.py took 0.094 seconds
[2023-10-18T21:16:10.984+0000] {processor.py:157} INFO - Started process (PID=169) to work on /home/airflow/.local/lib/python3.8/site-packages/airflow/example_dags/example_short_circuit_decorator.py
[2023-10-18T21:16:10.986+0000] {processor.py:829} INFO - Processing file /home/airflow/.local/lib/python3.8/site-packages/airflow/example_dags/example_short_circuit_decorator.py for tasks to queue
[2023-10-18T21:16:10.989+0000] {logging_mixin.py:151} INFO - [2023-10-18T21:16:10.989+0000] {dagbag.py:536} INFO - Filling up the DagBag from /home/airflow/.local/lib/python3.8/site-packages/airflow/example_dags/example_short_circuit_decorator.py
[2023-10-18T21:16:10.999+0000] {processor.py:839} INFO - DAG(s) dict_keys(['example_short_circuit_decorator']) retrieved from /home/airflow/.local/lib/python3.8/site-packages/airflow/example_dags/example_short_circuit_decorator.py
[2023-10-18T21:16:11.026+0000] {logging_mixin.py:151} INFO - [2023-10-18T21:16:11.026+0000] {dag.py:2941} INFO - Sync 1 DAGs
[2023-10-18T21:16:11.051+0000] {logging_mixin.py:151} INFO - [2023-10-18T21:16:11.051+0000] {dag.py:3722} INFO - Setting next_dagrun for example_short_circuit_decorator to 2023-10-17T21:16:11.050859+00:00, run_after=2023-10-18T21:16:11.050859+00:00
[2023-10-18T21:16:11.068+0000] {processor.py:179} INFO - Processing /home/airflow/.local/lib/python3.8/site-packages/airflow/example_dags/example_short_circuit_decorator.py took 0.090 seconds
[2023-10-18T21:16:41.124+0000] {processor.py:157} INFO - Started process (PID=221) to work on /home/airflow/.local/lib/python3.8/site-packages/airflow/example_dags/example_short_circuit_decorator.py
[2023-10-18T21:16:41.125+0000] {processor.py:829} INFO - Processing file /home/airflow/.local/lib/python3.8/site-packages/airflow/example_dags/example_short_circuit_decorator.py for tasks to queue
[2023-10-18T21:16:41.127+0000] {logging_mixin.py:151} INFO - [2023-10-18T21:16:41.127+0000] {dagbag.py:536} INFO - Filling up the DagBag from /home/airflow/.local/lib/python3.8/site-packages/airflow/example_dags/example_short_circuit_decorator.py
[2023-10-18T21:16:41.138+0000] {processor.py:839} INFO - DAG(s) dict_keys(['example_short_circuit_decorator']) retrieved from /home/airflow/.local/lib/python3.8/site-packages/airflow/example_dags/example_short_circuit_decorator.py
[2023-10-18T21:16:41.164+0000] {logging_mixin.py:151} INFO - [2023-10-18T21:16:41.164+0000] {dag.py:2941} INFO - Sync 1 DAGs
[2023-10-18T21:16:41.196+0000] {logging_mixin.py:151} INFO - [2023-10-18T21:16:41.195+0000] {dag.py:3722} INFO - Setting next_dagrun for example_short_circuit_decorator to 2023-10-17T21:16:41.195106+00:00, run_after=2023-10-18T21:16:41.195106+00:00
[2023-10-18T21:16:41.220+0000] {processor.py:179} INFO - Processing /home/airflow/.local/lib/python3.8/site-packages/airflow/example_dags/example_short_circuit_decorator.py took 0.101 seconds
[2023-10-18T21:17:11.548+0000] {processor.py:157} INFO - Started process (PID=276) to work on /home/airflow/.local/lib/python3.8/site-packages/airflow/example_dags/example_short_circuit_decorator.py
[2023-10-18T21:17:11.549+0000] {processor.py:829} INFO - Processing file /home/airflow/.local/lib/python3.8/site-packages/airflow/example_dags/example_short_circuit_decorator.py for tasks to queue
[2023-10-18T21:17:11.552+0000] {logging_mixin.py:151} INFO - [2023-10-18T21:17:11.552+0000] {dagbag.py:536} INFO - Filling up the DagBag from /home/airflow/.local/lib/python3.8/site-packages/airflow/example_dags/example_short_circuit_decorator.py
[2023-10-18T21:17:11.563+0000] {processor.py:839} INFO - DAG(s) dict_keys(['example_short_circuit_decorator']) retrieved from /home/airflow/.local/lib/python3.8/site-packages/airflow/example_dags/example_short_circuit_decorator.py
[2023-10-18T21:17:11.600+0000] {logging_mixin.py:151} INFO - [2023-10-18T21:17:11.600+0000] {dag.py:2941} INFO - Sync 1 DAGs
[2023-10-18T21:17:11.627+0000] {logging_mixin.py:151} INFO - [2023-10-18T21:17:11.627+0000] {dag.py:3722} INFO - Setting next_dagrun for example_short_circuit_decorator to 2023-10-17T21:17:11.627491+00:00, run_after=2023-10-18T21:17:11.627491+00:00
[2023-10-18T21:17:11.654+0000] {processor.py:179} INFO - Processing /home/airflow/.local/lib/python3.8/site-packages/airflow/example_dags/example_short_circuit_decorator.py took 0.112 seconds
[2023-10-18T21:17:42.552+0000] {processor.py:157} INFO - Started process (PID=329) to work on /home/airflow/.local/lib/python3.8/site-packages/airflow/example_dags/example_short_circuit_decorator.py
[2023-10-18T21:17:42.554+0000] {processor.py:829} INFO - Processing file /home/airflow/.local/lib/python3.8/site-packages/airflow/example_dags/example_short_circuit_decorator.py for tasks to queue
[2023-10-18T21:17:42.556+0000] {logging_mixin.py:151} INFO - [2023-10-18T21:17:42.556+0000] {dagbag.py:536} INFO - Filling up the DagBag from /home/airflow/.local/lib/python3.8/site-packages/airflow/example_dags/example_short_circuit_decorator.py
[2023-10-18T21:17:42.567+0000] {processor.py:839} INFO - DAG(s) dict_keys(['example_short_circuit_decorator']) retrieved from /home/airflow/.local/lib/python3.8/site-packages/airflow/example_dags/example_short_circuit_decorator.py
[2023-10-18T21:17:42.582+0000] {logging_mixin.py:151} INFO - [2023-10-18T21:17:42.582+0000] {dag.py:2941} INFO - Sync 1 DAGs
[2023-10-18T21:17:42.608+0000] {logging_mixin.py:151} INFO - [2023-10-18T21:17:42.608+0000] {dag.py:3722} INFO - Setting next_dagrun for example_short_circuit_decorator to 2023-10-17T21:17:42.608399+00:00, run_after=2023-10-18T21:17:42.608399+00:00
[2023-10-18T21:17:42.635+0000] {processor.py:179} INFO - Processing /home/airflow/.local/lib/python3.8/site-packages/airflow/example_dags/example_short_circuit_decorator.py took 0.088 seconds
[2023-10-18T21:18:13.368+0000] {processor.py:157} INFO - Started process (PID=382) to work on /home/airflow/.local/lib/python3.8/site-packages/airflow/example_dags/example_short_circuit_decorator.py
[2023-10-18T21:18:13.370+0000] {processor.py:829} INFO - Processing file /home/airflow/.local/lib/python3.8/site-packages/airflow/example_dags/example_short_circuit_decorator.py for tasks to queue
[2023-10-18T21:18:13.372+0000] {logging_mixin.py:151} INFO - [2023-10-18T21:18:13.372+0000] {dagbag.py:536} INFO - Filling up the DagBag from /home/airflow/.local/lib/python3.8/site-packages/airflow/example_dags/example_short_circuit_decorator.py
[2023-10-18T21:18:13.383+0000] {processor.py:839} INFO - DAG(s) dict_keys(['example_short_circuit_decorator']) retrieved from /home/airflow/.local/lib/python3.8/site-packages/airflow/example_dags/example_short_circuit_decorator.py
[2023-10-18T21:18:13.413+0000] {logging_mixin.py:151} INFO - [2023-10-18T21:18:13.413+0000] {dag.py:2941} INFO - Sync 1 DAGs
[2023-10-18T21:18:13.447+0000] {logging_mixin.py:151} INFO - [2023-10-18T21:18:13.447+0000] {dag.py:3722} INFO - Setting next_dagrun for example_short_circuit_decorator to 2023-10-17T21:18:13.447275+00:00, run_after=2023-10-18T21:18:13.447275+00:00
[2023-10-18T21:18:13.469+0000] {processor.py:179} INFO - Processing /home/airflow/.local/lib/python3.8/site-packages/airflow/example_dags/example_short_circuit_decorator.py took 0.108 seconds
[2023-10-18T21:18:43.603+0000] {processor.py:157} INFO - Started process (PID=435) to work on /home/airflow/.local/lib/python3.8/site-packages/airflow/example_dags/example_short_circuit_decorator.py
[2023-10-18T21:18:43.604+0000] {processor.py:829} INFO - Processing file /home/airflow/.local/lib/python3.8/site-packages/airflow/example_dags/example_short_circuit_decorator.py for tasks to queue
[2023-10-18T21:18:43.607+0000] {logging_mixin.py:151} INFO - [2023-10-18T21:18:43.606+0000] {dagbag.py:536} INFO - Filling up the DagBag from /home/airflow/.local/lib/python3.8/site-packages/airflow/example_dags/example_short_circuit_decorator.py
[2023-10-18T21:18:43.617+0000] {processor.py:839} INFO - DAG(s) dict_keys(['example_short_circuit_decorator']) retrieved from /home/airflow/.local/lib/python3.8/site-packages/airflow/example_dags/example_short_circuit_decorator.py
[2023-10-18T21:18:43.644+0000] {logging_mixin.py:151} INFO - [2023-10-18T21:18:43.644+0000] {dag.py:2941} INFO - Sync 1 DAGs
[2023-10-18T21:18:43.672+0000] {logging_mixin.py:151} INFO - [2023-10-18T21:18:43.671+0000] {dag.py:3722} INFO - Setting next_dagrun for example_short_circuit_decorator to 2023-10-17T21:18:43.671682+00:00, run_after=2023-10-18T21:18:43.671682+00:00
[2023-10-18T21:18:43.692+0000] {processor.py:179} INFO - Processing /home/airflow/.local/lib/python3.8/site-packages/airflow/example_dags/example_short_circuit_decorator.py took 0.094 seconds
[2023-10-18T21:19:13.996+0000] {processor.py:157} INFO - Started process (PID=488) to work on /home/airflow/.local/lib/python3.8/site-packages/airflow/example_dags/example_short_circuit_decorator.py
[2023-10-18T21:19:13.997+0000] {processor.py:829} INFO - Processing file /home/airflow/.local/lib/python3.8/site-packages/airflow/example_dags/example_short_circuit_decorator.py for tasks to queue
[2023-10-18T21:19:14.000+0000] {logging_mixin.py:151} INFO - [2023-10-18T21:19:14.000+0000] {dagbag.py:536} INFO - Filling up the DagBag from /home/airflow/.local/lib/python3.8/site-packages/airflow/example_dags/example_short_circuit_decorator.py
[2023-10-18T21:19:14.011+0000] {processor.py:839} INFO - DAG(s) dict_keys(['example_short_circuit_decorator']) retrieved from /home/airflow/.local/lib/python3.8/site-packages/airflow/example_dags/example_short_circuit_decorator.py
[2023-10-18T21:19:14.037+0000] {logging_mixin.py:151} INFO - [2023-10-18T21:19:14.037+0000] {dag.py:2941} INFO - Sync 1 DAGs
[2023-10-18T21:19:14.063+0000] {logging_mixin.py:151} INFO - [2023-10-18T21:19:14.063+0000] {dag.py:3722} INFO - Setting next_dagrun for example_short_circuit_decorator to 2023-10-17T21:19:14.062949+00:00, run_after=2023-10-18T21:19:14.062949+00:00
[2023-10-18T21:19:14.081+0000] {processor.py:179} INFO - Processing /home/airflow/.local/lib/python3.8/site-packages/airflow/example_dags/example_short_circuit_decorator.py took 0.091 seconds
[2023-10-18T21:19:44.190+0000] {processor.py:157} INFO - Started process (PID=541) to work on /home/airflow/.local/lib/python3.8/site-packages/airflow/example_dags/example_short_circuit_decorator.py
[2023-10-18T21:19:44.192+0000] {processor.py:829} INFO - Processing file /home/airflow/.local/lib/python3.8/site-packages/airflow/example_dags/example_short_circuit_decorator.py for tasks to queue
[2023-10-18T21:19:44.194+0000] {logging_mixin.py:151} INFO - [2023-10-18T21:19:44.194+0000] {dagbag.py:536} INFO - Filling up the DagBag from /home/airflow/.local/lib/python3.8/site-packages/airflow/example_dags/example_short_circuit_decorator.py
[2023-10-18T21:19:44.205+0000] {processor.py:839} INFO - DAG(s) dict_keys(['example_short_circuit_decorator']) retrieved from /home/airflow/.local/lib/python3.8/site-packages/airflow/example_dags/example_short_circuit_decorator.py
[2023-10-18T21:19:44.238+0000] {logging_mixin.py:151} INFO - [2023-10-18T21:19:44.238+0000] {dag.py:2941} INFO - Sync 1 DAGs
[2023-10-18T21:19:44.262+0000] {logging_mixin.py:151} INFO - [2023-10-18T21:19:44.261+0000] {dag.py:3722} INFO - Setting next_dagrun for example_short_circuit_decorator to 2023-10-17T21:19:44.261523+00:00, run_after=2023-10-18T21:19:44.261523+00:00
[2023-10-18T21:19:44.280+0000] {processor.py:179} INFO - Processing /home/airflow/.local/lib/python3.8/site-packages/airflow/example_dags/example_short_circuit_decorator.py took 0.094 seconds
[2023-10-18T21:20:14.593+0000] {processor.py:157} INFO - Started process (PID=593) to work on /home/airflow/.local/lib/python3.8/site-packages/airflow/example_dags/example_short_circuit_decorator.py
[2023-10-18T21:20:14.594+0000] {processor.py:829} INFO - Processing file /home/airflow/.local/lib/python3.8/site-packages/airflow/example_dags/example_short_circuit_decorator.py for tasks to queue
[2023-10-18T21:20:14.597+0000] {logging_mixin.py:151} INFO - [2023-10-18T21:20:14.597+0000] {dagbag.py:536} INFO - Filling up the DagBag from /home/airflow/.local/lib/python3.8/site-packages/airflow/example_dags/example_short_circuit_decorator.py
[2023-10-18T21:20:14.610+0000] {processor.py:839} INFO - DAG(s) dict_keys(['example_short_circuit_decorator']) retrieved from /home/airflow/.local/lib/python3.8/site-packages/airflow/example_dags/example_short_circuit_decorator.py
[2023-10-18T21:20:14.636+0000] {logging_mixin.py:151} INFO - [2023-10-18T21:20:14.636+0000] {dag.py:2941} INFO - Sync 1 DAGs
[2023-10-18T21:20:14.664+0000] {logging_mixin.py:151} INFO - [2023-10-18T21:20:14.663+0000] {dag.py:3722} INFO - Setting next_dagrun for example_short_circuit_decorator to 2023-10-17T21:20:14.663576+00:00, run_after=2023-10-18T21:20:14.663576+00:00
[2023-10-18T21:20:14.684+0000] {processor.py:179} INFO - Processing /home/airflow/.local/lib/python3.8/site-packages/airflow/example_dags/example_short_circuit_decorator.py took 0.096 seconds
[2023-10-18T21:20:44.987+0000] {processor.py:157} INFO - Started process (PID=646) to work on /home/airflow/.local/lib/python3.8/site-packages/airflow/example_dags/example_short_circuit_decorator.py
[2023-10-18T21:20:44.988+0000] {processor.py:829} INFO - Processing file /home/airflow/.local/lib/python3.8/site-packages/airflow/example_dags/example_short_circuit_decorator.py for tasks to queue
[2023-10-18T21:20:44.991+0000] {logging_mixin.py:151} INFO - [2023-10-18T21:20:44.990+0000] {dagbag.py:536} INFO - Filling up the DagBag from /home/airflow/.local/lib/python3.8/site-packages/airflow/example_dags/example_short_circuit_decorator.py
[2023-10-18T21:20:45.001+0000] {processor.py:839} INFO - DAG(s) dict_keys(['example_short_circuit_decorator']) retrieved from /home/airflow/.local/lib/python3.8/site-packages/airflow/example_dags/example_short_circuit_decorator.py
[2023-10-18T21:20:45.031+0000] {logging_mixin.py:151} INFO - [2023-10-18T21:20:45.030+0000] {dag.py:2941} INFO - Sync 1 DAGs
[2023-10-18T21:20:45.057+0000] {logging_mixin.py:151} INFO - [2023-10-18T21:20:45.057+0000] {dag.py:3722} INFO - Setting next_dagrun for example_short_circuit_decorator to 2023-10-17T21:20:45.056911+00:00, run_after=2023-10-18T21:20:45.056911+00:00
[2023-10-18T21:20:45.076+0000] {processor.py:179} INFO - Processing /home/airflow/.local/lib/python3.8/site-packages/airflow/example_dags/example_short_circuit_decorator.py took 0.094 seconds
[2023-10-18T21:21:15.173+0000] {processor.py:157} INFO - Started process (PID=699) to work on /home/airflow/.local/lib/python3.8/site-packages/airflow/example_dags/example_short_circuit_decorator.py
[2023-10-18T21:21:15.175+0000] {processor.py:829} INFO - Processing file /home/airflow/.local/lib/python3.8/site-packages/airflow/example_dags/example_short_circuit_decorator.py for tasks to queue
[2023-10-18T21:21:15.178+0000] {logging_mixin.py:151} INFO - [2023-10-18T21:21:15.178+0000] {dagbag.py:536} INFO - Filling up the DagBag from /home/airflow/.local/lib/python3.8/site-packages/airflow/example_dags/example_short_circuit_decorator.py
[2023-10-18T21:21:15.188+0000] {processor.py:839} INFO - DAG(s) dict_keys(['example_short_circuit_decorator']) retrieved from /home/airflow/.local/lib/python3.8/site-packages/airflow/example_dags/example_short_circuit_decorator.py
[2023-10-18T21:21:15.217+0000] {logging_mixin.py:151} INFO - [2023-10-18T21:21:15.217+0000] {dag.py:2941} INFO - Sync 1 DAGs
[2023-10-18T21:21:15.244+0000] {logging_mixin.py:151} INFO - [2023-10-18T21:21:15.244+0000] {dag.py:3722} INFO - Setting next_dagrun for example_short_circuit_decorator to 2023-10-17T21:21:15.244011+00:00, run_after=2023-10-18T21:21:15.244011+00:00
[2023-10-18T21:21:15.265+0000] {processor.py:179} INFO - Processing /home/airflow/.local/lib/python3.8/site-packages/airflow/example_dags/example_short_circuit_decorator.py took 0.096 seconds
[2023-10-18T21:21:45.740+0000] {processor.py:157} INFO - Started process (PID=753) to work on /home/airflow/.local/lib/python3.8/site-packages/airflow/example_dags/example_short_circuit_decorator.py
[2023-10-18T21:21:45.742+0000] {processor.py:829} INFO - Processing file /home/airflow/.local/lib/python3.8/site-packages/airflow/example_dags/example_short_circuit_decorator.py for tasks to queue
[2023-10-18T21:21:45.744+0000] {logging_mixin.py:151} INFO - [2023-10-18T21:21:45.744+0000] {dagbag.py:536} INFO - Filling up the DagBag from /home/airflow/.local/lib/python3.8/site-packages/airflow/example_dags/example_short_circuit_decorator.py
[2023-10-18T21:21:45.756+0000] {processor.py:839} INFO - DAG(s) dict_keys(['example_short_circuit_decorator']) retrieved from /home/airflow/.local/lib/python3.8/site-packages/airflow/example_dags/example_short_circuit_decorator.py
[2023-10-18T21:21:45.788+0000] {logging_mixin.py:151} INFO - [2023-10-18T21:21:45.788+0000] {dag.py:2941} INFO - Sync 1 DAGs
[2023-10-18T21:21:45.820+0000] {logging_mixin.py:151} INFO - [2023-10-18T21:21:45.820+0000] {dag.py:3722} INFO - Setting next_dagrun for example_short_circuit_decorator to 2023-10-17T21:21:45.819877+00:00, run_after=2023-10-18T21:21:45.819877+00:00
[2023-10-18T21:21:45.838+0000] {processor.py:179} INFO - Processing /home/airflow/.local/lib/python3.8/site-packages/airflow/example_dags/example_short_circuit_decorator.py took 0.102 seconds
[2023-10-18T21:23:49.099+0000] {processor.py:157} INFO - Started process (PID=64) to work on /home/airflow/.local/lib/python3.8/site-packages/airflow/example_dags/example_short_circuit_decorator.py
[2023-10-18T21:23:49.101+0000] {processor.py:829} INFO - Processing file /home/airflow/.local/lib/python3.8/site-packages/airflow/example_dags/example_short_circuit_decorator.py for tasks to queue
[2023-10-18T21:23:49.103+0000] {logging_mixin.py:151} INFO - [2023-10-18T21:23:49.103+0000] {dagbag.py:536} INFO - Filling up the DagBag from /home/airflow/.local/lib/python3.8/site-packages/airflow/example_dags/example_short_circuit_decorator.py
[2023-10-18T21:23:49.117+0000] {processor.py:839} INFO - DAG(s) dict_keys(['example_short_circuit_decorator']) retrieved from /home/airflow/.local/lib/python3.8/site-packages/airflow/example_dags/example_short_circuit_decorator.py
[2023-10-18T21:23:49.133+0000] {logging_mixin.py:151} INFO - [2023-10-18T21:23:49.133+0000] {dag.py:2941} INFO - Sync 1 DAGs
[2023-10-18T21:23:49.168+0000] {logging_mixin.py:151} INFO - [2023-10-18T21:23:49.168+0000] {dag.py:3722} INFO - Setting next_dagrun for example_short_circuit_decorator to 2023-10-17T21:23:49.168115+00:00, run_after=2023-10-18T21:23:49.168115+00:00
[2023-10-18T21:23:49.190+0000] {processor.py:179} INFO - Processing /home/airflow/.local/lib/python3.8/site-packages/airflow/example_dags/example_short_circuit_decorator.py took 0.095 seconds
[2023-10-18T21:24:19.459+0000] {processor.py:157} INFO - Started process (PID=117) to work on /home/airflow/.local/lib/python3.8/site-packages/airflow/example_dags/example_short_circuit_decorator.py
[2023-10-18T21:24:19.460+0000] {processor.py:829} INFO - Processing file /home/airflow/.local/lib/python3.8/site-packages/airflow/example_dags/example_short_circuit_decorator.py for tasks to queue
[2023-10-18T21:24:19.463+0000] {logging_mixin.py:151} INFO - [2023-10-18T21:24:19.463+0000] {dagbag.py:536} INFO - Filling up the DagBag from /home/airflow/.local/lib/python3.8/site-packages/airflow/example_dags/example_short_circuit_decorator.py
[2023-10-18T21:24:19.474+0000] {processor.py:839} INFO - DAG(s) dict_keys(['example_short_circuit_decorator']) retrieved from /home/airflow/.local/lib/python3.8/site-packages/airflow/example_dags/example_short_circuit_decorator.py
[2023-10-18T21:24:19.501+0000] {logging_mixin.py:151} INFO - [2023-10-18T21:24:19.501+0000] {dag.py:2941} INFO - Sync 1 DAGs
[2023-10-18T21:24:19.528+0000] {logging_mixin.py:151} INFO - [2023-10-18T21:24:19.528+0000] {dag.py:3722} INFO - Setting next_dagrun for example_short_circuit_decorator to 2023-10-17T21:24:19.527862+00:00, run_after=2023-10-18T21:24:19.527862+00:00
[2023-10-18T21:24:19.545+0000] {processor.py:179} INFO - Processing /home/airflow/.local/lib/python3.8/site-packages/airflow/example_dags/example_short_circuit_decorator.py took 0.093 seconds
[2023-10-18T21:24:49.922+0000] {processor.py:157} INFO - Started process (PID=170) to work on /home/airflow/.local/lib/python3.8/site-packages/airflow/example_dags/example_short_circuit_decorator.py
[2023-10-18T21:24:49.924+0000] {processor.py:829} INFO - Processing file /home/airflow/.local/lib/python3.8/site-packages/airflow/example_dags/example_short_circuit_decorator.py for tasks to queue
[2023-10-18T21:24:49.927+0000] {logging_mixin.py:151} INFO - [2023-10-18T21:24:49.927+0000] {dagbag.py:536} INFO - Filling up the DagBag from /home/airflow/.local/lib/python3.8/site-packages/airflow/example_dags/example_short_circuit_decorator.py
[2023-10-18T21:24:49.938+0000] {processor.py:839} INFO - DAG(s) dict_keys(['example_short_circuit_decorator']) retrieved from /home/airflow/.local/lib/python3.8/site-packages/airflow/example_dags/example_short_circuit_decorator.py
[2023-10-18T21:24:49.967+0000] {logging_mixin.py:151} INFO - [2023-10-18T21:24:49.967+0000] {dag.py:2941} INFO - Sync 1 DAGs
[2023-10-18T21:24:49.991+0000] {logging_mixin.py:151} INFO - [2023-10-18T21:24:49.991+0000] {dag.py:3722} INFO - Setting next_dagrun for example_short_circuit_decorator to 2023-10-17T21:24:49.991381+00:00, run_after=2023-10-18T21:24:49.991381+00:00
[2023-10-18T21:24:50.010+0000] {processor.py:179} INFO - Processing /home/airflow/.local/lib/python3.8/site-packages/airflow/example_dags/example_short_circuit_decorator.py took 0.094 seconds
[2023-10-18T21:25:20.565+0000] {processor.py:157} INFO - Started process (PID=223) to work on /home/airflow/.local/lib/python3.8/site-packages/airflow/example_dags/example_short_circuit_decorator.py
[2023-10-18T21:25:20.567+0000] {processor.py:829} INFO - Processing file /home/airflow/.local/lib/python3.8/site-packages/airflow/example_dags/example_short_circuit_decorator.py for tasks to queue
[2023-10-18T21:25:20.577+0000] {logging_mixin.py:151} INFO - [2023-10-18T21:25:20.576+0000] {dagbag.py:536} INFO - Filling up the DagBag from /home/airflow/.local/lib/python3.8/site-packages/airflow/example_dags/example_short_circuit_decorator.py
[2023-10-18T21:25:20.593+0000] {processor.py:839} INFO - DAG(s) dict_keys(['example_short_circuit_decorator']) retrieved from /home/airflow/.local/lib/python3.8/site-packages/airflow/example_dags/example_short_circuit_decorator.py
[2023-10-18T21:25:20.616+0000] {logging_mixin.py:151} INFO - [2023-10-18T21:25:20.616+0000] {dag.py:2941} INFO - Sync 1 DAGs
[2023-10-18T21:25:20.642+0000] {logging_mixin.py:151} INFO - [2023-10-18T21:25:20.642+0000] {dag.py:3722} INFO - Setting next_dagrun for example_short_circuit_decorator to 2023-10-17T21:25:20.642025+00:00, run_after=2023-10-18T21:25:20.642025+00:00
[2023-10-18T21:25:20.660+0000] {processor.py:179} INFO - Processing /home/airflow/.local/lib/python3.8/site-packages/airflow/example_dags/example_short_circuit_decorator.py took 0.101 seconds
[2023-10-18T21:25:51.468+0000] {processor.py:157} INFO - Started process (PID=276) to work on /home/airflow/.local/lib/python3.8/site-packages/airflow/example_dags/example_short_circuit_decorator.py
[2023-10-18T21:25:51.469+0000] {processor.py:829} INFO - Processing file /home/airflow/.local/lib/python3.8/site-packages/airflow/example_dags/example_short_circuit_decorator.py for tasks to queue
[2023-10-18T21:25:51.471+0000] {logging_mixin.py:151} INFO - [2023-10-18T21:25:51.471+0000] {dagbag.py:536} INFO - Filling up the DagBag from /home/airflow/.local/lib/python3.8/site-packages/airflow/example_dags/example_short_circuit_decorator.py
[2023-10-18T21:25:51.481+0000] {processor.py:839} INFO - DAG(s) dict_keys(['example_short_circuit_decorator']) retrieved from /home/airflow/.local/lib/python3.8/site-packages/airflow/example_dags/example_short_circuit_decorator.py
[2023-10-18T21:25:51.508+0000] {logging_mixin.py:151} INFO - [2023-10-18T21:25:51.507+0000] {dag.py:2941} INFO - Sync 1 DAGs
[2023-10-18T21:25:51.530+0000] {logging_mixin.py:151} INFO - [2023-10-18T21:25:51.529+0000] {dag.py:3722} INFO - Setting next_dagrun for example_short_circuit_decorator to 2023-10-17T21:25:51.529602+00:00, run_after=2023-10-18T21:25:51.529602+00:00
[2023-10-18T21:25:51.547+0000] {processor.py:179} INFO - Processing /home/airflow/.local/lib/python3.8/site-packages/airflow/example_dags/example_short_circuit_decorator.py took 0.084 seconds
[2023-10-18T21:26:21.658+0000] {processor.py:157} INFO - Started process (PID=329) to work on /home/airflow/.local/lib/python3.8/site-packages/airflow/example_dags/example_short_circuit_decorator.py
[2023-10-18T21:26:21.659+0000] {processor.py:829} INFO - Processing file /home/airflow/.local/lib/python3.8/site-packages/airflow/example_dags/example_short_circuit_decorator.py for tasks to queue
[2023-10-18T21:26:21.662+0000] {logging_mixin.py:151} INFO - [2023-10-18T21:26:21.662+0000] {dagbag.py:536} INFO - Filling up the DagBag from /home/airflow/.local/lib/python3.8/site-packages/airflow/example_dags/example_short_circuit_decorator.py
[2023-10-18T21:26:21.673+0000] {processor.py:839} INFO - DAG(s) dict_keys(['example_short_circuit_decorator']) retrieved from /home/airflow/.local/lib/python3.8/site-packages/airflow/example_dags/example_short_circuit_decorator.py
[2023-10-18T21:26:21.703+0000] {logging_mixin.py:151} INFO - [2023-10-18T21:26:21.703+0000] {dag.py:2941} INFO - Sync 1 DAGs
[2023-10-18T21:26:21.727+0000] {logging_mixin.py:151} INFO - [2023-10-18T21:26:21.726+0000] {dag.py:3722} INFO - Setting next_dagrun for example_short_circuit_decorator to 2023-10-17T21:26:21.726517+00:00, run_after=2023-10-18T21:26:21.726517+00:00
[2023-10-18T21:26:21.743+0000] {processor.py:179} INFO - Processing /home/airflow/.local/lib/python3.8/site-packages/airflow/example_dags/example_short_circuit_decorator.py took 0.091 seconds
[2023-10-18T21:26:51.801+0000] {processor.py:157} INFO - Started process (PID=382) to work on /home/airflow/.local/lib/python3.8/site-packages/airflow/example_dags/example_short_circuit_decorator.py
[2023-10-18T21:26:51.802+0000] {processor.py:829} INFO - Processing file /home/airflow/.local/lib/python3.8/site-packages/airflow/example_dags/example_short_circuit_decorator.py for tasks to queue
[2023-10-18T21:26:51.805+0000] {logging_mixin.py:151} INFO - [2023-10-18T21:26:51.805+0000] {dagbag.py:536} INFO - Filling up the DagBag from /home/airflow/.local/lib/python3.8/site-packages/airflow/example_dags/example_short_circuit_decorator.py
[2023-10-18T21:26:51.816+0000] {processor.py:839} INFO - DAG(s) dict_keys(['example_short_circuit_decorator']) retrieved from /home/airflow/.local/lib/python3.8/site-packages/airflow/example_dags/example_short_circuit_decorator.py
[2023-10-18T21:26:51.846+0000] {logging_mixin.py:151} INFO - [2023-10-18T21:26:51.846+0000] {dag.py:2941} INFO - Sync 1 DAGs
[2023-10-18T21:26:51.876+0000] {logging_mixin.py:151} INFO - [2023-10-18T21:26:51.876+0000] {dag.py:3722} INFO - Setting next_dagrun for example_short_circuit_decorator to 2023-10-17T21:26:51.876207+00:00, run_after=2023-10-18T21:26:51.876207+00:00
[2023-10-18T21:26:51.902+0000] {processor.py:179} INFO - Processing /home/airflow/.local/lib/python3.8/site-packages/airflow/example_dags/example_short_circuit_decorator.py took 0.105 seconds
[2023-10-18T21:27:22.043+0000] {processor.py:157} INFO - Started process (PID=435) to work on /home/airflow/.local/lib/python3.8/site-packages/airflow/example_dags/example_short_circuit_decorator.py
[2023-10-18T21:27:22.045+0000] {processor.py:829} INFO - Processing file /home/airflow/.local/lib/python3.8/site-packages/airflow/example_dags/example_short_circuit_decorator.py for tasks to queue
[2023-10-18T21:27:22.048+0000] {logging_mixin.py:151} INFO - [2023-10-18T21:27:22.048+0000] {dagbag.py:536} INFO - Filling up the DagBag from /home/airflow/.local/lib/python3.8/site-packages/airflow/example_dags/example_short_circuit_decorator.py
[2023-10-18T21:27:22.062+0000] {processor.py:839} INFO - DAG(s) dict_keys(['example_short_circuit_decorator']) retrieved from /home/airflow/.local/lib/python3.8/site-packages/airflow/example_dags/example_short_circuit_decorator.py
[2023-10-18T21:27:22.093+0000] {logging_mixin.py:151} INFO - [2023-10-18T21:27:22.093+0000] {dag.py:2941} INFO - Sync 1 DAGs
[2023-10-18T21:27:22.118+0000] {logging_mixin.py:151} INFO - [2023-10-18T21:27:22.118+0000] {dag.py:3722} INFO - Setting next_dagrun for example_short_circuit_decorator to 2023-10-17T21:27:22.118032+00:00, run_after=2023-10-18T21:27:22.118032+00:00
[2023-10-18T21:27:22.139+0000] {processor.py:179} INFO - Processing /home/airflow/.local/lib/python3.8/site-packages/airflow/example_dags/example_short_circuit_decorator.py took 0.101 seconds
[2023-10-18T21:27:52.509+0000] {processor.py:157} INFO - Started process (PID=488) to work on /home/airflow/.local/lib/python3.8/site-packages/airflow/example_dags/example_short_circuit_decorator.py
[2023-10-18T21:27:52.510+0000] {processor.py:829} INFO - Processing file /home/airflow/.local/lib/python3.8/site-packages/airflow/example_dags/example_short_circuit_decorator.py for tasks to queue
[2023-10-18T21:27:52.512+0000] {logging_mixin.py:151} INFO - [2023-10-18T21:27:52.512+0000] {dagbag.py:536} INFO - Filling up the DagBag from /home/airflow/.local/lib/python3.8/site-packages/airflow/example_dags/example_short_circuit_decorator.py
[2023-10-18T21:27:52.523+0000] {processor.py:839} INFO - DAG(s) dict_keys(['example_short_circuit_decorator']) retrieved from /home/airflow/.local/lib/python3.8/site-packages/airflow/example_dags/example_short_circuit_decorator.py
[2023-10-18T21:27:52.550+0000] {logging_mixin.py:151} INFO - [2023-10-18T21:27:52.550+0000] {dag.py:2941} INFO - Sync 1 DAGs
[2023-10-18T21:27:52.576+0000] {logging_mixin.py:151} INFO - [2023-10-18T21:27:52.576+0000] {dag.py:3722} INFO - Setting next_dagrun for example_short_circuit_decorator to 2023-10-17T21:27:52.576217+00:00, run_after=2023-10-18T21:27:52.576217+00:00
[2023-10-18T21:27:52.596+0000] {processor.py:179} INFO - Processing /home/airflow/.local/lib/python3.8/site-packages/airflow/example_dags/example_short_circuit_decorator.py took 0.095 seconds
[2023-10-18T21:28:22.996+0000] {processor.py:157} INFO - Started process (PID=541) to work on /home/airflow/.local/lib/python3.8/site-packages/airflow/example_dags/example_short_circuit_decorator.py
[2023-10-18T21:28:22.997+0000] {processor.py:829} INFO - Processing file /home/airflow/.local/lib/python3.8/site-packages/airflow/example_dags/example_short_circuit_decorator.py for tasks to queue
[2023-10-18T21:28:22.999+0000] {logging_mixin.py:151} INFO - [2023-10-18T21:28:22.999+0000] {dagbag.py:536} INFO - Filling up the DagBag from /home/airflow/.local/lib/python3.8/site-packages/airflow/example_dags/example_short_circuit_decorator.py
[2023-10-18T21:28:23.010+0000] {processor.py:839} INFO - DAG(s) dict_keys(['example_short_circuit_decorator']) retrieved from /home/airflow/.local/lib/python3.8/site-packages/airflow/example_dags/example_short_circuit_decorator.py
[2023-10-18T21:28:23.048+0000] {logging_mixin.py:151} INFO - [2023-10-18T21:28:23.047+0000] {dag.py:2941} INFO - Sync 1 DAGs
[2023-10-18T21:28:23.073+0000] {logging_mixin.py:151} INFO - [2023-10-18T21:28:23.073+0000] {dag.py:3722} INFO - Setting next_dagrun for example_short_circuit_decorator to 2023-10-17T21:28:23.073182+00:00, run_after=2023-10-18T21:28:23.073182+00:00
[2023-10-18T21:28:23.099+0000] {processor.py:179} INFO - Processing /home/airflow/.local/lib/python3.8/site-packages/airflow/example_dags/example_short_circuit_decorator.py took 0.111 seconds
[2023-10-18T21:28:53.563+0000] {processor.py:157} INFO - Started process (PID=594) to work on /home/airflow/.local/lib/python3.8/site-packages/airflow/example_dags/example_short_circuit_decorator.py
[2023-10-18T21:28:53.564+0000] {processor.py:829} INFO - Processing file /home/airflow/.local/lib/python3.8/site-packages/airflow/example_dags/example_short_circuit_decorator.py for tasks to queue
[2023-10-18T21:28:53.567+0000] {logging_mixin.py:151} INFO - [2023-10-18T21:28:53.566+0000] {dagbag.py:536} INFO - Filling up the DagBag from /home/airflow/.local/lib/python3.8/site-packages/airflow/example_dags/example_short_circuit_decorator.py
[2023-10-18T21:28:53.577+0000] {processor.py:839} INFO - DAG(s) dict_keys(['example_short_circuit_decorator']) retrieved from /home/airflow/.local/lib/python3.8/site-packages/airflow/example_dags/example_short_circuit_decorator.py
[2023-10-18T21:28:53.606+0000] {logging_mixin.py:151} INFO - [2023-10-18T21:28:53.606+0000] {dag.py:2941} INFO - Sync 1 DAGs
[2023-10-18T21:28:53.628+0000] {logging_mixin.py:151} INFO - [2023-10-18T21:28:53.628+0000] {dag.py:3722} INFO - Setting next_dagrun for example_short_circuit_decorator to 2023-10-17T21:28:53.628480+00:00, run_after=2023-10-18T21:28:53.628480+00:00
[2023-10-18T21:28:53.660+0000] {processor.py:179} INFO - Processing /home/airflow/.local/lib/python3.8/site-packages/airflow/example_dags/example_short_circuit_decorator.py took 0.101 seconds
[2023-10-18T21:29:23.940+0000] {processor.py:157} INFO - Started process (PID=647) to work on /home/airflow/.local/lib/python3.8/site-packages/airflow/example_dags/example_short_circuit_decorator.py
[2023-10-18T21:29:23.941+0000] {processor.py:829} INFO - Processing file /home/airflow/.local/lib/python3.8/site-packages/airflow/example_dags/example_short_circuit_decorator.py for tasks to queue
[2023-10-18T21:29:23.944+0000] {logging_mixin.py:151} INFO - [2023-10-18T21:29:23.944+0000] {dagbag.py:536} INFO - Filling up the DagBag from /home/airflow/.local/lib/python3.8/site-packages/airflow/example_dags/example_short_circuit_decorator.py
[2023-10-18T21:29:23.955+0000] {processor.py:839} INFO - DAG(s) dict_keys(['example_short_circuit_decorator']) retrieved from /home/airflow/.local/lib/python3.8/site-packages/airflow/example_dags/example_short_circuit_decorator.py
[2023-10-18T21:29:23.982+0000] {logging_mixin.py:151} INFO - [2023-10-18T21:29:23.981+0000] {dag.py:2941} INFO - Sync 1 DAGs
[2023-10-18T21:29:24.008+0000] {logging_mixin.py:151} INFO - [2023-10-18T21:29:24.008+0000] {dag.py:3722} INFO - Setting next_dagrun for example_short_circuit_decorator to 2023-10-17T21:29:24.008172+00:00, run_after=2023-10-18T21:29:24.008172+00:00
[2023-10-18T21:29:24.029+0000] {processor.py:179} INFO - Processing /home/airflow/.local/lib/python3.8/site-packages/airflow/example_dags/example_short_circuit_decorator.py took 0.094 seconds
[2023-10-18T21:29:54.407+0000] {processor.py:157} INFO - Started process (PID=700) to work on /home/airflow/.local/lib/python3.8/site-packages/airflow/example_dags/example_short_circuit_decorator.py
[2023-10-18T21:29:54.408+0000] {processor.py:829} INFO - Processing file /home/airflow/.local/lib/python3.8/site-packages/airflow/example_dags/example_short_circuit_decorator.py for tasks to queue
[2023-10-18T21:29:54.411+0000] {logging_mixin.py:151} INFO - [2023-10-18T21:29:54.411+0000] {dagbag.py:536} INFO - Filling up the DagBag from /home/airflow/.local/lib/python3.8/site-packages/airflow/example_dags/example_short_circuit_decorator.py
[2023-10-18T21:29:54.422+0000] {processor.py:839} INFO - DAG(s) dict_keys(['example_short_circuit_decorator']) retrieved from /home/airflow/.local/lib/python3.8/site-packages/airflow/example_dags/example_short_circuit_decorator.py
[2023-10-18T21:29:54.449+0000] {logging_mixin.py:151} INFO - [2023-10-18T21:29:54.449+0000] {dag.py:2941} INFO - Sync 1 DAGs
[2023-10-18T21:29:54.474+0000] {logging_mixin.py:151} INFO - [2023-10-18T21:29:54.474+0000] {dag.py:3722} INFO - Setting next_dagrun for example_short_circuit_decorator to 2023-10-17T21:29:54.474423+00:00, run_after=2023-10-18T21:29:54.474423+00:00
[2023-10-18T21:29:54.490+0000] {processor.py:179} INFO - Processing /home/airflow/.local/lib/python3.8/site-packages/airflow/example_dags/example_short_circuit_decorator.py took 0.089 seconds
[2023-10-18T21:30:24.974+0000] {processor.py:157} INFO - Started process (PID=754) to work on /home/airflow/.local/lib/python3.8/site-packages/airflow/example_dags/example_short_circuit_decorator.py
[2023-10-18T21:30:24.976+0000] {processor.py:829} INFO - Processing file /home/airflow/.local/lib/python3.8/site-packages/airflow/example_dags/example_short_circuit_decorator.py for tasks to queue
[2023-10-18T21:30:24.979+0000] {logging_mixin.py:151} INFO - [2023-10-18T21:30:24.978+0000] {dagbag.py:536} INFO - Filling up the DagBag from /home/airflow/.local/lib/python3.8/site-packages/airflow/example_dags/example_short_circuit_decorator.py
[2023-10-18T21:30:24.989+0000] {processor.py:839} INFO - DAG(s) dict_keys(['example_short_circuit_decorator']) retrieved from /home/airflow/.local/lib/python3.8/site-packages/airflow/example_dags/example_short_circuit_decorator.py
[2023-10-18T21:30:25.016+0000] {logging_mixin.py:151} INFO - [2023-10-18T21:30:25.016+0000] {dag.py:2941} INFO - Sync 1 DAGs
[2023-10-18T21:30:25.041+0000] {logging_mixin.py:151} INFO - [2023-10-18T21:30:25.041+0000] {dag.py:3722} INFO - Setting next_dagrun for example_short_circuit_decorator to 2023-10-17T21:30:25.041476+00:00, run_after=2023-10-18T21:30:25.041476+00:00
[2023-10-18T21:30:25.059+0000] {processor.py:179} INFO - Processing /home/airflow/.local/lib/python3.8/site-packages/airflow/example_dags/example_short_circuit_decorator.py took 0.091 seconds
[2023-10-18T21:30:55.952+0000] {processor.py:157} INFO - Started process (PID=808) to work on /home/airflow/.local/lib/python3.8/site-packages/airflow/example_dags/example_short_circuit_decorator.py
[2023-10-18T21:30:55.953+0000] {processor.py:829} INFO - Processing file /home/airflow/.local/lib/python3.8/site-packages/airflow/example_dags/example_short_circuit_decorator.py for tasks to queue
[2023-10-18T21:30:55.956+0000] {logging_mixin.py:151} INFO - [2023-10-18T21:30:55.956+0000] {dagbag.py:536} INFO - Filling up the DagBag from /home/airflow/.local/lib/python3.8/site-packages/airflow/example_dags/example_short_circuit_decorator.py
[2023-10-18T21:30:55.969+0000] {processor.py:839} INFO - DAG(s) dict_keys(['example_short_circuit_decorator']) retrieved from /home/airflow/.local/lib/python3.8/site-packages/airflow/example_dags/example_short_circuit_decorator.py
[2023-10-18T21:30:55.999+0000] {logging_mixin.py:151} INFO - [2023-10-18T21:30:55.999+0000] {dag.py:2941} INFO - Sync 1 DAGs
[2023-10-18T21:30:56.034+0000] {logging_mixin.py:151} INFO - [2023-10-18T21:30:56.034+0000] {dag.py:3722} INFO - Setting next_dagrun for example_short_circuit_decorator to 2023-10-17T21:30:56.033946+00:00, run_after=2023-10-18T21:30:56.033946+00:00
[2023-10-18T21:30:56.055+0000] {processor.py:179} INFO - Processing /home/airflow/.local/lib/python3.8/site-packages/airflow/example_dags/example_short_circuit_decorator.py took 0.110 seconds
[2023-10-18T21:31:26.208+0000] {processor.py:157} INFO - Started process (PID=861) to work on /home/airflow/.local/lib/python3.8/site-packages/airflow/example_dags/example_short_circuit_decorator.py
[2023-10-18T21:31:26.209+0000] {processor.py:829} INFO - Processing file /home/airflow/.local/lib/python3.8/site-packages/airflow/example_dags/example_short_circuit_decorator.py for tasks to queue
[2023-10-18T21:31:26.212+0000] {logging_mixin.py:151} INFO - [2023-10-18T21:31:26.212+0000] {dagbag.py:536} INFO - Filling up the DagBag from /home/airflow/.local/lib/python3.8/site-packages/airflow/example_dags/example_short_circuit_decorator.py
[2023-10-18T21:31:26.223+0000] {processor.py:839} INFO - DAG(s) dict_keys(['example_short_circuit_decorator']) retrieved from /home/airflow/.local/lib/python3.8/site-packages/airflow/example_dags/example_short_circuit_decorator.py
[2023-10-18T21:31:26.251+0000] {logging_mixin.py:151} INFO - [2023-10-18T21:31:26.251+0000] {dag.py:2941} INFO - Sync 1 DAGs
[2023-10-18T21:31:26.278+0000] {logging_mixin.py:151} INFO - [2023-10-18T21:31:26.277+0000] {dag.py:3722} INFO - Setting next_dagrun for example_short_circuit_decorator to 2023-10-17T21:31:26.277532+00:00, run_after=2023-10-18T21:31:26.277532+00:00
[2023-10-18T21:31:26.297+0000] {processor.py:179} INFO - Processing /home/airflow/.local/lib/python3.8/site-packages/airflow/example_dags/example_short_circuit_decorator.py took 0.096 seconds
