[2023-10-18T21:06:46.276+0000] {processor.py:157} INFO - Started process (PID=43) to work on /home/airflow/.local/lib/python3.8/site-packages/airflow/example_dags/example_sla_dag.py
[2023-10-18T21:06:46.289+0000] {processor.py:829} INFO - Processing file /home/airflow/.local/lib/python3.8/site-packages/airflow/example_dags/example_sla_dag.py for tasks to queue
[2023-10-18T21:06:46.291+0000] {logging_mixin.py:151} INFO - [2023-10-18T21:06:46.291+0000] {dagbag.py:536} INFO - Filling up the DagBag from /home/airflow/.local/lib/python3.8/site-packages/airflow/example_dags/example_sla_dag.py
[2023-10-18T21:06:46.329+0000] {processor.py:839} INFO - DAG(s) dict_keys(['example_sla_dag']) retrieved from /home/airflow/.local/lib/python3.8/site-packages/airflow/example_dags/example_sla_dag.py
[2023-10-18T21:06:46.364+0000] {logging_mixin.py:151} INFO - [2023-10-18T21:06:46.363+0000] {dag.py:2941} INFO - Sync 1 DAGs
[2023-10-18T21:06:46.417+0000] {logging_mixin.py:151} INFO - [2023-10-18T21:06:46.417+0000] {dag.py:3722} INFO - Setting next_dagrun for example_sla_dag to 2023-10-18T21:04:00+00:00, run_after=2023-10-18T21:06:00+00:00
[2023-10-18T21:06:46.457+0000] {processor.py:179} INFO - Processing /home/airflow/.local/lib/python3.8/site-packages/airflow/example_dags/example_sla_dag.py took 0.186 seconds
[2023-10-18T21:07:16.790+0000] {processor.py:157} INFO - Started process (PID=96) to work on /home/airflow/.local/lib/python3.8/site-packages/airflow/example_dags/example_sla_dag.py
[2023-10-18T21:07:16.792+0000] {processor.py:829} INFO - Processing file /home/airflow/.local/lib/python3.8/site-packages/airflow/example_dags/example_sla_dag.py for tasks to queue
[2023-10-18T21:07:16.795+0000] {logging_mixin.py:151} INFO - [2023-10-18T21:07:16.795+0000] {dagbag.py:536} INFO - Filling up the DagBag from /home/airflow/.local/lib/python3.8/site-packages/airflow/example_dags/example_sla_dag.py
[2023-10-18T21:07:16.805+0000] {processor.py:839} INFO - DAG(s) dict_keys(['example_sla_dag']) retrieved from /home/airflow/.local/lib/python3.8/site-packages/airflow/example_dags/example_sla_dag.py
[2023-10-18T21:07:16.824+0000] {logging_mixin.py:151} INFO - [2023-10-18T21:07:16.824+0000] {dag.py:2941} INFO - Sync 1 DAGs
[2023-10-18T21:07:16.862+0000] {logging_mixin.py:151} INFO - [2023-10-18T21:07:16.862+0000] {dag.py:3722} INFO - Setting next_dagrun for example_sla_dag to 2023-10-18T21:04:00+00:00, run_after=2023-10-18T21:06:00+00:00
[2023-10-18T21:07:16.879+0000] {processor.py:179} INFO - Processing /home/airflow/.local/lib/python3.8/site-packages/airflow/example_dags/example_sla_dag.py took 0.095 seconds
[2023-10-18T21:07:46.927+0000] {processor.py:157} INFO - Started process (PID=149) to work on /home/airflow/.local/lib/python3.8/site-packages/airflow/example_dags/example_sla_dag.py
[2023-10-18T21:07:46.929+0000] {processor.py:829} INFO - Processing file /home/airflow/.local/lib/python3.8/site-packages/airflow/example_dags/example_sla_dag.py for tasks to queue
[2023-10-18T21:07:46.931+0000] {logging_mixin.py:151} INFO - [2023-10-18T21:07:46.931+0000] {dagbag.py:536} INFO - Filling up the DagBag from /home/airflow/.local/lib/python3.8/site-packages/airflow/example_dags/example_sla_dag.py
[2023-10-18T21:07:46.941+0000] {processor.py:839} INFO - DAG(s) dict_keys(['example_sla_dag']) retrieved from /home/airflow/.local/lib/python3.8/site-packages/airflow/example_dags/example_sla_dag.py
[2023-10-18T21:07:46.964+0000] {logging_mixin.py:151} INFO - [2023-10-18T21:07:46.964+0000] {dag.py:2941} INFO - Sync 1 DAGs
[2023-10-18T21:07:46.994+0000] {logging_mixin.py:151} INFO - [2023-10-18T21:07:46.994+0000] {dag.py:3722} INFO - Setting next_dagrun for example_sla_dag to 2023-10-18T21:04:00+00:00, run_after=2023-10-18T21:06:00+00:00
[2023-10-18T21:07:47.013+0000] {processor.py:179} INFO - Processing /home/airflow/.local/lib/python3.8/site-packages/airflow/example_dags/example_sla_dag.py took 0.091 seconds
[2023-10-18T21:08:17.222+0000] {processor.py:157} INFO - Started process (PID=202) to work on /home/airflow/.local/lib/python3.8/site-packages/airflow/example_dags/example_sla_dag.py
[2023-10-18T21:08:17.223+0000] {processor.py:829} INFO - Processing file /home/airflow/.local/lib/python3.8/site-packages/airflow/example_dags/example_sla_dag.py for tasks to queue
[2023-10-18T21:08:17.226+0000] {logging_mixin.py:151} INFO - [2023-10-18T21:08:17.226+0000] {dagbag.py:536} INFO - Filling up the DagBag from /home/airflow/.local/lib/python3.8/site-packages/airflow/example_dags/example_sla_dag.py
[2023-10-18T21:08:17.236+0000] {processor.py:839} INFO - DAG(s) dict_keys(['example_sla_dag']) retrieved from /home/airflow/.local/lib/python3.8/site-packages/airflow/example_dags/example_sla_dag.py
[2023-10-18T21:08:17.262+0000] {logging_mixin.py:151} INFO - [2023-10-18T21:08:17.262+0000] {dag.py:2941} INFO - Sync 1 DAGs
[2023-10-18T21:08:17.293+0000] {logging_mixin.py:151} INFO - [2023-10-18T21:08:17.293+0000] {dag.py:3722} INFO - Setting next_dagrun for example_sla_dag to 2023-10-18T21:06:00+00:00, run_after=2023-10-18T21:08:00+00:00
[2023-10-18T21:08:17.313+0000] {processor.py:179} INFO - Processing /home/airflow/.local/lib/python3.8/site-packages/airflow/example_dags/example_sla_dag.py took 0.095 seconds
[2023-10-18T21:08:47.386+0000] {processor.py:157} INFO - Started process (PID=256) to work on /home/airflow/.local/lib/python3.8/site-packages/airflow/example_dags/example_sla_dag.py
[2023-10-18T21:08:47.388+0000] {processor.py:829} INFO - Processing file /home/airflow/.local/lib/python3.8/site-packages/airflow/example_dags/example_sla_dag.py for tasks to queue
[2023-10-18T21:08:47.390+0000] {logging_mixin.py:151} INFO - [2023-10-18T21:08:47.390+0000] {dagbag.py:536} INFO - Filling up the DagBag from /home/airflow/.local/lib/python3.8/site-packages/airflow/example_dags/example_sla_dag.py
[2023-10-18T21:08:47.400+0000] {processor.py:839} INFO - DAG(s) dict_keys(['example_sla_dag']) retrieved from /home/airflow/.local/lib/python3.8/site-packages/airflow/example_dags/example_sla_dag.py
[2023-10-18T21:08:47.424+0000] {logging_mixin.py:151} INFO - [2023-10-18T21:08:47.424+0000] {dag.py:2941} INFO - Sync 1 DAGs
[2023-10-18T21:08:47.455+0000] {logging_mixin.py:151} INFO - [2023-10-18T21:08:47.455+0000] {dag.py:3722} INFO - Setting next_dagrun for example_sla_dag to 2023-10-18T21:06:00+00:00, run_after=2023-10-18T21:08:00+00:00
[2023-10-18T21:08:47.474+0000] {processor.py:179} INFO - Processing /home/airflow/.local/lib/python3.8/site-packages/airflow/example_dags/example_sla_dag.py took 0.093 seconds
[2023-10-18T21:09:17.698+0000] {processor.py:157} INFO - Started process (PID=309) to work on /home/airflow/.local/lib/python3.8/site-packages/airflow/example_dags/example_sla_dag.py
[2023-10-18T21:09:17.700+0000] {processor.py:829} INFO - Processing file /home/airflow/.local/lib/python3.8/site-packages/airflow/example_dags/example_sla_dag.py for tasks to queue
[2023-10-18T21:09:17.703+0000] {logging_mixin.py:151} INFO - [2023-10-18T21:09:17.703+0000] {dagbag.py:536} INFO - Filling up the DagBag from /home/airflow/.local/lib/python3.8/site-packages/airflow/example_dags/example_sla_dag.py
[2023-10-18T21:09:17.714+0000] {processor.py:839} INFO - DAG(s) dict_keys(['example_sla_dag']) retrieved from /home/airflow/.local/lib/python3.8/site-packages/airflow/example_dags/example_sla_dag.py
[2023-10-18T21:09:17.748+0000] {logging_mixin.py:151} INFO - [2023-10-18T21:09:17.748+0000] {dag.py:2941} INFO - Sync 1 DAGs
[2023-10-18T21:09:17.784+0000] {logging_mixin.py:151} INFO - [2023-10-18T21:09:17.783+0000] {dag.py:3722} INFO - Setting next_dagrun for example_sla_dag to 2023-10-18T21:06:00+00:00, run_after=2023-10-18T21:08:00+00:00
[2023-10-18T21:09:17.807+0000] {processor.py:179} INFO - Processing /home/airflow/.local/lib/python3.8/site-packages/airflow/example_dags/example_sla_dag.py took 0.115 seconds
[2023-10-18T21:09:48.059+0000] {processor.py:157} INFO - Started process (PID=362) to work on /home/airflow/.local/lib/python3.8/site-packages/airflow/example_dags/example_sla_dag.py
[2023-10-18T21:09:48.061+0000] {processor.py:829} INFO - Processing file /home/airflow/.local/lib/python3.8/site-packages/airflow/example_dags/example_sla_dag.py for tasks to queue
[2023-10-18T21:09:48.064+0000] {logging_mixin.py:151} INFO - [2023-10-18T21:09:48.064+0000] {dagbag.py:536} INFO - Filling up the DagBag from /home/airflow/.local/lib/python3.8/site-packages/airflow/example_dags/example_sla_dag.py
[2023-10-18T21:09:48.074+0000] {processor.py:839} INFO - DAG(s) dict_keys(['example_sla_dag']) retrieved from /home/airflow/.local/lib/python3.8/site-packages/airflow/example_dags/example_sla_dag.py
[2023-10-18T21:09:48.101+0000] {logging_mixin.py:151} INFO - [2023-10-18T21:09:48.101+0000] {dag.py:2941} INFO - Sync 1 DAGs
[2023-10-18T21:09:48.130+0000] {logging_mixin.py:151} INFO - [2023-10-18T21:09:48.130+0000] {dag.py:3722} INFO - Setting next_dagrun for example_sla_dag to 2023-10-18T21:06:00+00:00, run_after=2023-10-18T21:08:00+00:00
[2023-10-18T21:09:48.150+0000] {processor.py:179} INFO - Processing /home/airflow/.local/lib/python3.8/site-packages/airflow/example_dags/example_sla_dag.py took 0.096 seconds
[2023-10-18T21:10:18.296+0000] {processor.py:157} INFO - Started process (PID=415) to work on /home/airflow/.local/lib/python3.8/site-packages/airflow/example_dags/example_sla_dag.py
[2023-10-18T21:10:18.298+0000] {processor.py:829} INFO - Processing file /home/airflow/.local/lib/python3.8/site-packages/airflow/example_dags/example_sla_dag.py for tasks to queue
[2023-10-18T21:10:18.301+0000] {logging_mixin.py:151} INFO - [2023-10-18T21:10:18.301+0000] {dagbag.py:536} INFO - Filling up the DagBag from /home/airflow/.local/lib/python3.8/site-packages/airflow/example_dags/example_sla_dag.py
[2023-10-18T21:10:18.315+0000] {processor.py:839} INFO - DAG(s) dict_keys(['example_sla_dag']) retrieved from /home/airflow/.local/lib/python3.8/site-packages/airflow/example_dags/example_sla_dag.py
[2023-10-18T21:10:18.336+0000] {logging_mixin.py:151} INFO - [2023-10-18T21:10:18.335+0000] {dag.py:2941} INFO - Sync 1 DAGs
[2023-10-18T21:10:18.362+0000] {logging_mixin.py:151} INFO - [2023-10-18T21:10:18.362+0000] {dag.py:3722} INFO - Setting next_dagrun for example_sla_dag to 2023-10-18T21:08:00+00:00, run_after=2023-10-18T21:10:00+00:00
[2023-10-18T21:10:18.378+0000] {processor.py:179} INFO - Processing /home/airflow/.local/lib/python3.8/site-packages/airflow/example_dags/example_sla_dag.py took 0.088 seconds
[2023-10-18T21:10:48.439+0000] {processor.py:157} INFO - Started process (PID=468) to work on /home/airflow/.local/lib/python3.8/site-packages/airflow/example_dags/example_sla_dag.py
[2023-10-18T21:10:48.440+0000] {processor.py:829} INFO - Processing file /home/airflow/.local/lib/python3.8/site-packages/airflow/example_dags/example_sla_dag.py for tasks to queue
[2023-10-18T21:10:48.442+0000] {logging_mixin.py:151} INFO - [2023-10-18T21:10:48.442+0000] {dagbag.py:536} INFO - Filling up the DagBag from /home/airflow/.local/lib/python3.8/site-packages/airflow/example_dags/example_sla_dag.py
[2023-10-18T21:10:48.453+0000] {processor.py:839} INFO - DAG(s) dict_keys(['example_sla_dag']) retrieved from /home/airflow/.local/lib/python3.8/site-packages/airflow/example_dags/example_sla_dag.py
[2023-10-18T21:10:48.474+0000] {logging_mixin.py:151} INFO - [2023-10-18T21:10:48.474+0000] {dag.py:2941} INFO - Sync 1 DAGs
[2023-10-18T21:10:48.502+0000] {logging_mixin.py:151} INFO - [2023-10-18T21:10:48.502+0000] {dag.py:3722} INFO - Setting next_dagrun for example_sla_dag to 2023-10-18T21:08:00+00:00, run_after=2023-10-18T21:10:00+00:00
[2023-10-18T21:10:48.519+0000] {processor.py:179} INFO - Processing /home/airflow/.local/lib/python3.8/site-packages/airflow/example_dags/example_sla_dag.py took 0.084 seconds
[2023-10-18T21:11:19.062+0000] {processor.py:157} INFO - Started process (PID=521) to work on /home/airflow/.local/lib/python3.8/site-packages/airflow/example_dags/example_sla_dag.py
[2023-10-18T21:11:19.064+0000] {processor.py:829} INFO - Processing file /home/airflow/.local/lib/python3.8/site-packages/airflow/example_dags/example_sla_dag.py for tasks to queue
[2023-10-18T21:11:19.066+0000] {logging_mixin.py:151} INFO - [2023-10-18T21:11:19.066+0000] {dagbag.py:536} INFO - Filling up the DagBag from /home/airflow/.local/lib/python3.8/site-packages/airflow/example_dags/example_sla_dag.py
[2023-10-18T21:11:19.076+0000] {processor.py:839} INFO - DAG(s) dict_keys(['example_sla_dag']) retrieved from /home/airflow/.local/lib/python3.8/site-packages/airflow/example_dags/example_sla_dag.py
[2023-10-18T21:11:19.103+0000] {logging_mixin.py:151} INFO - [2023-10-18T21:11:19.103+0000] {dag.py:2941} INFO - Sync 1 DAGs
[2023-10-18T21:11:19.131+0000] {logging_mixin.py:151} INFO - [2023-10-18T21:11:19.131+0000] {dag.py:3722} INFO - Setting next_dagrun for example_sla_dag to 2023-10-18T21:08:00+00:00, run_after=2023-10-18T21:10:00+00:00
[2023-10-18T21:11:19.149+0000] {processor.py:179} INFO - Processing /home/airflow/.local/lib/python3.8/site-packages/airflow/example_dags/example_sla_dag.py took 0.091 seconds
[2023-10-18T21:11:49.446+0000] {processor.py:157} INFO - Started process (PID=574) to work on /home/airflow/.local/lib/python3.8/site-packages/airflow/example_dags/example_sla_dag.py
[2023-10-18T21:11:49.448+0000] {processor.py:829} INFO - Processing file /home/airflow/.local/lib/python3.8/site-packages/airflow/example_dags/example_sla_dag.py for tasks to queue
[2023-10-18T21:11:49.451+0000] {logging_mixin.py:151} INFO - [2023-10-18T21:11:49.451+0000] {dagbag.py:536} INFO - Filling up the DagBag from /home/airflow/.local/lib/python3.8/site-packages/airflow/example_dags/example_sla_dag.py
[2023-10-18T21:11:49.462+0000] {processor.py:839} INFO - DAG(s) dict_keys(['example_sla_dag']) retrieved from /home/airflow/.local/lib/python3.8/site-packages/airflow/example_dags/example_sla_dag.py
[2023-10-18T21:11:49.489+0000] {logging_mixin.py:151} INFO - [2023-10-18T21:11:49.488+0000] {dag.py:2941} INFO - Sync 1 DAGs
[2023-10-18T21:11:49.521+0000] {logging_mixin.py:151} INFO - [2023-10-18T21:11:49.521+0000] {dag.py:3722} INFO - Setting next_dagrun for example_sla_dag to 2023-10-18T21:08:00+00:00, run_after=2023-10-18T21:10:00+00:00
[2023-10-18T21:11:49.541+0000] {processor.py:179} INFO - Processing /home/airflow/.local/lib/python3.8/site-packages/airflow/example_dags/example_sla_dag.py took 0.101 seconds
[2023-10-18T21:12:19.789+0000] {processor.py:157} INFO - Started process (PID=628) to work on /home/airflow/.local/lib/python3.8/site-packages/airflow/example_dags/example_sla_dag.py
[2023-10-18T21:12:19.790+0000] {processor.py:829} INFO - Processing file /home/airflow/.local/lib/python3.8/site-packages/airflow/example_dags/example_sla_dag.py for tasks to queue
[2023-10-18T21:12:19.793+0000] {logging_mixin.py:151} INFO - [2023-10-18T21:12:19.793+0000] {dagbag.py:536} INFO - Filling up the DagBag from /home/airflow/.local/lib/python3.8/site-packages/airflow/example_dags/example_sla_dag.py
[2023-10-18T21:12:19.803+0000] {processor.py:839} INFO - DAG(s) dict_keys(['example_sla_dag']) retrieved from /home/airflow/.local/lib/python3.8/site-packages/airflow/example_dags/example_sla_dag.py
[2023-10-18T21:12:19.824+0000] {logging_mixin.py:151} INFO - [2023-10-18T21:12:19.824+0000] {dag.py:2941} INFO - Sync 1 DAGs
[2023-10-18T21:12:19.857+0000] {logging_mixin.py:151} INFO - [2023-10-18T21:12:19.856+0000] {dag.py:3722} INFO - Setting next_dagrun for example_sla_dag to 2023-10-18T21:10:00+00:00, run_after=2023-10-18T21:12:00+00:00
[2023-10-18T21:12:19.878+0000] {processor.py:179} INFO - Processing /home/airflow/.local/lib/python3.8/site-packages/airflow/example_dags/example_sla_dag.py took 0.095 seconds
[2023-10-18T21:12:50.347+0000] {processor.py:157} INFO - Started process (PID=681) to work on /home/airflow/.local/lib/python3.8/site-packages/airflow/example_dags/example_sla_dag.py
[2023-10-18T21:12:50.348+0000] {processor.py:829} INFO - Processing file /home/airflow/.local/lib/python3.8/site-packages/airflow/example_dags/example_sla_dag.py for tasks to queue
[2023-10-18T21:12:50.351+0000] {logging_mixin.py:151} INFO - [2023-10-18T21:12:50.351+0000] {dagbag.py:536} INFO - Filling up the DagBag from /home/airflow/.local/lib/python3.8/site-packages/airflow/example_dags/example_sla_dag.py
[2023-10-18T21:12:50.361+0000] {processor.py:839} INFO - DAG(s) dict_keys(['example_sla_dag']) retrieved from /home/airflow/.local/lib/python3.8/site-packages/airflow/example_dags/example_sla_dag.py
[2023-10-18T21:12:50.391+0000] {logging_mixin.py:151} INFO - [2023-10-18T21:12:50.391+0000] {dag.py:2941} INFO - Sync 1 DAGs
[2023-10-18T21:12:50.422+0000] {logging_mixin.py:151} INFO - [2023-10-18T21:12:50.422+0000] {dag.py:3722} INFO - Setting next_dagrun for example_sla_dag to 2023-10-18T21:10:00+00:00, run_after=2023-10-18T21:12:00+00:00
[2023-10-18T21:12:50.442+0000] {processor.py:179} INFO - Processing /home/airflow/.local/lib/python3.8/site-packages/airflow/example_dags/example_sla_dag.py took 0.100 seconds
[2023-10-18T21:15:08.589+0000] {processor.py:157} INFO - Started process (PID=42) to work on /home/airflow/.local/lib/python3.8/site-packages/airflow/example_dags/example_sla_dag.py
[2023-10-18T21:15:08.590+0000] {processor.py:829} INFO - Processing file /home/airflow/.local/lib/python3.8/site-packages/airflow/example_dags/example_sla_dag.py for tasks to queue
[2023-10-18T21:15:08.593+0000] {logging_mixin.py:151} INFO - [2023-10-18T21:15:08.593+0000] {dagbag.py:536} INFO - Filling up the DagBag from /home/airflow/.local/lib/python3.8/site-packages/airflow/example_dags/example_sla_dag.py
[2023-10-18T21:15:08.606+0000] {processor.py:839} INFO - DAG(s) dict_keys(['example_sla_dag']) retrieved from /home/airflow/.local/lib/python3.8/site-packages/airflow/example_dags/example_sla_dag.py
[2023-10-18T21:15:08.628+0000] {logging_mixin.py:151} INFO - [2023-10-18T21:15:08.627+0000] {dag.py:2941} INFO - Sync 1 DAGs
[2023-10-18T21:15:08.665+0000] {logging_mixin.py:151} INFO - [2023-10-18T21:15:08.665+0000] {dag.py:3722} INFO - Setting next_dagrun for example_sla_dag to 2023-10-18T21:12:00+00:00, run_after=2023-10-18T21:14:00+00:00
[2023-10-18T21:15:08.682+0000] {processor.py:179} INFO - Processing /home/airflow/.local/lib/python3.8/site-packages/airflow/example_dags/example_sla_dag.py took 0.097 seconds
[2023-10-18T21:15:39.080+0000] {processor.py:157} INFO - Started process (PID=94) to work on /home/airflow/.local/lib/python3.8/site-packages/airflow/example_dags/example_sla_dag.py
[2023-10-18T21:15:39.081+0000] {processor.py:829} INFO - Processing file /home/airflow/.local/lib/python3.8/site-packages/airflow/example_dags/example_sla_dag.py for tasks to queue
[2023-10-18T21:15:39.083+0000] {logging_mixin.py:151} INFO - [2023-10-18T21:15:39.083+0000] {dagbag.py:536} INFO - Filling up the DagBag from /home/airflow/.local/lib/python3.8/site-packages/airflow/example_dags/example_sla_dag.py
[2023-10-18T21:15:39.093+0000] {processor.py:839} INFO - DAG(s) dict_keys(['example_sla_dag']) retrieved from /home/airflow/.local/lib/python3.8/site-packages/airflow/example_dags/example_sla_dag.py
[2023-10-18T21:15:39.116+0000] {logging_mixin.py:151} INFO - [2023-10-18T21:15:39.116+0000] {dag.py:2941} INFO - Sync 1 DAGs
[2023-10-18T21:15:39.147+0000] {logging_mixin.py:151} INFO - [2023-10-18T21:15:39.147+0000] {dag.py:3722} INFO - Setting next_dagrun for example_sla_dag to 2023-10-18T21:12:00+00:00, run_after=2023-10-18T21:14:00+00:00
[2023-10-18T21:15:39.167+0000] {processor.py:179} INFO - Processing /home/airflow/.local/lib/python3.8/site-packages/airflow/example_dags/example_sla_dag.py took 0.092 seconds
[2023-10-18T21:16:09.382+0000] {processor.py:157} INFO - Started process (PID=148) to work on /home/airflow/.local/lib/python3.8/site-packages/airflow/example_dags/example_sla_dag.py
[2023-10-18T21:16:09.383+0000] {processor.py:829} INFO - Processing file /home/airflow/.local/lib/python3.8/site-packages/airflow/example_dags/example_sla_dag.py for tasks to queue
[2023-10-18T21:16:09.385+0000] {logging_mixin.py:151} INFO - [2023-10-18T21:16:09.385+0000] {dagbag.py:536} INFO - Filling up the DagBag from /home/airflow/.local/lib/python3.8/site-packages/airflow/example_dags/example_sla_dag.py
[2023-10-18T21:16:09.394+0000] {processor.py:839} INFO - DAG(s) dict_keys(['example_sla_dag']) retrieved from /home/airflow/.local/lib/python3.8/site-packages/airflow/example_dags/example_sla_dag.py
[2023-10-18T21:16:09.416+0000] {logging_mixin.py:151} INFO - [2023-10-18T21:16:09.416+0000] {dag.py:2941} INFO - Sync 1 DAGs
[2023-10-18T21:16:09.446+0000] {logging_mixin.py:151} INFO - [2023-10-18T21:16:09.446+0000] {dag.py:3722} INFO - Setting next_dagrun for example_sla_dag to 2023-10-18T21:14:00+00:00, run_after=2023-10-18T21:16:00+00:00
[2023-10-18T21:16:09.464+0000] {processor.py:179} INFO - Processing /home/airflow/.local/lib/python3.8/site-packages/airflow/example_dags/example_sla_dag.py took 0.087 seconds
[2023-10-18T21:16:39.777+0000] {processor.py:157} INFO - Started process (PID=201) to work on /home/airflow/.local/lib/python3.8/site-packages/airflow/example_dags/example_sla_dag.py
[2023-10-18T21:16:39.779+0000] {processor.py:829} INFO - Processing file /home/airflow/.local/lib/python3.8/site-packages/airflow/example_dags/example_sla_dag.py for tasks to queue
[2023-10-18T21:16:39.781+0000] {logging_mixin.py:151} INFO - [2023-10-18T21:16:39.781+0000] {dagbag.py:536} INFO - Filling up the DagBag from /home/airflow/.local/lib/python3.8/site-packages/airflow/example_dags/example_sla_dag.py
[2023-10-18T21:16:39.790+0000] {processor.py:839} INFO - DAG(s) dict_keys(['example_sla_dag']) retrieved from /home/airflow/.local/lib/python3.8/site-packages/airflow/example_dags/example_sla_dag.py
[2023-10-18T21:16:39.817+0000] {logging_mixin.py:151} INFO - [2023-10-18T21:16:39.816+0000] {dag.py:2941} INFO - Sync 1 DAGs
[2023-10-18T21:16:39.849+0000] {logging_mixin.py:151} INFO - [2023-10-18T21:16:39.849+0000] {dag.py:3722} INFO - Setting next_dagrun for example_sla_dag to 2023-10-18T21:14:00+00:00, run_after=2023-10-18T21:16:00+00:00
[2023-10-18T21:16:39.867+0000] {processor.py:179} INFO - Processing /home/airflow/.local/lib/python3.8/site-packages/airflow/example_dags/example_sla_dag.py took 0.095 seconds
[2023-10-18T21:17:10.083+0000] {processor.py:157} INFO - Started process (PID=255) to work on /home/airflow/.local/lib/python3.8/site-packages/airflow/example_dags/example_sla_dag.py
[2023-10-18T21:17:10.084+0000] {processor.py:829} INFO - Processing file /home/airflow/.local/lib/python3.8/site-packages/airflow/example_dags/example_sla_dag.py for tasks to queue
[2023-10-18T21:17:10.087+0000] {logging_mixin.py:151} INFO - [2023-10-18T21:17:10.087+0000] {dagbag.py:536} INFO - Filling up the DagBag from /home/airflow/.local/lib/python3.8/site-packages/airflow/example_dags/example_sla_dag.py
[2023-10-18T21:17:10.098+0000] {processor.py:839} INFO - DAG(s) dict_keys(['example_sla_dag']) retrieved from /home/airflow/.local/lib/python3.8/site-packages/airflow/example_dags/example_sla_dag.py
[2023-10-18T21:17:10.120+0000] {logging_mixin.py:151} INFO - [2023-10-18T21:17:10.120+0000] {dag.py:2941} INFO - Sync 1 DAGs
[2023-10-18T21:17:10.147+0000] {logging_mixin.py:151} INFO - [2023-10-18T21:17:10.147+0000] {dag.py:3722} INFO - Setting next_dagrun for example_sla_dag to 2023-10-18T21:14:00+00:00, run_after=2023-10-18T21:16:00+00:00
[2023-10-18T21:17:10.164+0000] {processor.py:179} INFO - Processing /home/airflow/.local/lib/python3.8/site-packages/airflow/example_dags/example_sla_dag.py took 0.087 seconds
[2023-10-18T21:17:40.222+0000] {processor.py:157} INFO - Started process (PID=308) to work on /home/airflow/.local/lib/python3.8/site-packages/airflow/example_dags/example_sla_dag.py
[2023-10-18T21:17:40.223+0000] {processor.py:829} INFO - Processing file /home/airflow/.local/lib/python3.8/site-packages/airflow/example_dags/example_sla_dag.py for tasks to queue
[2023-10-18T21:17:40.226+0000] {logging_mixin.py:151} INFO - [2023-10-18T21:17:40.226+0000] {dagbag.py:536} INFO - Filling up the DagBag from /home/airflow/.local/lib/python3.8/site-packages/airflow/example_dags/example_sla_dag.py
[2023-10-18T21:17:40.236+0000] {processor.py:839} INFO - DAG(s) dict_keys(['example_sla_dag']) retrieved from /home/airflow/.local/lib/python3.8/site-packages/airflow/example_dags/example_sla_dag.py
[2023-10-18T21:17:40.255+0000] {logging_mixin.py:151} INFO - [2023-10-18T21:17:40.255+0000] {dag.py:2941} INFO - Sync 1 DAGs
[2023-10-18T21:17:40.289+0000] {logging_mixin.py:151} INFO - [2023-10-18T21:17:40.288+0000] {dag.py:3722} INFO - Setting next_dagrun for example_sla_dag to 2023-10-18T21:14:00+00:00, run_after=2023-10-18T21:16:00+00:00
[2023-10-18T21:17:40.326+0000] {processor.py:179} INFO - Processing /home/airflow/.local/lib/python3.8/site-packages/airflow/example_dags/example_sla_dag.py took 0.112 seconds
[2023-10-18T21:18:10.903+0000] {processor.py:157} INFO - Started process (PID=361) to work on /home/airflow/.local/lib/python3.8/site-packages/airflow/example_dags/example_sla_dag.py
[2023-10-18T21:18:10.907+0000] {processor.py:829} INFO - Processing file /home/airflow/.local/lib/python3.8/site-packages/airflow/example_dags/example_sla_dag.py for tasks to queue
[2023-10-18T21:18:10.909+0000] {logging_mixin.py:151} INFO - [2023-10-18T21:18:10.909+0000] {dagbag.py:536} INFO - Filling up the DagBag from /home/airflow/.local/lib/python3.8/site-packages/airflow/example_dags/example_sla_dag.py
[2023-10-18T21:18:10.921+0000] {processor.py:839} INFO - DAG(s) dict_keys(['example_sla_dag']) retrieved from /home/airflow/.local/lib/python3.8/site-packages/airflow/example_dags/example_sla_dag.py
[2023-10-18T21:18:10.951+0000] {logging_mixin.py:151} INFO - [2023-10-18T21:18:10.951+0000] {dag.py:2941} INFO - Sync 1 DAGs
[2023-10-18T21:18:10.982+0000] {logging_mixin.py:151} INFO - [2023-10-18T21:18:10.982+0000] {dag.py:3722} INFO - Setting next_dagrun for example_sla_dag to 2023-10-18T21:16:00+00:00, run_after=2023-10-18T21:18:00+00:00
[2023-10-18T21:18:10.999+0000] {processor.py:179} INFO - Processing /home/airflow/.local/lib/python3.8/site-packages/airflow/example_dags/example_sla_dag.py took 0.102 seconds
[2023-10-18T21:18:41.053+0000] {processor.py:157} INFO - Started process (PID=414) to work on /home/airflow/.local/lib/python3.8/site-packages/airflow/example_dags/example_sla_dag.py
[2023-10-18T21:18:41.057+0000] {processor.py:829} INFO - Processing file /home/airflow/.local/lib/python3.8/site-packages/airflow/example_dags/example_sla_dag.py for tasks to queue
[2023-10-18T21:18:41.059+0000] {logging_mixin.py:151} INFO - [2023-10-18T21:18:41.059+0000] {dagbag.py:536} INFO - Filling up the DagBag from /home/airflow/.local/lib/python3.8/site-packages/airflow/example_dags/example_sla_dag.py
[2023-10-18T21:18:41.069+0000] {processor.py:839} INFO - DAG(s) dict_keys(['example_sla_dag']) retrieved from /home/airflow/.local/lib/python3.8/site-packages/airflow/example_dags/example_sla_dag.py
[2023-10-18T21:18:41.091+0000] {logging_mixin.py:151} INFO - [2023-10-18T21:18:41.091+0000] {dag.py:2941} INFO - Sync 1 DAGs
[2023-10-18T21:18:41.122+0000] {logging_mixin.py:151} INFO - [2023-10-18T21:18:41.122+0000] {dag.py:3722} INFO - Setting next_dagrun for example_sla_dag to 2023-10-18T21:16:00+00:00, run_after=2023-10-18T21:18:00+00:00
[2023-10-18T21:18:41.138+0000] {processor.py:179} INFO - Processing /home/airflow/.local/lib/python3.8/site-packages/airflow/example_dags/example_sla_dag.py took 0.089 seconds
[2023-10-18T21:19:11.467+0000] {processor.py:157} INFO - Started process (PID=467) to work on /home/airflow/.local/lib/python3.8/site-packages/airflow/example_dags/example_sla_dag.py
[2023-10-18T21:19:11.468+0000] {processor.py:829} INFO - Processing file /home/airflow/.local/lib/python3.8/site-packages/airflow/example_dags/example_sla_dag.py for tasks to queue
[2023-10-18T21:19:11.471+0000] {logging_mixin.py:151} INFO - [2023-10-18T21:19:11.470+0000] {dagbag.py:536} INFO - Filling up the DagBag from /home/airflow/.local/lib/python3.8/site-packages/airflow/example_dags/example_sla_dag.py
[2023-10-18T21:19:11.481+0000] {processor.py:839} INFO - DAG(s) dict_keys(['example_sla_dag']) retrieved from /home/airflow/.local/lib/python3.8/site-packages/airflow/example_dags/example_sla_dag.py
[2023-10-18T21:19:11.507+0000] {logging_mixin.py:151} INFO - [2023-10-18T21:19:11.507+0000] {dag.py:2941} INFO - Sync 1 DAGs
[2023-10-18T21:19:11.539+0000] {logging_mixin.py:151} INFO - [2023-10-18T21:19:11.538+0000] {dag.py:3722} INFO - Setting next_dagrun for example_sla_dag to 2023-10-18T21:16:00+00:00, run_after=2023-10-18T21:18:00+00:00
[2023-10-18T21:19:11.559+0000] {processor.py:179} INFO - Processing /home/airflow/.local/lib/python3.8/site-packages/airflow/example_dags/example_sla_dag.py took 0.097 seconds
[2023-10-18T21:19:41.942+0000] {processor.py:157} INFO - Started process (PID=520) to work on /home/airflow/.local/lib/python3.8/site-packages/airflow/example_dags/example_sla_dag.py
[2023-10-18T21:19:41.943+0000] {processor.py:829} INFO - Processing file /home/airflow/.local/lib/python3.8/site-packages/airflow/example_dags/example_sla_dag.py for tasks to queue
[2023-10-18T21:19:41.946+0000] {logging_mixin.py:151} INFO - [2023-10-18T21:19:41.946+0000] {dagbag.py:536} INFO - Filling up the DagBag from /home/airflow/.local/lib/python3.8/site-packages/airflow/example_dags/example_sla_dag.py
[2023-10-18T21:19:41.957+0000] {processor.py:839} INFO - DAG(s) dict_keys(['example_sla_dag']) retrieved from /home/airflow/.local/lib/python3.8/site-packages/airflow/example_dags/example_sla_dag.py
[2023-10-18T21:19:41.979+0000] {logging_mixin.py:151} INFO - [2023-10-18T21:19:41.978+0000] {dag.py:2941} INFO - Sync 1 DAGs
[2023-10-18T21:19:42.010+0000] {logging_mixin.py:151} INFO - [2023-10-18T21:19:42.009+0000] {dag.py:3722} INFO - Setting next_dagrun for example_sla_dag to 2023-10-18T21:16:00+00:00, run_after=2023-10-18T21:18:00+00:00
[2023-10-18T21:19:42.027+0000] {processor.py:179} INFO - Processing /home/airflow/.local/lib/python3.8/site-packages/airflow/example_dags/example_sla_dag.py took 0.090 seconds
[2023-10-18T21:20:12.258+0000] {processor.py:157} INFO - Started process (PID=573) to work on /home/airflow/.local/lib/python3.8/site-packages/airflow/example_dags/example_sla_dag.py
[2023-10-18T21:20:12.260+0000] {processor.py:829} INFO - Processing file /home/airflow/.local/lib/python3.8/site-packages/airflow/example_dags/example_sla_dag.py for tasks to queue
[2023-10-18T21:20:12.262+0000] {logging_mixin.py:151} INFO - [2023-10-18T21:20:12.262+0000] {dagbag.py:536} INFO - Filling up the DagBag from /home/airflow/.local/lib/python3.8/site-packages/airflow/example_dags/example_sla_dag.py
[2023-10-18T21:20:12.272+0000] {processor.py:839} INFO - DAG(s) dict_keys(['example_sla_dag']) retrieved from /home/airflow/.local/lib/python3.8/site-packages/airflow/example_dags/example_sla_dag.py
[2023-10-18T21:20:12.297+0000] {logging_mixin.py:151} INFO - [2023-10-18T21:20:12.297+0000] {dag.py:2941} INFO - Sync 1 DAGs
[2023-10-18T21:20:12.328+0000] {logging_mixin.py:151} INFO - [2023-10-18T21:20:12.328+0000] {dag.py:3722} INFO - Setting next_dagrun for example_sla_dag to 2023-10-18T21:18:00+00:00, run_after=2023-10-18T21:20:00+00:00
[2023-10-18T21:20:12.356+0000] {processor.py:179} INFO - Processing /home/airflow/.local/lib/python3.8/site-packages/airflow/example_dags/example_sla_dag.py took 0.103 seconds
[2023-10-18T21:20:42.423+0000] {processor.py:157} INFO - Started process (PID=626) to work on /home/airflow/.local/lib/python3.8/site-packages/airflow/example_dags/example_sla_dag.py
[2023-10-18T21:20:42.424+0000] {processor.py:829} INFO - Processing file /home/airflow/.local/lib/python3.8/site-packages/airflow/example_dags/example_sla_dag.py for tasks to queue
[2023-10-18T21:20:42.427+0000] {logging_mixin.py:151} INFO - [2023-10-18T21:20:42.426+0000] {dagbag.py:536} INFO - Filling up the DagBag from /home/airflow/.local/lib/python3.8/site-packages/airflow/example_dags/example_sla_dag.py
[2023-10-18T21:20:42.437+0000] {processor.py:839} INFO - DAG(s) dict_keys(['example_sla_dag']) retrieved from /home/airflow/.local/lib/python3.8/site-packages/airflow/example_dags/example_sla_dag.py
[2023-10-18T21:20:42.462+0000] {logging_mixin.py:151} INFO - [2023-10-18T21:20:42.461+0000] {dag.py:2941} INFO - Sync 1 DAGs
[2023-10-18T21:20:42.492+0000] {logging_mixin.py:151} INFO - [2023-10-18T21:20:42.491+0000] {dag.py:3722} INFO - Setting next_dagrun for example_sla_dag to 2023-10-18T21:18:00+00:00, run_after=2023-10-18T21:20:00+00:00
[2023-10-18T21:20:42.509+0000] {processor.py:179} INFO - Processing /home/airflow/.local/lib/python3.8/site-packages/airflow/example_dags/example_sla_dag.py took 0.091 seconds
[2023-10-18T21:21:12.741+0000] {processor.py:157} INFO - Started process (PID=679) to work on /home/airflow/.local/lib/python3.8/site-packages/airflow/example_dags/example_sla_dag.py
[2023-10-18T21:21:12.743+0000] {processor.py:829} INFO - Processing file /home/airflow/.local/lib/python3.8/site-packages/airflow/example_dags/example_sla_dag.py for tasks to queue
[2023-10-18T21:21:12.745+0000] {logging_mixin.py:151} INFO - [2023-10-18T21:21:12.745+0000] {dagbag.py:536} INFO - Filling up the DagBag from /home/airflow/.local/lib/python3.8/site-packages/airflow/example_dags/example_sla_dag.py
[2023-10-18T21:21:12.755+0000] {processor.py:839} INFO - DAG(s) dict_keys(['example_sla_dag']) retrieved from /home/airflow/.local/lib/python3.8/site-packages/airflow/example_dags/example_sla_dag.py
[2023-10-18T21:21:12.777+0000] {logging_mixin.py:151} INFO - [2023-10-18T21:21:12.777+0000] {dag.py:2941} INFO - Sync 1 DAGs
[2023-10-18T21:21:12.806+0000] {logging_mixin.py:151} INFO - [2023-10-18T21:21:12.805+0000] {dag.py:3722} INFO - Setting next_dagrun for example_sla_dag to 2023-10-18T21:18:00+00:00, run_after=2023-10-18T21:20:00+00:00
[2023-10-18T21:21:12.825+0000] {processor.py:179} INFO - Processing /home/airflow/.local/lib/python3.8/site-packages/airflow/example_dags/example_sla_dag.py took 0.088 seconds
[2023-10-18T21:21:43.329+0000] {processor.py:157} INFO - Started process (PID=733) to work on /home/airflow/.local/lib/python3.8/site-packages/airflow/example_dags/example_sla_dag.py
[2023-10-18T21:21:43.332+0000] {processor.py:829} INFO - Processing file /home/airflow/.local/lib/python3.8/site-packages/airflow/example_dags/example_sla_dag.py for tasks to queue
[2023-10-18T21:21:43.335+0000] {logging_mixin.py:151} INFO - [2023-10-18T21:21:43.335+0000] {dagbag.py:536} INFO - Filling up the DagBag from /home/airflow/.local/lib/python3.8/site-packages/airflow/example_dags/example_sla_dag.py
[2023-10-18T21:21:43.346+0000] {processor.py:839} INFO - DAG(s) dict_keys(['example_sla_dag']) retrieved from /home/airflow/.local/lib/python3.8/site-packages/airflow/example_dags/example_sla_dag.py
[2023-10-18T21:21:43.372+0000] {logging_mixin.py:151} INFO - [2023-10-18T21:21:43.372+0000] {dag.py:2941} INFO - Sync 1 DAGs
[2023-10-18T21:21:43.402+0000] {logging_mixin.py:151} INFO - [2023-10-18T21:21:43.402+0000] {dag.py:3722} INFO - Setting next_dagrun for example_sla_dag to 2023-10-18T21:18:00+00:00, run_after=2023-10-18T21:20:00+00:00
[2023-10-18T21:21:43.422+0000] {processor.py:179} INFO - Processing /home/airflow/.local/lib/python3.8/site-packages/airflow/example_dags/example_sla_dag.py took 0.107 seconds
[2023-10-18T21:22:13.688+0000] {processor.py:157} INFO - Started process (PID=787) to work on /home/airflow/.local/lib/python3.8/site-packages/airflow/example_dags/example_sla_dag.py
[2023-10-18T21:22:13.689+0000] {processor.py:829} INFO - Processing file /home/airflow/.local/lib/python3.8/site-packages/airflow/example_dags/example_sla_dag.py for tasks to queue
[2023-10-18T21:22:13.692+0000] {logging_mixin.py:151} INFO - [2023-10-18T21:22:13.692+0000] {dagbag.py:536} INFO - Filling up the DagBag from /home/airflow/.local/lib/python3.8/site-packages/airflow/example_dags/example_sla_dag.py
[2023-10-18T21:22:13.702+0000] {processor.py:839} INFO - DAG(s) dict_keys(['example_sla_dag']) retrieved from /home/airflow/.local/lib/python3.8/site-packages/airflow/example_dags/example_sla_dag.py
[2023-10-18T21:22:13.726+0000] {logging_mixin.py:151} INFO - [2023-10-18T21:22:13.726+0000] {dag.py:2941} INFO - Sync 1 DAGs
[2023-10-18T21:22:13.752+0000] {logging_mixin.py:151} INFO - [2023-10-18T21:22:13.752+0000] {dag.py:3722} INFO - Setting next_dagrun for example_sla_dag to 2023-10-18T21:20:00+00:00, run_after=2023-10-18T21:22:00+00:00
[2023-10-18T21:22:13.773+0000] {processor.py:179} INFO - Processing /home/airflow/.local/lib/python3.8/site-packages/airflow/example_dags/example_sla_dag.py took 0.089 seconds
[2023-10-18T21:23:47.555+0000] {processor.py:157} INFO - Started process (PID=43) to work on /home/airflow/.local/lib/python3.8/site-packages/airflow/example_dags/example_sla_dag.py
[2023-10-18T21:23:47.557+0000] {processor.py:829} INFO - Processing file /home/airflow/.local/lib/python3.8/site-packages/airflow/example_dags/example_sla_dag.py for tasks to queue
[2023-10-18T21:23:47.560+0000] {logging_mixin.py:151} INFO - [2023-10-18T21:23:47.560+0000] {dagbag.py:536} INFO - Filling up the DagBag from /home/airflow/.local/lib/python3.8/site-packages/airflow/example_dags/example_sla_dag.py
[2023-10-18T21:23:47.572+0000] {processor.py:839} INFO - DAG(s) dict_keys(['example_sla_dag']) retrieved from /home/airflow/.local/lib/python3.8/site-packages/airflow/example_dags/example_sla_dag.py
[2023-10-18T21:23:47.605+0000] {logging_mixin.py:151} INFO - [2023-10-18T21:23:47.605+0000] {dag.py:2941} INFO - Sync 1 DAGs
[2023-10-18T21:23:47.647+0000] {logging_mixin.py:151} INFO - [2023-10-18T21:23:47.646+0000] {dag.py:3722} INFO - Setting next_dagrun for example_sla_dag to 2023-10-18T21:20:00+00:00, run_after=2023-10-18T21:22:00+00:00
[2023-10-18T21:23:47.667+0000] {processor.py:179} INFO - Processing /home/airflow/.local/lib/python3.8/site-packages/airflow/example_dags/example_sla_dag.py took 0.116 seconds
[2023-10-18T21:24:17.804+0000] {processor.py:157} INFO - Started process (PID=96) to work on /home/airflow/.local/lib/python3.8/site-packages/airflow/example_dags/example_sla_dag.py
[2023-10-18T21:24:17.809+0000] {processor.py:829} INFO - Processing file /home/airflow/.local/lib/python3.8/site-packages/airflow/example_dags/example_sla_dag.py for tasks to queue
[2023-10-18T21:24:17.811+0000] {logging_mixin.py:151} INFO - [2023-10-18T21:24:17.811+0000] {dagbag.py:536} INFO - Filling up the DagBag from /home/airflow/.local/lib/python3.8/site-packages/airflow/example_dags/example_sla_dag.py
[2023-10-18T21:24:17.822+0000] {processor.py:839} INFO - DAG(s) dict_keys(['example_sla_dag']) retrieved from /home/airflow/.local/lib/python3.8/site-packages/airflow/example_dags/example_sla_dag.py
[2023-10-18T21:24:17.850+0000] {logging_mixin.py:151} INFO - [2023-10-18T21:24:17.850+0000] {dag.py:2941} INFO - Sync 1 DAGs
[2023-10-18T21:24:17.883+0000] {logging_mixin.py:151} INFO - [2023-10-18T21:24:17.882+0000] {dag.py:3722} INFO - Setting next_dagrun for example_sla_dag to 2023-10-18T21:22:00+00:00, run_after=2023-10-18T21:24:00+00:00
[2023-10-18T21:24:17.899+0000] {processor.py:179} INFO - Processing /home/airflow/.local/lib/python3.8/site-packages/airflow/example_dags/example_sla_dag.py took 0.100 seconds
[2023-10-18T21:24:48.302+0000] {processor.py:157} INFO - Started process (PID=149) to work on /home/airflow/.local/lib/python3.8/site-packages/airflow/example_dags/example_sla_dag.py
[2023-10-18T21:24:48.303+0000] {processor.py:829} INFO - Processing file /home/airflow/.local/lib/python3.8/site-packages/airflow/example_dags/example_sla_dag.py for tasks to queue
[2023-10-18T21:24:48.306+0000] {logging_mixin.py:151} INFO - [2023-10-18T21:24:48.305+0000] {dagbag.py:536} INFO - Filling up the DagBag from /home/airflow/.local/lib/python3.8/site-packages/airflow/example_dags/example_sla_dag.py
[2023-10-18T21:24:48.315+0000] {processor.py:839} INFO - DAG(s) dict_keys(['example_sla_dag']) retrieved from /home/airflow/.local/lib/python3.8/site-packages/airflow/example_dags/example_sla_dag.py
[2023-10-18T21:24:48.337+0000] {logging_mixin.py:151} INFO - [2023-10-18T21:24:48.336+0000] {dag.py:2941} INFO - Sync 1 DAGs
[2023-10-18T21:24:48.363+0000] {logging_mixin.py:151} INFO - [2023-10-18T21:24:48.363+0000] {dag.py:3722} INFO - Setting next_dagrun for example_sla_dag to 2023-10-18T21:22:00+00:00, run_after=2023-10-18T21:24:00+00:00
[2023-10-18T21:24:48.380+0000] {processor.py:179} INFO - Processing /home/airflow/.local/lib/python3.8/site-packages/airflow/example_dags/example_sla_dag.py took 0.086 seconds
[2023-10-18T21:25:19.303+0000] {processor.py:157} INFO - Started process (PID=202) to work on /home/airflow/.local/lib/python3.8/site-packages/airflow/example_dags/example_sla_dag.py
[2023-10-18T21:25:19.305+0000] {processor.py:829} INFO - Processing file /home/airflow/.local/lib/python3.8/site-packages/airflow/example_dags/example_sla_dag.py for tasks to queue
[2023-10-18T21:25:19.308+0000] {logging_mixin.py:151} INFO - [2023-10-18T21:25:19.307+0000] {dagbag.py:536} INFO - Filling up the DagBag from /home/airflow/.local/lib/python3.8/site-packages/airflow/example_dags/example_sla_dag.py
[2023-10-18T21:25:19.317+0000] {processor.py:839} INFO - DAG(s) dict_keys(['example_sla_dag']) retrieved from /home/airflow/.local/lib/python3.8/site-packages/airflow/example_dags/example_sla_dag.py
[2023-10-18T21:25:19.330+0000] {logging_mixin.py:151} INFO - [2023-10-18T21:25:19.329+0000] {dag.py:2941} INFO - Sync 1 DAGs
[2023-10-18T21:25:19.364+0000] {logging_mixin.py:151} INFO - [2023-10-18T21:25:19.364+0000] {dag.py:3722} INFO - Setting next_dagrun for example_sla_dag to 2023-10-18T21:22:00+00:00, run_after=2023-10-18T21:24:00+00:00
[2023-10-18T21:25:19.404+0000] {processor.py:179} INFO - Processing /home/airflow/.local/lib/python3.8/site-packages/airflow/example_dags/example_sla_dag.py took 0.104 seconds
[2023-10-18T21:25:49.715+0000] {processor.py:157} INFO - Started process (PID=255) to work on /home/airflow/.local/lib/python3.8/site-packages/airflow/example_dags/example_sla_dag.py
[2023-10-18T21:25:49.717+0000] {processor.py:829} INFO - Processing file /home/airflow/.local/lib/python3.8/site-packages/airflow/example_dags/example_sla_dag.py for tasks to queue
[2023-10-18T21:25:49.720+0000] {logging_mixin.py:151} INFO - [2023-10-18T21:25:49.720+0000] {dagbag.py:536} INFO - Filling up the DagBag from /home/airflow/.local/lib/python3.8/site-packages/airflow/example_dags/example_sla_dag.py
[2023-10-18T21:25:49.729+0000] {processor.py:839} INFO - DAG(s) dict_keys(['example_sla_dag']) retrieved from /home/airflow/.local/lib/python3.8/site-packages/airflow/example_dags/example_sla_dag.py
[2023-10-18T21:25:49.762+0000] {logging_mixin.py:151} INFO - [2023-10-18T21:25:49.762+0000] {dag.py:2941} INFO - Sync 1 DAGs
[2023-10-18T21:25:49.792+0000] {logging_mixin.py:151} INFO - [2023-10-18T21:25:49.792+0000] {dag.py:3722} INFO - Setting next_dagrun for example_sla_dag to 2023-10-18T21:22:00+00:00, run_after=2023-10-18T21:24:00+00:00
[2023-10-18T21:25:49.811+0000] {processor.py:179} INFO - Processing /home/airflow/.local/lib/python3.8/site-packages/airflow/example_dags/example_sla_dag.py took 0.101 seconds
[2023-10-18T21:26:20.148+0000] {processor.py:157} INFO - Started process (PID=308) to work on /home/airflow/.local/lib/python3.8/site-packages/airflow/example_dags/example_sla_dag.py
[2023-10-18T21:26:20.149+0000] {processor.py:829} INFO - Processing file /home/airflow/.local/lib/python3.8/site-packages/airflow/example_dags/example_sla_dag.py for tasks to queue
[2023-10-18T21:26:20.153+0000] {logging_mixin.py:151} INFO - [2023-10-18T21:26:20.152+0000] {dagbag.py:536} INFO - Filling up the DagBag from /home/airflow/.local/lib/python3.8/site-packages/airflow/example_dags/example_sla_dag.py
[2023-10-18T21:26:20.162+0000] {processor.py:839} INFO - DAG(s) dict_keys(['example_sla_dag']) retrieved from /home/airflow/.local/lib/python3.8/site-packages/airflow/example_dags/example_sla_dag.py
[2023-10-18T21:26:20.188+0000] {logging_mixin.py:151} INFO - [2023-10-18T21:26:20.188+0000] {dag.py:2941} INFO - Sync 1 DAGs
[2023-10-18T21:26:20.219+0000] {logging_mixin.py:151} INFO - [2023-10-18T21:26:20.219+0000] {dag.py:3722} INFO - Setting next_dagrun for example_sla_dag to 2023-10-18T21:24:00+00:00, run_after=2023-10-18T21:26:00+00:00
[2023-10-18T21:26:20.239+0000] {processor.py:179} INFO - Processing /home/airflow/.local/lib/python3.8/site-packages/airflow/example_dags/example_sla_dag.py took 0.098 seconds
[2023-10-18T21:26:50.396+0000] {processor.py:157} INFO - Started process (PID=361) to work on /home/airflow/.local/lib/python3.8/site-packages/airflow/example_dags/example_sla_dag.py
[2023-10-18T21:26:50.397+0000] {processor.py:829} INFO - Processing file /home/airflow/.local/lib/python3.8/site-packages/airflow/example_dags/example_sla_dag.py for tasks to queue
[2023-10-18T21:26:50.399+0000] {logging_mixin.py:151} INFO - [2023-10-18T21:26:50.399+0000] {dagbag.py:536} INFO - Filling up the DagBag from /home/airflow/.local/lib/python3.8/site-packages/airflow/example_dags/example_sla_dag.py
[2023-10-18T21:26:50.409+0000] {processor.py:839} INFO - DAG(s) dict_keys(['example_sla_dag']) retrieved from /home/airflow/.local/lib/python3.8/site-packages/airflow/example_dags/example_sla_dag.py
[2023-10-18T21:26:50.431+0000] {logging_mixin.py:151} INFO - [2023-10-18T21:26:50.430+0000] {dag.py:2941} INFO - Sync 1 DAGs
[2023-10-18T21:26:50.461+0000] {logging_mixin.py:151} INFO - [2023-10-18T21:26:50.461+0000] {dag.py:3722} INFO - Setting next_dagrun for example_sla_dag to 2023-10-18T21:24:00+00:00, run_after=2023-10-18T21:26:00+00:00
[2023-10-18T21:26:50.483+0000] {processor.py:179} INFO - Processing /home/airflow/.local/lib/python3.8/site-packages/airflow/example_dags/example_sla_dag.py took 0.091 seconds
[2023-10-18T21:27:20.566+0000] {processor.py:157} INFO - Started process (PID=414) to work on /home/airflow/.local/lib/python3.8/site-packages/airflow/example_dags/example_sla_dag.py
[2023-10-18T21:27:20.568+0000] {processor.py:829} INFO - Processing file /home/airflow/.local/lib/python3.8/site-packages/airflow/example_dags/example_sla_dag.py for tasks to queue
[2023-10-18T21:27:20.571+0000] {logging_mixin.py:151} INFO - [2023-10-18T21:27:20.570+0000] {dagbag.py:536} INFO - Filling up the DagBag from /home/airflow/.local/lib/python3.8/site-packages/airflow/example_dags/example_sla_dag.py
[2023-10-18T21:27:20.580+0000] {processor.py:839} INFO - DAG(s) dict_keys(['example_sla_dag']) retrieved from /home/airflow/.local/lib/python3.8/site-packages/airflow/example_dags/example_sla_dag.py
[2023-10-18T21:27:20.601+0000] {logging_mixin.py:151} INFO - [2023-10-18T21:27:20.601+0000] {dag.py:2941} INFO - Sync 1 DAGs
[2023-10-18T21:27:20.630+0000] {logging_mixin.py:151} INFO - [2023-10-18T21:27:20.630+0000] {dag.py:3722} INFO - Setting next_dagrun for example_sla_dag to 2023-10-18T21:24:00+00:00, run_after=2023-10-18T21:26:00+00:00
[2023-10-18T21:27:20.650+0000] {processor.py:179} INFO - Processing /home/airflow/.local/lib/python3.8/site-packages/airflow/example_dags/example_sla_dag.py took 0.090 seconds
[2023-10-18T21:27:50.979+0000] {processor.py:157} INFO - Started process (PID=467) to work on /home/airflow/.local/lib/python3.8/site-packages/airflow/example_dags/example_sla_dag.py
[2023-10-18T21:27:50.980+0000] {processor.py:829} INFO - Processing file /home/airflow/.local/lib/python3.8/site-packages/airflow/example_dags/example_sla_dag.py for tasks to queue
[2023-10-18T21:27:50.984+0000] {logging_mixin.py:151} INFO - [2023-10-18T21:27:50.983+0000] {dagbag.py:536} INFO - Filling up the DagBag from /home/airflow/.local/lib/python3.8/site-packages/airflow/example_dags/example_sla_dag.py
[2023-10-18T21:27:50.996+0000] {processor.py:839} INFO - DAG(s) dict_keys(['example_sla_dag']) retrieved from /home/airflow/.local/lib/python3.8/site-packages/airflow/example_dags/example_sla_dag.py
[2023-10-18T21:27:51.028+0000] {logging_mixin.py:151} INFO - [2023-10-18T21:27:51.028+0000] {dag.py:2941} INFO - Sync 1 DAGs
[2023-10-18T21:27:51.072+0000] {logging_mixin.py:151} INFO - [2023-10-18T21:27:51.072+0000] {dag.py:3722} INFO - Setting next_dagrun for example_sla_dag to 2023-10-18T21:24:00+00:00, run_after=2023-10-18T21:26:00+00:00
[2023-10-18T21:27:51.088+0000] {processor.py:179} INFO - Processing /home/airflow/.local/lib/python3.8/site-packages/airflow/example_dags/example_sla_dag.py took 0.117 seconds
[2023-10-18T21:28:21.132+0000] {processor.py:157} INFO - Started process (PID=520) to work on /home/airflow/.local/lib/python3.8/site-packages/airflow/example_dags/example_sla_dag.py
[2023-10-18T21:28:21.133+0000] {processor.py:829} INFO - Processing file /home/airflow/.local/lib/python3.8/site-packages/airflow/example_dags/example_sla_dag.py for tasks to queue
[2023-10-18T21:28:21.136+0000] {logging_mixin.py:151} INFO - [2023-10-18T21:28:21.136+0000] {dagbag.py:536} INFO - Filling up the DagBag from /home/airflow/.local/lib/python3.8/site-packages/airflow/example_dags/example_sla_dag.py
[2023-10-18T21:28:21.146+0000] {processor.py:839} INFO - DAG(s) dict_keys(['example_sla_dag']) retrieved from /home/airflow/.local/lib/python3.8/site-packages/airflow/example_dags/example_sla_dag.py
[2023-10-18T21:28:21.172+0000] {logging_mixin.py:151} INFO - [2023-10-18T21:28:21.172+0000] {dag.py:2941} INFO - Sync 1 DAGs
[2023-10-18T21:28:21.203+0000] {logging_mixin.py:151} INFO - [2023-10-18T21:28:21.203+0000] {dag.py:3722} INFO - Setting next_dagrun for example_sla_dag to 2023-10-18T21:26:00+00:00, run_after=2023-10-18T21:28:00+00:00
[2023-10-18T21:28:21.224+0000] {processor.py:179} INFO - Processing /home/airflow/.local/lib/python3.8/site-packages/airflow/example_dags/example_sla_dag.py took 0.097 seconds
[2023-10-18T21:28:52.241+0000] {processor.py:157} INFO - Started process (PID=573) to work on /home/airflow/.local/lib/python3.8/site-packages/airflow/example_dags/example_sla_dag.py
[2023-10-18T21:28:52.243+0000] {processor.py:829} INFO - Processing file /home/airflow/.local/lib/python3.8/site-packages/airflow/example_dags/example_sla_dag.py for tasks to queue
[2023-10-18T21:28:52.246+0000] {logging_mixin.py:151} INFO - [2023-10-18T21:28:52.246+0000] {dagbag.py:536} INFO - Filling up the DagBag from /home/airflow/.local/lib/python3.8/site-packages/airflow/example_dags/example_sla_dag.py
[2023-10-18T21:28:52.256+0000] {processor.py:839} INFO - DAG(s) dict_keys(['example_sla_dag']) retrieved from /home/airflow/.local/lib/python3.8/site-packages/airflow/example_dags/example_sla_dag.py
[2023-10-18T21:28:52.285+0000] {logging_mixin.py:151} INFO - [2023-10-18T21:28:52.285+0000] {dag.py:2941} INFO - Sync 1 DAGs
[2023-10-18T21:28:52.318+0000] {logging_mixin.py:151} INFO - [2023-10-18T21:28:52.318+0000] {dag.py:3722} INFO - Setting next_dagrun for example_sla_dag to 2023-10-18T21:26:00+00:00, run_after=2023-10-18T21:28:00+00:00
[2023-10-18T21:28:52.343+0000] {processor.py:179} INFO - Processing /home/airflow/.local/lib/python3.8/site-packages/airflow/example_dags/example_sla_dag.py took 0.107 seconds
[2023-10-18T21:29:22.478+0000] {processor.py:157} INFO - Started process (PID=626) to work on /home/airflow/.local/lib/python3.8/site-packages/airflow/example_dags/example_sla_dag.py
[2023-10-18T21:29:22.479+0000] {processor.py:829} INFO - Processing file /home/airflow/.local/lib/python3.8/site-packages/airflow/example_dags/example_sla_dag.py for tasks to queue
[2023-10-18T21:29:22.482+0000] {logging_mixin.py:151} INFO - [2023-10-18T21:29:22.482+0000] {dagbag.py:536} INFO - Filling up the DagBag from /home/airflow/.local/lib/python3.8/site-packages/airflow/example_dags/example_sla_dag.py
[2023-10-18T21:29:22.492+0000] {processor.py:839} INFO - DAG(s) dict_keys(['example_sla_dag']) retrieved from /home/airflow/.local/lib/python3.8/site-packages/airflow/example_dags/example_sla_dag.py
[2023-10-18T21:29:22.518+0000] {logging_mixin.py:151} INFO - [2023-10-18T21:29:22.518+0000] {dag.py:2941} INFO - Sync 1 DAGs
[2023-10-18T21:29:22.549+0000] {logging_mixin.py:151} INFO - [2023-10-18T21:29:22.549+0000] {dag.py:3722} INFO - Setting next_dagrun for example_sla_dag to 2023-10-18T21:26:00+00:00, run_after=2023-10-18T21:28:00+00:00
[2023-10-18T21:29:22.567+0000] {processor.py:179} INFO - Processing /home/airflow/.local/lib/python3.8/site-packages/airflow/example_dags/example_sla_dag.py took 0.097 seconds
[2023-10-18T21:29:52.751+0000] {processor.py:157} INFO - Started process (PID=679) to work on /home/airflow/.local/lib/python3.8/site-packages/airflow/example_dags/example_sla_dag.py
[2023-10-18T21:29:52.752+0000] {processor.py:829} INFO - Processing file /home/airflow/.local/lib/python3.8/site-packages/airflow/example_dags/example_sla_dag.py for tasks to queue
[2023-10-18T21:29:52.756+0000] {logging_mixin.py:151} INFO - [2023-10-18T21:29:52.755+0000] {dagbag.py:536} INFO - Filling up the DagBag from /home/airflow/.local/lib/python3.8/site-packages/airflow/example_dags/example_sla_dag.py
[2023-10-18T21:29:52.765+0000] {processor.py:839} INFO - DAG(s) dict_keys(['example_sla_dag']) retrieved from /home/airflow/.local/lib/python3.8/site-packages/airflow/example_dags/example_sla_dag.py
[2023-10-18T21:29:52.790+0000] {logging_mixin.py:151} INFO - [2023-10-18T21:29:52.790+0000] {dag.py:2941} INFO - Sync 1 DAGs
[2023-10-18T21:29:52.828+0000] {logging_mixin.py:151} INFO - [2023-10-18T21:29:52.827+0000] {dag.py:3722} INFO - Setting next_dagrun for example_sla_dag to 2023-10-18T21:26:00+00:00, run_after=2023-10-18T21:28:00+00:00
[2023-10-18T21:29:52.846+0000] {processor.py:179} INFO - Processing /home/airflow/.local/lib/python3.8/site-packages/airflow/example_dags/example_sla_dag.py took 0.103 seconds
[2023-10-18T21:30:23.085+0000] {processor.py:157} INFO - Started process (PID=733) to work on /home/airflow/.local/lib/python3.8/site-packages/airflow/example_dags/example_sla_dag.py
[2023-10-18T21:30:23.087+0000] {processor.py:829} INFO - Processing file /home/airflow/.local/lib/python3.8/site-packages/airflow/example_dags/example_sla_dag.py for tasks to queue
[2023-10-18T21:30:23.090+0000] {logging_mixin.py:151} INFO - [2023-10-18T21:30:23.090+0000] {dagbag.py:536} INFO - Filling up the DagBag from /home/airflow/.local/lib/python3.8/site-packages/airflow/example_dags/example_sla_dag.py
[2023-10-18T21:30:23.100+0000] {processor.py:839} INFO - DAG(s) dict_keys(['example_sla_dag']) retrieved from /home/airflow/.local/lib/python3.8/site-packages/airflow/example_dags/example_sla_dag.py
[2023-10-18T21:30:23.127+0000] {logging_mixin.py:151} INFO - [2023-10-18T21:30:23.127+0000] {dag.py:2941} INFO - Sync 1 DAGs
[2023-10-18T21:30:23.159+0000] {logging_mixin.py:151} INFO - [2023-10-18T21:30:23.159+0000] {dag.py:3722} INFO - Setting next_dagrun for example_sla_dag to 2023-10-18T21:28:00+00:00, run_after=2023-10-18T21:30:00+00:00
[2023-10-18T21:30:23.181+0000] {processor.py:179} INFO - Processing /home/airflow/.local/lib/python3.8/site-packages/airflow/example_dags/example_sla_dag.py took 0.102 seconds
[2023-10-18T21:30:53.362+0000] {processor.py:157} INFO - Started process (PID=787) to work on /home/airflow/.local/lib/python3.8/site-packages/airflow/example_dags/example_sla_dag.py
[2023-10-18T21:30:53.364+0000] {processor.py:829} INFO - Processing file /home/airflow/.local/lib/python3.8/site-packages/airflow/example_dags/example_sla_dag.py for tasks to queue
[2023-10-18T21:30:53.367+0000] {logging_mixin.py:151} INFO - [2023-10-18T21:30:53.366+0000] {dagbag.py:536} INFO - Filling up the DagBag from /home/airflow/.local/lib/python3.8/site-packages/airflow/example_dags/example_sla_dag.py
[2023-10-18T21:30:53.376+0000] {processor.py:839} INFO - DAG(s) dict_keys(['example_sla_dag']) retrieved from /home/airflow/.local/lib/python3.8/site-packages/airflow/example_dags/example_sla_dag.py
[2023-10-18T21:30:53.405+0000] {logging_mixin.py:151} INFO - [2023-10-18T21:30:53.405+0000] {dag.py:2941} INFO - Sync 1 DAGs
[2023-10-18T21:30:53.435+0000] {logging_mixin.py:151} INFO - [2023-10-18T21:30:53.435+0000] {dag.py:3722} INFO - Setting next_dagrun for example_sla_dag to 2023-10-18T21:28:00+00:00, run_after=2023-10-18T21:30:00+00:00
[2023-10-18T21:30:53.457+0000] {processor.py:179} INFO - Processing /home/airflow/.local/lib/python3.8/site-packages/airflow/example_dags/example_sla_dag.py took 0.102 seconds
[2023-10-18T21:31:23.630+0000] {processor.py:157} INFO - Started process (PID=840) to work on /home/airflow/.local/lib/python3.8/site-packages/airflow/example_dags/example_sla_dag.py
[2023-10-18T21:31:23.631+0000] {processor.py:829} INFO - Processing file /home/airflow/.local/lib/python3.8/site-packages/airflow/example_dags/example_sla_dag.py for tasks to queue
[2023-10-18T21:31:23.634+0000] {logging_mixin.py:151} INFO - [2023-10-18T21:31:23.634+0000] {dagbag.py:536} INFO - Filling up the DagBag from /home/airflow/.local/lib/python3.8/site-packages/airflow/example_dags/example_sla_dag.py
[2023-10-18T21:31:23.644+0000] {processor.py:839} INFO - DAG(s) dict_keys(['example_sla_dag']) retrieved from /home/airflow/.local/lib/python3.8/site-packages/airflow/example_dags/example_sla_dag.py
[2023-10-18T21:31:23.671+0000] {logging_mixin.py:151} INFO - [2023-10-18T21:31:23.671+0000] {dag.py:2941} INFO - Sync 1 DAGs
[2023-10-18T21:31:23.704+0000] {logging_mixin.py:151} INFO - [2023-10-18T21:31:23.704+0000] {dag.py:3722} INFO - Setting next_dagrun for example_sla_dag to 2023-10-18T21:28:00+00:00, run_after=2023-10-18T21:30:00+00:00
[2023-10-18T21:31:23.724+0000] {processor.py:179} INFO - Processing /home/airflow/.local/lib/python3.8/site-packages/airflow/example_dags/example_sla_dag.py took 0.100 seconds
