[2023-10-18T21:06:48.046+0000] {processor.py:157} INFO - Started process (PID=68) to work on /home/airflow/.local/lib/python3.8/site-packages/airflow/example_dags/example_complex.py
[2023-10-18T21:06:48.047+0000] {processor.py:829} INFO - Processing file /home/airflow/.local/lib/python3.8/site-packages/airflow/example_dags/example_complex.py for tasks to queue
[2023-10-18T21:06:48.050+0000] {logging_mixin.py:151} INFO - [2023-10-18T21:06:48.050+0000] {dagbag.py:536} INFO - Filling up the DagBag from /home/airflow/.local/lib/python3.8/site-packages/airflow/example_dags/example_complex.py
[2023-10-18T21:06:48.072+0000] {processor.py:839} INFO - DAG(s) dict_keys(['example_complex']) retrieved from /home/airflow/.local/lib/python3.8/site-packages/airflow/example_dags/example_complex.py
[2023-10-18T21:06:48.086+0000] {logging_mixin.py:151} INFO - [2023-10-18T21:06:48.085+0000] {dag.py:2941} INFO - Sync 1 DAGs
[2023-10-18T21:06:48.102+0000] {logging_mixin.py:151} INFO - [2023-10-18T21:06:48.102+0000] {dag.py:3722} INFO - Setting next_dagrun for example_complex to None, run_after=None
[2023-10-18T21:06:48.121+0000] {processor.py:179} INFO - Processing /home/airflow/.local/lib/python3.8/site-packages/airflow/example_dags/example_complex.py took 0.081 seconds
[2023-10-18T21:07:18.808+0000] {processor.py:157} INFO - Started process (PID=121) to work on /home/airflow/.local/lib/python3.8/site-packages/airflow/example_dags/example_complex.py
[2023-10-18T21:07:18.809+0000] {processor.py:829} INFO - Processing file /home/airflow/.local/lib/python3.8/site-packages/airflow/example_dags/example_complex.py for tasks to queue
[2023-10-18T21:07:18.811+0000] {logging_mixin.py:151} INFO - [2023-10-18T21:07:18.811+0000] {dagbag.py:536} INFO - Filling up the DagBag from /home/airflow/.local/lib/python3.8/site-packages/airflow/example_dags/example_complex.py
[2023-10-18T21:07:18.824+0000] {processor.py:839} INFO - DAG(s) dict_keys(['example_complex']) retrieved from /home/airflow/.local/lib/python3.8/site-packages/airflow/example_dags/example_complex.py
[2023-10-18T21:07:18.859+0000] {logging_mixin.py:151} INFO - [2023-10-18T21:07:18.859+0000] {dag.py:2941} INFO - Sync 1 DAGs
[2023-10-18T21:07:18.874+0000] {logging_mixin.py:151} INFO - [2023-10-18T21:07:18.874+0000] {dag.py:3722} INFO - Setting next_dagrun for example_complex to None, run_after=None
[2023-10-18T21:07:18.892+0000] {processor.py:179} INFO - Processing /home/airflow/.local/lib/python3.8/site-packages/airflow/example_dags/example_complex.py took 0.089 seconds
[2023-10-18T21:07:49.041+0000] {processor.py:157} INFO - Started process (PID=174) to work on /home/airflow/.local/lib/python3.8/site-packages/airflow/example_dags/example_complex.py
[2023-10-18T21:07:49.043+0000] {processor.py:829} INFO - Processing file /home/airflow/.local/lib/python3.8/site-packages/airflow/example_dags/example_complex.py for tasks to queue
[2023-10-18T21:07:49.046+0000] {logging_mixin.py:151} INFO - [2023-10-18T21:07:49.045+0000] {dagbag.py:536} INFO - Filling up the DagBag from /home/airflow/.local/lib/python3.8/site-packages/airflow/example_dags/example_complex.py
[2023-10-18T21:07:49.059+0000] {processor.py:839} INFO - DAG(s) dict_keys(['example_complex']) retrieved from /home/airflow/.local/lib/python3.8/site-packages/airflow/example_dags/example_complex.py
[2023-10-18T21:07:49.111+0000] {logging_mixin.py:151} INFO - [2023-10-18T21:07:49.111+0000] {dag.py:2941} INFO - Sync 1 DAGs
[2023-10-18T21:07:49.128+0000] {logging_mixin.py:151} INFO - [2023-10-18T21:07:49.128+0000] {dag.py:3722} INFO - Setting next_dagrun for example_complex to None, run_after=None
[2023-10-18T21:07:49.152+0000] {processor.py:179} INFO - Processing /home/airflow/.local/lib/python3.8/site-packages/airflow/example_dags/example_complex.py took 0.118 seconds
[2023-10-18T21:08:19.472+0000] {processor.py:157} INFO - Started process (PID=227) to work on /home/airflow/.local/lib/python3.8/site-packages/airflow/example_dags/example_complex.py
[2023-10-18T21:08:19.475+0000] {processor.py:829} INFO - Processing file /home/airflow/.local/lib/python3.8/site-packages/airflow/example_dags/example_complex.py for tasks to queue
[2023-10-18T21:08:19.477+0000] {logging_mixin.py:151} INFO - [2023-10-18T21:08:19.477+0000] {dagbag.py:536} INFO - Filling up the DagBag from /home/airflow/.local/lib/python3.8/site-packages/airflow/example_dags/example_complex.py
[2023-10-18T21:08:19.491+0000] {processor.py:839} INFO - DAG(s) dict_keys(['example_complex']) retrieved from /home/airflow/.local/lib/python3.8/site-packages/airflow/example_dags/example_complex.py
[2023-10-18T21:08:19.530+0000] {logging_mixin.py:151} INFO - [2023-10-18T21:08:19.529+0000] {dag.py:2941} INFO - Sync 1 DAGs
[2023-10-18T21:08:19.545+0000] {logging_mixin.py:151} INFO - [2023-10-18T21:08:19.545+0000] {dag.py:3722} INFO - Setting next_dagrun for example_complex to None, run_after=None
[2023-10-18T21:08:19.563+0000] {processor.py:179} INFO - Processing /home/airflow/.local/lib/python3.8/site-packages/airflow/example_dags/example_complex.py took 0.099 seconds
[2023-10-18T21:08:50.076+0000] {processor.py:157} INFO - Started process (PID=281) to work on /home/airflow/.local/lib/python3.8/site-packages/airflow/example_dags/example_complex.py
[2023-10-18T21:08:50.077+0000] {processor.py:829} INFO - Processing file /home/airflow/.local/lib/python3.8/site-packages/airflow/example_dags/example_complex.py for tasks to queue
[2023-10-18T21:08:50.079+0000] {logging_mixin.py:151} INFO - [2023-10-18T21:08:50.079+0000] {dagbag.py:536} INFO - Filling up the DagBag from /home/airflow/.local/lib/python3.8/site-packages/airflow/example_dags/example_complex.py
[2023-10-18T21:08:50.093+0000] {processor.py:839} INFO - DAG(s) dict_keys(['example_complex']) retrieved from /home/airflow/.local/lib/python3.8/site-packages/airflow/example_dags/example_complex.py
[2023-10-18T21:08:50.130+0000] {logging_mixin.py:151} INFO - [2023-10-18T21:08:50.130+0000] {dag.py:2941} INFO - Sync 1 DAGs
[2023-10-18T21:08:50.143+0000] {logging_mixin.py:151} INFO - [2023-10-18T21:08:50.143+0000] {dag.py:3722} INFO - Setting next_dagrun for example_complex to None, run_after=None
[2023-10-18T21:08:50.161+0000] {processor.py:179} INFO - Processing /home/airflow/.local/lib/python3.8/site-packages/airflow/example_dags/example_complex.py took 0.090 seconds
[2023-10-18T21:09:20.809+0000] {processor.py:157} INFO - Started process (PID=334) to work on /home/airflow/.local/lib/python3.8/site-packages/airflow/example_dags/example_complex.py
[2023-10-18T21:09:20.810+0000] {processor.py:829} INFO - Processing file /home/airflow/.local/lib/python3.8/site-packages/airflow/example_dags/example_complex.py for tasks to queue
[2023-10-18T21:09:20.813+0000] {logging_mixin.py:151} INFO - [2023-10-18T21:09:20.813+0000] {dagbag.py:536} INFO - Filling up the DagBag from /home/airflow/.local/lib/python3.8/site-packages/airflow/example_dags/example_complex.py
[2023-10-18T21:09:20.828+0000] {processor.py:839} INFO - DAG(s) dict_keys(['example_complex']) retrieved from /home/airflow/.local/lib/python3.8/site-packages/airflow/example_dags/example_complex.py
[2023-10-18T21:09:20.867+0000] {logging_mixin.py:151} INFO - [2023-10-18T21:09:20.866+0000] {dag.py:2941} INFO - Sync 1 DAGs
[2023-10-18T21:09:20.882+0000] {logging_mixin.py:151} INFO - [2023-10-18T21:09:20.882+0000] {dag.py:3722} INFO - Setting next_dagrun for example_complex to None, run_after=None
[2023-10-18T21:09:20.900+0000] {processor.py:179} INFO - Processing /home/airflow/.local/lib/python3.8/site-packages/airflow/example_dags/example_complex.py took 0.099 seconds
[2023-10-18T21:09:51.168+0000] {processor.py:157} INFO - Started process (PID=387) to work on /home/airflow/.local/lib/python3.8/site-packages/airflow/example_dags/example_complex.py
[2023-10-18T21:09:51.169+0000] {processor.py:829} INFO - Processing file /home/airflow/.local/lib/python3.8/site-packages/airflow/example_dags/example_complex.py for tasks to queue
[2023-10-18T21:09:51.173+0000] {logging_mixin.py:151} INFO - [2023-10-18T21:09:51.172+0000] {dagbag.py:536} INFO - Filling up the DagBag from /home/airflow/.local/lib/python3.8/site-packages/airflow/example_dags/example_complex.py
[2023-10-18T21:09:51.191+0000] {processor.py:839} INFO - DAG(s) dict_keys(['example_complex']) retrieved from /home/airflow/.local/lib/python3.8/site-packages/airflow/example_dags/example_complex.py
[2023-10-18T21:09:51.226+0000] {logging_mixin.py:151} INFO - [2023-10-18T21:09:51.225+0000] {dag.py:2941} INFO - Sync 1 DAGs
[2023-10-18T21:09:51.242+0000] {logging_mixin.py:151} INFO - [2023-10-18T21:09:51.242+0000] {dag.py:3722} INFO - Setting next_dagrun for example_complex to None, run_after=None
[2023-10-18T21:09:51.263+0000] {processor.py:179} INFO - Processing /home/airflow/.local/lib/python3.8/site-packages/airflow/example_dags/example_complex.py took 0.104 seconds
[2023-10-18T21:10:21.523+0000] {processor.py:157} INFO - Started process (PID=440) to work on /home/airflow/.local/lib/python3.8/site-packages/airflow/example_dags/example_complex.py
[2023-10-18T21:10:21.525+0000] {processor.py:829} INFO - Processing file /home/airflow/.local/lib/python3.8/site-packages/airflow/example_dags/example_complex.py for tasks to queue
[2023-10-18T21:10:21.527+0000] {logging_mixin.py:151} INFO - [2023-10-18T21:10:21.527+0000] {dagbag.py:536} INFO - Filling up the DagBag from /home/airflow/.local/lib/python3.8/site-packages/airflow/example_dags/example_complex.py
[2023-10-18T21:10:21.542+0000] {processor.py:839} INFO - DAG(s) dict_keys(['example_complex']) retrieved from /home/airflow/.local/lib/python3.8/site-packages/airflow/example_dags/example_complex.py
[2023-10-18T21:10:21.578+0000] {logging_mixin.py:151} INFO - [2023-10-18T21:10:21.577+0000] {dag.py:2941} INFO - Sync 1 DAGs
[2023-10-18T21:10:21.593+0000] {logging_mixin.py:151} INFO - [2023-10-18T21:10:21.593+0000] {dag.py:3722} INFO - Setting next_dagrun for example_complex to None, run_after=None
[2023-10-18T21:10:21.613+0000] {processor.py:179} INFO - Processing /home/airflow/.local/lib/python3.8/site-packages/airflow/example_dags/example_complex.py took 0.097 seconds
[2023-10-18T21:10:52.495+0000] {processor.py:157} INFO - Started process (PID=493) to work on /home/airflow/.local/lib/python3.8/site-packages/airflow/example_dags/example_complex.py
[2023-10-18T21:10:52.497+0000] {processor.py:829} INFO - Processing file /home/airflow/.local/lib/python3.8/site-packages/airflow/example_dags/example_complex.py for tasks to queue
[2023-10-18T21:10:52.500+0000] {logging_mixin.py:151} INFO - [2023-10-18T21:10:52.499+0000] {dagbag.py:536} INFO - Filling up the DagBag from /home/airflow/.local/lib/python3.8/site-packages/airflow/example_dags/example_complex.py
[2023-10-18T21:10:52.513+0000] {processor.py:839} INFO - DAG(s) dict_keys(['example_complex']) retrieved from /home/airflow/.local/lib/python3.8/site-packages/airflow/example_dags/example_complex.py
[2023-10-18T21:10:52.551+0000] {logging_mixin.py:151} INFO - [2023-10-18T21:10:52.551+0000] {dag.py:2941} INFO - Sync 1 DAGs
[2023-10-18T21:10:52.567+0000] {logging_mixin.py:151} INFO - [2023-10-18T21:10:52.567+0000] {dag.py:3722} INFO - Setting next_dagrun for example_complex to None, run_after=None
[2023-10-18T21:10:52.587+0000] {processor.py:179} INFO - Processing /home/airflow/.local/lib/python3.8/site-packages/airflow/example_dags/example_complex.py took 0.098 seconds
[2023-10-18T21:11:22.893+0000] {processor.py:157} INFO - Started process (PID=546) to work on /home/airflow/.local/lib/python3.8/site-packages/airflow/example_dags/example_complex.py
[2023-10-18T21:11:22.895+0000] {processor.py:829} INFO - Processing file /home/airflow/.local/lib/python3.8/site-packages/airflow/example_dags/example_complex.py for tasks to queue
[2023-10-18T21:11:22.898+0000] {logging_mixin.py:151} INFO - [2023-10-18T21:11:22.897+0000] {dagbag.py:536} INFO - Filling up the DagBag from /home/airflow/.local/lib/python3.8/site-packages/airflow/example_dags/example_complex.py
[2023-10-18T21:11:22.911+0000] {processor.py:839} INFO - DAG(s) dict_keys(['example_complex']) retrieved from /home/airflow/.local/lib/python3.8/site-packages/airflow/example_dags/example_complex.py
[2023-10-18T21:11:22.950+0000] {logging_mixin.py:151} INFO - [2023-10-18T21:11:22.950+0000] {dag.py:2941} INFO - Sync 1 DAGs
[2023-10-18T21:11:22.966+0000] {logging_mixin.py:151} INFO - [2023-10-18T21:11:22.965+0000] {dag.py:3722} INFO - Setting next_dagrun for example_complex to None, run_after=None
[2023-10-18T21:11:22.983+0000] {processor.py:179} INFO - Processing /home/airflow/.local/lib/python3.8/site-packages/airflow/example_dags/example_complex.py took 0.095 seconds
[2023-10-18T21:11:53.252+0000] {processor.py:157} INFO - Started process (PID=599) to work on /home/airflow/.local/lib/python3.8/site-packages/airflow/example_dags/example_complex.py
[2023-10-18T21:11:53.254+0000] {processor.py:829} INFO - Processing file /home/airflow/.local/lib/python3.8/site-packages/airflow/example_dags/example_complex.py for tasks to queue
[2023-10-18T21:11:53.256+0000] {logging_mixin.py:151} INFO - [2023-10-18T21:11:53.256+0000] {dagbag.py:536} INFO - Filling up the DagBag from /home/airflow/.local/lib/python3.8/site-packages/airflow/example_dags/example_complex.py
[2023-10-18T21:11:53.269+0000] {processor.py:839} INFO - DAG(s) dict_keys(['example_complex']) retrieved from /home/airflow/.local/lib/python3.8/site-packages/airflow/example_dags/example_complex.py
[2023-10-18T21:11:53.309+0000] {logging_mixin.py:151} INFO - [2023-10-18T21:11:53.308+0000] {dag.py:2941} INFO - Sync 1 DAGs
[2023-10-18T21:11:53.325+0000] {logging_mixin.py:151} INFO - [2023-10-18T21:11:53.325+0000] {dag.py:3722} INFO - Setting next_dagrun for example_complex to None, run_after=None
[2023-10-18T21:11:53.363+0000] {processor.py:179} INFO - Processing /home/airflow/.local/lib/python3.8/site-packages/airflow/example_dags/example_complex.py took 0.116 seconds
[2023-10-18T21:12:23.502+0000] {processor.py:157} INFO - Started process (PID=652) to work on /home/airflow/.local/lib/python3.8/site-packages/airflow/example_dags/example_complex.py
[2023-10-18T21:12:23.504+0000] {processor.py:829} INFO - Processing file /home/airflow/.local/lib/python3.8/site-packages/airflow/example_dags/example_complex.py for tasks to queue
[2023-10-18T21:12:23.507+0000] {logging_mixin.py:151} INFO - [2023-10-18T21:12:23.506+0000] {dagbag.py:536} INFO - Filling up the DagBag from /home/airflow/.local/lib/python3.8/site-packages/airflow/example_dags/example_complex.py
[2023-10-18T21:12:23.519+0000] {processor.py:839} INFO - DAG(s) dict_keys(['example_complex']) retrieved from /home/airflow/.local/lib/python3.8/site-packages/airflow/example_dags/example_complex.py
[2023-10-18T21:12:23.560+0000] {logging_mixin.py:151} INFO - [2023-10-18T21:12:23.559+0000] {dag.py:2941} INFO - Sync 1 DAGs
[2023-10-18T21:12:23.575+0000] {logging_mixin.py:151} INFO - [2023-10-18T21:12:23.575+0000] {dag.py:3722} INFO - Setting next_dagrun for example_complex to None, run_after=None
[2023-10-18T21:12:23.596+0000] {processor.py:179} INFO - Processing /home/airflow/.local/lib/python3.8/site-packages/airflow/example_dags/example_complex.py took 0.100 seconds
[2023-10-18T21:12:53.899+0000] {processor.py:157} INFO - Started process (PID=705) to work on /home/airflow/.local/lib/python3.8/site-packages/airflow/example_dags/example_complex.py
[2023-10-18T21:12:53.901+0000] {processor.py:829} INFO - Processing file /home/airflow/.local/lib/python3.8/site-packages/airflow/example_dags/example_complex.py for tasks to queue
[2023-10-18T21:12:53.904+0000] {logging_mixin.py:151} INFO - [2023-10-18T21:12:53.903+0000] {dagbag.py:536} INFO - Filling up the DagBag from /home/airflow/.local/lib/python3.8/site-packages/airflow/example_dags/example_complex.py
[2023-10-18T21:12:53.916+0000] {processor.py:839} INFO - DAG(s) dict_keys(['example_complex']) retrieved from /home/airflow/.local/lib/python3.8/site-packages/airflow/example_dags/example_complex.py
[2023-10-18T21:12:53.955+0000] {logging_mixin.py:151} INFO - [2023-10-18T21:12:53.955+0000] {dag.py:2941} INFO - Sync 1 DAGs
[2023-10-18T21:12:53.971+0000] {logging_mixin.py:151} INFO - [2023-10-18T21:12:53.971+0000] {dag.py:3722} INFO - Setting next_dagrun for example_complex to None, run_after=None
[2023-10-18T21:12:53.993+0000] {processor.py:179} INFO - Processing /home/airflow/.local/lib/python3.8/site-packages/airflow/example_dags/example_complex.py took 0.098 seconds
[2023-10-18T21:15:10.561+0000] {processor.py:157} INFO - Started process (PID=67) to work on /home/airflow/.local/lib/python3.8/site-packages/airflow/example_dags/example_complex.py
[2023-10-18T21:15:10.562+0000] {processor.py:829} INFO - Processing file /home/airflow/.local/lib/python3.8/site-packages/airflow/example_dags/example_complex.py for tasks to queue
[2023-10-18T21:15:10.565+0000] {logging_mixin.py:151} INFO - [2023-10-18T21:15:10.564+0000] {dagbag.py:536} INFO - Filling up the DagBag from /home/airflow/.local/lib/python3.8/site-packages/airflow/example_dags/example_complex.py
[2023-10-18T21:15:10.585+0000] {processor.py:839} INFO - DAG(s) dict_keys(['example_complex']) retrieved from /home/airflow/.local/lib/python3.8/site-packages/airflow/example_dags/example_complex.py
[2023-10-18T21:15:10.626+0000] {logging_mixin.py:151} INFO - [2023-10-18T21:15:10.626+0000] {dag.py:2941} INFO - Sync 1 DAGs
[2023-10-18T21:15:10.641+0000] {logging_mixin.py:151} INFO - [2023-10-18T21:15:10.641+0000] {dag.py:3722} INFO - Setting next_dagrun for example_complex to None, run_after=None
[2023-10-18T21:15:10.662+0000] {processor.py:179} INFO - Processing /home/airflow/.local/lib/python3.8/site-packages/airflow/example_dags/example_complex.py took 0.105 seconds
[2023-10-18T21:15:40.812+0000] {processor.py:157} INFO - Started process (PID=119) to work on /home/airflow/.local/lib/python3.8/site-packages/airflow/example_dags/example_complex.py
[2023-10-18T21:15:40.813+0000] {processor.py:829} INFO - Processing file /home/airflow/.local/lib/python3.8/site-packages/airflow/example_dags/example_complex.py for tasks to queue
[2023-10-18T21:15:40.816+0000] {logging_mixin.py:151} INFO - [2023-10-18T21:15:40.816+0000] {dagbag.py:536} INFO - Filling up the DagBag from /home/airflow/.local/lib/python3.8/site-packages/airflow/example_dags/example_complex.py
[2023-10-18T21:15:40.828+0000] {processor.py:839} INFO - DAG(s) dict_keys(['example_complex']) retrieved from /home/airflow/.local/lib/python3.8/site-packages/airflow/example_dags/example_complex.py
[2023-10-18T21:15:40.863+0000] {logging_mixin.py:151} INFO - [2023-10-18T21:15:40.863+0000] {dag.py:2941} INFO - Sync 1 DAGs
[2023-10-18T21:15:40.877+0000] {logging_mixin.py:151} INFO - [2023-10-18T21:15:40.877+0000] {dag.py:3722} INFO - Setting next_dagrun for example_complex to None, run_after=None
[2023-10-18T21:15:40.894+0000] {processor.py:179} INFO - Processing /home/airflow/.local/lib/python3.8/site-packages/airflow/example_dags/example_complex.py took 0.089 seconds
[2023-10-18T21:16:11.267+0000] {processor.py:157} INFO - Started process (PID=173) to work on /home/airflow/.local/lib/python3.8/site-packages/airflow/example_dags/example_complex.py
[2023-10-18T21:16:11.268+0000] {processor.py:829} INFO - Processing file /home/airflow/.local/lib/python3.8/site-packages/airflow/example_dags/example_complex.py for tasks to queue
[2023-10-18T21:16:11.271+0000] {logging_mixin.py:151} INFO - [2023-10-18T21:16:11.271+0000] {dagbag.py:536} INFO - Filling up the DagBag from /home/airflow/.local/lib/python3.8/site-packages/airflow/example_dags/example_complex.py
[2023-10-18T21:16:11.285+0000] {processor.py:839} INFO - DAG(s) dict_keys(['example_complex']) retrieved from /home/airflow/.local/lib/python3.8/site-packages/airflow/example_dags/example_complex.py
[2023-10-18T21:16:11.324+0000] {logging_mixin.py:151} INFO - [2023-10-18T21:16:11.323+0000] {dag.py:2941} INFO - Sync 1 DAGs
[2023-10-18T21:16:11.340+0000] {logging_mixin.py:151} INFO - [2023-10-18T21:16:11.340+0000] {dag.py:3722} INFO - Setting next_dagrun for example_complex to None, run_after=None
[2023-10-18T21:16:11.359+0000] {processor.py:179} INFO - Processing /home/airflow/.local/lib/python3.8/site-packages/airflow/example_dags/example_complex.py took 0.096 seconds
[2023-10-18T21:16:41.482+0000] {processor.py:157} INFO - Started process (PID=226) to work on /home/airflow/.local/lib/python3.8/site-packages/airflow/example_dags/example_complex.py
[2023-10-18T21:16:41.483+0000] {processor.py:829} INFO - Processing file /home/airflow/.local/lib/python3.8/site-packages/airflow/example_dags/example_complex.py for tasks to queue
[2023-10-18T21:16:41.486+0000] {logging_mixin.py:151} INFO - [2023-10-18T21:16:41.486+0000] {dagbag.py:536} INFO - Filling up the DagBag from /home/airflow/.local/lib/python3.8/site-packages/airflow/example_dags/example_complex.py
[2023-10-18T21:16:41.501+0000] {processor.py:839} INFO - DAG(s) dict_keys(['example_complex']) retrieved from /home/airflow/.local/lib/python3.8/site-packages/airflow/example_dags/example_complex.py
[2023-10-18T21:16:41.538+0000] {logging_mixin.py:151} INFO - [2023-10-18T21:16:41.538+0000] {dag.py:2941} INFO - Sync 1 DAGs
[2023-10-18T21:16:41.551+0000] {logging_mixin.py:151} INFO - [2023-10-18T21:16:41.551+0000] {dag.py:3722} INFO - Setting next_dagrun for example_complex to None, run_after=None
[2023-10-18T21:16:41.569+0000] {processor.py:179} INFO - Processing /home/airflow/.local/lib/python3.8/site-packages/airflow/example_dags/example_complex.py took 0.091 seconds
[2023-10-18T21:17:11.835+0000] {processor.py:157} INFO - Started process (PID=280) to work on /home/airflow/.local/lib/python3.8/site-packages/airflow/example_dags/example_complex.py
[2023-10-18T21:17:11.836+0000] {processor.py:829} INFO - Processing file /home/airflow/.local/lib/python3.8/site-packages/airflow/example_dags/example_complex.py for tasks to queue
[2023-10-18T21:17:11.839+0000] {logging_mixin.py:151} INFO - [2023-10-18T21:17:11.838+0000] {dagbag.py:536} INFO - Filling up the DagBag from /home/airflow/.local/lib/python3.8/site-packages/airflow/example_dags/example_complex.py
[2023-10-18T21:17:11.853+0000] {processor.py:839} INFO - DAG(s) dict_keys(['example_complex']) retrieved from /home/airflow/.local/lib/python3.8/site-packages/airflow/example_dags/example_complex.py
[2023-10-18T21:17:11.896+0000] {logging_mixin.py:151} INFO - [2023-10-18T21:17:11.895+0000] {dag.py:2941} INFO - Sync 1 DAGs
[2023-10-18T21:17:11.910+0000] {logging_mixin.py:151} INFO - [2023-10-18T21:17:11.910+0000] {dag.py:3722} INFO - Setting next_dagrun for example_complex to None, run_after=None
[2023-10-18T21:17:11.929+0000] {processor.py:179} INFO - Processing /home/airflow/.local/lib/python3.8/site-packages/airflow/example_dags/example_complex.py took 0.098 seconds
[2023-10-18T21:17:42.895+0000] {processor.py:157} INFO - Started process (PID=333) to work on /home/airflow/.local/lib/python3.8/site-packages/airflow/example_dags/example_complex.py
[2023-10-18T21:17:42.896+0000] {processor.py:829} INFO - Processing file /home/airflow/.local/lib/python3.8/site-packages/airflow/example_dags/example_complex.py for tasks to queue
[2023-10-18T21:17:42.899+0000] {logging_mixin.py:151} INFO - [2023-10-18T21:17:42.898+0000] {dagbag.py:536} INFO - Filling up the DagBag from /home/airflow/.local/lib/python3.8/site-packages/airflow/example_dags/example_complex.py
[2023-10-18T21:17:42.911+0000] {processor.py:839} INFO - DAG(s) dict_keys(['example_complex']) retrieved from /home/airflow/.local/lib/python3.8/site-packages/airflow/example_dags/example_complex.py
[2023-10-18T21:17:42.926+0000] {logging_mixin.py:151} INFO - [2023-10-18T21:17:42.926+0000] {dag.py:2941} INFO - Sync 1 DAGs
[2023-10-18T21:17:42.943+0000] {logging_mixin.py:151} INFO - [2023-10-18T21:17:42.943+0000] {dag.py:3722} INFO - Setting next_dagrun for example_complex to None, run_after=None
[2023-10-18T21:17:42.964+0000] {processor.py:179} INFO - Processing /home/airflow/.local/lib/python3.8/site-packages/airflow/example_dags/example_complex.py took 0.072 seconds
[2023-10-18T21:18:13.765+0000] {processor.py:157} INFO - Started process (PID=386) to work on /home/airflow/.local/lib/python3.8/site-packages/airflow/example_dags/example_complex.py
[2023-10-18T21:18:13.766+0000] {processor.py:829} INFO - Processing file /home/airflow/.local/lib/python3.8/site-packages/airflow/example_dags/example_complex.py for tasks to queue
[2023-10-18T21:18:13.769+0000] {logging_mixin.py:151} INFO - [2023-10-18T21:18:13.768+0000] {dagbag.py:536} INFO - Filling up the DagBag from /home/airflow/.local/lib/python3.8/site-packages/airflow/example_dags/example_complex.py
[2023-10-18T21:18:13.784+0000] {processor.py:839} INFO - DAG(s) dict_keys(['example_complex']) retrieved from /home/airflow/.local/lib/python3.8/site-packages/airflow/example_dags/example_complex.py
[2023-10-18T21:18:13.823+0000] {logging_mixin.py:151} INFO - [2023-10-18T21:18:13.823+0000] {dag.py:2941} INFO - Sync 1 DAGs
[2023-10-18T21:18:13.837+0000] {logging_mixin.py:151} INFO - [2023-10-18T21:18:13.837+0000] {dag.py:3722} INFO - Setting next_dagrun for example_complex to None, run_after=None
[2023-10-18T21:18:13.857+0000] {processor.py:179} INFO - Processing /home/airflow/.local/lib/python3.8/site-packages/airflow/example_dags/example_complex.py took 0.098 seconds
[2023-10-18T21:18:43.994+0000] {processor.py:157} INFO - Started process (PID=439) to work on /home/airflow/.local/lib/python3.8/site-packages/airflow/example_dags/example_complex.py
[2023-10-18T21:18:43.995+0000] {processor.py:829} INFO - Processing file /home/airflow/.local/lib/python3.8/site-packages/airflow/example_dags/example_complex.py for tasks to queue
[2023-10-18T21:18:43.998+0000] {logging_mixin.py:151} INFO - [2023-10-18T21:18:43.998+0000] {dagbag.py:536} INFO - Filling up the DagBag from /home/airflow/.local/lib/python3.8/site-packages/airflow/example_dags/example_complex.py
[2023-10-18T21:18:44.012+0000] {processor.py:839} INFO - DAG(s) dict_keys(['example_complex']) retrieved from /home/airflow/.local/lib/python3.8/site-packages/airflow/example_dags/example_complex.py
[2023-10-18T21:18:44.049+0000] {logging_mixin.py:151} INFO - [2023-10-18T21:18:44.048+0000] {dag.py:2941} INFO - Sync 1 DAGs
[2023-10-18T21:18:44.063+0000] {logging_mixin.py:151} INFO - [2023-10-18T21:18:44.063+0000] {dag.py:3722} INFO - Setting next_dagrun for example_complex to None, run_after=None
[2023-10-18T21:18:44.081+0000] {processor.py:179} INFO - Processing /home/airflow/.local/lib/python3.8/site-packages/airflow/example_dags/example_complex.py took 0.092 seconds
[2023-10-18T21:19:14.400+0000] {processor.py:157} INFO - Started process (PID=492) to work on /home/airflow/.local/lib/python3.8/site-packages/airflow/example_dags/example_complex.py
[2023-10-18T21:19:14.401+0000] {processor.py:829} INFO - Processing file /home/airflow/.local/lib/python3.8/site-packages/airflow/example_dags/example_complex.py for tasks to queue
[2023-10-18T21:19:14.404+0000] {logging_mixin.py:151} INFO - [2023-10-18T21:19:14.403+0000] {dagbag.py:536} INFO - Filling up the DagBag from /home/airflow/.local/lib/python3.8/site-packages/airflow/example_dags/example_complex.py
[2023-10-18T21:19:14.417+0000] {processor.py:839} INFO - DAG(s) dict_keys(['example_complex']) retrieved from /home/airflow/.local/lib/python3.8/site-packages/airflow/example_dags/example_complex.py
[2023-10-18T21:19:14.455+0000] {logging_mixin.py:151} INFO - [2023-10-18T21:19:14.454+0000] {dag.py:2941} INFO - Sync 1 DAGs
[2023-10-18T21:19:14.469+0000] {logging_mixin.py:151} INFO - [2023-10-18T21:19:14.469+0000] {dag.py:3722} INFO - Setting next_dagrun for example_complex to None, run_after=None
[2023-10-18T21:19:14.488+0000] {processor.py:179} INFO - Processing /home/airflow/.local/lib/python3.8/site-packages/airflow/example_dags/example_complex.py took 0.095 seconds
[2023-10-18T21:19:44.549+0000] {processor.py:157} INFO - Started process (PID=545) to work on /home/airflow/.local/lib/python3.8/site-packages/airflow/example_dags/example_complex.py
[2023-10-18T21:19:44.551+0000] {processor.py:829} INFO - Processing file /home/airflow/.local/lib/python3.8/site-packages/airflow/example_dags/example_complex.py for tasks to queue
[2023-10-18T21:19:44.554+0000] {logging_mixin.py:151} INFO - [2023-10-18T21:19:44.553+0000] {dagbag.py:536} INFO - Filling up the DagBag from /home/airflow/.local/lib/python3.8/site-packages/airflow/example_dags/example_complex.py
[2023-10-18T21:19:44.568+0000] {processor.py:839} INFO - DAG(s) dict_keys(['example_complex']) retrieved from /home/airflow/.local/lib/python3.8/site-packages/airflow/example_dags/example_complex.py
[2023-10-18T21:19:44.613+0000] {logging_mixin.py:151} INFO - [2023-10-18T21:19:44.613+0000] {dag.py:2941} INFO - Sync 1 DAGs
[2023-10-18T21:19:44.628+0000] {logging_mixin.py:151} INFO - [2023-10-18T21:19:44.628+0000] {dag.py:3722} INFO - Setting next_dagrun for example_complex to None, run_after=None
[2023-10-18T21:19:44.647+0000] {processor.py:179} INFO - Processing /home/airflow/.local/lib/python3.8/site-packages/airflow/example_dags/example_complex.py took 0.104 seconds
[2023-10-18T21:20:14.947+0000] {processor.py:157} INFO - Started process (PID=597) to work on /home/airflow/.local/lib/python3.8/site-packages/airflow/example_dags/example_complex.py
[2023-10-18T21:20:14.948+0000] {processor.py:829} INFO - Processing file /home/airflow/.local/lib/python3.8/site-packages/airflow/example_dags/example_complex.py for tasks to queue
[2023-10-18T21:20:14.951+0000] {logging_mixin.py:151} INFO - [2023-10-18T21:20:14.951+0000] {dagbag.py:536} INFO - Filling up the DagBag from /home/airflow/.local/lib/python3.8/site-packages/airflow/example_dags/example_complex.py
[2023-10-18T21:20:14.965+0000] {processor.py:839} INFO - DAG(s) dict_keys(['example_complex']) retrieved from /home/airflow/.local/lib/python3.8/site-packages/airflow/example_dags/example_complex.py
[2023-10-18T21:20:15.003+0000] {logging_mixin.py:151} INFO - [2023-10-18T21:20:15.003+0000] {dag.py:2941} INFO - Sync 1 DAGs
[2023-10-18T21:20:15.019+0000] {logging_mixin.py:151} INFO - [2023-10-18T21:20:15.019+0000] {dag.py:3722} INFO - Setting next_dagrun for example_complex to None, run_after=None
[2023-10-18T21:20:15.041+0000] {processor.py:179} INFO - Processing /home/airflow/.local/lib/python3.8/site-packages/airflow/example_dags/example_complex.py took 0.101 seconds
[2023-10-18T21:20:45.388+0000] {processor.py:157} INFO - Started process (PID=651) to work on /home/airflow/.local/lib/python3.8/site-packages/airflow/example_dags/example_complex.py
[2023-10-18T21:20:45.390+0000] {processor.py:829} INFO - Processing file /home/airflow/.local/lib/python3.8/site-packages/airflow/example_dags/example_complex.py for tasks to queue
[2023-10-18T21:20:45.393+0000] {logging_mixin.py:151} INFO - [2023-10-18T21:20:45.392+0000] {dagbag.py:536} INFO - Filling up the DagBag from /home/airflow/.local/lib/python3.8/site-packages/airflow/example_dags/example_complex.py
[2023-10-18T21:20:45.406+0000] {processor.py:839} INFO - DAG(s) dict_keys(['example_complex']) retrieved from /home/airflow/.local/lib/python3.8/site-packages/airflow/example_dags/example_complex.py
[2023-10-18T21:20:45.444+0000] {logging_mixin.py:151} INFO - [2023-10-18T21:20:45.444+0000] {dag.py:2941} INFO - Sync 1 DAGs
[2023-10-18T21:20:45.458+0000] {logging_mixin.py:151} INFO - [2023-10-18T21:20:45.457+0000] {dag.py:3722} INFO - Setting next_dagrun for example_complex to None, run_after=None
[2023-10-18T21:20:45.475+0000] {processor.py:179} INFO - Processing /home/airflow/.local/lib/python3.8/site-packages/airflow/example_dags/example_complex.py took 0.091 seconds
[2023-10-18T21:21:15.705+0000] {processor.py:157} INFO - Started process (PID=704) to work on /home/airflow/.local/lib/python3.8/site-packages/airflow/example_dags/example_complex.py
[2023-10-18T21:21:15.706+0000] {processor.py:829} INFO - Processing file /home/airflow/.local/lib/python3.8/site-packages/airflow/example_dags/example_complex.py for tasks to queue
[2023-10-18T21:21:15.709+0000] {logging_mixin.py:151} INFO - [2023-10-18T21:21:15.708+0000] {dagbag.py:536} INFO - Filling up the DagBag from /home/airflow/.local/lib/python3.8/site-packages/airflow/example_dags/example_complex.py
[2023-10-18T21:21:15.724+0000] {processor.py:839} INFO - DAG(s) dict_keys(['example_complex']) retrieved from /home/airflow/.local/lib/python3.8/site-packages/airflow/example_dags/example_complex.py
[2023-10-18T21:21:15.764+0000] {logging_mixin.py:151} INFO - [2023-10-18T21:21:15.764+0000] {dag.py:2941} INFO - Sync 1 DAGs
[2023-10-18T21:21:15.780+0000] {logging_mixin.py:151} INFO - [2023-10-18T21:21:15.780+0000] {dag.py:3722} INFO - Setting next_dagrun for example_complex to None, run_after=None
[2023-10-18T21:21:15.809+0000] {processor.py:179} INFO - Processing /home/airflow/.local/lib/python3.8/site-packages/airflow/example_dags/example_complex.py took 0.108 seconds
[2023-10-18T21:21:46.259+0000] {processor.py:157} INFO - Started process (PID=758) to work on /home/airflow/.local/lib/python3.8/site-packages/airflow/example_dags/example_complex.py
[2023-10-18T21:21:46.261+0000] {processor.py:829} INFO - Processing file /home/airflow/.local/lib/python3.8/site-packages/airflow/example_dags/example_complex.py for tasks to queue
[2023-10-18T21:21:46.264+0000] {logging_mixin.py:151} INFO - [2023-10-18T21:21:46.264+0000] {dagbag.py:536} INFO - Filling up the DagBag from /home/airflow/.local/lib/python3.8/site-packages/airflow/example_dags/example_complex.py
[2023-10-18T21:21:46.277+0000] {processor.py:839} INFO - DAG(s) dict_keys(['example_complex']) retrieved from /home/airflow/.local/lib/python3.8/site-packages/airflow/example_dags/example_complex.py
[2023-10-18T21:21:46.318+0000] {logging_mixin.py:151} INFO - [2023-10-18T21:21:46.318+0000] {dag.py:2941} INFO - Sync 1 DAGs
[2023-10-18T21:21:46.332+0000] {logging_mixin.py:151} INFO - [2023-10-18T21:21:46.332+0000] {dag.py:3722} INFO - Setting next_dagrun for example_complex to None, run_after=None
[2023-10-18T21:21:46.355+0000] {processor.py:179} INFO - Processing /home/airflow/.local/lib/python3.8/site-packages/airflow/example_dags/example_complex.py took 0.102 seconds
[2023-10-18T21:23:49.343+0000] {processor.py:157} INFO - Started process (PID=68) to work on /home/airflow/.local/lib/python3.8/site-packages/airflow/example_dags/example_complex.py
[2023-10-18T21:23:49.345+0000] {processor.py:829} INFO - Processing file /home/airflow/.local/lib/python3.8/site-packages/airflow/example_dags/example_complex.py for tasks to queue
[2023-10-18T21:23:49.348+0000] {logging_mixin.py:151} INFO - [2023-10-18T21:23:49.347+0000] {dagbag.py:536} INFO - Filling up the DagBag from /home/airflow/.local/lib/python3.8/site-packages/airflow/example_dags/example_complex.py
[2023-10-18T21:23:49.365+0000] {processor.py:839} INFO - DAG(s) dict_keys(['example_complex']) retrieved from /home/airflow/.local/lib/python3.8/site-packages/airflow/example_dags/example_complex.py
[2023-10-18T21:23:49.381+0000] {logging_mixin.py:151} INFO - [2023-10-18T21:23:49.381+0000] {dag.py:2941} INFO - Sync 1 DAGs
[2023-10-18T21:23:49.396+0000] {logging_mixin.py:151} INFO - [2023-10-18T21:23:49.396+0000] {dag.py:3722} INFO - Setting next_dagrun for example_complex to None, run_after=None
[2023-10-18T21:23:49.415+0000] {processor.py:179} INFO - Processing /home/airflow/.local/lib/python3.8/site-packages/airflow/example_dags/example_complex.py took 0.076 seconds
[2023-10-18T21:24:19.738+0000] {processor.py:157} INFO - Started process (PID=121) to work on /home/airflow/.local/lib/python3.8/site-packages/airflow/example_dags/example_complex.py
[2023-10-18T21:24:19.739+0000] {processor.py:829} INFO - Processing file /home/airflow/.local/lib/python3.8/site-packages/airflow/example_dags/example_complex.py for tasks to queue
[2023-10-18T21:24:19.741+0000] {logging_mixin.py:151} INFO - [2023-10-18T21:24:19.741+0000] {dagbag.py:536} INFO - Filling up the DagBag from /home/airflow/.local/lib/python3.8/site-packages/airflow/example_dags/example_complex.py
[2023-10-18T21:24:19.755+0000] {processor.py:839} INFO - DAG(s) dict_keys(['example_complex']) retrieved from /home/airflow/.local/lib/python3.8/site-packages/airflow/example_dags/example_complex.py
[2023-10-18T21:24:19.793+0000] {logging_mixin.py:151} INFO - [2023-10-18T21:24:19.792+0000] {dag.py:2941} INFO - Sync 1 DAGs
[2023-10-18T21:24:19.808+0000] {logging_mixin.py:151} INFO - [2023-10-18T21:24:19.808+0000] {dag.py:3722} INFO - Setting next_dagrun for example_complex to None, run_after=None
[2023-10-18T21:24:19.827+0000] {processor.py:179} INFO - Processing /home/airflow/.local/lib/python3.8/site-packages/airflow/example_dags/example_complex.py took 0.095 seconds
[2023-10-18T21:24:50.182+0000] {processor.py:157} INFO - Started process (PID=174) to work on /home/airflow/.local/lib/python3.8/site-packages/airflow/example_dags/example_complex.py
[2023-10-18T21:24:50.184+0000] {processor.py:829} INFO - Processing file /home/airflow/.local/lib/python3.8/site-packages/airflow/example_dags/example_complex.py for tasks to queue
[2023-10-18T21:24:50.187+0000] {logging_mixin.py:151} INFO - [2023-10-18T21:24:50.187+0000] {dagbag.py:536} INFO - Filling up the DagBag from /home/airflow/.local/lib/python3.8/site-packages/airflow/example_dags/example_complex.py
[2023-10-18T21:24:50.200+0000] {processor.py:839} INFO - DAG(s) dict_keys(['example_complex']) retrieved from /home/airflow/.local/lib/python3.8/site-packages/airflow/example_dags/example_complex.py
[2023-10-18T21:24:50.239+0000] {logging_mixin.py:151} INFO - [2023-10-18T21:24:50.239+0000] {dag.py:2941} INFO - Sync 1 DAGs
[2023-10-18T21:24:50.256+0000] {logging_mixin.py:151} INFO - [2023-10-18T21:24:50.256+0000] {dag.py:3722} INFO - Setting next_dagrun for example_complex to None, run_after=None
[2023-10-18T21:24:50.278+0000] {processor.py:179} INFO - Processing /home/airflow/.local/lib/python3.8/site-packages/airflow/example_dags/example_complex.py took 0.102 seconds
[2023-10-18T21:25:20.804+0000] {processor.py:157} INFO - Started process (PID=227) to work on /home/airflow/.local/lib/python3.8/site-packages/airflow/example_dags/example_complex.py
[2023-10-18T21:25:20.805+0000] {processor.py:829} INFO - Processing file /home/airflow/.local/lib/python3.8/site-packages/airflow/example_dags/example_complex.py for tasks to queue
[2023-10-18T21:25:20.808+0000] {logging_mixin.py:151} INFO - [2023-10-18T21:25:20.808+0000] {dagbag.py:536} INFO - Filling up the DagBag from /home/airflow/.local/lib/python3.8/site-packages/airflow/example_dags/example_complex.py
[2023-10-18T21:25:20.821+0000] {processor.py:839} INFO - DAG(s) dict_keys(['example_complex']) retrieved from /home/airflow/.local/lib/python3.8/site-packages/airflow/example_dags/example_complex.py
[2023-10-18T21:25:20.836+0000] {logging_mixin.py:151} INFO - [2023-10-18T21:25:20.836+0000] {dag.py:2941} INFO - Sync 1 DAGs
[2023-10-18T21:25:20.851+0000] {logging_mixin.py:151} INFO - [2023-10-18T21:25:20.851+0000] {dag.py:3722} INFO - Setting next_dagrun for example_complex to None, run_after=None
[2023-10-18T21:25:20.868+0000] {processor.py:179} INFO - Processing /home/airflow/.local/lib/python3.8/site-packages/airflow/example_dags/example_complex.py took 0.070 seconds
[2023-10-18T21:25:51.700+0000] {processor.py:157} INFO - Started process (PID=280) to work on /home/airflow/.local/lib/python3.8/site-packages/airflow/example_dags/example_complex.py
[2023-10-18T21:25:51.702+0000] {processor.py:829} INFO - Processing file /home/airflow/.local/lib/python3.8/site-packages/airflow/example_dags/example_complex.py for tasks to queue
[2023-10-18T21:25:51.704+0000] {logging_mixin.py:151} INFO - [2023-10-18T21:25:51.704+0000] {dagbag.py:536} INFO - Filling up the DagBag from /home/airflow/.local/lib/python3.8/site-packages/airflow/example_dags/example_complex.py
[2023-10-18T21:25:51.717+0000] {processor.py:839} INFO - DAG(s) dict_keys(['example_complex']) retrieved from /home/airflow/.local/lib/python3.8/site-packages/airflow/example_dags/example_complex.py
[2023-10-18T21:25:51.753+0000] {logging_mixin.py:151} INFO - [2023-10-18T21:25:51.753+0000] {dag.py:2941} INFO - Sync 1 DAGs
[2023-10-18T21:25:51.767+0000] {logging_mixin.py:151} INFO - [2023-10-18T21:25:51.767+0000] {dag.py:3722} INFO - Setting next_dagrun for example_complex to None, run_after=None
[2023-10-18T21:25:51.784+0000] {processor.py:179} INFO - Processing /home/airflow/.local/lib/python3.8/site-packages/airflow/example_dags/example_complex.py took 0.091 seconds
[2023-10-18T21:26:21.906+0000] {processor.py:157} INFO - Started process (PID=333) to work on /home/airflow/.local/lib/python3.8/site-packages/airflow/example_dags/example_complex.py
[2023-10-18T21:26:21.908+0000] {processor.py:829} INFO - Processing file /home/airflow/.local/lib/python3.8/site-packages/airflow/example_dags/example_complex.py for tasks to queue
[2023-10-18T21:26:21.910+0000] {logging_mixin.py:151} INFO - [2023-10-18T21:26:21.910+0000] {dagbag.py:536} INFO - Filling up the DagBag from /home/airflow/.local/lib/python3.8/site-packages/airflow/example_dags/example_complex.py
[2023-10-18T21:26:21.924+0000] {processor.py:839} INFO - DAG(s) dict_keys(['example_complex']) retrieved from /home/airflow/.local/lib/python3.8/site-packages/airflow/example_dags/example_complex.py
[2023-10-18T21:26:21.959+0000] {logging_mixin.py:151} INFO - [2023-10-18T21:26:21.959+0000] {dag.py:2941} INFO - Sync 1 DAGs
[2023-10-18T21:26:21.973+0000] {logging_mixin.py:151} INFO - [2023-10-18T21:26:21.973+0000] {dag.py:3722} INFO - Setting next_dagrun for example_complex to None, run_after=None
[2023-10-18T21:26:21.991+0000] {processor.py:179} INFO - Processing /home/airflow/.local/lib/python3.8/site-packages/airflow/example_dags/example_complex.py took 0.091 seconds
[2023-10-18T21:26:52.214+0000] {processor.py:157} INFO - Started process (PID=386) to work on /home/airflow/.local/lib/python3.8/site-packages/airflow/example_dags/example_complex.py
[2023-10-18T21:26:52.216+0000] {processor.py:829} INFO - Processing file /home/airflow/.local/lib/python3.8/site-packages/airflow/example_dags/example_complex.py for tasks to queue
[2023-10-18T21:26:52.218+0000] {logging_mixin.py:151} INFO - [2023-10-18T21:26:52.218+0000] {dagbag.py:536} INFO - Filling up the DagBag from /home/airflow/.local/lib/python3.8/site-packages/airflow/example_dags/example_complex.py
[2023-10-18T21:26:52.231+0000] {processor.py:839} INFO - DAG(s) dict_keys(['example_complex']) retrieved from /home/airflow/.local/lib/python3.8/site-packages/airflow/example_dags/example_complex.py
[2023-10-18T21:26:52.279+0000] {logging_mixin.py:151} INFO - [2023-10-18T21:26:52.279+0000] {dag.py:2941} INFO - Sync 1 DAGs
[2023-10-18T21:26:52.294+0000] {logging_mixin.py:151} INFO - [2023-10-18T21:26:52.294+0000] {dag.py:3722} INFO - Setting next_dagrun for example_complex to None, run_after=None
[2023-10-18T21:26:52.311+0000] {processor.py:179} INFO - Processing /home/airflow/.local/lib/python3.8/site-packages/airflow/example_dags/example_complex.py took 0.104 seconds
[2023-10-18T21:27:22.398+0000] {processor.py:157} INFO - Started process (PID=439) to work on /home/airflow/.local/lib/python3.8/site-packages/airflow/example_dags/example_complex.py
[2023-10-18T21:27:22.399+0000] {processor.py:829} INFO - Processing file /home/airflow/.local/lib/python3.8/site-packages/airflow/example_dags/example_complex.py for tasks to queue
[2023-10-18T21:27:22.401+0000] {logging_mixin.py:151} INFO - [2023-10-18T21:27:22.401+0000] {dagbag.py:536} INFO - Filling up the DagBag from /home/airflow/.local/lib/python3.8/site-packages/airflow/example_dags/example_complex.py
[2023-10-18T21:27:22.414+0000] {processor.py:839} INFO - DAG(s) dict_keys(['example_complex']) retrieved from /home/airflow/.local/lib/python3.8/site-packages/airflow/example_dags/example_complex.py
[2023-10-18T21:27:22.455+0000] {logging_mixin.py:151} INFO - [2023-10-18T21:27:22.455+0000] {dag.py:2941} INFO - Sync 1 DAGs
[2023-10-18T21:27:22.470+0000] {logging_mixin.py:151} INFO - [2023-10-18T21:27:22.470+0000] {dag.py:3722} INFO - Setting next_dagrun for example_complex to None, run_after=None
[2023-10-18T21:27:22.497+0000] {processor.py:179} INFO - Processing /home/airflow/.local/lib/python3.8/site-packages/airflow/example_dags/example_complex.py took 0.107 seconds
[2023-10-18T21:27:52.903+0000] {processor.py:157} INFO - Started process (PID=492) to work on /home/airflow/.local/lib/python3.8/site-packages/airflow/example_dags/example_complex.py
[2023-10-18T21:27:52.905+0000] {processor.py:829} INFO - Processing file /home/airflow/.local/lib/python3.8/site-packages/airflow/example_dags/example_complex.py for tasks to queue
[2023-10-18T21:27:52.908+0000] {logging_mixin.py:151} INFO - [2023-10-18T21:27:52.908+0000] {dagbag.py:536} INFO - Filling up the DagBag from /home/airflow/.local/lib/python3.8/site-packages/airflow/example_dags/example_complex.py
[2023-10-18T21:27:52.922+0000] {processor.py:839} INFO - DAG(s) dict_keys(['example_complex']) retrieved from /home/airflow/.local/lib/python3.8/site-packages/airflow/example_dags/example_complex.py
[2023-10-18T21:27:52.961+0000] {logging_mixin.py:151} INFO - [2023-10-18T21:27:52.961+0000] {dag.py:2941} INFO - Sync 1 DAGs
[2023-10-18T21:27:52.978+0000] {logging_mixin.py:151} INFO - [2023-10-18T21:27:52.978+0000] {dag.py:3722} INFO - Setting next_dagrun for example_complex to None, run_after=None
[2023-10-18T21:27:53.010+0000] {processor.py:179} INFO - Processing /home/airflow/.local/lib/python3.8/site-packages/airflow/example_dags/example_complex.py took 0.113 seconds
[2023-10-18T21:28:23.274+0000] {processor.py:157} INFO - Started process (PID=545) to work on /home/airflow/.local/lib/python3.8/site-packages/airflow/example_dags/example_complex.py
[2023-10-18T21:28:23.275+0000] {processor.py:829} INFO - Processing file /home/airflow/.local/lib/python3.8/site-packages/airflow/example_dags/example_complex.py for tasks to queue
[2023-10-18T21:28:23.277+0000] {logging_mixin.py:151} INFO - [2023-10-18T21:28:23.277+0000] {dagbag.py:536} INFO - Filling up the DagBag from /home/airflow/.local/lib/python3.8/site-packages/airflow/example_dags/example_complex.py
[2023-10-18T21:28:23.290+0000] {processor.py:839} INFO - DAG(s) dict_keys(['example_complex']) retrieved from /home/airflow/.local/lib/python3.8/site-packages/airflow/example_dags/example_complex.py
[2023-10-18T21:28:23.332+0000] {logging_mixin.py:151} INFO - [2023-10-18T21:28:23.332+0000] {dag.py:2941} INFO - Sync 1 DAGs
[2023-10-18T21:28:23.346+0000] {logging_mixin.py:151} INFO - [2023-10-18T21:28:23.346+0000] {dag.py:3722} INFO - Setting next_dagrun for example_complex to None, run_after=None
[2023-10-18T21:28:23.363+0000] {processor.py:179} INFO - Processing /home/airflow/.local/lib/python3.8/site-packages/airflow/example_dags/example_complex.py took 0.095 seconds
[2023-10-18T21:28:53.959+0000] {processor.py:157} INFO - Started process (PID=598) to work on /home/airflow/.local/lib/python3.8/site-packages/airflow/example_dags/example_complex.py
[2023-10-18T21:28:53.960+0000] {processor.py:829} INFO - Processing file /home/airflow/.local/lib/python3.8/site-packages/airflow/example_dags/example_complex.py for tasks to queue
[2023-10-18T21:28:53.963+0000] {logging_mixin.py:151} INFO - [2023-10-18T21:28:53.963+0000] {dagbag.py:536} INFO - Filling up the DagBag from /home/airflow/.local/lib/python3.8/site-packages/airflow/example_dags/example_complex.py
[2023-10-18T21:28:53.976+0000] {processor.py:839} INFO - DAG(s) dict_keys(['example_complex']) retrieved from /home/airflow/.local/lib/python3.8/site-packages/airflow/example_dags/example_complex.py
[2023-10-18T21:28:54.014+0000] {logging_mixin.py:151} INFO - [2023-10-18T21:28:54.014+0000] {dag.py:2941} INFO - Sync 1 DAGs
[2023-10-18T21:28:54.029+0000] {logging_mixin.py:151} INFO - [2023-10-18T21:28:54.029+0000] {dag.py:3722} INFO - Setting next_dagrun for example_complex to None, run_after=None
[2023-10-18T21:28:54.048+0000] {processor.py:179} INFO - Processing /home/airflow/.local/lib/python3.8/site-packages/airflow/example_dags/example_complex.py took 0.094 seconds
[2023-10-18T21:29:24.336+0000] {processor.py:157} INFO - Started process (PID=651) to work on /home/airflow/.local/lib/python3.8/site-packages/airflow/example_dags/example_complex.py
[2023-10-18T21:29:24.338+0000] {processor.py:829} INFO - Processing file /home/airflow/.local/lib/python3.8/site-packages/airflow/example_dags/example_complex.py for tasks to queue
[2023-10-18T21:29:24.341+0000] {logging_mixin.py:151} INFO - [2023-10-18T21:29:24.340+0000] {dagbag.py:536} INFO - Filling up the DagBag from /home/airflow/.local/lib/python3.8/site-packages/airflow/example_dags/example_complex.py
[2023-10-18T21:29:24.353+0000] {processor.py:839} INFO - DAG(s) dict_keys(['example_complex']) retrieved from /home/airflow/.local/lib/python3.8/site-packages/airflow/example_dags/example_complex.py
[2023-10-18T21:29:24.385+0000] {logging_mixin.py:151} INFO - [2023-10-18T21:29:24.385+0000] {dag.py:2941} INFO - Sync 1 DAGs
[2023-10-18T21:29:24.399+0000] {logging_mixin.py:151} INFO - [2023-10-18T21:29:24.399+0000] {dag.py:3722} INFO - Setting next_dagrun for example_complex to None, run_after=None
[2023-10-18T21:29:24.416+0000] {processor.py:179} INFO - Processing /home/airflow/.local/lib/python3.8/site-packages/airflow/example_dags/example_complex.py took 0.086 seconds
[2023-10-18T21:29:54.752+0000] {processor.py:157} INFO - Started process (PID=704) to work on /home/airflow/.local/lib/python3.8/site-packages/airflow/example_dags/example_complex.py
[2023-10-18T21:29:54.753+0000] {processor.py:829} INFO - Processing file /home/airflow/.local/lib/python3.8/site-packages/airflow/example_dags/example_complex.py for tasks to queue
[2023-10-18T21:29:54.756+0000] {logging_mixin.py:151} INFO - [2023-10-18T21:29:54.756+0000] {dagbag.py:536} INFO - Filling up the DagBag from /home/airflow/.local/lib/python3.8/site-packages/airflow/example_dags/example_complex.py
[2023-10-18T21:29:54.769+0000] {processor.py:839} INFO - DAG(s) dict_keys(['example_complex']) retrieved from /home/airflow/.local/lib/python3.8/site-packages/airflow/example_dags/example_complex.py
[2023-10-18T21:29:54.805+0000] {logging_mixin.py:151} INFO - [2023-10-18T21:29:54.805+0000] {dag.py:2941} INFO - Sync 1 DAGs
[2023-10-18T21:29:54.822+0000] {logging_mixin.py:151} INFO - [2023-10-18T21:29:54.822+0000] {dag.py:3722} INFO - Setting next_dagrun for example_complex to None, run_after=None
[2023-10-18T21:29:54.847+0000] {processor.py:179} INFO - Processing /home/airflow/.local/lib/python3.8/site-packages/airflow/example_dags/example_complex.py took 0.099 seconds
[2023-10-18T21:30:25.379+0000] {processor.py:157} INFO - Started process (PID=758) to work on /home/airflow/.local/lib/python3.8/site-packages/airflow/example_dags/example_complex.py
[2023-10-18T21:30:25.380+0000] {processor.py:829} INFO - Processing file /home/airflow/.local/lib/python3.8/site-packages/airflow/example_dags/example_complex.py for tasks to queue
[2023-10-18T21:30:25.383+0000] {logging_mixin.py:151} INFO - [2023-10-18T21:30:25.383+0000] {dagbag.py:536} INFO - Filling up the DagBag from /home/airflow/.local/lib/python3.8/site-packages/airflow/example_dags/example_complex.py
[2023-10-18T21:30:25.396+0000] {processor.py:839} INFO - DAG(s) dict_keys(['example_complex']) retrieved from /home/airflow/.local/lib/python3.8/site-packages/airflow/example_dags/example_complex.py
[2023-10-18T21:30:25.434+0000] {logging_mixin.py:151} INFO - [2023-10-18T21:30:25.434+0000] {dag.py:2941} INFO - Sync 1 DAGs
[2023-10-18T21:30:25.450+0000] {logging_mixin.py:151} INFO - [2023-10-18T21:30:25.449+0000] {dag.py:3722} INFO - Setting next_dagrun for example_complex to None, run_after=None
[2023-10-18T21:30:25.476+0000] {processor.py:179} INFO - Processing /home/airflow/.local/lib/python3.8/site-packages/airflow/example_dags/example_complex.py took 0.105 seconds
[2023-10-18T21:30:56.356+0000] {processor.py:157} INFO - Started process (PID=812) to work on /home/airflow/.local/lib/python3.8/site-packages/airflow/example_dags/example_complex.py
[2023-10-18T21:30:56.357+0000] {processor.py:829} INFO - Processing file /home/airflow/.local/lib/python3.8/site-packages/airflow/example_dags/example_complex.py for tasks to queue
[2023-10-18T21:30:56.360+0000] {logging_mixin.py:151} INFO - [2023-10-18T21:30:56.359+0000] {dagbag.py:536} INFO - Filling up the DagBag from /home/airflow/.local/lib/python3.8/site-packages/airflow/example_dags/example_complex.py
[2023-10-18T21:30:56.372+0000] {processor.py:839} INFO - DAG(s) dict_keys(['example_complex']) retrieved from /home/airflow/.local/lib/python3.8/site-packages/airflow/example_dags/example_complex.py
[2023-10-18T21:30:56.412+0000] {logging_mixin.py:151} INFO - [2023-10-18T21:30:56.412+0000] {dag.py:2941} INFO - Sync 1 DAGs
[2023-10-18T21:30:56.427+0000] {logging_mixin.py:151} INFO - [2023-10-18T21:30:56.427+0000] {dag.py:3722} INFO - Setting next_dagrun for example_complex to None, run_after=None
[2023-10-18T21:30:56.458+0000] {processor.py:179} INFO - Processing /home/airflow/.local/lib/python3.8/site-packages/airflow/example_dags/example_complex.py took 0.107 seconds
[2023-10-18T21:31:26.597+0000] {processor.py:157} INFO - Started process (PID=865) to work on /home/airflow/.local/lib/python3.8/site-packages/airflow/example_dags/example_complex.py
[2023-10-18T21:31:26.598+0000] {processor.py:829} INFO - Processing file /home/airflow/.local/lib/python3.8/site-packages/airflow/example_dags/example_complex.py for tasks to queue
[2023-10-18T21:31:26.601+0000] {logging_mixin.py:151} INFO - [2023-10-18T21:31:26.600+0000] {dagbag.py:536} INFO - Filling up the DagBag from /home/airflow/.local/lib/python3.8/site-packages/airflow/example_dags/example_complex.py
[2023-10-18T21:31:26.614+0000] {processor.py:839} INFO - DAG(s) dict_keys(['example_complex']) retrieved from /home/airflow/.local/lib/python3.8/site-packages/airflow/example_dags/example_complex.py
[2023-10-18T21:31:26.652+0000] {logging_mixin.py:151} INFO - [2023-10-18T21:31:26.652+0000] {dag.py:2941} INFO - Sync 1 DAGs
[2023-10-18T21:31:26.667+0000] {logging_mixin.py:151} INFO - [2023-10-18T21:31:26.667+0000] {dag.py:3722} INFO - Setting next_dagrun for example_complex to None, run_after=None
[2023-10-18T21:31:26.692+0000] {processor.py:179} INFO - Processing /home/airflow/.local/lib/python3.8/site-packages/airflow/example_dags/example_complex.py took 0.099 seconds
