[2023-10-18T21:06:47.878+0000] {processor.py:157} INFO - Started process (PID=65) to work on /home/airflow/.local/lib/python3.8/site-packages/airflow/example_dags/example_params_trigger_ui.py
[2023-10-18T21:06:47.880+0000] {processor.py:829} INFO - Processing file /home/airflow/.local/lib/python3.8/site-packages/airflow/example_dags/example_params_trigger_ui.py for tasks to queue
[2023-10-18T21:06:47.882+0000] {logging_mixin.py:151} INFO - [2023-10-18T21:06:47.882+0000] {dagbag.py:536} INFO - Filling up the DagBag from /home/airflow/.local/lib/python3.8/site-packages/airflow/example_dags/example_params_trigger_ui.py
[2023-10-18T21:06:47.904+0000] {processor.py:839} INFO - DAG(s) dict_keys(['example_params_trigger_ui']) retrieved from /home/airflow/.local/lib/python3.8/site-packages/airflow/example_dags/example_params_trigger_ui.py
[2023-10-18T21:06:47.916+0000] {logging_mixin.py:151} INFO - [2023-10-18T21:06:47.916+0000] {dag.py:2941} INFO - Sync 1 DAGs
[2023-10-18T21:06:47.932+0000] {logging_mixin.py:151} INFO - [2023-10-18T21:06:47.932+0000] {dag.py:3722} INFO - Setting next_dagrun for example_params_trigger_ui to None, run_after=None
[2023-10-18T21:06:47.949+0000] {processor.py:179} INFO - Processing /home/airflow/.local/lib/python3.8/site-packages/airflow/example_dags/example_params_trigger_ui.py took 0.075 seconds
[2023-10-18T21:07:18.538+0000] {processor.py:157} INFO - Started process (PID=118) to work on /home/airflow/.local/lib/python3.8/site-packages/airflow/example_dags/example_params_trigger_ui.py
[2023-10-18T21:07:18.540+0000] {processor.py:829} INFO - Processing file /home/airflow/.local/lib/python3.8/site-packages/airflow/example_dags/example_params_trigger_ui.py for tasks to queue
[2023-10-18T21:07:18.543+0000] {logging_mixin.py:151} INFO - [2023-10-18T21:07:18.542+0000] {dagbag.py:536} INFO - Filling up the DagBag from /home/airflow/.local/lib/python3.8/site-packages/airflow/example_dags/example_params_trigger_ui.py
[2023-10-18T21:07:18.562+0000] {processor.py:839} INFO - DAG(s) dict_keys(['example_params_trigger_ui']) retrieved from /home/airflow/.local/lib/python3.8/site-packages/airflow/example_dags/example_params_trigger_ui.py
[2023-10-18T21:07:18.624+0000] {logging_mixin.py:151} INFO - [2023-10-18T21:07:18.624+0000] {dag.py:2941} INFO - Sync 1 DAGs
[2023-10-18T21:07:18.639+0000] {logging_mixin.py:151} INFO - [2023-10-18T21:07:18.639+0000] {dag.py:3722} INFO - Setting next_dagrun for example_params_trigger_ui to None, run_after=None
[2023-10-18T21:07:18.659+0000] {processor.py:179} INFO - Processing /home/airflow/.local/lib/python3.8/site-packages/airflow/example_dags/example_params_trigger_ui.py took 0.128 seconds
[2023-10-18T21:07:48.764+0000] {processor.py:157} INFO - Started process (PID=171) to work on /home/airflow/.local/lib/python3.8/site-packages/airflow/example_dags/example_params_trigger_ui.py
[2023-10-18T21:07:48.765+0000] {processor.py:829} INFO - Processing file /home/airflow/.local/lib/python3.8/site-packages/airflow/example_dags/example_params_trigger_ui.py for tasks to queue
[2023-10-18T21:07:48.768+0000] {logging_mixin.py:151} INFO - [2023-10-18T21:07:48.767+0000] {dagbag.py:536} INFO - Filling up the DagBag from /home/airflow/.local/lib/python3.8/site-packages/airflow/example_dags/example_params_trigger_ui.py
[2023-10-18T21:07:48.788+0000] {processor.py:839} INFO - DAG(s) dict_keys(['example_params_trigger_ui']) retrieved from /home/airflow/.local/lib/python3.8/site-packages/airflow/example_dags/example_params_trigger_ui.py
[2023-10-18T21:07:48.851+0000] {logging_mixin.py:151} INFO - [2023-10-18T21:07:48.851+0000] {dag.py:2941} INFO - Sync 1 DAGs
[2023-10-18T21:07:48.866+0000] {logging_mixin.py:151} INFO - [2023-10-18T21:07:48.866+0000] {dag.py:3722} INFO - Setting next_dagrun for example_params_trigger_ui to None, run_after=None
[2023-10-18T21:07:48.886+0000] {processor.py:179} INFO - Processing /home/airflow/.local/lib/python3.8/site-packages/airflow/example_dags/example_params_trigger_ui.py took 0.125 seconds
[2023-10-18T21:08:19.190+0000] {processor.py:157} INFO - Started process (PID=224) to work on /home/airflow/.local/lib/python3.8/site-packages/airflow/example_dags/example_params_trigger_ui.py
[2023-10-18T21:08:19.191+0000] {processor.py:829} INFO - Processing file /home/airflow/.local/lib/python3.8/site-packages/airflow/example_dags/example_params_trigger_ui.py for tasks to queue
[2023-10-18T21:08:19.194+0000] {logging_mixin.py:151} INFO - [2023-10-18T21:08:19.194+0000] {dagbag.py:536} INFO - Filling up the DagBag from /home/airflow/.local/lib/python3.8/site-packages/airflow/example_dags/example_params_trigger_ui.py
[2023-10-18T21:08:19.215+0000] {processor.py:839} INFO - DAG(s) dict_keys(['example_params_trigger_ui']) retrieved from /home/airflow/.local/lib/python3.8/site-packages/airflow/example_dags/example_params_trigger_ui.py
[2023-10-18T21:08:19.275+0000] {logging_mixin.py:151} INFO - [2023-10-18T21:08:19.275+0000] {dag.py:2941} INFO - Sync 1 DAGs
[2023-10-18T21:08:19.290+0000] {logging_mixin.py:151} INFO - [2023-10-18T21:08:19.290+0000] {dag.py:3722} INFO - Setting next_dagrun for example_params_trigger_ui to None, run_after=None
[2023-10-18T21:08:19.311+0000] {processor.py:179} INFO - Processing /home/airflow/.local/lib/python3.8/site-packages/airflow/example_dags/example_params_trigger_ui.py took 0.129 seconds
[2023-10-18T21:08:49.798+0000] {processor.py:157} INFO - Started process (PID=278) to work on /home/airflow/.local/lib/python3.8/site-packages/airflow/example_dags/example_params_trigger_ui.py
[2023-10-18T21:08:49.800+0000] {processor.py:829} INFO - Processing file /home/airflow/.local/lib/python3.8/site-packages/airflow/example_dags/example_params_trigger_ui.py for tasks to queue
[2023-10-18T21:08:49.804+0000] {logging_mixin.py:151} INFO - [2023-10-18T21:08:49.804+0000] {dagbag.py:536} INFO - Filling up the DagBag from /home/airflow/.local/lib/python3.8/site-packages/airflow/example_dags/example_params_trigger_ui.py
[2023-10-18T21:08:49.831+0000] {processor.py:839} INFO - DAG(s) dict_keys(['example_params_trigger_ui']) retrieved from /home/airflow/.local/lib/python3.8/site-packages/airflow/example_dags/example_params_trigger_ui.py
[2023-10-18T21:08:49.895+0000] {logging_mixin.py:151} INFO - [2023-10-18T21:08:49.895+0000] {dag.py:2941} INFO - Sync 1 DAGs
[2023-10-18T21:08:49.910+0000] {logging_mixin.py:151} INFO - [2023-10-18T21:08:49.910+0000] {dag.py:3722} INFO - Setting next_dagrun for example_params_trigger_ui to None, run_after=None
[2023-10-18T21:08:49.928+0000] {processor.py:179} INFO - Processing /home/airflow/.local/lib/python3.8/site-packages/airflow/example_dags/example_params_trigger_ui.py took 0.135 seconds
[2023-10-18T21:09:20.603+0000] {processor.py:157} INFO - Started process (PID=331) to work on /home/airflow/.local/lib/python3.8/site-packages/airflow/example_dags/example_params_trigger_ui.py
[2023-10-18T21:09:20.604+0000] {processor.py:829} INFO - Processing file /home/airflow/.local/lib/python3.8/site-packages/airflow/example_dags/example_params_trigger_ui.py for tasks to queue
[2023-10-18T21:09:20.607+0000] {logging_mixin.py:151} INFO - [2023-10-18T21:09:20.606+0000] {dagbag.py:536} INFO - Filling up the DagBag from /home/airflow/.local/lib/python3.8/site-packages/airflow/example_dags/example_params_trigger_ui.py
[2023-10-18T21:09:20.627+0000] {processor.py:839} INFO - DAG(s) dict_keys(['example_params_trigger_ui']) retrieved from /home/airflow/.local/lib/python3.8/site-packages/airflow/example_dags/example_params_trigger_ui.py
[2023-10-18T21:09:20.704+0000] {logging_mixin.py:151} INFO - [2023-10-18T21:09:20.704+0000] {dag.py:2941} INFO - Sync 1 DAGs
[2023-10-18T21:09:20.727+0000] {logging_mixin.py:151} INFO - [2023-10-18T21:09:20.727+0000] {dag.py:3722} INFO - Setting next_dagrun for example_params_trigger_ui to None, run_after=None
[2023-10-18T21:09:20.755+0000] {processor.py:179} INFO - Processing /home/airflow/.local/lib/python3.8/site-packages/airflow/example_dags/example_params_trigger_ui.py took 0.157 seconds
[2023-10-18T21:09:50.893+0000] {processor.py:157} INFO - Started process (PID=384) to work on /home/airflow/.local/lib/python3.8/site-packages/airflow/example_dags/example_params_trigger_ui.py
[2023-10-18T21:09:50.895+0000] {processor.py:829} INFO - Processing file /home/airflow/.local/lib/python3.8/site-packages/airflow/example_dags/example_params_trigger_ui.py for tasks to queue
[2023-10-18T21:09:50.897+0000] {logging_mixin.py:151} INFO - [2023-10-18T21:09:50.897+0000] {dagbag.py:536} INFO - Filling up the DagBag from /home/airflow/.local/lib/python3.8/site-packages/airflow/example_dags/example_params_trigger_ui.py
[2023-10-18T21:09:50.918+0000] {processor.py:839} INFO - DAG(s) dict_keys(['example_params_trigger_ui']) retrieved from /home/airflow/.local/lib/python3.8/site-packages/airflow/example_dags/example_params_trigger_ui.py
[2023-10-18T21:09:50.980+0000] {logging_mixin.py:151} INFO - [2023-10-18T21:09:50.980+0000] {dag.py:2941} INFO - Sync 1 DAGs
[2023-10-18T21:09:50.996+0000] {logging_mixin.py:151} INFO - [2023-10-18T21:09:50.996+0000] {dag.py:3722} INFO - Setting next_dagrun for example_params_trigger_ui to None, run_after=None
[2023-10-18T21:09:51.016+0000] {processor.py:179} INFO - Processing /home/airflow/.local/lib/python3.8/site-packages/airflow/example_dags/example_params_trigger_ui.py took 0.128 seconds
[2023-10-18T21:10:21.122+0000] {processor.py:157} INFO - Started process (PID=437) to work on /home/airflow/.local/lib/python3.8/site-packages/airflow/example_dags/example_params_trigger_ui.py
[2023-10-18T21:10:21.124+0000] {processor.py:829} INFO - Processing file /home/airflow/.local/lib/python3.8/site-packages/airflow/example_dags/example_params_trigger_ui.py for tasks to queue
[2023-10-18T21:10:21.127+0000] {logging_mixin.py:151} INFO - [2023-10-18T21:10:21.127+0000] {dagbag.py:536} INFO - Filling up the DagBag from /home/airflow/.local/lib/python3.8/site-packages/airflow/example_dags/example_params_trigger_ui.py
[2023-10-18T21:10:21.148+0000] {processor.py:839} INFO - DAG(s) dict_keys(['example_params_trigger_ui']) retrieved from /home/airflow/.local/lib/python3.8/site-packages/airflow/example_dags/example_params_trigger_ui.py
[2023-10-18T21:10:21.209+0000] {logging_mixin.py:151} INFO - [2023-10-18T21:10:21.209+0000] {dag.py:2941} INFO - Sync 1 DAGs
[2023-10-18T21:10:21.227+0000] {logging_mixin.py:151} INFO - [2023-10-18T21:10:21.227+0000] {dag.py:3722} INFO - Setting next_dagrun for example_params_trigger_ui to None, run_after=None
[2023-10-18T21:10:21.247+0000] {processor.py:179} INFO - Processing /home/airflow/.local/lib/python3.8/site-packages/airflow/example_dags/example_params_trigger_ui.py took 0.132 seconds
[2023-10-18T21:10:52.205+0000] {processor.py:157} INFO - Started process (PID=490) to work on /home/airflow/.local/lib/python3.8/site-packages/airflow/example_dags/example_params_trigger_ui.py
[2023-10-18T21:10:52.206+0000] {processor.py:829} INFO - Processing file /home/airflow/.local/lib/python3.8/site-packages/airflow/example_dags/example_params_trigger_ui.py for tasks to queue
[2023-10-18T21:10:52.209+0000] {logging_mixin.py:151} INFO - [2023-10-18T21:10:52.209+0000] {dagbag.py:536} INFO - Filling up the DagBag from /home/airflow/.local/lib/python3.8/site-packages/airflow/example_dags/example_params_trigger_ui.py
[2023-10-18T21:10:52.232+0000] {processor.py:839} INFO - DAG(s) dict_keys(['example_params_trigger_ui']) retrieved from /home/airflow/.local/lib/python3.8/site-packages/airflow/example_dags/example_params_trigger_ui.py
[2023-10-18T21:10:52.293+0000] {logging_mixin.py:151} INFO - [2023-10-18T21:10:52.292+0000] {dag.py:2941} INFO - Sync 1 DAGs
[2023-10-18T21:10:52.308+0000] {logging_mixin.py:151} INFO - [2023-10-18T21:10:52.308+0000] {dag.py:3722} INFO - Setting next_dagrun for example_params_trigger_ui to None, run_after=None
[2023-10-18T21:10:52.330+0000] {processor.py:179} INFO - Processing /home/airflow/.local/lib/python3.8/site-packages/airflow/example_dags/example_params_trigger_ui.py took 0.130 seconds
[2023-10-18T21:11:22.490+0000] {processor.py:157} INFO - Started process (PID=542) to work on /home/airflow/.local/lib/python3.8/site-packages/airflow/example_dags/example_params_trigger_ui.py
[2023-10-18T21:11:22.491+0000] {processor.py:829} INFO - Processing file /home/airflow/.local/lib/python3.8/site-packages/airflow/example_dags/example_params_trigger_ui.py for tasks to queue
[2023-10-18T21:11:22.494+0000] {logging_mixin.py:151} INFO - [2023-10-18T21:11:22.493+0000] {dagbag.py:536} INFO - Filling up the DagBag from /home/airflow/.local/lib/python3.8/site-packages/airflow/example_dags/example_params_trigger_ui.py
[2023-10-18T21:11:22.514+0000] {processor.py:839} INFO - DAG(s) dict_keys(['example_params_trigger_ui']) retrieved from /home/airflow/.local/lib/python3.8/site-packages/airflow/example_dags/example_params_trigger_ui.py
[2023-10-18T21:11:22.570+0000] {logging_mixin.py:151} INFO - [2023-10-18T21:11:22.570+0000] {dag.py:2941} INFO - Sync 1 DAGs
[2023-10-18T21:11:22.587+0000] {logging_mixin.py:151} INFO - [2023-10-18T21:11:22.587+0000] {dag.py:3722} INFO - Setting next_dagrun for example_params_trigger_ui to None, run_after=None
[2023-10-18T21:11:22.608+0000] {processor.py:179} INFO - Processing /home/airflow/.local/lib/python3.8/site-packages/airflow/example_dags/example_params_trigger_ui.py took 0.122 seconds
[2023-10-18T21:11:52.942+0000] {processor.py:157} INFO - Started process (PID=595) to work on /home/airflow/.local/lib/python3.8/site-packages/airflow/example_dags/example_params_trigger_ui.py
[2023-10-18T21:11:52.944+0000] {processor.py:829} INFO - Processing file /home/airflow/.local/lib/python3.8/site-packages/airflow/example_dags/example_params_trigger_ui.py for tasks to queue
[2023-10-18T21:11:52.947+0000] {logging_mixin.py:151} INFO - [2023-10-18T21:11:52.946+0000] {dagbag.py:536} INFO - Filling up the DagBag from /home/airflow/.local/lib/python3.8/site-packages/airflow/example_dags/example_params_trigger_ui.py
[2023-10-18T21:11:52.968+0000] {processor.py:839} INFO - DAG(s) dict_keys(['example_params_trigger_ui']) retrieved from /home/airflow/.local/lib/python3.8/site-packages/airflow/example_dags/example_params_trigger_ui.py
[2023-10-18T21:11:53.026+0000] {logging_mixin.py:151} INFO - [2023-10-18T21:11:53.025+0000] {dag.py:2941} INFO - Sync 1 DAGs
[2023-10-18T21:11:53.042+0000] {logging_mixin.py:151} INFO - [2023-10-18T21:11:53.041+0000] {dag.py:3722} INFO - Setting next_dagrun for example_params_trigger_ui to None, run_after=None
[2023-10-18T21:11:53.063+0000] {processor.py:179} INFO - Processing /home/airflow/.local/lib/python3.8/site-packages/airflow/example_dags/example_params_trigger_ui.py took 0.125 seconds
[2023-10-18T21:12:23.110+0000] {processor.py:157} INFO - Started process (PID=649) to work on /home/airflow/.local/lib/python3.8/site-packages/airflow/example_dags/example_params_trigger_ui.py
[2023-10-18T21:12:23.111+0000] {processor.py:829} INFO - Processing file /home/airflow/.local/lib/python3.8/site-packages/airflow/example_dags/example_params_trigger_ui.py for tasks to queue
[2023-10-18T21:12:23.115+0000] {logging_mixin.py:151} INFO - [2023-10-18T21:12:23.114+0000] {dagbag.py:536} INFO - Filling up the DagBag from /home/airflow/.local/lib/python3.8/site-packages/airflow/example_dags/example_params_trigger_ui.py
[2023-10-18T21:12:23.136+0000] {processor.py:839} INFO - DAG(s) dict_keys(['example_params_trigger_ui']) retrieved from /home/airflow/.local/lib/python3.8/site-packages/airflow/example_dags/example_params_trigger_ui.py
[2023-10-18T21:12:23.196+0000] {logging_mixin.py:151} INFO - [2023-10-18T21:12:23.196+0000] {dag.py:2941} INFO - Sync 1 DAGs
[2023-10-18T21:12:23.213+0000] {logging_mixin.py:151} INFO - [2023-10-18T21:12:23.212+0000] {dag.py:3722} INFO - Setting next_dagrun for example_params_trigger_ui to None, run_after=None
[2023-10-18T21:12:23.232+0000] {processor.py:179} INFO - Processing /home/airflow/.local/lib/python3.8/site-packages/airflow/example_dags/example_params_trigger_ui.py took 0.130 seconds
[2023-10-18T21:12:53.718+0000] {processor.py:157} INFO - Started process (PID=702) to work on /home/airflow/.local/lib/python3.8/site-packages/airflow/example_dags/example_params_trigger_ui.py
[2023-10-18T21:12:53.719+0000] {processor.py:829} INFO - Processing file /home/airflow/.local/lib/python3.8/site-packages/airflow/example_dags/example_params_trigger_ui.py for tasks to queue
[2023-10-18T21:12:53.722+0000] {logging_mixin.py:151} INFO - [2023-10-18T21:12:53.722+0000] {dagbag.py:536} INFO - Filling up the DagBag from /home/airflow/.local/lib/python3.8/site-packages/airflow/example_dags/example_params_trigger_ui.py
[2023-10-18T21:12:53.743+0000] {processor.py:839} INFO - DAG(s) dict_keys(['example_params_trigger_ui']) retrieved from /home/airflow/.local/lib/python3.8/site-packages/airflow/example_dags/example_params_trigger_ui.py
[2023-10-18T21:12:53.803+0000] {logging_mixin.py:151} INFO - [2023-10-18T21:12:53.802+0000] {dag.py:2941} INFO - Sync 1 DAGs
[2023-10-18T21:12:53.819+0000] {logging_mixin.py:151} INFO - [2023-10-18T21:12:53.818+0000] {dag.py:3722} INFO - Setting next_dagrun for example_params_trigger_ui to None, run_after=None
[2023-10-18T21:12:53.838+0000] {processor.py:179} INFO - Processing /home/airflow/.local/lib/python3.8/site-packages/airflow/example_dags/example_params_trigger_ui.py took 0.126 seconds
[2023-10-18T21:15:10.360+0000] {processor.py:157} INFO - Started process (PID=64) to work on /home/airflow/.local/lib/python3.8/site-packages/airflow/example_dags/example_params_trigger_ui.py
[2023-10-18T21:15:10.362+0000] {processor.py:829} INFO - Processing file /home/airflow/.local/lib/python3.8/site-packages/airflow/example_dags/example_params_trigger_ui.py for tasks to queue
[2023-10-18T21:15:10.364+0000] {logging_mixin.py:151} INFO - [2023-10-18T21:15:10.364+0000] {dagbag.py:536} INFO - Filling up the DagBag from /home/airflow/.local/lib/python3.8/site-packages/airflow/example_dags/example_params_trigger_ui.py
[2023-10-18T21:15:10.390+0000] {processor.py:839} INFO - DAG(s) dict_keys(['example_params_trigger_ui']) retrieved from /home/airflow/.local/lib/python3.8/site-packages/airflow/example_dags/example_params_trigger_ui.py
[2023-10-18T21:15:10.467+0000] {logging_mixin.py:151} INFO - [2023-10-18T21:15:10.467+0000] {dag.py:2941} INFO - Sync 1 DAGs
[2023-10-18T21:15:10.503+0000] {logging_mixin.py:151} INFO - [2023-10-18T21:15:10.503+0000] {dag.py:3722} INFO - Setting next_dagrun for example_params_trigger_ui to None, run_after=None
[2023-10-18T21:15:10.529+0000] {processor.py:179} INFO - Processing /home/airflow/.local/lib/python3.8/site-packages/airflow/example_dags/example_params_trigger_ui.py took 0.173 seconds
[2023-10-18T21:15:40.627+0000] {processor.py:157} INFO - Started process (PID=116) to work on /home/airflow/.local/lib/python3.8/site-packages/airflow/example_dags/example_params_trigger_ui.py
[2023-10-18T21:15:40.628+0000] {processor.py:829} INFO - Processing file /home/airflow/.local/lib/python3.8/site-packages/airflow/example_dags/example_params_trigger_ui.py for tasks to queue
[2023-10-18T21:15:40.631+0000] {logging_mixin.py:151} INFO - [2023-10-18T21:15:40.630+0000] {dagbag.py:536} INFO - Filling up the DagBag from /home/airflow/.local/lib/python3.8/site-packages/airflow/example_dags/example_params_trigger_ui.py
[2023-10-18T21:15:40.650+0000] {processor.py:839} INFO - DAG(s) dict_keys(['example_params_trigger_ui']) retrieved from /home/airflow/.local/lib/python3.8/site-packages/airflow/example_dags/example_params_trigger_ui.py
[2023-10-18T21:15:40.712+0000] {logging_mixin.py:151} INFO - [2023-10-18T21:15:40.712+0000] {dag.py:2941} INFO - Sync 1 DAGs
[2023-10-18T21:15:40.728+0000] {logging_mixin.py:151} INFO - [2023-10-18T21:15:40.728+0000] {dag.py:3722} INFO - Setting next_dagrun for example_params_trigger_ui to None, run_after=None
[2023-10-18T21:15:40.748+0000] {processor.py:179} INFO - Processing /home/airflow/.local/lib/python3.8/site-packages/airflow/example_dags/example_params_trigger_ui.py took 0.126 seconds
[2023-10-18T21:16:11.105+0000] {processor.py:157} INFO - Started process (PID=170) to work on /home/airflow/.local/lib/python3.8/site-packages/airflow/example_dags/example_params_trigger_ui.py
[2023-10-18T21:16:11.107+0000] {processor.py:829} INFO - Processing file /home/airflow/.local/lib/python3.8/site-packages/airflow/example_dags/example_params_trigger_ui.py for tasks to queue
[2023-10-18T21:16:11.110+0000] {logging_mixin.py:151} INFO - [2023-10-18T21:16:11.109+0000] {dagbag.py:536} INFO - Filling up the DagBag from /home/airflow/.local/lib/python3.8/site-packages/airflow/example_dags/example_params_trigger_ui.py
[2023-10-18T21:16:11.130+0000] {processor.py:839} INFO - DAG(s) dict_keys(['example_params_trigger_ui']) retrieved from /home/airflow/.local/lib/python3.8/site-packages/airflow/example_dags/example_params_trigger_ui.py
[2023-10-18T21:16:11.187+0000] {logging_mixin.py:151} INFO - [2023-10-18T21:16:11.187+0000] {dag.py:2941} INFO - Sync 1 DAGs
[2023-10-18T21:16:11.203+0000] {logging_mixin.py:151} INFO - [2023-10-18T21:16:11.203+0000] {dag.py:3722} INFO - Setting next_dagrun for example_params_trigger_ui to None, run_after=None
[2023-10-18T21:16:11.238+0000] {processor.py:179} INFO - Processing /home/airflow/.local/lib/python3.8/site-packages/airflow/example_dags/example_params_trigger_ui.py took 0.139 seconds
[2023-10-18T21:16:41.360+0000] {processor.py:157} INFO - Started process (PID=224) to work on /home/airflow/.local/lib/python3.8/site-packages/airflow/example_dags/example_params_trigger_ui.py
[2023-10-18T21:16:41.361+0000] {processor.py:829} INFO - Processing file /home/airflow/.local/lib/python3.8/site-packages/airflow/example_dags/example_params_trigger_ui.py for tasks to queue
[2023-10-18T21:16:41.364+0000] {logging_mixin.py:151} INFO - [2023-10-18T21:16:41.364+0000] {dagbag.py:536} INFO - Filling up the DagBag from /home/airflow/.local/lib/python3.8/site-packages/airflow/example_dags/example_params_trigger_ui.py
[2023-10-18T21:16:41.384+0000] {processor.py:839} INFO - DAG(s) dict_keys(['example_params_trigger_ui']) retrieved from /home/airflow/.local/lib/python3.8/site-packages/airflow/example_dags/example_params_trigger_ui.py
[2023-10-18T21:16:41.452+0000] {logging_mixin.py:151} INFO - [2023-10-18T21:16:41.451+0000] {dag.py:2941} INFO - Sync 1 DAGs
[2023-10-18T21:16:41.470+0000] {logging_mixin.py:151} INFO - [2023-10-18T21:16:41.470+0000] {dag.py:3722} INFO - Setting next_dagrun for example_params_trigger_ui to None, run_after=None
[2023-10-18T21:16:41.487+0000] {processor.py:179} INFO - Processing /home/airflow/.local/lib/python3.8/site-packages/airflow/example_dags/example_params_trigger_ui.py took 0.133 seconds
[2023-10-18T21:17:11.686+0000] {processor.py:157} INFO - Started process (PID=278) to work on /home/airflow/.local/lib/python3.8/site-packages/airflow/example_dags/example_params_trigger_ui.py
[2023-10-18T21:17:11.687+0000] {processor.py:829} INFO - Processing file /home/airflow/.local/lib/python3.8/site-packages/airflow/example_dags/example_params_trigger_ui.py for tasks to queue
[2023-10-18T21:17:11.690+0000] {logging_mixin.py:151} INFO - [2023-10-18T21:17:11.690+0000] {dagbag.py:536} INFO - Filling up the DagBag from /home/airflow/.local/lib/python3.8/site-packages/airflow/example_dags/example_params_trigger_ui.py
[2023-10-18T21:17:11.713+0000] {processor.py:839} INFO - DAG(s) dict_keys(['example_params_trigger_ui']) retrieved from /home/airflow/.local/lib/python3.8/site-packages/airflow/example_dags/example_params_trigger_ui.py
[2023-10-18T21:17:11.773+0000] {logging_mixin.py:151} INFO - [2023-10-18T21:17:11.773+0000] {dag.py:2941} INFO - Sync 1 DAGs
[2023-10-18T21:17:11.787+0000] {logging_mixin.py:151} INFO - [2023-10-18T21:17:11.787+0000] {dag.py:3722} INFO - Setting next_dagrun for example_params_trigger_ui to None, run_after=None
[2023-10-18T21:17:11.805+0000] {processor.py:179} INFO - Processing /home/airflow/.local/lib/python3.8/site-packages/airflow/example_dags/example_params_trigger_ui.py took 0.125 seconds
[2023-10-18T21:17:42.665+0000] {processor.py:157} INFO - Started process (PID=330) to work on /home/airflow/.local/lib/python3.8/site-packages/airflow/example_dags/example_params_trigger_ui.py
[2023-10-18T21:17:42.667+0000] {processor.py:829} INFO - Processing file /home/airflow/.local/lib/python3.8/site-packages/airflow/example_dags/example_params_trigger_ui.py for tasks to queue
[2023-10-18T21:17:42.670+0000] {logging_mixin.py:151} INFO - [2023-10-18T21:17:42.669+0000] {dagbag.py:536} INFO - Filling up the DagBag from /home/airflow/.local/lib/python3.8/site-packages/airflow/example_dags/example_params_trigger_ui.py
[2023-10-18T21:17:42.692+0000] {processor.py:839} INFO - DAG(s) dict_keys(['example_params_trigger_ui']) retrieved from /home/airflow/.local/lib/python3.8/site-packages/airflow/example_dags/example_params_trigger_ui.py
[2023-10-18T21:17:42.711+0000] {logging_mixin.py:151} INFO - [2023-10-18T21:17:42.711+0000] {dag.py:2941} INFO - Sync 1 DAGs
[2023-10-18T21:17:42.729+0000] {logging_mixin.py:151} INFO - [2023-10-18T21:17:42.729+0000] {dag.py:3722} INFO - Setting next_dagrun for example_params_trigger_ui to None, run_after=None
[2023-10-18T21:17:42.755+0000] {processor.py:179} INFO - Processing /home/airflow/.local/lib/python3.8/site-packages/airflow/example_dags/example_params_trigger_ui.py took 0.097 seconds
[2023-10-18T21:18:13.498+0000] {processor.py:157} INFO - Started process (PID=383) to work on /home/airflow/.local/lib/python3.8/site-packages/airflow/example_dags/example_params_trigger_ui.py
[2023-10-18T21:18:13.500+0000] {processor.py:829} INFO - Processing file /home/airflow/.local/lib/python3.8/site-packages/airflow/example_dags/example_params_trigger_ui.py for tasks to queue
[2023-10-18T21:18:13.503+0000] {logging_mixin.py:151} INFO - [2023-10-18T21:18:13.502+0000] {dagbag.py:536} INFO - Filling up the DagBag from /home/airflow/.local/lib/python3.8/site-packages/airflow/example_dags/example_params_trigger_ui.py
[2023-10-18T21:18:13.523+0000] {processor.py:839} INFO - DAG(s) dict_keys(['example_params_trigger_ui']) retrieved from /home/airflow/.local/lib/python3.8/site-packages/airflow/example_dags/example_params_trigger_ui.py
[2023-10-18T21:18:13.584+0000] {logging_mixin.py:151} INFO - [2023-10-18T21:18:13.584+0000] {dag.py:2941} INFO - Sync 1 DAGs
[2023-10-18T21:18:13.600+0000] {logging_mixin.py:151} INFO - [2023-10-18T21:18:13.599+0000] {dag.py:3722} INFO - Setting next_dagrun for example_params_trigger_ui to None, run_after=None
[2023-10-18T21:18:13.620+0000] {processor.py:179} INFO - Processing /home/airflow/.local/lib/python3.8/site-packages/airflow/example_dags/example_params_trigger_ui.py took 0.128 seconds
[2023-10-18T21:18:43.714+0000] {processor.py:157} INFO - Started process (PID=436) to work on /home/airflow/.local/lib/python3.8/site-packages/airflow/example_dags/example_params_trigger_ui.py
[2023-10-18T21:18:43.716+0000] {processor.py:829} INFO - Processing file /home/airflow/.local/lib/python3.8/site-packages/airflow/example_dags/example_params_trigger_ui.py for tasks to queue
[2023-10-18T21:18:43.718+0000] {logging_mixin.py:151} INFO - [2023-10-18T21:18:43.718+0000] {dagbag.py:536} INFO - Filling up the DagBag from /home/airflow/.local/lib/python3.8/site-packages/airflow/example_dags/example_params_trigger_ui.py
[2023-10-18T21:18:43.738+0000] {processor.py:839} INFO - DAG(s) dict_keys(['example_params_trigger_ui']) retrieved from /home/airflow/.local/lib/python3.8/site-packages/airflow/example_dags/example_params_trigger_ui.py
[2023-10-18T21:18:43.803+0000] {logging_mixin.py:151} INFO - [2023-10-18T21:18:43.803+0000] {dag.py:2941} INFO - Sync 1 DAGs
[2023-10-18T21:18:43.818+0000] {logging_mixin.py:151} INFO - [2023-10-18T21:18:43.817+0000] {dag.py:3722} INFO - Setting next_dagrun for example_params_trigger_ui to None, run_after=None
[2023-10-18T21:18:43.838+0000] {processor.py:179} INFO - Processing /home/airflow/.local/lib/python3.8/site-packages/airflow/example_dags/example_params_trigger_ui.py took 0.128 seconds
[2023-10-18T21:19:14.104+0000] {processor.py:157} INFO - Started process (PID=489) to work on /home/airflow/.local/lib/python3.8/site-packages/airflow/example_dags/example_params_trigger_ui.py
[2023-10-18T21:19:14.105+0000] {processor.py:829} INFO - Processing file /home/airflow/.local/lib/python3.8/site-packages/airflow/example_dags/example_params_trigger_ui.py for tasks to queue
[2023-10-18T21:19:14.107+0000] {logging_mixin.py:151} INFO - [2023-10-18T21:19:14.107+0000] {dagbag.py:536} INFO - Filling up the DagBag from /home/airflow/.local/lib/python3.8/site-packages/airflow/example_dags/example_params_trigger_ui.py
[2023-10-18T21:19:14.128+0000] {processor.py:839} INFO - DAG(s) dict_keys(['example_params_trigger_ui']) retrieved from /home/airflow/.local/lib/python3.8/site-packages/airflow/example_dags/example_params_trigger_ui.py
[2023-10-18T21:19:14.204+0000] {logging_mixin.py:151} INFO - [2023-10-18T21:19:14.204+0000] {dag.py:2941} INFO - Sync 1 DAGs
[2023-10-18T21:19:14.222+0000] {logging_mixin.py:151} INFO - [2023-10-18T21:19:14.222+0000] {dag.py:3722} INFO - Setting next_dagrun for example_params_trigger_ui to None, run_after=None
[2023-10-18T21:19:14.241+0000] {processor.py:179} INFO - Processing /home/airflow/.local/lib/python3.8/site-packages/airflow/example_dags/example_params_trigger_ui.py took 0.145 seconds
[2023-10-18T21:19:44.304+0000] {processor.py:157} INFO - Started process (PID=542) to work on /home/airflow/.local/lib/python3.8/site-packages/airflow/example_dags/example_params_trigger_ui.py
[2023-10-18T21:19:44.305+0000] {processor.py:829} INFO - Processing file /home/airflow/.local/lib/python3.8/site-packages/airflow/example_dags/example_params_trigger_ui.py for tasks to queue
[2023-10-18T21:19:44.308+0000] {logging_mixin.py:151} INFO - [2023-10-18T21:19:44.307+0000] {dagbag.py:536} INFO - Filling up the DagBag from /home/airflow/.local/lib/python3.8/site-packages/airflow/example_dags/example_params_trigger_ui.py
[2023-10-18T21:19:44.328+0000] {processor.py:839} INFO - DAG(s) dict_keys(['example_params_trigger_ui']) retrieved from /home/airflow/.local/lib/python3.8/site-packages/airflow/example_dags/example_params_trigger_ui.py
[2023-10-18T21:19:44.394+0000] {logging_mixin.py:151} INFO - [2023-10-18T21:19:44.393+0000] {dag.py:2941} INFO - Sync 1 DAGs
[2023-10-18T21:19:44.409+0000] {logging_mixin.py:151} INFO - [2023-10-18T21:19:44.409+0000] {dag.py:3722} INFO - Setting next_dagrun for example_params_trigger_ui to None, run_after=None
[2023-10-18T21:19:44.428+0000] {processor.py:179} INFO - Processing /home/airflow/.local/lib/python3.8/site-packages/airflow/example_dags/example_params_trigger_ui.py took 0.128 seconds
[2023-10-18T21:20:14.715+0000] {processor.py:157} INFO - Started process (PID=595) to work on /home/airflow/.local/lib/python3.8/site-packages/airflow/example_dags/example_params_trigger_ui.py
[2023-10-18T21:20:14.716+0000] {processor.py:829} INFO - Processing file /home/airflow/.local/lib/python3.8/site-packages/airflow/example_dags/example_params_trigger_ui.py for tasks to queue
[2023-10-18T21:20:14.719+0000] {logging_mixin.py:151} INFO - [2023-10-18T21:20:14.718+0000] {dagbag.py:536} INFO - Filling up the DagBag from /home/airflow/.local/lib/python3.8/site-packages/airflow/example_dags/example_params_trigger_ui.py
[2023-10-18T21:20:14.740+0000] {processor.py:839} INFO - DAG(s) dict_keys(['example_params_trigger_ui']) retrieved from /home/airflow/.local/lib/python3.8/site-packages/airflow/example_dags/example_params_trigger_ui.py
[2023-10-18T21:20:14.804+0000] {logging_mixin.py:151} INFO - [2023-10-18T21:20:14.803+0000] {dag.py:2941} INFO - Sync 1 DAGs
[2023-10-18T21:20:14.821+0000] {logging_mixin.py:151} INFO - [2023-10-18T21:20:14.821+0000] {dag.py:3722} INFO - Setting next_dagrun for example_params_trigger_ui to None, run_after=None
[2023-10-18T21:20:14.843+0000] {processor.py:179} INFO - Processing /home/airflow/.local/lib/python3.8/site-packages/airflow/example_dags/example_params_trigger_ui.py took 0.133 seconds
[2023-10-18T21:20:45.107+0000] {processor.py:157} INFO - Started process (PID=648) to work on /home/airflow/.local/lib/python3.8/site-packages/airflow/example_dags/example_params_trigger_ui.py
[2023-10-18T21:20:45.109+0000] {processor.py:829} INFO - Processing file /home/airflow/.local/lib/python3.8/site-packages/airflow/example_dags/example_params_trigger_ui.py for tasks to queue
[2023-10-18T21:20:45.111+0000] {logging_mixin.py:151} INFO - [2023-10-18T21:20:45.111+0000] {dagbag.py:536} INFO - Filling up the DagBag from /home/airflow/.local/lib/python3.8/site-packages/airflow/example_dags/example_params_trigger_ui.py
[2023-10-18T21:20:45.131+0000] {processor.py:839} INFO - DAG(s) dict_keys(['example_params_trigger_ui']) retrieved from /home/airflow/.local/lib/python3.8/site-packages/airflow/example_dags/example_params_trigger_ui.py
[2023-10-18T21:20:45.204+0000] {logging_mixin.py:151} INFO - [2023-10-18T21:20:45.204+0000] {dag.py:2941} INFO - Sync 1 DAGs
[2023-10-18T21:20:45.220+0000] {logging_mixin.py:151} INFO - [2023-10-18T21:20:45.220+0000] {dag.py:3722} INFO - Setting next_dagrun for example_params_trigger_ui to None, run_after=None
[2023-10-18T21:20:45.242+0000] {processor.py:179} INFO - Processing /home/airflow/.local/lib/python3.8/site-packages/airflow/example_dags/example_params_trigger_ui.py took 0.140 seconds
[2023-10-18T21:21:15.286+0000] {processor.py:157} INFO - Started process (PID=700) to work on /home/airflow/.local/lib/python3.8/site-packages/airflow/example_dags/example_params_trigger_ui.py
[2023-10-18T21:21:15.288+0000] {processor.py:829} INFO - Processing file /home/airflow/.local/lib/python3.8/site-packages/airflow/example_dags/example_params_trigger_ui.py for tasks to queue
[2023-10-18T21:21:15.290+0000] {logging_mixin.py:151} INFO - [2023-10-18T21:21:15.290+0000] {dagbag.py:536} INFO - Filling up the DagBag from /home/airflow/.local/lib/python3.8/site-packages/airflow/example_dags/example_params_trigger_ui.py
[2023-10-18T21:21:15.311+0000] {processor.py:839} INFO - DAG(s) dict_keys(['example_params_trigger_ui']) retrieved from /home/airflow/.local/lib/python3.8/site-packages/airflow/example_dags/example_params_trigger_ui.py
[2023-10-18T21:21:15.373+0000] {logging_mixin.py:151} INFO - [2023-10-18T21:21:15.373+0000] {dag.py:2941} INFO - Sync 1 DAGs
[2023-10-18T21:21:15.389+0000] {logging_mixin.py:151} INFO - [2023-10-18T21:21:15.389+0000] {dag.py:3722} INFO - Setting next_dagrun for example_params_trigger_ui to None, run_after=None
[2023-10-18T21:21:15.409+0000] {processor.py:179} INFO - Processing /home/airflow/.local/lib/python3.8/site-packages/airflow/example_dags/example_params_trigger_ui.py took 0.127 seconds
[2023-10-18T21:21:45.863+0000] {processor.py:157} INFO - Started process (PID=755) to work on /home/airflow/.local/lib/python3.8/site-packages/airflow/example_dags/example_params_trigger_ui.py
[2023-10-18T21:21:45.864+0000] {processor.py:829} INFO - Processing file /home/airflow/.local/lib/python3.8/site-packages/airflow/example_dags/example_params_trigger_ui.py for tasks to queue
[2023-10-18T21:21:45.866+0000] {logging_mixin.py:151} INFO - [2023-10-18T21:21:45.866+0000] {dagbag.py:536} INFO - Filling up the DagBag from /home/airflow/.local/lib/python3.8/site-packages/airflow/example_dags/example_params_trigger_ui.py
[2023-10-18T21:21:45.887+0000] {processor.py:839} INFO - DAG(s) dict_keys(['example_params_trigger_ui']) retrieved from /home/airflow/.local/lib/python3.8/site-packages/airflow/example_dags/example_params_trigger_ui.py
[2023-10-18T21:21:45.950+0000] {logging_mixin.py:151} INFO - [2023-10-18T21:21:45.949+0000] {dag.py:2941} INFO - Sync 1 DAGs
[2023-10-18T21:21:45.965+0000] {logging_mixin.py:151} INFO - [2023-10-18T21:21:45.965+0000] {dag.py:3722} INFO - Setting next_dagrun for example_params_trigger_ui to None, run_after=None
[2023-10-18T21:21:45.986+0000] {processor.py:179} INFO - Processing /home/airflow/.local/lib/python3.8/site-packages/airflow/example_dags/example_params_trigger_ui.py took 0.127 seconds
[2023-10-18T21:23:49.114+0000] {processor.py:157} INFO - Started process (PID=65) to work on /home/airflow/.local/lib/python3.8/site-packages/airflow/example_dags/example_params_trigger_ui.py
[2023-10-18T21:23:49.116+0000] {processor.py:829} INFO - Processing file /home/airflow/.local/lib/python3.8/site-packages/airflow/example_dags/example_params_trigger_ui.py for tasks to queue
[2023-10-18T21:23:49.119+0000] {logging_mixin.py:151} INFO - [2023-10-18T21:23:49.119+0000] {dagbag.py:536} INFO - Filling up the DagBag from /home/airflow/.local/lib/python3.8/site-packages/airflow/example_dags/example_params_trigger_ui.py
[2023-10-18T21:23:49.145+0000] {processor.py:839} INFO - DAG(s) dict_keys(['example_params_trigger_ui']) retrieved from /home/airflow/.local/lib/python3.8/site-packages/airflow/example_dags/example_params_trigger_ui.py
[2023-10-18T21:23:49.162+0000] {logging_mixin.py:151} INFO - [2023-10-18T21:23:49.161+0000] {dag.py:2941} INFO - Sync 1 DAGs
[2023-10-18T21:23:49.177+0000] {logging_mixin.py:151} INFO - [2023-10-18T21:23:49.177+0000] {dag.py:3722} INFO - Setting next_dagrun for example_params_trigger_ui to None, run_after=None
[2023-10-18T21:23:49.195+0000] {processor.py:179} INFO - Processing /home/airflow/.local/lib/python3.8/site-packages/airflow/example_dags/example_params_trigger_ui.py took 0.087 seconds
[2023-10-18T21:24:19.574+0000] {processor.py:157} INFO - Started process (PID=118) to work on /home/airflow/.local/lib/python3.8/site-packages/airflow/example_dags/example_params_trigger_ui.py
[2023-10-18T21:24:19.575+0000] {processor.py:829} INFO - Processing file /home/airflow/.local/lib/python3.8/site-packages/airflow/example_dags/example_params_trigger_ui.py for tasks to queue
[2023-10-18T21:24:19.577+0000] {logging_mixin.py:151} INFO - [2023-10-18T21:24:19.577+0000] {dagbag.py:536} INFO - Filling up the DagBag from /home/airflow/.local/lib/python3.8/site-packages/airflow/example_dags/example_params_trigger_ui.py
[2023-10-18T21:24:19.598+0000] {processor.py:839} INFO - DAG(s) dict_keys(['example_params_trigger_ui']) retrieved from /home/airflow/.local/lib/python3.8/site-packages/airflow/example_dags/example_params_trigger_ui.py
[2023-10-18T21:24:19.656+0000] {logging_mixin.py:151} INFO - [2023-10-18T21:24:19.656+0000] {dag.py:2941} INFO - Sync 1 DAGs
[2023-10-18T21:24:19.672+0000] {logging_mixin.py:151} INFO - [2023-10-18T21:24:19.672+0000] {dag.py:3722} INFO - Setting next_dagrun for example_params_trigger_ui to None, run_after=None
[2023-10-18T21:24:19.691+0000] {processor.py:179} INFO - Processing /home/airflow/.local/lib/python3.8/site-packages/airflow/example_dags/example_params_trigger_ui.py took 0.124 seconds
[2023-10-18T21:24:49.983+0000] {processor.py:157} INFO - Started process (PID=171) to work on /home/airflow/.local/lib/python3.8/site-packages/airflow/example_dags/example_params_trigger_ui.py
[2023-10-18T21:24:49.985+0000] {processor.py:829} INFO - Processing file /home/airflow/.local/lib/python3.8/site-packages/airflow/example_dags/example_params_trigger_ui.py for tasks to queue
[2023-10-18T21:24:49.988+0000] {logging_mixin.py:151} INFO - [2023-10-18T21:24:49.988+0000] {dagbag.py:536} INFO - Filling up the DagBag from /home/airflow/.local/lib/python3.8/site-packages/airflow/example_dags/example_params_trigger_ui.py
[2023-10-18T21:24:50.013+0000] {processor.py:839} INFO - DAG(s) dict_keys(['example_params_trigger_ui']) retrieved from /home/airflow/.local/lib/python3.8/site-packages/airflow/example_dags/example_params_trigger_ui.py
[2023-10-18T21:24:50.076+0000] {logging_mixin.py:151} INFO - [2023-10-18T21:24:50.075+0000] {dag.py:2941} INFO - Sync 1 DAGs
[2023-10-18T21:24:50.094+0000] {logging_mixin.py:151} INFO - [2023-10-18T21:24:50.094+0000] {dag.py:3722} INFO - Setting next_dagrun for example_params_trigger_ui to None, run_after=None
[2023-10-18T21:24:50.117+0000] {processor.py:179} INFO - Processing /home/airflow/.local/lib/python3.8/site-packages/airflow/example_dags/example_params_trigger_ui.py took 0.139 seconds
[2023-10-18T21:25:20.622+0000] {processor.py:157} INFO - Started process (PID=224) to work on /home/airflow/.local/lib/python3.8/site-packages/airflow/example_dags/example_params_trigger_ui.py
[2023-10-18T21:25:20.623+0000] {processor.py:829} INFO - Processing file /home/airflow/.local/lib/python3.8/site-packages/airflow/example_dags/example_params_trigger_ui.py for tasks to queue
[2023-10-18T21:25:20.626+0000] {logging_mixin.py:151} INFO - [2023-10-18T21:25:20.625+0000] {dagbag.py:536} INFO - Filling up the DagBag from /home/airflow/.local/lib/python3.8/site-packages/airflow/example_dags/example_params_trigger_ui.py
[2023-10-18T21:25:20.650+0000] {processor.py:839} INFO - DAG(s) dict_keys(['example_params_trigger_ui']) retrieved from /home/airflow/.local/lib/python3.8/site-packages/airflow/example_dags/example_params_trigger_ui.py
[2023-10-18T21:25:20.673+0000] {logging_mixin.py:151} INFO - [2023-10-18T21:25:20.673+0000] {dag.py:2941} INFO - Sync 1 DAGs
[2023-10-18T21:25:20.688+0000] {logging_mixin.py:151} INFO - [2023-10-18T21:25:20.688+0000] {dag.py:3722} INFO - Setting next_dagrun for example_params_trigger_ui to None, run_after=None
[2023-10-18T21:25:20.715+0000] {processor.py:179} INFO - Processing /home/airflow/.local/lib/python3.8/site-packages/airflow/example_dags/example_params_trigger_ui.py took 0.097 seconds
[2023-10-18T21:25:51.529+0000] {processor.py:157} INFO - Started process (PID=277) to work on /home/airflow/.local/lib/python3.8/site-packages/airflow/example_dags/example_params_trigger_ui.py
[2023-10-18T21:25:51.531+0000] {processor.py:829} INFO - Processing file /home/airflow/.local/lib/python3.8/site-packages/airflow/example_dags/example_params_trigger_ui.py for tasks to queue
[2023-10-18T21:25:51.533+0000] {logging_mixin.py:151} INFO - [2023-10-18T21:25:51.533+0000] {dagbag.py:536} INFO - Filling up the DagBag from /home/airflow/.local/lib/python3.8/site-packages/airflow/example_dags/example_params_trigger_ui.py
[2023-10-18T21:25:51.554+0000] {processor.py:839} INFO - DAG(s) dict_keys(['example_params_trigger_ui']) retrieved from /home/airflow/.local/lib/python3.8/site-packages/airflow/example_dags/example_params_trigger_ui.py
[2023-10-18T21:25:51.609+0000] {logging_mixin.py:151} INFO - [2023-10-18T21:25:51.609+0000] {dag.py:2941} INFO - Sync 1 DAGs
[2023-10-18T21:25:51.625+0000] {logging_mixin.py:151} INFO - [2023-10-18T21:25:51.625+0000] {dag.py:3722} INFO - Setting next_dagrun for example_params_trigger_ui to None, run_after=None
[2023-10-18T21:25:51.645+0000] {processor.py:179} INFO - Processing /home/airflow/.local/lib/python3.8/site-packages/airflow/example_dags/example_params_trigger_ui.py took 0.120 seconds
[2023-10-18T21:26:21.727+0000] {processor.py:157} INFO - Started process (PID=330) to work on /home/airflow/.local/lib/python3.8/site-packages/airflow/example_dags/example_params_trigger_ui.py
[2023-10-18T21:26:21.728+0000] {processor.py:829} INFO - Processing file /home/airflow/.local/lib/python3.8/site-packages/airflow/example_dags/example_params_trigger_ui.py for tasks to queue
[2023-10-18T21:26:21.731+0000] {logging_mixin.py:151} INFO - [2023-10-18T21:26:21.731+0000] {dagbag.py:536} INFO - Filling up the DagBag from /home/airflow/.local/lib/python3.8/site-packages/airflow/example_dags/example_params_trigger_ui.py
[2023-10-18T21:26:21.752+0000] {processor.py:839} INFO - DAG(s) dict_keys(['example_params_trigger_ui']) retrieved from /home/airflow/.local/lib/python3.8/site-packages/airflow/example_dags/example_params_trigger_ui.py
[2023-10-18T21:26:21.809+0000] {logging_mixin.py:151} INFO - [2023-10-18T21:26:21.808+0000] {dag.py:2941} INFO - Sync 1 DAGs
[2023-10-18T21:26:21.824+0000] {logging_mixin.py:151} INFO - [2023-10-18T21:26:21.824+0000] {dag.py:3722} INFO - Setting next_dagrun for example_params_trigger_ui to None, run_after=None
[2023-10-18T21:26:21.845+0000] {processor.py:179} INFO - Processing /home/airflow/.local/lib/python3.8/site-packages/airflow/example_dags/example_params_trigger_ui.py took 0.124 seconds
[2023-10-18T21:26:51.927+0000] {processor.py:157} INFO - Started process (PID=383) to work on /home/airflow/.local/lib/python3.8/site-packages/airflow/example_dags/example_params_trigger_ui.py
[2023-10-18T21:26:51.928+0000] {processor.py:829} INFO - Processing file /home/airflow/.local/lib/python3.8/site-packages/airflow/example_dags/example_params_trigger_ui.py for tasks to queue
[2023-10-18T21:26:51.931+0000] {logging_mixin.py:151} INFO - [2023-10-18T21:26:51.931+0000] {dagbag.py:536} INFO - Filling up the DagBag from /home/airflow/.local/lib/python3.8/site-packages/airflow/example_dags/example_params_trigger_ui.py
[2023-10-18T21:26:51.952+0000] {processor.py:839} INFO - DAG(s) dict_keys(['example_params_trigger_ui']) retrieved from /home/airflow/.local/lib/python3.8/site-packages/airflow/example_dags/example_params_trigger_ui.py
[2023-10-18T21:26:52.016+0000] {logging_mixin.py:151} INFO - [2023-10-18T21:26:52.015+0000] {dag.py:2941} INFO - Sync 1 DAGs
[2023-10-18T21:26:52.031+0000] {logging_mixin.py:151} INFO - [2023-10-18T21:26:52.031+0000] {dag.py:3722} INFO - Setting next_dagrun for example_params_trigger_ui to None, run_after=None
[2023-10-18T21:26:52.051+0000] {processor.py:179} INFO - Processing /home/airflow/.local/lib/python3.8/site-packages/airflow/example_dags/example_params_trigger_ui.py took 0.131 seconds
[2023-10-18T21:27:22.099+0000] {processor.py:157} INFO - Started process (PID=436) to work on /home/airflow/.local/lib/python3.8/site-packages/airflow/example_dags/example_params_trigger_ui.py
[2023-10-18T21:27:22.101+0000] {processor.py:829} INFO - Processing file /home/airflow/.local/lib/python3.8/site-packages/airflow/example_dags/example_params_trigger_ui.py for tasks to queue
[2023-10-18T21:27:22.103+0000] {logging_mixin.py:151} INFO - [2023-10-18T21:27:22.103+0000] {dagbag.py:536} INFO - Filling up the DagBag from /home/airflow/.local/lib/python3.8/site-packages/airflow/example_dags/example_params_trigger_ui.py
[2023-10-18T21:27:22.125+0000] {processor.py:839} INFO - DAG(s) dict_keys(['example_params_trigger_ui']) retrieved from /home/airflow/.local/lib/python3.8/site-packages/airflow/example_dags/example_params_trigger_ui.py
[2023-10-18T21:27:22.193+0000] {logging_mixin.py:151} INFO - [2023-10-18T21:27:22.193+0000] {dag.py:2941} INFO - Sync 1 DAGs
[2023-10-18T21:27:22.209+0000] {logging_mixin.py:151} INFO - [2023-10-18T21:27:22.209+0000] {dag.py:3722} INFO - Setting next_dagrun for example_params_trigger_ui to None, run_after=None
[2023-10-18T21:27:22.229+0000] {processor.py:179} INFO - Processing /home/airflow/.local/lib/python3.8/site-packages/airflow/example_dags/example_params_trigger_ui.py took 0.135 seconds
[2023-10-18T21:27:52.624+0000] {processor.py:157} INFO - Started process (PID=489) to work on /home/airflow/.local/lib/python3.8/site-packages/airflow/example_dags/example_params_trigger_ui.py
[2023-10-18T21:27:52.625+0000] {processor.py:829} INFO - Processing file /home/airflow/.local/lib/python3.8/site-packages/airflow/example_dags/example_params_trigger_ui.py for tasks to queue
[2023-10-18T21:27:52.627+0000] {logging_mixin.py:151} INFO - [2023-10-18T21:27:52.627+0000] {dagbag.py:536} INFO - Filling up the DagBag from /home/airflow/.local/lib/python3.8/site-packages/airflow/example_dags/example_params_trigger_ui.py
[2023-10-18T21:27:52.648+0000] {processor.py:839} INFO - DAG(s) dict_keys(['example_params_trigger_ui']) retrieved from /home/airflow/.local/lib/python3.8/site-packages/airflow/example_dags/example_params_trigger_ui.py
[2023-10-18T21:27:52.709+0000] {logging_mixin.py:151} INFO - [2023-10-18T21:27:52.709+0000] {dag.py:2941} INFO - Sync 1 DAGs
[2023-10-18T21:27:52.723+0000] {logging_mixin.py:151} INFO - [2023-10-18T21:27:52.723+0000] {dag.py:3722} INFO - Setting next_dagrun for example_params_trigger_ui to None, run_after=None
[2023-10-18T21:27:52.744+0000] {processor.py:179} INFO - Processing /home/airflow/.local/lib/python3.8/site-packages/airflow/example_dags/example_params_trigger_ui.py took 0.124 seconds
[2023-10-18T21:28:23.107+0000] {processor.py:157} INFO - Started process (PID=542) to work on /home/airflow/.local/lib/python3.8/site-packages/airflow/example_dags/example_params_trigger_ui.py
[2023-10-18T21:28:23.109+0000] {processor.py:829} INFO - Processing file /home/airflow/.local/lib/python3.8/site-packages/airflow/example_dags/example_params_trigger_ui.py for tasks to queue
[2023-10-18T21:28:23.112+0000] {logging_mixin.py:151} INFO - [2023-10-18T21:28:23.112+0000] {dagbag.py:536} INFO - Filling up the DagBag from /home/airflow/.local/lib/python3.8/site-packages/airflow/example_dags/example_params_trigger_ui.py
[2023-10-18T21:28:23.133+0000] {processor.py:839} INFO - DAG(s) dict_keys(['example_params_trigger_ui']) retrieved from /home/airflow/.local/lib/python3.8/site-packages/airflow/example_dags/example_params_trigger_ui.py
[2023-10-18T21:28:23.196+0000] {logging_mixin.py:151} INFO - [2023-10-18T21:28:23.195+0000] {dag.py:2941} INFO - Sync 1 DAGs
[2023-10-18T21:28:23.215+0000] {logging_mixin.py:151} INFO - [2023-10-18T21:28:23.215+0000] {dag.py:3722} INFO - Setting next_dagrun for example_params_trigger_ui to None, run_after=None
[2023-10-18T21:28:23.235+0000] {processor.py:179} INFO - Processing /home/airflow/.local/lib/python3.8/site-packages/airflow/example_dags/example_params_trigger_ui.py took 0.134 seconds
[2023-10-18T21:28:53.680+0000] {processor.py:157} INFO - Started process (PID=595) to work on /home/airflow/.local/lib/python3.8/site-packages/airflow/example_dags/example_params_trigger_ui.py
[2023-10-18T21:28:53.681+0000] {processor.py:829} INFO - Processing file /home/airflow/.local/lib/python3.8/site-packages/airflow/example_dags/example_params_trigger_ui.py for tasks to queue
[2023-10-18T21:28:53.684+0000] {logging_mixin.py:151} INFO - [2023-10-18T21:28:53.684+0000] {dagbag.py:536} INFO - Filling up the DagBag from /home/airflow/.local/lib/python3.8/site-packages/airflow/example_dags/example_params_trigger_ui.py
[2023-10-18T21:28:53.706+0000] {processor.py:839} INFO - DAG(s) dict_keys(['example_params_trigger_ui']) retrieved from /home/airflow/.local/lib/python3.8/site-packages/airflow/example_dags/example_params_trigger_ui.py
[2023-10-18T21:28:53.767+0000] {logging_mixin.py:151} INFO - [2023-10-18T21:28:53.767+0000] {dag.py:2941} INFO - Sync 1 DAGs
[2023-10-18T21:28:53.784+0000] {logging_mixin.py:151} INFO - [2023-10-18T21:28:53.784+0000] {dag.py:3722} INFO - Setting next_dagrun for example_params_trigger_ui to None, run_after=None
[2023-10-18T21:28:53.805+0000] {processor.py:179} INFO - Processing /home/airflow/.local/lib/python3.8/site-packages/airflow/example_dags/example_params_trigger_ui.py took 0.129 seconds
[2023-10-18T21:29:24.059+0000] {processor.py:157} INFO - Started process (PID=648) to work on /home/airflow/.local/lib/python3.8/site-packages/airflow/example_dags/example_params_trigger_ui.py
[2023-10-18T21:29:24.060+0000] {processor.py:829} INFO - Processing file /home/airflow/.local/lib/python3.8/site-packages/airflow/example_dags/example_params_trigger_ui.py for tasks to queue
[2023-10-18T21:29:24.063+0000] {logging_mixin.py:151} INFO - [2023-10-18T21:29:24.063+0000] {dagbag.py:536} INFO - Filling up the DagBag from /home/airflow/.local/lib/python3.8/site-packages/airflow/example_dags/example_params_trigger_ui.py
[2023-10-18T21:29:24.085+0000] {processor.py:839} INFO - DAG(s) dict_keys(['example_params_trigger_ui']) retrieved from /home/airflow/.local/lib/python3.8/site-packages/airflow/example_dags/example_params_trigger_ui.py
[2023-10-18T21:29:24.146+0000] {logging_mixin.py:151} INFO - [2023-10-18T21:29:24.145+0000] {dag.py:2941} INFO - Sync 1 DAGs
[2023-10-18T21:29:24.161+0000] {logging_mixin.py:151} INFO - [2023-10-18T21:29:24.161+0000] {dag.py:3722} INFO - Setting next_dagrun for example_params_trigger_ui to None, run_after=None
[2023-10-18T21:29:24.179+0000] {processor.py:179} INFO - Processing /home/airflow/.local/lib/python3.8/site-packages/airflow/example_dags/example_params_trigger_ui.py took 0.125 seconds
[2023-10-18T21:29:54.494+0000] {processor.py:157} INFO - Started process (PID=701) to work on /home/airflow/.local/lib/python3.8/site-packages/airflow/example_dags/example_params_trigger_ui.py
[2023-10-18T21:29:54.495+0000] {processor.py:829} INFO - Processing file /home/airflow/.local/lib/python3.8/site-packages/airflow/example_dags/example_params_trigger_ui.py for tasks to queue
[2023-10-18T21:29:54.498+0000] {logging_mixin.py:151} INFO - [2023-10-18T21:29:54.497+0000] {dagbag.py:536} INFO - Filling up the DagBag from /home/airflow/.local/lib/python3.8/site-packages/airflow/example_dags/example_params_trigger_ui.py
[2023-10-18T21:29:54.518+0000] {processor.py:839} INFO - DAG(s) dict_keys(['example_params_trigger_ui']) retrieved from /home/airflow/.local/lib/python3.8/site-packages/airflow/example_dags/example_params_trigger_ui.py
[2023-10-18T21:29:54.579+0000] {logging_mixin.py:151} INFO - [2023-10-18T21:29:54.579+0000] {dag.py:2941} INFO - Sync 1 DAGs
[2023-10-18T21:29:54.594+0000] {logging_mixin.py:151} INFO - [2023-10-18T21:29:54.594+0000] {dag.py:3722} INFO - Setting next_dagrun for example_params_trigger_ui to None, run_after=None
[2023-10-18T21:29:54.615+0000] {processor.py:179} INFO - Processing /home/airflow/.local/lib/python3.8/site-packages/airflow/example_dags/example_params_trigger_ui.py took 0.127 seconds
[2023-10-18T21:30:25.091+0000] {processor.py:157} INFO - Started process (PID=755) to work on /home/airflow/.local/lib/python3.8/site-packages/airflow/example_dags/example_params_trigger_ui.py
[2023-10-18T21:30:25.092+0000] {processor.py:829} INFO - Processing file /home/airflow/.local/lib/python3.8/site-packages/airflow/example_dags/example_params_trigger_ui.py for tasks to queue
[2023-10-18T21:30:25.095+0000] {logging_mixin.py:151} INFO - [2023-10-18T21:30:25.094+0000] {dagbag.py:536} INFO - Filling up the DagBag from /home/airflow/.local/lib/python3.8/site-packages/airflow/example_dags/example_params_trigger_ui.py
[2023-10-18T21:30:25.114+0000] {processor.py:839} INFO - DAG(s) dict_keys(['example_params_trigger_ui']) retrieved from /home/airflow/.local/lib/python3.8/site-packages/airflow/example_dags/example_params_trigger_ui.py
[2023-10-18T21:30:25.175+0000] {logging_mixin.py:151} INFO - [2023-10-18T21:30:25.175+0000] {dag.py:2941} INFO - Sync 1 DAGs
[2023-10-18T21:30:25.191+0000] {logging_mixin.py:151} INFO - [2023-10-18T21:30:25.191+0000] {dag.py:3722} INFO - Setting next_dagrun for example_params_trigger_ui to None, run_after=None
[2023-10-18T21:30:25.211+0000] {processor.py:179} INFO - Processing /home/airflow/.local/lib/python3.8/site-packages/airflow/example_dags/example_params_trigger_ui.py took 0.125 seconds
[2023-10-18T21:30:56.085+0000] {processor.py:157} INFO - Started process (PID=809) to work on /home/airflow/.local/lib/python3.8/site-packages/airflow/example_dags/example_params_trigger_ui.py
[2023-10-18T21:30:56.089+0000] {processor.py:829} INFO - Processing file /home/airflow/.local/lib/python3.8/site-packages/airflow/example_dags/example_params_trigger_ui.py for tasks to queue
[2023-10-18T21:30:56.092+0000] {logging_mixin.py:151} INFO - [2023-10-18T21:30:56.092+0000] {dagbag.py:536} INFO - Filling up the DagBag from /home/airflow/.local/lib/python3.8/site-packages/airflow/example_dags/example_params_trigger_ui.py
[2023-10-18T21:30:56.116+0000] {processor.py:839} INFO - DAG(s) dict_keys(['example_params_trigger_ui']) retrieved from /home/airflow/.local/lib/python3.8/site-packages/airflow/example_dags/example_params_trigger_ui.py
[2023-10-18T21:30:56.179+0000] {logging_mixin.py:151} INFO - [2023-10-18T21:30:56.179+0000] {dag.py:2941} INFO - Sync 1 DAGs
[2023-10-18T21:30:56.193+0000] {logging_mixin.py:151} INFO - [2023-10-18T21:30:56.193+0000] {dag.py:3722} INFO - Setting next_dagrun for example_params_trigger_ui to None, run_after=None
[2023-10-18T21:30:56.210+0000] {processor.py:179} INFO - Processing /home/airflow/.local/lib/python3.8/site-packages/airflow/example_dags/example_params_trigger_ui.py took 0.130 seconds
[2023-10-18T21:31:26.327+0000] {processor.py:157} INFO - Started process (PID=862) to work on /home/airflow/.local/lib/python3.8/site-packages/airflow/example_dags/example_params_trigger_ui.py
[2023-10-18T21:31:26.328+0000] {processor.py:829} INFO - Processing file /home/airflow/.local/lib/python3.8/site-packages/airflow/example_dags/example_params_trigger_ui.py for tasks to queue
[2023-10-18T21:31:26.331+0000] {logging_mixin.py:151} INFO - [2023-10-18T21:31:26.330+0000] {dagbag.py:536} INFO - Filling up the DagBag from /home/airflow/.local/lib/python3.8/site-packages/airflow/example_dags/example_params_trigger_ui.py
[2023-10-18T21:31:26.350+0000] {processor.py:839} INFO - DAG(s) dict_keys(['example_params_trigger_ui']) retrieved from /home/airflow/.local/lib/python3.8/site-packages/airflow/example_dags/example_params_trigger_ui.py
[2023-10-18T21:31:26.410+0000] {logging_mixin.py:151} INFO - [2023-10-18T21:31:26.409+0000] {dag.py:2941} INFO - Sync 1 DAGs
[2023-10-18T21:31:26.424+0000] {logging_mixin.py:151} INFO - [2023-10-18T21:31:26.424+0000] {dag.py:3722} INFO - Setting next_dagrun for example_params_trigger_ui to None, run_after=None
[2023-10-18T21:31:26.444+0000] {processor.py:179} INFO - Processing /home/airflow/.local/lib/python3.8/site-packages/airflow/example_dags/example_params_trigger_ui.py took 0.122 seconds
