[2023-10-18T21:06:45.918+0000] {processor.py:157} INFO - Started process (PID=36) to work on /home/airflow/.local/lib/python3.8/site-packages/airflow/example_dags/example_short_circuit_operator.py
[2023-10-18T21:06:45.919+0000] {processor.py:829} INFO - Processing file /home/airflow/.local/lib/python3.8/site-packages/airflow/example_dags/example_short_circuit_operator.py for tasks to queue
[2023-10-18T21:06:45.921+0000] {logging_mixin.py:151} INFO - [2023-10-18T21:06:45.921+0000] {dagbag.py:536} INFO - Filling up the DagBag from /home/airflow/.local/lib/python3.8/site-packages/airflow/example_dags/example_short_circuit_operator.py
[2023-10-18T21:06:45.934+0000] {processor.py:839} INFO - DAG(s) dict_keys(['example_short_circuit_operator']) retrieved from /home/airflow/.local/lib/python3.8/site-packages/airflow/example_dags/example_short_circuit_operator.py
[2023-10-18T21:06:45.947+0000] {logging_mixin.py:151} INFO - [2023-10-18T21:06:45.947+0000] {dag.py:2941} INFO - Sync 1 DAGs
[2023-10-18T21:06:45.972+0000] {logging_mixin.py:151} INFO - [2023-10-18T21:06:45.972+0000] {dag.py:3722} INFO - Setting next_dagrun for example_short_circuit_operator to 2023-10-17T21:06:45.971997+00:00, run_after=2023-10-18T21:06:45.971997+00:00
[2023-10-18T21:06:45.989+0000] {processor.py:179} INFO - Processing /home/airflow/.local/lib/python3.8/site-packages/airflow/example_dags/example_short_circuit_operator.py took 0.077 seconds
[2023-10-18T21:07:16.227+0000] {processor.py:157} INFO - Started process (PID=89) to work on /home/airflow/.local/lib/python3.8/site-packages/airflow/example_dags/example_short_circuit_operator.py
[2023-10-18T21:07:16.228+0000] {processor.py:829} INFO - Processing file /home/airflow/.local/lib/python3.8/site-packages/airflow/example_dags/example_short_circuit_operator.py for tasks to queue
[2023-10-18T21:07:16.231+0000] {logging_mixin.py:151} INFO - [2023-10-18T21:07:16.231+0000] {dagbag.py:536} INFO - Filling up the DagBag from /home/airflow/.local/lib/python3.8/site-packages/airflow/example_dags/example_short_circuit_operator.py
[2023-10-18T21:07:16.241+0000] {processor.py:839} INFO - DAG(s) dict_keys(['example_short_circuit_operator']) retrieved from /home/airflow/.local/lib/python3.8/site-packages/airflow/example_dags/example_short_circuit_operator.py
[2023-10-18T21:07:16.269+0000] {logging_mixin.py:151} INFO - [2023-10-18T21:07:16.269+0000] {dag.py:2941} INFO - Sync 1 DAGs
[2023-10-18T21:07:16.297+0000] {logging_mixin.py:151} INFO - [2023-10-18T21:07:16.296+0000] {dag.py:3722} INFO - Setting next_dagrun for example_short_circuit_operator to 2023-10-17T21:07:16.296595+00:00, run_after=2023-10-18T21:07:16.296595+00:00
[2023-10-18T21:07:16.319+0000] {processor.py:179} INFO - Processing /home/airflow/.local/lib/python3.8/site-packages/airflow/example_dags/example_short_circuit_operator.py took 0.098 seconds
[2023-10-18T21:07:46.377+0000] {processor.py:157} INFO - Started process (PID=142) to work on /home/airflow/.local/lib/python3.8/site-packages/airflow/example_dags/example_short_circuit_operator.py
[2023-10-18T21:07:46.379+0000] {processor.py:829} INFO - Processing file /home/airflow/.local/lib/python3.8/site-packages/airflow/example_dags/example_short_circuit_operator.py for tasks to queue
[2023-10-18T21:07:46.382+0000] {logging_mixin.py:151} INFO - [2023-10-18T21:07:46.382+0000] {dagbag.py:536} INFO - Filling up the DagBag from /home/airflow/.local/lib/python3.8/site-packages/airflow/example_dags/example_short_circuit_operator.py
[2023-10-18T21:07:46.391+0000] {processor.py:839} INFO - DAG(s) dict_keys(['example_short_circuit_operator']) retrieved from /home/airflow/.local/lib/python3.8/site-packages/airflow/example_dags/example_short_circuit_operator.py
[2023-10-18T21:07:46.416+0000] {logging_mixin.py:151} INFO - [2023-10-18T21:07:46.416+0000] {dag.py:2941} INFO - Sync 1 DAGs
[2023-10-18T21:07:46.442+0000] {logging_mixin.py:151} INFO - [2023-10-18T21:07:46.442+0000] {dag.py:3722} INFO - Setting next_dagrun for example_short_circuit_operator to 2023-10-17T21:07:46.442144+00:00, run_after=2023-10-18T21:07:46.442144+00:00
[2023-10-18T21:07:46.464+0000] {processor.py:179} INFO - Processing /home/airflow/.local/lib/python3.8/site-packages/airflow/example_dags/example_short_circuit_operator.py took 0.092 seconds
[2023-10-18T21:08:16.613+0000] {processor.py:157} INFO - Started process (PID=195) to work on /home/airflow/.local/lib/python3.8/site-packages/airflow/example_dags/example_short_circuit_operator.py
[2023-10-18T21:08:16.614+0000] {processor.py:829} INFO - Processing file /home/airflow/.local/lib/python3.8/site-packages/airflow/example_dags/example_short_circuit_operator.py for tasks to queue
[2023-10-18T21:08:16.618+0000] {logging_mixin.py:151} INFO - [2023-10-18T21:08:16.618+0000] {dagbag.py:536} INFO - Filling up the DagBag from /home/airflow/.local/lib/python3.8/site-packages/airflow/example_dags/example_short_circuit_operator.py
[2023-10-18T21:08:16.630+0000] {processor.py:839} INFO - DAG(s) dict_keys(['example_short_circuit_operator']) retrieved from /home/airflow/.local/lib/python3.8/site-packages/airflow/example_dags/example_short_circuit_operator.py
[2023-10-18T21:08:16.667+0000] {logging_mixin.py:151} INFO - [2023-10-18T21:08:16.666+0000] {dag.py:2941} INFO - Sync 1 DAGs
[2023-10-18T21:08:16.700+0000] {logging_mixin.py:151} INFO - [2023-10-18T21:08:16.700+0000] {dag.py:3722} INFO - Setting next_dagrun for example_short_circuit_operator to 2023-10-17T21:08:16.699861+00:00, run_after=2023-10-18T21:08:16.699861+00:00
[2023-10-18T21:08:16.725+0000] {processor.py:179} INFO - Processing /home/airflow/.local/lib/python3.8/site-packages/airflow/example_dags/example_short_circuit_operator.py took 0.118 seconds
[2023-10-18T21:08:46.904+0000] {processor.py:157} INFO - Started process (PID=249) to work on /home/airflow/.local/lib/python3.8/site-packages/airflow/example_dags/example_short_circuit_operator.py
[2023-10-18T21:08:46.905+0000] {processor.py:829} INFO - Processing file /home/airflow/.local/lib/python3.8/site-packages/airflow/example_dags/example_short_circuit_operator.py for tasks to queue
[2023-10-18T21:08:46.908+0000] {logging_mixin.py:151} INFO - [2023-10-18T21:08:46.907+0000] {dagbag.py:536} INFO - Filling up the DagBag from /home/airflow/.local/lib/python3.8/site-packages/airflow/example_dags/example_short_circuit_operator.py
[2023-10-18T21:08:46.917+0000] {processor.py:839} INFO - DAG(s) dict_keys(['example_short_circuit_operator']) retrieved from /home/airflow/.local/lib/python3.8/site-packages/airflow/example_dags/example_short_circuit_operator.py
[2023-10-18T21:08:46.945+0000] {logging_mixin.py:151} INFO - [2023-10-18T21:08:46.945+0000] {dag.py:2941} INFO - Sync 1 DAGs
[2023-10-18T21:08:46.981+0000] {logging_mixin.py:151} INFO - [2023-10-18T21:08:46.981+0000] {dag.py:3722} INFO - Setting next_dagrun for example_short_circuit_operator to 2023-10-17T21:08:46.980681+00:00, run_after=2023-10-18T21:08:46.980681+00:00
[2023-10-18T21:08:47.005+0000] {processor.py:179} INFO - Processing /home/airflow/.local/lib/python3.8/site-packages/airflow/example_dags/example_short_circuit_operator.py took 0.105 seconds
[2023-10-18T21:09:17.129+0000] {processor.py:157} INFO - Started process (PID=302) to work on /home/airflow/.local/lib/python3.8/site-packages/airflow/example_dags/example_short_circuit_operator.py
[2023-10-18T21:09:17.130+0000] {processor.py:829} INFO - Processing file /home/airflow/.local/lib/python3.8/site-packages/airflow/example_dags/example_short_circuit_operator.py for tasks to queue
[2023-10-18T21:09:17.133+0000] {logging_mixin.py:151} INFO - [2023-10-18T21:09:17.133+0000] {dagbag.py:536} INFO - Filling up the DagBag from /home/airflow/.local/lib/python3.8/site-packages/airflow/example_dags/example_short_circuit_operator.py
[2023-10-18T21:09:17.142+0000] {processor.py:839} INFO - DAG(s) dict_keys(['example_short_circuit_operator']) retrieved from /home/airflow/.local/lib/python3.8/site-packages/airflow/example_dags/example_short_circuit_operator.py
[2023-10-18T21:09:17.171+0000] {logging_mixin.py:151} INFO - [2023-10-18T21:09:17.170+0000] {dag.py:2941} INFO - Sync 1 DAGs
[2023-10-18T21:09:17.197+0000] {logging_mixin.py:151} INFO - [2023-10-18T21:09:17.197+0000] {dag.py:3722} INFO - Setting next_dagrun for example_short_circuit_operator to 2023-10-17T21:09:17.197238+00:00, run_after=2023-10-18T21:09:17.197238+00:00
[2023-10-18T21:09:17.216+0000] {processor.py:179} INFO - Processing /home/airflow/.local/lib/python3.8/site-packages/airflow/example_dags/example_short_circuit_operator.py took 0.094 seconds
[2023-10-18T21:09:47.451+0000] {processor.py:157} INFO - Started process (PID=355) to work on /home/airflow/.local/lib/python3.8/site-packages/airflow/example_dags/example_short_circuit_operator.py
[2023-10-18T21:09:47.452+0000] {processor.py:829} INFO - Processing file /home/airflow/.local/lib/python3.8/site-packages/airflow/example_dags/example_short_circuit_operator.py for tasks to queue
[2023-10-18T21:09:47.455+0000] {logging_mixin.py:151} INFO - [2023-10-18T21:09:47.455+0000] {dagbag.py:536} INFO - Filling up the DagBag from /home/airflow/.local/lib/python3.8/site-packages/airflow/example_dags/example_short_circuit_operator.py
[2023-10-18T21:09:47.465+0000] {processor.py:839} INFO - DAG(s) dict_keys(['example_short_circuit_operator']) retrieved from /home/airflow/.local/lib/python3.8/site-packages/airflow/example_dags/example_short_circuit_operator.py
[2023-10-18T21:09:47.495+0000] {logging_mixin.py:151} INFO - [2023-10-18T21:09:47.495+0000] {dag.py:2941} INFO - Sync 1 DAGs
[2023-10-18T21:09:47.520+0000] {logging_mixin.py:151} INFO - [2023-10-18T21:09:47.520+0000] {dag.py:3722} INFO - Setting next_dagrun for example_short_circuit_operator to 2023-10-17T21:09:47.520425+00:00, run_after=2023-10-18T21:09:47.520425+00:00
[2023-10-18T21:09:47.539+0000] {processor.py:179} INFO - Processing /home/airflow/.local/lib/python3.8/site-packages/airflow/example_dags/example_short_circuit_operator.py took 0.093 seconds
[2023-10-18T21:10:17.775+0000] {processor.py:157} INFO - Started process (PID=408) to work on /home/airflow/.local/lib/python3.8/site-packages/airflow/example_dags/example_short_circuit_operator.py
[2023-10-18T21:10:17.776+0000] {processor.py:829} INFO - Processing file /home/airflow/.local/lib/python3.8/site-packages/airflow/example_dags/example_short_circuit_operator.py for tasks to queue
[2023-10-18T21:10:17.778+0000] {logging_mixin.py:151} INFO - [2023-10-18T21:10:17.778+0000] {dagbag.py:536} INFO - Filling up the DagBag from /home/airflow/.local/lib/python3.8/site-packages/airflow/example_dags/example_short_circuit_operator.py
[2023-10-18T21:10:17.788+0000] {processor.py:839} INFO - DAG(s) dict_keys(['example_short_circuit_operator']) retrieved from /home/airflow/.local/lib/python3.8/site-packages/airflow/example_dags/example_short_circuit_operator.py
[2023-10-18T21:10:17.814+0000] {logging_mixin.py:151} INFO - [2023-10-18T21:10:17.814+0000] {dag.py:2941} INFO - Sync 1 DAGs
[2023-10-18T21:10:17.840+0000] {logging_mixin.py:151} INFO - [2023-10-18T21:10:17.839+0000] {dag.py:3722} INFO - Setting next_dagrun for example_short_circuit_operator to 2023-10-17T21:10:17.839423+00:00, run_after=2023-10-18T21:10:17.839423+00:00
[2023-10-18T21:10:17.857+0000] {processor.py:179} INFO - Processing /home/airflow/.local/lib/python3.8/site-packages/airflow/example_dags/example_short_circuit_operator.py took 0.088 seconds
[2023-10-18T21:10:47.982+0000] {processor.py:157} INFO - Started process (PID=461) to work on /home/airflow/.local/lib/python3.8/site-packages/airflow/example_dags/example_short_circuit_operator.py
[2023-10-18T21:10:47.983+0000] {processor.py:829} INFO - Processing file /home/airflow/.local/lib/python3.8/site-packages/airflow/example_dags/example_short_circuit_operator.py for tasks to queue
[2023-10-18T21:10:47.985+0000] {logging_mixin.py:151} INFO - [2023-10-18T21:10:47.985+0000] {dagbag.py:536} INFO - Filling up the DagBag from /home/airflow/.local/lib/python3.8/site-packages/airflow/example_dags/example_short_circuit_operator.py
[2023-10-18T21:10:47.995+0000] {processor.py:839} INFO - DAG(s) dict_keys(['example_short_circuit_operator']) retrieved from /home/airflow/.local/lib/python3.8/site-packages/airflow/example_dags/example_short_circuit_operator.py
[2023-10-18T21:10:48.038+0000] {logging_mixin.py:151} INFO - [2023-10-18T21:10:48.037+0000] {dag.py:2941} INFO - Sync 1 DAGs
[2023-10-18T21:10:48.069+0000] {logging_mixin.py:151} INFO - [2023-10-18T21:10:48.069+0000] {dag.py:3722} INFO - Setting next_dagrun for example_short_circuit_operator to 2023-10-17T21:10:48.068986+00:00, run_after=2023-10-18T21:10:48.068986+00:00
[2023-10-18T21:10:48.091+0000] {processor.py:179} INFO - Processing /home/airflow/.local/lib/python3.8/site-packages/airflow/example_dags/example_short_circuit_operator.py took 0.113 seconds
[2023-10-18T21:11:18.638+0000] {processor.py:157} INFO - Started process (PID=514) to work on /home/airflow/.local/lib/python3.8/site-packages/airflow/example_dags/example_short_circuit_operator.py
[2023-10-18T21:11:18.639+0000] {processor.py:829} INFO - Processing file /home/airflow/.local/lib/python3.8/site-packages/airflow/example_dags/example_short_circuit_operator.py for tasks to queue
[2023-10-18T21:11:18.642+0000] {logging_mixin.py:151} INFO - [2023-10-18T21:11:18.641+0000] {dagbag.py:536} INFO - Filling up the DagBag from /home/airflow/.local/lib/python3.8/site-packages/airflow/example_dags/example_short_circuit_operator.py
[2023-10-18T21:11:18.650+0000] {processor.py:839} INFO - DAG(s) dict_keys(['example_short_circuit_operator']) retrieved from /home/airflow/.local/lib/python3.8/site-packages/airflow/example_dags/example_short_circuit_operator.py
[2023-10-18T21:11:18.677+0000] {logging_mixin.py:151} INFO - [2023-10-18T21:11:18.676+0000] {dag.py:2941} INFO - Sync 1 DAGs
[2023-10-18T21:11:18.703+0000] {logging_mixin.py:151} INFO - [2023-10-18T21:11:18.703+0000] {dag.py:3722} INFO - Setting next_dagrun for example_short_circuit_operator to 2023-10-17T21:11:18.702900+00:00, run_after=2023-10-18T21:11:18.702900+00:00
[2023-10-18T21:11:18.724+0000] {processor.py:179} INFO - Processing /home/airflow/.local/lib/python3.8/site-packages/airflow/example_dags/example_short_circuit_operator.py took 0.089 seconds
[2023-10-18T21:11:48.883+0000] {processor.py:157} INFO - Started process (PID=567) to work on /home/airflow/.local/lib/python3.8/site-packages/airflow/example_dags/example_short_circuit_operator.py
[2023-10-18T21:11:48.884+0000] {processor.py:829} INFO - Processing file /home/airflow/.local/lib/python3.8/site-packages/airflow/example_dags/example_short_circuit_operator.py for tasks to queue
[2023-10-18T21:11:48.886+0000] {logging_mixin.py:151} INFO - [2023-10-18T21:11:48.886+0000] {dagbag.py:536} INFO - Filling up the DagBag from /home/airflow/.local/lib/python3.8/site-packages/airflow/example_dags/example_short_circuit_operator.py
[2023-10-18T21:11:48.895+0000] {processor.py:839} INFO - DAG(s) dict_keys(['example_short_circuit_operator']) retrieved from /home/airflow/.local/lib/python3.8/site-packages/airflow/example_dags/example_short_circuit_operator.py
[2023-10-18T21:11:48.926+0000] {logging_mixin.py:151} INFO - [2023-10-18T21:11:48.926+0000] {dag.py:2941} INFO - Sync 1 DAGs
[2023-10-18T21:11:48.955+0000] {logging_mixin.py:151} INFO - [2023-10-18T21:11:48.954+0000] {dag.py:3722} INFO - Setting next_dagrun for example_short_circuit_operator to 2023-10-17T21:11:48.954587+00:00, run_after=2023-10-18T21:11:48.954587+00:00
[2023-10-18T21:11:48.975+0000] {processor.py:179} INFO - Processing /home/airflow/.local/lib/python3.8/site-packages/airflow/example_dags/example_short_circuit_operator.py took 0.096 seconds
[2023-10-18T21:12:19.345+0000] {processor.py:157} INFO - Started process (PID=621) to work on /home/airflow/.local/lib/python3.8/site-packages/airflow/example_dags/example_short_circuit_operator.py
[2023-10-18T21:12:19.347+0000] {processor.py:829} INFO - Processing file /home/airflow/.local/lib/python3.8/site-packages/airflow/example_dags/example_short_circuit_operator.py for tasks to queue
[2023-10-18T21:12:19.350+0000] {logging_mixin.py:151} INFO - [2023-10-18T21:12:19.350+0000] {dagbag.py:536} INFO - Filling up the DagBag from /home/airflow/.local/lib/python3.8/site-packages/airflow/example_dags/example_short_circuit_operator.py
[2023-10-18T21:12:19.359+0000] {processor.py:839} INFO - DAG(s) dict_keys(['example_short_circuit_operator']) retrieved from /home/airflow/.local/lib/python3.8/site-packages/airflow/example_dags/example_short_circuit_operator.py
[2023-10-18T21:12:19.387+0000] {logging_mixin.py:151} INFO - [2023-10-18T21:12:19.387+0000] {dag.py:2941} INFO - Sync 1 DAGs
[2023-10-18T21:12:19.415+0000] {logging_mixin.py:151} INFO - [2023-10-18T21:12:19.415+0000] {dag.py:3722} INFO - Setting next_dagrun for example_short_circuit_operator to 2023-10-17T21:12:19.415404+00:00, run_after=2023-10-18T21:12:19.415404+00:00
[2023-10-18T21:12:19.445+0000] {processor.py:179} INFO - Processing /home/airflow/.local/lib/python3.8/site-packages/airflow/example_dags/example_short_circuit_operator.py took 0.105 seconds
[2023-10-18T21:12:49.746+0000] {processor.py:157} INFO - Started process (PID=674) to work on /home/airflow/.local/lib/python3.8/site-packages/airflow/example_dags/example_short_circuit_operator.py
[2023-10-18T21:12:49.747+0000] {processor.py:829} INFO - Processing file /home/airflow/.local/lib/python3.8/site-packages/airflow/example_dags/example_short_circuit_operator.py for tasks to queue
[2023-10-18T21:12:49.750+0000] {logging_mixin.py:151} INFO - [2023-10-18T21:12:49.749+0000] {dagbag.py:536} INFO - Filling up the DagBag from /home/airflow/.local/lib/python3.8/site-packages/airflow/example_dags/example_short_circuit_operator.py
[2023-10-18T21:12:49.760+0000] {processor.py:839} INFO - DAG(s) dict_keys(['example_short_circuit_operator']) retrieved from /home/airflow/.local/lib/python3.8/site-packages/airflow/example_dags/example_short_circuit_operator.py
[2023-10-18T21:12:49.792+0000] {logging_mixin.py:151} INFO - [2023-10-18T21:12:49.792+0000] {dag.py:2941} INFO - Sync 1 DAGs
[2023-10-18T21:12:49.821+0000] {logging_mixin.py:151} INFO - [2023-10-18T21:12:49.821+0000] {dag.py:3722} INFO - Setting next_dagrun for example_short_circuit_operator to 2023-10-17T21:12:49.821377+00:00, run_after=2023-10-18T21:12:49.821377+00:00
[2023-10-18T21:12:49.842+0000] {processor.py:179} INFO - Processing /home/airflow/.local/lib/python3.8/site-packages/airflow/example_dags/example_short_circuit_operator.py took 0.101 seconds
[2023-10-18T21:15:08.144+0000] {processor.py:157} INFO - Started process (PID=35) to work on /home/airflow/.local/lib/python3.8/site-packages/airflow/example_dags/example_short_circuit_operator.py
[2023-10-18T21:15:08.156+0000] {processor.py:829} INFO - Processing file /home/airflow/.local/lib/python3.8/site-packages/airflow/example_dags/example_short_circuit_operator.py for tasks to queue
[2023-10-18T21:15:08.159+0000] {logging_mixin.py:151} INFO - [2023-10-18T21:15:08.158+0000] {dagbag.py:536} INFO - Filling up the DagBag from /home/airflow/.local/lib/python3.8/site-packages/airflow/example_dags/example_short_circuit_operator.py
[2023-10-18T21:15:08.176+0000] {processor.py:839} INFO - DAG(s) dict_keys(['example_short_circuit_operator']) retrieved from /home/airflow/.local/lib/python3.8/site-packages/airflow/example_dags/example_short_circuit_operator.py
[2023-10-18T21:15:08.224+0000] {logging_mixin.py:151} INFO - [2023-10-18T21:15:08.224+0000] {dag.py:2941} INFO - Sync 1 DAGs
[2023-10-18T21:15:08.253+0000] {logging_mixin.py:151} INFO - [2023-10-18T21:15:08.253+0000] {dag.py:3722} INFO - Setting next_dagrun for example_short_circuit_operator to 2023-10-17T21:15:08.252857+00:00, run_after=2023-10-18T21:15:08.252857+00:00
[2023-10-18T21:15:08.281+0000] {processor.py:179} INFO - Processing /home/airflow/.local/lib/python3.8/site-packages/airflow/example_dags/example_short_circuit_operator.py took 0.141 seconds
[2023-10-18T21:15:38.639+0000] {processor.py:157} INFO - Started process (PID=87) to work on /home/airflow/.local/lib/python3.8/site-packages/airflow/example_dags/example_short_circuit_operator.py
[2023-10-18T21:15:38.641+0000] {processor.py:829} INFO - Processing file /home/airflow/.local/lib/python3.8/site-packages/airflow/example_dags/example_short_circuit_operator.py for tasks to queue
[2023-10-18T21:15:38.644+0000] {logging_mixin.py:151} INFO - [2023-10-18T21:15:38.643+0000] {dagbag.py:536} INFO - Filling up the DagBag from /home/airflow/.local/lib/python3.8/site-packages/airflow/example_dags/example_short_circuit_operator.py
[2023-10-18T21:15:38.652+0000] {processor.py:839} INFO - DAG(s) dict_keys(['example_short_circuit_operator']) retrieved from /home/airflow/.local/lib/python3.8/site-packages/airflow/example_dags/example_short_circuit_operator.py
[2023-10-18T21:15:38.680+0000] {logging_mixin.py:151} INFO - [2023-10-18T21:15:38.680+0000] {dag.py:2941} INFO - Sync 1 DAGs
[2023-10-18T21:15:38.706+0000] {logging_mixin.py:151} INFO - [2023-10-18T21:15:38.706+0000] {dag.py:3722} INFO - Setting next_dagrun for example_short_circuit_operator to 2023-10-17T21:15:38.706332+00:00, run_after=2023-10-18T21:15:38.706332+00:00
[2023-10-18T21:15:38.736+0000] {processor.py:179} INFO - Processing /home/airflow/.local/lib/python3.8/site-packages/airflow/example_dags/example_short_circuit_operator.py took 0.102 seconds
[2023-10-18T21:16:08.829+0000] {processor.py:157} INFO - Started process (PID=141) to work on /home/airflow/.local/lib/python3.8/site-packages/airflow/example_dags/example_short_circuit_operator.py
[2023-10-18T21:16:08.830+0000] {processor.py:829} INFO - Processing file /home/airflow/.local/lib/python3.8/site-packages/airflow/example_dags/example_short_circuit_operator.py for tasks to queue
[2023-10-18T21:16:08.832+0000] {logging_mixin.py:151} INFO - [2023-10-18T21:16:08.832+0000] {dagbag.py:536} INFO - Filling up the DagBag from /home/airflow/.local/lib/python3.8/site-packages/airflow/example_dags/example_short_circuit_operator.py
[2023-10-18T21:16:08.841+0000] {processor.py:839} INFO - DAG(s) dict_keys(['example_short_circuit_operator']) retrieved from /home/airflow/.local/lib/python3.8/site-packages/airflow/example_dags/example_short_circuit_operator.py
[2023-10-18T21:16:08.869+0000] {logging_mixin.py:151} INFO - [2023-10-18T21:16:08.868+0000] {dag.py:2941} INFO - Sync 1 DAGs
[2023-10-18T21:16:08.896+0000] {logging_mixin.py:151} INFO - [2023-10-18T21:16:08.896+0000] {dag.py:3722} INFO - Setting next_dagrun for example_short_circuit_operator to 2023-10-17T21:16:08.895991+00:00, run_after=2023-10-18T21:16:08.895991+00:00
[2023-10-18T21:16:08.917+0000] {processor.py:179} INFO - Processing /home/airflow/.local/lib/python3.8/site-packages/airflow/example_dags/example_short_circuit_operator.py took 0.092 seconds
[2023-10-18T21:16:39.342+0000] {processor.py:157} INFO - Started process (PID=194) to work on /home/airflow/.local/lib/python3.8/site-packages/airflow/example_dags/example_short_circuit_operator.py
[2023-10-18T21:16:39.343+0000] {processor.py:829} INFO - Processing file /home/airflow/.local/lib/python3.8/site-packages/airflow/example_dags/example_short_circuit_operator.py for tasks to queue
[2023-10-18T21:16:39.345+0000] {logging_mixin.py:151} INFO - [2023-10-18T21:16:39.345+0000] {dagbag.py:536} INFO - Filling up the DagBag from /home/airflow/.local/lib/python3.8/site-packages/airflow/example_dags/example_short_circuit_operator.py
[2023-10-18T21:16:39.353+0000] {processor.py:839} INFO - DAG(s) dict_keys(['example_short_circuit_operator']) retrieved from /home/airflow/.local/lib/python3.8/site-packages/airflow/example_dags/example_short_circuit_operator.py
[2023-10-18T21:16:39.377+0000] {logging_mixin.py:151} INFO - [2023-10-18T21:16:39.377+0000] {dag.py:2941} INFO - Sync 1 DAGs
[2023-10-18T21:16:39.401+0000] {logging_mixin.py:151} INFO - [2023-10-18T21:16:39.401+0000] {dag.py:3722} INFO - Setting next_dagrun for example_short_circuit_operator to 2023-10-17T21:16:39.400756+00:00, run_after=2023-10-18T21:16:39.400756+00:00
[2023-10-18T21:16:39.419+0000] {processor.py:179} INFO - Processing /home/airflow/.local/lib/python3.8/site-packages/airflow/example_dags/example_short_circuit_operator.py took 0.083 seconds
[2023-10-18T21:17:09.512+0000] {processor.py:157} INFO - Started process (PID=248) to work on /home/airflow/.local/lib/python3.8/site-packages/airflow/example_dags/example_short_circuit_operator.py
[2023-10-18T21:17:09.513+0000] {processor.py:829} INFO - Processing file /home/airflow/.local/lib/python3.8/site-packages/airflow/example_dags/example_short_circuit_operator.py for tasks to queue
[2023-10-18T21:17:09.515+0000] {logging_mixin.py:151} INFO - [2023-10-18T21:17:09.515+0000] {dagbag.py:536} INFO - Filling up the DagBag from /home/airflow/.local/lib/python3.8/site-packages/airflow/example_dags/example_short_circuit_operator.py
[2023-10-18T21:17:09.524+0000] {processor.py:839} INFO - DAG(s) dict_keys(['example_short_circuit_operator']) retrieved from /home/airflow/.local/lib/python3.8/site-packages/airflow/example_dags/example_short_circuit_operator.py
[2023-10-18T21:17:09.552+0000] {logging_mixin.py:151} INFO - [2023-10-18T21:17:09.552+0000] {dag.py:2941} INFO - Sync 1 DAGs
[2023-10-18T21:17:09.580+0000] {logging_mixin.py:151} INFO - [2023-10-18T21:17:09.580+0000] {dag.py:3722} INFO - Setting next_dagrun for example_short_circuit_operator to 2023-10-17T21:17:09.579775+00:00, run_after=2023-10-18T21:17:09.579775+00:00
[2023-10-18T21:17:09.601+0000] {processor.py:179} INFO - Processing /home/airflow/.local/lib/python3.8/site-packages/airflow/example_dags/example_short_circuit_operator.py took 0.093 seconds
[2023-10-18T21:17:39.785+0000] {processor.py:157} INFO - Started process (PID=301) to work on /home/airflow/.local/lib/python3.8/site-packages/airflow/example_dags/example_short_circuit_operator.py
[2023-10-18T21:17:39.786+0000] {processor.py:829} INFO - Processing file /home/airflow/.local/lib/python3.8/site-packages/airflow/example_dags/example_short_circuit_operator.py for tasks to queue
[2023-10-18T21:17:39.789+0000] {logging_mixin.py:151} INFO - [2023-10-18T21:17:39.789+0000] {dagbag.py:536} INFO - Filling up the DagBag from /home/airflow/.local/lib/python3.8/site-packages/airflow/example_dags/example_short_circuit_operator.py
[2023-10-18T21:17:39.798+0000] {processor.py:839} INFO - DAG(s) dict_keys(['example_short_circuit_operator']) retrieved from /home/airflow/.local/lib/python3.8/site-packages/airflow/example_dags/example_short_circuit_operator.py
[2023-10-18T21:17:39.815+0000] {logging_mixin.py:151} INFO - [2023-10-18T21:17:39.815+0000] {dag.py:2941} INFO - Sync 1 DAGs
[2023-10-18T21:17:39.843+0000] {logging_mixin.py:151} INFO - [2023-10-18T21:17:39.842+0000] {dag.py:3722} INFO - Setting next_dagrun for example_short_circuit_operator to 2023-10-17T21:17:39.842566+00:00, run_after=2023-10-18T21:17:39.842566+00:00
[2023-10-18T21:17:39.859+0000] {processor.py:179} INFO - Processing /home/airflow/.local/lib/python3.8/site-packages/airflow/example_dags/example_short_circuit_operator.py took 0.079 seconds
[2023-10-18T21:18:10.489+0000] {processor.py:157} INFO - Started process (PID=354) to work on /home/airflow/.local/lib/python3.8/site-packages/airflow/example_dags/example_short_circuit_operator.py
[2023-10-18T21:18:10.491+0000] {processor.py:829} INFO - Processing file /home/airflow/.local/lib/python3.8/site-packages/airflow/example_dags/example_short_circuit_operator.py for tasks to queue
[2023-10-18T21:18:10.494+0000] {logging_mixin.py:151} INFO - [2023-10-18T21:18:10.493+0000] {dagbag.py:536} INFO - Filling up the DagBag from /home/airflow/.local/lib/python3.8/site-packages/airflow/example_dags/example_short_circuit_operator.py
[2023-10-18T21:18:10.502+0000] {processor.py:839} INFO - DAG(s) dict_keys(['example_short_circuit_operator']) retrieved from /home/airflow/.local/lib/python3.8/site-packages/airflow/example_dags/example_short_circuit_operator.py
[2023-10-18T21:18:10.527+0000] {logging_mixin.py:151} INFO - [2023-10-18T21:18:10.526+0000] {dag.py:2941} INFO - Sync 1 DAGs
[2023-10-18T21:18:10.552+0000] {logging_mixin.py:151} INFO - [2023-10-18T21:18:10.552+0000] {dag.py:3722} INFO - Setting next_dagrun for example_short_circuit_operator to 2023-10-17T21:18:10.552435+00:00, run_after=2023-10-18T21:18:10.552435+00:00
[2023-10-18T21:18:10.570+0000] {processor.py:179} INFO - Processing /home/airflow/.local/lib/python3.8/site-packages/airflow/example_dags/example_short_circuit_operator.py took 0.085 seconds
[2023-10-18T21:18:40.719+0000] {processor.py:157} INFO - Started process (PID=407) to work on /home/airflow/.local/lib/python3.8/site-packages/airflow/example_dags/example_short_circuit_operator.py
[2023-10-18T21:18:40.720+0000] {processor.py:829} INFO - Processing file /home/airflow/.local/lib/python3.8/site-packages/airflow/example_dags/example_short_circuit_operator.py for tasks to queue
[2023-10-18T21:18:40.723+0000] {logging_mixin.py:151} INFO - [2023-10-18T21:18:40.723+0000] {dagbag.py:536} INFO - Filling up the DagBag from /home/airflow/.local/lib/python3.8/site-packages/airflow/example_dags/example_short_circuit_operator.py
[2023-10-18T21:18:40.732+0000] {processor.py:839} INFO - DAG(s) dict_keys(['example_short_circuit_operator']) retrieved from /home/airflow/.local/lib/python3.8/site-packages/airflow/example_dags/example_short_circuit_operator.py
[2023-10-18T21:18:40.757+0000] {logging_mixin.py:151} INFO - [2023-10-18T21:18:40.757+0000] {dag.py:2941} INFO - Sync 1 DAGs
[2023-10-18T21:18:40.781+0000] {logging_mixin.py:151} INFO - [2023-10-18T21:18:40.780+0000] {dag.py:3722} INFO - Setting next_dagrun for example_short_circuit_operator to 2023-10-17T21:18:40.780739+00:00, run_after=2023-10-18T21:18:40.780739+00:00
[2023-10-18T21:18:40.799+0000] {processor.py:179} INFO - Processing /home/airflow/.local/lib/python3.8/site-packages/airflow/example_dags/example_short_circuit_operator.py took 0.084 seconds
[2023-10-18T21:19:11.008+0000] {processor.py:157} INFO - Started process (PID=460) to work on /home/airflow/.local/lib/python3.8/site-packages/airflow/example_dags/example_short_circuit_operator.py
[2023-10-18T21:19:11.010+0000] {processor.py:829} INFO - Processing file /home/airflow/.local/lib/python3.8/site-packages/airflow/example_dags/example_short_circuit_operator.py for tasks to queue
[2023-10-18T21:19:11.013+0000] {logging_mixin.py:151} INFO - [2023-10-18T21:19:11.012+0000] {dagbag.py:536} INFO - Filling up the DagBag from /home/airflow/.local/lib/python3.8/site-packages/airflow/example_dags/example_short_circuit_operator.py
[2023-10-18T21:19:11.021+0000] {processor.py:839} INFO - DAG(s) dict_keys(['example_short_circuit_operator']) retrieved from /home/airflow/.local/lib/python3.8/site-packages/airflow/example_dags/example_short_circuit_operator.py
[2023-10-18T21:19:11.052+0000] {logging_mixin.py:151} INFO - [2023-10-18T21:19:11.051+0000] {dag.py:2941} INFO - Sync 1 DAGs
[2023-10-18T21:19:11.079+0000] {logging_mixin.py:151} INFO - [2023-10-18T21:19:11.079+0000] {dag.py:3722} INFO - Setting next_dagrun for example_short_circuit_operator to 2023-10-17T21:19:11.079113+00:00, run_after=2023-10-18T21:19:11.079113+00:00
[2023-10-18T21:19:11.099+0000] {processor.py:179} INFO - Processing /home/airflow/.local/lib/python3.8/site-packages/airflow/example_dags/example_short_circuit_operator.py took 0.098 seconds
[2023-10-18T21:19:41.516+0000] {processor.py:157} INFO - Started process (PID=513) to work on /home/airflow/.local/lib/python3.8/site-packages/airflow/example_dags/example_short_circuit_operator.py
[2023-10-18T21:19:41.517+0000] {processor.py:829} INFO - Processing file /home/airflow/.local/lib/python3.8/site-packages/airflow/example_dags/example_short_circuit_operator.py for tasks to queue
[2023-10-18T21:19:41.520+0000] {logging_mixin.py:151} INFO - [2023-10-18T21:19:41.520+0000] {dagbag.py:536} INFO - Filling up the DagBag from /home/airflow/.local/lib/python3.8/site-packages/airflow/example_dags/example_short_circuit_operator.py
[2023-10-18T21:19:41.529+0000] {processor.py:839} INFO - DAG(s) dict_keys(['example_short_circuit_operator']) retrieved from /home/airflow/.local/lib/python3.8/site-packages/airflow/example_dags/example_short_circuit_operator.py
[2023-10-18T21:19:41.556+0000] {logging_mixin.py:151} INFO - [2023-10-18T21:19:41.556+0000] {dag.py:2941} INFO - Sync 1 DAGs
[2023-10-18T21:19:41.584+0000] {logging_mixin.py:151} INFO - [2023-10-18T21:19:41.583+0000] {dag.py:3722} INFO - Setting next_dagrun for example_short_circuit_operator to 2023-10-17T21:19:41.583590+00:00, run_after=2023-10-18T21:19:41.583590+00:00
[2023-10-18T21:19:41.604+0000] {processor.py:179} INFO - Processing /home/airflow/.local/lib/python3.8/site-packages/airflow/example_dags/example_short_circuit_operator.py took 0.093 seconds
[2023-10-18T21:20:11.682+0000] {processor.py:157} INFO - Started process (PID=566) to work on /home/airflow/.local/lib/python3.8/site-packages/airflow/example_dags/example_short_circuit_operator.py
[2023-10-18T21:20:11.683+0000] {processor.py:829} INFO - Processing file /home/airflow/.local/lib/python3.8/site-packages/airflow/example_dags/example_short_circuit_operator.py for tasks to queue
[2023-10-18T21:20:11.686+0000] {logging_mixin.py:151} INFO - [2023-10-18T21:20:11.685+0000] {dagbag.py:536} INFO - Filling up the DagBag from /home/airflow/.local/lib/python3.8/site-packages/airflow/example_dags/example_short_circuit_operator.py
[2023-10-18T21:20:11.695+0000] {processor.py:839} INFO - DAG(s) dict_keys(['example_short_circuit_operator']) retrieved from /home/airflow/.local/lib/python3.8/site-packages/airflow/example_dags/example_short_circuit_operator.py
[2023-10-18T21:20:11.728+0000] {logging_mixin.py:151} INFO - [2023-10-18T21:20:11.728+0000] {dag.py:2941} INFO - Sync 1 DAGs
[2023-10-18T21:20:11.756+0000] {logging_mixin.py:151} INFO - [2023-10-18T21:20:11.755+0000] {dag.py:3722} INFO - Setting next_dagrun for example_short_circuit_operator to 2023-10-17T21:20:11.755612+00:00, run_after=2023-10-18T21:20:11.755612+00:00
[2023-10-18T21:20:11.776+0000] {processor.py:179} INFO - Processing /home/airflow/.local/lib/python3.8/site-packages/airflow/example_dags/example_short_circuit_operator.py took 0.099 seconds
[2023-10-18T21:20:41.991+0000] {processor.py:157} INFO - Started process (PID=619) to work on /home/airflow/.local/lib/python3.8/site-packages/airflow/example_dags/example_short_circuit_operator.py
[2023-10-18T21:20:41.992+0000] {processor.py:829} INFO - Processing file /home/airflow/.local/lib/python3.8/site-packages/airflow/example_dags/example_short_circuit_operator.py for tasks to queue
[2023-10-18T21:20:41.995+0000] {logging_mixin.py:151} INFO - [2023-10-18T21:20:41.994+0000] {dagbag.py:536} INFO - Filling up the DagBag from /home/airflow/.local/lib/python3.8/site-packages/airflow/example_dags/example_short_circuit_operator.py
[2023-10-18T21:20:42.003+0000] {processor.py:839} INFO - DAG(s) dict_keys(['example_short_circuit_operator']) retrieved from /home/airflow/.local/lib/python3.8/site-packages/airflow/example_dags/example_short_circuit_operator.py
[2023-10-18T21:20:42.034+0000] {logging_mixin.py:151} INFO - [2023-10-18T21:20:42.034+0000] {dag.py:2941} INFO - Sync 1 DAGs
[2023-10-18T21:20:42.062+0000] {logging_mixin.py:151} INFO - [2023-10-18T21:20:42.062+0000] {dag.py:3722} INFO - Setting next_dagrun for example_short_circuit_operator to 2023-10-17T21:20:42.062103+00:00, run_after=2023-10-18T21:20:42.062103+00:00
[2023-10-18T21:20:42.083+0000] {processor.py:179} INFO - Processing /home/airflow/.local/lib/python3.8/site-packages/airflow/example_dags/example_short_circuit_operator.py took 0.097 seconds
[2023-10-18T21:21:12.311+0000] {processor.py:157} INFO - Started process (PID=672) to work on /home/airflow/.local/lib/python3.8/site-packages/airflow/example_dags/example_short_circuit_operator.py
[2023-10-18T21:21:12.312+0000] {processor.py:829} INFO - Processing file /home/airflow/.local/lib/python3.8/site-packages/airflow/example_dags/example_short_circuit_operator.py for tasks to queue
[2023-10-18T21:21:12.315+0000] {logging_mixin.py:151} INFO - [2023-10-18T21:21:12.315+0000] {dagbag.py:536} INFO - Filling up the DagBag from /home/airflow/.local/lib/python3.8/site-packages/airflow/example_dags/example_short_circuit_operator.py
[2023-10-18T21:21:12.324+0000] {processor.py:839} INFO - DAG(s) dict_keys(['example_short_circuit_operator']) retrieved from /home/airflow/.local/lib/python3.8/site-packages/airflow/example_dags/example_short_circuit_operator.py
[2023-10-18T21:21:12.355+0000] {logging_mixin.py:151} INFO - [2023-10-18T21:21:12.355+0000] {dag.py:2941} INFO - Sync 1 DAGs
[2023-10-18T21:21:12.382+0000] {logging_mixin.py:151} INFO - [2023-10-18T21:21:12.382+0000] {dag.py:3722} INFO - Setting next_dagrun for example_short_circuit_operator to 2023-10-17T21:21:12.381896+00:00, run_after=2023-10-18T21:21:12.381896+00:00
[2023-10-18T21:21:12.402+0000] {processor.py:179} INFO - Processing /home/airflow/.local/lib/python3.8/site-packages/airflow/example_dags/example_short_circuit_operator.py took 0.097 seconds
[2023-10-18T21:21:42.744+0000] {processor.py:157} INFO - Started process (PID=726) to work on /home/airflow/.local/lib/python3.8/site-packages/airflow/example_dags/example_short_circuit_operator.py
[2023-10-18T21:21:42.745+0000] {processor.py:829} INFO - Processing file /home/airflow/.local/lib/python3.8/site-packages/airflow/example_dags/example_short_circuit_operator.py for tasks to queue
[2023-10-18T21:21:42.748+0000] {logging_mixin.py:151} INFO - [2023-10-18T21:21:42.747+0000] {dagbag.py:536} INFO - Filling up the DagBag from /home/airflow/.local/lib/python3.8/site-packages/airflow/example_dags/example_short_circuit_operator.py
[2023-10-18T21:21:42.757+0000] {processor.py:839} INFO - DAG(s) dict_keys(['example_short_circuit_operator']) retrieved from /home/airflow/.local/lib/python3.8/site-packages/airflow/example_dags/example_short_circuit_operator.py
[2023-10-18T21:21:42.783+0000] {logging_mixin.py:151} INFO - [2023-10-18T21:21:42.783+0000] {dag.py:2941} INFO - Sync 1 DAGs
[2023-10-18T21:21:42.812+0000] {logging_mixin.py:151} INFO - [2023-10-18T21:21:42.812+0000] {dag.py:3722} INFO - Setting next_dagrun for example_short_circuit_operator to 2023-10-17T21:21:42.811736+00:00, run_after=2023-10-18T21:21:42.811736+00:00
[2023-10-18T21:21:42.835+0000] {processor.py:179} INFO - Processing /home/airflow/.local/lib/python3.8/site-packages/airflow/example_dags/example_short_circuit_operator.py took 0.096 seconds
[2023-10-18T21:22:13.235+0000] {processor.py:157} INFO - Started process (PID=780) to work on /home/airflow/.local/lib/python3.8/site-packages/airflow/example_dags/example_short_circuit_operator.py
[2023-10-18T21:22:13.236+0000] {processor.py:829} INFO - Processing file /home/airflow/.local/lib/python3.8/site-packages/airflow/example_dags/example_short_circuit_operator.py for tasks to queue
[2023-10-18T21:22:13.238+0000] {logging_mixin.py:151} INFO - [2023-10-18T21:22:13.238+0000] {dagbag.py:536} INFO - Filling up the DagBag from /home/airflow/.local/lib/python3.8/site-packages/airflow/example_dags/example_short_circuit_operator.py
[2023-10-18T21:22:13.247+0000] {processor.py:839} INFO - DAG(s) dict_keys(['example_short_circuit_operator']) retrieved from /home/airflow/.local/lib/python3.8/site-packages/airflow/example_dags/example_short_circuit_operator.py
[2023-10-18T21:22:13.278+0000] {logging_mixin.py:151} INFO - [2023-10-18T21:22:13.278+0000] {dag.py:2941} INFO - Sync 1 DAGs
[2023-10-18T21:22:13.306+0000] {logging_mixin.py:151} INFO - [2023-10-18T21:22:13.305+0000] {dag.py:3722} INFO - Setting next_dagrun for example_short_circuit_operator to 2023-10-17T21:22:13.305590+00:00, run_after=2023-10-18T21:22:13.305590+00:00
[2023-10-18T21:22:13.324+0000] {processor.py:179} INFO - Processing /home/airflow/.local/lib/python3.8/site-packages/airflow/example_dags/example_short_circuit_operator.py took 0.094 seconds
[2023-10-18T21:23:47.180+0000] {processor.py:157} INFO - Started process (PID=36) to work on /home/airflow/.local/lib/python3.8/site-packages/airflow/example_dags/example_short_circuit_operator.py
[2023-10-18T21:23:47.182+0000] {processor.py:829} INFO - Processing file /home/airflow/.local/lib/python3.8/site-packages/airflow/example_dags/example_short_circuit_operator.py for tasks to queue
[2023-10-18T21:23:47.185+0000] {logging_mixin.py:151} INFO - [2023-10-18T21:23:47.185+0000] {dagbag.py:536} INFO - Filling up the DagBag from /home/airflow/.local/lib/python3.8/site-packages/airflow/example_dags/example_short_circuit_operator.py
[2023-10-18T21:23:47.197+0000] {processor.py:839} INFO - DAG(s) dict_keys(['example_short_circuit_operator']) retrieved from /home/airflow/.local/lib/python3.8/site-packages/airflow/example_dags/example_short_circuit_operator.py
[2023-10-18T21:23:47.213+0000] {logging_mixin.py:151} INFO - [2023-10-18T21:23:47.213+0000] {dag.py:2941} INFO - Sync 1 DAGs
[2023-10-18T21:23:47.241+0000] {logging_mixin.py:151} INFO - [2023-10-18T21:23:47.241+0000] {dag.py:3722} INFO - Setting next_dagrun for example_short_circuit_operator to 2023-10-17T21:23:47.241134+00:00, run_after=2023-10-18T21:23:47.241134+00:00
[2023-10-18T21:23:47.264+0000] {processor.py:179} INFO - Processing /home/airflow/.local/lib/python3.8/site-packages/airflow/example_dags/example_short_circuit_operator.py took 0.088 seconds
[2023-10-18T21:24:17.392+0000] {processor.py:157} INFO - Started process (PID=89) to work on /home/airflow/.local/lib/python3.8/site-packages/airflow/example_dags/example_short_circuit_operator.py
[2023-10-18T21:24:17.393+0000] {processor.py:829} INFO - Processing file /home/airflow/.local/lib/python3.8/site-packages/airflow/example_dags/example_short_circuit_operator.py for tasks to queue
[2023-10-18T21:24:17.395+0000] {logging_mixin.py:151} INFO - [2023-10-18T21:24:17.395+0000] {dagbag.py:536} INFO - Filling up the DagBag from /home/airflow/.local/lib/python3.8/site-packages/airflow/example_dags/example_short_circuit_operator.py
[2023-10-18T21:24:17.404+0000] {processor.py:839} INFO - DAG(s) dict_keys(['example_short_circuit_operator']) retrieved from /home/airflow/.local/lib/python3.8/site-packages/airflow/example_dags/example_short_circuit_operator.py
[2023-10-18T21:24:17.433+0000] {logging_mixin.py:151} INFO - [2023-10-18T21:24:17.433+0000] {dag.py:2941} INFO - Sync 1 DAGs
[2023-10-18T21:24:17.461+0000] {logging_mixin.py:151} INFO - [2023-10-18T21:24:17.461+0000] {dag.py:3722} INFO - Setting next_dagrun for example_short_circuit_operator to 2023-10-17T21:24:17.460941+00:00, run_after=2023-10-18T21:24:17.460941+00:00
[2023-10-18T21:24:17.478+0000] {processor.py:179} INFO - Processing /home/airflow/.local/lib/python3.8/site-packages/airflow/example_dags/example_short_circuit_operator.py took 0.091 seconds
[2023-10-18T21:24:47.734+0000] {processor.py:157} INFO - Started process (PID=142) to work on /home/airflow/.local/lib/python3.8/site-packages/airflow/example_dags/example_short_circuit_operator.py
[2023-10-18T21:24:47.736+0000] {processor.py:829} INFO - Processing file /home/airflow/.local/lib/python3.8/site-packages/airflow/example_dags/example_short_circuit_operator.py for tasks to queue
[2023-10-18T21:24:47.739+0000] {logging_mixin.py:151} INFO - [2023-10-18T21:24:47.739+0000] {dagbag.py:536} INFO - Filling up the DagBag from /home/airflow/.local/lib/python3.8/site-packages/airflow/example_dags/example_short_circuit_operator.py
[2023-10-18T21:24:47.749+0000] {processor.py:839} INFO - DAG(s) dict_keys(['example_short_circuit_operator']) retrieved from /home/airflow/.local/lib/python3.8/site-packages/airflow/example_dags/example_short_circuit_operator.py
[2023-10-18T21:24:47.776+0000] {logging_mixin.py:151} INFO - [2023-10-18T21:24:47.776+0000] {dag.py:2941} INFO - Sync 1 DAGs
[2023-10-18T21:24:47.802+0000] {logging_mixin.py:151} INFO - [2023-10-18T21:24:47.802+0000] {dag.py:3722} INFO - Setting next_dagrun for example_short_circuit_operator to 2023-10-17T21:24:47.802158+00:00, run_after=2023-10-18T21:24:47.802158+00:00
[2023-10-18T21:24:47.823+0000] {processor.py:179} INFO - Processing /home/airflow/.local/lib/python3.8/site-packages/airflow/example_dags/example_short_circuit_operator.py took 0.096 seconds
[2023-10-18T21:25:17.917+0000] {processor.py:157} INFO - Started process (PID=195) to work on /home/airflow/.local/lib/python3.8/site-packages/airflow/example_dags/example_short_circuit_operator.py
[2023-10-18T21:25:17.919+0000] {processor.py:829} INFO - Processing file /home/airflow/.local/lib/python3.8/site-packages/airflow/example_dags/example_short_circuit_operator.py for tasks to queue
[2023-10-18T21:25:17.922+0000] {logging_mixin.py:151} INFO - [2023-10-18T21:25:17.921+0000] {dagbag.py:536} INFO - Filling up the DagBag from /home/airflow/.local/lib/python3.8/site-packages/airflow/example_dags/example_short_circuit_operator.py
[2023-10-18T21:25:17.931+0000] {processor.py:839} INFO - DAG(s) dict_keys(['example_short_circuit_operator']) retrieved from /home/airflow/.local/lib/python3.8/site-packages/airflow/example_dags/example_short_circuit_operator.py
[2023-10-18T21:25:17.943+0000] {logging_mixin.py:151} INFO - [2023-10-18T21:25:17.943+0000] {dag.py:2941} INFO - Sync 1 DAGs
[2023-10-18T21:25:17.974+0000] {logging_mixin.py:151} INFO - [2023-10-18T21:25:17.973+0000] {dag.py:3722} INFO - Setting next_dagrun for example_short_circuit_operator to 2023-10-17T21:25:17.972622+00:00, run_after=2023-10-18T21:25:17.972622+00:00
[2023-10-18T21:25:18.008+0000] {processor.py:179} INFO - Processing /home/airflow/.local/lib/python3.8/site-packages/airflow/example_dags/example_short_circuit_operator.py took 0.097 seconds
[2023-10-18T21:25:48.317+0000] {processor.py:157} INFO - Started process (PID=248) to work on /home/airflow/.local/lib/python3.8/site-packages/airflow/example_dags/example_short_circuit_operator.py
[2023-10-18T21:25:48.319+0000] {processor.py:829} INFO - Processing file /home/airflow/.local/lib/python3.8/site-packages/airflow/example_dags/example_short_circuit_operator.py for tasks to queue
[2023-10-18T21:25:48.322+0000] {logging_mixin.py:151} INFO - [2023-10-18T21:25:48.321+0000] {dagbag.py:536} INFO - Filling up the DagBag from /home/airflow/.local/lib/python3.8/site-packages/airflow/example_dags/example_short_circuit_operator.py
[2023-10-18T21:25:48.330+0000] {processor.py:839} INFO - DAG(s) dict_keys(['example_short_circuit_operator']) retrieved from /home/airflow/.local/lib/python3.8/site-packages/airflow/example_dags/example_short_circuit_operator.py
[2023-10-18T21:25:48.356+0000] {logging_mixin.py:151} INFO - [2023-10-18T21:25:48.356+0000] {dag.py:2941} INFO - Sync 1 DAGs
[2023-10-18T21:25:48.381+0000] {logging_mixin.py:151} INFO - [2023-10-18T21:25:48.381+0000] {dag.py:3722} INFO - Setting next_dagrun for example_short_circuit_operator to 2023-10-17T21:25:48.381248+00:00, run_after=2023-10-18T21:25:48.381248+00:00
[2023-10-18T21:25:48.397+0000] {processor.py:179} INFO - Processing /home/airflow/.local/lib/python3.8/site-packages/airflow/example_dags/example_short_circuit_operator.py took 0.086 seconds
[2023-10-18T21:26:18.738+0000] {processor.py:157} INFO - Started process (PID=301) to work on /home/airflow/.local/lib/python3.8/site-packages/airflow/example_dags/example_short_circuit_operator.py
[2023-10-18T21:26:18.739+0000] {processor.py:829} INFO - Processing file /home/airflow/.local/lib/python3.8/site-packages/airflow/example_dags/example_short_circuit_operator.py for tasks to queue
[2023-10-18T21:26:18.742+0000] {logging_mixin.py:151} INFO - [2023-10-18T21:26:18.741+0000] {dagbag.py:536} INFO - Filling up the DagBag from /home/airflow/.local/lib/python3.8/site-packages/airflow/example_dags/example_short_circuit_operator.py
[2023-10-18T21:26:18.751+0000] {processor.py:839} INFO - DAG(s) dict_keys(['example_short_circuit_operator']) retrieved from /home/airflow/.local/lib/python3.8/site-packages/airflow/example_dags/example_short_circuit_operator.py
[2023-10-18T21:26:18.779+0000] {logging_mixin.py:151} INFO - [2023-10-18T21:26:18.779+0000] {dag.py:2941} INFO - Sync 1 DAGs
[2023-10-18T21:26:18.813+0000] {logging_mixin.py:151} INFO - [2023-10-18T21:26:18.813+0000] {dag.py:3722} INFO - Setting next_dagrun for example_short_circuit_operator to 2023-10-17T21:26:18.812734+00:00, run_after=2023-10-18T21:26:18.812734+00:00
[2023-10-18T21:26:18.835+0000] {processor.py:179} INFO - Processing /home/airflow/.local/lib/python3.8/site-packages/airflow/example_dags/example_short_circuit_operator.py took 0.106 seconds
[2023-10-18T21:26:48.958+0000] {processor.py:157} INFO - Started process (PID=354) to work on /home/airflow/.local/lib/python3.8/site-packages/airflow/example_dags/example_short_circuit_operator.py
[2023-10-18T21:26:48.959+0000] {processor.py:829} INFO - Processing file /home/airflow/.local/lib/python3.8/site-packages/airflow/example_dags/example_short_circuit_operator.py for tasks to queue
[2023-10-18T21:26:48.962+0000] {logging_mixin.py:151} INFO - [2023-10-18T21:26:48.962+0000] {dagbag.py:536} INFO - Filling up the DagBag from /home/airflow/.local/lib/python3.8/site-packages/airflow/example_dags/example_short_circuit_operator.py
[2023-10-18T21:26:48.970+0000] {processor.py:839} INFO - DAG(s) dict_keys(['example_short_circuit_operator']) retrieved from /home/airflow/.local/lib/python3.8/site-packages/airflow/example_dags/example_short_circuit_operator.py
[2023-10-18T21:26:48.996+0000] {logging_mixin.py:151} INFO - [2023-10-18T21:26:48.996+0000] {dag.py:2941} INFO - Sync 1 DAGs
[2023-10-18T21:26:49.023+0000] {logging_mixin.py:151} INFO - [2023-10-18T21:26:49.023+0000] {dag.py:3722} INFO - Setting next_dagrun for example_short_circuit_operator to 2023-10-17T21:26:49.023504+00:00, run_after=2023-10-18T21:26:49.023504+00:00
[2023-10-18T21:26:49.041+0000] {processor.py:179} INFO - Processing /home/airflow/.local/lib/python3.8/site-packages/airflow/example_dags/example_short_circuit_operator.py took 0.087 seconds
[2023-10-18T21:27:19.083+0000] {processor.py:157} INFO - Started process (PID=407) to work on /home/airflow/.local/lib/python3.8/site-packages/airflow/example_dags/example_short_circuit_operator.py
[2023-10-18T21:27:19.084+0000] {processor.py:829} INFO - Processing file /home/airflow/.local/lib/python3.8/site-packages/airflow/example_dags/example_short_circuit_operator.py for tasks to queue
[2023-10-18T21:27:19.087+0000] {logging_mixin.py:151} INFO - [2023-10-18T21:27:19.087+0000] {dagbag.py:536} INFO - Filling up the DagBag from /home/airflow/.local/lib/python3.8/site-packages/airflow/example_dags/example_short_circuit_operator.py
[2023-10-18T21:27:19.096+0000] {processor.py:839} INFO - DAG(s) dict_keys(['example_short_circuit_operator']) retrieved from /home/airflow/.local/lib/python3.8/site-packages/airflow/example_dags/example_short_circuit_operator.py
[2023-10-18T21:27:19.127+0000] {logging_mixin.py:151} INFO - [2023-10-18T21:27:19.127+0000] {dag.py:2941} INFO - Sync 1 DAGs
[2023-10-18T21:27:19.160+0000] {logging_mixin.py:151} INFO - [2023-10-18T21:27:19.159+0000] {dag.py:3722} INFO - Setting next_dagrun for example_short_circuit_operator to 2023-10-17T21:27:19.159560+00:00, run_after=2023-10-18T21:27:19.159560+00:00
[2023-10-18T21:27:19.178+0000] {processor.py:179} INFO - Processing /home/airflow/.local/lib/python3.8/site-packages/airflow/example_dags/example_short_circuit_operator.py took 0.099 seconds
[2023-10-18T21:27:49.397+0000] {processor.py:157} INFO - Started process (PID=460) to work on /home/airflow/.local/lib/python3.8/site-packages/airflow/example_dags/example_short_circuit_operator.py
[2023-10-18T21:27:49.398+0000] {processor.py:829} INFO - Processing file /home/airflow/.local/lib/python3.8/site-packages/airflow/example_dags/example_short_circuit_operator.py for tasks to queue
[2023-10-18T21:27:49.400+0000] {logging_mixin.py:151} INFO - [2023-10-18T21:27:49.400+0000] {dagbag.py:536} INFO - Filling up the DagBag from /home/airflow/.local/lib/python3.8/site-packages/airflow/example_dags/example_short_circuit_operator.py
[2023-10-18T21:27:49.409+0000] {processor.py:839} INFO - DAG(s) dict_keys(['example_short_circuit_operator']) retrieved from /home/airflow/.local/lib/python3.8/site-packages/airflow/example_dags/example_short_circuit_operator.py
[2023-10-18T21:27:49.434+0000] {logging_mixin.py:151} INFO - [2023-10-18T21:27:49.434+0000] {dag.py:2941} INFO - Sync 1 DAGs
[2023-10-18T21:27:49.457+0000] {logging_mixin.py:151} INFO - [2023-10-18T21:27:49.457+0000] {dag.py:3722} INFO - Setting next_dagrun for example_short_circuit_operator to 2023-10-17T21:27:49.456937+00:00, run_after=2023-10-18T21:27:49.456937+00:00
[2023-10-18T21:27:49.476+0000] {processor.py:179} INFO - Processing /home/airflow/.local/lib/python3.8/site-packages/airflow/example_dags/example_short_circuit_operator.py took 0.086 seconds
[2023-10-18T21:28:19.544+0000] {processor.py:157} INFO - Started process (PID=513) to work on /home/airflow/.local/lib/python3.8/site-packages/airflow/example_dags/example_short_circuit_operator.py
[2023-10-18T21:28:19.545+0000] {processor.py:829} INFO - Processing file /home/airflow/.local/lib/python3.8/site-packages/airflow/example_dags/example_short_circuit_operator.py for tasks to queue
[2023-10-18T21:28:19.548+0000] {logging_mixin.py:151} INFO - [2023-10-18T21:28:19.548+0000] {dagbag.py:536} INFO - Filling up the DagBag from /home/airflow/.local/lib/python3.8/site-packages/airflow/example_dags/example_short_circuit_operator.py
[2023-10-18T21:28:19.557+0000] {processor.py:839} INFO - DAG(s) dict_keys(['example_short_circuit_operator']) retrieved from /home/airflow/.local/lib/python3.8/site-packages/airflow/example_dags/example_short_circuit_operator.py
[2023-10-18T21:28:19.583+0000] {logging_mixin.py:151} INFO - [2023-10-18T21:28:19.583+0000] {dag.py:2941} INFO - Sync 1 DAGs
[2023-10-18T21:28:19.610+0000] {logging_mixin.py:151} INFO - [2023-10-18T21:28:19.610+0000] {dag.py:3722} INFO - Setting next_dagrun for example_short_circuit_operator to 2023-10-17T21:28:19.609768+00:00, run_after=2023-10-18T21:28:19.609768+00:00
[2023-10-18T21:28:19.627+0000] {processor.py:179} INFO - Processing /home/airflow/.local/lib/python3.8/site-packages/airflow/example_dags/example_short_circuit_operator.py took 0.089 seconds
[2023-10-18T21:28:49.767+0000] {processor.py:157} INFO - Started process (PID=566) to work on /home/airflow/.local/lib/python3.8/site-packages/airflow/example_dags/example_short_circuit_operator.py
[2023-10-18T21:28:49.769+0000] {processor.py:829} INFO - Processing file /home/airflow/.local/lib/python3.8/site-packages/airflow/example_dags/example_short_circuit_operator.py for tasks to queue
[2023-10-18T21:28:49.771+0000] {logging_mixin.py:151} INFO - [2023-10-18T21:28:49.771+0000] {dagbag.py:536} INFO - Filling up the DagBag from /home/airflow/.local/lib/python3.8/site-packages/airflow/example_dags/example_short_circuit_operator.py
[2023-10-18T21:28:49.780+0000] {processor.py:839} INFO - DAG(s) dict_keys(['example_short_circuit_operator']) retrieved from /home/airflow/.local/lib/python3.8/site-packages/airflow/example_dags/example_short_circuit_operator.py
[2023-10-18T21:28:49.808+0000] {logging_mixin.py:151} INFO - [2023-10-18T21:28:49.808+0000] {dag.py:2941} INFO - Sync 1 DAGs
[2023-10-18T21:28:49.835+0000] {logging_mixin.py:151} INFO - [2023-10-18T21:28:49.835+0000] {dag.py:3722} INFO - Setting next_dagrun for example_short_circuit_operator to 2023-10-17T21:28:49.834951+00:00, run_after=2023-10-18T21:28:49.834951+00:00
[2023-10-18T21:28:49.853+0000] {processor.py:179} INFO - Processing /home/airflow/.local/lib/python3.8/site-packages/airflow/example_dags/example_short_circuit_operator.py took 0.093 seconds
[2023-10-18T21:29:20.074+0000] {processor.py:157} INFO - Started process (PID=619) to work on /home/airflow/.local/lib/python3.8/site-packages/airflow/example_dags/example_short_circuit_operator.py
[2023-10-18T21:29:20.075+0000] {processor.py:829} INFO - Processing file /home/airflow/.local/lib/python3.8/site-packages/airflow/example_dags/example_short_circuit_operator.py for tasks to queue
[2023-10-18T21:29:20.078+0000] {logging_mixin.py:151} INFO - [2023-10-18T21:29:20.077+0000] {dagbag.py:536} INFO - Filling up the DagBag from /home/airflow/.local/lib/python3.8/site-packages/airflow/example_dags/example_short_circuit_operator.py
[2023-10-18T21:29:20.086+0000] {processor.py:839} INFO - DAG(s) dict_keys(['example_short_circuit_operator']) retrieved from /home/airflow/.local/lib/python3.8/site-packages/airflow/example_dags/example_short_circuit_operator.py
[2023-10-18T21:29:20.120+0000] {logging_mixin.py:151} INFO - [2023-10-18T21:29:20.120+0000] {dag.py:2941} INFO - Sync 1 DAGs
[2023-10-18T21:29:20.152+0000] {logging_mixin.py:151} INFO - [2023-10-18T21:29:20.152+0000] {dag.py:3722} INFO - Setting next_dagrun for example_short_circuit_operator to 2023-10-17T21:29:20.152284+00:00, run_after=2023-10-18T21:29:20.152284+00:00
[2023-10-18T21:29:20.177+0000] {processor.py:179} INFO - Processing /home/airflow/.local/lib/python3.8/site-packages/airflow/example_dags/example_short_circuit_operator.py took 0.110 seconds
[2023-10-18T21:29:50.352+0000] {processor.py:157} INFO - Started process (PID=672) to work on /home/airflow/.local/lib/python3.8/site-packages/airflow/example_dags/example_short_circuit_operator.py
[2023-10-18T21:29:50.354+0000] {processor.py:829} INFO - Processing file /home/airflow/.local/lib/python3.8/site-packages/airflow/example_dags/example_short_circuit_operator.py for tasks to queue
[2023-10-18T21:29:50.357+0000] {logging_mixin.py:151} INFO - [2023-10-18T21:29:50.356+0000] {dagbag.py:536} INFO - Filling up the DagBag from /home/airflow/.local/lib/python3.8/site-packages/airflow/example_dags/example_short_circuit_operator.py
[2023-10-18T21:29:50.365+0000] {processor.py:839} INFO - DAG(s) dict_keys(['example_short_circuit_operator']) retrieved from /home/airflow/.local/lib/python3.8/site-packages/airflow/example_dags/example_short_circuit_operator.py
[2023-10-18T21:29:50.393+0000] {logging_mixin.py:151} INFO - [2023-10-18T21:29:50.393+0000] {dag.py:2941} INFO - Sync 1 DAGs
[2023-10-18T21:29:50.421+0000] {logging_mixin.py:151} INFO - [2023-10-18T21:29:50.421+0000] {dag.py:3722} INFO - Setting next_dagrun for example_short_circuit_operator to 2023-10-17T21:29:50.421054+00:00, run_after=2023-10-18T21:29:50.421054+00:00
[2023-10-18T21:29:50.441+0000] {processor.py:179} INFO - Processing /home/airflow/.local/lib/python3.8/site-packages/airflow/example_dags/example_short_circuit_operator.py took 0.095 seconds
[2023-10-18T21:30:20.676+0000] {processor.py:157} INFO - Started process (PID=726) to work on /home/airflow/.local/lib/python3.8/site-packages/airflow/example_dags/example_short_circuit_operator.py
[2023-10-18T21:30:20.678+0000] {processor.py:829} INFO - Processing file /home/airflow/.local/lib/python3.8/site-packages/airflow/example_dags/example_short_circuit_operator.py for tasks to queue
[2023-10-18T21:30:20.680+0000] {logging_mixin.py:151} INFO - [2023-10-18T21:30:20.680+0000] {dagbag.py:536} INFO - Filling up the DagBag from /home/airflow/.local/lib/python3.8/site-packages/airflow/example_dags/example_short_circuit_operator.py
[2023-10-18T21:30:20.689+0000] {processor.py:839} INFO - DAG(s) dict_keys(['example_short_circuit_operator']) retrieved from /home/airflow/.local/lib/python3.8/site-packages/airflow/example_dags/example_short_circuit_operator.py
[2023-10-18T21:30:20.731+0000] {logging_mixin.py:151} INFO - [2023-10-18T21:30:20.731+0000] {dag.py:2941} INFO - Sync 1 DAGs
[2023-10-18T21:30:20.756+0000] {logging_mixin.py:151} INFO - [2023-10-18T21:30:20.756+0000] {dag.py:3722} INFO - Setting next_dagrun for example_short_circuit_operator to 2023-10-17T21:30:20.755866+00:00, run_after=2023-10-18T21:30:20.755866+00:00
[2023-10-18T21:30:20.778+0000] {processor.py:179} INFO - Processing /home/airflow/.local/lib/python3.8/site-packages/airflow/example_dags/example_short_circuit_operator.py took 0.107 seconds
[2023-10-18T21:30:50.974+0000] {processor.py:157} INFO - Started process (PID=780) to work on /home/airflow/.local/lib/python3.8/site-packages/airflow/example_dags/example_short_circuit_operator.py
[2023-10-18T21:30:50.975+0000] {processor.py:829} INFO - Processing file /home/airflow/.local/lib/python3.8/site-packages/airflow/example_dags/example_short_circuit_operator.py for tasks to queue
[2023-10-18T21:30:50.978+0000] {logging_mixin.py:151} INFO - [2023-10-18T21:30:50.978+0000] {dagbag.py:536} INFO - Filling up the DagBag from /home/airflow/.local/lib/python3.8/site-packages/airflow/example_dags/example_short_circuit_operator.py
[2023-10-18T21:30:50.986+0000] {processor.py:839} INFO - DAG(s) dict_keys(['example_short_circuit_operator']) retrieved from /home/airflow/.local/lib/python3.8/site-packages/airflow/example_dags/example_short_circuit_operator.py
[2023-10-18T21:30:51.013+0000] {logging_mixin.py:151} INFO - [2023-10-18T21:30:51.013+0000] {dag.py:2941} INFO - Sync 1 DAGs
[2023-10-18T21:30:51.038+0000] {logging_mixin.py:151} INFO - [2023-10-18T21:30:51.038+0000] {dag.py:3722} INFO - Setting next_dagrun for example_short_circuit_operator to 2023-10-17T21:30:51.037984+00:00, run_after=2023-10-18T21:30:51.037984+00:00
[2023-10-18T21:30:51.059+0000] {processor.py:179} INFO - Processing /home/airflow/.local/lib/python3.8/site-packages/airflow/example_dags/example_short_circuit_operator.py took 0.090 seconds
[2023-10-18T21:31:21.264+0000] {processor.py:157} INFO - Started process (PID=833) to work on /home/airflow/.local/lib/python3.8/site-packages/airflow/example_dags/example_short_circuit_operator.py
[2023-10-18T21:31:21.265+0000] {processor.py:829} INFO - Processing file /home/airflow/.local/lib/python3.8/site-packages/airflow/example_dags/example_short_circuit_operator.py for tasks to queue
[2023-10-18T21:31:21.267+0000] {logging_mixin.py:151} INFO - [2023-10-18T21:31:21.267+0000] {dagbag.py:536} INFO - Filling up the DagBag from /home/airflow/.local/lib/python3.8/site-packages/airflow/example_dags/example_short_circuit_operator.py
[2023-10-18T21:31:21.276+0000] {processor.py:839} INFO - DAG(s) dict_keys(['example_short_circuit_operator']) retrieved from /home/airflow/.local/lib/python3.8/site-packages/airflow/example_dags/example_short_circuit_operator.py
[2023-10-18T21:31:21.300+0000] {logging_mixin.py:151} INFO - [2023-10-18T21:31:21.300+0000] {dag.py:2941} INFO - Sync 1 DAGs
[2023-10-18T21:31:21.322+0000] {logging_mixin.py:151} INFO - [2023-10-18T21:31:21.322+0000] {dag.py:3722} INFO - Setting next_dagrun for example_short_circuit_operator to 2023-10-17T21:31:21.322321+00:00, run_after=2023-10-18T21:31:21.322321+00:00
[2023-10-18T21:31:21.340+0000] {processor.py:179} INFO - Processing /home/airflow/.local/lib/python3.8/site-packages/airflow/example_dags/example_short_circuit_operator.py took 0.081 seconds
