[2023-10-18T21:06:47.066+0000] {processor.py:157} INFO - Started process (PID=55) to work on /home/airflow/.local/lib/python3.8/site-packages/airflow/example_dags/example_task_group_decorator.py
[2023-10-18T21:06:47.068+0000] {processor.py:829} INFO - Processing file /home/airflow/.local/lib/python3.8/site-packages/airflow/example_dags/example_task_group_decorator.py for tasks to queue
[2023-10-18T21:06:47.071+0000] {logging_mixin.py:151} INFO - [2023-10-18T21:06:47.071+0000] {dagbag.py:536} INFO - Filling up the DagBag from /home/airflow/.local/lib/python3.8/site-packages/airflow/example_dags/example_task_group_decorator.py
[2023-10-18T21:06:47.094+0000] {processor.py:839} INFO - DAG(s) dict_keys(['example_task_group_decorator']) retrieved from /home/airflow/.local/lib/python3.8/site-packages/airflow/example_dags/example_task_group_decorator.py
[2023-10-18T21:06:47.115+0000] {logging_mixin.py:151} INFO - [2023-10-18T21:06:47.115+0000] {dag.py:2941} INFO - Sync 1 DAGs
[2023-10-18T21:06:47.153+0000] {logging_mixin.py:151} INFO - [2023-10-18T21:06:47.153+0000] {dag.py:3722} INFO - Setting next_dagrun for example_task_group_decorator to 2023-10-17T21:06:47.153409+00:00, run_after=2023-10-18T21:06:47.153409+00:00
[2023-10-18T21:06:47.174+0000] {processor.py:179} INFO - Processing /home/airflow/.local/lib/python3.8/site-packages/airflow/example_dags/example_task_group_decorator.py took 0.115 seconds
[2023-10-18T21:07:17.585+0000] {processor.py:157} INFO - Started process (PID=108) to work on /home/airflow/.local/lib/python3.8/site-packages/airflow/example_dags/example_task_group_decorator.py
[2023-10-18T21:07:17.586+0000] {processor.py:829} INFO - Processing file /home/airflow/.local/lib/python3.8/site-packages/airflow/example_dags/example_task_group_decorator.py for tasks to queue
[2023-10-18T21:07:17.589+0000] {logging_mixin.py:151} INFO - [2023-10-18T21:07:17.589+0000] {dagbag.py:536} INFO - Filling up the DagBag from /home/airflow/.local/lib/python3.8/site-packages/airflow/example_dags/example_task_group_decorator.py
[2023-10-18T21:07:17.606+0000] {processor.py:839} INFO - DAG(s) dict_keys(['example_task_group_decorator']) retrieved from /home/airflow/.local/lib/python3.8/site-packages/airflow/example_dags/example_task_group_decorator.py
[2023-10-18T21:07:17.636+0000] {logging_mixin.py:151} INFO - [2023-10-18T21:07:17.636+0000] {dag.py:2941} INFO - Sync 1 DAGs
[2023-10-18T21:07:17.663+0000] {logging_mixin.py:151} INFO - [2023-10-18T21:07:17.663+0000] {dag.py:3722} INFO - Setting next_dagrun for example_task_group_decorator to 2023-10-17T21:07:17.663285+00:00, run_after=2023-10-18T21:07:17.663285+00:00
[2023-10-18T21:07:17.684+0000] {processor.py:179} INFO - Processing /home/airflow/.local/lib/python3.8/site-packages/airflow/example_dags/example_task_group_decorator.py took 0.104 seconds
[2023-10-18T21:07:47.864+0000] {processor.py:157} INFO - Started process (PID=161) to work on /home/airflow/.local/lib/python3.8/site-packages/airflow/example_dags/example_task_group_decorator.py
[2023-10-18T21:07:47.865+0000] {processor.py:829} INFO - Processing file /home/airflow/.local/lib/python3.8/site-packages/airflow/example_dags/example_task_group_decorator.py for tasks to queue
[2023-10-18T21:07:47.868+0000] {logging_mixin.py:151} INFO - [2023-10-18T21:07:47.868+0000] {dagbag.py:536} INFO - Filling up the DagBag from /home/airflow/.local/lib/python3.8/site-packages/airflow/example_dags/example_task_group_decorator.py
[2023-10-18T21:07:47.885+0000] {processor.py:839} INFO - DAG(s) dict_keys(['example_task_group_decorator']) retrieved from /home/airflow/.local/lib/python3.8/site-packages/airflow/example_dags/example_task_group_decorator.py
[2023-10-18T21:07:47.911+0000] {logging_mixin.py:151} INFO - [2023-10-18T21:07:47.910+0000] {dag.py:2941} INFO - Sync 1 DAGs
[2023-10-18T21:07:47.936+0000] {logging_mixin.py:151} INFO - [2023-10-18T21:07:47.936+0000] {dag.py:3722} INFO - Setting next_dagrun for example_task_group_decorator to 2023-10-17T21:07:47.936255+00:00, run_after=2023-10-18T21:07:47.936255+00:00
[2023-10-18T21:07:47.956+0000] {processor.py:179} INFO - Processing /home/airflow/.local/lib/python3.8/site-packages/airflow/example_dags/example_task_group_decorator.py took 0.099 seconds
[2023-10-18T21:08:18.184+0000] {processor.py:157} INFO - Started process (PID=214) to work on /home/airflow/.local/lib/python3.8/site-packages/airflow/example_dags/example_task_group_decorator.py
[2023-10-18T21:08:18.186+0000] {processor.py:829} INFO - Processing file /home/airflow/.local/lib/python3.8/site-packages/airflow/example_dags/example_task_group_decorator.py for tasks to queue
[2023-10-18T21:08:18.188+0000] {logging_mixin.py:151} INFO - [2023-10-18T21:08:18.188+0000] {dagbag.py:536} INFO - Filling up the DagBag from /home/airflow/.local/lib/python3.8/site-packages/airflow/example_dags/example_task_group_decorator.py
[2023-10-18T21:08:18.204+0000] {processor.py:839} INFO - DAG(s) dict_keys(['example_task_group_decorator']) retrieved from /home/airflow/.local/lib/python3.8/site-packages/airflow/example_dags/example_task_group_decorator.py
[2023-10-18T21:08:18.234+0000] {logging_mixin.py:151} INFO - [2023-10-18T21:08:18.233+0000] {dag.py:2941} INFO - Sync 1 DAGs
[2023-10-18T21:08:18.264+0000] {logging_mixin.py:151} INFO - [2023-10-18T21:08:18.264+0000] {dag.py:3722} INFO - Setting next_dagrun for example_task_group_decorator to 2023-10-17T21:08:18.264145+00:00, run_after=2023-10-18T21:08:18.264145+00:00
[2023-10-18T21:08:18.291+0000] {processor.py:179} INFO - Processing /home/airflow/.local/lib/python3.8/site-packages/airflow/example_dags/example_task_group_decorator.py took 0.111 seconds
[2023-10-18T21:08:48.354+0000] {processor.py:157} INFO - Started process (PID=268) to work on /home/airflow/.local/lib/python3.8/site-packages/airflow/example_dags/example_task_group_decorator.py
[2023-10-18T21:08:48.355+0000] {processor.py:829} INFO - Processing file /home/airflow/.local/lib/python3.8/site-packages/airflow/example_dags/example_task_group_decorator.py for tasks to queue
[2023-10-18T21:08:48.358+0000] {logging_mixin.py:151} INFO - [2023-10-18T21:08:48.358+0000] {dagbag.py:536} INFO - Filling up the DagBag from /home/airflow/.local/lib/python3.8/site-packages/airflow/example_dags/example_task_group_decorator.py
[2023-10-18T21:08:48.374+0000] {processor.py:839} INFO - DAG(s) dict_keys(['example_task_group_decorator']) retrieved from /home/airflow/.local/lib/python3.8/site-packages/airflow/example_dags/example_task_group_decorator.py
[2023-10-18T21:08:48.407+0000] {logging_mixin.py:151} INFO - [2023-10-18T21:08:48.407+0000] {dag.py:2941} INFO - Sync 1 DAGs
[2023-10-18T21:08:48.435+0000] {logging_mixin.py:151} INFO - [2023-10-18T21:08:48.434+0000] {dag.py:3722} INFO - Setting next_dagrun for example_task_group_decorator to 2023-10-17T21:08:48.434601+00:00, run_after=2023-10-18T21:08:48.434601+00:00
[2023-10-18T21:08:48.456+0000] {processor.py:179} INFO - Processing /home/airflow/.local/lib/python3.8/site-packages/airflow/example_dags/example_task_group_decorator.py took 0.106 seconds
[2023-10-18T21:09:18.694+0000] {processor.py:157} INFO - Started process (PID=321) to work on /home/airflow/.local/lib/python3.8/site-packages/airflow/example_dags/example_task_group_decorator.py
[2023-10-18T21:09:18.696+0000] {processor.py:829} INFO - Processing file /home/airflow/.local/lib/python3.8/site-packages/airflow/example_dags/example_task_group_decorator.py for tasks to queue
[2023-10-18T21:09:18.698+0000] {logging_mixin.py:151} INFO - [2023-10-18T21:09:18.698+0000] {dagbag.py:536} INFO - Filling up the DagBag from /home/airflow/.local/lib/python3.8/site-packages/airflow/example_dags/example_task_group_decorator.py
[2023-10-18T21:09:18.715+0000] {processor.py:839} INFO - DAG(s) dict_keys(['example_task_group_decorator']) retrieved from /home/airflow/.local/lib/python3.8/site-packages/airflow/example_dags/example_task_group_decorator.py
[2023-10-18T21:09:18.749+0000] {logging_mixin.py:151} INFO - [2023-10-18T21:09:18.749+0000] {dag.py:2941} INFO - Sync 1 DAGs
[2023-10-18T21:09:18.778+0000] {logging_mixin.py:151} INFO - [2023-10-18T21:09:18.777+0000] {dag.py:3722} INFO - Setting next_dagrun for example_task_group_decorator to 2023-10-17T21:09:18.777623+00:00, run_after=2023-10-18T21:09:18.777623+00:00
[2023-10-18T21:09:18.799+0000] {processor.py:179} INFO - Processing /home/airflow/.local/lib/python3.8/site-packages/airflow/example_dags/example_task_group_decorator.py took 0.109 seconds
[2023-10-18T21:09:49.028+0000] {processor.py:157} INFO - Started process (PID=374) to work on /home/airflow/.local/lib/python3.8/site-packages/airflow/example_dags/example_task_group_decorator.py
[2023-10-18T21:09:49.030+0000] {processor.py:829} INFO - Processing file /home/airflow/.local/lib/python3.8/site-packages/airflow/example_dags/example_task_group_decorator.py for tasks to queue
[2023-10-18T21:09:49.033+0000] {logging_mixin.py:151} INFO - [2023-10-18T21:09:49.033+0000] {dagbag.py:536} INFO - Filling up the DagBag from /home/airflow/.local/lib/python3.8/site-packages/airflow/example_dags/example_task_group_decorator.py
[2023-10-18T21:09:49.050+0000] {processor.py:839} INFO - DAG(s) dict_keys(['example_task_group_decorator']) retrieved from /home/airflow/.local/lib/python3.8/site-packages/airflow/example_dags/example_task_group_decorator.py
[2023-10-18T21:09:49.083+0000] {logging_mixin.py:151} INFO - [2023-10-18T21:09:49.083+0000] {dag.py:2941} INFO - Sync 1 DAGs
[2023-10-18T21:09:49.113+0000] {logging_mixin.py:151} INFO - [2023-10-18T21:09:49.113+0000] {dag.py:3722} INFO - Setting next_dagrun for example_task_group_decorator to 2023-10-17T21:09:49.113119+00:00, run_after=2023-10-18T21:09:49.113119+00:00
[2023-10-18T21:09:49.134+0000] {processor.py:179} INFO - Processing /home/airflow/.local/lib/python3.8/site-packages/airflow/example_dags/example_task_group_decorator.py took 0.111 seconds
[2023-10-18T21:10:19.250+0000] {processor.py:157} INFO - Started process (PID=427) to work on /home/airflow/.local/lib/python3.8/site-packages/airflow/example_dags/example_task_group_decorator.py
[2023-10-18T21:10:19.251+0000] {processor.py:829} INFO - Processing file /home/airflow/.local/lib/python3.8/site-packages/airflow/example_dags/example_task_group_decorator.py for tasks to queue
[2023-10-18T21:10:19.254+0000] {logging_mixin.py:151} INFO - [2023-10-18T21:10:19.253+0000] {dagbag.py:536} INFO - Filling up the DagBag from /home/airflow/.local/lib/python3.8/site-packages/airflow/example_dags/example_task_group_decorator.py
[2023-10-18T21:10:19.270+0000] {processor.py:839} INFO - DAG(s) dict_keys(['example_task_group_decorator']) retrieved from /home/airflow/.local/lib/python3.8/site-packages/airflow/example_dags/example_task_group_decorator.py
[2023-10-18T21:10:19.299+0000] {logging_mixin.py:151} INFO - [2023-10-18T21:10:19.299+0000] {dag.py:2941} INFO - Sync 1 DAGs
[2023-10-18T21:10:19.324+0000] {logging_mixin.py:151} INFO - [2023-10-18T21:10:19.324+0000] {dag.py:3722} INFO - Setting next_dagrun for example_task_group_decorator to 2023-10-17T21:10:19.324214+00:00, run_after=2023-10-18T21:10:19.324214+00:00
[2023-10-18T21:10:19.344+0000] {processor.py:179} INFO - Processing /home/airflow/.local/lib/python3.8/site-packages/airflow/example_dags/example_task_group_decorator.py took 0.099 seconds
[2023-10-18T21:10:49.389+0000] {processor.py:157} INFO - Started process (PID=480) to work on /home/airflow/.local/lib/python3.8/site-packages/airflow/example_dags/example_task_group_decorator.py
[2023-10-18T21:10:49.390+0000] {processor.py:829} INFO - Processing file /home/airflow/.local/lib/python3.8/site-packages/airflow/example_dags/example_task_group_decorator.py for tasks to queue
[2023-10-18T21:10:49.393+0000] {logging_mixin.py:151} INFO - [2023-10-18T21:10:49.393+0000] {dagbag.py:536} INFO - Filling up the DagBag from /home/airflow/.local/lib/python3.8/site-packages/airflow/example_dags/example_task_group_decorator.py
[2023-10-18T21:10:49.409+0000] {processor.py:839} INFO - DAG(s) dict_keys(['example_task_group_decorator']) retrieved from /home/airflow/.local/lib/python3.8/site-packages/airflow/example_dags/example_task_group_decorator.py
[2023-10-18T21:10:49.441+0000] {logging_mixin.py:151} INFO - [2023-10-18T21:10:49.440+0000] {dag.py:2941} INFO - Sync 1 DAGs
[2023-10-18T21:10:49.468+0000] {logging_mixin.py:151} INFO - [2023-10-18T21:10:49.468+0000] {dag.py:3722} INFO - Setting next_dagrun for example_task_group_decorator to 2023-10-17T21:10:49.468003+00:00, run_after=2023-10-18T21:10:49.468003+00:00
[2023-10-18T21:10:49.490+0000] {processor.py:179} INFO - Processing /home/airflow/.local/lib/python3.8/site-packages/airflow/example_dags/example_task_group_decorator.py took 0.107 seconds
[2023-10-18T21:11:19.925+0000] {processor.py:157} INFO - Started process (PID=533) to work on /home/airflow/.local/lib/python3.8/site-packages/airflow/example_dags/example_task_group_decorator.py
[2023-10-18T21:11:19.926+0000] {processor.py:829} INFO - Processing file /home/airflow/.local/lib/python3.8/site-packages/airflow/example_dags/example_task_group_decorator.py for tasks to queue
[2023-10-18T21:11:19.929+0000] {logging_mixin.py:151} INFO - [2023-10-18T21:11:19.929+0000] {dagbag.py:536} INFO - Filling up the DagBag from /home/airflow/.local/lib/python3.8/site-packages/airflow/example_dags/example_task_group_decorator.py
[2023-10-18T21:11:19.948+0000] {processor.py:839} INFO - DAG(s) dict_keys(['example_task_group_decorator']) retrieved from /home/airflow/.local/lib/python3.8/site-packages/airflow/example_dags/example_task_group_decorator.py
[2023-10-18T21:11:19.979+0000] {logging_mixin.py:151} INFO - [2023-10-18T21:11:19.979+0000] {dag.py:2941} INFO - Sync 1 DAGs
[2023-10-18T21:11:20.006+0000] {logging_mixin.py:151} INFO - [2023-10-18T21:11:20.006+0000] {dag.py:3722} INFO - Setting next_dagrun for example_task_group_decorator to 2023-10-17T21:11:20.006155+00:00, run_after=2023-10-18T21:11:20.006155+00:00
[2023-10-18T21:11:20.028+0000] {processor.py:179} INFO - Processing /home/airflow/.local/lib/python3.8/site-packages/airflow/example_dags/example_task_group_decorator.py took 0.110 seconds
[2023-10-18T21:11:50.295+0000] {processor.py:157} INFO - Started process (PID=586) to work on /home/airflow/.local/lib/python3.8/site-packages/airflow/example_dags/example_task_group_decorator.py
[2023-10-18T21:11:50.296+0000] {processor.py:829} INFO - Processing file /home/airflow/.local/lib/python3.8/site-packages/airflow/example_dags/example_task_group_decorator.py for tasks to queue
[2023-10-18T21:11:50.300+0000] {logging_mixin.py:151} INFO - [2023-10-18T21:11:50.299+0000] {dagbag.py:536} INFO - Filling up the DagBag from /home/airflow/.local/lib/python3.8/site-packages/airflow/example_dags/example_task_group_decorator.py
[2023-10-18T21:11:50.316+0000] {processor.py:839} INFO - DAG(s) dict_keys(['example_task_group_decorator']) retrieved from /home/airflow/.local/lib/python3.8/site-packages/airflow/example_dags/example_task_group_decorator.py
[2023-10-18T21:11:50.346+0000] {logging_mixin.py:151} INFO - [2023-10-18T21:11:50.345+0000] {dag.py:2941} INFO - Sync 1 DAGs
[2023-10-18T21:11:50.374+0000] {logging_mixin.py:151} INFO - [2023-10-18T21:11:50.374+0000] {dag.py:3722} INFO - Setting next_dagrun for example_task_group_decorator to 2023-10-17T21:11:50.374203+00:00, run_after=2023-10-18T21:11:50.374203+00:00
[2023-10-18T21:11:50.406+0000] {processor.py:179} INFO - Processing /home/airflow/.local/lib/python3.8/site-packages/airflow/example_dags/example_task_group_decorator.py took 0.117 seconds
[2023-10-18T21:12:20.458+0000] {processor.py:157} INFO - Started process (PID=640) to work on /home/airflow/.local/lib/python3.8/site-packages/airflow/example_dags/example_task_group_decorator.py
[2023-10-18T21:12:20.459+0000] {processor.py:829} INFO - Processing file /home/airflow/.local/lib/python3.8/site-packages/airflow/example_dags/example_task_group_decorator.py for tasks to queue
[2023-10-18T21:12:20.462+0000] {logging_mixin.py:151} INFO - [2023-10-18T21:12:20.462+0000] {dagbag.py:536} INFO - Filling up the DagBag from /home/airflow/.local/lib/python3.8/site-packages/airflow/example_dags/example_task_group_decorator.py
[2023-10-18T21:12:20.478+0000] {processor.py:839} INFO - DAG(s) dict_keys(['example_task_group_decorator']) retrieved from /home/airflow/.local/lib/python3.8/site-packages/airflow/example_dags/example_task_group_decorator.py
[2023-10-18T21:12:20.507+0000] {logging_mixin.py:151} INFO - [2023-10-18T21:12:20.507+0000] {dag.py:2941} INFO - Sync 1 DAGs
[2023-10-18T21:12:20.533+0000] {logging_mixin.py:151} INFO - [2023-10-18T21:12:20.533+0000] {dag.py:3722} INFO - Setting next_dagrun for example_task_group_decorator to 2023-10-17T21:12:20.532848+00:00, run_after=2023-10-18T21:12:20.532848+00:00
[2023-10-18T21:12:20.549+0000] {processor.py:179} INFO - Processing /home/airflow/.local/lib/python3.8/site-packages/airflow/example_dags/example_task_group_decorator.py took 0.095 seconds
[2023-10-18T21:12:51.115+0000] {processor.py:157} INFO - Started process (PID=693) to work on /home/airflow/.local/lib/python3.8/site-packages/airflow/example_dags/example_task_group_decorator.py
[2023-10-18T21:12:51.116+0000] {processor.py:829} INFO - Processing file /home/airflow/.local/lib/python3.8/site-packages/airflow/example_dags/example_task_group_decorator.py for tasks to queue
[2023-10-18T21:12:51.119+0000] {logging_mixin.py:151} INFO - [2023-10-18T21:12:51.119+0000] {dagbag.py:536} INFO - Filling up the DagBag from /home/airflow/.local/lib/python3.8/site-packages/airflow/example_dags/example_task_group_decorator.py
[2023-10-18T21:12:51.137+0000] {processor.py:839} INFO - DAG(s) dict_keys(['example_task_group_decorator']) retrieved from /home/airflow/.local/lib/python3.8/site-packages/airflow/example_dags/example_task_group_decorator.py
[2023-10-18T21:12:51.168+0000] {logging_mixin.py:151} INFO - [2023-10-18T21:12:51.168+0000] {dag.py:2941} INFO - Sync 1 DAGs
[2023-10-18T21:12:51.199+0000] {logging_mixin.py:151} INFO - [2023-10-18T21:12:51.198+0000] {dag.py:3722} INFO - Setting next_dagrun for example_task_group_decorator to 2023-10-17T21:12:51.198562+00:00, run_after=2023-10-18T21:12:51.198562+00:00
[2023-10-18T21:12:51.220+0000] {processor.py:179} INFO - Processing /home/airflow/.local/lib/python3.8/site-packages/airflow/example_dags/example_task_group_decorator.py took 0.110 seconds
[2023-10-18T21:15:09.413+0000] {processor.py:157} INFO - Started process (PID=54) to work on /home/airflow/.local/lib/python3.8/site-packages/airflow/example_dags/example_task_group_decorator.py
[2023-10-18T21:15:09.414+0000] {processor.py:829} INFO - Processing file /home/airflow/.local/lib/python3.8/site-packages/airflow/example_dags/example_task_group_decorator.py for tasks to queue
[2023-10-18T21:15:09.417+0000] {logging_mixin.py:151} INFO - [2023-10-18T21:15:09.417+0000] {dagbag.py:536} INFO - Filling up the DagBag from /home/airflow/.local/lib/python3.8/site-packages/airflow/example_dags/example_task_group_decorator.py
[2023-10-18T21:15:09.435+0000] {processor.py:839} INFO - DAG(s) dict_keys(['example_task_group_decorator']) retrieved from /home/airflow/.local/lib/python3.8/site-packages/airflow/example_dags/example_task_group_decorator.py
[2023-10-18T21:15:09.474+0000] {logging_mixin.py:151} INFO - [2023-10-18T21:15:09.474+0000] {dag.py:2941} INFO - Sync 1 DAGs
[2023-10-18T21:15:09.500+0000] {logging_mixin.py:151} INFO - [2023-10-18T21:15:09.499+0000] {dag.py:3722} INFO - Setting next_dagrun for example_task_group_decorator to 2023-10-17T21:15:09.499620+00:00, run_after=2023-10-18T21:15:09.499620+00:00
[2023-10-18T21:15:09.517+0000] {processor.py:179} INFO - Processing /home/airflow/.local/lib/python3.8/site-packages/airflow/example_dags/example_task_group_decorator.py took 0.108 seconds
[2023-10-18T21:15:39.880+0000] {processor.py:157} INFO - Started process (PID=106) to work on /home/airflow/.local/lib/python3.8/site-packages/airflow/example_dags/example_task_group_decorator.py
[2023-10-18T21:15:39.881+0000] {processor.py:829} INFO - Processing file /home/airflow/.local/lib/python3.8/site-packages/airflow/example_dags/example_task_group_decorator.py for tasks to queue
[2023-10-18T21:15:39.884+0000] {logging_mixin.py:151} INFO - [2023-10-18T21:15:39.883+0000] {dagbag.py:536} INFO - Filling up the DagBag from /home/airflow/.local/lib/python3.8/site-packages/airflow/example_dags/example_task_group_decorator.py
[2023-10-18T21:15:39.900+0000] {processor.py:839} INFO - DAG(s) dict_keys(['example_task_group_decorator']) retrieved from /home/airflow/.local/lib/python3.8/site-packages/airflow/example_dags/example_task_group_decorator.py
[2023-10-18T21:15:39.931+0000] {logging_mixin.py:151} INFO - [2023-10-18T21:15:39.931+0000] {dag.py:2941} INFO - Sync 1 DAGs
[2023-10-18T21:15:39.959+0000] {logging_mixin.py:151} INFO - [2023-10-18T21:15:39.958+0000] {dag.py:3722} INFO - Setting next_dagrun for example_task_group_decorator to 2023-10-17T21:15:39.958549+00:00, run_after=2023-10-18T21:15:39.958549+00:00
[2023-10-18T21:15:39.979+0000] {processor.py:179} INFO - Processing /home/airflow/.local/lib/python3.8/site-packages/airflow/example_dags/example_task_group_decorator.py took 0.104 seconds
[2023-10-18T21:16:10.208+0000] {processor.py:157} INFO - Started process (PID=160) to work on /home/airflow/.local/lib/python3.8/site-packages/airflow/example_dags/example_task_group_decorator.py
[2023-10-18T21:16:10.209+0000] {processor.py:829} INFO - Processing file /home/airflow/.local/lib/python3.8/site-packages/airflow/example_dags/example_task_group_decorator.py for tasks to queue
[2023-10-18T21:16:10.212+0000] {logging_mixin.py:151} INFO - [2023-10-18T21:16:10.212+0000] {dagbag.py:536} INFO - Filling up the DagBag from /home/airflow/.local/lib/python3.8/site-packages/airflow/example_dags/example_task_group_decorator.py
[2023-10-18T21:16:10.230+0000] {processor.py:839} INFO - DAG(s) dict_keys(['example_task_group_decorator']) retrieved from /home/airflow/.local/lib/python3.8/site-packages/airflow/example_dags/example_task_group_decorator.py
[2023-10-18T21:16:10.261+0000] {logging_mixin.py:151} INFO - [2023-10-18T21:16:10.261+0000] {dag.py:2941} INFO - Sync 1 DAGs
[2023-10-18T21:16:10.289+0000] {logging_mixin.py:151} INFO - [2023-10-18T21:16:10.289+0000] {dag.py:3722} INFO - Setting next_dagrun for example_task_group_decorator to 2023-10-17T21:16:10.288886+00:00, run_after=2023-10-18T21:16:10.288886+00:00
[2023-10-18T21:16:10.311+0000] {processor.py:179} INFO - Processing /home/airflow/.local/lib/python3.8/site-packages/airflow/example_dags/example_task_group_decorator.py took 0.109 seconds
[2023-10-18T21:16:40.567+0000] {processor.py:157} INFO - Started process (PID=213) to work on /home/airflow/.local/lib/python3.8/site-packages/airflow/example_dags/example_task_group_decorator.py
[2023-10-18T21:16:40.569+0000] {processor.py:829} INFO - Processing file /home/airflow/.local/lib/python3.8/site-packages/airflow/example_dags/example_task_group_decorator.py for tasks to queue
[2023-10-18T21:16:40.571+0000] {logging_mixin.py:151} INFO - [2023-10-18T21:16:40.571+0000] {dagbag.py:536} INFO - Filling up the DagBag from /home/airflow/.local/lib/python3.8/site-packages/airflow/example_dags/example_task_group_decorator.py
[2023-10-18T21:16:40.587+0000] {processor.py:839} INFO - DAG(s) dict_keys(['example_task_group_decorator']) retrieved from /home/airflow/.local/lib/python3.8/site-packages/airflow/example_dags/example_task_group_decorator.py
[2023-10-18T21:16:40.619+0000] {logging_mixin.py:151} INFO - [2023-10-18T21:16:40.619+0000] {dag.py:2941} INFO - Sync 1 DAGs
[2023-10-18T21:16:40.646+0000] {logging_mixin.py:151} INFO - [2023-10-18T21:16:40.645+0000] {dag.py:3722} INFO - Setting next_dagrun for example_task_group_decorator to 2023-10-17T21:16:40.645561+00:00, run_after=2023-10-18T21:16:40.645561+00:00
[2023-10-18T21:16:40.663+0000] {processor.py:179} INFO - Processing /home/airflow/.local/lib/python3.8/site-packages/airflow/example_dags/example_task_group_decorator.py took 0.101 seconds
[2023-10-18T21:17:10.736+0000] {processor.py:157} INFO - Started process (PID=267) to work on /home/airflow/.local/lib/python3.8/site-packages/airflow/example_dags/example_task_group_decorator.py
[2023-10-18T21:17:10.737+0000] {processor.py:829} INFO - Processing file /home/airflow/.local/lib/python3.8/site-packages/airflow/example_dags/example_task_group_decorator.py for tasks to queue
[2023-10-18T21:17:10.740+0000] {logging_mixin.py:151} INFO - [2023-10-18T21:17:10.739+0000] {dagbag.py:536} INFO - Filling up the DagBag from /home/airflow/.local/lib/python3.8/site-packages/airflow/example_dags/example_task_group_decorator.py
[2023-10-18T21:17:10.757+0000] {processor.py:839} INFO - DAG(s) dict_keys(['example_task_group_decorator']) retrieved from /home/airflow/.local/lib/python3.8/site-packages/airflow/example_dags/example_task_group_decorator.py
[2023-10-18T21:17:10.787+0000] {logging_mixin.py:151} INFO - [2023-10-18T21:17:10.787+0000] {dag.py:2941} INFO - Sync 1 DAGs
[2023-10-18T21:17:10.822+0000] {logging_mixin.py:151} INFO - [2023-10-18T21:17:10.822+0000] {dag.py:3722} INFO - Setting next_dagrun for example_task_group_decorator to 2023-10-17T21:17:10.821914+00:00, run_after=2023-10-18T21:17:10.821914+00:00
[2023-10-18T21:17:10.839+0000] {processor.py:179} INFO - Processing /home/airflow/.local/lib/python3.8/site-packages/airflow/example_dags/example_task_group_decorator.py took 0.108 seconds
[2023-10-18T21:17:40.953+0000] {processor.py:157} INFO - Started process (PID=320) to work on /home/airflow/.local/lib/python3.8/site-packages/airflow/example_dags/example_task_group_decorator.py
[2023-10-18T21:17:40.954+0000] {processor.py:829} INFO - Processing file /home/airflow/.local/lib/python3.8/site-packages/airflow/example_dags/example_task_group_decorator.py for tasks to queue
[2023-10-18T21:17:40.957+0000] {logging_mixin.py:151} INFO - [2023-10-18T21:17:40.956+0000] {dagbag.py:536} INFO - Filling up the DagBag from /home/airflow/.local/lib/python3.8/site-packages/airflow/example_dags/example_task_group_decorator.py
[2023-10-18T21:17:40.973+0000] {processor.py:839} INFO - DAG(s) dict_keys(['example_task_group_decorator']) retrieved from /home/airflow/.local/lib/python3.8/site-packages/airflow/example_dags/example_task_group_decorator.py
[2023-10-18T21:17:40.987+0000] {logging_mixin.py:151} INFO - [2023-10-18T21:17:40.987+0000] {dag.py:2941} INFO - Sync 1 DAGs
[2023-10-18T21:17:41.010+0000] {logging_mixin.py:151} INFO - [2023-10-18T21:17:41.010+0000] {dag.py:3722} INFO - Setting next_dagrun for example_task_group_decorator to 2023-10-17T21:17:41.009852+00:00, run_after=2023-10-18T21:17:41.009852+00:00
[2023-10-18T21:17:41.026+0000] {processor.py:179} INFO - Processing /home/airflow/.local/lib/python3.8/site-packages/airflow/example_dags/example_task_group_decorator.py took 0.077 seconds
[2023-10-18T21:18:11.649+0000] {processor.py:157} INFO - Started process (PID=373) to work on /home/airflow/.local/lib/python3.8/site-packages/airflow/example_dags/example_task_group_decorator.py
[2023-10-18T21:18:11.651+0000] {processor.py:829} INFO - Processing file /home/airflow/.local/lib/python3.8/site-packages/airflow/example_dags/example_task_group_decorator.py for tasks to queue
[2023-10-18T21:18:11.655+0000] {logging_mixin.py:151} INFO - [2023-10-18T21:18:11.655+0000] {dagbag.py:536} INFO - Filling up the DagBag from /home/airflow/.local/lib/python3.8/site-packages/airflow/example_dags/example_task_group_decorator.py
[2023-10-18T21:18:11.673+0000] {processor.py:839} INFO - DAG(s) dict_keys(['example_task_group_decorator']) retrieved from /home/airflow/.local/lib/python3.8/site-packages/airflow/example_dags/example_task_group_decorator.py
[2023-10-18T21:18:11.705+0000] {logging_mixin.py:151} INFO - [2023-10-18T21:18:11.705+0000] {dag.py:2941} INFO - Sync 1 DAGs
[2023-10-18T21:18:11.733+0000] {logging_mixin.py:151} INFO - [2023-10-18T21:18:11.733+0000] {dag.py:3722} INFO - Setting next_dagrun for example_task_group_decorator to 2023-10-17T21:18:11.733410+00:00, run_after=2023-10-18T21:18:11.733410+00:00
[2023-10-18T21:18:11.753+0000] {processor.py:179} INFO - Processing /home/airflow/.local/lib/python3.8/site-packages/airflow/example_dags/example_task_group_decorator.py took 0.112 seconds
[2023-10-18T21:18:41.888+0000] {processor.py:157} INFO - Started process (PID=426) to work on /home/airflow/.local/lib/python3.8/site-packages/airflow/example_dags/example_task_group_decorator.py
[2023-10-18T21:18:41.889+0000] {processor.py:829} INFO - Processing file /home/airflow/.local/lib/python3.8/site-packages/airflow/example_dags/example_task_group_decorator.py for tasks to queue
[2023-10-18T21:18:41.892+0000] {logging_mixin.py:151} INFO - [2023-10-18T21:18:41.891+0000] {dagbag.py:536} INFO - Filling up the DagBag from /home/airflow/.local/lib/python3.8/site-packages/airflow/example_dags/example_task_group_decorator.py
[2023-10-18T21:18:41.909+0000] {processor.py:839} INFO - DAG(s) dict_keys(['example_task_group_decorator']) retrieved from /home/airflow/.local/lib/python3.8/site-packages/airflow/example_dags/example_task_group_decorator.py
[2023-10-18T21:18:41.937+0000] {logging_mixin.py:151} INFO - [2023-10-18T21:18:41.936+0000] {dag.py:2941} INFO - Sync 1 DAGs
[2023-10-18T21:18:41.961+0000] {logging_mixin.py:151} INFO - [2023-10-18T21:18:41.961+0000] {dag.py:3722} INFO - Setting next_dagrun for example_task_group_decorator to 2023-10-17T21:18:41.960750+00:00, run_after=2023-10-18T21:18:41.960750+00:00
[2023-10-18T21:18:41.979+0000] {processor.py:179} INFO - Processing /home/airflow/.local/lib/python3.8/site-packages/airflow/example_dags/example_task_group_decorator.py took 0.095 seconds
[2023-10-18T21:19:12.258+0000] {processor.py:157} INFO - Started process (PID=479) to work on /home/airflow/.local/lib/python3.8/site-packages/airflow/example_dags/example_task_group_decorator.py
[2023-10-18T21:19:12.259+0000] {processor.py:829} INFO - Processing file /home/airflow/.local/lib/python3.8/site-packages/airflow/example_dags/example_task_group_decorator.py for tasks to queue
[2023-10-18T21:19:12.262+0000] {logging_mixin.py:151} INFO - [2023-10-18T21:19:12.262+0000] {dagbag.py:536} INFO - Filling up the DagBag from /home/airflow/.local/lib/python3.8/site-packages/airflow/example_dags/example_task_group_decorator.py
[2023-10-18T21:19:12.281+0000] {processor.py:839} INFO - DAG(s) dict_keys(['example_task_group_decorator']) retrieved from /home/airflow/.local/lib/python3.8/site-packages/airflow/example_dags/example_task_group_decorator.py
[2023-10-18T21:19:12.318+0000] {logging_mixin.py:151} INFO - [2023-10-18T21:19:12.318+0000] {dag.py:2941} INFO - Sync 1 DAGs
[2023-10-18T21:19:12.345+0000] {logging_mixin.py:151} INFO - [2023-10-18T21:19:12.344+0000] {dag.py:3722} INFO - Setting next_dagrun for example_task_group_decorator to 2023-10-17T21:19:12.344540+00:00, run_after=2023-10-18T21:19:12.344540+00:00
[2023-10-18T21:19:12.369+0000] {processor.py:179} INFO - Processing /home/airflow/.local/lib/python3.8/site-packages/airflow/example_dags/example_task_group_decorator.py took 0.115 seconds
[2023-10-18T21:19:42.613+0000] {processor.py:157} INFO - Started process (PID=532) to work on /home/airflow/.local/lib/python3.8/site-packages/airflow/example_dags/example_task_group_decorator.py
[2023-10-18T21:19:42.615+0000] {processor.py:829} INFO - Processing file /home/airflow/.local/lib/python3.8/site-packages/airflow/example_dags/example_task_group_decorator.py for tasks to queue
[2023-10-18T21:19:42.618+0000] {logging_mixin.py:151} INFO - [2023-10-18T21:19:42.617+0000] {dagbag.py:536} INFO - Filling up the DagBag from /home/airflow/.local/lib/python3.8/site-packages/airflow/example_dags/example_task_group_decorator.py
[2023-10-18T21:19:42.634+0000] {processor.py:839} INFO - DAG(s) dict_keys(['example_task_group_decorator']) retrieved from /home/airflow/.local/lib/python3.8/site-packages/airflow/example_dags/example_task_group_decorator.py
[2023-10-18T21:19:42.665+0000] {logging_mixin.py:151} INFO - [2023-10-18T21:19:42.665+0000] {dag.py:2941} INFO - Sync 1 DAGs
[2023-10-18T21:19:42.693+0000] {logging_mixin.py:151} INFO - [2023-10-18T21:19:42.693+0000] {dag.py:3722} INFO - Setting next_dagrun for example_task_group_decorator to 2023-10-17T21:19:42.692744+00:00, run_after=2023-10-18T21:19:42.692744+00:00
[2023-10-18T21:19:42.714+0000] {processor.py:179} INFO - Processing /home/airflow/.local/lib/python3.8/site-packages/airflow/example_dags/example_task_group_decorator.py took 0.106 seconds
[2023-10-18T21:20:13.102+0000] {processor.py:157} INFO - Started process (PID=585) to work on /home/airflow/.local/lib/python3.8/site-packages/airflow/example_dags/example_task_group_decorator.py
[2023-10-18T21:20:13.104+0000] {processor.py:829} INFO - Processing file /home/airflow/.local/lib/python3.8/site-packages/airflow/example_dags/example_task_group_decorator.py for tasks to queue
[2023-10-18T21:20:13.106+0000] {logging_mixin.py:151} INFO - [2023-10-18T21:20:13.106+0000] {dagbag.py:536} INFO - Filling up the DagBag from /home/airflow/.local/lib/python3.8/site-packages/airflow/example_dags/example_task_group_decorator.py
[2023-10-18T21:20:13.124+0000] {processor.py:839} INFO - DAG(s) dict_keys(['example_task_group_decorator']) retrieved from /home/airflow/.local/lib/python3.8/site-packages/airflow/example_dags/example_task_group_decorator.py
[2023-10-18T21:20:13.152+0000] {logging_mixin.py:151} INFO - [2023-10-18T21:20:13.152+0000] {dag.py:2941} INFO - Sync 1 DAGs
[2023-10-18T21:20:13.180+0000] {logging_mixin.py:151} INFO - [2023-10-18T21:20:13.180+0000] {dag.py:3722} INFO - Setting next_dagrun for example_task_group_decorator to 2023-10-17T21:20:13.180022+00:00, run_after=2023-10-18T21:20:13.180022+00:00
[2023-10-18T21:20:13.200+0000] {processor.py:179} INFO - Processing /home/airflow/.local/lib/python3.8/site-packages/airflow/example_dags/example_task_group_decorator.py took 0.104 seconds
[2023-10-18T21:20:43.384+0000] {processor.py:157} INFO - Started process (PID=638) to work on /home/airflow/.local/lib/python3.8/site-packages/airflow/example_dags/example_task_group_decorator.py
[2023-10-18T21:20:43.386+0000] {processor.py:829} INFO - Processing file /home/airflow/.local/lib/python3.8/site-packages/airflow/example_dags/example_task_group_decorator.py for tasks to queue
[2023-10-18T21:20:43.389+0000] {logging_mixin.py:151} INFO - [2023-10-18T21:20:43.388+0000] {dagbag.py:536} INFO - Filling up the DagBag from /home/airflow/.local/lib/python3.8/site-packages/airflow/example_dags/example_task_group_decorator.py
[2023-10-18T21:20:43.406+0000] {processor.py:839} INFO - DAG(s) dict_keys(['example_task_group_decorator']) retrieved from /home/airflow/.local/lib/python3.8/site-packages/airflow/example_dags/example_task_group_decorator.py
[2023-10-18T21:20:43.437+0000] {logging_mixin.py:151} INFO - [2023-10-18T21:20:43.437+0000] {dag.py:2941} INFO - Sync 1 DAGs
[2023-10-18T21:20:43.462+0000] {logging_mixin.py:151} INFO - [2023-10-18T21:20:43.462+0000] {dag.py:3722} INFO - Setting next_dagrun for example_task_group_decorator to 2023-10-17T21:20:43.462328+00:00, run_after=2023-10-18T21:20:43.462328+00:00
[2023-10-18T21:20:43.479+0000] {processor.py:179} INFO - Processing /home/airflow/.local/lib/python3.8/site-packages/airflow/example_dags/example_task_group_decorator.py took 0.102 seconds
[2023-10-18T21:21:13.566+0000] {processor.py:157} INFO - Started process (PID=691) to work on /home/airflow/.local/lib/python3.8/site-packages/airflow/example_dags/example_task_group_decorator.py
[2023-10-18T21:21:13.568+0000] {processor.py:829} INFO - Processing file /home/airflow/.local/lib/python3.8/site-packages/airflow/example_dags/example_task_group_decorator.py for tasks to queue
[2023-10-18T21:21:13.571+0000] {logging_mixin.py:151} INFO - [2023-10-18T21:21:13.570+0000] {dagbag.py:536} INFO - Filling up the DagBag from /home/airflow/.local/lib/python3.8/site-packages/airflow/example_dags/example_task_group_decorator.py
[2023-10-18T21:21:13.587+0000] {processor.py:839} INFO - DAG(s) dict_keys(['example_task_group_decorator']) retrieved from /home/airflow/.local/lib/python3.8/site-packages/airflow/example_dags/example_task_group_decorator.py
[2023-10-18T21:21:13.629+0000] {logging_mixin.py:151} INFO - [2023-10-18T21:21:13.629+0000] {dag.py:2941} INFO - Sync 1 DAGs
[2023-10-18T21:21:13.655+0000] {logging_mixin.py:151} INFO - [2023-10-18T21:21:13.655+0000] {dag.py:3722} INFO - Setting next_dagrun for example_task_group_decorator to 2023-10-17T21:21:13.654788+00:00, run_after=2023-10-18T21:21:13.654788+00:00
[2023-10-18T21:21:13.671+0000] {processor.py:179} INFO - Processing /home/airflow/.local/lib/python3.8/site-packages/airflow/example_dags/example_task_group_decorator.py took 0.112 seconds
[2023-10-18T21:21:44.284+0000] {processor.py:157} INFO - Started process (PID=745) to work on /home/airflow/.local/lib/python3.8/site-packages/airflow/example_dags/example_task_group_decorator.py
[2023-10-18T21:21:44.286+0000] {processor.py:829} INFO - Processing file /home/airflow/.local/lib/python3.8/site-packages/airflow/example_dags/example_task_group_decorator.py for tasks to queue
[2023-10-18T21:21:44.288+0000] {logging_mixin.py:151} INFO - [2023-10-18T21:21:44.288+0000] {dagbag.py:536} INFO - Filling up the DagBag from /home/airflow/.local/lib/python3.8/site-packages/airflow/example_dags/example_task_group_decorator.py
[2023-10-18T21:21:44.304+0000] {processor.py:839} INFO - DAG(s) dict_keys(['example_task_group_decorator']) retrieved from /home/airflow/.local/lib/python3.8/site-packages/airflow/example_dags/example_task_group_decorator.py
[2023-10-18T21:21:44.334+0000] {logging_mixin.py:151} INFO - [2023-10-18T21:21:44.333+0000] {dag.py:2941} INFO - Sync 1 DAGs
[2023-10-18T21:21:44.357+0000] {logging_mixin.py:151} INFO - [2023-10-18T21:21:44.357+0000] {dag.py:3722} INFO - Setting next_dagrun for example_task_group_decorator to 2023-10-17T21:21:44.357066+00:00, run_after=2023-10-18T21:21:44.357066+00:00
[2023-10-18T21:21:44.374+0000] {processor.py:179} INFO - Processing /home/airflow/.local/lib/python3.8/site-packages/airflow/example_dags/example_task_group_decorator.py took 0.097 seconds
[2023-10-18T21:22:14.422+0000] {processor.py:157} INFO - Started process (PID=799) to work on /home/airflow/.local/lib/python3.8/site-packages/airflow/example_dags/example_task_group_decorator.py
[2023-10-18T21:22:14.424+0000] {processor.py:829} INFO - Processing file /home/airflow/.local/lib/python3.8/site-packages/airflow/example_dags/example_task_group_decorator.py for tasks to queue
[2023-10-18T21:22:14.426+0000] {logging_mixin.py:151} INFO - [2023-10-18T21:22:14.426+0000] {dagbag.py:536} INFO - Filling up the DagBag from /home/airflow/.local/lib/python3.8/site-packages/airflow/example_dags/example_task_group_decorator.py
[2023-10-18T21:22:14.445+0000] {processor.py:839} INFO - DAG(s) dict_keys(['example_task_group_decorator']) retrieved from /home/airflow/.local/lib/python3.8/site-packages/airflow/example_dags/example_task_group_decorator.py
[2023-10-18T21:22:14.473+0000] {logging_mixin.py:151} INFO - [2023-10-18T21:22:14.473+0000] {dag.py:2941} INFO - Sync 1 DAGs
[2023-10-18T21:22:14.498+0000] {logging_mixin.py:151} INFO - [2023-10-18T21:22:14.498+0000] {dag.py:3722} INFO - Setting next_dagrun for example_task_group_decorator to 2023-10-17T21:22:14.498194+00:00, run_after=2023-10-18T21:22:14.498194+00:00
[2023-10-18T21:22:14.518+0000] {processor.py:179} INFO - Processing /home/airflow/.local/lib/python3.8/site-packages/airflow/example_dags/example_task_group_decorator.py took 0.100 seconds
[2023-10-18T21:23:48.367+0000] {processor.py:157} INFO - Started process (PID=55) to work on /home/airflow/.local/lib/python3.8/site-packages/airflow/example_dags/example_task_group_decorator.py
[2023-10-18T21:23:48.368+0000] {processor.py:829} INFO - Processing file /home/airflow/.local/lib/python3.8/site-packages/airflow/example_dags/example_task_group_decorator.py for tasks to queue
[2023-10-18T21:23:48.371+0000] {logging_mixin.py:151} INFO - [2023-10-18T21:23:48.371+0000] {dagbag.py:536} INFO - Filling up the DagBag from /home/airflow/.local/lib/python3.8/site-packages/airflow/example_dags/example_task_group_decorator.py
[2023-10-18T21:23:48.389+0000] {processor.py:839} INFO - DAG(s) dict_keys(['example_task_group_decorator']) retrieved from /home/airflow/.local/lib/python3.8/site-packages/airflow/example_dags/example_task_group_decorator.py
[2023-10-18T21:23:48.402+0000] {logging_mixin.py:151} INFO - [2023-10-18T21:23:48.402+0000] {dag.py:2941} INFO - Sync 1 DAGs
[2023-10-18T21:23:48.430+0000] {logging_mixin.py:151} INFO - [2023-10-18T21:23:48.430+0000] {dag.py:3722} INFO - Setting next_dagrun for example_task_group_decorator to 2023-10-17T21:23:48.430061+00:00, run_after=2023-10-18T21:23:48.430061+00:00
[2023-10-18T21:23:48.448+0000] {processor.py:179} INFO - Processing /home/airflow/.local/lib/python3.8/site-packages/airflow/example_dags/example_task_group_decorator.py took 0.085 seconds
[2023-10-18T21:24:18.696+0000] {processor.py:157} INFO - Started process (PID=108) to work on /home/airflow/.local/lib/python3.8/site-packages/airflow/example_dags/example_task_group_decorator.py
[2023-10-18T21:24:18.697+0000] {processor.py:829} INFO - Processing file /home/airflow/.local/lib/python3.8/site-packages/airflow/example_dags/example_task_group_decorator.py for tasks to queue
[2023-10-18T21:24:18.699+0000] {logging_mixin.py:151} INFO - [2023-10-18T21:24:18.699+0000] {dagbag.py:536} INFO - Filling up the DagBag from /home/airflow/.local/lib/python3.8/site-packages/airflow/example_dags/example_task_group_decorator.py
[2023-10-18T21:24:18.716+0000] {processor.py:839} INFO - DAG(s) dict_keys(['example_task_group_decorator']) retrieved from /home/airflow/.local/lib/python3.8/site-packages/airflow/example_dags/example_task_group_decorator.py
[2023-10-18T21:24:18.744+0000] {logging_mixin.py:151} INFO - [2023-10-18T21:24:18.744+0000] {dag.py:2941} INFO - Sync 1 DAGs
[2023-10-18T21:24:18.772+0000] {logging_mixin.py:151} INFO - [2023-10-18T21:24:18.772+0000] {dag.py:3722} INFO - Setting next_dagrun for example_task_group_decorator to 2023-10-17T21:24:18.772156+00:00, run_after=2023-10-18T21:24:18.772156+00:00
[2023-10-18T21:24:18.789+0000] {processor.py:179} INFO - Processing /home/airflow/.local/lib/python3.8/site-packages/airflow/example_dags/example_task_group_decorator.py took 0.099 seconds
[2023-10-18T21:24:49.154+0000] {processor.py:157} INFO - Started process (PID=161) to work on /home/airflow/.local/lib/python3.8/site-packages/airflow/example_dags/example_task_group_decorator.py
[2023-10-18T21:24:49.156+0000] {processor.py:829} INFO - Processing file /home/airflow/.local/lib/python3.8/site-packages/airflow/example_dags/example_task_group_decorator.py for tasks to queue
[2023-10-18T21:24:49.159+0000] {logging_mixin.py:151} INFO - [2023-10-18T21:24:49.158+0000] {dagbag.py:536} INFO - Filling up the DagBag from /home/airflow/.local/lib/python3.8/site-packages/airflow/example_dags/example_task_group_decorator.py
[2023-10-18T21:24:49.177+0000] {processor.py:839} INFO - DAG(s) dict_keys(['example_task_group_decorator']) retrieved from /home/airflow/.local/lib/python3.8/site-packages/airflow/example_dags/example_task_group_decorator.py
[2023-10-18T21:24:49.218+0000] {logging_mixin.py:151} INFO - [2023-10-18T21:24:49.217+0000] {dag.py:2941} INFO - Sync 1 DAGs
[2023-10-18T21:24:49.247+0000] {logging_mixin.py:151} INFO - [2023-10-18T21:24:49.247+0000] {dag.py:3722} INFO - Setting next_dagrun for example_task_group_decorator to 2023-10-17T21:24:49.247267+00:00, run_after=2023-10-18T21:24:49.247267+00:00
[2023-10-18T21:24:49.267+0000] {processor.py:179} INFO - Processing /home/airflow/.local/lib/python3.8/site-packages/airflow/example_dags/example_task_group_decorator.py took 0.119 seconds
[2023-10-18T21:25:19.987+0000] {processor.py:157} INFO - Started process (PID=214) to work on /home/airflow/.local/lib/python3.8/site-packages/airflow/example_dags/example_task_group_decorator.py
[2023-10-18T21:25:19.988+0000] {processor.py:829} INFO - Processing file /home/airflow/.local/lib/python3.8/site-packages/airflow/example_dags/example_task_group_decorator.py for tasks to queue
[2023-10-18T21:25:19.991+0000] {logging_mixin.py:151} INFO - [2023-10-18T21:25:19.991+0000] {dagbag.py:536} INFO - Filling up the DagBag from /home/airflow/.local/lib/python3.8/site-packages/airflow/example_dags/example_task_group_decorator.py
[2023-10-18T21:25:20.008+0000] {processor.py:839} INFO - DAG(s) dict_keys(['example_task_group_decorator']) retrieved from /home/airflow/.local/lib/python3.8/site-packages/airflow/example_dags/example_task_group_decorator.py
[2023-10-18T21:25:20.022+0000] {logging_mixin.py:151} INFO - [2023-10-18T21:25:20.021+0000] {dag.py:2941} INFO - Sync 1 DAGs
[2023-10-18T21:25:20.047+0000] {logging_mixin.py:151} INFO - [2023-10-18T21:25:20.047+0000] {dag.py:3722} INFO - Setting next_dagrun for example_task_group_decorator to 2023-10-17T21:25:20.047374+00:00, run_after=2023-10-18T21:25:20.047374+00:00
[2023-10-18T21:25:20.065+0000] {processor.py:179} INFO - Processing /home/airflow/.local/lib/python3.8/site-packages/airflow/example_dags/example_task_group_decorator.py took 0.083 seconds
[2023-10-18T21:25:50.648+0000] {processor.py:157} INFO - Started process (PID=267) to work on /home/airflow/.local/lib/python3.8/site-packages/airflow/example_dags/example_task_group_decorator.py
[2023-10-18T21:25:50.649+0000] {processor.py:829} INFO - Processing file /home/airflow/.local/lib/python3.8/site-packages/airflow/example_dags/example_task_group_decorator.py for tasks to queue
[2023-10-18T21:25:50.652+0000] {logging_mixin.py:151} INFO - [2023-10-18T21:25:50.651+0000] {dagbag.py:536} INFO - Filling up the DagBag from /home/airflow/.local/lib/python3.8/site-packages/airflow/example_dags/example_task_group_decorator.py
[2023-10-18T21:25:50.671+0000] {processor.py:839} INFO - DAG(s) dict_keys(['example_task_group_decorator']) retrieved from /home/airflow/.local/lib/python3.8/site-packages/airflow/example_dags/example_task_group_decorator.py
[2023-10-18T21:25:50.707+0000] {logging_mixin.py:151} INFO - [2023-10-18T21:25:50.707+0000] {dag.py:2941} INFO - Sync 1 DAGs
[2023-10-18T21:25:50.735+0000] {logging_mixin.py:151} INFO - [2023-10-18T21:25:50.734+0000] {dag.py:3722} INFO - Setting next_dagrun for example_task_group_decorator to 2023-10-17T21:25:50.734622+00:00, run_after=2023-10-18T21:25:50.734622+00:00
[2023-10-18T21:25:50.755+0000] {processor.py:179} INFO - Processing /home/airflow/.local/lib/python3.8/site-packages/airflow/example_dags/example_task_group_decorator.py took 0.112 seconds
[2023-10-18T21:26:20.984+0000] {processor.py:157} INFO - Started process (PID=320) to work on /home/airflow/.local/lib/python3.8/site-packages/airflow/example_dags/example_task_group_decorator.py
[2023-10-18T21:26:20.985+0000] {processor.py:829} INFO - Processing file /home/airflow/.local/lib/python3.8/site-packages/airflow/example_dags/example_task_group_decorator.py for tasks to queue
[2023-10-18T21:26:20.987+0000] {logging_mixin.py:151} INFO - [2023-10-18T21:26:20.987+0000] {dagbag.py:536} INFO - Filling up the DagBag from /home/airflow/.local/lib/python3.8/site-packages/airflow/example_dags/example_task_group_decorator.py
[2023-10-18T21:26:21.003+0000] {processor.py:839} INFO - DAG(s) dict_keys(['example_task_group_decorator']) retrieved from /home/airflow/.local/lib/python3.8/site-packages/airflow/example_dags/example_task_group_decorator.py
[2023-10-18T21:26:21.032+0000] {logging_mixin.py:151} INFO - [2023-10-18T21:26:21.031+0000] {dag.py:2941} INFO - Sync 1 DAGs
[2023-10-18T21:26:21.059+0000] {logging_mixin.py:151} INFO - [2023-10-18T21:26:21.059+0000] {dag.py:3722} INFO - Setting next_dagrun for example_task_group_decorator to 2023-10-17T21:26:21.059168+00:00, run_after=2023-10-18T21:26:21.059168+00:00
[2023-10-18T21:26:21.078+0000] {processor.py:179} INFO - Processing /home/airflow/.local/lib/python3.8/site-packages/airflow/example_dags/example_task_group_decorator.py took 0.098 seconds
[2023-10-18T21:26:51.167+0000] {processor.py:157} INFO - Started process (PID=373) to work on /home/airflow/.local/lib/python3.8/site-packages/airflow/example_dags/example_task_group_decorator.py
[2023-10-18T21:26:51.169+0000] {processor.py:829} INFO - Processing file /home/airflow/.local/lib/python3.8/site-packages/airflow/example_dags/example_task_group_decorator.py for tasks to queue
[2023-10-18T21:26:51.172+0000] {logging_mixin.py:151} INFO - [2023-10-18T21:26:51.171+0000] {dagbag.py:536} INFO - Filling up the DagBag from /home/airflow/.local/lib/python3.8/site-packages/airflow/example_dags/example_task_group_decorator.py
[2023-10-18T21:26:51.188+0000] {processor.py:839} INFO - DAG(s) dict_keys(['example_task_group_decorator']) retrieved from /home/airflow/.local/lib/python3.8/site-packages/airflow/example_dags/example_task_group_decorator.py
[2023-10-18T21:26:51.238+0000] {logging_mixin.py:151} INFO - [2023-10-18T21:26:51.238+0000] {dag.py:2941} INFO - Sync 1 DAGs
[2023-10-18T21:26:51.262+0000] {logging_mixin.py:151} INFO - [2023-10-18T21:26:51.262+0000] {dag.py:3722} INFO - Setting next_dagrun for example_task_group_decorator to 2023-10-17T21:26:51.262495+00:00, run_after=2023-10-18T21:26:51.262495+00:00
[2023-10-18T21:26:51.282+0000] {processor.py:179} INFO - Processing /home/airflow/.local/lib/python3.8/site-packages/airflow/example_dags/example_task_group_decorator.py took 0.120 seconds
[2023-10-18T21:27:21.364+0000] {processor.py:157} INFO - Started process (PID=426) to work on /home/airflow/.local/lib/python3.8/site-packages/airflow/example_dags/example_task_group_decorator.py
[2023-10-18T21:27:21.365+0000] {processor.py:829} INFO - Processing file /home/airflow/.local/lib/python3.8/site-packages/airflow/example_dags/example_task_group_decorator.py for tasks to queue
[2023-10-18T21:27:21.368+0000] {logging_mixin.py:151} INFO - [2023-10-18T21:27:21.368+0000] {dagbag.py:536} INFO - Filling up the DagBag from /home/airflow/.local/lib/python3.8/site-packages/airflow/example_dags/example_task_group_decorator.py
[2023-10-18T21:27:21.384+0000] {processor.py:839} INFO - DAG(s) dict_keys(['example_task_group_decorator']) retrieved from /home/airflow/.local/lib/python3.8/site-packages/airflow/example_dags/example_task_group_decorator.py
[2023-10-18T21:27:21.421+0000] {logging_mixin.py:151} INFO - [2023-10-18T21:27:21.420+0000] {dag.py:2941} INFO - Sync 1 DAGs
[2023-10-18T21:27:21.445+0000] {logging_mixin.py:151} INFO - [2023-10-18T21:27:21.445+0000] {dag.py:3722} INFO - Setting next_dagrun for example_task_group_decorator to 2023-10-17T21:27:21.444755+00:00, run_after=2023-10-18T21:27:21.444755+00:00
[2023-10-18T21:27:21.461+0000] {processor.py:179} INFO - Processing /home/airflow/.local/lib/python3.8/site-packages/airflow/example_dags/example_task_group_decorator.py took 0.101 seconds
[2023-10-18T21:27:51.821+0000] {processor.py:157} INFO - Started process (PID=479) to work on /home/airflow/.local/lib/python3.8/site-packages/airflow/example_dags/example_task_group_decorator.py
[2023-10-18T21:27:51.822+0000] {processor.py:829} INFO - Processing file /home/airflow/.local/lib/python3.8/site-packages/airflow/example_dags/example_task_group_decorator.py for tasks to queue
[2023-10-18T21:27:51.825+0000] {logging_mixin.py:151} INFO - [2023-10-18T21:27:51.825+0000] {dagbag.py:536} INFO - Filling up the DagBag from /home/airflow/.local/lib/python3.8/site-packages/airflow/example_dags/example_task_group_decorator.py
[2023-10-18T21:27:51.842+0000] {processor.py:839} INFO - DAG(s) dict_keys(['example_task_group_decorator']) retrieved from /home/airflow/.local/lib/python3.8/site-packages/airflow/example_dags/example_task_group_decorator.py
[2023-10-18T21:27:51.868+0000] {logging_mixin.py:151} INFO - [2023-10-18T21:27:51.867+0000] {dag.py:2941} INFO - Sync 1 DAGs
[2023-10-18T21:27:51.893+0000] {logging_mixin.py:151} INFO - [2023-10-18T21:27:51.893+0000] {dag.py:3722} INFO - Setting next_dagrun for example_task_group_decorator to 2023-10-17T21:27:51.892896+00:00, run_after=2023-10-18T21:27:51.892896+00:00
[2023-10-18T21:27:51.915+0000] {processor.py:179} INFO - Processing /home/airflow/.local/lib/python3.8/site-packages/airflow/example_dags/example_task_group_decorator.py took 0.099 seconds
[2023-10-18T21:28:22.124+0000] {processor.py:157} INFO - Started process (PID=532) to work on /home/airflow/.local/lib/python3.8/site-packages/airflow/example_dags/example_task_group_decorator.py
[2023-10-18T21:28:22.125+0000] {processor.py:829} INFO - Processing file /home/airflow/.local/lib/python3.8/site-packages/airflow/example_dags/example_task_group_decorator.py for tasks to queue
[2023-10-18T21:28:22.128+0000] {logging_mixin.py:151} INFO - [2023-10-18T21:28:22.128+0000] {dagbag.py:536} INFO - Filling up the DagBag from /home/airflow/.local/lib/python3.8/site-packages/airflow/example_dags/example_task_group_decorator.py
[2023-10-18T21:28:22.145+0000] {processor.py:839} INFO - DAG(s) dict_keys(['example_task_group_decorator']) retrieved from /home/airflow/.local/lib/python3.8/site-packages/airflow/example_dags/example_task_group_decorator.py
[2023-10-18T21:28:22.175+0000] {logging_mixin.py:151} INFO - [2023-10-18T21:28:22.175+0000] {dag.py:2941} INFO - Sync 1 DAGs
[2023-10-18T21:28:22.200+0000] {logging_mixin.py:151} INFO - [2023-10-18T21:28:22.200+0000] {dag.py:3722} INFO - Setting next_dagrun for example_task_group_decorator to 2023-10-17T21:28:22.199883+00:00, run_after=2023-10-18T21:28:22.199883+00:00
[2023-10-18T21:28:22.221+0000] {processor.py:179} INFO - Processing /home/airflow/.local/lib/python3.8/site-packages/airflow/example_dags/example_task_group_decorator.py took 0.102 seconds
[2023-10-18T21:28:52.928+0000] {processor.py:157} INFO - Started process (PID=585) to work on /home/airflow/.local/lib/python3.8/site-packages/airflow/example_dags/example_task_group_decorator.py
[2023-10-18T21:28:52.929+0000] {processor.py:829} INFO - Processing file /home/airflow/.local/lib/python3.8/site-packages/airflow/example_dags/example_task_group_decorator.py for tasks to queue
[2023-10-18T21:28:52.932+0000] {logging_mixin.py:151} INFO - [2023-10-18T21:28:52.931+0000] {dagbag.py:536} INFO - Filling up the DagBag from /home/airflow/.local/lib/python3.8/site-packages/airflow/example_dags/example_task_group_decorator.py
[2023-10-18T21:28:52.947+0000] {processor.py:839} INFO - DAG(s) dict_keys(['example_task_group_decorator']) retrieved from /home/airflow/.local/lib/python3.8/site-packages/airflow/example_dags/example_task_group_decorator.py
[2023-10-18T21:28:52.981+0000] {logging_mixin.py:151} INFO - [2023-10-18T21:28:52.981+0000] {dag.py:2941} INFO - Sync 1 DAGs
[2023-10-18T21:28:53.002+0000] {logging_mixin.py:151} INFO - [2023-10-18T21:28:53.002+0000] {dag.py:3722} INFO - Setting next_dagrun for example_task_group_decorator to 2023-10-17T21:28:53.002420+00:00, run_after=2023-10-18T21:28:53.002420+00:00
[2023-10-18T21:28:53.026+0000] {processor.py:179} INFO - Processing /home/airflow/.local/lib/python3.8/site-packages/airflow/example_dags/example_task_group_decorator.py took 0.104 seconds
[2023-10-18T21:29:23.287+0000] {processor.py:157} INFO - Started process (PID=638) to work on /home/airflow/.local/lib/python3.8/site-packages/airflow/example_dags/example_task_group_decorator.py
[2023-10-18T21:29:23.288+0000] {processor.py:829} INFO - Processing file /home/airflow/.local/lib/python3.8/site-packages/airflow/example_dags/example_task_group_decorator.py for tasks to queue
[2023-10-18T21:29:23.291+0000] {logging_mixin.py:151} INFO - [2023-10-18T21:29:23.290+0000] {dagbag.py:536} INFO - Filling up the DagBag from /home/airflow/.local/lib/python3.8/site-packages/airflow/example_dags/example_task_group_decorator.py
[2023-10-18T21:29:23.311+0000] {processor.py:839} INFO - DAG(s) dict_keys(['example_task_group_decorator']) retrieved from /home/airflow/.local/lib/python3.8/site-packages/airflow/example_dags/example_task_group_decorator.py
[2023-10-18T21:29:23.340+0000] {logging_mixin.py:151} INFO - [2023-10-18T21:29:23.340+0000] {dag.py:2941} INFO - Sync 1 DAGs
[2023-10-18T21:29:23.366+0000] {logging_mixin.py:151} INFO - [2023-10-18T21:29:23.365+0000] {dag.py:3722} INFO - Setting next_dagrun for example_task_group_decorator to 2023-10-17T21:29:23.365739+00:00, run_after=2023-10-18T21:29:23.365739+00:00
[2023-10-18T21:29:23.385+0000] {processor.py:179} INFO - Processing /home/airflow/.local/lib/python3.8/site-packages/airflow/example_dags/example_task_group_decorator.py took 0.103 seconds
[2023-10-18T21:29:53.608+0000] {processor.py:157} INFO - Started process (PID=691) to work on /home/airflow/.local/lib/python3.8/site-packages/airflow/example_dags/example_task_group_decorator.py
[2023-10-18T21:29:53.609+0000] {processor.py:829} INFO - Processing file /home/airflow/.local/lib/python3.8/site-packages/airflow/example_dags/example_task_group_decorator.py for tasks to queue
[2023-10-18T21:29:53.612+0000] {logging_mixin.py:151} INFO - [2023-10-18T21:29:53.611+0000] {dagbag.py:536} INFO - Filling up the DagBag from /home/airflow/.local/lib/python3.8/site-packages/airflow/example_dags/example_task_group_decorator.py
[2023-10-18T21:29:53.628+0000] {processor.py:839} INFO - DAG(s) dict_keys(['example_task_group_decorator']) retrieved from /home/airflow/.local/lib/python3.8/site-packages/airflow/example_dags/example_task_group_decorator.py
[2023-10-18T21:29:53.656+0000] {logging_mixin.py:151} INFO - [2023-10-18T21:29:53.656+0000] {dag.py:2941} INFO - Sync 1 DAGs
[2023-10-18T21:29:53.694+0000] {logging_mixin.py:151} INFO - [2023-10-18T21:29:53.693+0000] {dag.py:3722} INFO - Setting next_dagrun for example_task_group_decorator to 2023-10-17T21:29:53.693295+00:00, run_after=2023-10-18T21:29:53.693295+00:00
[2023-10-18T21:29:53.718+0000] {processor.py:179} INFO - Processing /home/airflow/.local/lib/python3.8/site-packages/airflow/example_dags/example_task_group_decorator.py took 0.115 seconds
[2023-10-18T21:30:23.910+0000] {processor.py:157} INFO - Started process (PID=745) to work on /home/airflow/.local/lib/python3.8/site-packages/airflow/example_dags/example_task_group_decorator.py
[2023-10-18T21:30:23.912+0000] {processor.py:829} INFO - Processing file /home/airflow/.local/lib/python3.8/site-packages/airflow/example_dags/example_task_group_decorator.py for tasks to queue
[2023-10-18T21:30:23.914+0000] {logging_mixin.py:151} INFO - [2023-10-18T21:30:23.914+0000] {dagbag.py:536} INFO - Filling up the DagBag from /home/airflow/.local/lib/python3.8/site-packages/airflow/example_dags/example_task_group_decorator.py
[2023-10-18T21:30:23.931+0000] {processor.py:839} INFO - DAG(s) dict_keys(['example_task_group_decorator']) retrieved from /home/airflow/.local/lib/python3.8/site-packages/airflow/example_dags/example_task_group_decorator.py
[2023-10-18T21:30:23.972+0000] {logging_mixin.py:151} INFO - [2023-10-18T21:30:23.972+0000] {dag.py:2941} INFO - Sync 1 DAGs
[2023-10-18T21:30:23.998+0000] {logging_mixin.py:151} INFO - [2023-10-18T21:30:23.997+0000] {dag.py:3722} INFO - Setting next_dagrun for example_task_group_decorator to 2023-10-17T21:30:23.997616+00:00, run_after=2023-10-18T21:30:23.997616+00:00
[2023-10-18T21:30:24.017+0000] {processor.py:179} INFO - Processing /home/airflow/.local/lib/python3.8/site-packages/airflow/example_dags/example_task_group_decorator.py took 0.112 seconds
[2023-10-18T21:30:54.205+0000] {processor.py:157} INFO - Started process (PID=799) to work on /home/airflow/.local/lib/python3.8/site-packages/airflow/example_dags/example_task_group_decorator.py
[2023-10-18T21:30:54.207+0000] {processor.py:829} INFO - Processing file /home/airflow/.local/lib/python3.8/site-packages/airflow/example_dags/example_task_group_decorator.py for tasks to queue
[2023-10-18T21:30:54.209+0000] {logging_mixin.py:151} INFO - [2023-10-18T21:30:54.209+0000] {dagbag.py:536} INFO - Filling up the DagBag from /home/airflow/.local/lib/python3.8/site-packages/airflow/example_dags/example_task_group_decorator.py
[2023-10-18T21:30:54.225+0000] {processor.py:839} INFO - DAG(s) dict_keys(['example_task_group_decorator']) retrieved from /home/airflow/.local/lib/python3.8/site-packages/airflow/example_dags/example_task_group_decorator.py
[2023-10-18T21:30:54.257+0000] {logging_mixin.py:151} INFO - [2023-10-18T21:30:54.256+0000] {dag.py:2941} INFO - Sync 1 DAGs
[2023-10-18T21:30:54.283+0000] {logging_mixin.py:151} INFO - [2023-10-18T21:30:54.283+0000] {dag.py:3722} INFO - Setting next_dagrun for example_task_group_decorator to 2023-10-17T21:30:54.283327+00:00, run_after=2023-10-18T21:30:54.283327+00:00
[2023-10-18T21:30:54.304+0000] {processor.py:179} INFO - Processing /home/airflow/.local/lib/python3.8/site-packages/airflow/example_dags/example_task_group_decorator.py took 0.103 seconds
[2023-10-18T21:31:24.475+0000] {processor.py:157} INFO - Started process (PID=852) to work on /home/airflow/.local/lib/python3.8/site-packages/airflow/example_dags/example_task_group_decorator.py
[2023-10-18T21:31:24.476+0000] {processor.py:829} INFO - Processing file /home/airflow/.local/lib/python3.8/site-packages/airflow/example_dags/example_task_group_decorator.py for tasks to queue
[2023-10-18T21:31:24.479+0000] {logging_mixin.py:151} INFO - [2023-10-18T21:31:24.479+0000] {dagbag.py:536} INFO - Filling up the DagBag from /home/airflow/.local/lib/python3.8/site-packages/airflow/example_dags/example_task_group_decorator.py
[2023-10-18T21:31:24.497+0000] {processor.py:839} INFO - DAG(s) dict_keys(['example_task_group_decorator']) retrieved from /home/airflow/.local/lib/python3.8/site-packages/airflow/example_dags/example_task_group_decorator.py
[2023-10-18T21:31:24.527+0000] {logging_mixin.py:151} INFO - [2023-10-18T21:31:24.527+0000] {dag.py:2941} INFO - Sync 1 DAGs
[2023-10-18T21:31:24.553+0000] {logging_mixin.py:151} INFO - [2023-10-18T21:31:24.553+0000] {dag.py:3722} INFO - Setting next_dagrun for example_task_group_decorator to 2023-10-17T21:31:24.553457+00:00, run_after=2023-10-18T21:31:24.553457+00:00
[2023-10-18T21:31:24.571+0000] {processor.py:179} INFO - Processing /home/airflow/.local/lib/python3.8/site-packages/airflow/example_dags/example_task_group_decorator.py took 0.101 seconds
