[2023-10-18T21:06:47.321+0000] {processor.py:157} INFO - Started process (PID=58) to work on /home/airflow/.local/lib/python3.8/site-packages/airflow/example_dags/example_params_ui_tutorial.py
[2023-10-18T21:06:47.322+0000] {processor.py:829} INFO - Processing file /home/airflow/.local/lib/python3.8/site-packages/airflow/example_dags/example_params_ui_tutorial.py for tasks to queue
[2023-10-18T21:06:47.325+0000] {logging_mixin.py:151} INFO - [2023-10-18T21:06:47.324+0000] {dagbag.py:536} INFO - Filling up the DagBag from /home/airflow/.local/lib/python3.8/site-packages/airflow/example_dags/example_params_ui_tutorial.py
[2023-10-18T21:06:47.420+0000] {processor.py:839} INFO - DAG(s) dict_keys(['example_params_ui_tutorial']) retrieved from /home/airflow/.local/lib/python3.8/site-packages/airflow/example_dags/example_params_ui_tutorial.py
[2023-10-18T21:06:47.443+0000] {logging_mixin.py:151} INFO - [2023-10-18T21:06:47.443+0000] {dag.py:2941} INFO - Sync 1 DAGs
[2023-10-18T21:06:47.462+0000] {logging_mixin.py:151} INFO - [2023-10-18T21:06:47.462+0000] {dag.py:3722} INFO - Setting next_dagrun for example_params_ui_tutorial to None, run_after=None
[2023-10-18T21:06:47.484+0000] {processor.py:179} INFO - Processing /home/airflow/.local/lib/python3.8/site-packages/airflow/example_dags/example_params_ui_tutorial.py took 0.175 seconds
[2023-10-18T21:07:17.919+0000] {processor.py:157} INFO - Started process (PID=111) to work on /home/airflow/.local/lib/python3.8/site-packages/airflow/example_dags/example_params_ui_tutorial.py
[2023-10-18T21:07:17.920+0000] {processor.py:829} INFO - Processing file /home/airflow/.local/lib/python3.8/site-packages/airflow/example_dags/example_params_ui_tutorial.py for tasks to queue
[2023-10-18T21:07:17.923+0000] {logging_mixin.py:151} INFO - [2023-10-18T21:07:17.922+0000] {dagbag.py:536} INFO - Filling up the DagBag from /home/airflow/.local/lib/python3.8/site-packages/airflow/example_dags/example_params_ui_tutorial.py
[2023-10-18T21:07:17.965+0000] {processor.py:839} INFO - DAG(s) dict_keys(['example_params_ui_tutorial']) retrieved from /home/airflow/.local/lib/python3.8/site-packages/airflow/example_dags/example_params_ui_tutorial.py
[2023-10-18T21:07:18.026+0000] {logging_mixin.py:151} INFO - [2023-10-18T21:07:18.026+0000] {dag.py:2941} INFO - Sync 1 DAGs
[2023-10-18T21:07:18.042+0000] {logging_mixin.py:151} INFO - [2023-10-18T21:07:18.042+0000] {dag.py:3722} INFO - Setting next_dagrun for example_params_ui_tutorial to None, run_after=None
[2023-10-18T21:07:18.063+0000] {processor.py:179} INFO - Processing /home/airflow/.local/lib/python3.8/site-packages/airflow/example_dags/example_params_ui_tutorial.py took 0.148 seconds
[2023-10-18T21:07:48.122+0000] {processor.py:157} INFO - Started process (PID=164) to work on /home/airflow/.local/lib/python3.8/site-packages/airflow/example_dags/example_params_ui_tutorial.py
[2023-10-18T21:07:48.124+0000] {processor.py:829} INFO - Processing file /home/airflow/.local/lib/python3.8/site-packages/airflow/example_dags/example_params_ui_tutorial.py for tasks to queue
[2023-10-18T21:07:48.127+0000] {logging_mixin.py:151} INFO - [2023-10-18T21:07:48.126+0000] {dagbag.py:536} INFO - Filling up the DagBag from /home/airflow/.local/lib/python3.8/site-packages/airflow/example_dags/example_params_ui_tutorial.py
[2023-10-18T21:07:48.170+0000] {processor.py:839} INFO - DAG(s) dict_keys(['example_params_ui_tutorial']) retrieved from /home/airflow/.local/lib/python3.8/site-packages/airflow/example_dags/example_params_ui_tutorial.py
[2023-10-18T21:07:48.238+0000] {logging_mixin.py:151} INFO - [2023-10-18T21:07:48.238+0000] {dag.py:2941} INFO - Sync 1 DAGs
[2023-10-18T21:07:48.255+0000] {logging_mixin.py:151} INFO - [2023-10-18T21:07:48.254+0000] {dag.py:3722} INFO - Setting next_dagrun for example_params_ui_tutorial to None, run_after=None
[2023-10-18T21:07:48.276+0000] {processor.py:179} INFO - Processing /home/airflow/.local/lib/python3.8/site-packages/airflow/example_dags/example_params_ui_tutorial.py took 0.159 seconds
[2023-10-18T21:08:18.310+0000] {processor.py:157} INFO - Started process (PID=216) to work on /home/airflow/.local/lib/python3.8/site-packages/airflow/example_dags/example_params_ui_tutorial.py
[2023-10-18T21:08:18.311+0000] {processor.py:829} INFO - Processing file /home/airflow/.local/lib/python3.8/site-packages/airflow/example_dags/example_params_ui_tutorial.py for tasks to queue
[2023-10-18T21:08:18.314+0000] {logging_mixin.py:151} INFO - [2023-10-18T21:08:18.313+0000] {dagbag.py:536} INFO - Filling up the DagBag from /home/airflow/.local/lib/python3.8/site-packages/airflow/example_dags/example_params_ui_tutorial.py
[2023-10-18T21:08:18.355+0000] {processor.py:839} INFO - DAG(s) dict_keys(['example_params_ui_tutorial']) retrieved from /home/airflow/.local/lib/python3.8/site-packages/airflow/example_dags/example_params_ui_tutorial.py
[2023-10-18T21:08:18.420+0000] {logging_mixin.py:151} INFO - [2023-10-18T21:08:18.420+0000] {dag.py:2941} INFO - Sync 1 DAGs
[2023-10-18T21:08:18.436+0000] {logging_mixin.py:151} INFO - [2023-10-18T21:08:18.436+0000] {dag.py:3722} INFO - Setting next_dagrun for example_params_ui_tutorial to None, run_after=None
[2023-10-18T21:08:18.457+0000] {processor.py:179} INFO - Processing /home/airflow/.local/lib/python3.8/site-packages/airflow/example_dags/example_params_ui_tutorial.py took 0.151 seconds
[2023-10-18T21:08:48.608+0000] {processor.py:157} INFO - Started process (PID=270) to work on /home/airflow/.local/lib/python3.8/site-packages/airflow/example_dags/example_params_ui_tutorial.py
[2023-10-18T21:08:48.610+0000] {processor.py:829} INFO - Processing file /home/airflow/.local/lib/python3.8/site-packages/airflow/example_dags/example_params_ui_tutorial.py for tasks to queue
[2023-10-18T21:08:48.612+0000] {logging_mixin.py:151} INFO - [2023-10-18T21:08:48.612+0000] {dagbag.py:536} INFO - Filling up the DagBag from /home/airflow/.local/lib/python3.8/site-packages/airflow/example_dags/example_params_ui_tutorial.py
[2023-10-18T21:08:48.656+0000] {processor.py:839} INFO - DAG(s) dict_keys(['example_params_ui_tutorial']) retrieved from /home/airflow/.local/lib/python3.8/site-packages/airflow/example_dags/example_params_ui_tutorial.py
[2023-10-18T21:08:48.723+0000] {logging_mixin.py:151} INFO - [2023-10-18T21:08:48.723+0000] {dag.py:2941} INFO - Sync 1 DAGs
[2023-10-18T21:08:48.743+0000] {logging_mixin.py:151} INFO - [2023-10-18T21:08:48.743+0000] {dag.py:3722} INFO - Setting next_dagrun for example_params_ui_tutorial to None, run_after=None
[2023-10-18T21:08:48.761+0000] {processor.py:179} INFO - Processing /home/airflow/.local/lib/python3.8/site-packages/airflow/example_dags/example_params_ui_tutorial.py took 0.160 seconds
[2023-10-18T21:09:18.823+0000] {processor.py:157} INFO - Started process (PID=323) to work on /home/airflow/.local/lib/python3.8/site-packages/airflow/example_dags/example_params_ui_tutorial.py
[2023-10-18T21:09:18.825+0000] {processor.py:829} INFO - Processing file /home/airflow/.local/lib/python3.8/site-packages/airflow/example_dags/example_params_ui_tutorial.py for tasks to queue
[2023-10-18T21:09:18.827+0000] {logging_mixin.py:151} INFO - [2023-10-18T21:09:18.827+0000] {dagbag.py:536} INFO - Filling up the DagBag from /home/airflow/.local/lib/python3.8/site-packages/airflow/example_dags/example_params_ui_tutorial.py
[2023-10-18T21:09:18.870+0000] {processor.py:839} INFO - DAG(s) dict_keys(['example_params_ui_tutorial']) retrieved from /home/airflow/.local/lib/python3.8/site-packages/airflow/example_dags/example_params_ui_tutorial.py
[2023-10-18T21:09:18.939+0000] {logging_mixin.py:151} INFO - [2023-10-18T21:09:18.939+0000] {dag.py:2941} INFO - Sync 1 DAGs
[2023-10-18T21:09:18.956+0000] {logging_mixin.py:151} INFO - [2023-10-18T21:09:18.955+0000] {dag.py:3722} INFO - Setting next_dagrun for example_params_ui_tutorial to None, run_after=None
[2023-10-18T21:09:18.976+0000] {processor.py:179} INFO - Processing /home/airflow/.local/lib/python3.8/site-packages/airflow/example_dags/example_params_ui_tutorial.py took 0.159 seconds
[2023-10-18T21:09:49.154+0000] {processor.py:157} INFO - Started process (PID=376) to work on /home/airflow/.local/lib/python3.8/site-packages/airflow/example_dags/example_params_ui_tutorial.py
[2023-10-18T21:09:49.156+0000] {processor.py:829} INFO - Processing file /home/airflow/.local/lib/python3.8/site-packages/airflow/example_dags/example_params_ui_tutorial.py for tasks to queue
[2023-10-18T21:09:49.158+0000] {logging_mixin.py:151} INFO - [2023-10-18T21:09:49.158+0000] {dagbag.py:536} INFO - Filling up the DagBag from /home/airflow/.local/lib/python3.8/site-packages/airflow/example_dags/example_params_ui_tutorial.py
[2023-10-18T21:09:49.202+0000] {processor.py:839} INFO - DAG(s) dict_keys(['example_params_ui_tutorial']) retrieved from /home/airflow/.local/lib/python3.8/site-packages/airflow/example_dags/example_params_ui_tutorial.py
[2023-10-18T21:09:49.273+0000] {logging_mixin.py:151} INFO - [2023-10-18T21:09:49.273+0000] {dag.py:2941} INFO - Sync 1 DAGs
[2023-10-18T21:09:49.290+0000] {logging_mixin.py:151} INFO - [2023-10-18T21:09:49.289+0000] {dag.py:3722} INFO - Setting next_dagrun for example_params_ui_tutorial to None, run_after=None
[2023-10-18T21:09:49.311+0000] {processor.py:179} INFO - Processing /home/airflow/.local/lib/python3.8/site-packages/airflow/example_dags/example_params_ui_tutorial.py took 0.164 seconds
[2023-10-18T21:10:19.370+0000] {processor.py:157} INFO - Started process (PID=429) to work on /home/airflow/.local/lib/python3.8/site-packages/airflow/example_dags/example_params_ui_tutorial.py
[2023-10-18T21:10:19.371+0000] {processor.py:829} INFO - Processing file /home/airflow/.local/lib/python3.8/site-packages/airflow/example_dags/example_params_ui_tutorial.py for tasks to queue
[2023-10-18T21:10:19.374+0000] {logging_mixin.py:151} INFO - [2023-10-18T21:10:19.374+0000] {dagbag.py:536} INFO - Filling up the DagBag from /home/airflow/.local/lib/python3.8/site-packages/airflow/example_dags/example_params_ui_tutorial.py
[2023-10-18T21:10:19.417+0000] {processor.py:839} INFO - DAG(s) dict_keys(['example_params_ui_tutorial']) retrieved from /home/airflow/.local/lib/python3.8/site-packages/airflow/example_dags/example_params_ui_tutorial.py
[2023-10-18T21:10:19.493+0000] {logging_mixin.py:151} INFO - [2023-10-18T21:10:19.492+0000] {dag.py:2941} INFO - Sync 1 DAGs
[2023-10-18T21:10:19.509+0000] {logging_mixin.py:151} INFO - [2023-10-18T21:10:19.509+0000] {dag.py:3722} INFO - Setting next_dagrun for example_params_ui_tutorial to None, run_after=None
[2023-10-18T21:10:19.531+0000] {processor.py:179} INFO - Processing /home/airflow/.local/lib/python3.8/site-packages/airflow/example_dags/example_params_ui_tutorial.py took 0.165 seconds
[2023-10-18T21:10:50.521+0000] {processor.py:157} INFO - Started process (PID=482) to work on /home/airflow/.local/lib/python3.8/site-packages/airflow/example_dags/example_params_ui_tutorial.py
[2023-10-18T21:10:50.522+0000] {processor.py:829} INFO - Processing file /home/airflow/.local/lib/python3.8/site-packages/airflow/example_dags/example_params_ui_tutorial.py for tasks to queue
[2023-10-18T21:10:50.525+0000] {logging_mixin.py:151} INFO - [2023-10-18T21:10:50.525+0000] {dagbag.py:536} INFO - Filling up the DagBag from /home/airflow/.local/lib/python3.8/site-packages/airflow/example_dags/example_params_ui_tutorial.py
[2023-10-18T21:10:50.569+0000] {processor.py:839} INFO - DAG(s) dict_keys(['example_params_ui_tutorial']) retrieved from /home/airflow/.local/lib/python3.8/site-packages/airflow/example_dags/example_params_ui_tutorial.py
[2023-10-18T21:10:50.636+0000] {logging_mixin.py:151} INFO - [2023-10-18T21:10:50.636+0000] {dag.py:2941} INFO - Sync 1 DAGs
[2023-10-18T21:10:50.651+0000] {logging_mixin.py:151} INFO - [2023-10-18T21:10:50.651+0000] {dag.py:3722} INFO - Setting next_dagrun for example_params_ui_tutorial to None, run_after=None
[2023-10-18T21:10:50.675+0000] {processor.py:179} INFO - Processing /home/airflow/.local/lib/python3.8/site-packages/airflow/example_dags/example_params_ui_tutorial.py took 0.160 seconds
[2023-10-18T21:11:21.040+0000] {processor.py:157} INFO - Started process (PID=535) to work on /home/airflow/.local/lib/python3.8/site-packages/airflow/example_dags/example_params_ui_tutorial.py
[2023-10-18T21:11:21.043+0000] {processor.py:829} INFO - Processing file /home/airflow/.local/lib/python3.8/site-packages/airflow/example_dags/example_params_ui_tutorial.py for tasks to queue
[2023-10-18T21:11:21.046+0000] {logging_mixin.py:151} INFO - [2023-10-18T21:11:21.046+0000] {dagbag.py:536} INFO - Filling up the DagBag from /home/airflow/.local/lib/python3.8/site-packages/airflow/example_dags/example_params_ui_tutorial.py
[2023-10-18T21:11:21.093+0000] {processor.py:839} INFO - DAG(s) dict_keys(['example_params_ui_tutorial']) retrieved from /home/airflow/.local/lib/python3.8/site-packages/airflow/example_dags/example_params_ui_tutorial.py
[2023-10-18T21:11:21.165+0000] {logging_mixin.py:151} INFO - [2023-10-18T21:11:21.165+0000] {dag.py:2941} INFO - Sync 1 DAGs
[2023-10-18T21:11:21.180+0000] {logging_mixin.py:151} INFO - [2023-10-18T21:11:21.180+0000] {dag.py:3722} INFO - Setting next_dagrun for example_params_ui_tutorial to None, run_after=None
[2023-10-18T21:11:21.201+0000] {processor.py:179} INFO - Processing /home/airflow/.local/lib/python3.8/site-packages/airflow/example_dags/example_params_ui_tutorial.py took 0.166 seconds
[2023-10-18T21:11:51.458+0000] {processor.py:157} INFO - Started process (PID=588) to work on /home/airflow/.local/lib/python3.8/site-packages/airflow/example_dags/example_params_ui_tutorial.py
[2023-10-18T21:11:51.459+0000] {processor.py:829} INFO - Processing file /home/airflow/.local/lib/python3.8/site-packages/airflow/example_dags/example_params_ui_tutorial.py for tasks to queue
[2023-10-18T21:11:51.462+0000] {logging_mixin.py:151} INFO - [2023-10-18T21:11:51.461+0000] {dagbag.py:536} INFO - Filling up the DagBag from /home/airflow/.local/lib/python3.8/site-packages/airflow/example_dags/example_params_ui_tutorial.py
[2023-10-18T21:11:51.508+0000] {processor.py:839} INFO - DAG(s) dict_keys(['example_params_ui_tutorial']) retrieved from /home/airflow/.local/lib/python3.8/site-packages/airflow/example_dags/example_params_ui_tutorial.py
[2023-10-18T21:11:51.577+0000] {logging_mixin.py:151} INFO - [2023-10-18T21:11:51.577+0000] {dag.py:2941} INFO - Sync 1 DAGs
[2023-10-18T21:11:51.592+0000] {logging_mixin.py:151} INFO - [2023-10-18T21:11:51.592+0000] {dag.py:3722} INFO - Setting next_dagrun for example_params_ui_tutorial to None, run_after=None
[2023-10-18T21:11:51.613+0000] {processor.py:179} INFO - Processing /home/airflow/.local/lib/python3.8/site-packages/airflow/example_dags/example_params_ui_tutorial.py took 0.163 seconds
[2023-10-18T21:12:21.660+0000] {processor.py:157} INFO - Started process (PID=643) to work on /home/airflow/.local/lib/python3.8/site-packages/airflow/example_dags/example_params_ui_tutorial.py
[2023-10-18T21:12:21.662+0000] {processor.py:829} INFO - Processing file /home/airflow/.local/lib/python3.8/site-packages/airflow/example_dags/example_params_ui_tutorial.py for tasks to queue
[2023-10-18T21:12:21.664+0000] {logging_mixin.py:151} INFO - [2023-10-18T21:12:21.664+0000] {dagbag.py:536} INFO - Filling up the DagBag from /home/airflow/.local/lib/python3.8/site-packages/airflow/example_dags/example_params_ui_tutorial.py
[2023-10-18T21:12:21.709+0000] {processor.py:839} INFO - DAG(s) dict_keys(['example_params_ui_tutorial']) retrieved from /home/airflow/.local/lib/python3.8/site-packages/airflow/example_dags/example_params_ui_tutorial.py
[2023-10-18T21:12:21.770+0000] {logging_mixin.py:151} INFO - [2023-10-18T21:12:21.770+0000] {dag.py:2941} INFO - Sync 1 DAGs
[2023-10-18T21:12:21.785+0000] {logging_mixin.py:151} INFO - [2023-10-18T21:12:21.785+0000] {dag.py:3722} INFO - Setting next_dagrun for example_params_ui_tutorial to None, run_after=None
[2023-10-18T21:12:21.806+0000] {processor.py:179} INFO - Processing /home/airflow/.local/lib/python3.8/site-packages/airflow/example_dags/example_params_ui_tutorial.py took 0.150 seconds
[2023-10-18T21:12:52.266+0000] {processor.py:157} INFO - Started process (PID=695) to work on /home/airflow/.local/lib/python3.8/site-packages/airflow/example_dags/example_params_ui_tutorial.py
[2023-10-18T21:12:52.267+0000] {processor.py:829} INFO - Processing file /home/airflow/.local/lib/python3.8/site-packages/airflow/example_dags/example_params_ui_tutorial.py for tasks to queue
[2023-10-18T21:12:52.270+0000] {logging_mixin.py:151} INFO - [2023-10-18T21:12:52.270+0000] {dagbag.py:536} INFO - Filling up the DagBag from /home/airflow/.local/lib/python3.8/site-packages/airflow/example_dags/example_params_ui_tutorial.py
[2023-10-18T21:12:52.314+0000] {processor.py:839} INFO - DAG(s) dict_keys(['example_params_ui_tutorial']) retrieved from /home/airflow/.local/lib/python3.8/site-packages/airflow/example_dags/example_params_ui_tutorial.py
[2023-10-18T21:12:52.379+0000] {logging_mixin.py:151} INFO - [2023-10-18T21:12:52.379+0000] {dag.py:2941} INFO - Sync 1 DAGs
[2023-10-18T21:12:52.395+0000] {logging_mixin.py:151} INFO - [2023-10-18T21:12:52.394+0000] {dag.py:3722} INFO - Setting next_dagrun for example_params_ui_tutorial to None, run_after=None
[2023-10-18T21:12:52.416+0000] {processor.py:179} INFO - Processing /home/airflow/.local/lib/python3.8/site-packages/airflow/example_dags/example_params_ui_tutorial.py took 0.158 seconds
[2023-10-18T21:15:09.778+0000] {processor.py:157} INFO - Started process (PID=57) to work on /home/airflow/.local/lib/python3.8/site-packages/airflow/example_dags/example_params_ui_tutorial.py
[2023-10-18T21:15:09.779+0000] {processor.py:829} INFO - Processing file /home/airflow/.local/lib/python3.8/site-packages/airflow/example_dags/example_params_ui_tutorial.py for tasks to queue
[2023-10-18T21:15:09.782+0000] {logging_mixin.py:151} INFO - [2023-10-18T21:15:09.782+0000] {dagbag.py:536} INFO - Filling up the DagBag from /home/airflow/.local/lib/python3.8/site-packages/airflow/example_dags/example_params_ui_tutorial.py
[2023-10-18T21:15:09.840+0000] {processor.py:839} INFO - DAG(s) dict_keys(['example_params_ui_tutorial']) retrieved from /home/airflow/.local/lib/python3.8/site-packages/airflow/example_dags/example_params_ui_tutorial.py
[2023-10-18T21:15:09.903+0000] {logging_mixin.py:151} INFO - [2023-10-18T21:15:09.903+0000] {dag.py:2941} INFO - Sync 1 DAGs
[2023-10-18T21:15:09.917+0000] {logging_mixin.py:151} INFO - [2023-10-18T21:15:09.917+0000] {dag.py:3722} INFO - Setting next_dagrun for example_params_ui_tutorial to None, run_after=None
[2023-10-18T21:15:09.935+0000] {processor.py:179} INFO - Processing /home/airflow/.local/lib/python3.8/site-packages/airflow/example_dags/example_params_ui_tutorial.py took 0.162 seconds
[2023-10-18T21:15:40.138+0000] {processor.py:157} INFO - Started process (PID=109) to work on /home/airflow/.local/lib/python3.8/site-packages/airflow/example_dags/example_params_ui_tutorial.py
[2023-10-18T21:15:40.139+0000] {processor.py:829} INFO - Processing file /home/airflow/.local/lib/python3.8/site-packages/airflow/example_dags/example_params_ui_tutorial.py for tasks to queue
[2023-10-18T21:15:40.142+0000] {logging_mixin.py:151} INFO - [2023-10-18T21:15:40.142+0000] {dagbag.py:536} INFO - Filling up the DagBag from /home/airflow/.local/lib/python3.8/site-packages/airflow/example_dags/example_params_ui_tutorial.py
[2023-10-18T21:15:40.183+0000] {processor.py:839} INFO - DAG(s) dict_keys(['example_params_ui_tutorial']) retrieved from /home/airflow/.local/lib/python3.8/site-packages/airflow/example_dags/example_params_ui_tutorial.py
[2023-10-18T21:15:40.258+0000] {logging_mixin.py:151} INFO - [2023-10-18T21:15:40.257+0000] {dag.py:2941} INFO - Sync 1 DAGs
[2023-10-18T21:15:40.274+0000] {logging_mixin.py:151} INFO - [2023-10-18T21:15:40.273+0000] {dag.py:3722} INFO - Setting next_dagrun for example_params_ui_tutorial to None, run_after=None
[2023-10-18T21:15:40.294+0000] {processor.py:179} INFO - Processing /home/airflow/.local/lib/python3.8/site-packages/airflow/example_dags/example_params_ui_tutorial.py took 0.160 seconds
[2023-10-18T21:16:10.423+0000] {processor.py:157} INFO - Started process (PID=163) to work on /home/airflow/.local/lib/python3.8/site-packages/airflow/example_dags/example_params_ui_tutorial.py
[2023-10-18T21:16:10.425+0000] {processor.py:829} INFO - Processing file /home/airflow/.local/lib/python3.8/site-packages/airflow/example_dags/example_params_ui_tutorial.py for tasks to queue
[2023-10-18T21:16:10.428+0000] {logging_mixin.py:151} INFO - [2023-10-18T21:16:10.427+0000] {dagbag.py:536} INFO - Filling up the DagBag from /home/airflow/.local/lib/python3.8/site-packages/airflow/example_dags/example_params_ui_tutorial.py
[2023-10-18T21:16:10.469+0000] {processor.py:839} INFO - DAG(s) dict_keys(['example_params_ui_tutorial']) retrieved from /home/airflow/.local/lib/python3.8/site-packages/airflow/example_dags/example_params_ui_tutorial.py
[2023-10-18T21:16:10.537+0000] {logging_mixin.py:151} INFO - [2023-10-18T21:16:10.536+0000] {dag.py:2941} INFO - Sync 1 DAGs
[2023-10-18T21:16:10.553+0000] {logging_mixin.py:151} INFO - [2023-10-18T21:16:10.553+0000] {dag.py:3722} INFO - Setting next_dagrun for example_params_ui_tutorial to None, run_after=None
[2023-10-18T21:16:10.574+0000] {processor.py:179} INFO - Processing /home/airflow/.local/lib/python3.8/site-packages/airflow/example_dags/example_params_ui_tutorial.py took 0.156 seconds
[2023-10-18T21:16:40.737+0000] {processor.py:157} INFO - Started process (PID=216) to work on /home/airflow/.local/lib/python3.8/site-packages/airflow/example_dags/example_params_ui_tutorial.py
[2023-10-18T21:16:40.739+0000] {processor.py:829} INFO - Processing file /home/airflow/.local/lib/python3.8/site-packages/airflow/example_dags/example_params_ui_tutorial.py for tasks to queue
[2023-10-18T21:16:40.741+0000] {logging_mixin.py:151} INFO - [2023-10-18T21:16:40.741+0000] {dagbag.py:536} INFO - Filling up the DagBag from /home/airflow/.local/lib/python3.8/site-packages/airflow/example_dags/example_params_ui_tutorial.py
[2023-10-18T21:16:40.784+0000] {processor.py:839} INFO - DAG(s) dict_keys(['example_params_ui_tutorial']) retrieved from /home/airflow/.local/lib/python3.8/site-packages/airflow/example_dags/example_params_ui_tutorial.py
[2023-10-18T21:16:40.846+0000] {logging_mixin.py:151} INFO - [2023-10-18T21:16:40.845+0000] {dag.py:2941} INFO - Sync 1 DAGs
[2023-10-18T21:16:40.861+0000] {logging_mixin.py:151} INFO - [2023-10-18T21:16:40.861+0000] {dag.py:3722} INFO - Setting next_dagrun for example_params_ui_tutorial to None, run_after=None
[2023-10-18T21:16:40.881+0000] {processor.py:179} INFO - Processing /home/airflow/.local/lib/python3.8/site-packages/airflow/example_dags/example_params_ui_tutorial.py took 0.148 seconds
[2023-10-18T21:17:10.934+0000] {processor.py:157} INFO - Started process (PID=269) to work on /home/airflow/.local/lib/python3.8/site-packages/airflow/example_dags/example_params_ui_tutorial.py
[2023-10-18T21:17:10.935+0000] {processor.py:829} INFO - Processing file /home/airflow/.local/lib/python3.8/site-packages/airflow/example_dags/example_params_ui_tutorial.py for tasks to queue
[2023-10-18T21:17:10.938+0000] {logging_mixin.py:151} INFO - [2023-10-18T21:17:10.937+0000] {dagbag.py:536} INFO - Filling up the DagBag from /home/airflow/.local/lib/python3.8/site-packages/airflow/example_dags/example_params_ui_tutorial.py
[2023-10-18T21:17:10.981+0000] {processor.py:839} INFO - DAG(s) dict_keys(['example_params_ui_tutorial']) retrieved from /home/airflow/.local/lib/python3.8/site-packages/airflow/example_dags/example_params_ui_tutorial.py
[2023-10-18T21:17:11.050+0000] {logging_mixin.py:151} INFO - [2023-10-18T21:17:11.050+0000] {dag.py:2941} INFO - Sync 1 DAGs
[2023-10-18T21:17:11.067+0000] {logging_mixin.py:151} INFO - [2023-10-18T21:17:11.067+0000] {dag.py:3722} INFO - Setting next_dagrun for example_params_ui_tutorial to None, run_after=None
[2023-10-18T21:17:11.089+0000] {processor.py:179} INFO - Processing /home/airflow/.local/lib/python3.8/site-packages/airflow/example_dags/example_params_ui_tutorial.py took 0.159 seconds
[2023-10-18T21:17:41.132+0000] {processor.py:157} INFO - Started process (PID=322) to work on /home/airflow/.local/lib/python3.8/site-packages/airflow/example_dags/example_params_ui_tutorial.py
[2023-10-18T21:17:41.134+0000] {processor.py:829} INFO - Processing file /home/airflow/.local/lib/python3.8/site-packages/airflow/example_dags/example_params_ui_tutorial.py for tasks to queue
[2023-10-18T21:17:41.136+0000] {logging_mixin.py:151} INFO - [2023-10-18T21:17:41.136+0000] {dagbag.py:536} INFO - Filling up the DagBag from /home/airflow/.local/lib/python3.8/site-packages/airflow/example_dags/example_params_ui_tutorial.py
[2023-10-18T21:17:41.177+0000] {processor.py:839} INFO - DAG(s) dict_keys(['example_params_ui_tutorial']) retrieved from /home/airflow/.local/lib/python3.8/site-packages/airflow/example_dags/example_params_ui_tutorial.py
[2023-10-18T21:17:41.194+0000] {logging_mixin.py:151} INFO - [2023-10-18T21:17:41.193+0000] {dag.py:2941} INFO - Sync 1 DAGs
[2023-10-18T21:17:41.210+0000] {logging_mixin.py:151} INFO - [2023-10-18T21:17:41.209+0000] {dag.py:3722} INFO - Setting next_dagrun for example_params_ui_tutorial to None, run_after=None
[2023-10-18T21:17:41.230+0000] {processor.py:179} INFO - Processing /home/airflow/.local/lib/python3.8/site-packages/airflow/example_dags/example_params_ui_tutorial.py took 0.105 seconds
[2023-10-18T21:18:11.786+0000] {processor.py:157} INFO - Started process (PID=375) to work on /home/airflow/.local/lib/python3.8/site-packages/airflow/example_dags/example_params_ui_tutorial.py
[2023-10-18T21:18:11.787+0000] {processor.py:829} INFO - Processing file /home/airflow/.local/lib/python3.8/site-packages/airflow/example_dags/example_params_ui_tutorial.py for tasks to queue
[2023-10-18T21:18:11.789+0000] {logging_mixin.py:151} INFO - [2023-10-18T21:18:11.789+0000] {dagbag.py:536} INFO - Filling up the DagBag from /home/airflow/.local/lib/python3.8/site-packages/airflow/example_dags/example_params_ui_tutorial.py
[2023-10-18T21:18:11.831+0000] {processor.py:839} INFO - DAG(s) dict_keys(['example_params_ui_tutorial']) retrieved from /home/airflow/.local/lib/python3.8/site-packages/airflow/example_dags/example_params_ui_tutorial.py
[2023-10-18T21:18:11.899+0000] {logging_mixin.py:151} INFO - [2023-10-18T21:18:11.899+0000] {dag.py:2941} INFO - Sync 1 DAGs
[2023-10-18T21:18:11.915+0000] {logging_mixin.py:151} INFO - [2023-10-18T21:18:11.915+0000] {dag.py:3722} INFO - Setting next_dagrun for example_params_ui_tutorial to None, run_after=None
[2023-10-18T21:18:11.938+0000] {processor.py:179} INFO - Processing /home/airflow/.local/lib/python3.8/site-packages/airflow/example_dags/example_params_ui_tutorial.py took 0.157 seconds
[2023-10-18T21:18:42.018+0000] {processor.py:157} INFO - Started process (PID=428) to work on /home/airflow/.local/lib/python3.8/site-packages/airflow/example_dags/example_params_ui_tutorial.py
[2023-10-18T21:18:42.020+0000] {processor.py:829} INFO - Processing file /home/airflow/.local/lib/python3.8/site-packages/airflow/example_dags/example_params_ui_tutorial.py for tasks to queue
[2023-10-18T21:18:42.024+0000] {logging_mixin.py:151} INFO - [2023-10-18T21:18:42.023+0000] {dagbag.py:536} INFO - Filling up the DagBag from /home/airflow/.local/lib/python3.8/site-packages/airflow/example_dags/example_params_ui_tutorial.py
[2023-10-18T21:18:42.065+0000] {processor.py:839} INFO - DAG(s) dict_keys(['example_params_ui_tutorial']) retrieved from /home/airflow/.local/lib/python3.8/site-packages/airflow/example_dags/example_params_ui_tutorial.py
[2023-10-18T21:18:42.129+0000] {logging_mixin.py:151} INFO - [2023-10-18T21:18:42.128+0000] {dag.py:2941} INFO - Sync 1 DAGs
[2023-10-18T21:18:42.142+0000] {logging_mixin.py:151} INFO - [2023-10-18T21:18:42.142+0000] {dag.py:3722} INFO - Setting next_dagrun for example_params_ui_tutorial to None, run_after=None
[2023-10-18T21:18:42.159+0000] {processor.py:179} INFO - Processing /home/airflow/.local/lib/python3.8/site-packages/airflow/example_dags/example_params_ui_tutorial.py took 0.146 seconds
[2023-10-18T21:19:12.399+0000] {processor.py:157} INFO - Started process (PID=481) to work on /home/airflow/.local/lib/python3.8/site-packages/airflow/example_dags/example_params_ui_tutorial.py
[2023-10-18T21:19:12.401+0000] {processor.py:829} INFO - Processing file /home/airflow/.local/lib/python3.8/site-packages/airflow/example_dags/example_params_ui_tutorial.py for tasks to queue
[2023-10-18T21:19:12.404+0000] {logging_mixin.py:151} INFO - [2023-10-18T21:19:12.404+0000] {dagbag.py:536} INFO - Filling up the DagBag from /home/airflow/.local/lib/python3.8/site-packages/airflow/example_dags/example_params_ui_tutorial.py
[2023-10-18T21:19:12.451+0000] {processor.py:839} INFO - DAG(s) dict_keys(['example_params_ui_tutorial']) retrieved from /home/airflow/.local/lib/python3.8/site-packages/airflow/example_dags/example_params_ui_tutorial.py
[2023-10-18T21:19:12.514+0000] {logging_mixin.py:151} INFO - [2023-10-18T21:19:12.514+0000] {dag.py:2941} INFO - Sync 1 DAGs
[2023-10-18T21:19:12.533+0000] {logging_mixin.py:151} INFO - [2023-10-18T21:19:12.532+0000] {dag.py:3722} INFO - Setting next_dagrun for example_params_ui_tutorial to None, run_after=None
[2023-10-18T21:19:12.555+0000] {processor.py:179} INFO - Processing /home/airflow/.local/lib/python3.8/site-packages/airflow/example_dags/example_params_ui_tutorial.py took 0.160 seconds
[2023-10-18T21:19:42.782+0000] {processor.py:157} INFO - Started process (PID=535) to work on /home/airflow/.local/lib/python3.8/site-packages/airflow/example_dags/example_params_ui_tutorial.py
[2023-10-18T21:19:42.784+0000] {processor.py:829} INFO - Processing file /home/airflow/.local/lib/python3.8/site-packages/airflow/example_dags/example_params_ui_tutorial.py for tasks to queue
[2023-10-18T21:19:42.786+0000] {logging_mixin.py:151} INFO - [2023-10-18T21:19:42.786+0000] {dagbag.py:536} INFO - Filling up the DagBag from /home/airflow/.local/lib/python3.8/site-packages/airflow/example_dags/example_params_ui_tutorial.py
[2023-10-18T21:19:42.829+0000] {processor.py:839} INFO - DAG(s) dict_keys(['example_params_ui_tutorial']) retrieved from /home/airflow/.local/lib/python3.8/site-packages/airflow/example_dags/example_params_ui_tutorial.py
[2023-10-18T21:19:42.895+0000] {logging_mixin.py:151} INFO - [2023-10-18T21:19:42.895+0000] {dag.py:2941} INFO - Sync 1 DAGs
[2023-10-18T21:19:42.908+0000] {logging_mixin.py:151} INFO - [2023-10-18T21:19:42.908+0000] {dag.py:3722} INFO - Setting next_dagrun for example_params_ui_tutorial to None, run_after=None
[2023-10-18T21:19:42.926+0000] {processor.py:179} INFO - Processing /home/airflow/.local/lib/python3.8/site-packages/airflow/example_dags/example_params_ui_tutorial.py took 0.148 seconds
[2023-10-18T21:20:13.261+0000] {processor.py:157} INFO - Started process (PID=588) to work on /home/airflow/.local/lib/python3.8/site-packages/airflow/example_dags/example_params_ui_tutorial.py
[2023-10-18T21:20:13.262+0000] {processor.py:829} INFO - Processing file /home/airflow/.local/lib/python3.8/site-packages/airflow/example_dags/example_params_ui_tutorial.py for tasks to queue
[2023-10-18T21:20:13.265+0000] {logging_mixin.py:151} INFO - [2023-10-18T21:20:13.265+0000] {dagbag.py:536} INFO - Filling up the DagBag from /home/airflow/.local/lib/python3.8/site-packages/airflow/example_dags/example_params_ui_tutorial.py
[2023-10-18T21:20:13.307+0000] {processor.py:839} INFO - DAG(s) dict_keys(['example_params_ui_tutorial']) retrieved from /home/airflow/.local/lib/python3.8/site-packages/airflow/example_dags/example_params_ui_tutorial.py
[2023-10-18T21:20:13.372+0000] {logging_mixin.py:151} INFO - [2023-10-18T21:20:13.371+0000] {dag.py:2941} INFO - Sync 1 DAGs
[2023-10-18T21:20:13.387+0000] {logging_mixin.py:151} INFO - [2023-10-18T21:20:13.387+0000] {dag.py:3722} INFO - Setting next_dagrun for example_params_ui_tutorial to None, run_after=None
[2023-10-18T21:20:13.407+0000] {processor.py:179} INFO - Processing /home/airflow/.local/lib/python3.8/site-packages/airflow/example_dags/example_params_ui_tutorial.py took 0.151 seconds
[2023-10-18T21:20:43.737+0000] {processor.py:157} INFO - Started process (PID=641) to work on /home/airflow/.local/lib/python3.8/site-packages/airflow/example_dags/example_params_ui_tutorial.py
[2023-10-18T21:20:43.739+0000] {processor.py:829} INFO - Processing file /home/airflow/.local/lib/python3.8/site-packages/airflow/example_dags/example_params_ui_tutorial.py for tasks to queue
[2023-10-18T21:20:43.742+0000] {logging_mixin.py:151} INFO - [2023-10-18T21:20:43.742+0000] {dagbag.py:536} INFO - Filling up the DagBag from /home/airflow/.local/lib/python3.8/site-packages/airflow/example_dags/example_params_ui_tutorial.py
[2023-10-18T21:20:43.786+0000] {processor.py:839} INFO - DAG(s) dict_keys(['example_params_ui_tutorial']) retrieved from /home/airflow/.local/lib/python3.8/site-packages/airflow/example_dags/example_params_ui_tutorial.py
[2023-10-18T21:20:43.853+0000] {logging_mixin.py:151} INFO - [2023-10-18T21:20:43.852+0000] {dag.py:2941} INFO - Sync 1 DAGs
[2023-10-18T21:20:43.869+0000] {logging_mixin.py:151} INFO - [2023-10-18T21:20:43.869+0000] {dag.py:3722} INFO - Setting next_dagrun for example_params_ui_tutorial to None, run_after=None
[2023-10-18T21:20:43.890+0000] {processor.py:179} INFO - Processing /home/airflow/.local/lib/python3.8/site-packages/airflow/example_dags/example_params_ui_tutorial.py took 0.159 seconds
[2023-10-18T21:21:14.818+0000] {processor.py:157} INFO - Started process (PID=694) to work on /home/airflow/.local/lib/python3.8/site-packages/airflow/example_dags/example_params_ui_tutorial.py
[2023-10-18T21:21:14.820+0000] {processor.py:829} INFO - Processing file /home/airflow/.local/lib/python3.8/site-packages/airflow/example_dags/example_params_ui_tutorial.py for tasks to queue
[2023-10-18T21:21:14.823+0000] {logging_mixin.py:151} INFO - [2023-10-18T21:21:14.823+0000] {dagbag.py:536} INFO - Filling up the DagBag from /home/airflow/.local/lib/python3.8/site-packages/airflow/example_dags/example_params_ui_tutorial.py
[2023-10-18T21:21:14.867+0000] {processor.py:839} INFO - DAG(s) dict_keys(['example_params_ui_tutorial']) retrieved from /home/airflow/.local/lib/python3.8/site-packages/airflow/example_dags/example_params_ui_tutorial.py
[2023-10-18T21:21:14.940+0000] {logging_mixin.py:151} INFO - [2023-10-18T21:21:14.940+0000] {dag.py:2941} INFO - Sync 1 DAGs
[2023-10-18T21:21:14.956+0000] {logging_mixin.py:151} INFO - [2023-10-18T21:21:14.956+0000] {dag.py:3722} INFO - Setting next_dagrun for example_params_ui_tutorial to None, run_after=None
[2023-10-18T21:21:14.976+0000] {processor.py:179} INFO - Processing /home/airflow/.local/lib/python3.8/site-packages/airflow/example_dags/example_params_ui_tutorial.py took 0.164 seconds
[2023-10-18T21:21:45.423+0000] {processor.py:157} INFO - Started process (PID=748) to work on /home/airflow/.local/lib/python3.8/site-packages/airflow/example_dags/example_params_ui_tutorial.py
[2023-10-18T21:21:45.424+0000] {processor.py:829} INFO - Processing file /home/airflow/.local/lib/python3.8/site-packages/airflow/example_dags/example_params_ui_tutorial.py for tasks to queue
[2023-10-18T21:21:45.427+0000] {logging_mixin.py:151} INFO - [2023-10-18T21:21:45.426+0000] {dagbag.py:536} INFO - Filling up the DagBag from /home/airflow/.local/lib/python3.8/site-packages/airflow/example_dags/example_params_ui_tutorial.py
[2023-10-18T21:21:45.471+0000] {processor.py:839} INFO - DAG(s) dict_keys(['example_params_ui_tutorial']) retrieved from /home/airflow/.local/lib/python3.8/site-packages/airflow/example_dags/example_params_ui_tutorial.py
[2023-10-18T21:21:45.533+0000] {logging_mixin.py:151} INFO - [2023-10-18T21:21:45.533+0000] {dag.py:2941} INFO - Sync 1 DAGs
[2023-10-18T21:21:45.556+0000] {logging_mixin.py:151} INFO - [2023-10-18T21:21:45.555+0000] {dag.py:3722} INFO - Setting next_dagrun for example_params_ui_tutorial to None, run_after=None
[2023-10-18T21:21:45.585+0000] {processor.py:179} INFO - Processing /home/airflow/.local/lib/python3.8/site-packages/airflow/example_dags/example_params_ui_tutorial.py took 0.171 seconds
[2023-10-18T21:23:48.591+0000] {processor.py:157} INFO - Started process (PID=58) to work on /home/airflow/.local/lib/python3.8/site-packages/airflow/example_dags/example_params_ui_tutorial.py
[2023-10-18T21:23:48.593+0000] {processor.py:829} INFO - Processing file /home/airflow/.local/lib/python3.8/site-packages/airflow/example_dags/example_params_ui_tutorial.py for tasks to queue
[2023-10-18T21:23:48.595+0000] {logging_mixin.py:151} INFO - [2023-10-18T21:23:48.595+0000] {dagbag.py:536} INFO - Filling up the DagBag from /home/airflow/.local/lib/python3.8/site-packages/airflow/example_dags/example_params_ui_tutorial.py
[2023-10-18T21:23:48.642+0000] {processor.py:839} INFO - DAG(s) dict_keys(['example_params_ui_tutorial']) retrieved from /home/airflow/.local/lib/python3.8/site-packages/airflow/example_dags/example_params_ui_tutorial.py
[2023-10-18T21:23:48.660+0000] {logging_mixin.py:151} INFO - [2023-10-18T21:23:48.660+0000] {dag.py:2941} INFO - Sync 1 DAGs
[2023-10-18T21:23:48.676+0000] {logging_mixin.py:151} INFO - [2023-10-18T21:23:48.676+0000] {dag.py:3722} INFO - Setting next_dagrun for example_params_ui_tutorial to None, run_after=None
[2023-10-18T21:23:48.698+0000] {processor.py:179} INFO - Processing /home/airflow/.local/lib/python3.8/site-packages/airflow/example_dags/example_params_ui_tutorial.py took 0.114 seconds
[2023-10-18T21:24:19.023+0000] {processor.py:157} INFO - Started process (PID=111) to work on /home/airflow/.local/lib/python3.8/site-packages/airflow/example_dags/example_params_ui_tutorial.py
[2023-10-18T21:24:19.024+0000] {processor.py:829} INFO - Processing file /home/airflow/.local/lib/python3.8/site-packages/airflow/example_dags/example_params_ui_tutorial.py for tasks to queue
[2023-10-18T21:24:19.027+0000] {logging_mixin.py:151} INFO - [2023-10-18T21:24:19.026+0000] {dagbag.py:536} INFO - Filling up the DagBag from /home/airflow/.local/lib/python3.8/site-packages/airflow/example_dags/example_params_ui_tutorial.py
[2023-10-18T21:24:19.078+0000] {processor.py:839} INFO - DAG(s) dict_keys(['example_params_ui_tutorial']) retrieved from /home/airflow/.local/lib/python3.8/site-packages/airflow/example_dags/example_params_ui_tutorial.py
[2023-10-18T21:24:19.145+0000] {logging_mixin.py:151} INFO - [2023-10-18T21:24:19.145+0000] {dag.py:2941} INFO - Sync 1 DAGs
[2023-10-18T21:24:19.161+0000] {logging_mixin.py:151} INFO - [2023-10-18T21:24:19.161+0000] {dag.py:3722} INFO - Setting next_dagrun for example_params_ui_tutorial to None, run_after=None
[2023-10-18T21:24:19.181+0000] {processor.py:179} INFO - Processing /home/airflow/.local/lib/python3.8/site-packages/airflow/example_dags/example_params_ui_tutorial.py took 0.163 seconds
[2023-10-18T21:24:49.450+0000] {processor.py:157} INFO - Started process (PID=164) to work on /home/airflow/.local/lib/python3.8/site-packages/airflow/example_dags/example_params_ui_tutorial.py
[2023-10-18T21:24:49.452+0000] {processor.py:829} INFO - Processing file /home/airflow/.local/lib/python3.8/site-packages/airflow/example_dags/example_params_ui_tutorial.py for tasks to queue
[2023-10-18T21:24:49.456+0000] {logging_mixin.py:151} INFO - [2023-10-18T21:24:49.456+0000] {dagbag.py:536} INFO - Filling up the DagBag from /home/airflow/.local/lib/python3.8/site-packages/airflow/example_dags/example_params_ui_tutorial.py
[2023-10-18T21:24:49.523+0000] {processor.py:839} INFO - DAG(s) dict_keys(['example_params_ui_tutorial']) retrieved from /home/airflow/.local/lib/python3.8/site-packages/airflow/example_dags/example_params_ui_tutorial.py
[2023-10-18T21:24:49.591+0000] {logging_mixin.py:151} INFO - [2023-10-18T21:24:49.591+0000] {dag.py:2941} INFO - Sync 1 DAGs
[2023-10-18T21:24:49.609+0000] {logging_mixin.py:151} INFO - [2023-10-18T21:24:49.609+0000] {dag.py:3722} INFO - Setting next_dagrun for example_params_ui_tutorial to None, run_after=None
[2023-10-18T21:24:49.630+0000] {processor.py:179} INFO - Processing /home/airflow/.local/lib/python3.8/site-packages/airflow/example_dags/example_params_ui_tutorial.py took 0.186 seconds
[2023-10-18T21:25:20.204+0000] {processor.py:157} INFO - Started process (PID=217) to work on /home/airflow/.local/lib/python3.8/site-packages/airflow/example_dags/example_params_ui_tutorial.py
[2023-10-18T21:25:20.205+0000] {processor.py:829} INFO - Processing file /home/airflow/.local/lib/python3.8/site-packages/airflow/example_dags/example_params_ui_tutorial.py for tasks to queue
[2023-10-18T21:25:20.208+0000] {logging_mixin.py:151} INFO - [2023-10-18T21:25:20.208+0000] {dagbag.py:536} INFO - Filling up the DagBag from /home/airflow/.local/lib/python3.8/site-packages/airflow/example_dags/example_params_ui_tutorial.py
[2023-10-18T21:25:20.256+0000] {processor.py:839} INFO - DAG(s) dict_keys(['example_params_ui_tutorial']) retrieved from /home/airflow/.local/lib/python3.8/site-packages/airflow/example_dags/example_params_ui_tutorial.py
[2023-10-18T21:25:20.277+0000] {logging_mixin.py:151} INFO - [2023-10-18T21:25:20.277+0000] {dag.py:2941} INFO - Sync 1 DAGs
[2023-10-18T21:25:20.293+0000] {logging_mixin.py:151} INFO - [2023-10-18T21:25:20.293+0000] {dag.py:3722} INFO - Setting next_dagrun for example_params_ui_tutorial to None, run_after=None
[2023-10-18T21:25:20.312+0000] {processor.py:179} INFO - Processing /home/airflow/.local/lib/python3.8/site-packages/airflow/example_dags/example_params_ui_tutorial.py took 0.114 seconds
[2023-10-18T21:25:50.939+0000] {processor.py:157} INFO - Started process (PID=270) to work on /home/airflow/.local/lib/python3.8/site-packages/airflow/example_dags/example_params_ui_tutorial.py
[2023-10-18T21:25:50.941+0000] {processor.py:829} INFO - Processing file /home/airflow/.local/lib/python3.8/site-packages/airflow/example_dags/example_params_ui_tutorial.py for tasks to queue
[2023-10-18T21:25:50.944+0000] {logging_mixin.py:151} INFO - [2023-10-18T21:25:50.943+0000] {dagbag.py:536} INFO - Filling up the DagBag from /home/airflow/.local/lib/python3.8/site-packages/airflow/example_dags/example_params_ui_tutorial.py
[2023-10-18T21:25:50.985+0000] {processor.py:839} INFO - DAG(s) dict_keys(['example_params_ui_tutorial']) retrieved from /home/airflow/.local/lib/python3.8/site-packages/airflow/example_dags/example_params_ui_tutorial.py
[2023-10-18T21:25:51.049+0000] {logging_mixin.py:151} INFO - [2023-10-18T21:25:51.048+0000] {dag.py:2941} INFO - Sync 1 DAGs
[2023-10-18T21:25:51.063+0000] {logging_mixin.py:151} INFO - [2023-10-18T21:25:51.063+0000] {dag.py:3722} INFO - Setting next_dagrun for example_params_ui_tutorial to None, run_after=None
[2023-10-18T21:25:51.082+0000] {processor.py:179} INFO - Processing /home/airflow/.local/lib/python3.8/site-packages/airflow/example_dags/example_params_ui_tutorial.py took 0.147 seconds
[2023-10-18T21:26:21.238+0000] {processor.py:157} INFO - Started process (PID=324) to work on /home/airflow/.local/lib/python3.8/site-packages/airflow/example_dags/example_params_ui_tutorial.py
[2023-10-18T21:26:21.239+0000] {processor.py:829} INFO - Processing file /home/airflow/.local/lib/python3.8/site-packages/airflow/example_dags/example_params_ui_tutorial.py for tasks to queue
[2023-10-18T21:26:21.242+0000] {logging_mixin.py:151} INFO - [2023-10-18T21:26:21.242+0000] {dagbag.py:536} INFO - Filling up the DagBag from /home/airflow/.local/lib/python3.8/site-packages/airflow/example_dags/example_params_ui_tutorial.py
[2023-10-18T21:26:21.285+0000] {processor.py:839} INFO - DAG(s) dict_keys(['example_params_ui_tutorial']) retrieved from /home/airflow/.local/lib/python3.8/site-packages/airflow/example_dags/example_params_ui_tutorial.py
[2023-10-18T21:26:21.346+0000] {logging_mixin.py:151} INFO - [2023-10-18T21:26:21.345+0000] {dag.py:2941} INFO - Sync 1 DAGs
[2023-10-18T21:26:21.361+0000] {logging_mixin.py:151} INFO - [2023-10-18T21:26:21.361+0000] {dag.py:3722} INFO - Setting next_dagrun for example_params_ui_tutorial to None, run_after=None
[2023-10-18T21:26:21.381+0000] {processor.py:179} INFO - Processing /home/airflow/.local/lib/python3.8/site-packages/airflow/example_dags/example_params_ui_tutorial.py took 0.149 seconds
[2023-10-18T21:26:51.480+0000] {processor.py:157} INFO - Started process (PID=377) to work on /home/airflow/.local/lib/python3.8/site-packages/airflow/example_dags/example_params_ui_tutorial.py
[2023-10-18T21:26:51.481+0000] {processor.py:829} INFO - Processing file /home/airflow/.local/lib/python3.8/site-packages/airflow/example_dags/example_params_ui_tutorial.py for tasks to queue
[2023-10-18T21:26:51.484+0000] {logging_mixin.py:151} INFO - [2023-10-18T21:26:51.484+0000] {dagbag.py:536} INFO - Filling up the DagBag from /home/airflow/.local/lib/python3.8/site-packages/airflow/example_dags/example_params_ui_tutorial.py
[2023-10-18T21:26:51.526+0000] {processor.py:839} INFO - DAG(s) dict_keys(['example_params_ui_tutorial']) retrieved from /home/airflow/.local/lib/python3.8/site-packages/airflow/example_dags/example_params_ui_tutorial.py
[2023-10-18T21:26:51.589+0000] {logging_mixin.py:151} INFO - [2023-10-18T21:26:51.589+0000] {dag.py:2941} INFO - Sync 1 DAGs
[2023-10-18T21:26:51.603+0000] {logging_mixin.py:151} INFO - [2023-10-18T21:26:51.602+0000] {dag.py:3722} INFO - Setting next_dagrun for example_params_ui_tutorial to None, run_after=None
[2023-10-18T21:26:51.621+0000] {processor.py:179} INFO - Processing /home/airflow/.local/lib/python3.8/site-packages/airflow/example_dags/example_params_ui_tutorial.py took 0.145 seconds
[2023-10-18T21:27:21.653+0000] {processor.py:157} INFO - Started process (PID=430) to work on /home/airflow/.local/lib/python3.8/site-packages/airflow/example_dags/example_params_ui_tutorial.py
[2023-10-18T21:27:21.654+0000] {processor.py:829} INFO - Processing file /home/airflow/.local/lib/python3.8/site-packages/airflow/example_dags/example_params_ui_tutorial.py for tasks to queue
[2023-10-18T21:27:21.657+0000] {logging_mixin.py:151} INFO - [2023-10-18T21:27:21.657+0000] {dagbag.py:536} INFO - Filling up the DagBag from /home/airflow/.local/lib/python3.8/site-packages/airflow/example_dags/example_params_ui_tutorial.py
[2023-10-18T21:27:21.700+0000] {processor.py:839} INFO - DAG(s) dict_keys(['example_params_ui_tutorial']) retrieved from /home/airflow/.local/lib/python3.8/site-packages/airflow/example_dags/example_params_ui_tutorial.py
[2023-10-18T21:27:21.770+0000] {logging_mixin.py:151} INFO - [2023-10-18T21:27:21.770+0000] {dag.py:2941} INFO - Sync 1 DAGs
[2023-10-18T21:27:21.785+0000] {logging_mixin.py:151} INFO - [2023-10-18T21:27:21.785+0000] {dag.py:3722} INFO - Setting next_dagrun for example_params_ui_tutorial to None, run_after=None
[2023-10-18T21:27:21.805+0000] {processor.py:179} INFO - Processing /home/airflow/.local/lib/python3.8/site-packages/airflow/example_dags/example_params_ui_tutorial.py took 0.156 seconds
[2023-10-18T21:27:52.071+0000] {processor.py:157} INFO - Started process (PID=482) to work on /home/airflow/.local/lib/python3.8/site-packages/airflow/example_dags/example_params_ui_tutorial.py
[2023-10-18T21:27:52.073+0000] {processor.py:829} INFO - Processing file /home/airflow/.local/lib/python3.8/site-packages/airflow/example_dags/example_params_ui_tutorial.py for tasks to queue
[2023-10-18T21:27:52.075+0000] {logging_mixin.py:151} INFO - [2023-10-18T21:27:52.075+0000] {dagbag.py:536} INFO - Filling up the DagBag from /home/airflow/.local/lib/python3.8/site-packages/airflow/example_dags/example_params_ui_tutorial.py
[2023-10-18T21:27:52.119+0000] {processor.py:839} INFO - DAG(s) dict_keys(['example_params_ui_tutorial']) retrieved from /home/airflow/.local/lib/python3.8/site-packages/airflow/example_dags/example_params_ui_tutorial.py
[2023-10-18T21:27:52.182+0000] {logging_mixin.py:151} INFO - [2023-10-18T21:27:52.182+0000] {dag.py:2941} INFO - Sync 1 DAGs
[2023-10-18T21:27:52.197+0000] {logging_mixin.py:151} INFO - [2023-10-18T21:27:52.197+0000] {dag.py:3722} INFO - Setting next_dagrun for example_params_ui_tutorial to None, run_after=None
[2023-10-18T21:27:52.219+0000] {processor.py:179} INFO - Processing /home/airflow/.local/lib/python3.8/site-packages/airflow/example_dags/example_params_ui_tutorial.py took 0.153 seconds
[2023-10-18T21:28:22.531+0000] {processor.py:157} INFO - Started process (PID=535) to work on /home/airflow/.local/lib/python3.8/site-packages/airflow/example_dags/example_params_ui_tutorial.py
[2023-10-18T21:28:22.532+0000] {processor.py:829} INFO - Processing file /home/airflow/.local/lib/python3.8/site-packages/airflow/example_dags/example_params_ui_tutorial.py for tasks to queue
[2023-10-18T21:28:22.535+0000] {logging_mixin.py:151} INFO - [2023-10-18T21:28:22.534+0000] {dagbag.py:536} INFO - Filling up the DagBag from /home/airflow/.local/lib/python3.8/site-packages/airflow/example_dags/example_params_ui_tutorial.py
[2023-10-18T21:28:22.576+0000] {processor.py:839} INFO - DAG(s) dict_keys(['example_params_ui_tutorial']) retrieved from /home/airflow/.local/lib/python3.8/site-packages/airflow/example_dags/example_params_ui_tutorial.py
[2023-10-18T21:28:22.646+0000] {logging_mixin.py:151} INFO - [2023-10-18T21:28:22.646+0000] {dag.py:2941} INFO - Sync 1 DAGs
[2023-10-18T21:28:22.662+0000] {logging_mixin.py:151} INFO - [2023-10-18T21:28:22.662+0000] {dag.py:3722} INFO - Setting next_dagrun for example_params_ui_tutorial to None, run_after=None
[2023-10-18T21:28:22.684+0000] {processor.py:179} INFO - Processing /home/airflow/.local/lib/python3.8/site-packages/airflow/example_dags/example_params_ui_tutorial.py took 0.158 seconds
[2023-10-18T21:28:53.156+0000] {processor.py:157} INFO - Started process (PID=588) to work on /home/airflow/.local/lib/python3.8/site-packages/airflow/example_dags/example_params_ui_tutorial.py
[2023-10-18T21:28:53.157+0000] {processor.py:829} INFO - Processing file /home/airflow/.local/lib/python3.8/site-packages/airflow/example_dags/example_params_ui_tutorial.py for tasks to queue
[2023-10-18T21:28:53.160+0000] {logging_mixin.py:151} INFO - [2023-10-18T21:28:53.160+0000] {dagbag.py:536} INFO - Filling up the DagBag from /home/airflow/.local/lib/python3.8/site-packages/airflow/example_dags/example_params_ui_tutorial.py
[2023-10-18T21:28:53.201+0000] {processor.py:839} INFO - DAG(s) dict_keys(['example_params_ui_tutorial']) retrieved from /home/airflow/.local/lib/python3.8/site-packages/airflow/example_dags/example_params_ui_tutorial.py
[2023-10-18T21:28:53.266+0000] {logging_mixin.py:151} INFO - [2023-10-18T21:28:53.266+0000] {dag.py:2941} INFO - Sync 1 DAGs
[2023-10-18T21:28:53.283+0000] {logging_mixin.py:151} INFO - [2023-10-18T21:28:53.283+0000] {dag.py:3722} INFO - Setting next_dagrun for example_params_ui_tutorial to None, run_after=None
[2023-10-18T21:28:53.303+0000] {processor.py:179} INFO - Processing /home/airflow/.local/lib/python3.8/site-packages/airflow/example_dags/example_params_ui_tutorial.py took 0.151 seconds
[2023-10-18T21:29:23.528+0000] {processor.py:157} INFO - Started process (PID=641) to work on /home/airflow/.local/lib/python3.8/site-packages/airflow/example_dags/example_params_ui_tutorial.py
[2023-10-18T21:29:23.529+0000] {processor.py:829} INFO - Processing file /home/airflow/.local/lib/python3.8/site-packages/airflow/example_dags/example_params_ui_tutorial.py for tasks to queue
[2023-10-18T21:29:23.531+0000] {logging_mixin.py:151} INFO - [2023-10-18T21:29:23.531+0000] {dagbag.py:536} INFO - Filling up the DagBag from /home/airflow/.local/lib/python3.8/site-packages/airflow/example_dags/example_params_ui_tutorial.py
[2023-10-18T21:29:23.573+0000] {processor.py:839} INFO - DAG(s) dict_keys(['example_params_ui_tutorial']) retrieved from /home/airflow/.local/lib/python3.8/site-packages/airflow/example_dags/example_params_ui_tutorial.py
[2023-10-18T21:29:23.637+0000] {logging_mixin.py:151} INFO - [2023-10-18T21:29:23.637+0000] {dag.py:2941} INFO - Sync 1 DAGs
[2023-10-18T21:29:23.652+0000] {logging_mixin.py:151} INFO - [2023-10-18T21:29:23.652+0000] {dag.py:3722} INFO - Setting next_dagrun for example_params_ui_tutorial to None, run_after=None
[2023-10-18T21:29:23.673+0000] {processor.py:179} INFO - Processing /home/airflow/.local/lib/python3.8/site-packages/airflow/example_dags/example_params_ui_tutorial.py took 0.150 seconds
[2023-10-18T21:29:53.859+0000] {processor.py:157} INFO - Started process (PID=694) to work on /home/airflow/.local/lib/python3.8/site-packages/airflow/example_dags/example_params_ui_tutorial.py
[2023-10-18T21:29:53.860+0000] {processor.py:829} INFO - Processing file /home/airflow/.local/lib/python3.8/site-packages/airflow/example_dags/example_params_ui_tutorial.py for tasks to queue
[2023-10-18T21:29:53.863+0000] {logging_mixin.py:151} INFO - [2023-10-18T21:29:53.863+0000] {dagbag.py:536} INFO - Filling up the DagBag from /home/airflow/.local/lib/python3.8/site-packages/airflow/example_dags/example_params_ui_tutorial.py
[2023-10-18T21:29:53.905+0000] {processor.py:839} INFO - DAG(s) dict_keys(['example_params_ui_tutorial']) retrieved from /home/airflow/.local/lib/python3.8/site-packages/airflow/example_dags/example_params_ui_tutorial.py
[2023-10-18T21:29:53.972+0000] {logging_mixin.py:151} INFO - [2023-10-18T21:29:53.972+0000] {dag.py:2941} INFO - Sync 1 DAGs
[2023-10-18T21:29:53.986+0000] {logging_mixin.py:151} INFO - [2023-10-18T21:29:53.985+0000] {dag.py:3722} INFO - Setting next_dagrun for example_params_ui_tutorial to None, run_after=None
[2023-10-18T21:29:54.002+0000] {processor.py:179} INFO - Processing /home/airflow/.local/lib/python3.8/site-packages/airflow/example_dags/example_params_ui_tutorial.py took 0.148 seconds
[2023-10-18T21:30:24.065+0000] {processor.py:157} INFO - Started process (PID=747) to work on /home/airflow/.local/lib/python3.8/site-packages/airflow/example_dags/example_params_ui_tutorial.py
[2023-10-18T21:30:24.066+0000] {processor.py:829} INFO - Processing file /home/airflow/.local/lib/python3.8/site-packages/airflow/example_dags/example_params_ui_tutorial.py for tasks to queue
[2023-10-18T21:30:24.069+0000] {logging_mixin.py:151} INFO - [2023-10-18T21:30:24.069+0000] {dagbag.py:536} INFO - Filling up the DagBag from /home/airflow/.local/lib/python3.8/site-packages/airflow/example_dags/example_params_ui_tutorial.py
[2023-10-18T21:30:24.111+0000] {processor.py:839} INFO - DAG(s) dict_keys(['example_params_ui_tutorial']) retrieved from /home/airflow/.local/lib/python3.8/site-packages/airflow/example_dags/example_params_ui_tutorial.py
[2023-10-18T21:30:24.175+0000] {logging_mixin.py:151} INFO - [2023-10-18T21:30:24.175+0000] {dag.py:2941} INFO - Sync 1 DAGs
[2023-10-18T21:30:24.191+0000] {logging_mixin.py:151} INFO - [2023-10-18T21:30:24.190+0000] {dag.py:3722} INFO - Setting next_dagrun for example_params_ui_tutorial to None, run_after=None
[2023-10-18T21:30:24.214+0000] {processor.py:179} INFO - Processing /home/airflow/.local/lib/python3.8/site-packages/airflow/example_dags/example_params_ui_tutorial.py took 0.156 seconds
[2023-10-18T21:30:54.353+0000] {processor.py:157} INFO - Started process (PID=801) to work on /home/airflow/.local/lib/python3.8/site-packages/airflow/example_dags/example_params_ui_tutorial.py
[2023-10-18T21:30:54.355+0000] {processor.py:829} INFO - Processing file /home/airflow/.local/lib/python3.8/site-packages/airflow/example_dags/example_params_ui_tutorial.py for tasks to queue
[2023-10-18T21:30:54.358+0000] {logging_mixin.py:151} INFO - [2023-10-18T21:30:54.357+0000] {dagbag.py:536} INFO - Filling up the DagBag from /home/airflow/.local/lib/python3.8/site-packages/airflow/example_dags/example_params_ui_tutorial.py
[2023-10-18T21:30:54.400+0000] {processor.py:839} INFO - DAG(s) dict_keys(['example_params_ui_tutorial']) retrieved from /home/airflow/.local/lib/python3.8/site-packages/airflow/example_dags/example_params_ui_tutorial.py
[2023-10-18T21:30:54.469+0000] {logging_mixin.py:151} INFO - [2023-10-18T21:30:54.468+0000] {dag.py:2941} INFO - Sync 1 DAGs
[2023-10-18T21:30:54.483+0000] {logging_mixin.py:151} INFO - [2023-10-18T21:30:54.483+0000] {dag.py:3722} INFO - Setting next_dagrun for example_params_ui_tutorial to None, run_after=None
[2023-10-18T21:30:54.501+0000] {processor.py:179} INFO - Processing /home/airflow/.local/lib/python3.8/site-packages/airflow/example_dags/example_params_ui_tutorial.py took 0.156 seconds
[2023-10-18T21:31:24.603+0000] {processor.py:157} INFO - Started process (PID=854) to work on /home/airflow/.local/lib/python3.8/site-packages/airflow/example_dags/example_params_ui_tutorial.py
[2023-10-18T21:31:24.604+0000] {processor.py:829} INFO - Processing file /home/airflow/.local/lib/python3.8/site-packages/airflow/example_dags/example_params_ui_tutorial.py for tasks to queue
[2023-10-18T21:31:24.606+0000] {logging_mixin.py:151} INFO - [2023-10-18T21:31:24.606+0000] {dagbag.py:536} INFO - Filling up the DagBag from /home/airflow/.local/lib/python3.8/site-packages/airflow/example_dags/example_params_ui_tutorial.py
[2023-10-18T21:31:24.652+0000] {processor.py:839} INFO - DAG(s) dict_keys(['example_params_ui_tutorial']) retrieved from /home/airflow/.local/lib/python3.8/site-packages/airflow/example_dags/example_params_ui_tutorial.py
[2023-10-18T21:31:24.718+0000] {logging_mixin.py:151} INFO - [2023-10-18T21:31:24.718+0000] {dag.py:2941} INFO - Sync 1 DAGs
[2023-10-18T21:31:24.735+0000] {logging_mixin.py:151} INFO - [2023-10-18T21:31:24.735+0000] {dag.py:3722} INFO - Setting next_dagrun for example_params_ui_tutorial to None, run_after=None
[2023-10-18T21:31:24.754+0000] {processor.py:179} INFO - Processing /home/airflow/.local/lib/python3.8/site-packages/airflow/example_dags/example_params_ui_tutorial.py took 0.157 seconds
