[2023-10-18T21:06:47.025+0000] {processor.py:157} INFO - Started process (PID=54) to work on /home/airflow/.local/lib/python3.8/site-packages/airflow/example_dags/example_branch_day_of_week_operator.py
[2023-10-18T21:06:47.027+0000] {processor.py:829} INFO - Processing file /home/airflow/.local/lib/python3.8/site-packages/airflow/example_dags/example_branch_day_of_week_operator.py for tasks to queue
[2023-10-18T21:06:47.031+0000] {logging_mixin.py:151} INFO - [2023-10-18T21:06:47.031+0000] {dagbag.py:536} INFO - Filling up the DagBag from /home/airflow/.local/lib/python3.8/site-packages/airflow/example_dags/example_branch_day_of_week_operator.py
[2023-10-18T21:06:47.058+0000] {processor.py:839} INFO - DAG(s) dict_keys(['example_weekday_branch_operator']) retrieved from /home/airflow/.local/lib/python3.8/site-packages/airflow/example_dags/example_branch_day_of_week_operator.py
[2023-10-18T21:06:47.070+0000] {logging_mixin.py:151} INFO - [2023-10-18T21:06:47.070+0000] {dag.py:2941} INFO - Sync 1 DAGs
[2023-10-18T21:06:47.100+0000] {logging_mixin.py:151} INFO - [2023-10-18T21:06:47.100+0000] {dag.py:3722} INFO - Setting next_dagrun for example_weekday_branch_operator to 2023-10-17T00:00:00+00:00, run_after=2023-10-18T00:00:00+00:00
[2023-10-18T21:06:47.139+0000] {processor.py:179} INFO - Processing /home/airflow/.local/lib/python3.8/site-packages/airflow/example_dags/example_branch_day_of_week_operator.py took 0.130 seconds
[2023-10-18T21:07:17.516+0000] {processor.py:157} INFO - Started process (PID=107) to work on /home/airflow/.local/lib/python3.8/site-packages/airflow/example_dags/example_branch_day_of_week_operator.py
[2023-10-18T21:07:17.518+0000] {processor.py:829} INFO - Processing file /home/airflow/.local/lib/python3.8/site-packages/airflow/example_dags/example_branch_day_of_week_operator.py for tasks to queue
[2023-10-18T21:07:17.521+0000] {logging_mixin.py:151} INFO - [2023-10-18T21:07:17.520+0000] {dagbag.py:536} INFO - Filling up the DagBag from /home/airflow/.local/lib/python3.8/site-packages/airflow/example_dags/example_branch_day_of_week_operator.py
[2023-10-18T21:07:17.529+0000] {processor.py:839} INFO - DAG(s) dict_keys(['example_weekday_branch_operator']) retrieved from /home/airflow/.local/lib/python3.8/site-packages/airflow/example_dags/example_branch_day_of_week_operator.py
[2023-10-18T21:07:17.555+0000] {logging_mixin.py:151} INFO - [2023-10-18T21:07:17.555+0000] {dag.py:2941} INFO - Sync 1 DAGs
[2023-10-18T21:07:17.582+0000] {logging_mixin.py:151} INFO - [2023-10-18T21:07:17.582+0000] {dag.py:3722} INFO - Setting next_dagrun for example_weekday_branch_operator to 2023-10-17T00:00:00+00:00, run_after=2023-10-18T00:00:00+00:00
[2023-10-18T21:07:17.600+0000] {processor.py:179} INFO - Processing /home/airflow/.local/lib/python3.8/site-packages/airflow/example_dags/example_branch_day_of_week_operator.py took 0.088 seconds
[2023-10-18T21:07:47.794+0000] {processor.py:157} INFO - Started process (PID=160) to work on /home/airflow/.local/lib/python3.8/site-packages/airflow/example_dags/example_branch_day_of_week_operator.py
[2023-10-18T21:07:47.795+0000] {processor.py:829} INFO - Processing file /home/airflow/.local/lib/python3.8/site-packages/airflow/example_dags/example_branch_day_of_week_operator.py for tasks to queue
[2023-10-18T21:07:47.797+0000] {logging_mixin.py:151} INFO - [2023-10-18T21:07:47.797+0000] {dagbag.py:536} INFO - Filling up the DagBag from /home/airflow/.local/lib/python3.8/site-packages/airflow/example_dags/example_branch_day_of_week_operator.py
[2023-10-18T21:07:47.806+0000] {processor.py:839} INFO - DAG(s) dict_keys(['example_weekday_branch_operator']) retrieved from /home/airflow/.local/lib/python3.8/site-packages/airflow/example_dags/example_branch_day_of_week_operator.py
[2023-10-18T21:07:47.829+0000] {logging_mixin.py:151} INFO - [2023-10-18T21:07:47.829+0000] {dag.py:2941} INFO - Sync 1 DAGs
[2023-10-18T21:07:47.855+0000] {logging_mixin.py:151} INFO - [2023-10-18T21:07:47.855+0000] {dag.py:3722} INFO - Setting next_dagrun for example_weekday_branch_operator to 2023-10-17T00:00:00+00:00, run_after=2023-10-18T00:00:00+00:00
[2023-10-18T21:07:47.874+0000] {processor.py:179} INFO - Processing /home/airflow/.local/lib/python3.8/site-packages/airflow/example_dags/example_branch_day_of_week_operator.py took 0.086 seconds
[2023-10-18T21:08:18.067+0000] {processor.py:157} INFO - Started process (PID=213) to work on /home/airflow/.local/lib/python3.8/site-packages/airflow/example_dags/example_branch_day_of_week_operator.py
[2023-10-18T21:08:18.068+0000] {processor.py:829} INFO - Processing file /home/airflow/.local/lib/python3.8/site-packages/airflow/example_dags/example_branch_day_of_week_operator.py for tasks to queue
[2023-10-18T21:08:18.071+0000] {logging_mixin.py:151} INFO - [2023-10-18T21:08:18.071+0000] {dagbag.py:536} INFO - Filling up the DagBag from /home/airflow/.local/lib/python3.8/site-packages/airflow/example_dags/example_branch_day_of_week_operator.py
[2023-10-18T21:08:18.084+0000] {processor.py:839} INFO - DAG(s) dict_keys(['example_weekday_branch_operator']) retrieved from /home/airflow/.local/lib/python3.8/site-packages/airflow/example_dags/example_branch_day_of_week_operator.py
[2023-10-18T21:08:18.118+0000] {logging_mixin.py:151} INFO - [2023-10-18T21:08:18.118+0000] {dag.py:2941} INFO - Sync 1 DAGs
[2023-10-18T21:08:18.154+0000] {logging_mixin.py:151} INFO - [2023-10-18T21:08:18.154+0000] {dag.py:3722} INFO - Setting next_dagrun for example_weekday_branch_operator to 2023-10-17T00:00:00+00:00, run_after=2023-10-18T00:00:00+00:00
[2023-10-18T21:08:18.174+0000] {processor.py:179} INFO - Processing /home/airflow/.local/lib/python3.8/site-packages/airflow/example_dags/example_branch_day_of_week_operator.py took 0.113 seconds
[2023-10-18T21:08:48.251+0000] {processor.py:157} INFO - Started process (PID=267) to work on /home/airflow/.local/lib/python3.8/site-packages/airflow/example_dags/example_branch_day_of_week_operator.py
[2023-10-18T21:08:48.252+0000] {processor.py:829} INFO - Processing file /home/airflow/.local/lib/python3.8/site-packages/airflow/example_dags/example_branch_day_of_week_operator.py for tasks to queue
[2023-10-18T21:08:48.255+0000] {logging_mixin.py:151} INFO - [2023-10-18T21:08:48.255+0000] {dagbag.py:536} INFO - Filling up the DagBag from /home/airflow/.local/lib/python3.8/site-packages/airflow/example_dags/example_branch_day_of_week_operator.py
[2023-10-18T21:08:48.264+0000] {processor.py:839} INFO - DAG(s) dict_keys(['example_weekday_branch_operator']) retrieved from /home/airflow/.local/lib/python3.8/site-packages/airflow/example_dags/example_branch_day_of_week_operator.py
[2023-10-18T21:08:48.288+0000] {logging_mixin.py:151} INFO - [2023-10-18T21:08:48.288+0000] {dag.py:2941} INFO - Sync 1 DAGs
[2023-10-18T21:08:48.317+0000] {logging_mixin.py:151} INFO - [2023-10-18T21:08:48.317+0000] {dag.py:3722} INFO - Setting next_dagrun for example_weekday_branch_operator to 2023-10-17T00:00:00+00:00, run_after=2023-10-18T00:00:00+00:00
[2023-10-18T21:08:48.337+0000] {processor.py:179} INFO - Processing /home/airflow/.local/lib/python3.8/site-packages/airflow/example_dags/example_branch_day_of_week_operator.py took 0.090 seconds
[2023-10-18T21:09:18.574+0000] {processor.py:157} INFO - Started process (PID=320) to work on /home/airflow/.local/lib/python3.8/site-packages/airflow/example_dags/example_branch_day_of_week_operator.py
[2023-10-18T21:09:18.575+0000] {processor.py:829} INFO - Processing file /home/airflow/.local/lib/python3.8/site-packages/airflow/example_dags/example_branch_day_of_week_operator.py for tasks to queue
[2023-10-18T21:09:18.578+0000] {logging_mixin.py:151} INFO - [2023-10-18T21:09:18.578+0000] {dagbag.py:536} INFO - Filling up the DagBag from /home/airflow/.local/lib/python3.8/site-packages/airflow/example_dags/example_branch_day_of_week_operator.py
[2023-10-18T21:09:18.587+0000] {processor.py:839} INFO - DAG(s) dict_keys(['example_weekday_branch_operator']) retrieved from /home/airflow/.local/lib/python3.8/site-packages/airflow/example_dags/example_branch_day_of_week_operator.py
[2023-10-18T21:09:18.615+0000] {logging_mixin.py:151} INFO - [2023-10-18T21:09:18.615+0000] {dag.py:2941} INFO - Sync 1 DAGs
[2023-10-18T21:09:18.645+0000] {logging_mixin.py:151} INFO - [2023-10-18T21:09:18.645+0000] {dag.py:3722} INFO - Setting next_dagrun for example_weekday_branch_operator to 2023-10-17T00:00:00+00:00, run_after=2023-10-18T00:00:00+00:00
[2023-10-18T21:09:18.665+0000] {processor.py:179} INFO - Processing /home/airflow/.local/lib/python3.8/site-packages/airflow/example_dags/example_branch_day_of_week_operator.py took 0.096 seconds
[2023-10-18T21:09:48.901+0000] {processor.py:157} INFO - Started process (PID=373) to work on /home/airflow/.local/lib/python3.8/site-packages/airflow/example_dags/example_branch_day_of_week_operator.py
[2023-10-18T21:09:48.902+0000] {processor.py:829} INFO - Processing file /home/airflow/.local/lib/python3.8/site-packages/airflow/example_dags/example_branch_day_of_week_operator.py for tasks to queue
[2023-10-18T21:09:48.905+0000] {logging_mixin.py:151} INFO - [2023-10-18T21:09:48.904+0000] {dagbag.py:536} INFO - Filling up the DagBag from /home/airflow/.local/lib/python3.8/site-packages/airflow/example_dags/example_branch_day_of_week_operator.py
[2023-10-18T21:09:48.914+0000] {processor.py:839} INFO - DAG(s) dict_keys(['example_weekday_branch_operator']) retrieved from /home/airflow/.local/lib/python3.8/site-packages/airflow/example_dags/example_branch_day_of_week_operator.py
[2023-10-18T21:09:48.943+0000] {logging_mixin.py:151} INFO - [2023-10-18T21:09:48.942+0000] {dag.py:2941} INFO - Sync 1 DAGs
[2023-10-18T21:09:48.971+0000] {logging_mixin.py:151} INFO - [2023-10-18T21:09:48.971+0000] {dag.py:3722} INFO - Setting next_dagrun for example_weekday_branch_operator to 2023-10-17T00:00:00+00:00, run_after=2023-10-18T00:00:00+00:00
[2023-10-18T21:09:49.002+0000] {processor.py:179} INFO - Processing /home/airflow/.local/lib/python3.8/site-packages/airflow/example_dags/example_branch_day_of_week_operator.py took 0.107 seconds
[2023-10-18T21:10:19.129+0000] {processor.py:157} INFO - Started process (PID=426) to work on /home/airflow/.local/lib/python3.8/site-packages/airflow/example_dags/example_branch_day_of_week_operator.py
[2023-10-18T21:10:19.131+0000] {processor.py:829} INFO - Processing file /home/airflow/.local/lib/python3.8/site-packages/airflow/example_dags/example_branch_day_of_week_operator.py for tasks to queue
[2023-10-18T21:10:19.133+0000] {logging_mixin.py:151} INFO - [2023-10-18T21:10:19.133+0000] {dagbag.py:536} INFO - Filling up the DagBag from /home/airflow/.local/lib/python3.8/site-packages/airflow/example_dags/example_branch_day_of_week_operator.py
[2023-10-18T21:10:19.143+0000] {processor.py:839} INFO - DAG(s) dict_keys(['example_weekday_branch_operator']) retrieved from /home/airflow/.local/lib/python3.8/site-packages/airflow/example_dags/example_branch_day_of_week_operator.py
[2023-10-18T21:10:19.171+0000] {logging_mixin.py:151} INFO - [2023-10-18T21:10:19.171+0000] {dag.py:2941} INFO - Sync 1 DAGs
[2023-10-18T21:10:19.200+0000] {logging_mixin.py:151} INFO - [2023-10-18T21:10:19.199+0000] {dag.py:3722} INFO - Setting next_dagrun for example_weekday_branch_operator to 2023-10-17T00:00:00+00:00, run_after=2023-10-18T00:00:00+00:00
[2023-10-18T21:10:19.220+0000] {processor.py:179} INFO - Processing /home/airflow/.local/lib/python3.8/site-packages/airflow/example_dags/example_branch_day_of_week_operator.py took 0.096 seconds
[2023-10-18T21:10:49.260+0000] {processor.py:157} INFO - Started process (PID=479) to work on /home/airflow/.local/lib/python3.8/site-packages/airflow/example_dags/example_branch_day_of_week_operator.py
[2023-10-18T21:10:49.261+0000] {processor.py:829} INFO - Processing file /home/airflow/.local/lib/python3.8/site-packages/airflow/example_dags/example_branch_day_of_week_operator.py for tasks to queue
[2023-10-18T21:10:49.264+0000] {logging_mixin.py:151} INFO - [2023-10-18T21:10:49.263+0000] {dagbag.py:536} INFO - Filling up the DagBag from /home/airflow/.local/lib/python3.8/site-packages/airflow/example_dags/example_branch_day_of_week_operator.py
[2023-10-18T21:10:49.273+0000] {processor.py:839} INFO - DAG(s) dict_keys(['example_weekday_branch_operator']) retrieved from /home/airflow/.local/lib/python3.8/site-packages/airflow/example_dags/example_branch_day_of_week_operator.py
[2023-10-18T21:10:49.302+0000] {logging_mixin.py:151} INFO - [2023-10-18T21:10:49.302+0000] {dag.py:2941} INFO - Sync 1 DAGs
[2023-10-18T21:10:49.336+0000] {logging_mixin.py:151} INFO - [2023-10-18T21:10:49.336+0000] {dag.py:3722} INFO - Setting next_dagrun for example_weekday_branch_operator to 2023-10-17T00:00:00+00:00, run_after=2023-10-18T00:00:00+00:00
[2023-10-18T21:10:49.357+0000] {processor.py:179} INFO - Processing /home/airflow/.local/lib/python3.8/site-packages/airflow/example_dags/example_branch_day_of_week_operator.py took 0.102 seconds
[2023-10-18T21:11:19.788+0000] {processor.py:157} INFO - Started process (PID=532) to work on /home/airflow/.local/lib/python3.8/site-packages/airflow/example_dags/example_branch_day_of_week_operator.py
[2023-10-18T21:11:19.789+0000] {processor.py:829} INFO - Processing file /home/airflow/.local/lib/python3.8/site-packages/airflow/example_dags/example_branch_day_of_week_operator.py for tasks to queue
[2023-10-18T21:11:19.792+0000] {logging_mixin.py:151} INFO - [2023-10-18T21:11:19.792+0000] {dagbag.py:536} INFO - Filling up the DagBag from /home/airflow/.local/lib/python3.8/site-packages/airflow/example_dags/example_branch_day_of_week_operator.py
[2023-10-18T21:11:19.802+0000] {processor.py:839} INFO - DAG(s) dict_keys(['example_weekday_branch_operator']) retrieved from /home/airflow/.local/lib/python3.8/site-packages/airflow/example_dags/example_branch_day_of_week_operator.py
[2023-10-18T21:11:19.830+0000] {logging_mixin.py:151} INFO - [2023-10-18T21:11:19.830+0000] {dag.py:2941} INFO - Sync 1 DAGs
[2023-10-18T21:11:19.870+0000] {logging_mixin.py:151} INFO - [2023-10-18T21:11:19.869+0000] {dag.py:3722} INFO - Setting next_dagrun for example_weekday_branch_operator to 2023-10-17T00:00:00+00:00, run_after=2023-10-18T00:00:00+00:00
[2023-10-18T21:11:19.890+0000] {processor.py:179} INFO - Processing /home/airflow/.local/lib/python3.8/site-packages/airflow/example_dags/example_branch_day_of_week_operator.py took 0.107 seconds
[2023-10-18T21:11:50.212+0000] {processor.py:157} INFO - Started process (PID=585) to work on /home/airflow/.local/lib/python3.8/site-packages/airflow/example_dags/example_branch_day_of_week_operator.py
[2023-10-18T21:11:50.213+0000] {processor.py:829} INFO - Processing file /home/airflow/.local/lib/python3.8/site-packages/airflow/example_dags/example_branch_day_of_week_operator.py for tasks to queue
[2023-10-18T21:11:50.216+0000] {logging_mixin.py:151} INFO - [2023-10-18T21:11:50.216+0000] {dagbag.py:536} INFO - Filling up the DagBag from /home/airflow/.local/lib/python3.8/site-packages/airflow/example_dags/example_branch_day_of_week_operator.py
[2023-10-18T21:11:50.227+0000] {processor.py:839} INFO - DAG(s) dict_keys(['example_weekday_branch_operator']) retrieved from /home/airflow/.local/lib/python3.8/site-packages/airflow/example_dags/example_branch_day_of_week_operator.py
[2023-10-18T21:11:50.253+0000] {logging_mixin.py:151} INFO - [2023-10-18T21:11:50.253+0000] {dag.py:2941} INFO - Sync 1 DAGs
[2023-10-18T21:11:50.279+0000] {logging_mixin.py:151} INFO - [2023-10-18T21:11:50.279+0000] {dag.py:3722} INFO - Setting next_dagrun for example_weekday_branch_operator to 2023-10-17T00:00:00+00:00, run_after=2023-10-18T00:00:00+00:00
[2023-10-18T21:11:50.309+0000] {processor.py:179} INFO - Processing /home/airflow/.local/lib/python3.8/site-packages/airflow/example_dags/example_branch_day_of_week_operator.py took 0.102 seconds
[2023-10-18T21:12:20.425+0000] {processor.py:157} INFO - Started process (PID=639) to work on /home/airflow/.local/lib/python3.8/site-packages/airflow/example_dags/example_branch_day_of_week_operator.py
[2023-10-18T21:12:20.426+0000] {processor.py:829} INFO - Processing file /home/airflow/.local/lib/python3.8/site-packages/airflow/example_dags/example_branch_day_of_week_operator.py for tasks to queue
[2023-10-18T21:12:20.429+0000] {logging_mixin.py:151} INFO - [2023-10-18T21:12:20.429+0000] {dagbag.py:536} INFO - Filling up the DagBag from /home/airflow/.local/lib/python3.8/site-packages/airflow/example_dags/example_branch_day_of_week_operator.py
[2023-10-18T21:12:20.438+0000] {processor.py:839} INFO - DAG(s) dict_keys(['example_weekday_branch_operator']) retrieved from /home/airflow/.local/lib/python3.8/site-packages/airflow/example_dags/example_branch_day_of_week_operator.py
[2023-10-18T21:12:20.462+0000] {logging_mixin.py:151} INFO - [2023-10-18T21:12:20.462+0000] {dag.py:2941} INFO - Sync 1 DAGs
[2023-10-18T21:12:20.500+0000] {logging_mixin.py:151} INFO - [2023-10-18T21:12:20.499+0000] {dag.py:3722} INFO - Setting next_dagrun for example_weekday_branch_operator to 2023-10-17T00:00:00+00:00, run_after=2023-10-18T00:00:00+00:00
[2023-10-18T21:12:20.518+0000] {processor.py:179} INFO - Processing /home/airflow/.local/lib/python3.8/site-packages/airflow/example_dags/example_branch_day_of_week_operator.py took 0.100 seconds
[2023-10-18T21:12:51.072+0000] {processor.py:157} INFO - Started process (PID=692) to work on /home/airflow/.local/lib/python3.8/site-packages/airflow/example_dags/example_branch_day_of_week_operator.py
[2023-10-18T21:12:51.073+0000] {processor.py:829} INFO - Processing file /home/airflow/.local/lib/python3.8/site-packages/airflow/example_dags/example_branch_day_of_week_operator.py for tasks to queue
[2023-10-18T21:12:51.076+0000] {logging_mixin.py:151} INFO - [2023-10-18T21:12:51.076+0000] {dagbag.py:536} INFO - Filling up the DagBag from /home/airflow/.local/lib/python3.8/site-packages/airflow/example_dags/example_branch_day_of_week_operator.py
[2023-10-18T21:12:51.085+0000] {processor.py:839} INFO - DAG(s) dict_keys(['example_weekday_branch_operator']) retrieved from /home/airflow/.local/lib/python3.8/site-packages/airflow/example_dags/example_branch_day_of_week_operator.py
[2023-10-18T21:12:51.121+0000] {logging_mixin.py:151} INFO - [2023-10-18T21:12:51.121+0000] {dag.py:2941} INFO - Sync 1 DAGs
[2023-10-18T21:12:51.154+0000] {logging_mixin.py:151} INFO - [2023-10-18T21:12:51.154+0000] {dag.py:3722} INFO - Setting next_dagrun for example_weekday_branch_operator to 2023-10-17T00:00:00+00:00, run_after=2023-10-18T00:00:00+00:00
[2023-10-18T21:12:51.175+0000] {processor.py:179} INFO - Processing /home/airflow/.local/lib/python3.8/site-packages/airflow/example_dags/example_branch_day_of_week_operator.py took 0.107 seconds
[2023-10-18T21:15:09.363+0000] {processor.py:157} INFO - Started process (PID=53) to work on /home/airflow/.local/lib/python3.8/site-packages/airflow/example_dags/example_branch_day_of_week_operator.py
[2023-10-18T21:15:09.364+0000] {processor.py:829} INFO - Processing file /home/airflow/.local/lib/python3.8/site-packages/airflow/example_dags/example_branch_day_of_week_operator.py for tasks to queue
[2023-10-18T21:15:09.367+0000] {logging_mixin.py:151} INFO - [2023-10-18T21:15:09.367+0000] {dagbag.py:536} INFO - Filling up the DagBag from /home/airflow/.local/lib/python3.8/site-packages/airflow/example_dags/example_branch_day_of_week_operator.py
[2023-10-18T21:15:09.378+0000] {processor.py:839} INFO - DAG(s) dict_keys(['example_weekday_branch_operator']) retrieved from /home/airflow/.local/lib/python3.8/site-packages/airflow/example_dags/example_branch_day_of_week_operator.py
[2023-10-18T21:15:09.402+0000] {logging_mixin.py:151} INFO - [2023-10-18T21:15:09.402+0000] {dag.py:2941} INFO - Sync 1 DAGs
[2023-10-18T21:15:09.428+0000] {logging_mixin.py:151} INFO - [2023-10-18T21:15:09.428+0000] {dag.py:3722} INFO - Setting next_dagrun for example_weekday_branch_operator to 2023-10-17T00:00:00+00:00, run_after=2023-10-18T00:00:00+00:00
[2023-10-18T21:15:09.456+0000] {processor.py:179} INFO - Processing /home/airflow/.local/lib/python3.8/site-packages/airflow/example_dags/example_branch_day_of_week_operator.py took 0.097 seconds
[2023-10-18T21:15:39.769+0000] {processor.py:157} INFO - Started process (PID=105) to work on /home/airflow/.local/lib/python3.8/site-packages/airflow/example_dags/example_branch_day_of_week_operator.py
[2023-10-18T21:15:39.770+0000] {processor.py:829} INFO - Processing file /home/airflow/.local/lib/python3.8/site-packages/airflow/example_dags/example_branch_day_of_week_operator.py for tasks to queue
[2023-10-18T21:15:39.773+0000] {logging_mixin.py:151} INFO - [2023-10-18T21:15:39.773+0000] {dagbag.py:536} INFO - Filling up the DagBag from /home/airflow/.local/lib/python3.8/site-packages/airflow/example_dags/example_branch_day_of_week_operator.py
[2023-10-18T21:15:39.782+0000] {processor.py:839} INFO - DAG(s) dict_keys(['example_weekday_branch_operator']) retrieved from /home/airflow/.local/lib/python3.8/site-packages/airflow/example_dags/example_branch_day_of_week_operator.py
[2023-10-18T21:15:39.809+0000] {logging_mixin.py:151} INFO - [2023-10-18T21:15:39.809+0000] {dag.py:2941} INFO - Sync 1 DAGs
[2023-10-18T21:15:39.835+0000] {logging_mixin.py:151} INFO - [2023-10-18T21:15:39.834+0000] {dag.py:3722} INFO - Setting next_dagrun for example_weekday_branch_operator to 2023-10-17T00:00:00+00:00, run_after=2023-10-18T00:00:00+00:00
[2023-10-18T21:15:39.852+0000] {processor.py:179} INFO - Processing /home/airflow/.local/lib/python3.8/site-packages/airflow/example_dags/example_branch_day_of_week_operator.py took 0.087 seconds
[2023-10-18T21:16:10.194+0000] {processor.py:157} INFO - Started process (PID=159) to work on /home/airflow/.local/lib/python3.8/site-packages/airflow/example_dags/example_branch_day_of_week_operator.py
[2023-10-18T21:16:10.195+0000] {processor.py:829} INFO - Processing file /home/airflow/.local/lib/python3.8/site-packages/airflow/example_dags/example_branch_day_of_week_operator.py for tasks to queue
[2023-10-18T21:16:10.198+0000] {logging_mixin.py:151} INFO - [2023-10-18T21:16:10.197+0000] {dagbag.py:536} INFO - Filling up the DagBag from /home/airflow/.local/lib/python3.8/site-packages/airflow/example_dags/example_branch_day_of_week_operator.py
[2023-10-18T21:16:10.207+0000] {processor.py:839} INFO - DAG(s) dict_keys(['example_weekday_branch_operator']) retrieved from /home/airflow/.local/lib/python3.8/site-packages/airflow/example_dags/example_branch_day_of_week_operator.py
[2023-10-18T21:16:10.231+0000] {logging_mixin.py:151} INFO - [2023-10-18T21:16:10.231+0000] {dag.py:2941} INFO - Sync 1 DAGs
[2023-10-18T21:16:10.258+0000] {logging_mixin.py:151} INFO - [2023-10-18T21:16:10.258+0000] {dag.py:3722} INFO - Setting next_dagrun for example_weekday_branch_operator to 2023-10-17T00:00:00+00:00, run_after=2023-10-18T00:00:00+00:00
[2023-10-18T21:16:10.280+0000] {processor.py:179} INFO - Processing /home/airflow/.local/lib/python3.8/site-packages/airflow/example_dags/example_branch_day_of_week_operator.py took 0.090 seconds
[2023-10-18T21:16:40.510+0000] {processor.py:157} INFO - Started process (PID=212) to work on /home/airflow/.local/lib/python3.8/site-packages/airflow/example_dags/example_branch_day_of_week_operator.py
[2023-10-18T21:16:40.512+0000] {processor.py:829} INFO - Processing file /home/airflow/.local/lib/python3.8/site-packages/airflow/example_dags/example_branch_day_of_week_operator.py for tasks to queue
[2023-10-18T21:16:40.515+0000] {logging_mixin.py:151} INFO - [2023-10-18T21:16:40.514+0000] {dagbag.py:536} INFO - Filling up the DagBag from /home/airflow/.local/lib/python3.8/site-packages/airflow/example_dags/example_branch_day_of_week_operator.py
[2023-10-18T21:16:40.525+0000] {processor.py:839} INFO - DAG(s) dict_keys(['example_weekday_branch_operator']) retrieved from /home/airflow/.local/lib/python3.8/site-packages/airflow/example_dags/example_branch_day_of_week_operator.py
[2023-10-18T21:16:40.562+0000] {logging_mixin.py:151} INFO - [2023-10-18T21:16:40.562+0000] {dag.py:2941} INFO - Sync 1 DAGs
[2023-10-18T21:16:40.587+0000] {logging_mixin.py:151} INFO - [2023-10-18T21:16:40.587+0000] {dag.py:3722} INFO - Setting next_dagrun for example_weekday_branch_operator to 2023-10-17T00:00:00+00:00, run_after=2023-10-18T00:00:00+00:00
[2023-10-18T21:16:40.606+0000] {processor.py:179} INFO - Processing /home/airflow/.local/lib/python3.8/site-packages/airflow/example_dags/example_branch_day_of_week_operator.py took 0.101 seconds
[2023-10-18T21:17:10.696+0000] {processor.py:157} INFO - Started process (PID=266) to work on /home/airflow/.local/lib/python3.8/site-packages/airflow/example_dags/example_branch_day_of_week_operator.py
[2023-10-18T21:17:10.698+0000] {processor.py:829} INFO - Processing file /home/airflow/.local/lib/python3.8/site-packages/airflow/example_dags/example_branch_day_of_week_operator.py for tasks to queue
[2023-10-18T21:17:10.702+0000] {logging_mixin.py:151} INFO - [2023-10-18T21:17:10.701+0000] {dagbag.py:536} INFO - Filling up the DagBag from /home/airflow/.local/lib/python3.8/site-packages/airflow/example_dags/example_branch_day_of_week_operator.py
[2023-10-18T21:17:10.714+0000] {processor.py:839} INFO - DAG(s) dict_keys(['example_weekday_branch_operator']) retrieved from /home/airflow/.local/lib/python3.8/site-packages/airflow/example_dags/example_branch_day_of_week_operator.py
[2023-10-18T21:17:10.740+0000] {logging_mixin.py:151} INFO - [2023-10-18T21:17:10.740+0000] {dag.py:2941} INFO - Sync 1 DAGs
[2023-10-18T21:17:10.773+0000] {logging_mixin.py:151} INFO - [2023-10-18T21:17:10.773+0000] {dag.py:3722} INFO - Setting next_dagrun for example_weekday_branch_operator to 2023-10-17T00:00:00+00:00, run_after=2023-10-18T00:00:00+00:00
[2023-10-18T21:17:10.795+0000] {processor.py:179} INFO - Processing /home/airflow/.local/lib/python3.8/site-packages/airflow/example_dags/example_branch_day_of_week_operator.py took 0.103 seconds
[2023-10-18T21:17:40.896+0000] {processor.py:157} INFO - Started process (PID=319) to work on /home/airflow/.local/lib/python3.8/site-packages/airflow/example_dags/example_branch_day_of_week_operator.py
[2023-10-18T21:17:40.897+0000] {processor.py:829} INFO - Processing file /home/airflow/.local/lib/python3.8/site-packages/airflow/example_dags/example_branch_day_of_week_operator.py for tasks to queue
[2023-10-18T21:17:40.899+0000] {logging_mixin.py:151} INFO - [2023-10-18T21:17:40.899+0000] {dagbag.py:536} INFO - Filling up the DagBag from /home/airflow/.local/lib/python3.8/site-packages/airflow/example_dags/example_branch_day_of_week_operator.py
[2023-10-18T21:17:40.908+0000] {processor.py:839} INFO - DAG(s) dict_keys(['example_weekday_branch_operator']) retrieved from /home/airflow/.local/lib/python3.8/site-packages/airflow/example_dags/example_branch_day_of_week_operator.py
[2023-10-18T21:17:40.928+0000] {logging_mixin.py:151} INFO - [2023-10-18T21:17:40.928+0000] {dag.py:2941} INFO - Sync 1 DAGs
[2023-10-18T21:17:40.959+0000] {logging_mixin.py:151} INFO - [2023-10-18T21:17:40.958+0000] {dag.py:3722} INFO - Setting next_dagrun for example_weekday_branch_operator to 2023-10-17T00:00:00+00:00, run_after=2023-10-18T00:00:00+00:00
[2023-10-18T21:17:40.978+0000] {processor.py:179} INFO - Processing /home/airflow/.local/lib/python3.8/site-packages/airflow/example_dags/example_branch_day_of_week_operator.py took 0.086 seconds
[2023-10-18T21:18:11.586+0000] {processor.py:157} INFO - Started process (PID=372) to work on /home/airflow/.local/lib/python3.8/site-packages/airflow/example_dags/example_branch_day_of_week_operator.py
[2023-10-18T21:18:11.588+0000] {processor.py:829} INFO - Processing file /home/airflow/.local/lib/python3.8/site-packages/airflow/example_dags/example_branch_day_of_week_operator.py for tasks to queue
[2023-10-18T21:18:11.592+0000] {logging_mixin.py:151} INFO - [2023-10-18T21:18:11.590+0000] {dagbag.py:536} INFO - Filling up the DagBag from /home/airflow/.local/lib/python3.8/site-packages/airflow/example_dags/example_branch_day_of_week_operator.py
[2023-10-18T21:18:11.603+0000] {processor.py:839} INFO - DAG(s) dict_keys(['example_weekday_branch_operator']) retrieved from /home/airflow/.local/lib/python3.8/site-packages/airflow/example_dags/example_branch_day_of_week_operator.py
[2023-10-18T21:18:11.631+0000] {logging_mixin.py:151} INFO - [2023-10-18T21:18:11.631+0000] {dag.py:2941} INFO - Sync 1 DAGs
[2023-10-18T21:18:11.659+0000] {logging_mixin.py:151} INFO - [2023-10-18T21:18:11.658+0000] {dag.py:3722} INFO - Setting next_dagrun for example_weekday_branch_operator to 2023-10-17T00:00:00+00:00, run_after=2023-10-18T00:00:00+00:00
[2023-10-18T21:18:11.676+0000] {processor.py:179} INFO - Processing /home/airflow/.local/lib/python3.8/site-packages/airflow/example_dags/example_branch_day_of_week_operator.py took 0.095 seconds
[2023-10-18T21:18:41.769+0000] {processor.py:157} INFO - Started process (PID=425) to work on /home/airflow/.local/lib/python3.8/site-packages/airflow/example_dags/example_branch_day_of_week_operator.py
[2023-10-18T21:18:41.770+0000] {processor.py:829} INFO - Processing file /home/airflow/.local/lib/python3.8/site-packages/airflow/example_dags/example_branch_day_of_week_operator.py for tasks to queue
[2023-10-18T21:18:41.772+0000] {logging_mixin.py:151} INFO - [2023-10-18T21:18:41.772+0000] {dagbag.py:536} INFO - Filling up the DagBag from /home/airflow/.local/lib/python3.8/site-packages/airflow/example_dags/example_branch_day_of_week_operator.py
[2023-10-18T21:18:41.782+0000] {processor.py:839} INFO - DAG(s) dict_keys(['example_weekday_branch_operator']) retrieved from /home/airflow/.local/lib/python3.8/site-packages/airflow/example_dags/example_branch_day_of_week_operator.py
[2023-10-18T21:18:41.808+0000] {logging_mixin.py:151} INFO - [2023-10-18T21:18:41.808+0000] {dag.py:2941} INFO - Sync 1 DAGs
[2023-10-18T21:18:41.839+0000] {logging_mixin.py:151} INFO - [2023-10-18T21:18:41.839+0000] {dag.py:3722} INFO - Setting next_dagrun for example_weekday_branch_operator to 2023-10-17T00:00:00+00:00, run_after=2023-10-18T00:00:00+00:00
[2023-10-18T21:18:41.859+0000] {processor.py:179} INFO - Processing /home/airflow/.local/lib/python3.8/site-packages/airflow/example_dags/example_branch_day_of_week_operator.py took 0.095 seconds
[2023-10-18T21:19:12.222+0000] {processor.py:157} INFO - Started process (PID=478) to work on /home/airflow/.local/lib/python3.8/site-packages/airflow/example_dags/example_branch_day_of_week_operator.py
[2023-10-18T21:19:12.223+0000] {processor.py:829} INFO - Processing file /home/airflow/.local/lib/python3.8/site-packages/airflow/example_dags/example_branch_day_of_week_operator.py for tasks to queue
[2023-10-18T21:19:12.226+0000] {logging_mixin.py:151} INFO - [2023-10-18T21:19:12.226+0000] {dagbag.py:536} INFO - Filling up the DagBag from /home/airflow/.local/lib/python3.8/site-packages/airflow/example_dags/example_branch_day_of_week_operator.py
[2023-10-18T21:19:12.239+0000] {processor.py:839} INFO - DAG(s) dict_keys(['example_weekday_branch_operator']) retrieved from /home/airflow/.local/lib/python3.8/site-packages/airflow/example_dags/example_branch_day_of_week_operator.py
[2023-10-18T21:19:12.261+0000] {logging_mixin.py:151} INFO - [2023-10-18T21:19:12.261+0000] {dag.py:2941} INFO - Sync 1 DAGs
[2023-10-18T21:19:12.286+0000] {logging_mixin.py:151} INFO - [2023-10-18T21:19:12.286+0000] {dag.py:3722} INFO - Setting next_dagrun for example_weekday_branch_operator to 2023-10-17T00:00:00+00:00, run_after=2023-10-18T00:00:00+00:00
[2023-10-18T21:19:12.305+0000] {processor.py:179} INFO - Processing /home/airflow/.local/lib/python3.8/site-packages/airflow/example_dags/example_branch_day_of_week_operator.py took 0.088 seconds
[2023-10-18T21:19:42.570+0000] {processor.py:157} INFO - Started process (PID=531) to work on /home/airflow/.local/lib/python3.8/site-packages/airflow/example_dags/example_branch_day_of_week_operator.py
[2023-10-18T21:19:42.571+0000] {processor.py:829} INFO - Processing file /home/airflow/.local/lib/python3.8/site-packages/airflow/example_dags/example_branch_day_of_week_operator.py for tasks to queue
[2023-10-18T21:19:42.574+0000] {logging_mixin.py:151} INFO - [2023-10-18T21:19:42.574+0000] {dagbag.py:536} INFO - Filling up the DagBag from /home/airflow/.local/lib/python3.8/site-packages/airflow/example_dags/example_branch_day_of_week_operator.py
[2023-10-18T21:19:42.583+0000] {processor.py:839} INFO - DAG(s) dict_keys(['example_weekday_branch_operator']) retrieved from /home/airflow/.local/lib/python3.8/site-packages/airflow/example_dags/example_branch_day_of_week_operator.py
[2023-10-18T21:19:42.611+0000] {logging_mixin.py:151} INFO - [2023-10-18T21:19:42.611+0000] {dag.py:2941} INFO - Sync 1 DAGs
[2023-10-18T21:19:42.636+0000] {logging_mixin.py:151} INFO - [2023-10-18T21:19:42.635+0000] {dag.py:3722} INFO - Setting next_dagrun for example_weekday_branch_operator to 2023-10-17T00:00:00+00:00, run_after=2023-10-18T00:00:00+00:00
[2023-10-18T21:19:42.653+0000] {processor.py:179} INFO - Processing /home/airflow/.local/lib/python3.8/site-packages/airflow/example_dags/example_branch_day_of_week_operator.py took 0.087 seconds
[2023-10-18T21:20:13.022+0000] {processor.py:157} INFO - Started process (PID=584) to work on /home/airflow/.local/lib/python3.8/site-packages/airflow/example_dags/example_branch_day_of_week_operator.py
[2023-10-18T21:20:13.024+0000] {processor.py:829} INFO - Processing file /home/airflow/.local/lib/python3.8/site-packages/airflow/example_dags/example_branch_day_of_week_operator.py for tasks to queue
[2023-10-18T21:20:13.026+0000] {logging_mixin.py:151} INFO - [2023-10-18T21:20:13.026+0000] {dagbag.py:536} INFO - Filling up the DagBag from /home/airflow/.local/lib/python3.8/site-packages/airflow/example_dags/example_branch_day_of_week_operator.py
[2023-10-18T21:20:13.035+0000] {processor.py:839} INFO - DAG(s) dict_keys(['example_weekday_branch_operator']) retrieved from /home/airflow/.local/lib/python3.8/site-packages/airflow/example_dags/example_branch_day_of_week_operator.py
[2023-10-18T21:20:13.061+0000] {logging_mixin.py:151} INFO - [2023-10-18T21:20:13.061+0000] {dag.py:2941} INFO - Sync 1 DAGs
[2023-10-18T21:20:13.094+0000] {logging_mixin.py:151} INFO - [2023-10-18T21:20:13.094+0000] {dag.py:3722} INFO - Setting next_dagrun for example_weekday_branch_operator to 2023-10-17T00:00:00+00:00, run_after=2023-10-18T00:00:00+00:00
[2023-10-18T21:20:13.114+0000] {processor.py:179} INFO - Processing /home/airflow/.local/lib/python3.8/site-packages/airflow/example_dags/example_branch_day_of_week_operator.py took 0.097 seconds
[2023-10-18T21:20:43.370+0000] {processor.py:157} INFO - Started process (PID=637) to work on /home/airflow/.local/lib/python3.8/site-packages/airflow/example_dags/example_branch_day_of_week_operator.py
[2023-10-18T21:20:43.372+0000] {processor.py:829} INFO - Processing file /home/airflow/.local/lib/python3.8/site-packages/airflow/example_dags/example_branch_day_of_week_operator.py for tasks to queue
[2023-10-18T21:20:43.375+0000] {logging_mixin.py:151} INFO - [2023-10-18T21:20:43.374+0000] {dagbag.py:536} INFO - Filling up the DagBag from /home/airflow/.local/lib/python3.8/site-packages/airflow/example_dags/example_branch_day_of_week_operator.py
[2023-10-18T21:20:43.384+0000] {processor.py:839} INFO - DAG(s) dict_keys(['example_weekday_branch_operator']) retrieved from /home/airflow/.local/lib/python3.8/site-packages/airflow/example_dags/example_branch_day_of_week_operator.py
[2023-10-18T21:20:43.413+0000] {logging_mixin.py:151} INFO - [2023-10-18T21:20:43.413+0000] {dag.py:2941} INFO - Sync 1 DAGs
[2023-10-18T21:20:43.440+0000] {logging_mixin.py:151} INFO - [2023-10-18T21:20:43.439+0000] {dag.py:3722} INFO - Setting next_dagrun for example_weekday_branch_operator to 2023-10-17T00:00:00+00:00, run_after=2023-10-18T00:00:00+00:00
[2023-10-18T21:20:43.469+0000] {processor.py:179} INFO - Processing /home/airflow/.local/lib/python3.8/site-packages/airflow/example_dags/example_branch_day_of_week_operator.py took 0.104 seconds
[2023-10-18T21:21:13.554+0000] {processor.py:157} INFO - Started process (PID=690) to work on /home/airflow/.local/lib/python3.8/site-packages/airflow/example_dags/example_branch_day_of_week_operator.py
[2023-10-18T21:21:13.556+0000] {processor.py:829} INFO - Processing file /home/airflow/.local/lib/python3.8/site-packages/airflow/example_dags/example_branch_day_of_week_operator.py for tasks to queue
[2023-10-18T21:21:13.559+0000] {logging_mixin.py:151} INFO - [2023-10-18T21:21:13.558+0000] {dagbag.py:536} INFO - Filling up the DagBag from /home/airflow/.local/lib/python3.8/site-packages/airflow/example_dags/example_branch_day_of_week_operator.py
[2023-10-18T21:21:13.569+0000] {processor.py:839} INFO - DAG(s) dict_keys(['example_weekday_branch_operator']) retrieved from /home/airflow/.local/lib/python3.8/site-packages/airflow/example_dags/example_branch_day_of_week_operator.py
[2023-10-18T21:21:13.598+0000] {logging_mixin.py:151} INFO - [2023-10-18T21:21:13.598+0000] {dag.py:2941} INFO - Sync 1 DAGs
[2023-10-18T21:21:13.627+0000] {logging_mixin.py:151} INFO - [2023-10-18T21:21:13.627+0000] {dag.py:3722} INFO - Setting next_dagrun for example_weekday_branch_operator to 2023-10-17T00:00:00+00:00, run_after=2023-10-18T00:00:00+00:00
[2023-10-18T21:21:13.648+0000] {processor.py:179} INFO - Processing /home/airflow/.local/lib/python3.8/site-packages/airflow/example_dags/example_branch_day_of_week_operator.py took 0.100 seconds
[2023-10-18T21:21:44.161+0000] {processor.py:157} INFO - Started process (PID=744) to work on /home/airflow/.local/lib/python3.8/site-packages/airflow/example_dags/example_branch_day_of_week_operator.py
[2023-10-18T21:21:44.162+0000] {processor.py:829} INFO - Processing file /home/airflow/.local/lib/python3.8/site-packages/airflow/example_dags/example_branch_day_of_week_operator.py for tasks to queue
[2023-10-18T21:21:44.165+0000] {logging_mixin.py:151} INFO - [2023-10-18T21:21:44.164+0000] {dagbag.py:536} INFO - Filling up the DagBag from /home/airflow/.local/lib/python3.8/site-packages/airflow/example_dags/example_branch_day_of_week_operator.py
[2023-10-18T21:21:44.174+0000] {processor.py:839} INFO - DAG(s) dict_keys(['example_weekday_branch_operator']) retrieved from /home/airflow/.local/lib/python3.8/site-packages/airflow/example_dags/example_branch_day_of_week_operator.py
[2023-10-18T21:21:44.200+0000] {logging_mixin.py:151} INFO - [2023-10-18T21:21:44.200+0000] {dag.py:2941} INFO - Sync 1 DAGs
[2023-10-18T21:21:44.229+0000] {logging_mixin.py:151} INFO - [2023-10-18T21:21:44.229+0000] {dag.py:3722} INFO - Setting next_dagrun for example_weekday_branch_operator to 2023-10-17T00:00:00+00:00, run_after=2023-10-18T00:00:00+00:00
[2023-10-18T21:21:44.249+0000] {processor.py:179} INFO - Processing /home/airflow/.local/lib/python3.8/site-packages/airflow/example_dags/example_branch_day_of_week_operator.py took 0.096 seconds
[2023-10-18T21:22:14.335+0000] {processor.py:157} INFO - Started process (PID=798) to work on /home/airflow/.local/lib/python3.8/site-packages/airflow/example_dags/example_branch_day_of_week_operator.py
[2023-10-18T21:22:14.336+0000] {processor.py:829} INFO - Processing file /home/airflow/.local/lib/python3.8/site-packages/airflow/example_dags/example_branch_day_of_week_operator.py for tasks to queue
[2023-10-18T21:22:14.339+0000] {logging_mixin.py:151} INFO - [2023-10-18T21:22:14.338+0000] {dagbag.py:536} INFO - Filling up the DagBag from /home/airflow/.local/lib/python3.8/site-packages/airflow/example_dags/example_branch_day_of_week_operator.py
[2023-10-18T21:22:14.349+0000] {processor.py:839} INFO - DAG(s) dict_keys(['example_weekday_branch_operator']) retrieved from /home/airflow/.local/lib/python3.8/site-packages/airflow/example_dags/example_branch_day_of_week_operator.py
[2023-10-18T21:22:14.382+0000] {logging_mixin.py:151} INFO - [2023-10-18T21:22:14.382+0000] {dag.py:2941} INFO - Sync 1 DAGs
[2023-10-18T21:22:14.423+0000] {logging_mixin.py:151} INFO - [2023-10-18T21:22:14.422+0000] {dag.py:3722} INFO - Setting next_dagrun for example_weekday_branch_operator to 2023-10-17T00:00:00+00:00, run_after=2023-10-18T00:00:00+00:00
[2023-10-18T21:22:14.449+0000] {processor.py:179} INFO - Processing /home/airflow/.local/lib/python3.8/site-packages/airflow/example_dags/example_branch_day_of_week_operator.py took 0.119 seconds
[2023-10-18T21:23:48.255+0000] {processor.py:157} INFO - Started process (PID=54) to work on /home/airflow/.local/lib/python3.8/site-packages/airflow/example_dags/example_branch_day_of_week_operator.py
[2023-10-18T21:23:48.257+0000] {processor.py:829} INFO - Processing file /home/airflow/.local/lib/python3.8/site-packages/airflow/example_dags/example_branch_day_of_week_operator.py for tasks to queue
[2023-10-18T21:23:48.260+0000] {logging_mixin.py:151} INFO - [2023-10-18T21:23:48.260+0000] {dagbag.py:536} INFO - Filling up the DagBag from /home/airflow/.local/lib/python3.8/site-packages/airflow/example_dags/example_branch_day_of_week_operator.py
[2023-10-18T21:23:48.271+0000] {processor.py:839} INFO - DAG(s) dict_keys(['example_weekday_branch_operator']) retrieved from /home/airflow/.local/lib/python3.8/site-packages/airflow/example_dags/example_branch_day_of_week_operator.py
[2023-10-18T21:23:48.287+0000] {logging_mixin.py:151} INFO - [2023-10-18T21:23:48.287+0000] {dag.py:2941} INFO - Sync 1 DAGs
[2023-10-18T21:23:48.318+0000] {logging_mixin.py:151} INFO - [2023-10-18T21:23:48.318+0000] {dag.py:3722} INFO - Setting next_dagrun for example_weekday_branch_operator to 2023-10-17T00:00:00+00:00, run_after=2023-10-18T00:00:00+00:00
[2023-10-18T21:23:48.339+0000] {processor.py:179} INFO - Processing /home/airflow/.local/lib/python3.8/site-packages/airflow/example_dags/example_branch_day_of_week_operator.py took 0.087 seconds
[2023-10-18T21:24:18.690+0000] {processor.py:157} INFO - Started process (PID=107) to work on /home/airflow/.local/lib/python3.8/site-packages/airflow/example_dags/example_branch_day_of_week_operator.py
[2023-10-18T21:24:18.691+0000] {processor.py:829} INFO - Processing file /home/airflow/.local/lib/python3.8/site-packages/airflow/example_dags/example_branch_day_of_week_operator.py for tasks to queue
[2023-10-18T21:24:18.695+0000] {logging_mixin.py:151} INFO - [2023-10-18T21:24:18.694+0000] {dagbag.py:536} INFO - Filling up the DagBag from /home/airflow/.local/lib/python3.8/site-packages/airflow/example_dags/example_branch_day_of_week_operator.py
[2023-10-18T21:24:18.703+0000] {processor.py:839} INFO - DAG(s) dict_keys(['example_weekday_branch_operator']) retrieved from /home/airflow/.local/lib/python3.8/site-packages/airflow/example_dags/example_branch_day_of_week_operator.py
[2023-10-18T21:24:18.729+0000] {logging_mixin.py:151} INFO - [2023-10-18T21:24:18.729+0000] {dag.py:2941} INFO - Sync 1 DAGs
[2023-10-18T21:24:18.758+0000] {logging_mixin.py:151} INFO - [2023-10-18T21:24:18.758+0000] {dag.py:3722} INFO - Setting next_dagrun for example_weekday_branch_operator to 2023-10-17T00:00:00+00:00, run_after=2023-10-18T00:00:00+00:00
[2023-10-18T21:24:18.777+0000] {processor.py:179} INFO - Processing /home/airflow/.local/lib/python3.8/site-packages/airflow/example_dags/example_branch_day_of_week_operator.py took 0.093 seconds
[2023-10-18T21:24:49.068+0000] {processor.py:157} INFO - Started process (PID=160) to work on /home/airflow/.local/lib/python3.8/site-packages/airflow/example_dags/example_branch_day_of_week_operator.py
[2023-10-18T21:24:49.070+0000] {processor.py:829} INFO - Processing file /home/airflow/.local/lib/python3.8/site-packages/airflow/example_dags/example_branch_day_of_week_operator.py for tasks to queue
[2023-10-18T21:24:49.073+0000] {logging_mixin.py:151} INFO - [2023-10-18T21:24:49.073+0000] {dagbag.py:536} INFO - Filling up the DagBag from /home/airflow/.local/lib/python3.8/site-packages/airflow/example_dags/example_branch_day_of_week_operator.py
[2023-10-18T21:24:49.083+0000] {processor.py:839} INFO - DAG(s) dict_keys(['example_weekday_branch_operator']) retrieved from /home/airflow/.local/lib/python3.8/site-packages/airflow/example_dags/example_branch_day_of_week_operator.py
[2023-10-18T21:24:49.111+0000] {logging_mixin.py:151} INFO - [2023-10-18T21:24:49.111+0000] {dag.py:2941} INFO - Sync 1 DAGs
[2023-10-18T21:24:49.159+0000] {logging_mixin.py:151} INFO - [2023-10-18T21:24:49.159+0000] {dag.py:3722} INFO - Setting next_dagrun for example_weekday_branch_operator to 2023-10-17T00:00:00+00:00, run_after=2023-10-18T00:00:00+00:00
[2023-10-18T21:24:49.183+0000] {processor.py:179} INFO - Processing /home/airflow/.local/lib/python3.8/site-packages/airflow/example_dags/example_branch_day_of_week_operator.py took 0.123 seconds
[2023-10-18T21:25:19.956+0000] {processor.py:157} INFO - Started process (PID=213) to work on /home/airflow/.local/lib/python3.8/site-packages/airflow/example_dags/example_branch_day_of_week_operator.py
[2023-10-18T21:25:19.958+0000] {processor.py:829} INFO - Processing file /home/airflow/.local/lib/python3.8/site-packages/airflow/example_dags/example_branch_day_of_week_operator.py for tasks to queue
[2023-10-18T21:25:19.962+0000] {logging_mixin.py:151} INFO - [2023-10-18T21:25:19.962+0000] {dagbag.py:536} INFO - Filling up the DagBag from /home/airflow/.local/lib/python3.8/site-packages/airflow/example_dags/example_branch_day_of_week_operator.py
[2023-10-18T21:25:19.975+0000] {processor.py:839} INFO - DAG(s) dict_keys(['example_weekday_branch_operator']) retrieved from /home/airflow/.local/lib/python3.8/site-packages/airflow/example_dags/example_branch_day_of_week_operator.py
[2023-10-18T21:25:19.987+0000] {logging_mixin.py:151} INFO - [2023-10-18T21:25:19.987+0000] {dag.py:2941} INFO - Sync 1 DAGs
[2023-10-18T21:25:20.014+0000] {logging_mixin.py:151} INFO - [2023-10-18T21:25:20.014+0000] {dag.py:3722} INFO - Setting next_dagrun for example_weekday_branch_operator to 2023-10-17T00:00:00+00:00, run_after=2023-10-18T00:00:00+00:00
[2023-10-18T21:25:20.030+0000] {processor.py:179} INFO - Processing /home/airflow/.local/lib/python3.8/site-packages/airflow/example_dags/example_branch_day_of_week_operator.py took 0.083 seconds
[2023-10-18T21:25:50.539+0000] {processor.py:157} INFO - Started process (PID=266) to work on /home/airflow/.local/lib/python3.8/site-packages/airflow/example_dags/example_branch_day_of_week_operator.py
[2023-10-18T21:25:50.541+0000] {processor.py:829} INFO - Processing file /home/airflow/.local/lib/python3.8/site-packages/airflow/example_dags/example_branch_day_of_week_operator.py for tasks to queue
[2023-10-18T21:25:50.544+0000] {logging_mixin.py:151} INFO - [2023-10-18T21:25:50.543+0000] {dagbag.py:536} INFO - Filling up the DagBag from /home/airflow/.local/lib/python3.8/site-packages/airflow/example_dags/example_branch_day_of_week_operator.py
[2023-10-18T21:25:50.556+0000] {processor.py:839} INFO - DAG(s) dict_keys(['example_weekday_branch_operator']) retrieved from /home/airflow/.local/lib/python3.8/site-packages/airflow/example_dags/example_branch_day_of_week_operator.py
[2023-10-18T21:25:50.587+0000] {logging_mixin.py:151} INFO - [2023-10-18T21:25:50.586+0000] {dag.py:2941} INFO - Sync 1 DAGs
[2023-10-18T21:25:50.622+0000] {logging_mixin.py:151} INFO - [2023-10-18T21:25:50.621+0000] {dag.py:3722} INFO - Setting next_dagrun for example_weekday_branch_operator to 2023-10-17T00:00:00+00:00, run_after=2023-10-18T00:00:00+00:00
[2023-10-18T21:25:50.640+0000] {processor.py:179} INFO - Processing /home/airflow/.local/lib/python3.8/site-packages/airflow/example_dags/example_branch_day_of_week_operator.py took 0.106 seconds
[2023-10-18T21:26:20.863+0000] {processor.py:157} INFO - Started process (PID=319) to work on /home/airflow/.local/lib/python3.8/site-packages/airflow/example_dags/example_branch_day_of_week_operator.py
[2023-10-18T21:26:20.864+0000] {processor.py:829} INFO - Processing file /home/airflow/.local/lib/python3.8/site-packages/airflow/example_dags/example_branch_day_of_week_operator.py for tasks to queue
[2023-10-18T21:26:20.867+0000] {logging_mixin.py:151} INFO - [2023-10-18T21:26:20.866+0000] {dagbag.py:536} INFO - Filling up the DagBag from /home/airflow/.local/lib/python3.8/site-packages/airflow/example_dags/example_branch_day_of_week_operator.py
[2023-10-18T21:26:20.876+0000] {processor.py:839} INFO - DAG(s) dict_keys(['example_weekday_branch_operator']) retrieved from /home/airflow/.local/lib/python3.8/site-packages/airflow/example_dags/example_branch_day_of_week_operator.py
[2023-10-18T21:26:20.904+0000] {logging_mixin.py:151} INFO - [2023-10-18T21:26:20.904+0000] {dag.py:2941} INFO - Sync 1 DAGs
[2023-10-18T21:26:20.933+0000] {logging_mixin.py:151} INFO - [2023-10-18T21:26:20.933+0000] {dag.py:3722} INFO - Setting next_dagrun for example_weekday_branch_operator to 2023-10-17T00:00:00+00:00, run_after=2023-10-18T00:00:00+00:00
[2023-10-18T21:26:20.953+0000] {processor.py:179} INFO - Processing /home/airflow/.local/lib/python3.8/site-packages/airflow/example_dags/example_branch_day_of_week_operator.py took 0.095 seconds
[2023-10-18T21:26:51.105+0000] {processor.py:157} INFO - Started process (PID=372) to work on /home/airflow/.local/lib/python3.8/site-packages/airflow/example_dags/example_branch_day_of_week_operator.py
[2023-10-18T21:26:51.107+0000] {processor.py:829} INFO - Processing file /home/airflow/.local/lib/python3.8/site-packages/airflow/example_dags/example_branch_day_of_week_operator.py for tasks to queue
[2023-10-18T21:26:51.109+0000] {logging_mixin.py:151} INFO - [2023-10-18T21:26:51.109+0000] {dagbag.py:536} INFO - Filling up the DagBag from /home/airflow/.local/lib/python3.8/site-packages/airflow/example_dags/example_branch_day_of_week_operator.py
[2023-10-18T21:26:51.121+0000] {processor.py:839} INFO - DAG(s) dict_keys(['example_weekday_branch_operator']) retrieved from /home/airflow/.local/lib/python3.8/site-packages/airflow/example_dags/example_branch_day_of_week_operator.py
[2023-10-18T21:26:51.151+0000] {logging_mixin.py:151} INFO - [2023-10-18T21:26:51.151+0000] {dag.py:2941} INFO - Sync 1 DAGs
[2023-10-18T21:26:51.176+0000] {logging_mixin.py:151} INFO - [2023-10-18T21:26:51.176+0000] {dag.py:3722} INFO - Setting next_dagrun for example_weekday_branch_operator to 2023-10-17T00:00:00+00:00, run_after=2023-10-18T00:00:00+00:00
[2023-10-18T21:26:51.193+0000] {processor.py:179} INFO - Processing /home/airflow/.local/lib/python3.8/site-packages/airflow/example_dags/example_branch_day_of_week_operator.py took 0.092 seconds
[2023-10-18T21:27:21.323+0000] {processor.py:157} INFO - Started process (PID=425) to work on /home/airflow/.local/lib/python3.8/site-packages/airflow/example_dags/example_branch_day_of_week_operator.py
[2023-10-18T21:27:21.324+0000] {processor.py:829} INFO - Processing file /home/airflow/.local/lib/python3.8/site-packages/airflow/example_dags/example_branch_day_of_week_operator.py for tasks to queue
[2023-10-18T21:27:21.327+0000] {logging_mixin.py:151} INFO - [2023-10-18T21:27:21.327+0000] {dagbag.py:536} INFO - Filling up the DagBag from /home/airflow/.local/lib/python3.8/site-packages/airflow/example_dags/example_branch_day_of_week_operator.py
[2023-10-18T21:27:21.336+0000] {processor.py:839} INFO - DAG(s) dict_keys(['example_weekday_branch_operator']) retrieved from /home/airflow/.local/lib/python3.8/site-packages/airflow/example_dags/example_branch_day_of_week_operator.py
[2023-10-18T21:27:21.358+0000] {logging_mixin.py:151} INFO - [2023-10-18T21:27:21.357+0000] {dag.py:2941} INFO - Sync 1 DAGs
[2023-10-18T21:27:21.385+0000] {logging_mixin.py:151} INFO - [2023-10-18T21:27:21.385+0000] {dag.py:3722} INFO - Setting next_dagrun for example_weekday_branch_operator to 2023-10-17T00:00:00+00:00, run_after=2023-10-18T00:00:00+00:00
[2023-10-18T21:27:21.405+0000] {processor.py:179} INFO - Processing /home/airflow/.local/lib/python3.8/site-packages/airflow/example_dags/example_branch_day_of_week_operator.py took 0.087 seconds
[2023-10-18T21:27:51.745+0000] {processor.py:157} INFO - Started process (PID=478) to work on /home/airflow/.local/lib/python3.8/site-packages/airflow/example_dags/example_branch_day_of_week_operator.py
[2023-10-18T21:27:51.746+0000] {processor.py:829} INFO - Processing file /home/airflow/.local/lib/python3.8/site-packages/airflow/example_dags/example_branch_day_of_week_operator.py for tasks to queue
[2023-10-18T21:27:51.749+0000] {logging_mixin.py:151} INFO - [2023-10-18T21:27:51.748+0000] {dagbag.py:536} INFO - Filling up the DagBag from /home/airflow/.local/lib/python3.8/site-packages/airflow/example_dags/example_branch_day_of_week_operator.py
[2023-10-18T21:27:51.757+0000] {processor.py:839} INFO - DAG(s) dict_keys(['example_weekday_branch_operator']) retrieved from /home/airflow/.local/lib/python3.8/site-packages/airflow/example_dags/example_branch_day_of_week_operator.py
[2023-10-18T21:27:51.781+0000] {logging_mixin.py:151} INFO - [2023-10-18T21:27:51.781+0000] {dag.py:2941} INFO - Sync 1 DAGs
[2023-10-18T21:27:51.809+0000] {logging_mixin.py:151} INFO - [2023-10-18T21:27:51.809+0000] {dag.py:3722} INFO - Setting next_dagrun for example_weekday_branch_operator to 2023-10-17T00:00:00+00:00, run_after=2023-10-18T00:00:00+00:00
[2023-10-18T21:27:51.830+0000] {processor.py:179} INFO - Processing /home/airflow/.local/lib/python3.8/site-packages/airflow/example_dags/example_branch_day_of_week_operator.py took 0.089 seconds
[2023-10-18T21:28:21.987+0000] {processor.py:157} INFO - Started process (PID=531) to work on /home/airflow/.local/lib/python3.8/site-packages/airflow/example_dags/example_branch_day_of_week_operator.py
[2023-10-18T21:28:21.988+0000] {processor.py:829} INFO - Processing file /home/airflow/.local/lib/python3.8/site-packages/airflow/example_dags/example_branch_day_of_week_operator.py for tasks to queue
[2023-10-18T21:28:21.991+0000] {logging_mixin.py:151} INFO - [2023-10-18T21:28:21.990+0000] {dagbag.py:536} INFO - Filling up the DagBag from /home/airflow/.local/lib/python3.8/site-packages/airflow/example_dags/example_branch_day_of_week_operator.py
[2023-10-18T21:28:22.000+0000] {processor.py:839} INFO - DAG(s) dict_keys(['example_weekday_branch_operator']) retrieved from /home/airflow/.local/lib/python3.8/site-packages/airflow/example_dags/example_branch_day_of_week_operator.py
[2023-10-18T21:28:22.044+0000] {logging_mixin.py:151} INFO - [2023-10-18T21:28:22.044+0000] {dag.py:2941} INFO - Sync 1 DAGs
[2023-10-18T21:28:22.076+0000] {logging_mixin.py:151} INFO - [2023-10-18T21:28:22.076+0000] {dag.py:3722} INFO - Setting next_dagrun for example_weekday_branch_operator to 2023-10-17T00:00:00+00:00, run_after=2023-10-18T00:00:00+00:00
[2023-10-18T21:28:22.096+0000] {processor.py:179} INFO - Processing /home/airflow/.local/lib/python3.8/site-packages/airflow/example_dags/example_branch_day_of_week_operator.py took 0.113 seconds
[2023-10-18T21:28:52.920+0000] {processor.py:157} INFO - Started process (PID=584) to work on /home/airflow/.local/lib/python3.8/site-packages/airflow/example_dags/example_branch_day_of_week_operator.py
[2023-10-18T21:28:52.921+0000] {processor.py:829} INFO - Processing file /home/airflow/.local/lib/python3.8/site-packages/airflow/example_dags/example_branch_day_of_week_operator.py for tasks to queue
[2023-10-18T21:28:52.924+0000] {logging_mixin.py:151} INFO - [2023-10-18T21:28:52.924+0000] {dagbag.py:536} INFO - Filling up the DagBag from /home/airflow/.local/lib/python3.8/site-packages/airflow/example_dags/example_branch_day_of_week_operator.py
[2023-10-18T21:28:52.933+0000] {processor.py:839} INFO - DAG(s) dict_keys(['example_weekday_branch_operator']) retrieved from /home/airflow/.local/lib/python3.8/site-packages/airflow/example_dags/example_branch_day_of_week_operator.py
[2023-10-18T21:28:52.960+0000] {logging_mixin.py:151} INFO - [2023-10-18T21:28:52.960+0000] {dag.py:2941} INFO - Sync 1 DAGs
[2023-10-18T21:28:52.987+0000] {logging_mixin.py:151} INFO - [2023-10-18T21:28:52.987+0000] {dag.py:3722} INFO - Setting next_dagrun for example_weekday_branch_operator to 2023-10-17T00:00:00+00:00, run_after=2023-10-18T00:00:00+00:00
[2023-10-18T21:28:53.006+0000] {processor.py:179} INFO - Processing /home/airflow/.local/lib/python3.8/site-packages/airflow/example_dags/example_branch_day_of_week_operator.py took 0.093 seconds
[2023-10-18T21:29:23.195+0000] {processor.py:157} INFO - Started process (PID=637) to work on /home/airflow/.local/lib/python3.8/site-packages/airflow/example_dags/example_branch_day_of_week_operator.py
[2023-10-18T21:29:23.197+0000] {processor.py:829} INFO - Processing file /home/airflow/.local/lib/python3.8/site-packages/airflow/example_dags/example_branch_day_of_week_operator.py for tasks to queue
[2023-10-18T21:29:23.200+0000] {logging_mixin.py:151} INFO - [2023-10-18T21:29:23.200+0000] {dagbag.py:536} INFO - Filling up the DagBag from /home/airflow/.local/lib/python3.8/site-packages/airflow/example_dags/example_branch_day_of_week_operator.py
[2023-10-18T21:29:23.209+0000] {processor.py:839} INFO - DAG(s) dict_keys(['example_weekday_branch_operator']) retrieved from /home/airflow/.local/lib/python3.8/site-packages/airflow/example_dags/example_branch_day_of_week_operator.py
[2023-10-18T21:29:23.233+0000] {logging_mixin.py:151} INFO - [2023-10-18T21:29:23.233+0000] {dag.py:2941} INFO - Sync 1 DAGs
[2023-10-18T21:29:23.262+0000] {logging_mixin.py:151} INFO - [2023-10-18T21:29:23.262+0000] {dag.py:3722} INFO - Setting next_dagrun for example_weekday_branch_operator to 2023-10-17T00:00:00+00:00, run_after=2023-10-18T00:00:00+00:00
[2023-10-18T21:29:23.278+0000] {processor.py:179} INFO - Processing /home/airflow/.local/lib/python3.8/site-packages/airflow/example_dags/example_branch_day_of_week_operator.py took 0.088 seconds
[2023-10-18T21:29:53.599+0000] {processor.py:157} INFO - Started process (PID=690) to work on /home/airflow/.local/lib/python3.8/site-packages/airflow/example_dags/example_branch_day_of_week_operator.py
[2023-10-18T21:29:53.600+0000] {processor.py:829} INFO - Processing file /home/airflow/.local/lib/python3.8/site-packages/airflow/example_dags/example_branch_day_of_week_operator.py for tasks to queue
[2023-10-18T21:29:53.603+0000] {logging_mixin.py:151} INFO - [2023-10-18T21:29:53.603+0000] {dagbag.py:536} INFO - Filling up the DagBag from /home/airflow/.local/lib/python3.8/site-packages/airflow/example_dags/example_branch_day_of_week_operator.py
[2023-10-18T21:29:53.612+0000] {processor.py:839} INFO - DAG(s) dict_keys(['example_weekday_branch_operator']) retrieved from /home/airflow/.local/lib/python3.8/site-packages/airflow/example_dags/example_branch_day_of_week_operator.py
[2023-10-18T21:29:53.635+0000] {logging_mixin.py:151} INFO - [2023-10-18T21:29:53.635+0000] {dag.py:2941} INFO - Sync 1 DAGs
[2023-10-18T21:29:53.661+0000] {logging_mixin.py:151} INFO - [2023-10-18T21:29:53.661+0000] {dag.py:3722} INFO - Setting next_dagrun for example_weekday_branch_operator to 2023-10-17T00:00:00+00:00, run_after=2023-10-18T00:00:00+00:00
[2023-10-18T21:29:53.680+0000] {processor.py:179} INFO - Processing /home/airflow/.local/lib/python3.8/site-packages/airflow/example_dags/example_branch_day_of_week_operator.py took 0.086 seconds
[2023-10-18T21:30:23.787+0000] {processor.py:157} INFO - Started process (PID=744) to work on /home/airflow/.local/lib/python3.8/site-packages/airflow/example_dags/example_branch_day_of_week_operator.py
[2023-10-18T21:30:23.789+0000] {processor.py:829} INFO - Processing file /home/airflow/.local/lib/python3.8/site-packages/airflow/example_dags/example_branch_day_of_week_operator.py for tasks to queue
[2023-10-18T21:30:23.791+0000] {logging_mixin.py:151} INFO - [2023-10-18T21:30:23.791+0000] {dagbag.py:536} INFO - Filling up the DagBag from /home/airflow/.local/lib/python3.8/site-packages/airflow/example_dags/example_branch_day_of_week_operator.py
[2023-10-18T21:30:23.801+0000] {processor.py:839} INFO - DAG(s) dict_keys(['example_weekday_branch_operator']) retrieved from /home/airflow/.local/lib/python3.8/site-packages/airflow/example_dags/example_branch_day_of_week_operator.py
[2023-10-18T21:30:23.826+0000] {logging_mixin.py:151} INFO - [2023-10-18T21:30:23.826+0000] {dag.py:2941} INFO - Sync 1 DAGs
[2023-10-18T21:30:23.856+0000] {logging_mixin.py:151} INFO - [2023-10-18T21:30:23.855+0000] {dag.py:3722} INFO - Setting next_dagrun for example_weekday_branch_operator to 2023-10-17T00:00:00+00:00, run_after=2023-10-18T00:00:00+00:00
[2023-10-18T21:30:23.875+0000] {processor.py:179} INFO - Processing /home/airflow/.local/lib/python3.8/site-packages/airflow/example_dags/example_branch_day_of_week_operator.py took 0.092 seconds
[2023-10-18T21:30:54.089+0000] {processor.py:157} INFO - Started process (PID=798) to work on /home/airflow/.local/lib/python3.8/site-packages/airflow/example_dags/example_branch_day_of_week_operator.py
[2023-10-18T21:30:54.090+0000] {processor.py:829} INFO - Processing file /home/airflow/.local/lib/python3.8/site-packages/airflow/example_dags/example_branch_day_of_week_operator.py for tasks to queue
[2023-10-18T21:30:54.093+0000] {logging_mixin.py:151} INFO - [2023-10-18T21:30:54.093+0000] {dagbag.py:536} INFO - Filling up the DagBag from /home/airflow/.local/lib/python3.8/site-packages/airflow/example_dags/example_branch_day_of_week_operator.py
[2023-10-18T21:30:54.102+0000] {processor.py:839} INFO - DAG(s) dict_keys(['example_weekday_branch_operator']) retrieved from /home/airflow/.local/lib/python3.8/site-packages/airflow/example_dags/example_branch_day_of_week_operator.py
[2023-10-18T21:30:54.130+0000] {logging_mixin.py:151} INFO - [2023-10-18T21:30:54.129+0000] {dag.py:2941} INFO - Sync 1 DAGs
[2023-10-18T21:30:54.158+0000] {logging_mixin.py:151} INFO - [2023-10-18T21:30:54.157+0000] {dag.py:3722} INFO - Setting next_dagrun for example_weekday_branch_operator to 2023-10-17T00:00:00+00:00, run_after=2023-10-18T00:00:00+00:00
[2023-10-18T21:30:54.177+0000] {processor.py:179} INFO - Processing /home/airflow/.local/lib/python3.8/site-packages/airflow/example_dags/example_branch_day_of_week_operator.py took 0.093 seconds
[2023-10-18T21:31:24.462+0000] {processor.py:157} INFO - Started process (PID=851) to work on /home/airflow/.local/lib/python3.8/site-packages/airflow/example_dags/example_branch_day_of_week_operator.py
[2023-10-18T21:31:24.464+0000] {processor.py:829} INFO - Processing file /home/airflow/.local/lib/python3.8/site-packages/airflow/example_dags/example_branch_day_of_week_operator.py for tasks to queue
[2023-10-18T21:31:24.466+0000] {logging_mixin.py:151} INFO - [2023-10-18T21:31:24.466+0000] {dagbag.py:536} INFO - Filling up the DagBag from /home/airflow/.local/lib/python3.8/site-packages/airflow/example_dags/example_branch_day_of_week_operator.py
[2023-10-18T21:31:24.475+0000] {processor.py:839} INFO - DAG(s) dict_keys(['example_weekday_branch_operator']) retrieved from /home/airflow/.local/lib/python3.8/site-packages/airflow/example_dags/example_branch_day_of_week_operator.py
[2023-10-18T21:31:24.503+0000] {logging_mixin.py:151} INFO - [2023-10-18T21:31:24.503+0000] {dag.py:2941} INFO - Sync 1 DAGs
[2023-10-18T21:31:24.528+0000] {logging_mixin.py:151} INFO - [2023-10-18T21:31:24.528+0000] {dag.py:3722} INFO - Setting next_dagrun for example_weekday_branch_operator to 2023-10-17T00:00:00+00:00, run_after=2023-10-18T00:00:00+00:00
[2023-10-18T21:31:24.550+0000] {processor.py:179} INFO - Processing /home/airflow/.local/lib/python3.8/site-packages/airflow/example_dags/example_branch_day_of_week_operator.py took 0.092 seconds
