[2023-10-18T21:06:48.222+0000] {processor.py:157} INFO - Started process (PID=71) to work on /home/airflow/.local/lib/python3.8/site-packages/airflow/example_dags/example_latest_only_with_trigger.py
[2023-10-18T21:06:48.223+0000] {processor.py:829} INFO - Processing file /home/airflow/.local/lib/python3.8/site-packages/airflow/example_dags/example_latest_only_with_trigger.py for tasks to queue
[2023-10-18T21:06:48.226+0000] {logging_mixin.py:151} INFO - [2023-10-18T21:06:48.226+0000] {dagbag.py:536} INFO - Filling up the DagBag from /home/airflow/.local/lib/python3.8/site-packages/airflow/example_dags/example_latest_only_with_trigger.py
[2023-10-18T21:06:48.236+0000] {processor.py:839} INFO - DAG(s) dict_keys(['latest_only_with_trigger']) retrieved from /home/airflow/.local/lib/python3.8/site-packages/airflow/example_dags/example_latest_only_with_trigger.py
[2023-10-18T21:06:48.252+0000] {logging_mixin.py:151} INFO - [2023-10-18T21:06:48.251+0000] {dag.py:2941} INFO - Sync 1 DAGs
[2023-10-18T21:06:48.284+0000] {logging_mixin.py:151} INFO - [2023-10-18T21:06:48.284+0000] {dag.py:3722} INFO - Setting next_dagrun for latest_only_with_trigger to 2023-10-18T17:06:48.281875+00:00, run_after=2023-10-18T21:06:48.281875+00:00
[2023-10-18T21:06:48.312+0000] {processor.py:179} INFO - Processing /home/airflow/.local/lib/python3.8/site-packages/airflow/example_dags/example_latest_only_with_trigger.py took 0.093 seconds
[2023-10-18T21:07:18.953+0000] {processor.py:157} INFO - Started process (PID=124) to work on /home/airflow/.local/lib/python3.8/site-packages/airflow/example_dags/example_latest_only_with_trigger.py
[2023-10-18T21:07:18.955+0000] {processor.py:829} INFO - Processing file /home/airflow/.local/lib/python3.8/site-packages/airflow/example_dags/example_latest_only_with_trigger.py for tasks to queue
[2023-10-18T21:07:18.957+0000] {logging_mixin.py:151} INFO - [2023-10-18T21:07:18.957+0000] {dagbag.py:536} INFO - Filling up the DagBag from /home/airflow/.local/lib/python3.8/site-packages/airflow/example_dags/example_latest_only_with_trigger.py
[2023-10-18T21:07:18.964+0000] {processor.py:839} INFO - DAG(s) dict_keys(['latest_only_with_trigger']) retrieved from /home/airflow/.local/lib/python3.8/site-packages/airflow/example_dags/example_latest_only_with_trigger.py
[2023-10-18T21:07:18.990+0000] {logging_mixin.py:151} INFO - [2023-10-18T21:07:18.990+0000] {dag.py:2941} INFO - Sync 1 DAGs
[2023-10-18T21:07:19.025+0000] {logging_mixin.py:151} INFO - [2023-10-18T21:07:19.024+0000] {dag.py:3722} INFO - Setting next_dagrun for latest_only_with_trigger to 2023-10-18T17:07:19.024027+00:00, run_after=2023-10-18T21:07:19.024027+00:00
[2023-10-18T21:07:19.044+0000] {processor.py:179} INFO - Processing /home/airflow/.local/lib/python3.8/site-packages/airflow/example_dags/example_latest_only_with_trigger.py took 0.096 seconds
[2023-10-18T21:07:49.178+0000] {processor.py:157} INFO - Started process (PID=177) to work on /home/airflow/.local/lib/python3.8/site-packages/airflow/example_dags/example_latest_only_with_trigger.py
[2023-10-18T21:07:49.180+0000] {processor.py:829} INFO - Processing file /home/airflow/.local/lib/python3.8/site-packages/airflow/example_dags/example_latest_only_with_trigger.py for tasks to queue
[2023-10-18T21:07:49.183+0000] {logging_mixin.py:151} INFO - [2023-10-18T21:07:49.183+0000] {dagbag.py:536} INFO - Filling up the DagBag from /home/airflow/.local/lib/python3.8/site-packages/airflow/example_dags/example_latest_only_with_trigger.py
[2023-10-18T21:07:49.190+0000] {processor.py:839} INFO - DAG(s) dict_keys(['latest_only_with_trigger']) retrieved from /home/airflow/.local/lib/python3.8/site-packages/airflow/example_dags/example_latest_only_with_trigger.py
[2023-10-18T21:07:49.222+0000] {logging_mixin.py:151} INFO - [2023-10-18T21:07:49.222+0000] {dag.py:2941} INFO - Sync 1 DAGs
[2023-10-18T21:07:49.248+0000] {logging_mixin.py:151} INFO - [2023-10-18T21:07:49.248+0000] {dag.py:3722} INFO - Setting next_dagrun for latest_only_with_trigger to 2023-10-18T17:07:49.247978+00:00, run_after=2023-10-18T21:07:49.247978+00:00
[2023-10-18T21:07:49.268+0000] {processor.py:179} INFO - Processing /home/airflow/.local/lib/python3.8/site-packages/airflow/example_dags/example_latest_only_with_trigger.py took 0.094 seconds
[2023-10-18T21:08:19.609+0000] {processor.py:157} INFO - Started process (PID=230) to work on /home/airflow/.local/lib/python3.8/site-packages/airflow/example_dags/example_latest_only_with_trigger.py
[2023-10-18T21:08:19.610+0000] {processor.py:829} INFO - Processing file /home/airflow/.local/lib/python3.8/site-packages/airflow/example_dags/example_latest_only_with_trigger.py for tasks to queue
[2023-10-18T21:08:19.613+0000] {logging_mixin.py:151} INFO - [2023-10-18T21:08:19.613+0000] {dagbag.py:536} INFO - Filling up the DagBag from /home/airflow/.local/lib/python3.8/site-packages/airflow/example_dags/example_latest_only_with_trigger.py
[2023-10-18T21:08:19.620+0000] {processor.py:839} INFO - DAG(s) dict_keys(['latest_only_with_trigger']) retrieved from /home/airflow/.local/lib/python3.8/site-packages/airflow/example_dags/example_latest_only_with_trigger.py
[2023-10-18T21:08:19.649+0000] {logging_mixin.py:151} INFO - [2023-10-18T21:08:19.649+0000] {dag.py:2941} INFO - Sync 1 DAGs
[2023-10-18T21:08:19.681+0000] {logging_mixin.py:151} INFO - [2023-10-18T21:08:19.680+0000] {dag.py:3722} INFO - Setting next_dagrun for latest_only_with_trigger to 2023-10-18T17:08:19.680637+00:00, run_after=2023-10-18T21:08:19.680637+00:00
[2023-10-18T21:08:19.701+0000] {processor.py:179} INFO - Processing /home/airflow/.local/lib/python3.8/site-packages/airflow/example_dags/example_latest_only_with_trigger.py took 0.100 seconds
[2023-10-18T21:08:50.211+0000] {processor.py:157} INFO - Started process (PID=284) to work on /home/airflow/.local/lib/python3.8/site-packages/airflow/example_dags/example_latest_only_with_trigger.py
[2023-10-18T21:08:50.212+0000] {processor.py:829} INFO - Processing file /home/airflow/.local/lib/python3.8/site-packages/airflow/example_dags/example_latest_only_with_trigger.py for tasks to queue
[2023-10-18T21:08:50.215+0000] {logging_mixin.py:151} INFO - [2023-10-18T21:08:50.215+0000] {dagbag.py:536} INFO - Filling up the DagBag from /home/airflow/.local/lib/python3.8/site-packages/airflow/example_dags/example_latest_only_with_trigger.py
[2023-10-18T21:08:50.221+0000] {processor.py:839} INFO - DAG(s) dict_keys(['latest_only_with_trigger']) retrieved from /home/airflow/.local/lib/python3.8/site-packages/airflow/example_dags/example_latest_only_with_trigger.py
[2023-10-18T21:08:50.250+0000] {logging_mixin.py:151} INFO - [2023-10-18T21:08:50.250+0000] {dag.py:2941} INFO - Sync 1 DAGs
[2023-10-18T21:08:50.280+0000] {logging_mixin.py:151} INFO - [2023-10-18T21:08:50.280+0000] {dag.py:3722} INFO - Setting next_dagrun for latest_only_with_trigger to 2023-10-18T17:08:50.279734+00:00, run_after=2023-10-18T21:08:50.279734+00:00
[2023-10-18T21:08:50.297+0000] {processor.py:179} INFO - Processing /home/airflow/.local/lib/python3.8/site-packages/airflow/example_dags/example_latest_only_with_trigger.py took 0.090 seconds
[2023-10-18T21:09:20.986+0000] {processor.py:157} INFO - Started process (PID=337) to work on /home/airflow/.local/lib/python3.8/site-packages/airflow/example_dags/example_latest_only_with_trigger.py
[2023-10-18T21:09:20.988+0000] {processor.py:829} INFO - Processing file /home/airflow/.local/lib/python3.8/site-packages/airflow/example_dags/example_latest_only_with_trigger.py for tasks to queue
[2023-10-18T21:09:20.990+0000] {logging_mixin.py:151} INFO - [2023-10-18T21:09:20.990+0000] {dagbag.py:536} INFO - Filling up the DagBag from /home/airflow/.local/lib/python3.8/site-packages/airflow/example_dags/example_latest_only_with_trigger.py
[2023-10-18T21:09:20.997+0000] {processor.py:839} INFO - DAG(s) dict_keys(['latest_only_with_trigger']) retrieved from /home/airflow/.local/lib/python3.8/site-packages/airflow/example_dags/example_latest_only_with_trigger.py
[2023-10-18T21:09:21.024+0000] {logging_mixin.py:151} INFO - [2023-10-18T21:09:21.024+0000] {dag.py:2941} INFO - Sync 1 DAGs
[2023-10-18T21:09:21.047+0000] {logging_mixin.py:151} INFO - [2023-10-18T21:09:21.047+0000] {dag.py:3722} INFO - Setting next_dagrun for latest_only_with_trigger to 2023-10-18T17:09:21.047137+00:00, run_after=2023-10-18T21:09:21.047137+00:00
[2023-10-18T21:09:21.064+0000] {processor.py:179} INFO - Processing /home/airflow/.local/lib/python3.8/site-packages/airflow/example_dags/example_latest_only_with_trigger.py took 0.083 seconds
[2023-10-18T21:09:51.338+0000] {processor.py:157} INFO - Started process (PID=390) to work on /home/airflow/.local/lib/python3.8/site-packages/airflow/example_dags/example_latest_only_with_trigger.py
[2023-10-18T21:09:51.339+0000] {processor.py:829} INFO - Processing file /home/airflow/.local/lib/python3.8/site-packages/airflow/example_dags/example_latest_only_with_trigger.py for tasks to queue
[2023-10-18T21:09:51.342+0000] {logging_mixin.py:151} INFO - [2023-10-18T21:09:51.342+0000] {dagbag.py:536} INFO - Filling up the DagBag from /home/airflow/.local/lib/python3.8/site-packages/airflow/example_dags/example_latest_only_with_trigger.py
[2023-10-18T21:09:51.349+0000] {processor.py:839} INFO - DAG(s) dict_keys(['latest_only_with_trigger']) retrieved from /home/airflow/.local/lib/python3.8/site-packages/airflow/example_dags/example_latest_only_with_trigger.py
[2023-10-18T21:09:51.375+0000] {logging_mixin.py:151} INFO - [2023-10-18T21:09:51.374+0000] {dag.py:2941} INFO - Sync 1 DAGs
[2023-10-18T21:09:51.400+0000] {logging_mixin.py:151} INFO - [2023-10-18T21:09:51.400+0000] {dag.py:3722} INFO - Setting next_dagrun for latest_only_with_trigger to 2023-10-18T17:09:51.399936+00:00, run_after=2023-10-18T21:09:51.399936+00:00
[2023-10-18T21:09:51.418+0000] {processor.py:179} INFO - Processing /home/airflow/.local/lib/python3.8/site-packages/airflow/example_dags/example_latest_only_with_trigger.py took 0.086 seconds
[2023-10-18T21:10:21.686+0000] {processor.py:157} INFO - Started process (PID=443) to work on /home/airflow/.local/lib/python3.8/site-packages/airflow/example_dags/example_latest_only_with_trigger.py
[2023-10-18T21:10:21.687+0000] {processor.py:829} INFO - Processing file /home/airflow/.local/lib/python3.8/site-packages/airflow/example_dags/example_latest_only_with_trigger.py for tasks to queue
[2023-10-18T21:10:21.690+0000] {logging_mixin.py:151} INFO - [2023-10-18T21:10:21.690+0000] {dagbag.py:536} INFO - Filling up the DagBag from /home/airflow/.local/lib/python3.8/site-packages/airflow/example_dags/example_latest_only_with_trigger.py
[2023-10-18T21:10:21.697+0000] {processor.py:839} INFO - DAG(s) dict_keys(['latest_only_with_trigger']) retrieved from /home/airflow/.local/lib/python3.8/site-packages/airflow/example_dags/example_latest_only_with_trigger.py
[2023-10-18T21:10:21.723+0000] {logging_mixin.py:151} INFO - [2023-10-18T21:10:21.722+0000] {dag.py:2941} INFO - Sync 1 DAGs
[2023-10-18T21:10:21.747+0000] {logging_mixin.py:151} INFO - [2023-10-18T21:10:21.747+0000] {dag.py:3722} INFO - Setting next_dagrun for latest_only_with_trigger to 2023-10-18T17:10:21.747311+00:00, run_after=2023-10-18T21:10:21.747311+00:00
[2023-10-18T21:10:21.765+0000] {processor.py:179} INFO - Processing /home/airflow/.local/lib/python3.8/site-packages/airflow/example_dags/example_latest_only_with_trigger.py took 0.084 seconds
[2023-10-18T21:10:52.741+0000] {processor.py:157} INFO - Started process (PID=496) to work on /home/airflow/.local/lib/python3.8/site-packages/airflow/example_dags/example_latest_only_with_trigger.py
[2023-10-18T21:10:52.742+0000] {processor.py:829} INFO - Processing file /home/airflow/.local/lib/python3.8/site-packages/airflow/example_dags/example_latest_only_with_trigger.py for tasks to queue
[2023-10-18T21:10:52.745+0000] {logging_mixin.py:151} INFO - [2023-10-18T21:10:52.744+0000] {dagbag.py:536} INFO - Filling up the DagBag from /home/airflow/.local/lib/python3.8/site-packages/airflow/example_dags/example_latest_only_with_trigger.py
[2023-10-18T21:10:52.762+0000] {processor.py:839} INFO - DAG(s) dict_keys(['latest_only_with_trigger']) retrieved from /home/airflow/.local/lib/python3.8/site-packages/airflow/example_dags/example_latest_only_with_trigger.py
[2023-10-18T21:10:52.788+0000] {logging_mixin.py:151} INFO - [2023-10-18T21:10:52.788+0000] {dag.py:2941} INFO - Sync 1 DAGs
[2023-10-18T21:10:52.813+0000] {logging_mixin.py:151} INFO - [2023-10-18T21:10:52.813+0000] {dag.py:3722} INFO - Setting next_dagrun for latest_only_with_trigger to 2023-10-18T17:10:52.813387+00:00, run_after=2023-10-18T21:10:52.813387+00:00
[2023-10-18T21:10:52.834+0000] {processor.py:179} INFO - Processing /home/airflow/.local/lib/python3.8/site-packages/airflow/example_dags/example_latest_only_with_trigger.py took 0.098 seconds
[2023-10-18T21:11:23.082+0000] {processor.py:157} INFO - Started process (PID=549) to work on /home/airflow/.local/lib/python3.8/site-packages/airflow/example_dags/example_latest_only_with_trigger.py
[2023-10-18T21:11:23.083+0000] {processor.py:829} INFO - Processing file /home/airflow/.local/lib/python3.8/site-packages/airflow/example_dags/example_latest_only_with_trigger.py for tasks to queue
[2023-10-18T21:11:23.086+0000] {logging_mixin.py:151} INFO - [2023-10-18T21:11:23.086+0000] {dagbag.py:536} INFO - Filling up the DagBag from /home/airflow/.local/lib/python3.8/site-packages/airflow/example_dags/example_latest_only_with_trigger.py
[2023-10-18T21:11:23.092+0000] {processor.py:839} INFO - DAG(s) dict_keys(['latest_only_with_trigger']) retrieved from /home/airflow/.local/lib/python3.8/site-packages/airflow/example_dags/example_latest_only_with_trigger.py
[2023-10-18T21:11:23.116+0000] {logging_mixin.py:151} INFO - [2023-10-18T21:11:23.116+0000] {dag.py:2941} INFO - Sync 1 DAGs
[2023-10-18T21:11:23.141+0000] {logging_mixin.py:151} INFO - [2023-10-18T21:11:23.141+0000] {dag.py:3722} INFO - Setting next_dagrun for latest_only_with_trigger to 2023-10-18T17:11:23.141398+00:00, run_after=2023-10-18T21:11:23.141398+00:00
[2023-10-18T21:11:23.159+0000] {processor.py:179} INFO - Processing /home/airflow/.local/lib/python3.8/site-packages/airflow/example_dags/example_latest_only_with_trigger.py took 0.082 seconds
[2023-10-18T21:11:53.554+0000] {processor.py:157} INFO - Started process (PID=602) to work on /home/airflow/.local/lib/python3.8/site-packages/airflow/example_dags/example_latest_only_with_trigger.py
[2023-10-18T21:11:53.555+0000] {processor.py:829} INFO - Processing file /home/airflow/.local/lib/python3.8/site-packages/airflow/example_dags/example_latest_only_with_trigger.py for tasks to queue
[2023-10-18T21:11:53.557+0000] {logging_mixin.py:151} INFO - [2023-10-18T21:11:53.557+0000] {dagbag.py:536} INFO - Filling up the DagBag from /home/airflow/.local/lib/python3.8/site-packages/airflow/example_dags/example_latest_only_with_trigger.py
[2023-10-18T21:11:53.564+0000] {processor.py:839} INFO - DAG(s) dict_keys(['latest_only_with_trigger']) retrieved from /home/airflow/.local/lib/python3.8/site-packages/airflow/example_dags/example_latest_only_with_trigger.py
[2023-10-18T21:11:53.588+0000] {logging_mixin.py:151} INFO - [2023-10-18T21:11:53.588+0000] {dag.py:2941} INFO - Sync 1 DAGs
[2023-10-18T21:11:53.617+0000] {logging_mixin.py:151} INFO - [2023-10-18T21:11:53.617+0000] {dag.py:3722} INFO - Setting next_dagrun for latest_only_with_trigger to 2023-10-18T17:11:53.617211+00:00, run_after=2023-10-18T21:11:53.617211+00:00
[2023-10-18T21:11:53.634+0000] {processor.py:179} INFO - Processing /home/airflow/.local/lib/python3.8/site-packages/airflow/example_dags/example_latest_only_with_trigger.py took 0.085 seconds
[2023-10-18T21:12:23.907+0000] {processor.py:157} INFO - Started process (PID=656) to work on /home/airflow/.local/lib/python3.8/site-packages/airflow/example_dags/example_latest_only_with_trigger.py
[2023-10-18T21:12:23.908+0000] {processor.py:829} INFO - Processing file /home/airflow/.local/lib/python3.8/site-packages/airflow/example_dags/example_latest_only_with_trigger.py for tasks to queue
[2023-10-18T21:12:23.911+0000] {logging_mixin.py:151} INFO - [2023-10-18T21:12:23.911+0000] {dagbag.py:536} INFO - Filling up the DagBag from /home/airflow/.local/lib/python3.8/site-packages/airflow/example_dags/example_latest_only_with_trigger.py
[2023-10-18T21:12:23.917+0000] {processor.py:839} INFO - DAG(s) dict_keys(['latest_only_with_trigger']) retrieved from /home/airflow/.local/lib/python3.8/site-packages/airflow/example_dags/example_latest_only_with_trigger.py
[2023-10-18T21:12:23.942+0000] {logging_mixin.py:151} INFO - [2023-10-18T21:12:23.942+0000] {dag.py:2941} INFO - Sync 1 DAGs
[2023-10-18T21:12:23.967+0000] {logging_mixin.py:151} INFO - [2023-10-18T21:12:23.967+0000] {dag.py:3722} INFO - Setting next_dagrun for latest_only_with_trigger to 2023-10-18T17:12:23.967150+00:00, run_after=2023-10-18T21:12:23.967150+00:00
[2023-10-18T21:12:23.988+0000] {processor.py:179} INFO - Processing /home/airflow/.local/lib/python3.8/site-packages/airflow/example_dags/example_latest_only_with_trigger.py took 0.086 seconds
[2023-10-18T21:12:54.109+0000] {processor.py:157} INFO - Started process (PID=708) to work on /home/airflow/.local/lib/python3.8/site-packages/airflow/example_dags/example_latest_only_with_trigger.py
[2023-10-18T21:12:54.111+0000] {processor.py:829} INFO - Processing file /home/airflow/.local/lib/python3.8/site-packages/airflow/example_dags/example_latest_only_with_trigger.py for tasks to queue
[2023-10-18T21:12:54.113+0000] {logging_mixin.py:151} INFO - [2023-10-18T21:12:54.113+0000] {dagbag.py:536} INFO - Filling up the DagBag from /home/airflow/.local/lib/python3.8/site-packages/airflow/example_dags/example_latest_only_with_trigger.py
[2023-10-18T21:12:54.120+0000] {processor.py:839} INFO - DAG(s) dict_keys(['latest_only_with_trigger']) retrieved from /home/airflow/.local/lib/python3.8/site-packages/airflow/example_dags/example_latest_only_with_trigger.py
[2023-10-18T21:12:54.149+0000] {logging_mixin.py:151} INFO - [2023-10-18T21:12:54.149+0000] {dag.py:2941} INFO - Sync 1 DAGs
[2023-10-18T21:12:54.177+0000] {logging_mixin.py:151} INFO - [2023-10-18T21:12:54.177+0000] {dag.py:3722} INFO - Setting next_dagrun for latest_only_with_trigger to 2023-10-18T17:12:54.177178+00:00, run_after=2023-10-18T21:12:54.177178+00:00
[2023-10-18T21:12:54.197+0000] {processor.py:179} INFO - Processing /home/airflow/.local/lib/python3.8/site-packages/airflow/example_dags/example_latest_only_with_trigger.py took 0.092 seconds
[2023-10-18T21:15:10.749+0000] {processor.py:157} INFO - Started process (PID=70) to work on /home/airflow/.local/lib/python3.8/site-packages/airflow/example_dags/example_latest_only_with_trigger.py
[2023-10-18T21:15:10.753+0000] {processor.py:829} INFO - Processing file /home/airflow/.local/lib/python3.8/site-packages/airflow/example_dags/example_latest_only_with_trigger.py for tasks to queue
[2023-10-18T21:15:10.766+0000] {logging_mixin.py:151} INFO - [2023-10-18T21:15:10.765+0000] {dagbag.py:536} INFO - Filling up the DagBag from /home/airflow/.local/lib/python3.8/site-packages/airflow/example_dags/example_latest_only_with_trigger.py
[2023-10-18T21:15:10.789+0000] {processor.py:839} INFO - DAG(s) dict_keys(['latest_only_with_trigger']) retrieved from /home/airflow/.local/lib/python3.8/site-packages/airflow/example_dags/example_latest_only_with_trigger.py
[2023-10-18T21:15:10.835+0000] {logging_mixin.py:151} INFO - [2023-10-18T21:15:10.834+0000] {dag.py:2941} INFO - Sync 1 DAGs
[2023-10-18T21:15:10.860+0000] {logging_mixin.py:151} INFO - [2023-10-18T21:15:10.860+0000] {dag.py:3722} INFO - Setting next_dagrun for latest_only_with_trigger to 2023-10-18T17:15:10.859972+00:00, run_after=2023-10-18T21:15:10.859972+00:00
[2023-10-18T21:15:10.877+0000] {processor.py:179} INFO - Processing /home/airflow/.local/lib/python3.8/site-packages/airflow/example_dags/example_latest_only_with_trigger.py took 0.135 seconds
[2023-10-18T21:15:40.984+0000] {processor.py:157} INFO - Started process (PID=122) to work on /home/airflow/.local/lib/python3.8/site-packages/airflow/example_dags/example_latest_only_with_trigger.py
[2023-10-18T21:15:40.986+0000] {processor.py:829} INFO - Processing file /home/airflow/.local/lib/python3.8/site-packages/airflow/example_dags/example_latest_only_with_trigger.py for tasks to queue
[2023-10-18T21:15:40.988+0000] {logging_mixin.py:151} INFO - [2023-10-18T21:15:40.988+0000] {dagbag.py:536} INFO - Filling up the DagBag from /home/airflow/.local/lib/python3.8/site-packages/airflow/example_dags/example_latest_only_with_trigger.py
[2023-10-18T21:15:40.995+0000] {processor.py:839} INFO - DAG(s) dict_keys(['latest_only_with_trigger']) retrieved from /home/airflow/.local/lib/python3.8/site-packages/airflow/example_dags/example_latest_only_with_trigger.py
[2023-10-18T21:15:41.019+0000] {logging_mixin.py:151} INFO - [2023-10-18T21:15:41.019+0000] {dag.py:2941} INFO - Sync 1 DAGs
[2023-10-18T21:15:41.044+0000] {logging_mixin.py:151} INFO - [2023-10-18T21:15:41.044+0000] {dag.py:3722} INFO - Setting next_dagrun for latest_only_with_trigger to 2023-10-18T17:15:41.044395+00:00, run_after=2023-10-18T21:15:41.044395+00:00
[2023-10-18T21:15:41.061+0000] {processor.py:179} INFO - Processing /home/airflow/.local/lib/python3.8/site-packages/airflow/example_dags/example_latest_only_with_trigger.py took 0.081 seconds
[2023-10-18T21:16:11.512+0000] {processor.py:157} INFO - Started process (PID=176) to work on /home/airflow/.local/lib/python3.8/site-packages/airflow/example_dags/example_latest_only_with_trigger.py
[2023-10-18T21:16:11.513+0000] {processor.py:829} INFO - Processing file /home/airflow/.local/lib/python3.8/site-packages/airflow/example_dags/example_latest_only_with_trigger.py for tasks to queue
[2023-10-18T21:16:11.517+0000] {logging_mixin.py:151} INFO - [2023-10-18T21:16:11.516+0000] {dagbag.py:536} INFO - Filling up the DagBag from /home/airflow/.local/lib/python3.8/site-packages/airflow/example_dags/example_latest_only_with_trigger.py
[2023-10-18T21:16:11.523+0000] {processor.py:839} INFO - DAG(s) dict_keys(['latest_only_with_trigger']) retrieved from /home/airflow/.local/lib/python3.8/site-packages/airflow/example_dags/example_latest_only_with_trigger.py
[2023-10-18T21:16:11.547+0000] {logging_mixin.py:151} INFO - [2023-10-18T21:16:11.547+0000] {dag.py:2941} INFO - Sync 1 DAGs
[2023-10-18T21:16:11.575+0000] {logging_mixin.py:151} INFO - [2023-10-18T21:16:11.575+0000] {dag.py:3722} INFO - Setting next_dagrun for latest_only_with_trigger to 2023-10-18T17:16:11.575103+00:00, run_after=2023-10-18T21:16:11.575103+00:00
[2023-10-18T21:16:11.593+0000] {processor.py:179} INFO - Processing /home/airflow/.local/lib/python3.8/site-packages/airflow/example_dags/example_latest_only_with_trigger.py took 0.086 seconds
[2023-10-18T21:16:41.621+0000] {processor.py:157} INFO - Started process (PID=228) to work on /home/airflow/.local/lib/python3.8/site-packages/airflow/example_dags/example_latest_only_with_trigger.py
[2023-10-18T21:16:41.622+0000] {processor.py:829} INFO - Processing file /home/airflow/.local/lib/python3.8/site-packages/airflow/example_dags/example_latest_only_with_trigger.py for tasks to queue
[2023-10-18T21:16:41.625+0000] {logging_mixin.py:151} INFO - [2023-10-18T21:16:41.624+0000] {dagbag.py:536} INFO - Filling up the DagBag from /home/airflow/.local/lib/python3.8/site-packages/airflow/example_dags/example_latest_only_with_trigger.py
[2023-10-18T21:16:41.631+0000] {processor.py:839} INFO - DAG(s) dict_keys(['latest_only_with_trigger']) retrieved from /home/airflow/.local/lib/python3.8/site-packages/airflow/example_dags/example_latest_only_with_trigger.py
[2023-10-18T21:16:41.661+0000] {logging_mixin.py:151} INFO - [2023-10-18T21:16:41.661+0000] {dag.py:2941} INFO - Sync 1 DAGs
[2023-10-18T21:16:41.688+0000] {logging_mixin.py:151} INFO - [2023-10-18T21:16:41.688+0000] {dag.py:3722} INFO - Setting next_dagrun for latest_only_with_trigger to 2023-10-18T17:16:41.687833+00:00, run_after=2023-10-18T21:16:41.687833+00:00
[2023-10-18T21:16:41.707+0000] {processor.py:179} INFO - Processing /home/airflow/.local/lib/python3.8/site-packages/airflow/example_dags/example_latest_only_with_trigger.py took 0.091 seconds
[2023-10-18T21:17:12.024+0000] {processor.py:157} INFO - Started process (PID=283) to work on /home/airflow/.local/lib/python3.8/site-packages/airflow/example_dags/example_latest_only_with_trigger.py
[2023-10-18T21:17:12.026+0000] {processor.py:829} INFO - Processing file /home/airflow/.local/lib/python3.8/site-packages/airflow/example_dags/example_latest_only_with_trigger.py for tasks to queue
[2023-10-18T21:17:12.028+0000] {logging_mixin.py:151} INFO - [2023-10-18T21:17:12.028+0000] {dagbag.py:536} INFO - Filling up the DagBag from /home/airflow/.local/lib/python3.8/site-packages/airflow/example_dags/example_latest_only_with_trigger.py
[2023-10-18T21:17:12.036+0000] {processor.py:839} INFO - DAG(s) dict_keys(['latest_only_with_trigger']) retrieved from /home/airflow/.local/lib/python3.8/site-packages/airflow/example_dags/example_latest_only_with_trigger.py
[2023-10-18T21:17:12.064+0000] {logging_mixin.py:151} INFO - [2023-10-18T21:17:12.064+0000] {dag.py:2941} INFO - Sync 1 DAGs
[2023-10-18T21:17:12.088+0000] {logging_mixin.py:151} INFO - [2023-10-18T21:17:12.088+0000] {dag.py:3722} INFO - Setting next_dagrun for latest_only_with_trigger to 2023-10-18T17:17:12.088138+00:00, run_after=2023-10-18T21:17:12.088138+00:00
[2023-10-18T21:17:12.106+0000] {processor.py:179} INFO - Processing /home/airflow/.local/lib/python3.8/site-packages/airflow/example_dags/example_latest_only_with_trigger.py took 0.087 seconds
[2023-10-18T21:17:43.106+0000] {processor.py:157} INFO - Started process (PID=336) to work on /home/airflow/.local/lib/python3.8/site-packages/airflow/example_dags/example_latest_only_with_trigger.py
[2023-10-18T21:17:43.108+0000] {processor.py:829} INFO - Processing file /home/airflow/.local/lib/python3.8/site-packages/airflow/example_dags/example_latest_only_with_trigger.py for tasks to queue
[2023-10-18T21:17:43.110+0000] {logging_mixin.py:151} INFO - [2023-10-18T21:17:43.110+0000] {dagbag.py:536} INFO - Filling up the DagBag from /home/airflow/.local/lib/python3.8/site-packages/airflow/example_dags/example_latest_only_with_trigger.py
[2023-10-18T21:17:43.116+0000] {processor.py:839} INFO - DAG(s) dict_keys(['latest_only_with_trigger']) retrieved from /home/airflow/.local/lib/python3.8/site-packages/airflow/example_dags/example_latest_only_with_trigger.py
[2023-10-18T21:17:43.137+0000] {logging_mixin.py:151} INFO - [2023-10-18T21:17:43.137+0000] {dag.py:2941} INFO - Sync 1 DAGs
[2023-10-18T21:17:43.166+0000] {logging_mixin.py:151} INFO - [2023-10-18T21:17:43.166+0000] {dag.py:3722} INFO - Setting next_dagrun for latest_only_with_trigger to 2023-10-18T17:17:43.165881+00:00, run_after=2023-10-18T21:17:43.165881+00:00
[2023-10-18T21:17:43.186+0000] {processor.py:179} INFO - Processing /home/airflow/.local/lib/python3.8/site-packages/airflow/example_dags/example_latest_only_with_trigger.py took 0.084 seconds
[2023-10-18T21:18:14.021+0000] {processor.py:157} INFO - Started process (PID=389) to work on /home/airflow/.local/lib/python3.8/site-packages/airflow/example_dags/example_latest_only_with_trigger.py
[2023-10-18T21:18:14.022+0000] {processor.py:829} INFO - Processing file /home/airflow/.local/lib/python3.8/site-packages/airflow/example_dags/example_latest_only_with_trigger.py for tasks to queue
[2023-10-18T21:18:14.024+0000] {logging_mixin.py:151} INFO - [2023-10-18T21:18:14.024+0000] {dagbag.py:536} INFO - Filling up the DagBag from /home/airflow/.local/lib/python3.8/site-packages/airflow/example_dags/example_latest_only_with_trigger.py
[2023-10-18T21:18:14.031+0000] {processor.py:839} INFO - DAG(s) dict_keys(['latest_only_with_trigger']) retrieved from /home/airflow/.local/lib/python3.8/site-packages/airflow/example_dags/example_latest_only_with_trigger.py
[2023-10-18T21:18:14.054+0000] {logging_mixin.py:151} INFO - [2023-10-18T21:18:14.054+0000] {dag.py:2941} INFO - Sync 1 DAGs
[2023-10-18T21:18:14.080+0000] {logging_mixin.py:151} INFO - [2023-10-18T21:18:14.080+0000] {dag.py:3722} INFO - Setting next_dagrun for latest_only_with_trigger to 2023-10-18T17:18:14.080105+00:00, run_after=2023-10-18T21:18:14.080105+00:00
[2023-10-18T21:18:14.098+0000] {processor.py:179} INFO - Processing /home/airflow/.local/lib/python3.8/site-packages/airflow/example_dags/example_latest_only_with_trigger.py took 0.082 seconds
[2023-10-18T21:18:44.235+0000] {processor.py:157} INFO - Started process (PID=442) to work on /home/airflow/.local/lib/python3.8/site-packages/airflow/example_dags/example_latest_only_with_trigger.py
[2023-10-18T21:18:44.237+0000] {processor.py:829} INFO - Processing file /home/airflow/.local/lib/python3.8/site-packages/airflow/example_dags/example_latest_only_with_trigger.py for tasks to queue
[2023-10-18T21:18:44.240+0000] {logging_mixin.py:151} INFO - [2023-10-18T21:18:44.240+0000] {dagbag.py:536} INFO - Filling up the DagBag from /home/airflow/.local/lib/python3.8/site-packages/airflow/example_dags/example_latest_only_with_trigger.py
[2023-10-18T21:18:44.246+0000] {processor.py:839} INFO - DAG(s) dict_keys(['latest_only_with_trigger']) retrieved from /home/airflow/.local/lib/python3.8/site-packages/airflow/example_dags/example_latest_only_with_trigger.py
[2023-10-18T21:18:44.272+0000] {logging_mixin.py:151} INFO - [2023-10-18T21:18:44.272+0000] {dag.py:2941} INFO - Sync 1 DAGs
[2023-10-18T21:18:44.299+0000] {logging_mixin.py:151} INFO - [2023-10-18T21:18:44.298+0000] {dag.py:3722} INFO - Setting next_dagrun for latest_only_with_trigger to 2023-10-18T17:18:44.298679+00:00, run_after=2023-10-18T21:18:44.298679+00:00
[2023-10-18T21:18:44.317+0000] {processor.py:179} INFO - Processing /home/airflow/.local/lib/python3.8/site-packages/airflow/example_dags/example_latest_only_with_trigger.py took 0.089 seconds
[2023-10-18T21:19:14.650+0000] {processor.py:157} INFO - Started process (PID=495) to work on /home/airflow/.local/lib/python3.8/site-packages/airflow/example_dags/example_latest_only_with_trigger.py
[2023-10-18T21:19:14.651+0000] {processor.py:829} INFO - Processing file /home/airflow/.local/lib/python3.8/site-packages/airflow/example_dags/example_latest_only_with_trigger.py for tasks to queue
[2023-10-18T21:19:14.654+0000] {logging_mixin.py:151} INFO - [2023-10-18T21:19:14.653+0000] {dagbag.py:536} INFO - Filling up the DagBag from /home/airflow/.local/lib/python3.8/site-packages/airflow/example_dags/example_latest_only_with_trigger.py
[2023-10-18T21:19:14.661+0000] {processor.py:839} INFO - DAG(s) dict_keys(['latest_only_with_trigger']) retrieved from /home/airflow/.local/lib/python3.8/site-packages/airflow/example_dags/example_latest_only_with_trigger.py
[2023-10-18T21:19:14.684+0000] {logging_mixin.py:151} INFO - [2023-10-18T21:19:14.684+0000] {dag.py:2941} INFO - Sync 1 DAGs
[2023-10-18T21:19:14.712+0000] {logging_mixin.py:151} INFO - [2023-10-18T21:19:14.712+0000] {dag.py:3722} INFO - Setting next_dagrun for latest_only_with_trigger to 2023-10-18T17:19:14.712043+00:00, run_after=2023-10-18T21:19:14.712043+00:00
[2023-10-18T21:19:14.732+0000] {processor.py:179} INFO - Processing /home/airflow/.local/lib/python3.8/site-packages/airflow/example_dags/example_latest_only_with_trigger.py took 0.090 seconds
[2023-10-18T21:19:44.820+0000] {processor.py:157} INFO - Started process (PID=548) to work on /home/airflow/.local/lib/python3.8/site-packages/airflow/example_dags/example_latest_only_with_trigger.py
[2023-10-18T21:19:44.821+0000] {processor.py:829} INFO - Processing file /home/airflow/.local/lib/python3.8/site-packages/airflow/example_dags/example_latest_only_with_trigger.py for tasks to queue
[2023-10-18T21:19:44.825+0000] {logging_mixin.py:151} INFO - [2023-10-18T21:19:44.824+0000] {dagbag.py:536} INFO - Filling up the DagBag from /home/airflow/.local/lib/python3.8/site-packages/airflow/example_dags/example_latest_only_with_trigger.py
[2023-10-18T21:19:44.832+0000] {processor.py:839} INFO - DAG(s) dict_keys(['latest_only_with_trigger']) retrieved from /home/airflow/.local/lib/python3.8/site-packages/airflow/example_dags/example_latest_only_with_trigger.py
[2023-10-18T21:19:44.861+0000] {logging_mixin.py:151} INFO - [2023-10-18T21:19:44.860+0000] {dag.py:2941} INFO - Sync 1 DAGs
[2023-10-18T21:19:44.893+0000] {logging_mixin.py:151} INFO - [2023-10-18T21:19:44.892+0000] {dag.py:3722} INFO - Setting next_dagrun for latest_only_with_trigger to 2023-10-18T17:19:44.892443+00:00, run_after=2023-10-18T21:19:44.892443+00:00
[2023-10-18T21:19:44.915+0000] {processor.py:179} INFO - Processing /home/airflow/.local/lib/python3.8/site-packages/airflow/example_dags/example_latest_only_with_trigger.py took 0.101 seconds
[2023-10-18T21:20:15.194+0000] {processor.py:157} INFO - Started process (PID=601) to work on /home/airflow/.local/lib/python3.8/site-packages/airflow/example_dags/example_latest_only_with_trigger.py
[2023-10-18T21:20:15.196+0000] {processor.py:829} INFO - Processing file /home/airflow/.local/lib/python3.8/site-packages/airflow/example_dags/example_latest_only_with_trigger.py for tasks to queue
[2023-10-18T21:20:15.199+0000] {logging_mixin.py:151} INFO - [2023-10-18T21:20:15.198+0000] {dagbag.py:536} INFO - Filling up the DagBag from /home/airflow/.local/lib/python3.8/site-packages/airflow/example_dags/example_latest_only_with_trigger.py
[2023-10-18T21:20:15.206+0000] {processor.py:839} INFO - DAG(s) dict_keys(['latest_only_with_trigger']) retrieved from /home/airflow/.local/lib/python3.8/site-packages/airflow/example_dags/example_latest_only_with_trigger.py
[2023-10-18T21:20:15.232+0000] {logging_mixin.py:151} INFO - [2023-10-18T21:20:15.232+0000] {dag.py:2941} INFO - Sync 1 DAGs
[2023-10-18T21:20:15.257+0000] {logging_mixin.py:151} INFO - [2023-10-18T21:20:15.257+0000] {dag.py:3722} INFO - Setting next_dagrun for latest_only_with_trigger to 2023-10-18T17:20:15.256921+00:00, run_after=2023-10-18T21:20:15.256921+00:00
[2023-10-18T21:20:15.275+0000] {processor.py:179} INFO - Processing /home/airflow/.local/lib/python3.8/site-packages/airflow/example_dags/example_latest_only_with_trigger.py took 0.086 seconds
[2023-10-18T21:20:45.587+0000] {processor.py:157} INFO - Started process (PID=654) to work on /home/airflow/.local/lib/python3.8/site-packages/airflow/example_dags/example_latest_only_with_trigger.py
[2023-10-18T21:20:45.589+0000] {processor.py:829} INFO - Processing file /home/airflow/.local/lib/python3.8/site-packages/airflow/example_dags/example_latest_only_with_trigger.py for tasks to queue
[2023-10-18T21:20:45.592+0000] {logging_mixin.py:151} INFO - [2023-10-18T21:20:45.592+0000] {dagbag.py:536} INFO - Filling up the DagBag from /home/airflow/.local/lib/python3.8/site-packages/airflow/example_dags/example_latest_only_with_trigger.py
[2023-10-18T21:20:45.599+0000] {processor.py:839} INFO - DAG(s) dict_keys(['latest_only_with_trigger']) retrieved from /home/airflow/.local/lib/python3.8/site-packages/airflow/example_dags/example_latest_only_with_trigger.py
[2023-10-18T21:20:45.627+0000] {logging_mixin.py:151} INFO - [2023-10-18T21:20:45.627+0000] {dag.py:2941} INFO - Sync 1 DAGs
[2023-10-18T21:20:45.655+0000] {logging_mixin.py:151} INFO - [2023-10-18T21:20:45.654+0000] {dag.py:3722} INFO - Setting next_dagrun for latest_only_with_trigger to 2023-10-18T17:20:45.654655+00:00, run_after=2023-10-18T21:20:45.654655+00:00
[2023-10-18T21:20:45.675+0000] {processor.py:179} INFO - Processing /home/airflow/.local/lib/python3.8/site-packages/airflow/example_dags/example_latest_only_with_trigger.py took 0.093 seconds
[2023-10-18T21:21:15.957+0000] {processor.py:157} INFO - Started process (PID=707) to work on /home/airflow/.local/lib/python3.8/site-packages/airflow/example_dags/example_latest_only_with_trigger.py
[2023-10-18T21:21:15.958+0000] {processor.py:829} INFO - Processing file /home/airflow/.local/lib/python3.8/site-packages/airflow/example_dags/example_latest_only_with_trigger.py for tasks to queue
[2023-10-18T21:21:15.961+0000] {logging_mixin.py:151} INFO - [2023-10-18T21:21:15.961+0000] {dagbag.py:536} INFO - Filling up the DagBag from /home/airflow/.local/lib/python3.8/site-packages/airflow/example_dags/example_latest_only_with_trigger.py
[2023-10-18T21:21:15.967+0000] {processor.py:839} INFO - DAG(s) dict_keys(['latest_only_with_trigger']) retrieved from /home/airflow/.local/lib/python3.8/site-packages/airflow/example_dags/example_latest_only_with_trigger.py
[2023-10-18T21:21:15.997+0000] {logging_mixin.py:151} INFO - [2023-10-18T21:21:15.997+0000] {dag.py:2941} INFO - Sync 1 DAGs
[2023-10-18T21:21:16.025+0000] {logging_mixin.py:151} INFO - [2023-10-18T21:21:16.025+0000] {dag.py:3722} INFO - Setting next_dagrun for latest_only_with_trigger to 2023-10-18T17:21:16.024956+00:00, run_after=2023-10-18T21:21:16.024956+00:00
[2023-10-18T21:21:16.044+0000] {processor.py:179} INFO - Processing /home/airflow/.local/lib/python3.8/site-packages/airflow/example_dags/example_latest_only_with_trigger.py took 0.092 seconds
[2023-10-18T21:21:46.448+0000] {processor.py:157} INFO - Started process (PID=761) to work on /home/airflow/.local/lib/python3.8/site-packages/airflow/example_dags/example_latest_only_with_trigger.py
[2023-10-18T21:21:46.449+0000] {processor.py:829} INFO - Processing file /home/airflow/.local/lib/python3.8/site-packages/airflow/example_dags/example_latest_only_with_trigger.py for tasks to queue
[2023-10-18T21:21:46.452+0000] {logging_mixin.py:151} INFO - [2023-10-18T21:21:46.452+0000] {dagbag.py:536} INFO - Filling up the DagBag from /home/airflow/.local/lib/python3.8/site-packages/airflow/example_dags/example_latest_only_with_trigger.py
[2023-10-18T21:21:46.459+0000] {processor.py:839} INFO - DAG(s) dict_keys(['latest_only_with_trigger']) retrieved from /home/airflow/.local/lib/python3.8/site-packages/airflow/example_dags/example_latest_only_with_trigger.py
[2023-10-18T21:21:46.486+0000] {logging_mixin.py:151} INFO - [2023-10-18T21:21:46.486+0000] {dag.py:2941} INFO - Sync 1 DAGs
[2023-10-18T21:21:46.511+0000] {logging_mixin.py:151} INFO - [2023-10-18T21:21:46.511+0000] {dag.py:3722} INFO - Setting next_dagrun for latest_only_with_trigger to 2023-10-18T17:21:46.511229+00:00, run_after=2023-10-18T21:21:46.511229+00:00
[2023-10-18T21:21:46.529+0000] {processor.py:179} INFO - Processing /home/airflow/.local/lib/python3.8/site-packages/airflow/example_dags/example_latest_only_with_trigger.py took 0.086 seconds
[2023-10-18T21:23:49.561+0000] {processor.py:157} INFO - Started process (PID=71) to work on /home/airflow/.local/lib/python3.8/site-packages/airflow/example_dags/example_latest_only_with_trigger.py
[2023-10-18T21:23:49.563+0000] {processor.py:829} INFO - Processing file /home/airflow/.local/lib/python3.8/site-packages/airflow/example_dags/example_latest_only_with_trigger.py for tasks to queue
[2023-10-18T21:23:49.565+0000] {logging_mixin.py:151} INFO - [2023-10-18T21:23:49.565+0000] {dagbag.py:536} INFO - Filling up the DagBag from /home/airflow/.local/lib/python3.8/site-packages/airflow/example_dags/example_latest_only_with_trigger.py
[2023-10-18T21:23:49.575+0000] {processor.py:839} INFO - DAG(s) dict_keys(['latest_only_with_trigger']) retrieved from /home/airflow/.local/lib/python3.8/site-packages/airflow/example_dags/example_latest_only_with_trigger.py
[2023-10-18T21:23:49.592+0000] {logging_mixin.py:151} INFO - [2023-10-18T21:23:49.591+0000] {dag.py:2941} INFO - Sync 1 DAGs
[2023-10-18T21:23:49.616+0000] {logging_mixin.py:151} INFO - [2023-10-18T21:23:49.616+0000] {dag.py:3722} INFO - Setting next_dagrun for latest_only_with_trigger to 2023-10-18T17:23:49.616323+00:00, run_after=2023-10-18T21:23:49.616323+00:00
[2023-10-18T21:23:49.634+0000] {processor.py:179} INFO - Processing /home/airflow/.local/lib/python3.8/site-packages/airflow/example_dags/example_latest_only_with_trigger.py took 0.077 seconds
[2023-10-18T21:24:19.945+0000] {processor.py:157} INFO - Started process (PID=124) to work on /home/airflow/.local/lib/python3.8/site-packages/airflow/example_dags/example_latest_only_with_trigger.py
[2023-10-18T21:24:19.946+0000] {processor.py:829} INFO - Processing file /home/airflow/.local/lib/python3.8/site-packages/airflow/example_dags/example_latest_only_with_trigger.py for tasks to queue
[2023-10-18T21:24:19.948+0000] {logging_mixin.py:151} INFO - [2023-10-18T21:24:19.948+0000] {dagbag.py:536} INFO - Filling up the DagBag from /home/airflow/.local/lib/python3.8/site-packages/airflow/example_dags/example_latest_only_with_trigger.py
[2023-10-18T21:24:19.955+0000] {processor.py:839} INFO - DAG(s) dict_keys(['latest_only_with_trigger']) retrieved from /home/airflow/.local/lib/python3.8/site-packages/airflow/example_dags/example_latest_only_with_trigger.py
[2023-10-18T21:24:19.980+0000] {logging_mixin.py:151} INFO - [2023-10-18T21:24:19.980+0000] {dag.py:2941} INFO - Sync 1 DAGs
[2023-10-18T21:24:20.002+0000] {logging_mixin.py:151} INFO - [2023-10-18T21:24:20.002+0000] {dag.py:3722} INFO - Setting next_dagrun for latest_only_with_trigger to 2023-10-18T17:24:20.002025+00:00, run_after=2023-10-18T21:24:20.002025+00:00
[2023-10-18T21:24:20.019+0000] {processor.py:179} INFO - Processing /home/airflow/.local/lib/python3.8/site-packages/airflow/example_dags/example_latest_only_with_trigger.py took 0.080 seconds
[2023-10-18T21:24:50.454+0000] {processor.py:157} INFO - Started process (PID=177) to work on /home/airflow/.local/lib/python3.8/site-packages/airflow/example_dags/example_latest_only_with_trigger.py
[2023-10-18T21:24:50.456+0000] {processor.py:829} INFO - Processing file /home/airflow/.local/lib/python3.8/site-packages/airflow/example_dags/example_latest_only_with_trigger.py for tasks to queue
[2023-10-18T21:24:50.459+0000] {logging_mixin.py:151} INFO - [2023-10-18T21:24:50.459+0000] {dagbag.py:536} INFO - Filling up the DagBag from /home/airflow/.local/lib/python3.8/site-packages/airflow/example_dags/example_latest_only_with_trigger.py
[2023-10-18T21:24:50.476+0000] {processor.py:839} INFO - DAG(s) dict_keys(['latest_only_with_trigger']) retrieved from /home/airflow/.local/lib/python3.8/site-packages/airflow/example_dags/example_latest_only_with_trigger.py
[2023-10-18T21:24:50.514+0000] {logging_mixin.py:151} INFO - [2023-10-18T21:24:50.514+0000] {dag.py:2941} INFO - Sync 1 DAGs
[2023-10-18T21:24:50.542+0000] {logging_mixin.py:151} INFO - [2023-10-18T21:24:50.542+0000] {dag.py:3722} INFO - Setting next_dagrun for latest_only_with_trigger to 2023-10-18T17:24:50.541795+00:00, run_after=2023-10-18T21:24:50.541795+00:00
[2023-10-18T21:24:50.560+0000] {processor.py:179} INFO - Processing /home/airflow/.local/lib/python3.8/site-packages/airflow/example_dags/example_latest_only_with_trigger.py took 0.114 seconds
[2023-10-18T21:25:20.959+0000] {processor.py:157} INFO - Started process (PID=230) to work on /home/airflow/.local/lib/python3.8/site-packages/airflow/example_dags/example_latest_only_with_trigger.py
[2023-10-18T21:25:20.961+0000] {processor.py:829} INFO - Processing file /home/airflow/.local/lib/python3.8/site-packages/airflow/example_dags/example_latest_only_with_trigger.py for tasks to queue
[2023-10-18T21:25:20.963+0000] {logging_mixin.py:151} INFO - [2023-10-18T21:25:20.963+0000] {dagbag.py:536} INFO - Filling up the DagBag from /home/airflow/.local/lib/python3.8/site-packages/airflow/example_dags/example_latest_only_with_trigger.py
[2023-10-18T21:25:20.970+0000] {processor.py:839} INFO - DAG(s) dict_keys(['latest_only_with_trigger']) retrieved from /home/airflow/.local/lib/python3.8/site-packages/airflow/example_dags/example_latest_only_with_trigger.py
[2023-10-18T21:25:20.983+0000] {logging_mixin.py:151} INFO - [2023-10-18T21:25:20.983+0000] {dag.py:2941} INFO - Sync 1 DAGs
[2023-10-18T21:25:21.010+0000] {logging_mixin.py:151} INFO - [2023-10-18T21:25:21.009+0000] {dag.py:3722} INFO - Setting next_dagrun for latest_only_with_trigger to 2023-10-18T17:25:21.009728+00:00, run_after=2023-10-18T21:25:21.009728+00:00
[2023-10-18T21:25:21.025+0000] {processor.py:179} INFO - Processing /home/airflow/.local/lib/python3.8/site-packages/airflow/example_dags/example_latest_only_with_trigger.py took 0.071 seconds
[2023-10-18T21:25:51.941+0000] {processor.py:157} INFO - Started process (PID=283) to work on /home/airflow/.local/lib/python3.8/site-packages/airflow/example_dags/example_latest_only_with_trigger.py
[2023-10-18T21:25:51.943+0000] {processor.py:829} INFO - Processing file /home/airflow/.local/lib/python3.8/site-packages/airflow/example_dags/example_latest_only_with_trigger.py for tasks to queue
[2023-10-18T21:25:51.946+0000] {logging_mixin.py:151} INFO - [2023-10-18T21:25:51.945+0000] {dagbag.py:536} INFO - Filling up the DagBag from /home/airflow/.local/lib/python3.8/site-packages/airflow/example_dags/example_latest_only_with_trigger.py
[2023-10-18T21:25:51.952+0000] {processor.py:839} INFO - DAG(s) dict_keys(['latest_only_with_trigger']) retrieved from /home/airflow/.local/lib/python3.8/site-packages/airflow/example_dags/example_latest_only_with_trigger.py
[2023-10-18T21:25:51.978+0000] {logging_mixin.py:151} INFO - [2023-10-18T21:25:51.978+0000] {dag.py:2941} INFO - Sync 1 DAGs
[2023-10-18T21:25:52.005+0000] {logging_mixin.py:151} INFO - [2023-10-18T21:25:52.005+0000] {dag.py:3722} INFO - Setting next_dagrun for latest_only_with_trigger to 2023-10-18T17:25:52.005099+00:00, run_after=2023-10-18T21:25:52.005099+00:00
[2023-10-18T21:25:52.025+0000] {processor.py:179} INFO - Processing /home/airflow/.local/lib/python3.8/site-packages/airflow/example_dags/example_latest_only_with_trigger.py took 0.090 seconds
[2023-10-18T21:26:22.123+0000] {processor.py:157} INFO - Started process (PID=336) to work on /home/airflow/.local/lib/python3.8/site-packages/airflow/example_dags/example_latest_only_with_trigger.py
[2023-10-18T21:26:22.124+0000] {processor.py:829} INFO - Processing file /home/airflow/.local/lib/python3.8/site-packages/airflow/example_dags/example_latest_only_with_trigger.py for tasks to queue
[2023-10-18T21:26:22.127+0000] {logging_mixin.py:151} INFO - [2023-10-18T21:26:22.126+0000] {dagbag.py:536} INFO - Filling up the DagBag from /home/airflow/.local/lib/python3.8/site-packages/airflow/example_dags/example_latest_only_with_trigger.py
[2023-10-18T21:26:22.134+0000] {processor.py:839} INFO - DAG(s) dict_keys(['latest_only_with_trigger']) retrieved from /home/airflow/.local/lib/python3.8/site-packages/airflow/example_dags/example_latest_only_with_trigger.py
[2023-10-18T21:26:22.171+0000] {logging_mixin.py:151} INFO - [2023-10-18T21:26:22.171+0000] {dag.py:2941} INFO - Sync 1 DAGs
[2023-10-18T21:26:22.198+0000] {logging_mixin.py:151} INFO - [2023-10-18T21:26:22.198+0000] {dag.py:3722} INFO - Setting next_dagrun for latest_only_with_trigger to 2023-10-18T17:26:22.198018+00:00, run_after=2023-10-18T21:26:22.198018+00:00
[2023-10-18T21:26:22.217+0000] {processor.py:179} INFO - Processing /home/airflow/.local/lib/python3.8/site-packages/airflow/example_dags/example_latest_only_with_trigger.py took 0.102 seconds
[2023-10-18T21:26:52.414+0000] {processor.py:157} INFO - Started process (PID=389) to work on /home/airflow/.local/lib/python3.8/site-packages/airflow/example_dags/example_latest_only_with_trigger.py
[2023-10-18T21:26:52.416+0000] {processor.py:829} INFO - Processing file /home/airflow/.local/lib/python3.8/site-packages/airflow/example_dags/example_latest_only_with_trigger.py for tasks to queue
[2023-10-18T21:26:52.420+0000] {logging_mixin.py:151} INFO - [2023-10-18T21:26:52.418+0000] {dagbag.py:536} INFO - Filling up the DagBag from /home/airflow/.local/lib/python3.8/site-packages/airflow/example_dags/example_latest_only_with_trigger.py
[2023-10-18T21:26:52.428+0000] {processor.py:839} INFO - DAG(s) dict_keys(['latest_only_with_trigger']) retrieved from /home/airflow/.local/lib/python3.8/site-packages/airflow/example_dags/example_latest_only_with_trigger.py
[2023-10-18T21:26:52.454+0000] {logging_mixin.py:151} INFO - [2023-10-18T21:26:52.453+0000] {dag.py:2941} INFO - Sync 1 DAGs
[2023-10-18T21:26:52.483+0000] {logging_mixin.py:151} INFO - [2023-10-18T21:26:52.482+0000] {dag.py:3722} INFO - Setting next_dagrun for latest_only_with_trigger to 2023-10-18T17:26:52.482583+00:00, run_after=2023-10-18T21:26:52.482583+00:00
[2023-10-18T21:26:52.499+0000] {processor.py:179} INFO - Processing /home/airflow/.local/lib/python3.8/site-packages/airflow/example_dags/example_latest_only_with_trigger.py took 0.090 seconds
[2023-10-18T21:27:22.615+0000] {processor.py:157} INFO - Started process (PID=442) to work on /home/airflow/.local/lib/python3.8/site-packages/airflow/example_dags/example_latest_only_with_trigger.py
[2023-10-18T21:27:22.616+0000] {processor.py:829} INFO - Processing file /home/airflow/.local/lib/python3.8/site-packages/airflow/example_dags/example_latest_only_with_trigger.py for tasks to queue
[2023-10-18T21:27:22.619+0000] {logging_mixin.py:151} INFO - [2023-10-18T21:27:22.619+0000] {dagbag.py:536} INFO - Filling up the DagBag from /home/airflow/.local/lib/python3.8/site-packages/airflow/example_dags/example_latest_only_with_trigger.py
[2023-10-18T21:27:22.626+0000] {processor.py:839} INFO - DAG(s) dict_keys(['latest_only_with_trigger']) retrieved from /home/airflow/.local/lib/python3.8/site-packages/airflow/example_dags/example_latest_only_with_trigger.py
[2023-10-18T21:27:22.652+0000] {logging_mixin.py:151} INFO - [2023-10-18T21:27:22.651+0000] {dag.py:2941} INFO - Sync 1 DAGs
[2023-10-18T21:27:22.674+0000] {logging_mixin.py:151} INFO - [2023-10-18T21:27:22.674+0000] {dag.py:3722} INFO - Setting next_dagrun for latest_only_with_trigger to 2023-10-18T17:27:22.674212+00:00, run_after=2023-10-18T21:27:22.674212+00:00
[2023-10-18T21:27:22.691+0000] {processor.py:179} INFO - Processing /home/airflow/.local/lib/python3.8/site-packages/airflow/example_dags/example_latest_only_with_trigger.py took 0.082 seconds
[2023-10-18T21:27:53.187+0000] {processor.py:157} INFO - Started process (PID=495) to work on /home/airflow/.local/lib/python3.8/site-packages/airflow/example_dags/example_latest_only_with_trigger.py
[2023-10-18T21:27:53.189+0000] {processor.py:829} INFO - Processing file /home/airflow/.local/lib/python3.8/site-packages/airflow/example_dags/example_latest_only_with_trigger.py for tasks to queue
[2023-10-18T21:27:53.192+0000] {logging_mixin.py:151} INFO - [2023-10-18T21:27:53.191+0000] {dagbag.py:536} INFO - Filling up the DagBag from /home/airflow/.local/lib/python3.8/site-packages/airflow/example_dags/example_latest_only_with_trigger.py
[2023-10-18T21:27:53.199+0000] {processor.py:839} INFO - DAG(s) dict_keys(['latest_only_with_trigger']) retrieved from /home/airflow/.local/lib/python3.8/site-packages/airflow/example_dags/example_latest_only_with_trigger.py
[2023-10-18T21:27:53.226+0000] {logging_mixin.py:151} INFO - [2023-10-18T21:27:53.226+0000] {dag.py:2941} INFO - Sync 1 DAGs
[2023-10-18T21:27:53.250+0000] {logging_mixin.py:151} INFO - [2023-10-18T21:27:53.250+0000] {dag.py:3722} INFO - Setting next_dagrun for latest_only_with_trigger to 2023-10-18T17:27:53.250083+00:00, run_after=2023-10-18T21:27:53.250083+00:00
[2023-10-18T21:27:53.268+0000] {processor.py:179} INFO - Processing /home/airflow/.local/lib/python3.8/site-packages/airflow/example_dags/example_latest_only_with_trigger.py took 0.088 seconds
[2023-10-18T21:28:23.494+0000] {processor.py:157} INFO - Started process (PID=548) to work on /home/airflow/.local/lib/python3.8/site-packages/airflow/example_dags/example_latest_only_with_trigger.py
[2023-10-18T21:28:23.498+0000] {processor.py:829} INFO - Processing file /home/airflow/.local/lib/python3.8/site-packages/airflow/example_dags/example_latest_only_with_trigger.py for tasks to queue
[2023-10-18T21:28:23.501+0000] {logging_mixin.py:151} INFO - [2023-10-18T21:28:23.501+0000] {dagbag.py:536} INFO - Filling up the DagBag from /home/airflow/.local/lib/python3.8/site-packages/airflow/example_dags/example_latest_only_with_trigger.py
[2023-10-18T21:28:23.509+0000] {processor.py:839} INFO - DAG(s) dict_keys(['latest_only_with_trigger']) retrieved from /home/airflow/.local/lib/python3.8/site-packages/airflow/example_dags/example_latest_only_with_trigger.py
[2023-10-18T21:28:23.532+0000] {logging_mixin.py:151} INFO - [2023-10-18T21:28:23.532+0000] {dag.py:2941} INFO - Sync 1 DAGs
[2023-10-18T21:28:23.559+0000] {logging_mixin.py:151} INFO - [2023-10-18T21:28:23.559+0000] {dag.py:3722} INFO - Setting next_dagrun for latest_only_with_trigger to 2023-10-18T17:28:23.559307+00:00, run_after=2023-10-18T21:28:23.559307+00:00
[2023-10-18T21:28:23.581+0000] {processor.py:179} INFO - Processing /home/airflow/.local/lib/python3.8/site-packages/airflow/example_dags/example_latest_only_with_trigger.py took 0.093 seconds
[2023-10-18T21:28:54.211+0000] {processor.py:157} INFO - Started process (PID=601) to work on /home/airflow/.local/lib/python3.8/site-packages/airflow/example_dags/example_latest_only_with_trigger.py
[2023-10-18T21:28:54.213+0000] {processor.py:829} INFO - Processing file /home/airflow/.local/lib/python3.8/site-packages/airflow/example_dags/example_latest_only_with_trigger.py for tasks to queue
[2023-10-18T21:28:54.216+0000] {logging_mixin.py:151} INFO - [2023-10-18T21:28:54.215+0000] {dagbag.py:536} INFO - Filling up the DagBag from /home/airflow/.local/lib/python3.8/site-packages/airflow/example_dags/example_latest_only_with_trigger.py
[2023-10-18T21:28:54.222+0000] {processor.py:839} INFO - DAG(s) dict_keys(['latest_only_with_trigger']) retrieved from /home/airflow/.local/lib/python3.8/site-packages/airflow/example_dags/example_latest_only_with_trigger.py
[2023-10-18T21:28:54.249+0000] {logging_mixin.py:151} INFO - [2023-10-18T21:28:54.248+0000] {dag.py:2941} INFO - Sync 1 DAGs
[2023-10-18T21:28:54.272+0000] {logging_mixin.py:151} INFO - [2023-10-18T21:28:54.272+0000] {dag.py:3722} INFO - Setting next_dagrun for latest_only_with_trigger to 2023-10-18T17:28:54.272333+00:00, run_after=2023-10-18T21:28:54.272333+00:00
[2023-10-18T21:28:54.290+0000] {processor.py:179} INFO - Processing /home/airflow/.local/lib/python3.8/site-packages/airflow/example_dags/example_latest_only_with_trigger.py took 0.084 seconds
[2023-10-18T21:29:24.579+0000] {processor.py:157} INFO - Started process (PID=654) to work on /home/airflow/.local/lib/python3.8/site-packages/airflow/example_dags/example_latest_only_with_trigger.py
[2023-10-18T21:29:24.579+0000] {processor.py:829} INFO - Processing file /home/airflow/.local/lib/python3.8/site-packages/airflow/example_dags/example_latest_only_with_trigger.py for tasks to queue
[2023-10-18T21:29:24.582+0000] {logging_mixin.py:151} INFO - [2023-10-18T21:29:24.581+0000] {dagbag.py:536} INFO - Filling up the DagBag from /home/airflow/.local/lib/python3.8/site-packages/airflow/example_dags/example_latest_only_with_trigger.py
[2023-10-18T21:29:24.588+0000] {processor.py:839} INFO - DAG(s) dict_keys(['latest_only_with_trigger']) retrieved from /home/airflow/.local/lib/python3.8/site-packages/airflow/example_dags/example_latest_only_with_trigger.py
[2023-10-18T21:29:24.617+0000] {logging_mixin.py:151} INFO - [2023-10-18T21:29:24.616+0000] {dag.py:2941} INFO - Sync 1 DAGs
[2023-10-18T21:29:24.645+0000] {logging_mixin.py:151} INFO - [2023-10-18T21:29:24.645+0000] {dag.py:3722} INFO - Setting next_dagrun for latest_only_with_trigger to 2023-10-18T17:29:24.645211+00:00, run_after=2023-10-18T21:29:24.645211+00:00
[2023-10-18T21:29:24.666+0000] {processor.py:179} INFO - Processing /home/airflow/.local/lib/python3.8/site-packages/airflow/example_dags/example_latest_only_with_trigger.py took 0.093 seconds
[2023-10-18T21:29:55.011+0000] {processor.py:157} INFO - Started process (PID=707) to work on /home/airflow/.local/lib/python3.8/site-packages/airflow/example_dags/example_latest_only_with_trigger.py
[2023-10-18T21:29:55.013+0000] {processor.py:829} INFO - Processing file /home/airflow/.local/lib/python3.8/site-packages/airflow/example_dags/example_latest_only_with_trigger.py for tasks to queue
[2023-10-18T21:29:55.016+0000] {logging_mixin.py:151} INFO - [2023-10-18T21:29:55.016+0000] {dagbag.py:536} INFO - Filling up the DagBag from /home/airflow/.local/lib/python3.8/site-packages/airflow/example_dags/example_latest_only_with_trigger.py
[2023-10-18T21:29:55.022+0000] {processor.py:839} INFO - DAG(s) dict_keys(['latest_only_with_trigger']) retrieved from /home/airflow/.local/lib/python3.8/site-packages/airflow/example_dags/example_latest_only_with_trigger.py
[2023-10-18T21:29:55.049+0000] {logging_mixin.py:151} INFO - [2023-10-18T21:29:55.049+0000] {dag.py:2941} INFO - Sync 1 DAGs
[2023-10-18T21:29:55.079+0000] {logging_mixin.py:151} INFO - [2023-10-18T21:29:55.079+0000] {dag.py:3722} INFO - Setting next_dagrun for latest_only_with_trigger to 2023-10-18T17:29:55.079021+00:00, run_after=2023-10-18T21:29:55.079021+00:00
[2023-10-18T21:29:55.098+0000] {processor.py:179} INFO - Processing /home/airflow/.local/lib/python3.8/site-packages/airflow/example_dags/example_latest_only_with_trigger.py took 0.094 seconds
[2023-10-18T21:30:25.620+0000] {processor.py:157} INFO - Started process (PID=761) to work on /home/airflow/.local/lib/python3.8/site-packages/airflow/example_dags/example_latest_only_with_trigger.py
[2023-10-18T21:30:25.622+0000] {processor.py:829} INFO - Processing file /home/airflow/.local/lib/python3.8/site-packages/airflow/example_dags/example_latest_only_with_trigger.py for tasks to queue
[2023-10-18T21:30:25.624+0000] {logging_mixin.py:151} INFO - [2023-10-18T21:30:25.624+0000] {dagbag.py:536} INFO - Filling up the DagBag from /home/airflow/.local/lib/python3.8/site-packages/airflow/example_dags/example_latest_only_with_trigger.py
[2023-10-18T21:30:25.631+0000] {processor.py:839} INFO - DAG(s) dict_keys(['latest_only_with_trigger']) retrieved from /home/airflow/.local/lib/python3.8/site-packages/airflow/example_dags/example_latest_only_with_trigger.py
[2023-10-18T21:30:25.659+0000] {logging_mixin.py:151} INFO - [2023-10-18T21:30:25.659+0000] {dag.py:2941} INFO - Sync 1 DAGs
[2023-10-18T21:30:25.686+0000] {logging_mixin.py:151} INFO - [2023-10-18T21:30:25.686+0000] {dag.py:3722} INFO - Setting next_dagrun for latest_only_with_trigger to 2023-10-18T17:30:25.686194+00:00, run_after=2023-10-18T21:30:25.686194+00:00
[2023-10-18T21:30:25.707+0000] {processor.py:179} INFO - Processing /home/airflow/.local/lib/python3.8/site-packages/airflow/example_dags/example_latest_only_with_trigger.py took 0.090 seconds
[2023-10-18T21:30:56.643+0000] {processor.py:157} INFO - Started process (PID=815) to work on /home/airflow/.local/lib/python3.8/site-packages/airflow/example_dags/example_latest_only_with_trigger.py
[2023-10-18T21:30:56.645+0000] {processor.py:829} INFO - Processing file /home/airflow/.local/lib/python3.8/site-packages/airflow/example_dags/example_latest_only_with_trigger.py for tasks to queue
[2023-10-18T21:30:56.647+0000] {logging_mixin.py:151} INFO - [2023-10-18T21:30:56.647+0000] {dagbag.py:536} INFO - Filling up the DagBag from /home/airflow/.local/lib/python3.8/site-packages/airflow/example_dags/example_latest_only_with_trigger.py
[2023-10-18T21:30:56.655+0000] {processor.py:839} INFO - DAG(s) dict_keys(['latest_only_with_trigger']) retrieved from /home/airflow/.local/lib/python3.8/site-packages/airflow/example_dags/example_latest_only_with_trigger.py
[2023-10-18T21:30:56.684+0000] {logging_mixin.py:151} INFO - [2023-10-18T21:30:56.684+0000] {dag.py:2941} INFO - Sync 1 DAGs
[2023-10-18T21:30:56.713+0000] {logging_mixin.py:151} INFO - [2023-10-18T21:30:56.713+0000] {dag.py:3722} INFO - Setting next_dagrun for latest_only_with_trigger to 2023-10-18T17:30:56.713196+00:00, run_after=2023-10-18T21:30:56.713196+00:00
[2023-10-18T21:30:56.736+0000] {processor.py:179} INFO - Processing /home/airflow/.local/lib/python3.8/site-packages/airflow/example_dags/example_latest_only_with_trigger.py took 0.101 seconds
[2023-10-18T21:31:26.862+0000] {processor.py:157} INFO - Started process (PID=868) to work on /home/airflow/.local/lib/python3.8/site-packages/airflow/example_dags/example_latest_only_with_trigger.py
[2023-10-18T21:31:26.863+0000] {processor.py:829} INFO - Processing file /home/airflow/.local/lib/python3.8/site-packages/airflow/example_dags/example_latest_only_with_trigger.py for tasks to queue
[2023-10-18T21:31:26.866+0000] {logging_mixin.py:151} INFO - [2023-10-18T21:31:26.866+0000] {dagbag.py:536} INFO - Filling up the DagBag from /home/airflow/.local/lib/python3.8/site-packages/airflow/example_dags/example_latest_only_with_trigger.py
[2023-10-18T21:31:26.874+0000] {processor.py:839} INFO - DAG(s) dict_keys(['latest_only_with_trigger']) retrieved from /home/airflow/.local/lib/python3.8/site-packages/airflow/example_dags/example_latest_only_with_trigger.py
[2023-10-18T21:31:26.907+0000] {logging_mixin.py:151} INFO - [2023-10-18T21:31:26.907+0000] {dag.py:2941} INFO - Sync 1 DAGs
[2023-10-18T21:31:26.937+0000] {logging_mixin.py:151} INFO - [2023-10-18T21:31:26.936+0000] {dag.py:3722} INFO - Setting next_dagrun for latest_only_with_trigger to 2023-10-18T17:31:26.936652+00:00, run_after=2023-10-18T21:31:26.936652+00:00
[2023-10-18T21:31:26.967+0000] {processor.py:179} INFO - Processing /home/airflow/.local/lib/python3.8/site-packages/airflow/example_dags/example_latest_only_with_trigger.py took 0.110 seconds
