[2023-10-18T21:06:46.396+0000] {processor.py:157} INFO - Started process (PID=44) to work on /home/airflow/.local/lib/python3.8/site-packages/airflow/example_dags/example_branch_operator.py
[2023-10-18T21:06:46.397+0000] {processor.py:829} INFO - Processing file /home/airflow/.local/lib/python3.8/site-packages/airflow/example_dags/example_branch_operator.py for tasks to queue
[2023-10-18T21:06:46.400+0000] {logging_mixin.py:151} INFO - [2023-10-18T21:06:46.399+0000] {dagbag.py:536} INFO - Filling up the DagBag from /home/airflow/.local/lib/python3.8/site-packages/airflow/example_dags/example_branch_operator.py
[2023-10-18T21:06:46.415+0000] {processor.py:839} INFO - DAG(s) dict_keys(['example_branch_operator']) retrieved from /home/airflow/.local/lib/python3.8/site-packages/airflow/example_dags/example_branch_operator.py
[2023-10-18T21:06:46.427+0000] {logging_mixin.py:151} INFO - [2023-10-18T21:06:46.427+0000] {dag.py:2941} INFO - Sync 1 DAGs
[2023-10-18T21:06:46.453+0000] {logging_mixin.py:151} INFO - [2023-10-18T21:06:46.453+0000] {dag.py:3722} INFO - Setting next_dagrun for example_branch_operator to 2023-10-17T00:00:00+00:00, run_after=2023-10-18T00:00:00+00:00
[2023-10-18T21:06:46.482+0000] {processor.py:179} INFO - Processing /home/airflow/.local/lib/python3.8/site-packages/airflow/example_dags/example_branch_operator.py took 0.089 seconds
[2023-10-18T21:07:16.806+0000] {processor.py:157} INFO - Started process (PID=97) to work on /home/airflow/.local/lib/python3.8/site-packages/airflow/example_dags/example_branch_operator.py
[2023-10-18T21:07:16.807+0000] {processor.py:829} INFO - Processing file /home/airflow/.local/lib/python3.8/site-packages/airflow/example_dags/example_branch_operator.py for tasks to queue
[2023-10-18T21:07:16.810+0000] {logging_mixin.py:151} INFO - [2023-10-18T21:07:16.809+0000] {dagbag.py:536} INFO - Filling up the DagBag from /home/airflow/.local/lib/python3.8/site-packages/airflow/example_dags/example_branch_operator.py
[2023-10-18T21:07:16.821+0000] {processor.py:839} INFO - DAG(s) dict_keys(['example_branch_operator']) retrieved from /home/airflow/.local/lib/python3.8/site-packages/airflow/example_dags/example_branch_operator.py
[2023-10-18T21:07:16.846+0000] {logging_mixin.py:151} INFO - [2023-10-18T21:07:16.846+0000] {dag.py:2941} INFO - Sync 1 DAGs
[2023-10-18T21:07:16.875+0000] {logging_mixin.py:151} INFO - [2023-10-18T21:07:16.875+0000] {dag.py:3722} INFO - Setting next_dagrun for example_branch_operator to 2023-10-17T00:00:00+00:00, run_after=2023-10-18T00:00:00+00:00
[2023-10-18T21:07:16.896+0000] {processor.py:179} INFO - Processing /home/airflow/.local/lib/python3.8/site-packages/airflow/example_dags/example_branch_operator.py took 0.095 seconds
[2023-10-18T21:07:47.049+0000] {processor.py:157} INFO - Started process (PID=150) to work on /home/airflow/.local/lib/python3.8/site-packages/airflow/example_dags/example_branch_operator.py
[2023-10-18T21:07:47.050+0000] {processor.py:829} INFO - Processing file /home/airflow/.local/lib/python3.8/site-packages/airflow/example_dags/example_branch_operator.py for tasks to queue
[2023-10-18T21:07:47.052+0000] {logging_mixin.py:151} INFO - [2023-10-18T21:07:47.052+0000] {dagbag.py:536} INFO - Filling up the DagBag from /home/airflow/.local/lib/python3.8/site-packages/airflow/example_dags/example_branch_operator.py
[2023-10-18T21:07:47.063+0000] {processor.py:839} INFO - DAG(s) dict_keys(['example_branch_operator']) retrieved from /home/airflow/.local/lib/python3.8/site-packages/airflow/example_dags/example_branch_operator.py
[2023-10-18T21:07:47.093+0000] {logging_mixin.py:151} INFO - [2023-10-18T21:07:47.093+0000] {dag.py:2941} INFO - Sync 1 DAGs
[2023-10-18T21:07:47.122+0000] {logging_mixin.py:151} INFO - [2023-10-18T21:07:47.122+0000] {dag.py:3722} INFO - Setting next_dagrun for example_branch_operator to 2023-10-17T00:00:00+00:00, run_after=2023-10-18T00:00:00+00:00
[2023-10-18T21:07:47.140+0000] {processor.py:179} INFO - Processing /home/airflow/.local/lib/python3.8/site-packages/airflow/example_dags/example_branch_operator.py took 0.098 seconds
[2023-10-18T21:08:17.344+0000] {processor.py:157} INFO - Started process (PID=203) to work on /home/airflow/.local/lib/python3.8/site-packages/airflow/example_dags/example_branch_operator.py
[2023-10-18T21:08:17.345+0000] {processor.py:829} INFO - Processing file /home/airflow/.local/lib/python3.8/site-packages/airflow/example_dags/example_branch_operator.py for tasks to queue
[2023-10-18T21:08:17.348+0000] {logging_mixin.py:151} INFO - [2023-10-18T21:08:17.348+0000] {dagbag.py:536} INFO - Filling up the DagBag from /home/airflow/.local/lib/python3.8/site-packages/airflow/example_dags/example_branch_operator.py
[2023-10-18T21:08:17.359+0000] {processor.py:839} INFO - DAG(s) dict_keys(['example_branch_operator']) retrieved from /home/airflow/.local/lib/python3.8/site-packages/airflow/example_dags/example_branch_operator.py
[2023-10-18T21:08:17.385+0000] {logging_mixin.py:151} INFO - [2023-10-18T21:08:17.385+0000] {dag.py:2941} INFO - Sync 1 DAGs
[2023-10-18T21:08:17.421+0000] {logging_mixin.py:151} INFO - [2023-10-18T21:08:17.420+0000] {dag.py:3722} INFO - Setting next_dagrun for example_branch_operator to 2023-10-17T00:00:00+00:00, run_after=2023-10-18T00:00:00+00:00
[2023-10-18T21:08:17.438+0000] {processor.py:179} INFO - Processing /home/airflow/.local/lib/python3.8/site-packages/airflow/example_dags/example_branch_operator.py took 0.099 seconds
[2023-10-18T21:08:47.504+0000] {processor.py:157} INFO - Started process (PID=257) to work on /home/airflow/.local/lib/python3.8/site-packages/airflow/example_dags/example_branch_operator.py
[2023-10-18T21:08:47.506+0000] {processor.py:829} INFO - Processing file /home/airflow/.local/lib/python3.8/site-packages/airflow/example_dags/example_branch_operator.py for tasks to queue
[2023-10-18T21:08:47.508+0000] {logging_mixin.py:151} INFO - [2023-10-18T21:08:47.508+0000] {dagbag.py:536} INFO - Filling up the DagBag from /home/airflow/.local/lib/python3.8/site-packages/airflow/example_dags/example_branch_operator.py
[2023-10-18T21:08:47.519+0000] {processor.py:839} INFO - DAG(s) dict_keys(['example_branch_operator']) retrieved from /home/airflow/.local/lib/python3.8/site-packages/airflow/example_dags/example_branch_operator.py
[2023-10-18T21:08:47.552+0000] {logging_mixin.py:151} INFO - [2023-10-18T21:08:47.552+0000] {dag.py:2941} INFO - Sync 1 DAGs
[2023-10-18T21:08:47.581+0000] {logging_mixin.py:151} INFO - [2023-10-18T21:08:47.581+0000] {dag.py:3722} INFO - Setting next_dagrun for example_branch_operator to 2023-10-17T00:00:00+00:00, run_after=2023-10-18T00:00:00+00:00
[2023-10-18T21:08:47.601+0000] {processor.py:179} INFO - Processing /home/airflow/.local/lib/python3.8/site-packages/airflow/example_dags/example_branch_operator.py took 0.102 seconds
[2023-10-18T21:09:17.707+0000] {processor.py:157} INFO - Started process (PID=310) to work on /home/airflow/.local/lib/python3.8/site-packages/airflow/example_dags/example_branch_operator.py
[2023-10-18T21:09:17.709+0000] {processor.py:829} INFO - Processing file /home/airflow/.local/lib/python3.8/site-packages/airflow/example_dags/example_branch_operator.py for tasks to queue
[2023-10-18T21:09:17.712+0000] {logging_mixin.py:151} INFO - [2023-10-18T21:09:17.712+0000] {dagbag.py:536} INFO - Filling up the DagBag from /home/airflow/.local/lib/python3.8/site-packages/airflow/example_dags/example_branch_operator.py
[2023-10-18T21:09:17.726+0000] {processor.py:839} INFO - DAG(s) dict_keys(['example_branch_operator']) retrieved from /home/airflow/.local/lib/python3.8/site-packages/airflow/example_dags/example_branch_operator.py
[2023-10-18T21:09:17.766+0000] {logging_mixin.py:151} INFO - [2023-10-18T21:09:17.766+0000] {dag.py:2941} INFO - Sync 1 DAGs
[2023-10-18T21:09:17.797+0000] {logging_mixin.py:151} INFO - [2023-10-18T21:09:17.797+0000] {dag.py:3722} INFO - Setting next_dagrun for example_branch_operator to 2023-10-17T00:00:00+00:00, run_after=2023-10-18T00:00:00+00:00
[2023-10-18T21:09:17.822+0000] {processor.py:179} INFO - Processing /home/airflow/.local/lib/python3.8/site-packages/airflow/example_dags/example_branch_operator.py took 0.121 seconds
[2023-10-18T21:09:48.069+0000] {processor.py:157} INFO - Started process (PID=363) to work on /home/airflow/.local/lib/python3.8/site-packages/airflow/example_dags/example_branch_operator.py
[2023-10-18T21:09:48.071+0000] {processor.py:829} INFO - Processing file /home/airflow/.local/lib/python3.8/site-packages/airflow/example_dags/example_branch_operator.py for tasks to queue
[2023-10-18T21:09:48.073+0000] {logging_mixin.py:151} INFO - [2023-10-18T21:09:48.073+0000] {dagbag.py:536} INFO - Filling up the DagBag from /home/airflow/.local/lib/python3.8/site-packages/airflow/example_dags/example_branch_operator.py
[2023-10-18T21:09:48.085+0000] {processor.py:839} INFO - DAG(s) dict_keys(['example_branch_operator']) retrieved from /home/airflow/.local/lib/python3.8/site-packages/airflow/example_dags/example_branch_operator.py
[2023-10-18T21:09:48.114+0000] {logging_mixin.py:151} INFO - [2023-10-18T21:09:48.114+0000] {dag.py:2941} INFO - Sync 1 DAGs
[2023-10-18T21:09:48.143+0000] {logging_mixin.py:151} INFO - [2023-10-18T21:09:48.143+0000] {dag.py:3722} INFO - Setting next_dagrun for example_branch_operator to 2023-10-17T00:00:00+00:00, run_after=2023-10-18T00:00:00+00:00
[2023-10-18T21:09:48.163+0000] {processor.py:179} INFO - Processing /home/airflow/.local/lib/python3.8/site-packages/airflow/example_dags/example_branch_operator.py took 0.099 seconds
[2023-10-18T21:10:18.338+0000] {processor.py:157} INFO - Started process (PID=416) to work on /home/airflow/.local/lib/python3.8/site-packages/airflow/example_dags/example_branch_operator.py
[2023-10-18T21:10:18.340+0000] {processor.py:829} INFO - Processing file /home/airflow/.local/lib/python3.8/site-packages/airflow/example_dags/example_branch_operator.py for tasks to queue
[2023-10-18T21:10:18.342+0000] {logging_mixin.py:151} INFO - [2023-10-18T21:10:18.342+0000] {dagbag.py:536} INFO - Filling up the DagBag from /home/airflow/.local/lib/python3.8/site-packages/airflow/example_dags/example_branch_operator.py
[2023-10-18T21:10:18.354+0000] {processor.py:839} INFO - DAG(s) dict_keys(['example_branch_operator']) retrieved from /home/airflow/.local/lib/python3.8/site-packages/airflow/example_dags/example_branch_operator.py
[2023-10-18T21:10:18.387+0000] {logging_mixin.py:151} INFO - [2023-10-18T21:10:18.387+0000] {dag.py:2941} INFO - Sync 1 DAGs
[2023-10-18T21:10:18.417+0000] {logging_mixin.py:151} INFO - [2023-10-18T21:10:18.417+0000] {dag.py:3722} INFO - Setting next_dagrun for example_branch_operator to 2023-10-17T00:00:00+00:00, run_after=2023-10-18T00:00:00+00:00
[2023-10-18T21:10:18.440+0000] {processor.py:179} INFO - Processing /home/airflow/.local/lib/python3.8/site-packages/airflow/example_dags/example_branch_operator.py took 0.106 seconds
[2023-10-18T21:10:48.476+0000] {processor.py:157} INFO - Started process (PID=469) to work on /home/airflow/.local/lib/python3.8/site-packages/airflow/example_dags/example_branch_operator.py
[2023-10-18T21:10:48.478+0000] {processor.py:829} INFO - Processing file /home/airflow/.local/lib/python3.8/site-packages/airflow/example_dags/example_branch_operator.py for tasks to queue
[2023-10-18T21:10:48.481+0000] {logging_mixin.py:151} INFO - [2023-10-18T21:10:48.480+0000] {dagbag.py:536} INFO - Filling up the DagBag from /home/airflow/.local/lib/python3.8/site-packages/airflow/example_dags/example_branch_operator.py
[2023-10-18T21:10:48.492+0000] {processor.py:839} INFO - DAG(s) dict_keys(['example_branch_operator']) retrieved from /home/airflow/.local/lib/python3.8/site-packages/airflow/example_dags/example_branch_operator.py
[2023-10-18T21:10:48.530+0000] {logging_mixin.py:151} INFO - [2023-10-18T21:10:48.529+0000] {dag.py:2941} INFO - Sync 1 DAGs
[2023-10-18T21:10:48.556+0000] {logging_mixin.py:151} INFO - [2023-10-18T21:10:48.556+0000] {dag.py:3722} INFO - Setting next_dagrun for example_branch_operator to 2023-10-17T00:00:00+00:00, run_after=2023-10-18T00:00:00+00:00
[2023-10-18T21:10:48.574+0000] {processor.py:179} INFO - Processing /home/airflow/.local/lib/python3.8/site-packages/airflow/example_dags/example_branch_operator.py took 0.102 seconds
[2023-10-18T21:11:19.125+0000] {processor.py:157} INFO - Started process (PID=522) to work on /home/airflow/.local/lib/python3.8/site-packages/airflow/example_dags/example_branch_operator.py
[2023-10-18T21:11:19.126+0000] {processor.py:829} INFO - Processing file /home/airflow/.local/lib/python3.8/site-packages/airflow/example_dags/example_branch_operator.py for tasks to queue
[2023-10-18T21:11:19.129+0000] {logging_mixin.py:151} INFO - [2023-10-18T21:11:19.129+0000] {dagbag.py:536} INFO - Filling up the DagBag from /home/airflow/.local/lib/python3.8/site-packages/airflow/example_dags/example_branch_operator.py
[2023-10-18T21:11:19.140+0000] {processor.py:839} INFO - DAG(s) dict_keys(['example_branch_operator']) retrieved from /home/airflow/.local/lib/python3.8/site-packages/airflow/example_dags/example_branch_operator.py
[2023-10-18T21:11:19.180+0000] {logging_mixin.py:151} INFO - [2023-10-18T21:11:19.180+0000] {dag.py:2941} INFO - Sync 1 DAGs
[2023-10-18T21:11:19.211+0000] {logging_mixin.py:151} INFO - [2023-10-18T21:11:19.210+0000] {dag.py:3722} INFO - Setting next_dagrun for example_branch_operator to 2023-10-17T00:00:00+00:00, run_after=2023-10-18T00:00:00+00:00
[2023-10-18T21:11:19.231+0000] {processor.py:179} INFO - Processing /home/airflow/.local/lib/python3.8/site-packages/airflow/example_dags/example_branch_operator.py took 0.112 seconds
[2023-10-18T21:11:49.452+0000] {processor.py:157} INFO - Started process (PID=575) to work on /home/airflow/.local/lib/python3.8/site-packages/airflow/example_dags/example_branch_operator.py
[2023-10-18T21:11:49.453+0000] {processor.py:829} INFO - Processing file /home/airflow/.local/lib/python3.8/site-packages/airflow/example_dags/example_branch_operator.py for tasks to queue
[2023-10-18T21:11:49.456+0000] {logging_mixin.py:151} INFO - [2023-10-18T21:11:49.456+0000] {dagbag.py:536} INFO - Filling up the DagBag from /home/airflow/.local/lib/python3.8/site-packages/airflow/example_dags/example_branch_operator.py
[2023-10-18T21:11:49.468+0000] {processor.py:839} INFO - DAG(s) dict_keys(['example_branch_operator']) retrieved from /home/airflow/.local/lib/python3.8/site-packages/airflow/example_dags/example_branch_operator.py
[2023-10-18T21:11:49.496+0000] {logging_mixin.py:151} INFO - [2023-10-18T21:11:49.496+0000] {dag.py:2941} INFO - Sync 1 DAGs
[2023-10-18T21:11:49.525+0000] {logging_mixin.py:151} INFO - [2023-10-18T21:11:49.525+0000] {dag.py:3722} INFO - Setting next_dagrun for example_branch_operator to 2023-10-17T00:00:00+00:00, run_after=2023-10-18T00:00:00+00:00
[2023-10-18T21:11:49.545+0000] {processor.py:179} INFO - Processing /home/airflow/.local/lib/python3.8/site-packages/airflow/example_dags/example_branch_operator.py took 0.098 seconds
[2023-10-18T21:12:19.808+0000] {processor.py:157} INFO - Started process (PID=629) to work on /home/airflow/.local/lib/python3.8/site-packages/airflow/example_dags/example_branch_operator.py
[2023-10-18T21:12:19.810+0000] {processor.py:829} INFO - Processing file /home/airflow/.local/lib/python3.8/site-packages/airflow/example_dags/example_branch_operator.py for tasks to queue
[2023-10-18T21:12:19.813+0000] {logging_mixin.py:151} INFO - [2023-10-18T21:12:19.812+0000] {dagbag.py:536} INFO - Filling up the DagBag from /home/airflow/.local/lib/python3.8/site-packages/airflow/example_dags/example_branch_operator.py
[2023-10-18T21:12:19.824+0000] {processor.py:839} INFO - DAG(s) dict_keys(['example_branch_operator']) retrieved from /home/airflow/.local/lib/python3.8/site-packages/airflow/example_dags/example_branch_operator.py
[2023-10-18T21:12:19.852+0000] {logging_mixin.py:151} INFO - [2023-10-18T21:12:19.852+0000] {dag.py:2941} INFO - Sync 1 DAGs
[2023-10-18T21:12:19.881+0000] {logging_mixin.py:151} INFO - [2023-10-18T21:12:19.880+0000] {dag.py:3722} INFO - Setting next_dagrun for example_branch_operator to 2023-10-17T00:00:00+00:00, run_after=2023-10-18T00:00:00+00:00
[2023-10-18T21:12:19.909+0000] {processor.py:179} INFO - Processing /home/airflow/.local/lib/python3.8/site-packages/airflow/example_dags/example_branch_operator.py took 0.108 seconds
[2023-10-18T21:12:50.372+0000] {processor.py:157} INFO - Started process (PID=682) to work on /home/airflow/.local/lib/python3.8/site-packages/airflow/example_dags/example_branch_operator.py
[2023-10-18T21:12:50.374+0000] {processor.py:829} INFO - Processing file /home/airflow/.local/lib/python3.8/site-packages/airflow/example_dags/example_branch_operator.py for tasks to queue
[2023-10-18T21:12:50.377+0000] {logging_mixin.py:151} INFO - [2023-10-18T21:12:50.377+0000] {dagbag.py:536} INFO - Filling up the DagBag from /home/airflow/.local/lib/python3.8/site-packages/airflow/example_dags/example_branch_operator.py
[2023-10-18T21:12:50.389+0000] {processor.py:839} INFO - DAG(s) dict_keys(['example_branch_operator']) retrieved from /home/airflow/.local/lib/python3.8/site-packages/airflow/example_dags/example_branch_operator.py
[2023-10-18T21:12:50.416+0000] {logging_mixin.py:151} INFO - [2023-10-18T21:12:50.416+0000] {dag.py:2941} INFO - Sync 1 DAGs
[2023-10-18T21:12:50.443+0000] {logging_mixin.py:151} INFO - [2023-10-18T21:12:50.443+0000] {dag.py:3722} INFO - Setting next_dagrun for example_branch_operator to 2023-10-17T00:00:00+00:00, run_after=2023-10-18T00:00:00+00:00
[2023-10-18T21:12:50.460+0000] {processor.py:179} INFO - Processing /home/airflow/.local/lib/python3.8/site-packages/airflow/example_dags/example_branch_operator.py took 0.093 seconds
[2023-10-18T21:15:08.675+0000] {processor.py:157} INFO - Started process (PID=43) to work on /home/airflow/.local/lib/python3.8/site-packages/airflow/example_dags/example_branch_operator.py
[2023-10-18T21:15:08.685+0000] {processor.py:829} INFO - Processing file /home/airflow/.local/lib/python3.8/site-packages/airflow/example_dags/example_branch_operator.py for tasks to queue
[2023-10-18T21:15:08.689+0000] {logging_mixin.py:151} INFO - [2023-10-18T21:15:08.688+0000] {dagbag.py:536} INFO - Filling up the DagBag from /home/airflow/.local/lib/python3.8/site-packages/airflow/example_dags/example_branch_operator.py
[2023-10-18T21:15:08.702+0000] {processor.py:839} INFO - DAG(s) dict_keys(['example_branch_operator']) retrieved from /home/airflow/.local/lib/python3.8/site-packages/airflow/example_dags/example_branch_operator.py
[2023-10-18T21:15:08.728+0000] {logging_mixin.py:151} INFO - [2023-10-18T21:15:08.727+0000] {dag.py:2941} INFO - Sync 1 DAGs
[2023-10-18T21:15:08.754+0000] {logging_mixin.py:151} INFO - [2023-10-18T21:15:08.754+0000] {dag.py:3722} INFO - Setting next_dagrun for example_branch_operator to 2023-10-17T00:00:00+00:00, run_after=2023-10-18T00:00:00+00:00
[2023-10-18T21:15:08.771+0000] {processor.py:179} INFO - Processing /home/airflow/.local/lib/python3.8/site-packages/airflow/example_dags/example_branch_operator.py took 0.100 seconds
[2023-10-18T21:15:39.192+0000] {processor.py:157} INFO - Started process (PID=95) to work on /home/airflow/.local/lib/python3.8/site-packages/airflow/example_dags/example_branch_operator.py
[2023-10-18T21:15:39.193+0000] {processor.py:829} INFO - Processing file /home/airflow/.local/lib/python3.8/site-packages/airflow/example_dags/example_branch_operator.py for tasks to queue
[2023-10-18T21:15:39.196+0000] {logging_mixin.py:151} INFO - [2023-10-18T21:15:39.195+0000] {dagbag.py:536} INFO - Filling up the DagBag from /home/airflow/.local/lib/python3.8/site-packages/airflow/example_dags/example_branch_operator.py
[2023-10-18T21:15:39.206+0000] {processor.py:839} INFO - DAG(s) dict_keys(['example_branch_operator']) retrieved from /home/airflow/.local/lib/python3.8/site-packages/airflow/example_dags/example_branch_operator.py
[2023-10-18T21:15:39.234+0000] {logging_mixin.py:151} INFO - [2023-10-18T21:15:39.234+0000] {dag.py:2941} INFO - Sync 1 DAGs
[2023-10-18T21:15:39.264+0000] {logging_mixin.py:151} INFO - [2023-10-18T21:15:39.264+0000] {dag.py:3722} INFO - Setting next_dagrun for example_branch_operator to 2023-10-17T00:00:00+00:00, run_after=2023-10-18T00:00:00+00:00
[2023-10-18T21:15:39.294+0000] {processor.py:179} INFO - Processing /home/airflow/.local/lib/python3.8/site-packages/airflow/example_dags/example_branch_operator.py took 0.108 seconds
[2023-10-18T21:16:09.402+0000] {processor.py:157} INFO - Started process (PID=149) to work on /home/airflow/.local/lib/python3.8/site-packages/airflow/example_dags/example_branch_operator.py
[2023-10-18T21:16:09.403+0000] {processor.py:829} INFO - Processing file /home/airflow/.local/lib/python3.8/site-packages/airflow/example_dags/example_branch_operator.py for tasks to queue
[2023-10-18T21:16:09.406+0000] {logging_mixin.py:151} INFO - [2023-10-18T21:16:09.405+0000] {dagbag.py:536} INFO - Filling up the DagBag from /home/airflow/.local/lib/python3.8/site-packages/airflow/example_dags/example_branch_operator.py
[2023-10-18T21:16:09.416+0000] {processor.py:839} INFO - DAG(s) dict_keys(['example_branch_operator']) retrieved from /home/airflow/.local/lib/python3.8/site-packages/airflow/example_dags/example_branch_operator.py
[2023-10-18T21:16:09.446+0000] {logging_mixin.py:151} INFO - [2023-10-18T21:16:09.446+0000] {dag.py:2941} INFO - Sync 1 DAGs
[2023-10-18T21:16:09.470+0000] {logging_mixin.py:151} INFO - [2023-10-18T21:16:09.470+0000] {dag.py:3722} INFO - Setting next_dagrun for example_branch_operator to 2023-10-17T00:00:00+00:00, run_after=2023-10-18T00:00:00+00:00
[2023-10-18T21:16:09.486+0000] {processor.py:179} INFO - Processing /home/airflow/.local/lib/python3.8/site-packages/airflow/example_dags/example_branch_operator.py took 0.092 seconds
[2023-10-18T21:16:39.790+0000] {processor.py:157} INFO - Started process (PID=202) to work on /home/airflow/.local/lib/python3.8/site-packages/airflow/example_dags/example_branch_operator.py
[2023-10-18T21:16:39.791+0000] {processor.py:829} INFO - Processing file /home/airflow/.local/lib/python3.8/site-packages/airflow/example_dags/example_branch_operator.py for tasks to queue
[2023-10-18T21:16:39.794+0000] {logging_mixin.py:151} INFO - [2023-10-18T21:16:39.794+0000] {dagbag.py:536} INFO - Filling up the DagBag from /home/airflow/.local/lib/python3.8/site-packages/airflow/example_dags/example_branch_operator.py
[2023-10-18T21:16:39.805+0000] {processor.py:839} INFO - DAG(s) dict_keys(['example_branch_operator']) retrieved from /home/airflow/.local/lib/python3.8/site-packages/airflow/example_dags/example_branch_operator.py
[2023-10-18T21:16:39.832+0000] {logging_mixin.py:151} INFO - [2023-10-18T21:16:39.831+0000] {dag.py:2941} INFO - Sync 1 DAGs
[2023-10-18T21:16:39.862+0000] {logging_mixin.py:151} INFO - [2023-10-18T21:16:39.861+0000] {dag.py:3722} INFO - Setting next_dagrun for example_branch_operator to 2023-10-17T00:00:00+00:00, run_after=2023-10-18T00:00:00+00:00
[2023-10-18T21:16:39.882+0000] {processor.py:179} INFO - Processing /home/airflow/.local/lib/python3.8/site-packages/airflow/example_dags/example_branch_operator.py took 0.097 seconds
[2023-10-18T21:17:10.091+0000] {processor.py:157} INFO - Started process (PID=256) to work on /home/airflow/.local/lib/python3.8/site-packages/airflow/example_dags/example_branch_operator.py
[2023-10-18T21:17:10.093+0000] {processor.py:829} INFO - Processing file /home/airflow/.local/lib/python3.8/site-packages/airflow/example_dags/example_branch_operator.py for tasks to queue
[2023-10-18T21:17:10.095+0000] {logging_mixin.py:151} INFO - [2023-10-18T21:17:10.095+0000] {dagbag.py:536} INFO - Filling up the DagBag from /home/airflow/.local/lib/python3.8/site-packages/airflow/example_dags/example_branch_operator.py
[2023-10-18T21:17:10.107+0000] {processor.py:839} INFO - DAG(s) dict_keys(['example_branch_operator']) retrieved from /home/airflow/.local/lib/python3.8/site-packages/airflow/example_dags/example_branch_operator.py
[2023-10-18T21:17:10.135+0000] {logging_mixin.py:151} INFO - [2023-10-18T21:17:10.135+0000] {dag.py:2941} INFO - Sync 1 DAGs
[2023-10-18T21:17:10.164+0000] {logging_mixin.py:151} INFO - [2023-10-18T21:17:10.164+0000] {dag.py:3722} INFO - Setting next_dagrun for example_branch_operator to 2023-10-17T00:00:00+00:00, run_after=2023-10-18T00:00:00+00:00
[2023-10-18T21:17:10.184+0000] {processor.py:179} INFO - Processing /home/airflow/.local/lib/python3.8/site-packages/airflow/example_dags/example_branch_operator.py took 0.099 seconds
[2023-10-18T21:17:40.222+0000] {processor.py:157} INFO - Started process (PID=309) to work on /home/airflow/.local/lib/python3.8/site-packages/airflow/example_dags/example_branch_operator.py
[2023-10-18T21:17:40.224+0000] {processor.py:829} INFO - Processing file /home/airflow/.local/lib/python3.8/site-packages/airflow/example_dags/example_branch_operator.py for tasks to queue
[2023-10-18T21:17:40.226+0000] {logging_mixin.py:151} INFO - [2023-10-18T21:17:40.226+0000] {dagbag.py:536} INFO - Filling up the DagBag from /home/airflow/.local/lib/python3.8/site-packages/airflow/example_dags/example_branch_operator.py
[2023-10-18T21:17:40.237+0000] {processor.py:839} INFO - DAG(s) dict_keys(['example_branch_operator']) retrieved from /home/airflow/.local/lib/python3.8/site-packages/airflow/example_dags/example_branch_operator.py
[2023-10-18T21:17:40.251+0000] {logging_mixin.py:151} INFO - [2023-10-18T21:17:40.251+0000] {dag.py:2941} INFO - Sync 1 DAGs
[2023-10-18T21:17:40.281+0000] {logging_mixin.py:151} INFO - [2023-10-18T21:17:40.281+0000] {dag.py:3722} INFO - Setting next_dagrun for example_branch_operator to 2023-10-17T00:00:00+00:00, run_after=2023-10-18T00:00:00+00:00
[2023-10-18T21:17:40.298+0000] {processor.py:179} INFO - Processing /home/airflow/.local/lib/python3.8/site-packages/airflow/example_dags/example_branch_operator.py took 0.081 seconds
[2023-10-18T21:18:10.975+0000] {processor.py:157} INFO - Started process (PID=362) to work on /home/airflow/.local/lib/python3.8/site-packages/airflow/example_dags/example_branch_operator.py
[2023-10-18T21:18:10.977+0000] {processor.py:829} INFO - Processing file /home/airflow/.local/lib/python3.8/site-packages/airflow/example_dags/example_branch_operator.py for tasks to queue
[2023-10-18T21:18:10.980+0000] {logging_mixin.py:151} INFO - [2023-10-18T21:18:10.979+0000] {dagbag.py:536} INFO - Filling up the DagBag from /home/airflow/.local/lib/python3.8/site-packages/airflow/example_dags/example_branch_operator.py
[2023-10-18T21:18:10.992+0000] {processor.py:839} INFO - DAG(s) dict_keys(['example_branch_operator']) retrieved from /home/airflow/.local/lib/python3.8/site-packages/airflow/example_dags/example_branch_operator.py
[2023-10-18T21:18:11.027+0000] {logging_mixin.py:151} INFO - [2023-10-18T21:18:11.026+0000] {dag.py:2941} INFO - Sync 1 DAGs
[2023-10-18T21:18:11.053+0000] {logging_mixin.py:151} INFO - [2023-10-18T21:18:11.052+0000] {dag.py:3722} INFO - Setting next_dagrun for example_branch_operator to 2023-10-17T00:00:00+00:00, run_after=2023-10-18T00:00:00+00:00
[2023-10-18T21:18:11.076+0000] {processor.py:179} INFO - Processing /home/airflow/.local/lib/python3.8/site-packages/airflow/example_dags/example_branch_operator.py took 0.108 seconds
[2023-10-18T21:18:41.132+0000] {processor.py:157} INFO - Started process (PID=415) to work on /home/airflow/.local/lib/python3.8/site-packages/airflow/example_dags/example_branch_operator.py
[2023-10-18T21:18:41.136+0000] {processor.py:829} INFO - Processing file /home/airflow/.local/lib/python3.8/site-packages/airflow/example_dags/example_branch_operator.py for tasks to queue
[2023-10-18T21:18:41.139+0000] {logging_mixin.py:151} INFO - [2023-10-18T21:18:41.139+0000] {dagbag.py:536} INFO - Filling up the DagBag from /home/airflow/.local/lib/python3.8/site-packages/airflow/example_dags/example_branch_operator.py
[2023-10-18T21:18:41.149+0000] {processor.py:839} INFO - DAG(s) dict_keys(['example_branch_operator']) retrieved from /home/airflow/.local/lib/python3.8/site-packages/airflow/example_dags/example_branch_operator.py
[2023-10-18T21:18:41.173+0000] {logging_mixin.py:151} INFO - [2023-10-18T21:18:41.173+0000] {dag.py:2941} INFO - Sync 1 DAGs
[2023-10-18T21:18:41.201+0000] {logging_mixin.py:151} INFO - [2023-10-18T21:18:41.201+0000] {dag.py:3722} INFO - Setting next_dagrun for example_branch_operator to 2023-10-17T00:00:00+00:00, run_after=2023-10-18T00:00:00+00:00
[2023-10-18T21:18:41.219+0000] {processor.py:179} INFO - Processing /home/airflow/.local/lib/python3.8/site-packages/airflow/example_dags/example_branch_operator.py took 0.092 seconds
[2023-10-18T21:19:11.588+0000] {processor.py:157} INFO - Started process (PID=468) to work on /home/airflow/.local/lib/python3.8/site-packages/airflow/example_dags/example_branch_operator.py
[2023-10-18T21:19:11.589+0000] {processor.py:829} INFO - Processing file /home/airflow/.local/lib/python3.8/site-packages/airflow/example_dags/example_branch_operator.py for tasks to queue
[2023-10-18T21:19:11.592+0000] {logging_mixin.py:151} INFO - [2023-10-18T21:19:11.591+0000] {dagbag.py:536} INFO - Filling up the DagBag from /home/airflow/.local/lib/python3.8/site-packages/airflow/example_dags/example_branch_operator.py
[2023-10-18T21:19:11.603+0000] {processor.py:839} INFO - DAG(s) dict_keys(['example_branch_operator']) retrieved from /home/airflow/.local/lib/python3.8/site-packages/airflow/example_dags/example_branch_operator.py
[2023-10-18T21:19:11.631+0000] {logging_mixin.py:151} INFO - [2023-10-18T21:19:11.631+0000] {dag.py:2941} INFO - Sync 1 DAGs
[2023-10-18T21:19:11.667+0000] {logging_mixin.py:151} INFO - [2023-10-18T21:19:11.667+0000] {dag.py:3722} INFO - Setting next_dagrun for example_branch_operator to 2023-10-17T00:00:00+00:00, run_after=2023-10-18T00:00:00+00:00
[2023-10-18T21:19:11.685+0000] {processor.py:179} INFO - Processing /home/airflow/.local/lib/python3.8/site-packages/airflow/example_dags/example_branch_operator.py took 0.102 seconds
[2023-10-18T21:19:41.994+0000] {processor.py:157} INFO - Started process (PID=521) to work on /home/airflow/.local/lib/python3.8/site-packages/airflow/example_dags/example_branch_operator.py
[2023-10-18T21:19:41.996+0000] {processor.py:829} INFO - Processing file /home/airflow/.local/lib/python3.8/site-packages/airflow/example_dags/example_branch_operator.py for tasks to queue
[2023-10-18T21:19:41.998+0000] {logging_mixin.py:151} INFO - [2023-10-18T21:19:41.998+0000] {dagbag.py:536} INFO - Filling up the DagBag from /home/airflow/.local/lib/python3.8/site-packages/airflow/example_dags/example_branch_operator.py
[2023-10-18T21:19:42.010+0000] {processor.py:839} INFO - DAG(s) dict_keys(['example_branch_operator']) retrieved from /home/airflow/.local/lib/python3.8/site-packages/airflow/example_dags/example_branch_operator.py
[2023-10-18T21:19:42.039+0000] {logging_mixin.py:151} INFO - [2023-10-18T21:19:42.039+0000] {dag.py:2941} INFO - Sync 1 DAGs
[2023-10-18T21:19:42.065+0000] {logging_mixin.py:151} INFO - [2023-10-18T21:19:42.064+0000] {dag.py:3722} INFO - Setting next_dagrun for example_branch_operator to 2023-10-17T00:00:00+00:00, run_after=2023-10-18T00:00:00+00:00
[2023-10-18T21:19:42.082+0000] {processor.py:179} INFO - Processing /home/airflow/.local/lib/python3.8/site-packages/airflow/example_dags/example_branch_operator.py took 0.094 seconds
[2023-10-18T21:20:12.394+0000] {processor.py:157} INFO - Started process (PID=574) to work on /home/airflow/.local/lib/python3.8/site-packages/airflow/example_dags/example_branch_operator.py
[2023-10-18T21:20:12.395+0000] {processor.py:829} INFO - Processing file /home/airflow/.local/lib/python3.8/site-packages/airflow/example_dags/example_branch_operator.py for tasks to queue
[2023-10-18T21:20:12.398+0000] {logging_mixin.py:151} INFO - [2023-10-18T21:20:12.398+0000] {dagbag.py:536} INFO - Filling up the DagBag from /home/airflow/.local/lib/python3.8/site-packages/airflow/example_dags/example_branch_operator.py
[2023-10-18T21:20:12.409+0000] {processor.py:839} INFO - DAG(s) dict_keys(['example_branch_operator']) retrieved from /home/airflow/.local/lib/python3.8/site-packages/airflow/example_dags/example_branch_operator.py
[2023-10-18T21:20:12.440+0000] {logging_mixin.py:151} INFO - [2023-10-18T21:20:12.439+0000] {dag.py:2941} INFO - Sync 1 DAGs
[2023-10-18T21:20:12.470+0000] {logging_mixin.py:151} INFO - [2023-10-18T21:20:12.470+0000] {dag.py:3722} INFO - Setting next_dagrun for example_branch_operator to 2023-10-17T00:00:00+00:00, run_after=2023-10-18T00:00:00+00:00
[2023-10-18T21:20:12.487+0000] {processor.py:179} INFO - Processing /home/airflow/.local/lib/python3.8/site-packages/airflow/example_dags/example_branch_operator.py took 0.101 seconds
[2023-10-18T21:20:42.539+0000] {processor.py:157} INFO - Started process (PID=627) to work on /home/airflow/.local/lib/python3.8/site-packages/airflow/example_dags/example_branch_operator.py
[2023-10-18T21:20:42.540+0000] {processor.py:829} INFO - Processing file /home/airflow/.local/lib/python3.8/site-packages/airflow/example_dags/example_branch_operator.py for tasks to queue
[2023-10-18T21:20:42.542+0000] {logging_mixin.py:151} INFO - [2023-10-18T21:20:42.542+0000] {dagbag.py:536} INFO - Filling up the DagBag from /home/airflow/.local/lib/python3.8/site-packages/airflow/example_dags/example_branch_operator.py
[2023-10-18T21:20:42.553+0000] {processor.py:839} INFO - DAG(s) dict_keys(['example_branch_operator']) retrieved from /home/airflow/.local/lib/python3.8/site-packages/airflow/example_dags/example_branch_operator.py
[2023-10-18T21:20:42.583+0000] {logging_mixin.py:151} INFO - [2023-10-18T21:20:42.582+0000] {dag.py:2941} INFO - Sync 1 DAGs
[2023-10-18T21:20:42.611+0000] {logging_mixin.py:151} INFO - [2023-10-18T21:20:42.611+0000] {dag.py:3722} INFO - Setting next_dagrun for example_branch_operator to 2023-10-17T00:00:00+00:00, run_after=2023-10-18T00:00:00+00:00
[2023-10-18T21:20:42.631+0000] {processor.py:179} INFO - Processing /home/airflow/.local/lib/python3.8/site-packages/airflow/example_dags/example_branch_operator.py took 0.097 seconds
[2023-10-18T21:21:12.759+0000] {processor.py:157} INFO - Started process (PID=680) to work on /home/airflow/.local/lib/python3.8/site-packages/airflow/example_dags/example_branch_operator.py
[2023-10-18T21:21:12.761+0000] {processor.py:829} INFO - Processing file /home/airflow/.local/lib/python3.8/site-packages/airflow/example_dags/example_branch_operator.py for tasks to queue
[2023-10-18T21:21:12.764+0000] {logging_mixin.py:151} INFO - [2023-10-18T21:21:12.763+0000] {dagbag.py:536} INFO - Filling up the DagBag from /home/airflow/.local/lib/python3.8/site-packages/airflow/example_dags/example_branch_operator.py
[2023-10-18T21:21:12.774+0000] {processor.py:839} INFO - DAG(s) dict_keys(['example_branch_operator']) retrieved from /home/airflow/.local/lib/python3.8/site-packages/airflow/example_dags/example_branch_operator.py
[2023-10-18T21:21:12.803+0000] {logging_mixin.py:151} INFO - [2023-10-18T21:21:12.803+0000] {dag.py:2941} INFO - Sync 1 DAGs
[2023-10-18T21:21:12.831+0000] {logging_mixin.py:151} INFO - [2023-10-18T21:21:12.830+0000] {dag.py:3722} INFO - Setting next_dagrun for example_branch_operator to 2023-10-17T00:00:00+00:00, run_after=2023-10-18T00:00:00+00:00
[2023-10-18T21:21:12.849+0000] {processor.py:179} INFO - Processing /home/airflow/.local/lib/python3.8/site-packages/airflow/example_dags/example_branch_operator.py took 0.094 seconds
[2023-10-18T21:21:43.449+0000] {processor.py:157} INFO - Started process (PID=734) to work on /home/airflow/.local/lib/python3.8/site-packages/airflow/example_dags/example_branch_operator.py
[2023-10-18T21:21:43.450+0000] {processor.py:829} INFO - Processing file /home/airflow/.local/lib/python3.8/site-packages/airflow/example_dags/example_branch_operator.py for tasks to queue
[2023-10-18T21:21:43.453+0000] {logging_mixin.py:151} INFO - [2023-10-18T21:21:43.453+0000] {dagbag.py:536} INFO - Filling up the DagBag from /home/airflow/.local/lib/python3.8/site-packages/airflow/example_dags/example_branch_operator.py
[2023-10-18T21:21:43.464+0000] {processor.py:839} INFO - DAG(s) dict_keys(['example_branch_operator']) retrieved from /home/airflow/.local/lib/python3.8/site-packages/airflow/example_dags/example_branch_operator.py
[2023-10-18T21:21:43.495+0000] {logging_mixin.py:151} INFO - [2023-10-18T21:21:43.494+0000] {dag.py:2941} INFO - Sync 1 DAGs
[2023-10-18T21:21:43.525+0000] {logging_mixin.py:151} INFO - [2023-10-18T21:21:43.525+0000] {dag.py:3722} INFO - Setting next_dagrun for example_branch_operator to 2023-10-17T00:00:00+00:00, run_after=2023-10-18T00:00:00+00:00
[2023-10-18T21:21:43.545+0000] {processor.py:179} INFO - Processing /home/airflow/.local/lib/python3.8/site-packages/airflow/example_dags/example_branch_operator.py took 0.101 seconds
[2023-10-18T21:22:13.744+0000] {processor.py:157} INFO - Started process (PID=788) to work on /home/airflow/.local/lib/python3.8/site-packages/airflow/example_dags/example_branch_operator.py
[2023-10-18T21:22:13.746+0000] {processor.py:829} INFO - Processing file /home/airflow/.local/lib/python3.8/site-packages/airflow/example_dags/example_branch_operator.py for tasks to queue
[2023-10-18T21:22:13.749+0000] {logging_mixin.py:151} INFO - [2023-10-18T21:22:13.748+0000] {dagbag.py:536} INFO - Filling up the DagBag from /home/airflow/.local/lib/python3.8/site-packages/airflow/example_dags/example_branch_operator.py
[2023-10-18T21:22:13.761+0000] {processor.py:839} INFO - DAG(s) dict_keys(['example_branch_operator']) retrieved from /home/airflow/.local/lib/python3.8/site-packages/airflow/example_dags/example_branch_operator.py
[2023-10-18T21:22:13.796+0000] {logging_mixin.py:151} INFO - [2023-10-18T21:22:13.795+0000] {dag.py:2941} INFO - Sync 1 DAGs
[2023-10-18T21:22:13.822+0000] {logging_mixin.py:151} INFO - [2023-10-18T21:22:13.822+0000] {dag.py:3722} INFO - Setting next_dagrun for example_branch_operator to 2023-10-17T00:00:00+00:00, run_after=2023-10-18T00:00:00+00:00
[2023-10-18T21:22:13.839+0000] {processor.py:179} INFO - Processing /home/airflow/.local/lib/python3.8/site-packages/airflow/example_dags/example_branch_operator.py took 0.100 seconds
[2023-10-18T21:23:47.609+0000] {processor.py:157} INFO - Started process (PID=44) to work on /home/airflow/.local/lib/python3.8/site-packages/airflow/example_dags/example_branch_operator.py
[2023-10-18T21:23:47.611+0000] {processor.py:829} INFO - Processing file /home/airflow/.local/lib/python3.8/site-packages/airflow/example_dags/example_branch_operator.py for tasks to queue
[2023-10-18T21:23:47.614+0000] {logging_mixin.py:151} INFO - [2023-10-18T21:23:47.614+0000] {dagbag.py:536} INFO - Filling up the DagBag from /home/airflow/.local/lib/python3.8/site-packages/airflow/example_dags/example_branch_operator.py
[2023-10-18T21:23:47.628+0000] {processor.py:839} INFO - DAG(s) dict_keys(['example_branch_operator']) retrieved from /home/airflow/.local/lib/python3.8/site-packages/airflow/example_dags/example_branch_operator.py
[2023-10-18T21:23:47.641+0000] {logging_mixin.py:151} INFO - [2023-10-18T21:23:47.641+0000] {dag.py:2941} INFO - Sync 1 DAGs
[2023-10-18T21:23:47.671+0000] {logging_mixin.py:151} INFO - [2023-10-18T21:23:47.671+0000] {dag.py:3722} INFO - Setting next_dagrun for example_branch_operator to 2023-10-17T00:00:00+00:00, run_after=2023-10-18T00:00:00+00:00
[2023-10-18T21:23:47.688+0000] {processor.py:179} INFO - Processing /home/airflow/.local/lib/python3.8/site-packages/airflow/example_dags/example_branch_operator.py took 0.083 seconds
[2023-10-18T21:24:17.855+0000] {processor.py:157} INFO - Started process (PID=97) to work on /home/airflow/.local/lib/python3.8/site-packages/airflow/example_dags/example_branch_operator.py
[2023-10-18T21:24:17.857+0000] {processor.py:829} INFO - Processing file /home/airflow/.local/lib/python3.8/site-packages/airflow/example_dags/example_branch_operator.py for tasks to queue
[2023-10-18T21:24:17.860+0000] {logging_mixin.py:151} INFO - [2023-10-18T21:24:17.859+0000] {dagbag.py:536} INFO - Filling up the DagBag from /home/airflow/.local/lib/python3.8/site-packages/airflow/example_dags/example_branch_operator.py
[2023-10-18T21:24:17.870+0000] {processor.py:839} INFO - DAG(s) dict_keys(['example_branch_operator']) retrieved from /home/airflow/.local/lib/python3.8/site-packages/airflow/example_dags/example_branch_operator.py
[2023-10-18T21:24:17.897+0000] {logging_mixin.py:151} INFO - [2023-10-18T21:24:17.897+0000] {dag.py:2941} INFO - Sync 1 DAGs
[2023-10-18T21:24:17.927+0000] {logging_mixin.py:151} INFO - [2023-10-18T21:24:17.927+0000] {dag.py:3722} INFO - Setting next_dagrun for example_branch_operator to 2023-10-17T00:00:00+00:00, run_after=2023-10-18T00:00:00+00:00
[2023-10-18T21:24:17.944+0000] {processor.py:179} INFO - Processing /home/airflow/.local/lib/python3.8/site-packages/airflow/example_dags/example_branch_operator.py took 0.094 seconds
[2023-10-18T21:24:48.316+0000] {processor.py:157} INFO - Started process (PID=150) to work on /home/airflow/.local/lib/python3.8/site-packages/airflow/example_dags/example_branch_operator.py
[2023-10-18T21:24:48.318+0000] {processor.py:829} INFO - Processing file /home/airflow/.local/lib/python3.8/site-packages/airflow/example_dags/example_branch_operator.py for tasks to queue
[2023-10-18T21:24:48.320+0000] {logging_mixin.py:151} INFO - [2023-10-18T21:24:48.320+0000] {dagbag.py:536} INFO - Filling up the DagBag from /home/airflow/.local/lib/python3.8/site-packages/airflow/example_dags/example_branch_operator.py
[2023-10-18T21:24:48.332+0000] {processor.py:839} INFO - DAG(s) dict_keys(['example_branch_operator']) retrieved from /home/airflow/.local/lib/python3.8/site-packages/airflow/example_dags/example_branch_operator.py
[2023-10-18T21:24:48.366+0000] {logging_mixin.py:151} INFO - [2023-10-18T21:24:48.366+0000] {dag.py:2941} INFO - Sync 1 DAGs
[2023-10-18T21:24:48.393+0000] {logging_mixin.py:151} INFO - [2023-10-18T21:24:48.393+0000] {dag.py:3722} INFO - Setting next_dagrun for example_branch_operator to 2023-10-17T00:00:00+00:00, run_after=2023-10-18T00:00:00+00:00
[2023-10-18T21:24:48.410+0000] {processor.py:179} INFO - Processing /home/airflow/.local/lib/python3.8/site-packages/airflow/example_dags/example_branch_operator.py took 0.097 seconds
[2023-10-18T21:25:19.322+0000] {processor.py:157} INFO - Started process (PID=203) to work on /home/airflow/.local/lib/python3.8/site-packages/airflow/example_dags/example_branch_operator.py
[2023-10-18T21:25:19.324+0000] {processor.py:829} INFO - Processing file /home/airflow/.local/lib/python3.8/site-packages/airflow/example_dags/example_branch_operator.py for tasks to queue
[2023-10-18T21:25:19.327+0000] {logging_mixin.py:151} INFO - [2023-10-18T21:25:19.327+0000] {dagbag.py:536} INFO - Filling up the DagBag from /home/airflow/.local/lib/python3.8/site-packages/airflow/example_dags/example_branch_operator.py
[2023-10-18T21:25:19.337+0000] {processor.py:839} INFO - DAG(s) dict_keys(['example_branch_operator']) retrieved from /home/airflow/.local/lib/python3.8/site-packages/airflow/example_dags/example_branch_operator.py
[2023-10-18T21:25:19.350+0000] {logging_mixin.py:151} INFO - [2023-10-18T21:25:19.350+0000] {dag.py:2941} INFO - Sync 1 DAGs
[2023-10-18T21:25:19.375+0000] {logging_mixin.py:151} INFO - [2023-10-18T21:25:19.375+0000] {dag.py:3722} INFO - Setting next_dagrun for example_branch_operator to 2023-10-17T00:00:00+00:00, run_after=2023-10-18T00:00:00+00:00
[2023-10-18T21:25:19.394+0000] {processor.py:179} INFO - Processing /home/airflow/.local/lib/python3.8/site-packages/airflow/example_dags/example_branch_operator.py took 0.077 seconds
[2023-10-18T21:25:49.845+0000] {processor.py:157} INFO - Started process (PID=256) to work on /home/airflow/.local/lib/python3.8/site-packages/airflow/example_dags/example_branch_operator.py
[2023-10-18T21:25:49.846+0000] {processor.py:829} INFO - Processing file /home/airflow/.local/lib/python3.8/site-packages/airflow/example_dags/example_branch_operator.py for tasks to queue
[2023-10-18T21:25:49.850+0000] {logging_mixin.py:151} INFO - [2023-10-18T21:25:49.849+0000] {dagbag.py:536} INFO - Filling up the DagBag from /home/airflow/.local/lib/python3.8/site-packages/airflow/example_dags/example_branch_operator.py
[2023-10-18T21:25:49.861+0000] {processor.py:839} INFO - DAG(s) dict_keys(['example_branch_operator']) retrieved from /home/airflow/.local/lib/python3.8/site-packages/airflow/example_dags/example_branch_operator.py
[2023-10-18T21:25:49.891+0000] {logging_mixin.py:151} INFO - [2023-10-18T21:25:49.891+0000] {dag.py:2941} INFO - Sync 1 DAGs
[2023-10-18T21:25:49.931+0000] {logging_mixin.py:151} INFO - [2023-10-18T21:25:49.930+0000] {dag.py:3722} INFO - Setting next_dagrun for example_branch_operator to 2023-10-17T00:00:00+00:00, run_after=2023-10-18T00:00:00+00:00
[2023-10-18T21:25:49.948+0000] {processor.py:179} INFO - Processing /home/airflow/.local/lib/python3.8/site-packages/airflow/example_dags/example_branch_operator.py took 0.108 seconds
[2023-10-18T21:26:20.267+0000] {processor.py:157} INFO - Started process (PID=309) to work on /home/airflow/.local/lib/python3.8/site-packages/airflow/example_dags/example_branch_operator.py
[2023-10-18T21:26:20.268+0000] {processor.py:829} INFO - Processing file /home/airflow/.local/lib/python3.8/site-packages/airflow/example_dags/example_branch_operator.py for tasks to queue
[2023-10-18T21:26:20.271+0000] {logging_mixin.py:151} INFO - [2023-10-18T21:26:20.271+0000] {dagbag.py:536} INFO - Filling up the DagBag from /home/airflow/.local/lib/python3.8/site-packages/airflow/example_dags/example_branch_operator.py
[2023-10-18T21:26:20.281+0000] {processor.py:839} INFO - DAG(s) dict_keys(['example_branch_operator']) retrieved from /home/airflow/.local/lib/python3.8/site-packages/airflow/example_dags/example_branch_operator.py
[2023-10-18T21:26:20.308+0000] {logging_mixin.py:151} INFO - [2023-10-18T21:26:20.308+0000] {dag.py:2941} INFO - Sync 1 DAGs
[2023-10-18T21:26:20.336+0000] {logging_mixin.py:151} INFO - [2023-10-18T21:26:20.336+0000] {dag.py:3722} INFO - Setting next_dagrun for example_branch_operator to 2023-10-17T00:00:00+00:00, run_after=2023-10-18T00:00:00+00:00
[2023-10-18T21:26:20.356+0000] {processor.py:179} INFO - Processing /home/airflow/.local/lib/python3.8/site-packages/airflow/example_dags/example_branch_operator.py took 0.094 seconds
[2023-10-18T21:26:50.508+0000] {processor.py:157} INFO - Started process (PID=362) to work on /home/airflow/.local/lib/python3.8/site-packages/airflow/example_dags/example_branch_operator.py
[2023-10-18T21:26:50.509+0000] {processor.py:829} INFO - Processing file /home/airflow/.local/lib/python3.8/site-packages/airflow/example_dags/example_branch_operator.py for tasks to queue
[2023-10-18T21:26:50.512+0000] {logging_mixin.py:151} INFO - [2023-10-18T21:26:50.511+0000] {dagbag.py:536} INFO - Filling up the DagBag from /home/airflow/.local/lib/python3.8/site-packages/airflow/example_dags/example_branch_operator.py
[2023-10-18T21:26:50.524+0000] {processor.py:839} INFO - DAG(s) dict_keys(['example_branch_operator']) retrieved from /home/airflow/.local/lib/python3.8/site-packages/airflow/example_dags/example_branch_operator.py
[2023-10-18T21:26:50.552+0000] {logging_mixin.py:151} INFO - [2023-10-18T21:26:50.551+0000] {dag.py:2941} INFO - Sync 1 DAGs
[2023-10-18T21:26:50.577+0000] {logging_mixin.py:151} INFO - [2023-10-18T21:26:50.577+0000] {dag.py:3722} INFO - Setting next_dagrun for example_branch_operator to 2023-10-17T00:00:00+00:00, run_after=2023-10-18T00:00:00+00:00
[2023-10-18T21:26:50.595+0000] {processor.py:179} INFO - Processing /home/airflow/.local/lib/python3.8/site-packages/airflow/example_dags/example_branch_operator.py took 0.093 seconds
[2023-10-18T21:27:20.679+0000] {processor.py:157} INFO - Started process (PID=415) to work on /home/airflow/.local/lib/python3.8/site-packages/airflow/example_dags/example_branch_operator.py
[2023-10-18T21:27:20.680+0000] {processor.py:829} INFO - Processing file /home/airflow/.local/lib/python3.8/site-packages/airflow/example_dags/example_branch_operator.py for tasks to queue
[2023-10-18T21:27:20.683+0000] {logging_mixin.py:151} INFO - [2023-10-18T21:27:20.683+0000] {dagbag.py:536} INFO - Filling up the DagBag from /home/airflow/.local/lib/python3.8/site-packages/airflow/example_dags/example_branch_operator.py
[2023-10-18T21:27:20.693+0000] {processor.py:839} INFO - DAG(s) dict_keys(['example_branch_operator']) retrieved from /home/airflow/.local/lib/python3.8/site-packages/airflow/example_dags/example_branch_operator.py
[2023-10-18T21:27:20.727+0000] {logging_mixin.py:151} INFO - [2023-10-18T21:27:20.727+0000] {dag.py:2941} INFO - Sync 1 DAGs
[2023-10-18T21:27:20.758+0000] {logging_mixin.py:151} INFO - [2023-10-18T21:27:20.758+0000] {dag.py:3722} INFO - Setting next_dagrun for example_branch_operator to 2023-10-17T00:00:00+00:00, run_after=2023-10-18T00:00:00+00:00
[2023-10-18T21:27:20.780+0000] {processor.py:179} INFO - Processing /home/airflow/.local/lib/python3.8/site-packages/airflow/example_dags/example_branch_operator.py took 0.106 seconds
[2023-10-18T21:27:51.122+0000] {processor.py:157} INFO - Started process (PID=468) to work on /home/airflow/.local/lib/python3.8/site-packages/airflow/example_dags/example_branch_operator.py
[2023-10-18T21:27:51.123+0000] {processor.py:829} INFO - Processing file /home/airflow/.local/lib/python3.8/site-packages/airflow/example_dags/example_branch_operator.py for tasks to queue
[2023-10-18T21:27:51.127+0000] {logging_mixin.py:151} INFO - [2023-10-18T21:27:51.126+0000] {dagbag.py:536} INFO - Filling up the DagBag from /home/airflow/.local/lib/python3.8/site-packages/airflow/example_dags/example_branch_operator.py
[2023-10-18T21:27:51.137+0000] {processor.py:839} INFO - DAG(s) dict_keys(['example_branch_operator']) retrieved from /home/airflow/.local/lib/python3.8/site-packages/airflow/example_dags/example_branch_operator.py
[2023-10-18T21:27:51.170+0000] {logging_mixin.py:151} INFO - [2023-10-18T21:27:51.170+0000] {dag.py:2941} INFO - Sync 1 DAGs
[2023-10-18T21:27:51.193+0000] {logging_mixin.py:151} INFO - [2023-10-18T21:27:51.193+0000] {dag.py:3722} INFO - Setting next_dagrun for example_branch_operator to 2023-10-17T00:00:00+00:00, run_after=2023-10-18T00:00:00+00:00
[2023-10-18T21:27:51.223+0000] {processor.py:179} INFO - Processing /home/airflow/.local/lib/python3.8/site-packages/airflow/example_dags/example_branch_operator.py took 0.106 seconds
[2023-10-18T21:28:21.257+0000] {processor.py:157} INFO - Started process (PID=521) to work on /home/airflow/.local/lib/python3.8/site-packages/airflow/example_dags/example_branch_operator.py
[2023-10-18T21:28:21.259+0000] {processor.py:829} INFO - Processing file /home/airflow/.local/lib/python3.8/site-packages/airflow/example_dags/example_branch_operator.py for tasks to queue
[2023-10-18T21:28:21.261+0000] {logging_mixin.py:151} INFO - [2023-10-18T21:28:21.261+0000] {dagbag.py:536} INFO - Filling up the DagBag from /home/airflow/.local/lib/python3.8/site-packages/airflow/example_dags/example_branch_operator.py
[2023-10-18T21:28:21.272+0000] {processor.py:839} INFO - DAG(s) dict_keys(['example_branch_operator']) retrieved from /home/airflow/.local/lib/python3.8/site-packages/airflow/example_dags/example_branch_operator.py
[2023-10-18T21:28:21.308+0000] {logging_mixin.py:151} INFO - [2023-10-18T21:28:21.307+0000] {dag.py:2941} INFO - Sync 1 DAGs
[2023-10-18T21:28:21.334+0000] {logging_mixin.py:151} INFO - [2023-10-18T21:28:21.334+0000] {dag.py:3722} INFO - Setting next_dagrun for example_branch_operator to 2023-10-17T00:00:00+00:00, run_after=2023-10-18T00:00:00+00:00
[2023-10-18T21:28:21.353+0000] {processor.py:179} INFO - Processing /home/airflow/.local/lib/python3.8/site-packages/airflow/example_dags/example_branch_operator.py took 0.102 seconds
[2023-10-18T21:28:52.250+0000] {processor.py:157} INFO - Started process (PID=574) to work on /home/airflow/.local/lib/python3.8/site-packages/airflow/example_dags/example_branch_operator.py
[2023-10-18T21:28:52.252+0000] {processor.py:829} INFO - Processing file /home/airflow/.local/lib/python3.8/site-packages/airflow/example_dags/example_branch_operator.py for tasks to queue
[2023-10-18T21:28:52.255+0000] {logging_mixin.py:151} INFO - [2023-10-18T21:28:52.255+0000] {dagbag.py:536} INFO - Filling up the DagBag from /home/airflow/.local/lib/python3.8/site-packages/airflow/example_dags/example_branch_operator.py
[2023-10-18T21:28:52.265+0000] {processor.py:839} INFO - DAG(s) dict_keys(['example_branch_operator']) retrieved from /home/airflow/.local/lib/python3.8/site-packages/airflow/example_dags/example_branch_operator.py
[2023-10-18T21:28:52.290+0000] {logging_mixin.py:151} INFO - [2023-10-18T21:28:52.290+0000] {dag.py:2941} INFO - Sync 1 DAGs
[2023-10-18T21:28:52.313+0000] {logging_mixin.py:151} INFO - [2023-10-18T21:28:52.313+0000] {dag.py:3722} INFO - Setting next_dagrun for example_branch_operator to 2023-10-17T00:00:00+00:00, run_after=2023-10-18T00:00:00+00:00
[2023-10-18T21:28:52.329+0000] {processor.py:179} INFO - Processing /home/airflow/.local/lib/python3.8/site-packages/airflow/example_dags/example_branch_operator.py took 0.084 seconds
[2023-10-18T21:29:22.488+0000] {processor.py:157} INFO - Started process (PID=627) to work on /home/airflow/.local/lib/python3.8/site-packages/airflow/example_dags/example_branch_operator.py
[2023-10-18T21:29:22.489+0000] {processor.py:829} INFO - Processing file /home/airflow/.local/lib/python3.8/site-packages/airflow/example_dags/example_branch_operator.py for tasks to queue
[2023-10-18T21:29:22.492+0000] {logging_mixin.py:151} INFO - [2023-10-18T21:29:22.492+0000] {dagbag.py:536} INFO - Filling up the DagBag from /home/airflow/.local/lib/python3.8/site-packages/airflow/example_dags/example_branch_operator.py
[2023-10-18T21:29:22.503+0000] {processor.py:839} INFO - DAG(s) dict_keys(['example_branch_operator']) retrieved from /home/airflow/.local/lib/python3.8/site-packages/airflow/example_dags/example_branch_operator.py
[2023-10-18T21:29:22.541+0000] {logging_mixin.py:151} INFO - [2023-10-18T21:29:22.540+0000] {dag.py:2941} INFO - Sync 1 DAGs
[2023-10-18T21:29:22.568+0000] {logging_mixin.py:151} INFO - [2023-10-18T21:29:22.567+0000] {dag.py:3722} INFO - Setting next_dagrun for example_branch_operator to 2023-10-17T00:00:00+00:00, run_after=2023-10-18T00:00:00+00:00
[2023-10-18T21:29:22.585+0000] {processor.py:179} INFO - Processing /home/airflow/.local/lib/python3.8/site-packages/airflow/example_dags/example_branch_operator.py took 0.104 seconds
[2023-10-18T21:29:52.761+0000] {processor.py:157} INFO - Started process (PID=680) to work on /home/airflow/.local/lib/python3.8/site-packages/airflow/example_dags/example_branch_operator.py
[2023-10-18T21:29:52.762+0000] {processor.py:829} INFO - Processing file /home/airflow/.local/lib/python3.8/site-packages/airflow/example_dags/example_branch_operator.py for tasks to queue
[2023-10-18T21:29:52.765+0000] {logging_mixin.py:151} INFO - [2023-10-18T21:29:52.764+0000] {dagbag.py:536} INFO - Filling up the DagBag from /home/airflow/.local/lib/python3.8/site-packages/airflow/example_dags/example_branch_operator.py
[2023-10-18T21:29:52.775+0000] {processor.py:839} INFO - DAG(s) dict_keys(['example_branch_operator']) retrieved from /home/airflow/.local/lib/python3.8/site-packages/airflow/example_dags/example_branch_operator.py
[2023-10-18T21:29:52.804+0000] {logging_mixin.py:151} INFO - [2023-10-18T21:29:52.804+0000] {dag.py:2941} INFO - Sync 1 DAGs
[2023-10-18T21:29:52.830+0000] {logging_mixin.py:151} INFO - [2023-10-18T21:29:52.830+0000] {dag.py:3722} INFO - Setting next_dagrun for example_branch_operator to 2023-10-17T00:00:00+00:00, run_after=2023-10-18T00:00:00+00:00
[2023-10-18T21:29:52.848+0000] {processor.py:179} INFO - Processing /home/airflow/.local/lib/python3.8/site-packages/airflow/example_dags/example_branch_operator.py took 0.095 seconds
[2023-10-18T21:30:23.095+0000] {processor.py:157} INFO - Started process (PID=734) to work on /home/airflow/.local/lib/python3.8/site-packages/airflow/example_dags/example_branch_operator.py
[2023-10-18T21:30:23.096+0000] {processor.py:829} INFO - Processing file /home/airflow/.local/lib/python3.8/site-packages/airflow/example_dags/example_branch_operator.py for tasks to queue
[2023-10-18T21:30:23.100+0000] {logging_mixin.py:151} INFO - [2023-10-18T21:30:23.099+0000] {dagbag.py:536} INFO - Filling up the DagBag from /home/airflow/.local/lib/python3.8/site-packages/airflow/example_dags/example_branch_operator.py
[2023-10-18T21:30:23.110+0000] {processor.py:839} INFO - DAG(s) dict_keys(['example_branch_operator']) retrieved from /home/airflow/.local/lib/python3.8/site-packages/airflow/example_dags/example_branch_operator.py
[2023-10-18T21:30:23.134+0000] {logging_mixin.py:151} INFO - [2023-10-18T21:30:23.134+0000] {dag.py:2941} INFO - Sync 1 DAGs
[2023-10-18T21:30:23.160+0000] {logging_mixin.py:151} INFO - [2023-10-18T21:30:23.160+0000] {dag.py:3722} INFO - Setting next_dagrun for example_branch_operator to 2023-10-17T00:00:00+00:00, run_after=2023-10-18T00:00:00+00:00
[2023-10-18T21:30:23.178+0000] {processor.py:179} INFO - Processing /home/airflow/.local/lib/python3.8/site-packages/airflow/example_dags/example_branch_operator.py took 0.089 seconds
[2023-10-18T21:30:53.372+0000] {processor.py:157} INFO - Started process (PID=788) to work on /home/airflow/.local/lib/python3.8/site-packages/airflow/example_dags/example_branch_operator.py
[2023-10-18T21:30:53.374+0000] {processor.py:829} INFO - Processing file /home/airflow/.local/lib/python3.8/site-packages/airflow/example_dags/example_branch_operator.py for tasks to queue
[2023-10-18T21:30:53.377+0000] {logging_mixin.py:151} INFO - [2023-10-18T21:30:53.376+0000] {dagbag.py:536} INFO - Filling up the DagBag from /home/airflow/.local/lib/python3.8/site-packages/airflow/example_dags/example_branch_operator.py
[2023-10-18T21:30:53.387+0000] {processor.py:839} INFO - DAG(s) dict_keys(['example_branch_operator']) retrieved from /home/airflow/.local/lib/python3.8/site-packages/airflow/example_dags/example_branch_operator.py
[2023-10-18T21:30:53.412+0000] {logging_mixin.py:151} INFO - [2023-10-18T21:30:53.412+0000] {dag.py:2941} INFO - Sync 1 DAGs
[2023-10-18T21:30:53.436+0000] {logging_mixin.py:151} INFO - [2023-10-18T21:30:53.436+0000] {dag.py:3722} INFO - Setting next_dagrun for example_branch_operator to 2023-10-17T00:00:00+00:00, run_after=2023-10-18T00:00:00+00:00
[2023-10-18T21:30:53.453+0000] {processor.py:179} INFO - Processing /home/airflow/.local/lib/python3.8/site-packages/airflow/example_dags/example_branch_operator.py took 0.088 seconds
[2023-10-18T21:31:23.639+0000] {processor.py:157} INFO - Started process (PID=841) to work on /home/airflow/.local/lib/python3.8/site-packages/airflow/example_dags/example_branch_operator.py
[2023-10-18T21:31:23.641+0000] {processor.py:829} INFO - Processing file /home/airflow/.local/lib/python3.8/site-packages/airflow/example_dags/example_branch_operator.py for tasks to queue
[2023-10-18T21:31:23.645+0000] {logging_mixin.py:151} INFO - [2023-10-18T21:31:23.644+0000] {dagbag.py:536} INFO - Filling up the DagBag from /home/airflow/.local/lib/python3.8/site-packages/airflow/example_dags/example_branch_operator.py
[2023-10-18T21:31:23.656+0000] {processor.py:839} INFO - DAG(s) dict_keys(['example_branch_operator']) retrieved from /home/airflow/.local/lib/python3.8/site-packages/airflow/example_dags/example_branch_operator.py
[2023-10-18T21:31:23.686+0000] {logging_mixin.py:151} INFO - [2023-10-18T21:31:23.686+0000] {dag.py:2941} INFO - Sync 1 DAGs
[2023-10-18T21:31:23.718+0000] {logging_mixin.py:151} INFO - [2023-10-18T21:31:23.718+0000] {dag.py:3722} INFO - Setting next_dagrun for example_branch_operator to 2023-10-17T00:00:00+00:00, run_after=2023-10-18T00:00:00+00:00
[2023-10-18T21:31:23.739+0000] {processor.py:179} INFO - Processing /home/airflow/.local/lib/python3.8/site-packages/airflow/example_dags/example_branch_operator.py took 0.105 seconds
