[2023-10-18T21:06:46.127+0000] {processor.py:157} INFO - Started process (PID=40) to work on /home/airflow/.local/lib/python3.8/site-packages/airflow/example_dags/example_task_group.py
[2023-10-18T21:06:46.127+0000] {processor.py:829} INFO - Processing file /home/airflow/.local/lib/python3.8/site-packages/airflow/example_dags/example_task_group.py for tasks to queue
[2023-10-18T21:06:46.131+0000] {logging_mixin.py:151} INFO - [2023-10-18T21:06:46.130+0000] {dagbag.py:536} INFO - Filling up the DagBag from /home/airflow/.local/lib/python3.8/site-packages/airflow/example_dags/example_task_group.py
[2023-10-18T21:06:46.142+0000] {processor.py:839} INFO - DAG(s) dict_keys(['example_task_group']) retrieved from /home/airflow/.local/lib/python3.8/site-packages/airflow/example_dags/example_task_group.py
[2023-10-18T21:06:46.154+0000] {logging_mixin.py:151} INFO - [2023-10-18T21:06:46.154+0000] {dag.py:2941} INFO - Sync 1 DAGs
[2023-10-18T21:06:46.193+0000] {logging_mixin.py:151} INFO - [2023-10-18T21:06:46.193+0000] {dag.py:3722} INFO - Setting next_dagrun for example_task_group to 2023-10-17T21:06:46.193436+00:00, run_after=2023-10-18T21:06:46.193436+00:00
[2023-10-18T21:06:46.239+0000] {processor.py:179} INFO - Processing /home/airflow/.local/lib/python3.8/site-packages/airflow/example_dags/example_task_group.py took 0.116 seconds
[2023-10-18T21:07:16.550+0000] {processor.py:157} INFO - Started process (PID=93) to work on /home/airflow/.local/lib/python3.8/site-packages/airflow/example_dags/example_task_group.py
[2023-10-18T21:07:16.551+0000] {processor.py:829} INFO - Processing file /home/airflow/.local/lib/python3.8/site-packages/airflow/example_dags/example_task_group.py for tasks to queue
[2023-10-18T21:07:16.554+0000] {logging_mixin.py:151} INFO - [2023-10-18T21:07:16.554+0000] {dagbag.py:536} INFO - Filling up the DagBag from /home/airflow/.local/lib/python3.8/site-packages/airflow/example_dags/example_task_group.py
[2023-10-18T21:07:16.563+0000] {processor.py:839} INFO - DAG(s) dict_keys(['example_task_group']) retrieved from /home/airflow/.local/lib/python3.8/site-packages/airflow/example_dags/example_task_group.py
[2023-10-18T21:07:16.597+0000] {logging_mixin.py:151} INFO - [2023-10-18T21:07:16.596+0000] {dag.py:2941} INFO - Sync 1 DAGs
[2023-10-18T21:07:16.624+0000] {logging_mixin.py:151} INFO - [2023-10-18T21:07:16.624+0000] {dag.py:3722} INFO - Setting next_dagrun for example_task_group to 2023-10-17T21:07:16.624309+00:00, run_after=2023-10-18T21:07:16.624309+00:00
[2023-10-18T21:07:16.646+0000] {processor.py:179} INFO - Processing /home/airflow/.local/lib/python3.8/site-packages/airflow/example_dags/example_task_group.py took 0.101 seconds
[2023-10-18T21:07:46.691+0000] {processor.py:157} INFO - Started process (PID=146) to work on /home/airflow/.local/lib/python3.8/site-packages/airflow/example_dags/example_task_group.py
[2023-10-18T21:07:46.693+0000] {processor.py:829} INFO - Processing file /home/airflow/.local/lib/python3.8/site-packages/airflow/example_dags/example_task_group.py for tasks to queue
[2023-10-18T21:07:46.695+0000] {logging_mixin.py:151} INFO - [2023-10-18T21:07:46.695+0000] {dagbag.py:536} INFO - Filling up the DagBag from /home/airflow/.local/lib/python3.8/site-packages/airflow/example_dags/example_task_group.py
[2023-10-18T21:07:46.704+0000] {processor.py:839} INFO - DAG(s) dict_keys(['example_task_group']) retrieved from /home/airflow/.local/lib/python3.8/site-packages/airflow/example_dags/example_task_group.py
[2023-10-18T21:07:46.732+0000] {logging_mixin.py:151} INFO - [2023-10-18T21:07:46.732+0000] {dag.py:2941} INFO - Sync 1 DAGs
[2023-10-18T21:07:46.771+0000] {logging_mixin.py:151} INFO - [2023-10-18T21:07:46.771+0000] {dag.py:3722} INFO - Setting next_dagrun for example_task_group to 2023-10-17T21:07:46.771030+00:00, run_after=2023-10-18T21:07:46.771030+00:00
[2023-10-18T21:07:46.792+0000] {processor.py:179} INFO - Processing /home/airflow/.local/lib/python3.8/site-packages/airflow/example_dags/example_task_group.py took 0.106 seconds
[2023-10-18T21:08:16.966+0000] {processor.py:157} INFO - Started process (PID=199) to work on /home/airflow/.local/lib/python3.8/site-packages/airflow/example_dags/example_task_group.py
[2023-10-18T21:08:16.967+0000] {processor.py:829} INFO - Processing file /home/airflow/.local/lib/python3.8/site-packages/airflow/example_dags/example_task_group.py for tasks to queue
[2023-10-18T21:08:16.970+0000] {logging_mixin.py:151} INFO - [2023-10-18T21:08:16.970+0000] {dagbag.py:536} INFO - Filling up the DagBag from /home/airflow/.local/lib/python3.8/site-packages/airflow/example_dags/example_task_group.py
[2023-10-18T21:08:16.979+0000] {processor.py:839} INFO - DAG(s) dict_keys(['example_task_group']) retrieved from /home/airflow/.local/lib/python3.8/site-packages/airflow/example_dags/example_task_group.py
[2023-10-18T21:08:17.015+0000] {logging_mixin.py:151} INFO - [2023-10-18T21:08:17.014+0000] {dag.py:2941} INFO - Sync 1 DAGs
[2023-10-18T21:08:17.038+0000] {logging_mixin.py:151} INFO - [2023-10-18T21:08:17.038+0000] {dag.py:3722} INFO - Setting next_dagrun for example_task_group to 2023-10-17T21:08:17.038202+00:00, run_after=2023-10-18T21:08:17.038202+00:00
[2023-10-18T21:08:17.055+0000] {processor.py:179} INFO - Processing /home/airflow/.local/lib/python3.8/site-packages/airflow/example_dags/example_task_group.py took 0.094 seconds
[2023-10-18T21:08:47.153+0000] {processor.py:157} INFO - Started process (PID=253) to work on /home/airflow/.local/lib/python3.8/site-packages/airflow/example_dags/example_task_group.py
[2023-10-18T21:08:47.155+0000] {processor.py:829} INFO - Processing file /home/airflow/.local/lib/python3.8/site-packages/airflow/example_dags/example_task_group.py for tasks to queue
[2023-10-18T21:08:47.158+0000] {logging_mixin.py:151} INFO - [2023-10-18T21:08:47.158+0000] {dagbag.py:536} INFO - Filling up the DagBag from /home/airflow/.local/lib/python3.8/site-packages/airflow/example_dags/example_task_group.py
[2023-10-18T21:08:47.167+0000] {processor.py:839} INFO - DAG(s) dict_keys(['example_task_group']) retrieved from /home/airflow/.local/lib/python3.8/site-packages/airflow/example_dags/example_task_group.py
[2023-10-18T21:08:47.194+0000] {logging_mixin.py:151} INFO - [2023-10-18T21:08:47.193+0000] {dag.py:2941} INFO - Sync 1 DAGs
[2023-10-18T21:08:47.219+0000] {logging_mixin.py:151} INFO - [2023-10-18T21:08:47.218+0000] {dag.py:3722} INFO - Setting next_dagrun for example_task_group to 2023-10-17T21:08:47.218659+00:00, run_after=2023-10-18T21:08:47.218659+00:00
[2023-10-18T21:08:47.235+0000] {processor.py:179} INFO - Processing /home/airflow/.local/lib/python3.8/site-packages/airflow/example_dags/example_task_group.py took 0.088 seconds
[2023-10-18T21:09:17.470+0000] {processor.py:157} INFO - Started process (PID=306) to work on /home/airflow/.local/lib/python3.8/site-packages/airflow/example_dags/example_task_group.py
[2023-10-18T21:09:17.472+0000] {processor.py:829} INFO - Processing file /home/airflow/.local/lib/python3.8/site-packages/airflow/example_dags/example_task_group.py for tasks to queue
[2023-10-18T21:09:17.475+0000] {logging_mixin.py:151} INFO - [2023-10-18T21:09:17.474+0000] {dagbag.py:536} INFO - Filling up the DagBag from /home/airflow/.local/lib/python3.8/site-packages/airflow/example_dags/example_task_group.py
[2023-10-18T21:09:17.483+0000] {processor.py:839} INFO - DAG(s) dict_keys(['example_task_group']) retrieved from /home/airflow/.local/lib/python3.8/site-packages/airflow/example_dags/example_task_group.py
[2023-10-18T21:09:17.510+0000] {logging_mixin.py:151} INFO - [2023-10-18T21:09:17.510+0000] {dag.py:2941} INFO - Sync 1 DAGs
[2023-10-18T21:09:17.534+0000] {logging_mixin.py:151} INFO - [2023-10-18T21:09:17.534+0000] {dag.py:3722} INFO - Setting next_dagrun for example_task_group to 2023-10-17T21:09:17.534371+00:00, run_after=2023-10-18T21:09:17.534371+00:00
[2023-10-18T21:09:17.551+0000] {processor.py:179} INFO - Processing /home/airflow/.local/lib/python3.8/site-packages/airflow/example_dags/example_task_group.py took 0.086 seconds
[2023-10-18T21:09:47.698+0000] {processor.py:157} INFO - Started process (PID=359) to work on /home/airflow/.local/lib/python3.8/site-packages/airflow/example_dags/example_task_group.py
[2023-10-18T21:09:47.699+0000] {processor.py:829} INFO - Processing file /home/airflow/.local/lib/python3.8/site-packages/airflow/example_dags/example_task_group.py for tasks to queue
[2023-10-18T21:09:47.702+0000] {logging_mixin.py:151} INFO - [2023-10-18T21:09:47.701+0000] {dagbag.py:536} INFO - Filling up the DagBag from /home/airflow/.local/lib/python3.8/site-packages/airflow/example_dags/example_task_group.py
[2023-10-18T21:09:47.710+0000] {processor.py:839} INFO - DAG(s) dict_keys(['example_task_group']) retrieved from /home/airflow/.local/lib/python3.8/site-packages/airflow/example_dags/example_task_group.py
[2023-10-18T21:09:47.734+0000] {logging_mixin.py:151} INFO - [2023-10-18T21:09:47.734+0000] {dag.py:2941} INFO - Sync 1 DAGs
[2023-10-18T21:09:47.758+0000] {logging_mixin.py:151} INFO - [2023-10-18T21:09:47.758+0000] {dag.py:3722} INFO - Setting next_dagrun for example_task_group to 2023-10-17T21:09:47.758008+00:00, run_after=2023-10-18T21:09:47.758008+00:00
[2023-10-18T21:09:47.776+0000] {processor.py:179} INFO - Processing /home/airflow/.local/lib/python3.8/site-packages/airflow/example_dags/example_task_group.py took 0.085 seconds
[2023-10-18T21:10:18.114+0000] {processor.py:157} INFO - Started process (PID=412) to work on /home/airflow/.local/lib/python3.8/site-packages/airflow/example_dags/example_task_group.py
[2023-10-18T21:10:18.115+0000] {processor.py:829} INFO - Processing file /home/airflow/.local/lib/python3.8/site-packages/airflow/example_dags/example_task_group.py for tasks to queue
[2023-10-18T21:10:18.118+0000] {logging_mixin.py:151} INFO - [2023-10-18T21:10:18.118+0000] {dagbag.py:536} INFO - Filling up the DagBag from /home/airflow/.local/lib/python3.8/site-packages/airflow/example_dags/example_task_group.py
[2023-10-18T21:10:18.127+0000] {processor.py:839} INFO - DAG(s) dict_keys(['example_task_group']) retrieved from /home/airflow/.local/lib/python3.8/site-packages/airflow/example_dags/example_task_group.py
[2023-10-18T21:10:18.152+0000] {logging_mixin.py:151} INFO - [2023-10-18T21:10:18.152+0000] {dag.py:2941} INFO - Sync 1 DAGs
[2023-10-18T21:10:18.185+0000] {logging_mixin.py:151} INFO - [2023-10-18T21:10:18.185+0000] {dag.py:3722} INFO - Setting next_dagrun for example_task_group to 2023-10-17T21:10:18.184747+00:00, run_after=2023-10-18T21:10:18.184747+00:00
[2023-10-18T21:10:18.202+0000] {processor.py:179} INFO - Processing /home/airflow/.local/lib/python3.8/site-packages/airflow/example_dags/example_task_group.py took 0.093 seconds
[2023-10-18T21:10:48.256+0000] {processor.py:157} INFO - Started process (PID=465) to work on /home/airflow/.local/lib/python3.8/site-packages/airflow/example_dags/example_task_group.py
[2023-10-18T21:10:48.258+0000] {processor.py:829} INFO - Processing file /home/airflow/.local/lib/python3.8/site-packages/airflow/example_dags/example_task_group.py for tasks to queue
[2023-10-18T21:10:48.261+0000] {logging_mixin.py:151} INFO - [2023-10-18T21:10:48.260+0000] {dagbag.py:536} INFO - Filling up the DagBag from /home/airflow/.local/lib/python3.8/site-packages/airflow/example_dags/example_task_group.py
[2023-10-18T21:10:48.269+0000] {processor.py:839} INFO - DAG(s) dict_keys(['example_task_group']) retrieved from /home/airflow/.local/lib/python3.8/site-packages/airflow/example_dags/example_task_group.py
[2023-10-18T21:10:48.295+0000] {logging_mixin.py:151} INFO - [2023-10-18T21:10:48.295+0000] {dag.py:2941} INFO - Sync 1 DAGs
[2023-10-18T21:10:48.326+0000] {logging_mixin.py:151} INFO - [2023-10-18T21:10:48.326+0000] {dag.py:3722} INFO - Setting next_dagrun for example_task_group to 2023-10-17T21:10:48.325758+00:00, run_after=2023-10-18T21:10:48.325758+00:00
[2023-10-18T21:10:48.343+0000] {processor.py:179} INFO - Processing /home/airflow/.local/lib/python3.8/site-packages/airflow/example_dags/example_task_group.py took 0.092 seconds
[2023-10-18T21:11:18.877+0000] {processor.py:157} INFO - Started process (PID=518) to work on /home/airflow/.local/lib/python3.8/site-packages/airflow/example_dags/example_task_group.py
[2023-10-18T21:11:18.879+0000] {processor.py:829} INFO - Processing file /home/airflow/.local/lib/python3.8/site-packages/airflow/example_dags/example_task_group.py for tasks to queue
[2023-10-18T21:11:18.882+0000] {logging_mixin.py:151} INFO - [2023-10-18T21:11:18.882+0000] {dagbag.py:536} INFO - Filling up the DagBag from /home/airflow/.local/lib/python3.8/site-packages/airflow/example_dags/example_task_group.py
[2023-10-18T21:11:18.890+0000] {processor.py:839} INFO - DAG(s) dict_keys(['example_task_group']) retrieved from /home/airflow/.local/lib/python3.8/site-packages/airflow/example_dags/example_task_group.py
[2023-10-18T21:11:18.918+0000] {logging_mixin.py:151} INFO - [2023-10-18T21:11:18.917+0000] {dag.py:2941} INFO - Sync 1 DAGs
[2023-10-18T21:11:18.946+0000] {logging_mixin.py:151} INFO - [2023-10-18T21:11:18.946+0000] {dag.py:3722} INFO - Setting next_dagrun for example_task_group to 2023-10-17T21:11:18.945349+00:00, run_after=2023-10-18T21:11:18.945349+00:00
[2023-10-18T21:11:18.970+0000] {processor.py:179} INFO - Processing /home/airflow/.local/lib/python3.8/site-packages/airflow/example_dags/example_task_group.py took 0.098 seconds
[2023-10-18T21:11:49.218+0000] {processor.py:157} INFO - Started process (PID=571) to work on /home/airflow/.local/lib/python3.8/site-packages/airflow/example_dags/example_task_group.py
[2023-10-18T21:11:49.219+0000] {processor.py:829} INFO - Processing file /home/airflow/.local/lib/python3.8/site-packages/airflow/example_dags/example_task_group.py for tasks to queue
[2023-10-18T21:11:49.222+0000] {logging_mixin.py:151} INFO - [2023-10-18T21:11:49.222+0000] {dagbag.py:536} INFO - Filling up the DagBag from /home/airflow/.local/lib/python3.8/site-packages/airflow/example_dags/example_task_group.py
[2023-10-18T21:11:49.231+0000] {processor.py:839} INFO - DAG(s) dict_keys(['example_task_group']) retrieved from /home/airflow/.local/lib/python3.8/site-packages/airflow/example_dags/example_task_group.py
[2023-10-18T21:11:49.258+0000] {logging_mixin.py:151} INFO - [2023-10-18T21:11:49.258+0000] {dag.py:2941} INFO - Sync 1 DAGs
[2023-10-18T21:11:49.283+0000] {logging_mixin.py:151} INFO - [2023-10-18T21:11:49.282+0000] {dag.py:3722} INFO - Setting next_dagrun for example_task_group to 2023-10-17T21:11:49.282585+00:00, run_after=2023-10-18T21:11:49.282585+00:00
[2023-10-18T21:11:49.302+0000] {processor.py:179} INFO - Processing /home/airflow/.local/lib/python3.8/site-packages/airflow/example_dags/example_task_group.py took 0.089 seconds
[2023-10-18T21:12:19.587+0000] {processor.py:157} INFO - Started process (PID=625) to work on /home/airflow/.local/lib/python3.8/site-packages/airflow/example_dags/example_task_group.py
[2023-10-18T21:12:19.588+0000] {processor.py:829} INFO - Processing file /home/airflow/.local/lib/python3.8/site-packages/airflow/example_dags/example_task_group.py for tasks to queue
[2023-10-18T21:12:19.591+0000] {logging_mixin.py:151} INFO - [2023-10-18T21:12:19.590+0000] {dagbag.py:536} INFO - Filling up the DagBag from /home/airflow/.local/lib/python3.8/site-packages/airflow/example_dags/example_task_group.py
[2023-10-18T21:12:19.599+0000] {processor.py:839} INFO - DAG(s) dict_keys(['example_task_group']) retrieved from /home/airflow/.local/lib/python3.8/site-packages/airflow/example_dags/example_task_group.py
[2023-10-18T21:12:19.623+0000] {logging_mixin.py:151} INFO - [2023-10-18T21:12:19.623+0000] {dag.py:2941} INFO - Sync 1 DAGs
[2023-10-18T21:12:19.647+0000] {logging_mixin.py:151} INFO - [2023-10-18T21:12:19.646+0000] {dag.py:3722} INFO - Setting next_dagrun for example_task_group to 2023-10-17T21:12:19.646634+00:00, run_after=2023-10-18T21:12:19.646634+00:00
[2023-10-18T21:12:19.673+0000] {processor.py:179} INFO - Processing /home/airflow/.local/lib/python3.8/site-packages/airflow/example_dags/example_task_group.py took 0.090 seconds
[2023-10-18T21:12:50.102+0000] {processor.py:157} INFO - Started process (PID=678) to work on /home/airflow/.local/lib/python3.8/site-packages/airflow/example_dags/example_task_group.py
[2023-10-18T21:12:50.103+0000] {processor.py:829} INFO - Processing file /home/airflow/.local/lib/python3.8/site-packages/airflow/example_dags/example_task_group.py for tasks to queue
[2023-10-18T21:12:50.106+0000] {logging_mixin.py:151} INFO - [2023-10-18T21:12:50.106+0000] {dagbag.py:536} INFO - Filling up the DagBag from /home/airflow/.local/lib/python3.8/site-packages/airflow/example_dags/example_task_group.py
[2023-10-18T21:12:50.115+0000] {processor.py:839} INFO - DAG(s) dict_keys(['example_task_group']) retrieved from /home/airflow/.local/lib/python3.8/site-packages/airflow/example_dags/example_task_group.py
[2023-10-18T21:12:50.138+0000] {logging_mixin.py:151} INFO - [2023-10-18T21:12:50.138+0000] {dag.py:2941} INFO - Sync 1 DAGs
[2023-10-18T21:12:50.169+0000] {logging_mixin.py:151} INFO - [2023-10-18T21:12:50.169+0000] {dag.py:3722} INFO - Setting next_dagrun for example_task_group to 2023-10-17T21:12:50.169165+00:00, run_after=2023-10-18T21:12:50.169165+00:00
[2023-10-18T21:12:50.189+0000] {processor.py:179} INFO - Processing /home/airflow/.local/lib/python3.8/site-packages/airflow/example_dags/example_task_group.py took 0.091 seconds
[2023-10-18T21:15:08.410+0000] {processor.py:157} INFO - Started process (PID=39) to work on /home/airflow/.local/lib/python3.8/site-packages/airflow/example_dags/example_task_group.py
[2023-10-18T21:15:08.420+0000] {processor.py:829} INFO - Processing file /home/airflow/.local/lib/python3.8/site-packages/airflow/example_dags/example_task_group.py for tasks to queue
[2023-10-18T21:15:08.423+0000] {logging_mixin.py:151} INFO - [2023-10-18T21:15:08.422+0000] {dagbag.py:536} INFO - Filling up the DagBag from /home/airflow/.local/lib/python3.8/site-packages/airflow/example_dags/example_task_group.py
[2023-10-18T21:15:08.435+0000] {processor.py:839} INFO - DAG(s) dict_keys(['example_task_group']) retrieved from /home/airflow/.local/lib/python3.8/site-packages/airflow/example_dags/example_task_group.py
[2023-10-18T21:15:08.480+0000] {logging_mixin.py:151} INFO - [2023-10-18T21:15:08.480+0000] {dag.py:2941} INFO - Sync 1 DAGs
[2023-10-18T21:15:08.524+0000] {logging_mixin.py:151} INFO - [2023-10-18T21:15:08.523+0000] {dag.py:3722} INFO - Setting next_dagrun for example_task_group to 2023-10-17T21:15:08.523529+00:00, run_after=2023-10-18T21:15:08.523529+00:00
[2023-10-18T21:15:08.564+0000] {processor.py:179} INFO - Processing /home/airflow/.local/lib/python3.8/site-packages/airflow/example_dags/example_task_group.py took 0.158 seconds
[2023-10-18T21:15:38.882+0000] {processor.py:157} INFO - Started process (PID=91) to work on /home/airflow/.local/lib/python3.8/site-packages/airflow/example_dags/example_task_group.py
[2023-10-18T21:15:38.884+0000] {processor.py:829} INFO - Processing file /home/airflow/.local/lib/python3.8/site-packages/airflow/example_dags/example_task_group.py for tasks to queue
[2023-10-18T21:15:38.887+0000] {logging_mixin.py:151} INFO - [2023-10-18T21:15:38.887+0000] {dagbag.py:536} INFO - Filling up the DagBag from /home/airflow/.local/lib/python3.8/site-packages/airflow/example_dags/example_task_group.py
[2023-10-18T21:15:38.895+0000] {processor.py:839} INFO - DAG(s) dict_keys(['example_task_group']) retrieved from /home/airflow/.local/lib/python3.8/site-packages/airflow/example_dags/example_task_group.py
[2023-10-18T21:15:38.927+0000] {logging_mixin.py:151} INFO - [2023-10-18T21:15:38.927+0000] {dag.py:2941} INFO - Sync 1 DAGs
[2023-10-18T21:15:38.951+0000] {logging_mixin.py:151} INFO - [2023-10-18T21:15:38.951+0000] {dag.py:3722} INFO - Setting next_dagrun for example_task_group to 2023-10-17T21:15:38.950854+00:00, run_after=2023-10-18T21:15:38.950854+00:00
[2023-10-18T21:15:38.968+0000] {processor.py:179} INFO - Processing /home/airflow/.local/lib/python3.8/site-packages/airflow/example_dags/example_task_group.py took 0.091 seconds
[2023-10-18T21:16:09.150+0000] {processor.py:157} INFO - Started process (PID=145) to work on /home/airflow/.local/lib/python3.8/site-packages/airflow/example_dags/example_task_group.py
[2023-10-18T21:16:09.152+0000] {processor.py:829} INFO - Processing file /home/airflow/.local/lib/python3.8/site-packages/airflow/example_dags/example_task_group.py for tasks to queue
[2023-10-18T21:16:09.154+0000] {logging_mixin.py:151} INFO - [2023-10-18T21:16:09.154+0000] {dagbag.py:536} INFO - Filling up the DagBag from /home/airflow/.local/lib/python3.8/site-packages/airflow/example_dags/example_task_group.py
[2023-10-18T21:16:09.163+0000] {processor.py:839} INFO - DAG(s) dict_keys(['example_task_group']) retrieved from /home/airflow/.local/lib/python3.8/site-packages/airflow/example_dags/example_task_group.py
[2023-10-18T21:16:09.193+0000] {logging_mixin.py:151} INFO - [2023-10-18T21:16:09.192+0000] {dag.py:2941} INFO - Sync 1 DAGs
[2023-10-18T21:16:09.223+0000] {logging_mixin.py:151} INFO - [2023-10-18T21:16:09.223+0000] {dag.py:3722} INFO - Setting next_dagrun for example_task_group to 2023-10-17T21:16:09.222823+00:00, run_after=2023-10-18T21:16:09.222823+00:00
[2023-10-18T21:16:09.243+0000] {processor.py:179} INFO - Processing /home/airflow/.local/lib/python3.8/site-packages/airflow/example_dags/example_task_group.py took 0.098 seconds
[2023-10-18T21:16:39.559+0000] {processor.py:157} INFO - Started process (PID=198) to work on /home/airflow/.local/lib/python3.8/site-packages/airflow/example_dags/example_task_group.py
[2023-10-18T21:16:39.561+0000] {processor.py:829} INFO - Processing file /home/airflow/.local/lib/python3.8/site-packages/airflow/example_dags/example_task_group.py for tasks to queue
[2023-10-18T21:16:39.564+0000] {logging_mixin.py:151} INFO - [2023-10-18T21:16:39.563+0000] {dagbag.py:536} INFO - Filling up the DagBag from /home/airflow/.local/lib/python3.8/site-packages/airflow/example_dags/example_task_group.py
[2023-10-18T21:16:39.574+0000] {processor.py:839} INFO - DAG(s) dict_keys(['example_task_group']) retrieved from /home/airflow/.local/lib/python3.8/site-packages/airflow/example_dags/example_task_group.py
[2023-10-18T21:16:39.604+0000] {logging_mixin.py:151} INFO - [2023-10-18T21:16:39.604+0000] {dag.py:2941} INFO - Sync 1 DAGs
[2023-10-18T21:16:39.638+0000] {logging_mixin.py:151} INFO - [2023-10-18T21:16:39.638+0000] {dag.py:3722} INFO - Setting next_dagrun for example_task_group to 2023-10-17T21:16:39.638071+00:00, run_after=2023-10-18T21:16:39.638071+00:00
[2023-10-18T21:16:39.665+0000] {processor.py:179} INFO - Processing /home/airflow/.local/lib/python3.8/site-packages/airflow/example_dags/example_task_group.py took 0.111 seconds
[2023-10-18T21:17:09.854+0000] {processor.py:157} INFO - Started process (PID=252) to work on /home/airflow/.local/lib/python3.8/site-packages/airflow/example_dags/example_task_group.py
[2023-10-18T21:17:09.855+0000] {processor.py:829} INFO - Processing file /home/airflow/.local/lib/python3.8/site-packages/airflow/example_dags/example_task_group.py for tasks to queue
[2023-10-18T21:17:09.858+0000] {logging_mixin.py:151} INFO - [2023-10-18T21:17:09.858+0000] {dagbag.py:536} INFO - Filling up the DagBag from /home/airflow/.local/lib/python3.8/site-packages/airflow/example_dags/example_task_group.py
[2023-10-18T21:17:09.868+0000] {processor.py:839} INFO - DAG(s) dict_keys(['example_task_group']) retrieved from /home/airflow/.local/lib/python3.8/site-packages/airflow/example_dags/example_task_group.py
[2023-10-18T21:17:09.893+0000] {logging_mixin.py:151} INFO - [2023-10-18T21:17:09.892+0000] {dag.py:2941} INFO - Sync 1 DAGs
[2023-10-18T21:17:09.918+0000] {logging_mixin.py:151} INFO - [2023-10-18T21:17:09.917+0000] {dag.py:3722} INFO - Setting next_dagrun for example_task_group to 2023-10-17T21:17:09.917401+00:00, run_after=2023-10-18T21:17:09.917401+00:00
[2023-10-18T21:17:09.934+0000] {processor.py:179} INFO - Processing /home/airflow/.local/lib/python3.8/site-packages/airflow/example_dags/example_task_group.py took 0.087 seconds
[2023-10-18T21:17:40.019+0000] {processor.py:157} INFO - Started process (PID=305) to work on /home/airflow/.local/lib/python3.8/site-packages/airflow/example_dags/example_task_group.py
[2023-10-18T21:17:40.021+0000] {processor.py:829} INFO - Processing file /home/airflow/.local/lib/python3.8/site-packages/airflow/example_dags/example_task_group.py for tasks to queue
[2023-10-18T21:17:40.025+0000] {logging_mixin.py:151} INFO - [2023-10-18T21:17:40.024+0000] {dagbag.py:536} INFO - Filling up the DagBag from /home/airflow/.local/lib/python3.8/site-packages/airflow/example_dags/example_task_group.py
[2023-10-18T21:17:40.038+0000] {processor.py:839} INFO - DAG(s) dict_keys(['example_task_group']) retrieved from /home/airflow/.local/lib/python3.8/site-packages/airflow/example_dags/example_task_group.py
[2023-10-18T21:17:40.056+0000] {logging_mixin.py:151} INFO - [2023-10-18T21:17:40.056+0000] {dag.py:2941} INFO - Sync 1 DAGs
[2023-10-18T21:17:40.086+0000] {logging_mixin.py:151} INFO - [2023-10-18T21:17:40.085+0000] {dag.py:3722} INFO - Setting next_dagrun for example_task_group to 2023-10-17T21:17:40.085543+00:00, run_after=2023-10-18T21:17:40.085543+00:00
[2023-10-18T21:17:40.106+0000] {processor.py:179} INFO - Processing /home/airflow/.local/lib/python3.8/site-packages/airflow/example_dags/example_task_group.py took 0.092 seconds
[2023-10-18T21:18:10.720+0000] {processor.py:157} INFO - Started process (PID=358) to work on /home/airflow/.local/lib/python3.8/site-packages/airflow/example_dags/example_task_group.py
[2023-10-18T21:18:10.721+0000] {processor.py:829} INFO - Processing file /home/airflow/.local/lib/python3.8/site-packages/airflow/example_dags/example_task_group.py for tasks to queue
[2023-10-18T21:18:10.724+0000] {logging_mixin.py:151} INFO - [2023-10-18T21:18:10.723+0000] {dagbag.py:536} INFO - Filling up the DagBag from /home/airflow/.local/lib/python3.8/site-packages/airflow/example_dags/example_task_group.py
[2023-10-18T21:18:10.732+0000] {processor.py:839} INFO - DAG(s) dict_keys(['example_task_group']) retrieved from /home/airflow/.local/lib/python3.8/site-packages/airflow/example_dags/example_task_group.py
[2023-10-18T21:18:10.756+0000] {logging_mixin.py:151} INFO - [2023-10-18T21:18:10.756+0000] {dag.py:2941} INFO - Sync 1 DAGs
[2023-10-18T21:18:10.793+0000] {logging_mixin.py:151} INFO - [2023-10-18T21:18:10.792+0000] {dag.py:3722} INFO - Setting next_dagrun for example_task_group to 2023-10-17T21:18:10.792593+00:00, run_after=2023-10-18T21:18:10.792593+00:00
[2023-10-18T21:18:10.820+0000] {processor.py:179} INFO - Processing /home/airflow/.local/lib/python3.8/site-packages/airflow/example_dags/example_task_group.py took 0.108 seconds
[2023-10-18T21:18:40.934+0000] {processor.py:157} INFO - Started process (PID=411) to work on /home/airflow/.local/lib/python3.8/site-packages/airflow/example_dags/example_task_group.py
[2023-10-18T21:18:40.935+0000] {processor.py:829} INFO - Processing file /home/airflow/.local/lib/python3.8/site-packages/airflow/example_dags/example_task_group.py for tasks to queue
[2023-10-18T21:18:40.938+0000] {logging_mixin.py:151} INFO - [2023-10-18T21:18:40.937+0000] {dagbag.py:536} INFO - Filling up the DagBag from /home/airflow/.local/lib/python3.8/site-packages/airflow/example_dags/example_task_group.py
[2023-10-18T21:18:40.946+0000] {processor.py:839} INFO - DAG(s) dict_keys(['example_task_group']) retrieved from /home/airflow/.local/lib/python3.8/site-packages/airflow/example_dags/example_task_group.py
[2023-10-18T21:18:40.968+0000] {logging_mixin.py:151} INFO - [2023-10-18T21:18:40.967+0000] {dag.py:2941} INFO - Sync 1 DAGs
[2023-10-18T21:18:40.993+0000] {logging_mixin.py:151} INFO - [2023-10-18T21:18:40.992+0000] {dag.py:3722} INFO - Setting next_dagrun for example_task_group to 2023-10-17T21:18:40.992616+00:00, run_after=2023-10-18T21:18:40.992616+00:00
[2023-10-18T21:18:41.011+0000] {processor.py:179} INFO - Processing /home/airflow/.local/lib/python3.8/site-packages/airflow/example_dags/example_task_group.py took 0.083 seconds
[2023-10-18T21:19:11.238+0000] {processor.py:157} INFO - Started process (PID=464) to work on /home/airflow/.local/lib/python3.8/site-packages/airflow/example_dags/example_task_group.py
[2023-10-18T21:19:11.239+0000] {processor.py:829} INFO - Processing file /home/airflow/.local/lib/python3.8/site-packages/airflow/example_dags/example_task_group.py for tasks to queue
[2023-10-18T21:19:11.242+0000] {logging_mixin.py:151} INFO - [2023-10-18T21:19:11.242+0000] {dagbag.py:536} INFO - Filling up the DagBag from /home/airflow/.local/lib/python3.8/site-packages/airflow/example_dags/example_task_group.py
[2023-10-18T21:19:11.251+0000] {processor.py:839} INFO - DAG(s) dict_keys(['example_task_group']) retrieved from /home/airflow/.local/lib/python3.8/site-packages/airflow/example_dags/example_task_group.py
[2023-10-18T21:19:11.280+0000] {logging_mixin.py:151} INFO - [2023-10-18T21:19:11.280+0000] {dag.py:2941} INFO - Sync 1 DAGs
[2023-10-18T21:19:11.308+0000] {logging_mixin.py:151} INFO - [2023-10-18T21:19:11.308+0000] {dag.py:3722} INFO - Setting next_dagrun for example_task_group to 2023-10-17T21:19:11.308051+00:00, run_after=2023-10-18T21:19:11.308051+00:00
[2023-10-18T21:19:11.328+0000] {processor.py:179} INFO - Processing /home/airflow/.local/lib/python3.8/site-packages/airflow/example_dags/example_task_group.py took 0.094 seconds
[2023-10-18T21:19:41.757+0000] {processor.py:157} INFO - Started process (PID=517) to work on /home/airflow/.local/lib/python3.8/site-packages/airflow/example_dags/example_task_group.py
[2023-10-18T21:19:41.758+0000] {processor.py:829} INFO - Processing file /home/airflow/.local/lib/python3.8/site-packages/airflow/example_dags/example_task_group.py for tasks to queue
[2023-10-18T21:19:41.761+0000] {logging_mixin.py:151} INFO - [2023-10-18T21:19:41.761+0000] {dagbag.py:536} INFO - Filling up the DagBag from /home/airflow/.local/lib/python3.8/site-packages/airflow/example_dags/example_task_group.py
[2023-10-18T21:19:41.770+0000] {processor.py:839} INFO - DAG(s) dict_keys(['example_task_group']) retrieved from /home/airflow/.local/lib/python3.8/site-packages/airflow/example_dags/example_task_group.py
[2023-10-18T21:19:41.795+0000] {logging_mixin.py:151} INFO - [2023-10-18T21:19:41.795+0000] {dag.py:2941} INFO - Sync 1 DAGs
[2023-10-18T21:19:41.821+0000] {logging_mixin.py:151} INFO - [2023-10-18T21:19:41.820+0000] {dag.py:3722} INFO - Setting next_dagrun for example_task_group to 2023-10-17T21:19:41.820415+00:00, run_after=2023-10-18T21:19:41.820415+00:00
[2023-10-18T21:19:41.840+0000] {processor.py:179} INFO - Processing /home/airflow/.local/lib/python3.8/site-packages/airflow/example_dags/example_task_group.py took 0.087 seconds
[2023-10-18T21:20:12.027+0000] {processor.py:157} INFO - Started process (PID=570) to work on /home/airflow/.local/lib/python3.8/site-packages/airflow/example_dags/example_task_group.py
[2023-10-18T21:20:12.029+0000] {processor.py:829} INFO - Processing file /home/airflow/.local/lib/python3.8/site-packages/airflow/example_dags/example_task_group.py for tasks to queue
[2023-10-18T21:20:12.032+0000] {logging_mixin.py:151} INFO - [2023-10-18T21:20:12.031+0000] {dagbag.py:536} INFO - Filling up the DagBag from /home/airflow/.local/lib/python3.8/site-packages/airflow/example_dags/example_task_group.py
[2023-10-18T21:20:12.041+0000] {processor.py:839} INFO - DAG(s) dict_keys(['example_task_group']) retrieved from /home/airflow/.local/lib/python3.8/site-packages/airflow/example_dags/example_task_group.py
[2023-10-18T21:20:12.071+0000] {logging_mixin.py:151} INFO - [2023-10-18T21:20:12.071+0000] {dag.py:2941} INFO - Sync 1 DAGs
[2023-10-18T21:20:12.101+0000] {logging_mixin.py:151} INFO - [2023-10-18T21:20:12.101+0000] {dag.py:3722} INFO - Setting next_dagrun for example_task_group to 2023-10-17T21:20:12.100755+00:00, run_after=2023-10-18T21:20:12.100755+00:00
[2023-10-18T21:20:12.122+0000] {processor.py:179} INFO - Processing /home/airflow/.local/lib/python3.8/site-packages/airflow/example_dags/example_task_group.py took 0.101 seconds
[2023-10-18T21:20:42.226+0000] {processor.py:157} INFO - Started process (PID=623) to work on /home/airflow/.local/lib/python3.8/site-packages/airflow/example_dags/example_task_group.py
[2023-10-18T21:20:42.228+0000] {processor.py:829} INFO - Processing file /home/airflow/.local/lib/python3.8/site-packages/airflow/example_dags/example_task_group.py for tasks to queue
[2023-10-18T21:20:42.230+0000] {logging_mixin.py:151} INFO - [2023-10-18T21:20:42.230+0000] {dagbag.py:536} INFO - Filling up the DagBag from /home/airflow/.local/lib/python3.8/site-packages/airflow/example_dags/example_task_group.py
[2023-10-18T21:20:42.239+0000] {processor.py:839} INFO - DAG(s) dict_keys(['example_task_group']) retrieved from /home/airflow/.local/lib/python3.8/site-packages/airflow/example_dags/example_task_group.py
[2023-10-18T21:20:42.264+0000] {logging_mixin.py:151} INFO - [2023-10-18T21:20:42.264+0000] {dag.py:2941} INFO - Sync 1 DAGs
[2023-10-18T21:20:42.290+0000] {logging_mixin.py:151} INFO - [2023-10-18T21:20:42.290+0000] {dag.py:3722} INFO - Setting next_dagrun for example_task_group to 2023-10-17T21:20:42.290116+00:00, run_after=2023-10-18T21:20:42.290116+00:00
[2023-10-18T21:20:42.307+0000] {processor.py:179} INFO - Processing /home/airflow/.local/lib/python3.8/site-packages/airflow/example_dags/example_task_group.py took 0.086 seconds
[2023-10-18T21:21:12.545+0000] {processor.py:157} INFO - Started process (PID=676) to work on /home/airflow/.local/lib/python3.8/site-packages/airflow/example_dags/example_task_group.py
[2023-10-18T21:21:12.547+0000] {processor.py:829} INFO - Processing file /home/airflow/.local/lib/python3.8/site-packages/airflow/example_dags/example_task_group.py for tasks to queue
[2023-10-18T21:21:12.550+0000] {logging_mixin.py:151} INFO - [2023-10-18T21:21:12.549+0000] {dagbag.py:536} INFO - Filling up the DagBag from /home/airflow/.local/lib/python3.8/site-packages/airflow/example_dags/example_task_group.py
[2023-10-18T21:21:12.559+0000] {processor.py:839} INFO - DAG(s) dict_keys(['example_task_group']) retrieved from /home/airflow/.local/lib/python3.8/site-packages/airflow/example_dags/example_task_group.py
[2023-10-18T21:21:12.586+0000] {logging_mixin.py:151} INFO - [2023-10-18T21:21:12.586+0000] {dag.py:2941} INFO - Sync 1 DAGs
[2023-10-18T21:21:12.610+0000] {logging_mixin.py:151} INFO - [2023-10-18T21:21:12.610+0000] {dag.py:3722} INFO - Setting next_dagrun for example_task_group to 2023-10-17T21:21:12.610032+00:00, run_after=2023-10-18T21:21:12.610032+00:00
[2023-10-18T21:21:12.628+0000] {processor.py:179} INFO - Processing /home/airflow/.local/lib/python3.8/site-packages/airflow/example_dags/example_task_group.py took 0.088 seconds
[2023-10-18T21:21:43.072+0000] {processor.py:157} INFO - Started process (PID=730) to work on /home/airflow/.local/lib/python3.8/site-packages/airflow/example_dags/example_task_group.py
[2023-10-18T21:21:43.073+0000] {processor.py:829} INFO - Processing file /home/airflow/.local/lib/python3.8/site-packages/airflow/example_dags/example_task_group.py for tasks to queue
[2023-10-18T21:21:43.076+0000] {logging_mixin.py:151} INFO - [2023-10-18T21:21:43.075+0000] {dagbag.py:536} INFO - Filling up the DagBag from /home/airflow/.local/lib/python3.8/site-packages/airflow/example_dags/example_task_group.py
[2023-10-18T21:21:43.084+0000] {processor.py:839} INFO - DAG(s) dict_keys(['example_task_group']) retrieved from /home/airflow/.local/lib/python3.8/site-packages/airflow/example_dags/example_task_group.py
[2023-10-18T21:21:43.124+0000] {logging_mixin.py:151} INFO - [2023-10-18T21:21:43.124+0000] {dag.py:2941} INFO - Sync 1 DAGs
[2023-10-18T21:21:43.155+0000] {logging_mixin.py:151} INFO - [2023-10-18T21:21:43.154+0000] {dag.py:3722} INFO - Setting next_dagrun for example_task_group to 2023-10-17T21:21:43.153748+00:00, run_after=2023-10-18T21:21:43.153748+00:00
[2023-10-18T21:21:43.175+0000] {processor.py:179} INFO - Processing /home/airflow/.local/lib/python3.8/site-packages/airflow/example_dags/example_task_group.py took 0.107 seconds
[2023-10-18T21:22:13.485+0000] {processor.py:157} INFO - Started process (PID=784) to work on /home/airflow/.local/lib/python3.8/site-packages/airflow/example_dags/example_task_group.py
[2023-10-18T21:22:13.486+0000] {processor.py:829} INFO - Processing file /home/airflow/.local/lib/python3.8/site-packages/airflow/example_dags/example_task_group.py for tasks to queue
[2023-10-18T21:22:13.489+0000] {logging_mixin.py:151} INFO - [2023-10-18T21:22:13.489+0000] {dagbag.py:536} INFO - Filling up the DagBag from /home/airflow/.local/lib/python3.8/site-packages/airflow/example_dags/example_task_group.py
[2023-10-18T21:22:13.498+0000] {processor.py:839} INFO - DAG(s) dict_keys(['example_task_group']) retrieved from /home/airflow/.local/lib/python3.8/site-packages/airflow/example_dags/example_task_group.py
[2023-10-18T21:22:13.521+0000] {logging_mixin.py:151} INFO - [2023-10-18T21:22:13.521+0000] {dag.py:2941} INFO - Sync 1 DAGs
[2023-10-18T21:22:13.548+0000] {logging_mixin.py:151} INFO - [2023-10-18T21:22:13.547+0000] {dag.py:3722} INFO - Setting next_dagrun for example_task_group to 2023-10-17T21:22:13.547652+00:00, run_after=2023-10-18T21:22:13.547652+00:00
[2023-10-18T21:22:13.564+0000] {processor.py:179} INFO - Processing /home/airflow/.local/lib/python3.8/site-packages/airflow/example_dags/example_task_group.py took 0.084 seconds
[2023-10-18T21:23:47.397+0000] {processor.py:157} INFO - Started process (PID=40) to work on /home/airflow/.local/lib/python3.8/site-packages/airflow/example_dags/example_task_group.py
[2023-10-18T21:23:47.399+0000] {processor.py:829} INFO - Processing file /home/airflow/.local/lib/python3.8/site-packages/airflow/example_dags/example_task_group.py for tasks to queue
[2023-10-18T21:23:47.402+0000] {logging_mixin.py:151} INFO - [2023-10-18T21:23:47.402+0000] {dagbag.py:536} INFO - Filling up the DagBag from /home/airflow/.local/lib/python3.8/site-packages/airflow/example_dags/example_task_group.py
[2023-10-18T21:23:47.413+0000] {processor.py:839} INFO - DAG(s) dict_keys(['example_task_group']) retrieved from /home/airflow/.local/lib/python3.8/site-packages/airflow/example_dags/example_task_group.py
[2023-10-18T21:23:47.426+0000] {logging_mixin.py:151} INFO - [2023-10-18T21:23:47.426+0000] {dag.py:2941} INFO - Sync 1 DAGs
[2023-10-18T21:23:47.452+0000] {logging_mixin.py:151} INFO - [2023-10-18T21:23:47.452+0000] {dag.py:3722} INFO - Setting next_dagrun for example_task_group to 2023-10-17T21:23:47.452173+00:00, run_after=2023-10-18T21:23:47.452173+00:00
[2023-10-18T21:23:47.475+0000] {processor.py:179} INFO - Processing /home/airflow/.local/lib/python3.8/site-packages/airflow/example_dags/example_task_group.py took 0.082 seconds
[2023-10-18T21:24:17.624+0000] {processor.py:157} INFO - Started process (PID=93) to work on /home/airflow/.local/lib/python3.8/site-packages/airflow/example_dags/example_task_group.py
[2023-10-18T21:24:17.625+0000] {processor.py:829} INFO - Processing file /home/airflow/.local/lib/python3.8/site-packages/airflow/example_dags/example_task_group.py for tasks to queue
[2023-10-18T21:24:17.628+0000] {logging_mixin.py:151} INFO - [2023-10-18T21:24:17.628+0000] {dagbag.py:536} INFO - Filling up the DagBag from /home/airflow/.local/lib/python3.8/site-packages/airflow/example_dags/example_task_group.py
[2023-10-18T21:24:17.637+0000] {processor.py:839} INFO - DAG(s) dict_keys(['example_task_group']) retrieved from /home/airflow/.local/lib/python3.8/site-packages/airflow/example_dags/example_task_group.py
[2023-10-18T21:24:17.663+0000] {logging_mixin.py:151} INFO - [2023-10-18T21:24:17.663+0000] {dag.py:2941} INFO - Sync 1 DAGs
[2023-10-18T21:24:17.691+0000] {logging_mixin.py:151} INFO - [2023-10-18T21:24:17.691+0000] {dag.py:3722} INFO - Setting next_dagrun for example_task_group to 2023-10-17T21:24:17.691427+00:00, run_after=2023-10-18T21:24:17.691427+00:00
[2023-10-18T21:24:17.712+0000] {processor.py:179} INFO - Processing /home/airflow/.local/lib/python3.8/site-packages/airflow/example_dags/example_task_group.py took 0.092 seconds
[2023-10-18T21:24:48.060+0000] {processor.py:157} INFO - Started process (PID=146) to work on /home/airflow/.local/lib/python3.8/site-packages/airflow/example_dags/example_task_group.py
[2023-10-18T21:24:48.062+0000] {processor.py:829} INFO - Processing file /home/airflow/.local/lib/python3.8/site-packages/airflow/example_dags/example_task_group.py for tasks to queue
[2023-10-18T21:24:48.064+0000] {logging_mixin.py:151} INFO - [2023-10-18T21:24:48.064+0000] {dagbag.py:536} INFO - Filling up the DagBag from /home/airflow/.local/lib/python3.8/site-packages/airflow/example_dags/example_task_group.py
[2023-10-18T21:24:48.073+0000] {processor.py:839} INFO - DAG(s) dict_keys(['example_task_group']) retrieved from /home/airflow/.local/lib/python3.8/site-packages/airflow/example_dags/example_task_group.py
[2023-10-18T21:24:48.101+0000] {logging_mixin.py:151} INFO - [2023-10-18T21:24:48.101+0000] {dag.py:2941} INFO - Sync 1 DAGs
[2023-10-18T21:24:48.129+0000] {logging_mixin.py:151} INFO - [2023-10-18T21:24:48.129+0000] {dag.py:3722} INFO - Setting next_dagrun for example_task_group to 2023-10-17T21:24:48.128833+00:00, run_after=2023-10-18T21:24:48.128833+00:00
[2023-10-18T21:24:48.149+0000] {processor.py:179} INFO - Processing /home/airflow/.local/lib/python3.8/site-packages/airflow/example_dags/example_task_group.py took 0.093 seconds
[2023-10-18T21:25:18.181+0000] {processor.py:157} INFO - Started process (PID=199) to work on /home/airflow/.local/lib/python3.8/site-packages/airflow/example_dags/example_task_group.py
[2023-10-18T21:25:18.182+0000] {processor.py:829} INFO - Processing file /home/airflow/.local/lib/python3.8/site-packages/airflow/example_dags/example_task_group.py for tasks to queue
[2023-10-18T21:25:18.185+0000] {logging_mixin.py:151} INFO - [2023-10-18T21:25:18.185+0000] {dagbag.py:536} INFO - Filling up the DagBag from /home/airflow/.local/lib/python3.8/site-packages/airflow/example_dags/example_task_group.py
[2023-10-18T21:25:18.193+0000] {processor.py:839} INFO - DAG(s) dict_keys(['example_task_group']) retrieved from /home/airflow/.local/lib/python3.8/site-packages/airflow/example_dags/example_task_group.py
[2023-10-18T21:25:18.210+0000] {logging_mixin.py:151} INFO - [2023-10-18T21:25:18.210+0000] {dag.py:2941} INFO - Sync 1 DAGs
[2023-10-18T21:25:18.239+0000] {logging_mixin.py:151} INFO - [2023-10-18T21:25:18.239+0000] {dag.py:3722} INFO - Setting next_dagrun for example_task_group to 2023-10-17T21:25:18.238748+00:00, run_after=2023-10-18T21:25:18.238748+00:00
[2023-10-18T21:25:18.260+0000] {processor.py:179} INFO - Processing /home/airflow/.local/lib/python3.8/site-packages/airflow/example_dags/example_task_group.py took 0.084 seconds
[2023-10-18T21:25:48.526+0000] {processor.py:157} INFO - Started process (PID=252) to work on /home/airflow/.local/lib/python3.8/site-packages/airflow/example_dags/example_task_group.py
[2023-10-18T21:25:48.528+0000] {processor.py:829} INFO - Processing file /home/airflow/.local/lib/python3.8/site-packages/airflow/example_dags/example_task_group.py for tasks to queue
[2023-10-18T21:25:48.531+0000] {logging_mixin.py:151} INFO - [2023-10-18T21:25:48.530+0000] {dagbag.py:536} INFO - Filling up the DagBag from /home/airflow/.local/lib/python3.8/site-packages/airflow/example_dags/example_task_group.py
[2023-10-18T21:25:48.539+0000] {processor.py:839} INFO - DAG(s) dict_keys(['example_task_group']) retrieved from /home/airflow/.local/lib/python3.8/site-packages/airflow/example_dags/example_task_group.py
[2023-10-18T21:25:48.570+0000] {logging_mixin.py:151} INFO - [2023-10-18T21:25:48.570+0000] {dag.py:2941} INFO - Sync 1 DAGs
[2023-10-18T21:25:48.592+0000] {logging_mixin.py:151} INFO - [2023-10-18T21:25:48.592+0000] {dag.py:3722} INFO - Setting next_dagrun for example_task_group to 2023-10-17T21:25:48.592250+00:00, run_after=2023-10-18T21:25:48.592250+00:00
[2023-10-18T21:25:48.609+0000] {processor.py:179} INFO - Processing /home/airflow/.local/lib/python3.8/site-packages/airflow/example_dags/example_task_group.py took 0.089 seconds
[2023-10-18T21:26:18.974+0000] {processor.py:157} INFO - Started process (PID=305) to work on /home/airflow/.local/lib/python3.8/site-packages/airflow/example_dags/example_task_group.py
[2023-10-18T21:26:18.975+0000] {processor.py:829} INFO - Processing file /home/airflow/.local/lib/python3.8/site-packages/airflow/example_dags/example_task_group.py for tasks to queue
[2023-10-18T21:26:18.978+0000] {logging_mixin.py:151} INFO - [2023-10-18T21:26:18.977+0000] {dagbag.py:536} INFO - Filling up the DagBag from /home/airflow/.local/lib/python3.8/site-packages/airflow/example_dags/example_task_group.py
[2023-10-18T21:26:18.986+0000] {processor.py:839} INFO - DAG(s) dict_keys(['example_task_group']) retrieved from /home/airflow/.local/lib/python3.8/site-packages/airflow/example_dags/example_task_group.py
[2023-10-18T21:26:19.019+0000] {logging_mixin.py:151} INFO - [2023-10-18T21:26:19.019+0000] {dag.py:2941} INFO - Sync 1 DAGs
[2023-10-18T21:26:19.044+0000] {logging_mixin.py:151} INFO - [2023-10-18T21:26:19.044+0000] {dag.py:3722} INFO - Setting next_dagrun for example_task_group to 2023-10-17T21:26:19.044352+00:00, run_after=2023-10-18T21:26:19.044352+00:00
[2023-10-18T21:26:19.064+0000] {processor.py:179} INFO - Processing /home/airflow/.local/lib/python3.8/site-packages/airflow/example_dags/example_task_group.py took 0.095 seconds
[2023-10-18T21:26:49.282+0000] {processor.py:157} INFO - Started process (PID=358) to work on /home/airflow/.local/lib/python3.8/site-packages/airflow/example_dags/example_task_group.py
[2023-10-18T21:26:49.283+0000] {processor.py:829} INFO - Processing file /home/airflow/.local/lib/python3.8/site-packages/airflow/example_dags/example_task_group.py for tasks to queue
[2023-10-18T21:26:49.286+0000] {logging_mixin.py:151} INFO - [2023-10-18T21:26:49.286+0000] {dagbag.py:536} INFO - Filling up the DagBag from /home/airflow/.local/lib/python3.8/site-packages/airflow/example_dags/example_task_group.py
[2023-10-18T21:26:49.295+0000] {processor.py:839} INFO - DAG(s) dict_keys(['example_task_group']) retrieved from /home/airflow/.local/lib/python3.8/site-packages/airflow/example_dags/example_task_group.py
[2023-10-18T21:26:49.323+0000] {logging_mixin.py:151} INFO - [2023-10-18T21:26:49.323+0000] {dag.py:2941} INFO - Sync 1 DAGs
[2023-10-18T21:26:49.350+0000] {logging_mixin.py:151} INFO - [2023-10-18T21:26:49.350+0000] {dag.py:3722} INFO - Setting next_dagrun for example_task_group to 2023-10-17T21:26:49.350317+00:00, run_after=2023-10-18T21:26:49.350317+00:00
[2023-10-18T21:26:49.370+0000] {processor.py:179} INFO - Processing /home/airflow/.local/lib/python3.8/site-packages/airflow/example_dags/example_task_group.py took 0.095 seconds
[2023-10-18T21:27:20.334+0000] {processor.py:157} INFO - Started process (PID=411) to work on /home/airflow/.local/lib/python3.8/site-packages/airflow/example_dags/example_task_group.py
[2023-10-18T21:27:20.336+0000] {processor.py:829} INFO - Processing file /home/airflow/.local/lib/python3.8/site-packages/airflow/example_dags/example_task_group.py for tasks to queue
[2023-10-18T21:27:20.339+0000] {logging_mixin.py:151} INFO - [2023-10-18T21:27:20.338+0000] {dagbag.py:536} INFO - Filling up the DagBag from /home/airflow/.local/lib/python3.8/site-packages/airflow/example_dags/example_task_group.py
[2023-10-18T21:27:20.347+0000] {processor.py:839} INFO - DAG(s) dict_keys(['example_task_group']) retrieved from /home/airflow/.local/lib/python3.8/site-packages/airflow/example_dags/example_task_group.py
[2023-10-18T21:27:20.377+0000] {logging_mixin.py:151} INFO - [2023-10-18T21:27:20.376+0000] {dag.py:2941} INFO - Sync 1 DAGs
[2023-10-18T21:27:20.406+0000] {logging_mixin.py:151} INFO - [2023-10-18T21:27:20.406+0000] {dag.py:3722} INFO - Setting next_dagrun for example_task_group to 2023-10-17T21:27:20.405793+00:00, run_after=2023-10-18T21:27:20.405793+00:00
[2023-10-18T21:27:20.428+0000] {processor.py:179} INFO - Processing /home/airflow/.local/lib/python3.8/site-packages/airflow/example_dags/example_task_group.py took 0.099 seconds
[2023-10-18T21:27:50.722+0000] {processor.py:157} INFO - Started process (PID=464) to work on /home/airflow/.local/lib/python3.8/site-packages/airflow/example_dags/example_task_group.py
[2023-10-18T21:27:50.723+0000] {processor.py:829} INFO - Processing file /home/airflow/.local/lib/python3.8/site-packages/airflow/example_dags/example_task_group.py for tasks to queue
[2023-10-18T21:27:50.726+0000] {logging_mixin.py:151} INFO - [2023-10-18T21:27:50.726+0000] {dagbag.py:536} INFO - Filling up the DagBag from /home/airflow/.local/lib/python3.8/site-packages/airflow/example_dags/example_task_group.py
[2023-10-18T21:27:50.736+0000] {processor.py:839} INFO - DAG(s) dict_keys(['example_task_group']) retrieved from /home/airflow/.local/lib/python3.8/site-packages/airflow/example_dags/example_task_group.py
[2023-10-18T21:27:50.771+0000] {logging_mixin.py:151} INFO - [2023-10-18T21:27:50.771+0000] {dag.py:2941} INFO - Sync 1 DAGs
[2023-10-18T21:27:50.799+0000] {logging_mixin.py:151} INFO - [2023-10-18T21:27:50.799+0000] {dag.py:3722} INFO - Setting next_dagrun for example_task_group to 2023-10-17T21:27:50.799202+00:00, run_after=2023-10-18T21:27:50.799202+00:00
[2023-10-18T21:27:50.820+0000] {processor.py:179} INFO - Processing /home/airflow/.local/lib/python3.8/site-packages/airflow/example_dags/example_task_group.py took 0.106 seconds
[2023-10-18T21:28:20.884+0000] {processor.py:157} INFO - Started process (PID=517) to work on /home/airflow/.local/lib/python3.8/site-packages/airflow/example_dags/example_task_group.py
[2023-10-18T21:28:20.885+0000] {processor.py:829} INFO - Processing file /home/airflow/.local/lib/python3.8/site-packages/airflow/example_dags/example_task_group.py for tasks to queue
[2023-10-18T21:28:20.889+0000] {logging_mixin.py:151} INFO - [2023-10-18T21:28:20.889+0000] {dagbag.py:536} INFO - Filling up the DagBag from /home/airflow/.local/lib/python3.8/site-packages/airflow/example_dags/example_task_group.py
[2023-10-18T21:28:20.907+0000] {processor.py:839} INFO - DAG(s) dict_keys(['example_task_group']) retrieved from /home/airflow/.local/lib/python3.8/site-packages/airflow/example_dags/example_task_group.py
[2023-10-18T21:28:20.934+0000] {logging_mixin.py:151} INFO - [2023-10-18T21:28:20.934+0000] {dag.py:2941} INFO - Sync 1 DAGs
[2023-10-18T21:28:20.957+0000] {logging_mixin.py:151} INFO - [2023-10-18T21:28:20.957+0000] {dag.py:3722} INFO - Setting next_dagrun for example_task_group to 2023-10-17T21:28:20.957165+00:00, run_after=2023-10-18T21:28:20.957165+00:00
[2023-10-18T21:28:20.975+0000] {processor.py:179} INFO - Processing /home/airflow/.local/lib/python3.8/site-packages/airflow/example_dags/example_task_group.py took 0.099 seconds
[2023-10-18T21:28:51.013+0000] {processor.py:157} INFO - Started process (PID=570) to work on /home/airflow/.local/lib/python3.8/site-packages/airflow/example_dags/example_task_group.py
[2023-10-18T21:28:51.015+0000] {processor.py:829} INFO - Processing file /home/airflow/.local/lib/python3.8/site-packages/airflow/example_dags/example_task_group.py for tasks to queue
[2023-10-18T21:28:51.017+0000] {logging_mixin.py:151} INFO - [2023-10-18T21:28:51.017+0000] {dagbag.py:536} INFO - Filling up the DagBag from /home/airflow/.local/lib/python3.8/site-packages/airflow/example_dags/example_task_group.py
[2023-10-18T21:28:51.026+0000] {processor.py:839} INFO - DAG(s) dict_keys(['example_task_group']) retrieved from /home/airflow/.local/lib/python3.8/site-packages/airflow/example_dags/example_task_group.py
[2023-10-18T21:28:51.056+0000] {logging_mixin.py:151} INFO - [2023-10-18T21:28:51.055+0000] {dag.py:2941} INFO - Sync 1 DAGs
[2023-10-18T21:28:51.082+0000] {logging_mixin.py:151} INFO - [2023-10-18T21:28:51.082+0000] {dag.py:3722} INFO - Setting next_dagrun for example_task_group to 2023-10-17T21:28:51.082438+00:00, run_after=2023-10-18T21:28:51.082438+00:00
[2023-10-18T21:28:51.103+0000] {processor.py:179} INFO - Processing /home/airflow/.local/lib/python3.8/site-packages/airflow/example_dags/example_task_group.py took 0.097 seconds
[2023-10-18T21:29:21.339+0000] {processor.py:157} INFO - Started process (PID=623) to work on /home/airflow/.local/lib/python3.8/site-packages/airflow/example_dags/example_task_group.py
[2023-10-18T21:29:21.341+0000] {processor.py:829} INFO - Processing file /home/airflow/.local/lib/python3.8/site-packages/airflow/example_dags/example_task_group.py for tasks to queue
[2023-10-18T21:29:21.343+0000] {logging_mixin.py:151} INFO - [2023-10-18T21:29:21.343+0000] {dagbag.py:536} INFO - Filling up the DagBag from /home/airflow/.local/lib/python3.8/site-packages/airflow/example_dags/example_task_group.py
[2023-10-18T21:29:21.352+0000] {processor.py:839} INFO - DAG(s) dict_keys(['example_task_group']) retrieved from /home/airflow/.local/lib/python3.8/site-packages/airflow/example_dags/example_task_group.py
[2023-10-18T21:29:21.381+0000] {logging_mixin.py:151} INFO - [2023-10-18T21:29:21.381+0000] {dag.py:2941} INFO - Sync 1 DAGs
[2023-10-18T21:29:21.406+0000] {logging_mixin.py:151} INFO - [2023-10-18T21:29:21.406+0000] {dag.py:3722} INFO - Setting next_dagrun for example_task_group to 2023-10-17T21:29:21.405729+00:00, run_after=2023-10-18T21:29:21.405729+00:00
[2023-10-18T21:29:21.424+0000] {processor.py:179} INFO - Processing /home/airflow/.local/lib/python3.8/site-packages/airflow/example_dags/example_task_group.py took 0.092 seconds
[2023-10-18T21:29:51.607+0000] {processor.py:157} INFO - Started process (PID=676) to work on /home/airflow/.local/lib/python3.8/site-packages/airflow/example_dags/example_task_group.py
[2023-10-18T21:29:51.608+0000] {processor.py:829} INFO - Processing file /home/airflow/.local/lib/python3.8/site-packages/airflow/example_dags/example_task_group.py for tasks to queue
[2023-10-18T21:29:51.611+0000] {logging_mixin.py:151} INFO - [2023-10-18T21:29:51.611+0000] {dagbag.py:536} INFO - Filling up the DagBag from /home/airflow/.local/lib/python3.8/site-packages/airflow/example_dags/example_task_group.py
[2023-10-18T21:29:51.620+0000] {processor.py:839} INFO - DAG(s) dict_keys(['example_task_group']) retrieved from /home/airflow/.local/lib/python3.8/site-packages/airflow/example_dags/example_task_group.py
[2023-10-18T21:29:51.650+0000] {logging_mixin.py:151} INFO - [2023-10-18T21:29:51.649+0000] {dag.py:2941} INFO - Sync 1 DAGs
[2023-10-18T21:29:51.677+0000] {logging_mixin.py:151} INFO - [2023-10-18T21:29:51.676+0000] {dag.py:3722} INFO - Setting next_dagrun for example_task_group to 2023-10-17T21:29:51.676505+00:00, run_after=2023-10-18T21:29:51.676505+00:00
[2023-10-18T21:29:51.697+0000] {processor.py:179} INFO - Processing /home/airflow/.local/lib/python3.8/site-packages/airflow/example_dags/example_task_group.py took 0.097 seconds
[2023-10-18T21:30:21.934+0000] {processor.py:157} INFO - Started process (PID=730) to work on /home/airflow/.local/lib/python3.8/site-packages/airflow/example_dags/example_task_group.py
[2023-10-18T21:30:21.936+0000] {processor.py:829} INFO - Processing file /home/airflow/.local/lib/python3.8/site-packages/airflow/example_dags/example_task_group.py for tasks to queue
[2023-10-18T21:30:21.940+0000] {logging_mixin.py:151} INFO - [2023-10-18T21:30:21.940+0000] {dagbag.py:536} INFO - Filling up the DagBag from /home/airflow/.local/lib/python3.8/site-packages/airflow/example_dags/example_task_group.py
[2023-10-18T21:30:21.951+0000] {processor.py:839} INFO - DAG(s) dict_keys(['example_task_group']) retrieved from /home/airflow/.local/lib/python3.8/site-packages/airflow/example_dags/example_task_group.py
[2023-10-18T21:30:21.978+0000] {logging_mixin.py:151} INFO - [2023-10-18T21:30:21.978+0000] {dag.py:2941} INFO - Sync 1 DAGs
[2023-10-18T21:30:22.002+0000] {logging_mixin.py:151} INFO - [2023-10-18T21:30:22.002+0000] {dag.py:3722} INFO - Setting next_dagrun for example_task_group to 2023-10-17T21:30:22.001907+00:00, run_after=2023-10-18T21:30:22.001907+00:00
[2023-10-18T21:30:22.021+0000] {processor.py:179} INFO - Processing /home/airflow/.local/lib/python3.8/site-packages/airflow/example_dags/example_task_group.py took 0.096 seconds
[2023-10-18T21:30:52.216+0000] {processor.py:157} INFO - Started process (PID=784) to work on /home/airflow/.local/lib/python3.8/site-packages/airflow/example_dags/example_task_group.py
[2023-10-18T21:30:52.217+0000] {processor.py:829} INFO - Processing file /home/airflow/.local/lib/python3.8/site-packages/airflow/example_dags/example_task_group.py for tasks to queue
[2023-10-18T21:30:52.220+0000] {logging_mixin.py:151} INFO - [2023-10-18T21:30:52.219+0000] {dagbag.py:536} INFO - Filling up the DagBag from /home/airflow/.local/lib/python3.8/site-packages/airflow/example_dags/example_task_group.py
[2023-10-18T21:30:52.229+0000] {processor.py:839} INFO - DAG(s) dict_keys(['example_task_group']) retrieved from /home/airflow/.local/lib/python3.8/site-packages/airflow/example_dags/example_task_group.py
[2023-10-18T21:30:52.259+0000] {logging_mixin.py:151} INFO - [2023-10-18T21:30:52.258+0000] {dag.py:2941} INFO - Sync 1 DAGs
[2023-10-18T21:30:52.293+0000] {logging_mixin.py:151} INFO - [2023-10-18T21:30:52.292+0000] {dag.py:3722} INFO - Setting next_dagrun for example_task_group to 2023-10-17T21:30:52.292183+00:00, run_after=2023-10-18T21:30:52.292183+00:00
[2023-10-18T21:30:52.314+0000] {processor.py:179} INFO - Processing /home/airflow/.local/lib/python3.8/site-packages/airflow/example_dags/example_task_group.py took 0.104 seconds
[2023-10-18T21:31:22.496+0000] {processor.py:157} INFO - Started process (PID=837) to work on /home/airflow/.local/lib/python3.8/site-packages/airflow/example_dags/example_task_group.py
[2023-10-18T21:31:22.498+0000] {processor.py:829} INFO - Processing file /home/airflow/.local/lib/python3.8/site-packages/airflow/example_dags/example_task_group.py for tasks to queue
[2023-10-18T21:31:22.501+0000] {logging_mixin.py:151} INFO - [2023-10-18T21:31:22.500+0000] {dagbag.py:536} INFO - Filling up the DagBag from /home/airflow/.local/lib/python3.8/site-packages/airflow/example_dags/example_task_group.py
[2023-10-18T21:31:22.508+0000] {processor.py:839} INFO - DAG(s) dict_keys(['example_task_group']) retrieved from /home/airflow/.local/lib/python3.8/site-packages/airflow/example_dags/example_task_group.py
[2023-10-18T21:31:22.533+0000] {logging_mixin.py:151} INFO - [2023-10-18T21:31:22.533+0000] {dag.py:2941} INFO - Sync 1 DAGs
[2023-10-18T21:31:22.557+0000] {logging_mixin.py:151} INFO - [2023-10-18T21:31:22.557+0000] {dag.py:3722} INFO - Setting next_dagrun for example_task_group to 2023-10-17T21:31:22.557101+00:00, run_after=2023-10-18T21:31:22.557101+00:00
[2023-10-18T21:31:22.574+0000] {processor.py:179} INFO - Processing /home/airflow/.local/lib/python3.8/site-packages/airflow/example_dags/example_task_group.py took 0.085 seconds
