[2023-10-18T21:06:47.899+0000] {processor.py:157} INFO - Started process (PID=66) to work on /home/airflow/.local/lib/python3.8/site-packages/airflow/example_dags/example_setup_teardown_taskflow.py
[2023-10-18T21:06:47.900+0000] {processor.py:829} INFO - Processing file /home/airflow/.local/lib/python3.8/site-packages/airflow/example_dags/example_setup_teardown_taskflow.py for tasks to queue
[2023-10-18T21:06:47.903+0000] {logging_mixin.py:151} INFO - [2023-10-18T21:06:47.902+0000] {dagbag.py:536} INFO - Filling up the DagBag from /home/airflow/.local/lib/python3.8/site-packages/airflow/example_dags/example_setup_teardown_taskflow.py
[2023-10-18T21:06:47.920+0000] {processor.py:839} INFO - DAG(s) dict_keys(['example_setup_teardown_taskflow']) retrieved from /home/airflow/.local/lib/python3.8/site-packages/airflow/example_dags/example_setup_teardown_taskflow.py
[2023-10-18T21:06:47.938+0000] {logging_mixin.py:151} INFO - [2023-10-18T21:06:47.938+0000] {dag.py:2941} INFO - Sync 1 DAGs
[2023-10-18T21:06:47.969+0000] {logging_mixin.py:151} INFO - [2023-10-18T21:06:47.968+0000] {dag.py:3722} INFO - Setting next_dagrun for example_setup_teardown_taskflow to 2023-10-17T21:06:47.968417+00:00, run_after=2023-10-18T21:06:47.968417+00:00
[2023-10-18T21:06:47.997+0000] {processor.py:179} INFO - Processing /home/airflow/.local/lib/python3.8/site-packages/airflow/example_dags/example_setup_teardown_taskflow.py took 0.102 seconds
[2023-10-18T21:07:18.582+0000] {processor.py:157} INFO - Started process (PID=119) to work on /home/airflow/.local/lib/python3.8/site-packages/airflow/example_dags/example_setup_teardown_taskflow.py
[2023-10-18T21:07:18.583+0000] {processor.py:829} INFO - Processing file /home/airflow/.local/lib/python3.8/site-packages/airflow/example_dags/example_setup_teardown_taskflow.py for tasks to queue
[2023-10-18T21:07:18.585+0000] {logging_mixin.py:151} INFO - [2023-10-18T21:07:18.585+0000] {dagbag.py:536} INFO - Filling up the DagBag from /home/airflow/.local/lib/python3.8/site-packages/airflow/example_dags/example_setup_teardown_taskflow.py
[2023-10-18T21:07:18.596+0000] {processor.py:839} INFO - DAG(s) dict_keys(['example_setup_teardown_taskflow']) retrieved from /home/airflow/.local/lib/python3.8/site-packages/airflow/example_dags/example_setup_teardown_taskflow.py
[2023-10-18T21:07:18.622+0000] {logging_mixin.py:151} INFO - [2023-10-18T21:07:18.622+0000] {dag.py:2941} INFO - Sync 1 DAGs
[2023-10-18T21:07:18.648+0000] {logging_mixin.py:151} INFO - [2023-10-18T21:07:18.648+0000] {dag.py:3722} INFO - Setting next_dagrun for example_setup_teardown_taskflow to 2023-10-17T21:07:18.647657+00:00, run_after=2023-10-18T21:07:18.647657+00:00
[2023-10-18T21:07:18.670+0000] {processor.py:179} INFO - Processing /home/airflow/.local/lib/python3.8/site-packages/airflow/example_dags/example_setup_teardown_taskflow.py took 0.093 seconds
[2023-10-18T21:07:48.785+0000] {processor.py:157} INFO - Started process (PID=172) to work on /home/airflow/.local/lib/python3.8/site-packages/airflow/example_dags/example_setup_teardown_taskflow.py
[2023-10-18T21:07:48.787+0000] {processor.py:829} INFO - Processing file /home/airflow/.local/lib/python3.8/site-packages/airflow/example_dags/example_setup_teardown_taskflow.py for tasks to queue
[2023-10-18T21:07:48.789+0000] {logging_mixin.py:151} INFO - [2023-10-18T21:07:48.789+0000] {dagbag.py:536} INFO - Filling up the DagBag from /home/airflow/.local/lib/python3.8/site-packages/airflow/example_dags/example_setup_teardown_taskflow.py
[2023-10-18T21:07:48.801+0000] {processor.py:839} INFO - DAG(s) dict_keys(['example_setup_teardown_taskflow']) retrieved from /home/airflow/.local/lib/python3.8/site-packages/airflow/example_dags/example_setup_teardown_taskflow.py
[2023-10-18T21:07:48.828+0000] {logging_mixin.py:151} INFO - [2023-10-18T21:07:48.828+0000] {dag.py:2941} INFO - Sync 1 DAGs
[2023-10-18T21:07:48.856+0000] {logging_mixin.py:151} INFO - [2023-10-18T21:07:48.856+0000] {dag.py:3722} INFO - Setting next_dagrun for example_setup_teardown_taskflow to 2023-10-17T21:07:48.856014+00:00, run_after=2023-10-18T21:07:48.856014+00:00
[2023-10-18T21:07:48.879+0000] {processor.py:179} INFO - Processing /home/airflow/.local/lib/python3.8/site-packages/airflow/example_dags/example_setup_teardown_taskflow.py took 0.099 seconds
[2023-10-18T21:08:19.223+0000] {processor.py:157} INFO - Started process (PID=225) to work on /home/airflow/.local/lib/python3.8/site-packages/airflow/example_dags/example_setup_teardown_taskflow.py
[2023-10-18T21:08:19.224+0000] {processor.py:829} INFO - Processing file /home/airflow/.local/lib/python3.8/site-packages/airflow/example_dags/example_setup_teardown_taskflow.py for tasks to queue
[2023-10-18T21:08:19.228+0000] {logging_mixin.py:151} INFO - [2023-10-18T21:08:19.227+0000] {dagbag.py:536} INFO - Filling up the DagBag from /home/airflow/.local/lib/python3.8/site-packages/airflow/example_dags/example_setup_teardown_taskflow.py
[2023-10-18T21:08:19.239+0000] {processor.py:839} INFO - DAG(s) dict_keys(['example_setup_teardown_taskflow']) retrieved from /home/airflow/.local/lib/python3.8/site-packages/airflow/example_dags/example_setup_teardown_taskflow.py
[2023-10-18T21:08:19.267+0000] {logging_mixin.py:151} INFO - [2023-10-18T21:08:19.267+0000] {dag.py:2941} INFO - Sync 1 DAGs
[2023-10-18T21:08:19.295+0000] {logging_mixin.py:151} INFO - [2023-10-18T21:08:19.295+0000] {dag.py:3722} INFO - Setting next_dagrun for example_setup_teardown_taskflow to 2023-10-17T21:08:19.295219+00:00, run_after=2023-10-18T21:08:19.295219+00:00
[2023-10-18T21:08:19.316+0000] {processor.py:179} INFO - Processing /home/airflow/.local/lib/python3.8/site-packages/airflow/example_dags/example_setup_teardown_taskflow.py took 0.099 seconds
[2023-10-18T21:08:49.829+0000] {processor.py:157} INFO - Started process (PID=279) to work on /home/airflow/.local/lib/python3.8/site-packages/airflow/example_dags/example_setup_teardown_taskflow.py
[2023-10-18T21:08:49.830+0000] {processor.py:829} INFO - Processing file /home/airflow/.local/lib/python3.8/site-packages/airflow/example_dags/example_setup_teardown_taskflow.py for tasks to queue
[2023-10-18T21:08:49.833+0000] {logging_mixin.py:151} INFO - [2023-10-18T21:08:49.833+0000] {dagbag.py:536} INFO - Filling up the DagBag from /home/airflow/.local/lib/python3.8/site-packages/airflow/example_dags/example_setup_teardown_taskflow.py
[2023-10-18T21:08:49.845+0000] {processor.py:839} INFO - DAG(s) dict_keys(['example_setup_teardown_taskflow']) retrieved from /home/airflow/.local/lib/python3.8/site-packages/airflow/example_dags/example_setup_teardown_taskflow.py
[2023-10-18T21:08:49.872+0000] {logging_mixin.py:151} INFO - [2023-10-18T21:08:49.871+0000] {dag.py:2941} INFO - Sync 1 DAGs
[2023-10-18T21:08:49.901+0000] {logging_mixin.py:151} INFO - [2023-10-18T21:08:49.901+0000] {dag.py:3722} INFO - Setting next_dagrun for example_setup_teardown_taskflow to 2023-10-17T21:08:49.900778+00:00, run_after=2023-10-18T21:08:49.900778+00:00
[2023-10-18T21:08:49.921+0000] {processor.py:179} INFO - Processing /home/airflow/.local/lib/python3.8/site-packages/airflow/example_dags/example_setup_teardown_taskflow.py took 0.097 seconds
[2023-10-18T21:09:20.618+0000] {processor.py:157} INFO - Started process (PID=332) to work on /home/airflow/.local/lib/python3.8/site-packages/airflow/example_dags/example_setup_teardown_taskflow.py
[2023-10-18T21:09:20.619+0000] {processor.py:829} INFO - Processing file /home/airflow/.local/lib/python3.8/site-packages/airflow/example_dags/example_setup_teardown_taskflow.py for tasks to queue
[2023-10-18T21:09:20.622+0000] {logging_mixin.py:151} INFO - [2023-10-18T21:09:20.622+0000] {dagbag.py:536} INFO - Filling up the DagBag from /home/airflow/.local/lib/python3.8/site-packages/airflow/example_dags/example_setup_teardown_taskflow.py
[2023-10-18T21:09:20.634+0000] {processor.py:839} INFO - DAG(s) dict_keys(['example_setup_teardown_taskflow']) retrieved from /home/airflow/.local/lib/python3.8/site-packages/airflow/example_dags/example_setup_teardown_taskflow.py
[2023-10-18T21:09:20.657+0000] {logging_mixin.py:151} INFO - [2023-10-18T21:09:20.657+0000] {dag.py:2941} INFO - Sync 1 DAGs
[2023-10-18T21:09:20.681+0000] {logging_mixin.py:151} INFO - [2023-10-18T21:09:20.681+0000] {dag.py:3722} INFO - Setting next_dagrun for example_setup_teardown_taskflow to 2023-10-17T21:09:20.680942+00:00, run_after=2023-10-18T21:09:20.680942+00:00
[2023-10-18T21:09:20.698+0000] {processor.py:179} INFO - Processing /home/airflow/.local/lib/python3.8/site-packages/airflow/example_dags/example_setup_teardown_taskflow.py took 0.087 seconds
[2023-10-18T21:09:51.046+0000] {processor.py:157} INFO - Started process (PID=385) to work on /home/airflow/.local/lib/python3.8/site-packages/airflow/example_dags/example_setup_teardown_taskflow.py
[2023-10-18T21:09:51.047+0000] {processor.py:829} INFO - Processing file /home/airflow/.local/lib/python3.8/site-packages/airflow/example_dags/example_setup_teardown_taskflow.py for tasks to queue
[2023-10-18T21:09:51.050+0000] {logging_mixin.py:151} INFO - [2023-10-18T21:09:51.050+0000] {dagbag.py:536} INFO - Filling up the DagBag from /home/airflow/.local/lib/python3.8/site-packages/airflow/example_dags/example_setup_teardown_taskflow.py
[2023-10-18T21:09:51.061+0000] {processor.py:839} INFO - DAG(s) dict_keys(['example_setup_teardown_taskflow']) retrieved from /home/airflow/.local/lib/python3.8/site-packages/airflow/example_dags/example_setup_teardown_taskflow.py
[2023-10-18T21:09:51.089+0000] {logging_mixin.py:151} INFO - [2023-10-18T21:09:51.089+0000] {dag.py:2941} INFO - Sync 1 DAGs
[2023-10-18T21:09:51.115+0000] {logging_mixin.py:151} INFO - [2023-10-18T21:09:51.115+0000] {dag.py:3722} INFO - Setting next_dagrun for example_setup_teardown_taskflow to 2023-10-17T21:09:51.114945+00:00, run_after=2023-10-18T21:09:51.114945+00:00
[2023-10-18T21:09:51.137+0000] {processor.py:179} INFO - Processing /home/airflow/.local/lib/python3.8/site-packages/airflow/example_dags/example_setup_teardown_taskflow.py took 0.097 seconds
[2023-10-18T21:10:21.276+0000] {processor.py:157} INFO - Started process (PID=438) to work on /home/airflow/.local/lib/python3.8/site-packages/airflow/example_dags/example_setup_teardown_taskflow.py
[2023-10-18T21:10:21.278+0000] {processor.py:829} INFO - Processing file /home/airflow/.local/lib/python3.8/site-packages/airflow/example_dags/example_setup_teardown_taskflow.py for tasks to queue
[2023-10-18T21:10:21.280+0000] {logging_mixin.py:151} INFO - [2023-10-18T21:10:21.280+0000] {dagbag.py:536} INFO - Filling up the DagBag from /home/airflow/.local/lib/python3.8/site-packages/airflow/example_dags/example_setup_teardown_taskflow.py
[2023-10-18T21:10:21.291+0000] {processor.py:839} INFO - DAG(s) dict_keys(['example_setup_teardown_taskflow']) retrieved from /home/airflow/.local/lib/python3.8/site-packages/airflow/example_dags/example_setup_teardown_taskflow.py
[2023-10-18T21:10:21.318+0000] {logging_mixin.py:151} INFO - [2023-10-18T21:10:21.318+0000] {dag.py:2941} INFO - Sync 1 DAGs
[2023-10-18T21:10:21.347+0000] {logging_mixin.py:151} INFO - [2023-10-18T21:10:21.347+0000] {dag.py:3722} INFO - Setting next_dagrun for example_setup_teardown_taskflow to 2023-10-17T21:10:21.347085+00:00, run_after=2023-10-18T21:10:21.347085+00:00
[2023-10-18T21:10:21.368+0000] {processor.py:179} INFO - Processing /home/airflow/.local/lib/python3.8/site-packages/airflow/example_dags/example_setup_teardown_taskflow.py took 0.097 seconds
[2023-10-18T21:10:52.359+0000] {processor.py:157} INFO - Started process (PID=491) to work on /home/airflow/.local/lib/python3.8/site-packages/airflow/example_dags/example_setup_teardown_taskflow.py
[2023-10-18T21:10:52.360+0000] {processor.py:829} INFO - Processing file /home/airflow/.local/lib/python3.8/site-packages/airflow/example_dags/example_setup_teardown_taskflow.py for tasks to queue
[2023-10-18T21:10:52.363+0000] {logging_mixin.py:151} INFO - [2023-10-18T21:10:52.363+0000] {dagbag.py:536} INFO - Filling up the DagBag from /home/airflow/.local/lib/python3.8/site-packages/airflow/example_dags/example_setup_teardown_taskflow.py
[2023-10-18T21:10:52.374+0000] {processor.py:839} INFO - DAG(s) dict_keys(['example_setup_teardown_taskflow']) retrieved from /home/airflow/.local/lib/python3.8/site-packages/airflow/example_dags/example_setup_teardown_taskflow.py
[2023-10-18T21:10:52.402+0000] {logging_mixin.py:151} INFO - [2023-10-18T21:10:52.402+0000] {dag.py:2941} INFO - Sync 1 DAGs
[2023-10-18T21:10:52.430+0000] {logging_mixin.py:151} INFO - [2023-10-18T21:10:52.430+0000] {dag.py:3722} INFO - Setting next_dagrun for example_setup_teardown_taskflow to 2023-10-17T21:10:52.430316+00:00, run_after=2023-10-18T21:10:52.430316+00:00
[2023-10-18T21:10:52.452+0000] {processor.py:179} INFO - Processing /home/airflow/.local/lib/python3.8/site-packages/airflow/example_dags/example_setup_teardown_taskflow.py took 0.098 seconds
[2023-10-18T21:11:22.644+0000] {processor.py:157} INFO - Started process (PID=544) to work on /home/airflow/.local/lib/python3.8/site-packages/airflow/example_dags/example_setup_teardown_taskflow.py
[2023-10-18T21:11:22.645+0000] {processor.py:829} INFO - Processing file /home/airflow/.local/lib/python3.8/site-packages/airflow/example_dags/example_setup_teardown_taskflow.py for tasks to queue
[2023-10-18T21:11:22.648+0000] {logging_mixin.py:151} INFO - [2023-10-18T21:11:22.647+0000] {dagbag.py:536} INFO - Filling up the DagBag from /home/airflow/.local/lib/python3.8/site-packages/airflow/example_dags/example_setup_teardown_taskflow.py
[2023-10-18T21:11:22.659+0000] {processor.py:839} INFO - DAG(s) dict_keys(['example_setup_teardown_taskflow']) retrieved from /home/airflow/.local/lib/python3.8/site-packages/airflow/example_dags/example_setup_teardown_taskflow.py
[2023-10-18T21:11:22.686+0000] {logging_mixin.py:151} INFO - [2023-10-18T21:11:22.686+0000] {dag.py:2941} INFO - Sync 1 DAGs
[2023-10-18T21:11:22.723+0000] {logging_mixin.py:151} INFO - [2023-10-18T21:11:22.723+0000] {dag.py:3722} INFO - Setting next_dagrun for example_setup_teardown_taskflow to 2023-10-17T21:11:22.723025+00:00, run_after=2023-10-18T21:11:22.723025+00:00
[2023-10-18T21:11:22.742+0000] {processor.py:179} INFO - Processing /home/airflow/.local/lib/python3.8/site-packages/airflow/example_dags/example_setup_teardown_taskflow.py took 0.104 seconds
[2023-10-18T21:11:52.984+0000] {processor.py:157} INFO - Started process (PID=596) to work on /home/airflow/.local/lib/python3.8/site-packages/airflow/example_dags/example_setup_teardown_taskflow.py
[2023-10-18T21:11:52.986+0000] {processor.py:829} INFO - Processing file /home/airflow/.local/lib/python3.8/site-packages/airflow/example_dags/example_setup_teardown_taskflow.py for tasks to queue
[2023-10-18T21:11:52.988+0000] {logging_mixin.py:151} INFO - [2023-10-18T21:11:52.988+0000] {dagbag.py:536} INFO - Filling up the DagBag from /home/airflow/.local/lib/python3.8/site-packages/airflow/example_dags/example_setup_teardown_taskflow.py
[2023-10-18T21:11:53.000+0000] {processor.py:839} INFO - DAG(s) dict_keys(['example_setup_teardown_taskflow']) retrieved from /home/airflow/.local/lib/python3.8/site-packages/airflow/example_dags/example_setup_teardown_taskflow.py
[2023-10-18T21:11:53.036+0000] {logging_mixin.py:151} INFO - [2023-10-18T21:11:53.036+0000] {dag.py:2941} INFO - Sync 1 DAGs
[2023-10-18T21:11:53.078+0000] {logging_mixin.py:151} INFO - [2023-10-18T21:11:53.077+0000] {dag.py:3722} INFO - Setting next_dagrun for example_setup_teardown_taskflow to 2023-10-17T21:11:53.077426+00:00, run_after=2023-10-18T21:11:53.077426+00:00
[2023-10-18T21:11:53.099+0000] {processor.py:179} INFO - Processing /home/airflow/.local/lib/python3.8/site-packages/airflow/example_dags/example_setup_teardown_taskflow.py took 0.119 seconds
[2023-10-18T21:12:23.261+0000] {processor.py:157} INFO - Started process (PID=650) to work on /home/airflow/.local/lib/python3.8/site-packages/airflow/example_dags/example_setup_teardown_taskflow.py
[2023-10-18T21:12:23.263+0000] {processor.py:829} INFO - Processing file /home/airflow/.local/lib/python3.8/site-packages/airflow/example_dags/example_setup_teardown_taskflow.py for tasks to queue
[2023-10-18T21:12:23.265+0000] {logging_mixin.py:151} INFO - [2023-10-18T21:12:23.265+0000] {dagbag.py:536} INFO - Filling up the DagBag from /home/airflow/.local/lib/python3.8/site-packages/airflow/example_dags/example_setup_teardown_taskflow.py
[2023-10-18T21:12:23.275+0000] {processor.py:839} INFO - DAG(s) dict_keys(['example_setup_teardown_taskflow']) retrieved from /home/airflow/.local/lib/python3.8/site-packages/airflow/example_dags/example_setup_teardown_taskflow.py
[2023-10-18T21:12:23.303+0000] {logging_mixin.py:151} INFO - [2023-10-18T21:12:23.303+0000] {dag.py:2941} INFO - Sync 1 DAGs
[2023-10-18T21:12:23.329+0000] {logging_mixin.py:151} INFO - [2023-10-18T21:12:23.329+0000] {dag.py:3722} INFO - Setting next_dagrun for example_setup_teardown_taskflow to 2023-10-17T21:12:23.328756+00:00, run_after=2023-10-18T21:12:23.328756+00:00
[2023-10-18T21:12:23.349+0000] {processor.py:179} INFO - Processing /home/airflow/.local/lib/python3.8/site-packages/airflow/example_dags/example_setup_teardown_taskflow.py took 0.093 seconds
[2023-10-18T21:12:53.773+0000] {processor.py:157} INFO - Started process (PID=703) to work on /home/airflow/.local/lib/python3.8/site-packages/airflow/example_dags/example_setup_teardown_taskflow.py
[2023-10-18T21:12:53.775+0000] {processor.py:829} INFO - Processing file /home/airflow/.local/lib/python3.8/site-packages/airflow/example_dags/example_setup_teardown_taskflow.py for tasks to queue
[2023-10-18T21:12:53.778+0000] {logging_mixin.py:151} INFO - [2023-10-18T21:12:53.778+0000] {dagbag.py:536} INFO - Filling up the DagBag from /home/airflow/.local/lib/python3.8/site-packages/airflow/example_dags/example_setup_teardown_taskflow.py
[2023-10-18T21:12:53.790+0000] {processor.py:839} INFO - DAG(s) dict_keys(['example_setup_teardown_taskflow']) retrieved from /home/airflow/.local/lib/python3.8/site-packages/airflow/example_dags/example_setup_teardown_taskflow.py
[2023-10-18T21:12:53.819+0000] {logging_mixin.py:151} INFO - [2023-10-18T21:12:53.819+0000] {dag.py:2941} INFO - Sync 1 DAGs
[2023-10-18T21:12:53.856+0000] {logging_mixin.py:151} INFO - [2023-10-18T21:12:53.856+0000] {dag.py:3722} INFO - Setting next_dagrun for example_setup_teardown_taskflow to 2023-10-17T21:12:53.855735+00:00, run_after=2023-10-18T21:12:53.855735+00:00
[2023-10-18T21:12:53.873+0000] {processor.py:179} INFO - Processing /home/airflow/.local/lib/python3.8/site-packages/airflow/example_dags/example_setup_teardown_taskflow.py took 0.105 seconds
[2023-10-18T21:15:10.397+0000] {processor.py:157} INFO - Started process (PID=65) to work on /home/airflow/.local/lib/python3.8/site-packages/airflow/example_dags/example_setup_teardown_taskflow.py
[2023-10-18T21:15:10.399+0000] {processor.py:829} INFO - Processing file /home/airflow/.local/lib/python3.8/site-packages/airflow/example_dags/example_setup_teardown_taskflow.py for tasks to queue
[2023-10-18T21:15:10.401+0000] {logging_mixin.py:151} INFO - [2023-10-18T21:15:10.401+0000] {dagbag.py:536} INFO - Filling up the DagBag from /home/airflow/.local/lib/python3.8/site-packages/airflow/example_dags/example_setup_teardown_taskflow.py
[2023-10-18T21:15:10.416+0000] {processor.py:839} INFO - DAG(s) dict_keys(['example_setup_teardown_taskflow']) retrieved from /home/airflow/.local/lib/python3.8/site-packages/airflow/example_dags/example_setup_teardown_taskflow.py
[2023-10-18T21:15:10.440+0000] {logging_mixin.py:151} INFO - [2023-10-18T21:15:10.440+0000] {dag.py:2941} INFO - Sync 1 DAGs
[2023-10-18T21:15:10.466+0000] {logging_mixin.py:151} INFO - [2023-10-18T21:15:10.466+0000] {dag.py:3722} INFO - Setting next_dagrun for example_setup_teardown_taskflow to 2023-10-17T21:15:10.465726+00:00, run_after=2023-10-18T21:15:10.465726+00:00
[2023-10-18T21:15:10.483+0000] {processor.py:179} INFO - Processing /home/airflow/.local/lib/python3.8/site-packages/airflow/example_dags/example_setup_teardown_taskflow.py took 0.091 seconds
[2023-10-18T21:15:40.691+0000] {processor.py:157} INFO - Started process (PID=117) to work on /home/airflow/.local/lib/python3.8/site-packages/airflow/example_dags/example_setup_teardown_taskflow.py
[2023-10-18T21:15:40.693+0000] {processor.py:829} INFO - Processing file /home/airflow/.local/lib/python3.8/site-packages/airflow/example_dags/example_setup_teardown_taskflow.py for tasks to queue
[2023-10-18T21:15:40.695+0000] {logging_mixin.py:151} INFO - [2023-10-18T21:15:40.695+0000] {dagbag.py:536} INFO - Filling up the DagBag from /home/airflow/.local/lib/python3.8/site-packages/airflow/example_dags/example_setup_teardown_taskflow.py
[2023-10-18T21:15:40.706+0000] {processor.py:839} INFO - DAG(s) dict_keys(['example_setup_teardown_taskflow']) retrieved from /home/airflow/.local/lib/python3.8/site-packages/airflow/example_dags/example_setup_teardown_taskflow.py
[2023-10-18T21:15:40.733+0000] {logging_mixin.py:151} INFO - [2023-10-18T21:15:40.733+0000] {dag.py:2941} INFO - Sync 1 DAGs
[2023-10-18T21:15:40.761+0000] {logging_mixin.py:151} INFO - [2023-10-18T21:15:40.760+0000] {dag.py:3722} INFO - Setting next_dagrun for example_setup_teardown_taskflow to 2023-10-17T21:15:40.760333+00:00, run_after=2023-10-18T21:15:40.760333+00:00
[2023-10-18T21:15:40.777+0000] {processor.py:179} INFO - Processing /home/airflow/.local/lib/python3.8/site-packages/airflow/example_dags/example_setup_teardown_taskflow.py took 0.092 seconds
[2023-10-18T21:16:11.136+0000] {processor.py:157} INFO - Started process (PID=171) to work on /home/airflow/.local/lib/python3.8/site-packages/airflow/example_dags/example_setup_teardown_taskflow.py
[2023-10-18T21:16:11.138+0000] {processor.py:829} INFO - Processing file /home/airflow/.local/lib/python3.8/site-packages/airflow/example_dags/example_setup_teardown_taskflow.py for tasks to queue
[2023-10-18T21:16:11.141+0000] {logging_mixin.py:151} INFO - [2023-10-18T21:16:11.141+0000] {dagbag.py:536} INFO - Filling up the DagBag from /home/airflow/.local/lib/python3.8/site-packages/airflow/example_dags/example_setup_teardown_taskflow.py
[2023-10-18T21:16:11.152+0000] {processor.py:839} INFO - DAG(s) dict_keys(['example_setup_teardown_taskflow']) retrieved from /home/airflow/.local/lib/python3.8/site-packages/airflow/example_dags/example_setup_teardown_taskflow.py
[2023-10-18T21:16:11.177+0000] {logging_mixin.py:151} INFO - [2023-10-18T21:16:11.177+0000] {dag.py:2941} INFO - Sync 1 DAGs
[2023-10-18T21:16:11.204+0000] {logging_mixin.py:151} INFO - [2023-10-18T21:16:11.204+0000] {dag.py:3722} INFO - Setting next_dagrun for example_setup_teardown_taskflow to 2023-10-17T21:16:11.204286+00:00, run_after=2023-10-18T21:16:11.204286+00:00
[2023-10-18T21:16:11.221+0000] {processor.py:179} INFO - Processing /home/airflow/.local/lib/python3.8/site-packages/airflow/example_dags/example_setup_teardown_taskflow.py took 0.091 seconds
[2023-10-18T21:16:41.243+0000] {processor.py:157} INFO - Started process (PID=223) to work on /home/airflow/.local/lib/python3.8/site-packages/airflow/example_dags/example_setup_teardown_taskflow.py
[2023-10-18T21:16:41.244+0000] {processor.py:829} INFO - Processing file /home/airflow/.local/lib/python3.8/site-packages/airflow/example_dags/example_setup_teardown_taskflow.py for tasks to queue
[2023-10-18T21:16:41.247+0000] {logging_mixin.py:151} INFO - [2023-10-18T21:16:41.246+0000] {dagbag.py:536} INFO - Filling up the DagBag from /home/airflow/.local/lib/python3.8/site-packages/airflow/example_dags/example_setup_teardown_taskflow.py
[2023-10-18T21:16:41.258+0000] {processor.py:839} INFO - DAG(s) dict_keys(['example_setup_teardown_taskflow']) retrieved from /home/airflow/.local/lib/python3.8/site-packages/airflow/example_dags/example_setup_teardown_taskflow.py
[2023-10-18T21:16:41.283+0000] {logging_mixin.py:151} INFO - [2023-10-18T21:16:41.283+0000] {dag.py:2941} INFO - Sync 1 DAGs
[2023-10-18T21:16:41.310+0000] {logging_mixin.py:151} INFO - [2023-10-18T21:16:41.310+0000] {dag.py:3722} INFO - Setting next_dagrun for example_setup_teardown_taskflow to 2023-10-17T21:16:41.310324+00:00, run_after=2023-10-18T21:16:41.310324+00:00
[2023-10-18T21:16:41.331+0000] {processor.py:179} INFO - Processing /home/airflow/.local/lib/python3.8/site-packages/airflow/example_dags/example_setup_teardown_taskflow.py took 0.092 seconds
[2023-10-18T21:17:11.667+0000] {processor.py:157} INFO - Started process (PID=277) to work on /home/airflow/.local/lib/python3.8/site-packages/airflow/example_dags/example_setup_teardown_taskflow.py
[2023-10-18T21:17:11.669+0000] {processor.py:829} INFO - Processing file /home/airflow/.local/lib/python3.8/site-packages/airflow/example_dags/example_setup_teardown_taskflow.py for tasks to queue
[2023-10-18T21:17:11.671+0000] {logging_mixin.py:151} INFO - [2023-10-18T21:17:11.671+0000] {dagbag.py:536} INFO - Filling up the DagBag from /home/airflow/.local/lib/python3.8/site-packages/airflow/example_dags/example_setup_teardown_taskflow.py
[2023-10-18T21:17:11.681+0000] {processor.py:839} INFO - DAG(s) dict_keys(['example_setup_teardown_taskflow']) retrieved from /home/airflow/.local/lib/python3.8/site-packages/airflow/example_dags/example_setup_teardown_taskflow.py
[2023-10-18T21:17:11.705+0000] {logging_mixin.py:151} INFO - [2023-10-18T21:17:11.705+0000] {dag.py:2941} INFO - Sync 1 DAGs
[2023-10-18T21:17:11.737+0000] {logging_mixin.py:151} INFO - [2023-10-18T21:17:11.736+0000] {dag.py:3722} INFO - Setting next_dagrun for example_setup_teardown_taskflow to 2023-10-17T21:17:11.736742+00:00, run_after=2023-10-18T21:17:11.736742+00:00
[2023-10-18T21:17:11.756+0000] {processor.py:179} INFO - Processing /home/airflow/.local/lib/python3.8/site-packages/airflow/example_dags/example_setup_teardown_taskflow.py took 0.093 seconds
[2023-10-18T21:17:42.787+0000] {processor.py:157} INFO - Started process (PID=331) to work on /home/airflow/.local/lib/python3.8/site-packages/airflow/example_dags/example_setup_teardown_taskflow.py
[2023-10-18T21:17:42.788+0000] {processor.py:829} INFO - Processing file /home/airflow/.local/lib/python3.8/site-packages/airflow/example_dags/example_setup_teardown_taskflow.py for tasks to queue
[2023-10-18T21:17:42.791+0000] {logging_mixin.py:151} INFO - [2023-10-18T21:17:42.790+0000] {dagbag.py:536} INFO - Filling up the DagBag from /home/airflow/.local/lib/python3.8/site-packages/airflow/example_dags/example_setup_teardown_taskflow.py
[2023-10-18T21:17:42.801+0000] {processor.py:839} INFO - DAG(s) dict_keys(['example_setup_teardown_taskflow']) retrieved from /home/airflow/.local/lib/python3.8/site-packages/airflow/example_dags/example_setup_teardown_taskflow.py
[2023-10-18T21:17:42.819+0000] {logging_mixin.py:151} INFO - [2023-10-18T21:17:42.819+0000] {dag.py:2941} INFO - Sync 1 DAGs
[2023-10-18T21:17:42.846+0000] {logging_mixin.py:151} INFO - [2023-10-18T21:17:42.846+0000] {dag.py:3722} INFO - Setting next_dagrun for example_setup_teardown_taskflow to 2023-10-17T21:17:42.846363+00:00, run_after=2023-10-18T21:17:42.846363+00:00
[2023-10-18T21:17:42.866+0000] {processor.py:179} INFO - Processing /home/airflow/.local/lib/python3.8/site-packages/airflow/example_dags/example_setup_teardown_taskflow.py took 0.085 seconds
[2023-10-18T21:18:13.532+0000] {processor.py:157} INFO - Started process (PID=384) to work on /home/airflow/.local/lib/python3.8/site-packages/airflow/example_dags/example_setup_teardown_taskflow.py
[2023-10-18T21:18:13.533+0000] {processor.py:829} INFO - Processing file /home/airflow/.local/lib/python3.8/site-packages/airflow/example_dags/example_setup_teardown_taskflow.py for tasks to queue
[2023-10-18T21:18:13.536+0000] {logging_mixin.py:151} INFO - [2023-10-18T21:18:13.535+0000] {dagbag.py:536} INFO - Filling up the DagBag from /home/airflow/.local/lib/python3.8/site-packages/airflow/example_dags/example_setup_teardown_taskflow.py
[2023-10-18T21:18:13.546+0000] {processor.py:839} INFO - DAG(s) dict_keys(['example_setup_teardown_taskflow']) retrieved from /home/airflow/.local/lib/python3.8/site-packages/airflow/example_dags/example_setup_teardown_taskflow.py
[2023-10-18T21:18:13.570+0000] {logging_mixin.py:151} INFO - [2023-10-18T21:18:13.570+0000] {dag.py:2941} INFO - Sync 1 DAGs
[2023-10-18T21:18:13.594+0000] {logging_mixin.py:151} INFO - [2023-10-18T21:18:13.594+0000] {dag.py:3722} INFO - Setting next_dagrun for example_setup_teardown_taskflow to 2023-10-17T21:18:13.593941+00:00, run_after=2023-10-18T21:18:13.593941+00:00
[2023-10-18T21:18:13.611+0000] {processor.py:179} INFO - Processing /home/airflow/.local/lib/python3.8/site-packages/airflow/example_dags/example_setup_teardown_taskflow.py took 0.085 seconds
[2023-10-18T21:18:43.862+0000] {processor.py:157} INFO - Started process (PID=437) to work on /home/airflow/.local/lib/python3.8/site-packages/airflow/example_dags/example_setup_teardown_taskflow.py
[2023-10-18T21:18:43.864+0000] {processor.py:829} INFO - Processing file /home/airflow/.local/lib/python3.8/site-packages/airflow/example_dags/example_setup_teardown_taskflow.py for tasks to queue
[2023-10-18T21:18:43.866+0000] {logging_mixin.py:151} INFO - [2023-10-18T21:18:43.866+0000] {dagbag.py:536} INFO - Filling up the DagBag from /home/airflow/.local/lib/python3.8/site-packages/airflow/example_dags/example_setup_teardown_taskflow.py
[2023-10-18T21:18:43.877+0000] {processor.py:839} INFO - DAG(s) dict_keys(['example_setup_teardown_taskflow']) retrieved from /home/airflow/.local/lib/python3.8/site-packages/airflow/example_dags/example_setup_teardown_taskflow.py
[2023-10-18T21:18:43.904+0000] {logging_mixin.py:151} INFO - [2023-10-18T21:18:43.904+0000] {dag.py:2941} INFO - Sync 1 DAGs
[2023-10-18T21:18:43.932+0000] {logging_mixin.py:151} INFO - [2023-10-18T21:18:43.932+0000] {dag.py:3722} INFO - Setting next_dagrun for example_setup_teardown_taskflow to 2023-10-17T21:18:43.932184+00:00, run_after=2023-10-18T21:18:43.932184+00:00
[2023-10-18T21:18:43.952+0000] {processor.py:179} INFO - Processing /home/airflow/.local/lib/python3.8/site-packages/airflow/example_dags/example_setup_teardown_taskflow.py took 0.094 seconds
[2023-10-18T21:19:14.263+0000] {processor.py:157} INFO - Started process (PID=490) to work on /home/airflow/.local/lib/python3.8/site-packages/airflow/example_dags/example_setup_teardown_taskflow.py
[2023-10-18T21:19:14.265+0000] {processor.py:829} INFO - Processing file /home/airflow/.local/lib/python3.8/site-packages/airflow/example_dags/example_setup_teardown_taskflow.py for tasks to queue
[2023-10-18T21:19:14.268+0000] {logging_mixin.py:151} INFO - [2023-10-18T21:19:14.267+0000] {dagbag.py:536} INFO - Filling up the DagBag from /home/airflow/.local/lib/python3.8/site-packages/airflow/example_dags/example_setup_teardown_taskflow.py
[2023-10-18T21:19:14.280+0000] {processor.py:839} INFO - DAG(s) dict_keys(['example_setup_teardown_taskflow']) retrieved from /home/airflow/.local/lib/python3.8/site-packages/airflow/example_dags/example_setup_teardown_taskflow.py
[2023-10-18T21:19:14.310+0000] {logging_mixin.py:151} INFO - [2023-10-18T21:19:14.310+0000] {dag.py:2941} INFO - Sync 1 DAGs
[2023-10-18T21:19:14.341+0000] {logging_mixin.py:151} INFO - [2023-10-18T21:19:14.341+0000] {dag.py:3722} INFO - Setting next_dagrun for example_setup_teardown_taskflow to 2023-10-17T21:19:14.340987+00:00, run_after=2023-10-18T21:19:14.340987+00:00
[2023-10-18T21:19:14.363+0000] {processor.py:179} INFO - Processing /home/airflow/.local/lib/python3.8/site-packages/airflow/example_dags/example_setup_teardown_taskflow.py took 0.105 seconds
[2023-10-18T21:19:44.416+0000] {processor.py:157} INFO - Started process (PID=543) to work on /home/airflow/.local/lib/python3.8/site-packages/airflow/example_dags/example_setup_teardown_taskflow.py
[2023-10-18T21:19:44.418+0000] {processor.py:829} INFO - Processing file /home/airflow/.local/lib/python3.8/site-packages/airflow/example_dags/example_setup_teardown_taskflow.py for tasks to queue
[2023-10-18T21:19:44.421+0000] {logging_mixin.py:151} INFO - [2023-10-18T21:19:44.420+0000] {dagbag.py:536} INFO - Filling up the DagBag from /home/airflow/.local/lib/python3.8/site-packages/airflow/example_dags/example_setup_teardown_taskflow.py
[2023-10-18T21:19:44.436+0000] {processor.py:839} INFO - DAG(s) dict_keys(['example_setup_teardown_taskflow']) retrieved from /home/airflow/.local/lib/python3.8/site-packages/airflow/example_dags/example_setup_teardown_taskflow.py
[2023-10-18T21:19:44.460+0000] {logging_mixin.py:151} INFO - [2023-10-18T21:19:44.459+0000] {dag.py:2941} INFO - Sync 1 DAGs
[2023-10-18T21:19:44.486+0000] {logging_mixin.py:151} INFO - [2023-10-18T21:19:44.486+0000] {dag.py:3722} INFO - Setting next_dagrun for example_setup_teardown_taskflow to 2023-10-17T21:19:44.486171+00:00, run_after=2023-10-18T21:19:44.486171+00:00
[2023-10-18T21:19:44.508+0000] {processor.py:179} INFO - Processing /home/airflow/.local/lib/python3.8/site-packages/airflow/example_dags/example_setup_teardown_taskflow.py took 0.100 seconds
[2023-10-18T21:20:14.880+0000] {processor.py:157} INFO - Started process (PID=596) to work on /home/airflow/.local/lib/python3.8/site-packages/airflow/example_dags/example_setup_teardown_taskflow.py
[2023-10-18T21:20:14.882+0000] {processor.py:829} INFO - Processing file /home/airflow/.local/lib/python3.8/site-packages/airflow/example_dags/example_setup_teardown_taskflow.py for tasks to queue
[2023-10-18T21:20:14.885+0000] {logging_mixin.py:151} INFO - [2023-10-18T21:20:14.885+0000] {dagbag.py:536} INFO - Filling up the DagBag from /home/airflow/.local/lib/python3.8/site-packages/airflow/example_dags/example_setup_teardown_taskflow.py
[2023-10-18T21:20:14.896+0000] {processor.py:839} INFO - DAG(s) dict_keys(['example_setup_teardown_taskflow']) retrieved from /home/airflow/.local/lib/python3.8/site-packages/airflow/example_dags/example_setup_teardown_taskflow.py
[2023-10-18T21:20:14.925+0000] {logging_mixin.py:151} INFO - [2023-10-18T21:20:14.925+0000] {dag.py:2941} INFO - Sync 1 DAGs
[2023-10-18T21:20:14.949+0000] {logging_mixin.py:151} INFO - [2023-10-18T21:20:14.949+0000] {dag.py:3722} INFO - Setting next_dagrun for example_setup_teardown_taskflow to 2023-10-17T21:20:14.948997+00:00, run_after=2023-10-18T21:20:14.948997+00:00
[2023-10-18T21:20:14.968+0000] {processor.py:179} INFO - Processing /home/airflow/.local/lib/python3.8/site-packages/airflow/example_dags/example_setup_teardown_taskflow.py took 0.094 seconds
[2023-10-18T21:20:45.267+0000] {processor.py:157} INFO - Started process (PID=649) to work on /home/airflow/.local/lib/python3.8/site-packages/airflow/example_dags/example_setup_teardown_taskflow.py
[2023-10-18T21:20:45.269+0000] {processor.py:829} INFO - Processing file /home/airflow/.local/lib/python3.8/site-packages/airflow/example_dags/example_setup_teardown_taskflow.py for tasks to queue
[2023-10-18T21:20:45.272+0000] {logging_mixin.py:151} INFO - [2023-10-18T21:20:45.271+0000] {dagbag.py:536} INFO - Filling up the DagBag from /home/airflow/.local/lib/python3.8/site-packages/airflow/example_dags/example_setup_teardown_taskflow.py
[2023-10-18T21:20:45.283+0000] {processor.py:839} INFO - DAG(s) dict_keys(['example_setup_teardown_taskflow']) retrieved from /home/airflow/.local/lib/python3.8/site-packages/airflow/example_dags/example_setup_teardown_taskflow.py
[2023-10-18T21:20:45.311+0000] {logging_mixin.py:151} INFO - [2023-10-18T21:20:45.311+0000] {dag.py:2941} INFO - Sync 1 DAGs
[2023-10-18T21:20:45.339+0000] {logging_mixin.py:151} INFO - [2023-10-18T21:20:45.339+0000] {dag.py:3722} INFO - Setting next_dagrun for example_setup_teardown_taskflow to 2023-10-17T21:20:45.338811+00:00, run_after=2023-10-18T21:20:45.338811+00:00
[2023-10-18T21:20:45.358+0000] {processor.py:179} INFO - Processing /home/airflow/.local/lib/python3.8/site-packages/airflow/example_dags/example_setup_teardown_taskflow.py took 0.096 seconds
[2023-10-18T21:21:15.453+0000] {processor.py:157} INFO - Started process (PID=702) to work on /home/airflow/.local/lib/python3.8/site-packages/airflow/example_dags/example_setup_teardown_taskflow.py
[2023-10-18T21:21:15.454+0000] {processor.py:829} INFO - Processing file /home/airflow/.local/lib/python3.8/site-packages/airflow/example_dags/example_setup_teardown_taskflow.py for tasks to queue
[2023-10-18T21:21:15.458+0000] {logging_mixin.py:151} INFO - [2023-10-18T21:21:15.457+0000] {dagbag.py:536} INFO - Filling up the DagBag from /home/airflow/.local/lib/python3.8/site-packages/airflow/example_dags/example_setup_teardown_taskflow.py
[2023-10-18T21:21:15.470+0000] {processor.py:839} INFO - DAG(s) dict_keys(['example_setup_teardown_taskflow']) retrieved from /home/airflow/.local/lib/python3.8/site-packages/airflow/example_dags/example_setup_teardown_taskflow.py
[2023-10-18T21:21:15.500+0000] {logging_mixin.py:151} INFO - [2023-10-18T21:21:15.499+0000] {dag.py:2941} INFO - Sync 1 DAGs
[2023-10-18T21:21:15.528+0000] {logging_mixin.py:151} INFO - [2023-10-18T21:21:15.528+0000] {dag.py:3722} INFO - Setting next_dagrun for example_setup_teardown_taskflow to 2023-10-17T21:21:15.527985+00:00, run_after=2023-10-18T21:21:15.527985+00:00
[2023-10-18T21:21:15.550+0000] {processor.py:179} INFO - Processing /home/airflow/.local/lib/python3.8/site-packages/airflow/example_dags/example_setup_teardown_taskflow.py took 0.103 seconds
[2023-10-18T21:21:46.016+0000] {processor.py:157} INFO - Started process (PID=756) to work on /home/airflow/.local/lib/python3.8/site-packages/airflow/example_dags/example_setup_teardown_taskflow.py
[2023-10-18T21:21:46.018+0000] {processor.py:829} INFO - Processing file /home/airflow/.local/lib/python3.8/site-packages/airflow/example_dags/example_setup_teardown_taskflow.py for tasks to queue
[2023-10-18T21:21:46.020+0000] {logging_mixin.py:151} INFO - [2023-10-18T21:21:46.020+0000] {dagbag.py:536} INFO - Filling up the DagBag from /home/airflow/.local/lib/python3.8/site-packages/airflow/example_dags/example_setup_teardown_taskflow.py
[2023-10-18T21:21:46.032+0000] {processor.py:839} INFO - DAG(s) dict_keys(['example_setup_teardown_taskflow']) retrieved from /home/airflow/.local/lib/python3.8/site-packages/airflow/example_dags/example_setup_teardown_taskflow.py
[2023-10-18T21:21:46.057+0000] {logging_mixin.py:151} INFO - [2023-10-18T21:21:46.057+0000] {dag.py:2941} INFO - Sync 1 DAGs
[2023-10-18T21:21:46.080+0000] {logging_mixin.py:151} INFO - [2023-10-18T21:21:46.080+0000] {dag.py:3722} INFO - Setting next_dagrun for example_setup_teardown_taskflow to 2023-10-17T21:21:46.080481+00:00, run_after=2023-10-18T21:21:46.080481+00:00
[2023-10-18T21:21:46.097+0000] {processor.py:179} INFO - Processing /home/airflow/.local/lib/python3.8/site-packages/airflow/example_dags/example_setup_teardown_taskflow.py took 0.086 seconds
[2023-10-18T21:23:49.218+0000] {processor.py:157} INFO - Started process (PID=66) to work on /home/airflow/.local/lib/python3.8/site-packages/airflow/example_dags/example_setup_teardown_taskflow.py
[2023-10-18T21:23:49.220+0000] {processor.py:829} INFO - Processing file /home/airflow/.local/lib/python3.8/site-packages/airflow/example_dags/example_setup_teardown_taskflow.py for tasks to queue
[2023-10-18T21:23:49.222+0000] {logging_mixin.py:151} INFO - [2023-10-18T21:23:49.222+0000] {dagbag.py:536} INFO - Filling up the DagBag from /home/airflow/.local/lib/python3.8/site-packages/airflow/example_dags/example_setup_teardown_taskflow.py
[2023-10-18T21:23:49.237+0000] {processor.py:839} INFO - DAG(s) dict_keys(['example_setup_teardown_taskflow']) retrieved from /home/airflow/.local/lib/python3.8/site-packages/airflow/example_dags/example_setup_teardown_taskflow.py
[2023-10-18T21:23:49.254+0000] {logging_mixin.py:151} INFO - [2023-10-18T21:23:49.254+0000] {dag.py:2941} INFO - Sync 1 DAGs
[2023-10-18T21:23:49.286+0000] {logging_mixin.py:151} INFO - [2023-10-18T21:23:49.286+0000] {dag.py:3722} INFO - Setting next_dagrun for example_setup_teardown_taskflow to 2023-10-17T21:23:49.286034+00:00, run_after=2023-10-18T21:23:49.286034+00:00
[2023-10-18T21:23:49.307+0000] {processor.py:179} INFO - Processing /home/airflow/.local/lib/python3.8/site-packages/airflow/example_dags/example_setup_teardown_taskflow.py took 0.093 seconds
[2023-10-18T21:24:19.618+0000] {processor.py:157} INFO - Started process (PID=119) to work on /home/airflow/.local/lib/python3.8/site-packages/airflow/example_dags/example_setup_teardown_taskflow.py
[2023-10-18T21:24:19.619+0000] {processor.py:829} INFO - Processing file /home/airflow/.local/lib/python3.8/site-packages/airflow/example_dags/example_setup_teardown_taskflow.py for tasks to queue
[2023-10-18T21:24:19.621+0000] {logging_mixin.py:151} INFO - [2023-10-18T21:24:19.621+0000] {dagbag.py:536} INFO - Filling up the DagBag from /home/airflow/.local/lib/python3.8/site-packages/airflow/example_dags/example_setup_teardown_taskflow.py
[2023-10-18T21:24:19.632+0000] {processor.py:839} INFO - DAG(s) dict_keys(['example_setup_teardown_taskflow']) retrieved from /home/airflow/.local/lib/python3.8/site-packages/airflow/example_dags/example_setup_teardown_taskflow.py
[2023-10-18T21:24:19.659+0000] {logging_mixin.py:151} INFO - [2023-10-18T21:24:19.659+0000] {dag.py:2941} INFO - Sync 1 DAGs
[2023-10-18T21:24:19.686+0000] {logging_mixin.py:151} INFO - [2023-10-18T21:24:19.686+0000] {dag.py:3722} INFO - Setting next_dagrun for example_setup_teardown_taskflow to 2023-10-17T21:24:19.685829+00:00, run_after=2023-10-18T21:24:19.685829+00:00
[2023-10-18T21:24:19.705+0000] {processor.py:179} INFO - Processing /home/airflow/.local/lib/python3.8/site-packages/airflow/example_dags/example_setup_teardown_taskflow.py took 0.092 seconds
[2023-10-18T21:24:50.049+0000] {processor.py:157} INFO - Started process (PID=172) to work on /home/airflow/.local/lib/python3.8/site-packages/airflow/example_dags/example_setup_teardown_taskflow.py
[2023-10-18T21:24:50.051+0000] {processor.py:829} INFO - Processing file /home/airflow/.local/lib/python3.8/site-packages/airflow/example_dags/example_setup_teardown_taskflow.py for tasks to queue
[2023-10-18T21:24:50.055+0000] {logging_mixin.py:151} INFO - [2023-10-18T21:24:50.054+0000] {dagbag.py:536} INFO - Filling up the DagBag from /home/airflow/.local/lib/python3.8/site-packages/airflow/example_dags/example_setup_teardown_taskflow.py
[2023-10-18T21:24:50.067+0000] {processor.py:839} INFO - DAG(s) dict_keys(['example_setup_teardown_taskflow']) retrieved from /home/airflow/.local/lib/python3.8/site-packages/airflow/example_dags/example_setup_teardown_taskflow.py
[2023-10-18T21:24:50.098+0000] {logging_mixin.py:151} INFO - [2023-10-18T21:24:50.097+0000] {dag.py:2941} INFO - Sync 1 DAGs
[2023-10-18T21:24:50.127+0000] {logging_mixin.py:151} INFO - [2023-10-18T21:24:50.127+0000] {dag.py:3722} INFO - Setting next_dagrun for example_setup_teardown_taskflow to 2023-10-17T21:24:50.127264+00:00, run_after=2023-10-18T21:24:50.127264+00:00
[2023-10-18T21:24:50.144+0000] {processor.py:179} INFO - Processing /home/airflow/.local/lib/python3.8/site-packages/airflow/example_dags/example_setup_teardown_taskflow.py took 0.102 seconds
[2023-10-18T21:25:20.697+0000] {processor.py:157} INFO - Started process (PID=225) to work on /home/airflow/.local/lib/python3.8/site-packages/airflow/example_dags/example_setup_teardown_taskflow.py
[2023-10-18T21:25:20.698+0000] {processor.py:829} INFO - Processing file /home/airflow/.local/lib/python3.8/site-packages/airflow/example_dags/example_setup_teardown_taskflow.py for tasks to queue
[2023-10-18T21:25:20.701+0000] {logging_mixin.py:151} INFO - [2023-10-18T21:25:20.700+0000] {dagbag.py:536} INFO - Filling up the DagBag from /home/airflow/.local/lib/python3.8/site-packages/airflow/example_dags/example_setup_teardown_taskflow.py
[2023-10-18T21:25:20.712+0000] {processor.py:839} INFO - DAG(s) dict_keys(['example_setup_teardown_taskflow']) retrieved from /home/airflow/.local/lib/python3.8/site-packages/airflow/example_dags/example_setup_teardown_taskflow.py
[2023-10-18T21:25:20.728+0000] {logging_mixin.py:151} INFO - [2023-10-18T21:25:20.727+0000] {dag.py:2941} INFO - Sync 1 DAGs
[2023-10-18T21:25:20.753+0000] {logging_mixin.py:151} INFO - [2023-10-18T21:25:20.753+0000] {dag.py:3722} INFO - Setting next_dagrun for example_setup_teardown_taskflow to 2023-10-17T21:25:20.752881+00:00, run_after=2023-10-18T21:25:20.752881+00:00
[2023-10-18T21:25:20.771+0000] {processor.py:179} INFO - Processing /home/airflow/.local/lib/python3.8/site-packages/airflow/example_dags/example_setup_teardown_taskflow.py took 0.079 seconds
[2023-10-18T21:25:51.581+0000] {processor.py:157} INFO - Started process (PID=278) to work on /home/airflow/.local/lib/python3.8/site-packages/airflow/example_dags/example_setup_teardown_taskflow.py
[2023-10-18T21:25:51.583+0000] {processor.py:829} INFO - Processing file /home/airflow/.local/lib/python3.8/site-packages/airflow/example_dags/example_setup_teardown_taskflow.py for tasks to queue
[2023-10-18T21:25:51.586+0000] {logging_mixin.py:151} INFO - [2023-10-18T21:25:51.585+0000] {dagbag.py:536} INFO - Filling up the DagBag from /home/airflow/.local/lib/python3.8/site-packages/airflow/example_dags/example_setup_teardown_taskflow.py
[2023-10-18T21:25:51.596+0000] {processor.py:839} INFO - DAG(s) dict_keys(['example_setup_teardown_taskflow']) retrieved from /home/airflow/.local/lib/python3.8/site-packages/airflow/example_dags/example_setup_teardown_taskflow.py
[2023-10-18T21:25:51.623+0000] {logging_mixin.py:151} INFO - [2023-10-18T21:25:51.623+0000] {dag.py:2941} INFO - Sync 1 DAGs
[2023-10-18T21:25:51.650+0000] {logging_mixin.py:151} INFO - [2023-10-18T21:25:51.650+0000] {dag.py:3722} INFO - Setting next_dagrun for example_setup_teardown_taskflow to 2023-10-17T21:25:51.650050+00:00, run_after=2023-10-18T21:25:51.650050+00:00
[2023-10-18T21:25:51.670+0000] {processor.py:179} INFO - Processing /home/airflow/.local/lib/python3.8/site-packages/airflow/example_dags/example_setup_teardown_taskflow.py took 0.094 seconds
[2023-10-18T21:26:21.778+0000] {processor.py:157} INFO - Started process (PID=331) to work on /home/airflow/.local/lib/python3.8/site-packages/airflow/example_dags/example_setup_teardown_taskflow.py
[2023-10-18T21:26:21.779+0000] {processor.py:829} INFO - Processing file /home/airflow/.local/lib/python3.8/site-packages/airflow/example_dags/example_setup_teardown_taskflow.py for tasks to queue
[2023-10-18T21:26:21.782+0000] {logging_mixin.py:151} INFO - [2023-10-18T21:26:21.782+0000] {dagbag.py:536} INFO - Filling up the DagBag from /home/airflow/.local/lib/python3.8/site-packages/airflow/example_dags/example_setup_teardown_taskflow.py
[2023-10-18T21:26:21.793+0000] {processor.py:839} INFO - DAG(s) dict_keys(['example_setup_teardown_taskflow']) retrieved from /home/airflow/.local/lib/python3.8/site-packages/airflow/example_dags/example_setup_teardown_taskflow.py
[2023-10-18T21:26:21.821+0000] {logging_mixin.py:151} INFO - [2023-10-18T21:26:21.821+0000] {dag.py:2941} INFO - Sync 1 DAGs
[2023-10-18T21:26:21.848+0000] {logging_mixin.py:151} INFO - [2023-10-18T21:26:21.848+0000] {dag.py:3722} INFO - Setting next_dagrun for example_setup_teardown_taskflow to 2023-10-17T21:26:21.848172+00:00, run_after=2023-10-18T21:26:21.848172+00:00
[2023-10-18T21:26:21.866+0000] {processor.py:179} INFO - Processing /home/airflow/.local/lib/python3.8/site-packages/airflow/example_dags/example_setup_teardown_taskflow.py took 0.094 seconds
[2023-10-18T21:26:52.085+0000] {processor.py:157} INFO - Started process (PID=384) to work on /home/airflow/.local/lib/python3.8/site-packages/airflow/example_dags/example_setup_teardown_taskflow.py
[2023-10-18T21:26:52.086+0000] {processor.py:829} INFO - Processing file /home/airflow/.local/lib/python3.8/site-packages/airflow/example_dags/example_setup_teardown_taskflow.py for tasks to queue
[2023-10-18T21:26:52.089+0000] {logging_mixin.py:151} INFO - [2023-10-18T21:26:52.088+0000] {dagbag.py:536} INFO - Filling up the DagBag from /home/airflow/.local/lib/python3.8/site-packages/airflow/example_dags/example_setup_teardown_taskflow.py
[2023-10-18T21:26:52.100+0000] {processor.py:839} INFO - DAG(s) dict_keys(['example_setup_teardown_taskflow']) retrieved from /home/airflow/.local/lib/python3.8/site-packages/airflow/example_dags/example_setup_teardown_taskflow.py
[2023-10-18T21:26:52.126+0000] {logging_mixin.py:151} INFO - [2023-10-18T21:26:52.126+0000] {dag.py:2941} INFO - Sync 1 DAGs
[2023-10-18T21:26:52.152+0000] {logging_mixin.py:151} INFO - [2023-10-18T21:26:52.152+0000] {dag.py:3722} INFO - Setting next_dagrun for example_setup_teardown_taskflow to 2023-10-17T21:26:52.151869+00:00, run_after=2023-10-18T21:26:52.151869+00:00
[2023-10-18T21:26:52.172+0000] {processor.py:179} INFO - Processing /home/airflow/.local/lib/python3.8/site-packages/airflow/example_dags/example_setup_teardown_taskflow.py took 0.092 seconds
[2023-10-18T21:27:22.261+0000] {processor.py:157} INFO - Started process (PID=437) to work on /home/airflow/.local/lib/python3.8/site-packages/airflow/example_dags/example_setup_teardown_taskflow.py
[2023-10-18T21:27:22.263+0000] {processor.py:829} INFO - Processing file /home/airflow/.local/lib/python3.8/site-packages/airflow/example_dags/example_setup_teardown_taskflow.py for tasks to queue
[2023-10-18T21:27:22.266+0000] {logging_mixin.py:151} INFO - [2023-10-18T21:27:22.266+0000] {dagbag.py:536} INFO - Filling up the DagBag from /home/airflow/.local/lib/python3.8/site-packages/airflow/example_dags/example_setup_teardown_taskflow.py
[2023-10-18T21:27:22.277+0000] {processor.py:839} INFO - DAG(s) dict_keys(['example_setup_teardown_taskflow']) retrieved from /home/airflow/.local/lib/python3.8/site-packages/airflow/example_dags/example_setup_teardown_taskflow.py
[2023-10-18T21:27:22.305+0000] {logging_mixin.py:151} INFO - [2023-10-18T21:27:22.304+0000] {dag.py:2941} INFO - Sync 1 DAGs
[2023-10-18T21:27:22.331+0000] {logging_mixin.py:151} INFO - [2023-10-18T21:27:22.331+0000] {dag.py:3722} INFO - Setting next_dagrun for example_setup_teardown_taskflow to 2023-10-17T21:27:22.331095+00:00, run_after=2023-10-18T21:27:22.331095+00:00
[2023-10-18T21:27:22.351+0000] {processor.py:179} INFO - Processing /home/airflow/.local/lib/python3.8/site-packages/airflow/example_dags/example_setup_teardown_taskflow.py took 0.095 seconds
[2023-10-18T21:27:52.651+0000] {processor.py:157} INFO - Started process (PID=490) to work on /home/airflow/.local/lib/python3.8/site-packages/airflow/example_dags/example_setup_teardown_taskflow.py
[2023-10-18T21:27:52.652+0000] {processor.py:829} INFO - Processing file /home/airflow/.local/lib/python3.8/site-packages/airflow/example_dags/example_setup_teardown_taskflow.py for tasks to queue
[2023-10-18T21:27:52.655+0000] {logging_mixin.py:151} INFO - [2023-10-18T21:27:52.654+0000] {dagbag.py:536} INFO - Filling up the DagBag from /home/airflow/.local/lib/python3.8/site-packages/airflow/example_dags/example_setup_teardown_taskflow.py
[2023-10-18T21:27:52.664+0000] {processor.py:839} INFO - DAG(s) dict_keys(['example_setup_teardown_taskflow']) retrieved from /home/airflow/.local/lib/python3.8/site-packages/airflow/example_dags/example_setup_teardown_taskflow.py
[2023-10-18T21:27:52.689+0000] {logging_mixin.py:151} INFO - [2023-10-18T21:27:52.689+0000] {dag.py:2941} INFO - Sync 1 DAGs
[2023-10-18T21:27:52.717+0000] {logging_mixin.py:151} INFO - [2023-10-18T21:27:52.717+0000] {dag.py:3722} INFO - Setting next_dagrun for example_setup_teardown_taskflow to 2023-10-17T21:27:52.717379+00:00, run_after=2023-10-18T21:27:52.717379+00:00
[2023-10-18T21:27:52.739+0000] {processor.py:179} INFO - Processing /home/airflow/.local/lib/python3.8/site-packages/airflow/example_dags/example_setup_teardown_taskflow.py took 0.093 seconds
[2023-10-18T21:28:23.125+0000] {processor.py:157} INFO - Started process (PID=543) to work on /home/airflow/.local/lib/python3.8/site-packages/airflow/example_dags/example_setup_teardown_taskflow.py
[2023-10-18T21:28:23.127+0000] {processor.py:829} INFO - Processing file /home/airflow/.local/lib/python3.8/site-packages/airflow/example_dags/example_setup_teardown_taskflow.py for tasks to queue
[2023-10-18T21:28:23.130+0000] {logging_mixin.py:151} INFO - [2023-10-18T21:28:23.129+0000] {dagbag.py:536} INFO - Filling up the DagBag from /home/airflow/.local/lib/python3.8/site-packages/airflow/example_dags/example_setup_teardown_taskflow.py
[2023-10-18T21:28:23.140+0000] {processor.py:839} INFO - DAG(s) dict_keys(['example_setup_teardown_taskflow']) retrieved from /home/airflow/.local/lib/python3.8/site-packages/airflow/example_dags/example_setup_teardown_taskflow.py
[2023-10-18T21:28:23.169+0000] {logging_mixin.py:151} INFO - [2023-10-18T21:28:23.168+0000] {dag.py:2941} INFO - Sync 1 DAGs
[2023-10-18T21:28:23.194+0000] {logging_mixin.py:151} INFO - [2023-10-18T21:28:23.193+0000] {dag.py:3722} INFO - Setting next_dagrun for example_setup_teardown_taskflow to 2023-10-17T21:28:23.193679+00:00, run_after=2023-10-18T21:28:23.193679+00:00
[2023-10-18T21:28:23.214+0000] {processor.py:179} INFO - Processing /home/airflow/.local/lib/python3.8/site-packages/airflow/example_dags/example_setup_teardown_taskflow.py took 0.094 seconds
[2023-10-18T21:28:53.836+0000] {processor.py:157} INFO - Started process (PID=596) to work on /home/airflow/.local/lib/python3.8/site-packages/airflow/example_dags/example_setup_teardown_taskflow.py
[2023-10-18T21:28:53.837+0000] {processor.py:829} INFO - Processing file /home/airflow/.local/lib/python3.8/site-packages/airflow/example_dags/example_setup_teardown_taskflow.py for tasks to queue
[2023-10-18T21:28:53.839+0000] {logging_mixin.py:151} INFO - [2023-10-18T21:28:53.839+0000] {dagbag.py:536} INFO - Filling up the DagBag from /home/airflow/.local/lib/python3.8/site-packages/airflow/example_dags/example_setup_teardown_taskflow.py
[2023-10-18T21:28:53.850+0000] {processor.py:839} INFO - DAG(s) dict_keys(['example_setup_teardown_taskflow']) retrieved from /home/airflow/.local/lib/python3.8/site-packages/airflow/example_dags/example_setup_teardown_taskflow.py
[2023-10-18T21:28:53.882+0000] {logging_mixin.py:151} INFO - [2023-10-18T21:28:53.881+0000] {dag.py:2941} INFO - Sync 1 DAGs
[2023-10-18T21:28:53.908+0000] {logging_mixin.py:151} INFO - [2023-10-18T21:28:53.908+0000] {dag.py:3722} INFO - Setting next_dagrun for example_setup_teardown_taskflow to 2023-10-17T21:28:53.908262+00:00, run_after=2023-10-18T21:28:53.908262+00:00
[2023-10-18T21:28:53.928+0000] {processor.py:179} INFO - Processing /home/airflow/.local/lib/python3.8/site-packages/airflow/example_dags/example_setup_teardown_taskflow.py took 0.097 seconds
[2023-10-18T21:29:24.089+0000] {processor.py:157} INFO - Started process (PID=649) to work on /home/airflow/.local/lib/python3.8/site-packages/airflow/example_dags/example_setup_teardown_taskflow.py
[2023-10-18T21:29:24.090+0000] {processor.py:829} INFO - Processing file /home/airflow/.local/lib/python3.8/site-packages/airflow/example_dags/example_setup_teardown_taskflow.py for tasks to queue
[2023-10-18T21:29:24.093+0000] {logging_mixin.py:151} INFO - [2023-10-18T21:29:24.092+0000] {dagbag.py:536} INFO - Filling up the DagBag from /home/airflow/.local/lib/python3.8/site-packages/airflow/example_dags/example_setup_teardown_taskflow.py
[2023-10-18T21:29:24.103+0000] {processor.py:839} INFO - DAG(s) dict_keys(['example_setup_teardown_taskflow']) retrieved from /home/airflow/.local/lib/python3.8/site-packages/airflow/example_dags/example_setup_teardown_taskflow.py
[2023-10-18T21:29:24.130+0000] {logging_mixin.py:151} INFO - [2023-10-18T21:29:24.130+0000] {dag.py:2941} INFO - Sync 1 DAGs
[2023-10-18T21:29:24.156+0000] {logging_mixin.py:151} INFO - [2023-10-18T21:29:24.156+0000] {dag.py:3722} INFO - Setting next_dagrun for example_setup_teardown_taskflow to 2023-10-17T21:29:24.156147+00:00, run_after=2023-10-18T21:29:24.156147+00:00
[2023-10-18T21:29:24.174+0000] {processor.py:179} INFO - Processing /home/airflow/.local/lib/python3.8/site-packages/airflow/example_dags/example_setup_teardown_taskflow.py took 0.091 seconds
[2023-10-18T21:29:54.514+0000] {processor.py:157} INFO - Started process (PID=702) to work on /home/airflow/.local/lib/python3.8/site-packages/airflow/example_dags/example_setup_teardown_taskflow.py
[2023-10-18T21:29:54.515+0000] {processor.py:829} INFO - Processing file /home/airflow/.local/lib/python3.8/site-packages/airflow/example_dags/example_setup_teardown_taskflow.py for tasks to queue
[2023-10-18T21:29:54.517+0000] {logging_mixin.py:151} INFO - [2023-10-18T21:29:54.517+0000] {dagbag.py:536} INFO - Filling up the DagBag from /home/airflow/.local/lib/python3.8/site-packages/airflow/example_dags/example_setup_teardown_taskflow.py
[2023-10-18T21:29:54.529+0000] {processor.py:839} INFO - DAG(s) dict_keys(['example_setup_teardown_taskflow']) retrieved from /home/airflow/.local/lib/python3.8/site-packages/airflow/example_dags/example_setup_teardown_taskflow.py
[2023-10-18T21:29:54.556+0000] {logging_mixin.py:151} INFO - [2023-10-18T21:29:54.556+0000] {dag.py:2941} INFO - Sync 1 DAGs
[2023-10-18T21:29:54.583+0000] {logging_mixin.py:151} INFO - [2023-10-18T21:29:54.583+0000] {dag.py:3722} INFO - Setting next_dagrun for example_setup_teardown_taskflow to 2023-10-17T21:29:54.583058+00:00, run_after=2023-10-18T21:29:54.583058+00:00
[2023-10-18T21:29:54.604+0000] {processor.py:179} INFO - Processing /home/airflow/.local/lib/python3.8/site-packages/airflow/example_dags/example_setup_teardown_taskflow.py took 0.094 seconds
[2023-10-18T21:30:25.120+0000] {processor.py:157} INFO - Started process (PID=756) to work on /home/airflow/.local/lib/python3.8/site-packages/airflow/example_dags/example_setup_teardown_taskflow.py
[2023-10-18T21:30:25.122+0000] {processor.py:829} INFO - Processing file /home/airflow/.local/lib/python3.8/site-packages/airflow/example_dags/example_setup_teardown_taskflow.py for tasks to queue
[2023-10-18T21:30:25.125+0000] {logging_mixin.py:151} INFO - [2023-10-18T21:30:25.125+0000] {dagbag.py:536} INFO - Filling up the DagBag from /home/airflow/.local/lib/python3.8/site-packages/airflow/example_dags/example_setup_teardown_taskflow.py
[2023-10-18T21:30:25.139+0000] {processor.py:839} INFO - DAG(s) dict_keys(['example_setup_teardown_taskflow']) retrieved from /home/airflow/.local/lib/python3.8/site-packages/airflow/example_dags/example_setup_teardown_taskflow.py
[2023-10-18T21:30:25.167+0000] {logging_mixin.py:151} INFO - [2023-10-18T21:30:25.167+0000] {dag.py:2941} INFO - Sync 1 DAGs
[2023-10-18T21:30:25.195+0000] {logging_mixin.py:151} INFO - [2023-10-18T21:30:25.195+0000] {dag.py:3722} INFO - Setting next_dagrun for example_setup_teardown_taskflow to 2023-10-17T21:30:25.194825+00:00, run_after=2023-10-18T21:30:25.194825+00:00
[2023-10-18T21:30:25.214+0000] {processor.py:179} INFO - Processing /home/airflow/.local/lib/python3.8/site-packages/airflow/example_dags/example_setup_teardown_taskflow.py took 0.100 seconds
[2023-10-18T21:30:56.116+0000] {processor.py:157} INFO - Started process (PID=810) to work on /home/airflow/.local/lib/python3.8/site-packages/airflow/example_dags/example_setup_teardown_taskflow.py
[2023-10-18T21:30:56.117+0000] {processor.py:829} INFO - Processing file /home/airflow/.local/lib/python3.8/site-packages/airflow/example_dags/example_setup_teardown_taskflow.py for tasks to queue
[2023-10-18T21:30:56.120+0000] {logging_mixin.py:151} INFO - [2023-10-18T21:30:56.120+0000] {dagbag.py:536} INFO - Filling up the DagBag from /home/airflow/.local/lib/python3.8/site-packages/airflow/example_dags/example_setup_teardown_taskflow.py
[2023-10-18T21:30:56.131+0000] {processor.py:839} INFO - DAG(s) dict_keys(['example_setup_teardown_taskflow']) retrieved from /home/airflow/.local/lib/python3.8/site-packages/airflow/example_dags/example_setup_teardown_taskflow.py
[2023-10-18T21:30:56.154+0000] {logging_mixin.py:151} INFO - [2023-10-18T21:30:56.154+0000] {dag.py:2941} INFO - Sync 1 DAGs
[2023-10-18T21:30:56.180+0000] {logging_mixin.py:151} INFO - [2023-10-18T21:30:56.180+0000] {dag.py:3722} INFO - Setting next_dagrun for example_setup_teardown_taskflow to 2023-10-17T21:30:56.179792+00:00, run_after=2023-10-18T21:30:56.179792+00:00
[2023-10-18T21:30:56.200+0000] {processor.py:179} INFO - Processing /home/airflow/.local/lib/python3.8/site-packages/airflow/example_dags/example_setup_teardown_taskflow.py took 0.090 seconds
[2023-10-18T21:31:26.360+0000] {processor.py:157} INFO - Started process (PID=863) to work on /home/airflow/.local/lib/python3.8/site-packages/airflow/example_dags/example_setup_teardown_taskflow.py
[2023-10-18T21:31:26.361+0000] {processor.py:829} INFO - Processing file /home/airflow/.local/lib/python3.8/site-packages/airflow/example_dags/example_setup_teardown_taskflow.py for tasks to queue
[2023-10-18T21:31:26.363+0000] {logging_mixin.py:151} INFO - [2023-10-18T21:31:26.363+0000] {dagbag.py:536} INFO - Filling up the DagBag from /home/airflow/.local/lib/python3.8/site-packages/airflow/example_dags/example_setup_teardown_taskflow.py
[2023-10-18T21:31:26.374+0000] {processor.py:839} INFO - DAG(s) dict_keys(['example_setup_teardown_taskflow']) retrieved from /home/airflow/.local/lib/python3.8/site-packages/airflow/example_dags/example_setup_teardown_taskflow.py
[2023-10-18T21:31:26.402+0000] {logging_mixin.py:151} INFO - [2023-10-18T21:31:26.402+0000] {dag.py:2941} INFO - Sync 1 DAGs
[2023-10-18T21:31:26.428+0000] {logging_mixin.py:151} INFO - [2023-10-18T21:31:26.428+0000] {dag.py:3722} INFO - Setting next_dagrun for example_setup_teardown_taskflow to 2023-10-17T21:31:26.428066+00:00, run_after=2023-10-18T21:31:26.428066+00:00
[2023-10-18T21:31:26.445+0000] {processor.py:179} INFO - Processing /home/airflow/.local/lib/python3.8/site-packages/airflow/example_dags/example_setup_teardown_taskflow.py took 0.092 seconds
