[2023-10-18T21:06:46.845+0000] {processor.py:157} INFO - Started process (PID=51) to work on /home/airflow/.local/lib/python3.8/site-packages/airflow/example_dags/example_sensor_decorator.py
[2023-10-18T21:06:46.846+0000] {processor.py:829} INFO - Processing file /home/airflow/.local/lib/python3.8/site-packages/airflow/example_dags/example_sensor_decorator.py for tasks to queue
[2023-10-18T21:06:46.849+0000] {logging_mixin.py:151} INFO - [2023-10-18T21:06:46.849+0000] {dagbag.py:536} INFO - Filling up the DagBag from /home/airflow/.local/lib/python3.8/site-packages/airflow/example_dags/example_sensor_decorator.py
[2023-10-18T21:06:46.858+0000] {processor.py:839} INFO - DAG(s) dict_keys(['example_sensor_decorator']) retrieved from /home/airflow/.local/lib/python3.8/site-packages/airflow/example_dags/example_sensor_decorator.py
[2023-10-18T21:06:46.877+0000] {logging_mixin.py:151} INFO - [2023-10-18T21:06:46.877+0000] {dag.py:2941} INFO - Sync 1 DAGs
[2023-10-18T21:06:46.910+0000] {logging_mixin.py:151} INFO - [2023-10-18T21:06:46.909+0000] {dag.py:3722} INFO - Setting next_dagrun for example_sensor_decorator to None, run_after=None
[2023-10-18T21:06:46.957+0000] {processor.py:179} INFO - Processing /home/airflow/.local/lib/python3.8/site-packages/airflow/example_dags/example_sensor_decorator.py took 0.116 seconds
[2023-10-18T21:07:17.378+0000] {processor.py:157} INFO - Started process (PID=104) to work on /home/airflow/.local/lib/python3.8/site-packages/airflow/example_dags/example_sensor_decorator.py
[2023-10-18T21:07:17.380+0000] {processor.py:829} INFO - Processing file /home/airflow/.local/lib/python3.8/site-packages/airflow/example_dags/example_sensor_decorator.py for tasks to queue
[2023-10-18T21:07:17.382+0000] {logging_mixin.py:151} INFO - [2023-10-18T21:07:17.382+0000] {dagbag.py:536} INFO - Filling up the DagBag from /home/airflow/.local/lib/python3.8/site-packages/airflow/example_dags/example_sensor_decorator.py
[2023-10-18T21:07:17.389+0000] {processor.py:839} INFO - DAG(s) dict_keys(['example_sensor_decorator']) retrieved from /home/airflow/.local/lib/python3.8/site-packages/airflow/example_dags/example_sensor_decorator.py
[2023-10-18T21:07:17.415+0000] {logging_mixin.py:151} INFO - [2023-10-18T21:07:17.415+0000] {dag.py:2941} INFO - Sync 1 DAGs
[2023-10-18T21:07:17.431+0000] {logging_mixin.py:151} INFO - [2023-10-18T21:07:17.431+0000] {dag.py:3722} INFO - Setting next_dagrun for example_sensor_decorator to None, run_after=None
[2023-10-18T21:07:17.451+0000] {processor.py:179} INFO - Processing /home/airflow/.local/lib/python3.8/site-packages/airflow/example_dags/example_sensor_decorator.py took 0.077 seconds
[2023-10-18T21:07:47.653+0000] {processor.py:157} INFO - Started process (PID=157) to work on /home/airflow/.local/lib/python3.8/site-packages/airflow/example_dags/example_sensor_decorator.py
[2023-10-18T21:07:47.654+0000] {processor.py:829} INFO - Processing file /home/airflow/.local/lib/python3.8/site-packages/airflow/example_dags/example_sensor_decorator.py for tasks to queue
[2023-10-18T21:07:47.656+0000] {logging_mixin.py:151} INFO - [2023-10-18T21:07:47.656+0000] {dagbag.py:536} INFO - Filling up the DagBag from /home/airflow/.local/lib/python3.8/site-packages/airflow/example_dags/example_sensor_decorator.py
[2023-10-18T21:07:47.664+0000] {processor.py:839} INFO - DAG(s) dict_keys(['example_sensor_decorator']) retrieved from /home/airflow/.local/lib/python3.8/site-packages/airflow/example_dags/example_sensor_decorator.py
[2023-10-18T21:07:47.692+0000] {logging_mixin.py:151} INFO - [2023-10-18T21:07:47.692+0000] {dag.py:2941} INFO - Sync 1 DAGs
[2023-10-18T21:07:47.708+0000] {logging_mixin.py:151} INFO - [2023-10-18T21:07:47.708+0000] {dag.py:3722} INFO - Setting next_dagrun for example_sensor_decorator to None, run_after=None
[2023-10-18T21:07:47.728+0000] {processor.py:179} INFO - Processing /home/airflow/.local/lib/python3.8/site-packages/airflow/example_dags/example_sensor_decorator.py took 0.080 seconds
[2023-10-18T21:08:17.851+0000] {processor.py:157} INFO - Started process (PID=210) to work on /home/airflow/.local/lib/python3.8/site-packages/airflow/example_dags/example_sensor_decorator.py
[2023-10-18T21:08:17.852+0000] {processor.py:829} INFO - Processing file /home/airflow/.local/lib/python3.8/site-packages/airflow/example_dags/example_sensor_decorator.py for tasks to queue
[2023-10-18T21:08:17.855+0000] {logging_mixin.py:151} INFO - [2023-10-18T21:08:17.855+0000] {dagbag.py:536} INFO - Filling up the DagBag from /home/airflow/.local/lib/python3.8/site-packages/airflow/example_dags/example_sensor_decorator.py
[2023-10-18T21:08:17.863+0000] {processor.py:839} INFO - DAG(s) dict_keys(['example_sensor_decorator']) retrieved from /home/airflow/.local/lib/python3.8/site-packages/airflow/example_dags/example_sensor_decorator.py
[2023-10-18T21:08:17.887+0000] {logging_mixin.py:151} INFO - [2023-10-18T21:08:17.887+0000] {dag.py:2941} INFO - Sync 1 DAGs
[2023-10-18T21:08:17.902+0000] {logging_mixin.py:151} INFO - [2023-10-18T21:08:17.902+0000] {dag.py:3722} INFO - Setting next_dagrun for example_sensor_decorator to None, run_after=None
[2023-10-18T21:08:17.920+0000] {processor.py:179} INFO - Processing /home/airflow/.local/lib/python3.8/site-packages/airflow/example_dags/example_sensor_decorator.py took 0.074 seconds
[2023-10-18T21:08:48.010+0000] {processor.py:157} INFO - Started process (PID=264) to work on /home/airflow/.local/lib/python3.8/site-packages/airflow/example_dags/example_sensor_decorator.py
[2023-10-18T21:08:48.011+0000] {processor.py:829} INFO - Processing file /home/airflow/.local/lib/python3.8/site-packages/airflow/example_dags/example_sensor_decorator.py for tasks to queue
[2023-10-18T21:08:48.014+0000] {logging_mixin.py:151} INFO - [2023-10-18T21:08:48.014+0000] {dagbag.py:536} INFO - Filling up the DagBag from /home/airflow/.local/lib/python3.8/site-packages/airflow/example_dags/example_sensor_decorator.py
[2023-10-18T21:08:48.022+0000] {processor.py:839} INFO - DAG(s) dict_keys(['example_sensor_decorator']) retrieved from /home/airflow/.local/lib/python3.8/site-packages/airflow/example_dags/example_sensor_decorator.py
[2023-10-18T21:08:48.047+0000] {logging_mixin.py:151} INFO - [2023-10-18T21:08:48.047+0000] {dag.py:2941} INFO - Sync 1 DAGs
[2023-10-18T21:08:48.063+0000] {logging_mixin.py:151} INFO - [2023-10-18T21:08:48.063+0000] {dag.py:3722} INFO - Setting next_dagrun for example_sensor_decorator to None, run_after=None
[2023-10-18T21:08:48.084+0000] {processor.py:179} INFO - Processing /home/airflow/.local/lib/python3.8/site-packages/airflow/example_dags/example_sensor_decorator.py took 0.080 seconds
[2023-10-18T21:09:18.346+0000] {processor.py:157} INFO - Started process (PID=317) to work on /home/airflow/.local/lib/python3.8/site-packages/airflow/example_dags/example_sensor_decorator.py
[2023-10-18T21:09:18.348+0000] {processor.py:829} INFO - Processing file /home/airflow/.local/lib/python3.8/site-packages/airflow/example_dags/example_sensor_decorator.py for tasks to queue
[2023-10-18T21:09:18.350+0000] {logging_mixin.py:151} INFO - [2023-10-18T21:09:18.350+0000] {dagbag.py:536} INFO - Filling up the DagBag from /home/airflow/.local/lib/python3.8/site-packages/airflow/example_dags/example_sensor_decorator.py
[2023-10-18T21:09:18.357+0000] {processor.py:839} INFO - DAG(s) dict_keys(['example_sensor_decorator']) retrieved from /home/airflow/.local/lib/python3.8/site-packages/airflow/example_dags/example_sensor_decorator.py
[2023-10-18T21:09:18.385+0000] {logging_mixin.py:151} INFO - [2023-10-18T21:09:18.385+0000] {dag.py:2941} INFO - Sync 1 DAGs
[2023-10-18T21:09:18.401+0000] {logging_mixin.py:151} INFO - [2023-10-18T21:09:18.401+0000] {dag.py:3722} INFO - Setting next_dagrun for example_sensor_decorator to None, run_after=None
[2023-10-18T21:09:18.421+0000] {processor.py:179} INFO - Processing /home/airflow/.local/lib/python3.8/site-packages/airflow/example_dags/example_sensor_decorator.py took 0.080 seconds
[2023-10-18T21:09:48.678+0000] {processor.py:157} INFO - Started process (PID=370) to work on /home/airflow/.local/lib/python3.8/site-packages/airflow/example_dags/example_sensor_decorator.py
[2023-10-18T21:09:48.680+0000] {processor.py:829} INFO - Processing file /home/airflow/.local/lib/python3.8/site-packages/airflow/example_dags/example_sensor_decorator.py for tasks to queue
[2023-10-18T21:09:48.682+0000] {logging_mixin.py:151} INFO - [2023-10-18T21:09:48.682+0000] {dagbag.py:536} INFO - Filling up the DagBag from /home/airflow/.local/lib/python3.8/site-packages/airflow/example_dags/example_sensor_decorator.py
[2023-10-18T21:09:48.690+0000] {processor.py:839} INFO - DAG(s) dict_keys(['example_sensor_decorator']) retrieved from /home/airflow/.local/lib/python3.8/site-packages/airflow/example_dags/example_sensor_decorator.py
[2023-10-18T21:09:48.717+0000] {logging_mixin.py:151} INFO - [2023-10-18T21:09:48.717+0000] {dag.py:2941} INFO - Sync 1 DAGs
[2023-10-18T21:09:48.733+0000] {logging_mixin.py:151} INFO - [2023-10-18T21:09:48.733+0000] {dag.py:3722} INFO - Setting next_dagrun for example_sensor_decorator to None, run_after=None
[2023-10-18T21:09:48.754+0000] {processor.py:179} INFO - Processing /home/airflow/.local/lib/python3.8/site-packages/airflow/example_dags/example_sensor_decorator.py took 0.080 seconds
[2023-10-18T21:10:18.800+0000] {processor.py:157} INFO - Started process (PID=423) to work on /home/airflow/.local/lib/python3.8/site-packages/airflow/example_dags/example_sensor_decorator.py
[2023-10-18T21:10:18.801+0000] {processor.py:829} INFO - Processing file /home/airflow/.local/lib/python3.8/site-packages/airflow/example_dags/example_sensor_decorator.py for tasks to queue
[2023-10-18T21:10:18.804+0000] {logging_mixin.py:151} INFO - [2023-10-18T21:10:18.804+0000] {dagbag.py:536} INFO - Filling up the DagBag from /home/airflow/.local/lib/python3.8/site-packages/airflow/example_dags/example_sensor_decorator.py
[2023-10-18T21:10:18.811+0000] {processor.py:839} INFO - DAG(s) dict_keys(['example_sensor_decorator']) retrieved from /home/airflow/.local/lib/python3.8/site-packages/airflow/example_dags/example_sensor_decorator.py
[2023-10-18T21:10:18.836+0000] {logging_mixin.py:151} INFO - [2023-10-18T21:10:18.836+0000] {dag.py:2941} INFO - Sync 1 DAGs
[2023-10-18T21:10:18.852+0000] {logging_mixin.py:151} INFO - [2023-10-18T21:10:18.851+0000] {dag.py:3722} INFO - Setting next_dagrun for example_sensor_decorator to None, run_after=None
[2023-10-18T21:10:18.872+0000] {processor.py:179} INFO - Processing /home/airflow/.local/lib/python3.8/site-packages/airflow/example_dags/example_sensor_decorator.py took 0.076 seconds
[2023-10-18T21:10:48.915+0000] {processor.py:157} INFO - Started process (PID=476) to work on /home/airflow/.local/lib/python3.8/site-packages/airflow/example_dags/example_sensor_decorator.py
[2023-10-18T21:10:48.916+0000] {processor.py:829} INFO - Processing file /home/airflow/.local/lib/python3.8/site-packages/airflow/example_dags/example_sensor_decorator.py for tasks to queue
[2023-10-18T21:10:48.919+0000] {logging_mixin.py:151} INFO - [2023-10-18T21:10:48.919+0000] {dagbag.py:536} INFO - Filling up the DagBag from /home/airflow/.local/lib/python3.8/site-packages/airflow/example_dags/example_sensor_decorator.py
[2023-10-18T21:10:48.926+0000] {processor.py:839} INFO - DAG(s) dict_keys(['example_sensor_decorator']) retrieved from /home/airflow/.local/lib/python3.8/site-packages/airflow/example_dags/example_sensor_decorator.py
[2023-10-18T21:10:48.948+0000] {logging_mixin.py:151} INFO - [2023-10-18T21:10:48.948+0000] {dag.py:2941} INFO - Sync 1 DAGs
[2023-10-18T21:10:48.964+0000] {logging_mixin.py:151} INFO - [2023-10-18T21:10:48.964+0000] {dag.py:3722} INFO - Setting next_dagrun for example_sensor_decorator to None, run_after=None
[2023-10-18T21:10:48.985+0000] {processor.py:179} INFO - Processing /home/airflow/.local/lib/python3.8/site-packages/airflow/example_dags/example_sensor_decorator.py took 0.075 seconds
[2023-10-18T21:11:19.580+0000] {processor.py:157} INFO - Started process (PID=529) to work on /home/airflow/.local/lib/python3.8/site-packages/airflow/example_dags/example_sensor_decorator.py
[2023-10-18T21:11:19.581+0000] {processor.py:829} INFO - Processing file /home/airflow/.local/lib/python3.8/site-packages/airflow/example_dags/example_sensor_decorator.py for tasks to queue
[2023-10-18T21:11:19.584+0000] {logging_mixin.py:151} INFO - [2023-10-18T21:11:19.583+0000] {dagbag.py:536} INFO - Filling up the DagBag from /home/airflow/.local/lib/python3.8/site-packages/airflow/example_dags/example_sensor_decorator.py
[2023-10-18T21:11:19.591+0000] {processor.py:839} INFO - DAG(s) dict_keys(['example_sensor_decorator']) retrieved from /home/airflow/.local/lib/python3.8/site-packages/airflow/example_dags/example_sensor_decorator.py
[2023-10-18T21:11:19.616+0000] {logging_mixin.py:151} INFO - [2023-10-18T21:11:19.616+0000] {dag.py:2941} INFO - Sync 1 DAGs
[2023-10-18T21:11:19.631+0000] {logging_mixin.py:151} INFO - [2023-10-18T21:11:19.631+0000] {dag.py:3722} INFO - Setting next_dagrun for example_sensor_decorator to None, run_after=None
[2023-10-18T21:11:19.658+0000] {processor.py:179} INFO - Processing /home/airflow/.local/lib/python3.8/site-packages/airflow/example_dags/example_sensor_decorator.py took 0.083 seconds
[2023-10-18T21:11:50.068+0000] {processor.py:157} INFO - Started process (PID=582) to work on /home/airflow/.local/lib/python3.8/site-packages/airflow/example_dags/example_sensor_decorator.py
[2023-10-18T21:11:50.068+0000] {processor.py:829} INFO - Processing file /home/airflow/.local/lib/python3.8/site-packages/airflow/example_dags/example_sensor_decorator.py for tasks to queue
[2023-10-18T21:11:50.071+0000] {logging_mixin.py:151} INFO - [2023-10-18T21:11:50.071+0000] {dagbag.py:536} INFO - Filling up the DagBag from /home/airflow/.local/lib/python3.8/site-packages/airflow/example_dags/example_sensor_decorator.py
[2023-10-18T21:11:50.078+0000] {processor.py:839} INFO - DAG(s) dict_keys(['example_sensor_decorator']) retrieved from /home/airflow/.local/lib/python3.8/site-packages/airflow/example_dags/example_sensor_decorator.py
[2023-10-18T21:11:50.106+0000] {logging_mixin.py:151} INFO - [2023-10-18T21:11:50.106+0000] {dag.py:2941} INFO - Sync 1 DAGs
[2023-10-18T21:11:50.122+0000] {logging_mixin.py:151} INFO - [2023-10-18T21:11:50.122+0000] {dag.py:3722} INFO - Setting next_dagrun for example_sensor_decorator to None, run_after=None
[2023-10-18T21:11:50.143+0000] {processor.py:179} INFO - Processing /home/airflow/.local/lib/python3.8/site-packages/airflow/example_dags/example_sensor_decorator.py took 0.079 seconds
[2023-10-18T21:12:20.275+0000] {processor.py:157} INFO - Started process (PID=636) to work on /home/airflow/.local/lib/python3.8/site-packages/airflow/example_dags/example_sensor_decorator.py
[2023-10-18T21:12:20.276+0000] {processor.py:829} INFO - Processing file /home/airflow/.local/lib/python3.8/site-packages/airflow/example_dags/example_sensor_decorator.py for tasks to queue
[2023-10-18T21:12:20.279+0000] {logging_mixin.py:151} INFO - [2023-10-18T21:12:20.279+0000] {dagbag.py:536} INFO - Filling up the DagBag from /home/airflow/.local/lib/python3.8/site-packages/airflow/example_dags/example_sensor_decorator.py
[2023-10-18T21:12:20.286+0000] {processor.py:839} INFO - DAG(s) dict_keys(['example_sensor_decorator']) retrieved from /home/airflow/.local/lib/python3.8/site-packages/airflow/example_dags/example_sensor_decorator.py
[2023-10-18T21:12:20.310+0000] {logging_mixin.py:151} INFO - [2023-10-18T21:12:20.309+0000] {dag.py:2941} INFO - Sync 1 DAGs
[2023-10-18T21:12:20.326+0000] {logging_mixin.py:151} INFO - [2023-10-18T21:12:20.326+0000] {dag.py:3722} INFO - Setting next_dagrun for example_sensor_decorator to None, run_after=None
[2023-10-18T21:12:20.344+0000] {processor.py:179} INFO - Processing /home/airflow/.local/lib/python3.8/site-packages/airflow/example_dags/example_sensor_decorator.py took 0.073 seconds
[2023-10-18T21:12:50.855+0000] {processor.py:157} INFO - Started process (PID=689) to work on /home/airflow/.local/lib/python3.8/site-packages/airflow/example_dags/example_sensor_decorator.py
[2023-10-18T21:12:50.856+0000] {processor.py:829} INFO - Processing file /home/airflow/.local/lib/python3.8/site-packages/airflow/example_dags/example_sensor_decorator.py for tasks to queue
[2023-10-18T21:12:50.859+0000] {logging_mixin.py:151} INFO - [2023-10-18T21:12:50.858+0000] {dagbag.py:536} INFO - Filling up the DagBag from /home/airflow/.local/lib/python3.8/site-packages/airflow/example_dags/example_sensor_decorator.py
[2023-10-18T21:12:50.866+0000] {processor.py:839} INFO - DAG(s) dict_keys(['example_sensor_decorator']) retrieved from /home/airflow/.local/lib/python3.8/site-packages/airflow/example_dags/example_sensor_decorator.py
[2023-10-18T21:12:50.892+0000] {logging_mixin.py:151} INFO - [2023-10-18T21:12:50.891+0000] {dag.py:2941} INFO - Sync 1 DAGs
[2023-10-18T21:12:50.908+0000] {logging_mixin.py:151} INFO - [2023-10-18T21:12:50.908+0000] {dag.py:3722} INFO - Setting next_dagrun for example_sensor_decorator to None, run_after=None
[2023-10-18T21:12:50.929+0000] {processor.py:179} INFO - Processing /home/airflow/.local/lib/python3.8/site-packages/airflow/example_dags/example_sensor_decorator.py took 0.081 seconds
[2023-10-18T21:15:09.151+0000] {processor.py:157} INFO - Started process (PID=50) to work on /home/airflow/.local/lib/python3.8/site-packages/airflow/example_dags/example_sensor_decorator.py
[2023-10-18T21:15:09.153+0000] {processor.py:829} INFO - Processing file /home/airflow/.local/lib/python3.8/site-packages/airflow/example_dags/example_sensor_decorator.py for tasks to queue
[2023-10-18T21:15:09.156+0000] {logging_mixin.py:151} INFO - [2023-10-18T21:15:09.155+0000] {dagbag.py:536} INFO - Filling up the DagBag from /home/airflow/.local/lib/python3.8/site-packages/airflow/example_dags/example_sensor_decorator.py
[2023-10-18T21:15:09.165+0000] {processor.py:839} INFO - DAG(s) dict_keys(['example_sensor_decorator']) retrieved from /home/airflow/.local/lib/python3.8/site-packages/airflow/example_dags/example_sensor_decorator.py
[2023-10-18T21:15:09.189+0000] {logging_mixin.py:151} INFO - [2023-10-18T21:15:09.188+0000] {dag.py:2941} INFO - Sync 1 DAGs
[2023-10-18T21:15:09.207+0000] {logging_mixin.py:151} INFO - [2023-10-18T21:15:09.207+0000] {dag.py:3722} INFO - Setting next_dagrun for example_sensor_decorator to None, run_after=None
[2023-10-18T21:15:09.226+0000] {processor.py:179} INFO - Processing /home/airflow/.local/lib/python3.8/site-packages/airflow/example_dags/example_sensor_decorator.py took 0.079 seconds
[2023-10-18T21:15:39.577+0000] {processor.py:157} INFO - Started process (PID=102) to work on /home/airflow/.local/lib/python3.8/site-packages/airflow/example_dags/example_sensor_decorator.py
[2023-10-18T21:15:39.579+0000] {processor.py:829} INFO - Processing file /home/airflow/.local/lib/python3.8/site-packages/airflow/example_dags/example_sensor_decorator.py for tasks to queue
[2023-10-18T21:15:39.582+0000] {logging_mixin.py:151} INFO - [2023-10-18T21:15:39.581+0000] {dagbag.py:536} INFO - Filling up the DagBag from /home/airflow/.local/lib/python3.8/site-packages/airflow/example_dags/example_sensor_decorator.py
[2023-10-18T21:15:39.588+0000] {processor.py:839} INFO - DAG(s) dict_keys(['example_sensor_decorator']) retrieved from /home/airflow/.local/lib/python3.8/site-packages/airflow/example_dags/example_sensor_decorator.py
[2023-10-18T21:15:39.611+0000] {logging_mixin.py:151} INFO - [2023-10-18T21:15:39.611+0000] {dag.py:2941} INFO - Sync 1 DAGs
[2023-10-18T21:15:39.628+0000] {logging_mixin.py:151} INFO - [2023-10-18T21:15:39.628+0000] {dag.py:3722} INFO - Setting next_dagrun for example_sensor_decorator to None, run_after=None
[2023-10-18T21:15:39.645+0000] {processor.py:179} INFO - Processing /home/airflow/.local/lib/python3.8/site-packages/airflow/example_dags/example_sensor_decorator.py took 0.073 seconds
[2023-10-18T21:16:09.866+0000] {processor.py:157} INFO - Started process (PID=156) to work on /home/airflow/.local/lib/python3.8/site-packages/airflow/example_dags/example_sensor_decorator.py
[2023-10-18T21:16:09.867+0000] {processor.py:829} INFO - Processing file /home/airflow/.local/lib/python3.8/site-packages/airflow/example_dags/example_sensor_decorator.py for tasks to queue
[2023-10-18T21:16:09.870+0000] {logging_mixin.py:151} INFO - [2023-10-18T21:16:09.869+0000] {dagbag.py:536} INFO - Filling up the DagBag from /home/airflow/.local/lib/python3.8/site-packages/airflow/example_dags/example_sensor_decorator.py
[2023-10-18T21:16:09.877+0000] {processor.py:839} INFO - DAG(s) dict_keys(['example_sensor_decorator']) retrieved from /home/airflow/.local/lib/python3.8/site-packages/airflow/example_dags/example_sensor_decorator.py
[2023-10-18T21:16:09.898+0000] {logging_mixin.py:151} INFO - [2023-10-18T21:16:09.898+0000] {dag.py:2941} INFO - Sync 1 DAGs
[2023-10-18T21:16:09.912+0000] {logging_mixin.py:151} INFO - [2023-10-18T21:16:09.911+0000] {dag.py:3722} INFO - Setting next_dagrun for example_sensor_decorator to None, run_after=None
[2023-10-18T21:16:09.929+0000] {processor.py:179} INFO - Processing /home/airflow/.local/lib/python3.8/site-packages/airflow/example_dags/example_sensor_decorator.py took 0.070 seconds
[2023-10-18T21:16:40.382+0000] {processor.py:157} INFO - Started process (PID=209) to work on /home/airflow/.local/lib/python3.8/site-packages/airflow/example_dags/example_sensor_decorator.py
[2023-10-18T21:16:40.383+0000] {processor.py:829} INFO - Processing file /home/airflow/.local/lib/python3.8/site-packages/airflow/example_dags/example_sensor_decorator.py for tasks to queue
[2023-10-18T21:16:40.386+0000] {logging_mixin.py:151} INFO - [2023-10-18T21:16:40.385+0000] {dagbag.py:536} INFO - Filling up the DagBag from /home/airflow/.local/lib/python3.8/site-packages/airflow/example_dags/example_sensor_decorator.py
[2023-10-18T21:16:40.392+0000] {processor.py:839} INFO - DAG(s) dict_keys(['example_sensor_decorator']) retrieved from /home/airflow/.local/lib/python3.8/site-packages/airflow/example_dags/example_sensor_decorator.py
[2023-10-18T21:16:40.413+0000] {logging_mixin.py:151} INFO - [2023-10-18T21:16:40.413+0000] {dag.py:2941} INFO - Sync 1 DAGs
[2023-10-18T21:16:40.427+0000] {logging_mixin.py:151} INFO - [2023-10-18T21:16:40.427+0000] {dag.py:3722} INFO - Setting next_dagrun for example_sensor_decorator to None, run_after=None
[2023-10-18T21:16:40.446+0000] {processor.py:179} INFO - Processing /home/airflow/.local/lib/python3.8/site-packages/airflow/example_dags/example_sensor_decorator.py took 0.068 seconds
[2023-10-18T21:17:10.548+0000] {processor.py:157} INFO - Started process (PID=263) to work on /home/airflow/.local/lib/python3.8/site-packages/airflow/example_dags/example_sensor_decorator.py
[2023-10-18T21:17:10.549+0000] {processor.py:829} INFO - Processing file /home/airflow/.local/lib/python3.8/site-packages/airflow/example_dags/example_sensor_decorator.py for tasks to queue
[2023-10-18T21:17:10.552+0000] {logging_mixin.py:151} INFO - [2023-10-18T21:17:10.552+0000] {dagbag.py:536} INFO - Filling up the DagBag from /home/airflow/.local/lib/python3.8/site-packages/airflow/example_dags/example_sensor_decorator.py
[2023-10-18T21:17:10.559+0000] {processor.py:839} INFO - DAG(s) dict_keys(['example_sensor_decorator']) retrieved from /home/airflow/.local/lib/python3.8/site-packages/airflow/example_dags/example_sensor_decorator.py
[2023-10-18T21:17:10.580+0000] {logging_mixin.py:151} INFO - [2023-10-18T21:17:10.580+0000] {dag.py:2941} INFO - Sync 1 DAGs
[2023-10-18T21:17:10.594+0000] {logging_mixin.py:151} INFO - [2023-10-18T21:17:10.594+0000] {dag.py:3722} INFO - Setting next_dagrun for example_sensor_decorator to None, run_after=None
[2023-10-18T21:17:10.612+0000] {processor.py:179} INFO - Processing /home/airflow/.local/lib/python3.8/site-packages/airflow/example_dags/example_sensor_decorator.py took 0.070 seconds
[2023-10-18T21:17:40.776+0000] {processor.py:157} INFO - Started process (PID=316) to work on /home/airflow/.local/lib/python3.8/site-packages/airflow/example_dags/example_sensor_decorator.py
[2023-10-18T21:17:40.777+0000] {processor.py:829} INFO - Processing file /home/airflow/.local/lib/python3.8/site-packages/airflow/example_dags/example_sensor_decorator.py for tasks to queue
[2023-10-18T21:17:40.780+0000] {logging_mixin.py:151} INFO - [2023-10-18T21:17:40.779+0000] {dagbag.py:536} INFO - Filling up the DagBag from /home/airflow/.local/lib/python3.8/site-packages/airflow/example_dags/example_sensor_decorator.py
[2023-10-18T21:17:40.787+0000] {processor.py:839} INFO - DAG(s) dict_keys(['example_sensor_decorator']) retrieved from /home/airflow/.local/lib/python3.8/site-packages/airflow/example_dags/example_sensor_decorator.py
[2023-10-18T21:17:40.805+0000] {logging_mixin.py:151} INFO - [2023-10-18T21:17:40.805+0000] {dag.py:2941} INFO - Sync 1 DAGs
[2023-10-18T21:17:40.821+0000] {logging_mixin.py:151} INFO - [2023-10-18T21:17:40.821+0000] {dag.py:3722} INFO - Setting next_dagrun for example_sensor_decorator to None, run_after=None
[2023-10-18T21:17:40.839+0000] {processor.py:179} INFO - Processing /home/airflow/.local/lib/python3.8/site-packages/airflow/example_dags/example_sensor_decorator.py took 0.068 seconds
[2023-10-18T21:18:11.439+0000] {processor.py:157} INFO - Started process (PID=369) to work on /home/airflow/.local/lib/python3.8/site-packages/airflow/example_dags/example_sensor_decorator.py
[2023-10-18T21:18:11.440+0000] {processor.py:829} INFO - Processing file /home/airflow/.local/lib/python3.8/site-packages/airflow/example_dags/example_sensor_decorator.py for tasks to queue
[2023-10-18T21:18:11.442+0000] {logging_mixin.py:151} INFO - [2023-10-18T21:18:11.442+0000] {dagbag.py:536} INFO - Filling up the DagBag from /home/airflow/.local/lib/python3.8/site-packages/airflow/example_dags/example_sensor_decorator.py
[2023-10-18T21:18:11.450+0000] {processor.py:839} INFO - DAG(s) dict_keys(['example_sensor_decorator']) retrieved from /home/airflow/.local/lib/python3.8/site-packages/airflow/example_dags/example_sensor_decorator.py
[2023-10-18T21:18:11.477+0000] {logging_mixin.py:151} INFO - [2023-10-18T21:18:11.477+0000] {dag.py:2941} INFO - Sync 1 DAGs
[2023-10-18T21:18:11.493+0000] {logging_mixin.py:151} INFO - [2023-10-18T21:18:11.493+0000] {dag.py:3722} INFO - Setting next_dagrun for example_sensor_decorator to None, run_after=None
[2023-10-18T21:18:11.513+0000] {processor.py:179} INFO - Processing /home/airflow/.local/lib/python3.8/site-packages/airflow/example_dags/example_sensor_decorator.py took 0.077 seconds
[2023-10-18T21:18:41.590+0000] {processor.py:157} INFO - Started process (PID=422) to work on /home/airflow/.local/lib/python3.8/site-packages/airflow/example_dags/example_sensor_decorator.py
[2023-10-18T21:18:41.591+0000] {processor.py:829} INFO - Processing file /home/airflow/.local/lib/python3.8/site-packages/airflow/example_dags/example_sensor_decorator.py for tasks to queue
[2023-10-18T21:18:41.594+0000] {logging_mixin.py:151} INFO - [2023-10-18T21:18:41.593+0000] {dagbag.py:536} INFO - Filling up the DagBag from /home/airflow/.local/lib/python3.8/site-packages/airflow/example_dags/example_sensor_decorator.py
[2023-10-18T21:18:41.601+0000] {processor.py:839} INFO - DAG(s) dict_keys(['example_sensor_decorator']) retrieved from /home/airflow/.local/lib/python3.8/site-packages/airflow/example_dags/example_sensor_decorator.py
[2023-10-18T21:18:41.622+0000] {logging_mixin.py:151} INFO - [2023-10-18T21:18:41.622+0000] {dag.py:2941} INFO - Sync 1 DAGs
[2023-10-18T21:18:41.635+0000] {logging_mixin.py:151} INFO - [2023-10-18T21:18:41.635+0000] {dag.py:3722} INFO - Setting next_dagrun for example_sensor_decorator to None, run_after=None
[2023-10-18T21:18:41.656+0000] {processor.py:179} INFO - Processing /home/airflow/.local/lib/python3.8/site-packages/airflow/example_dags/example_sensor_decorator.py took 0.071 seconds
[2023-10-18T21:19:12.081+0000] {processor.py:157} INFO - Started process (PID=475) to work on /home/airflow/.local/lib/python3.8/site-packages/airflow/example_dags/example_sensor_decorator.py
[2023-10-18T21:19:12.082+0000] {processor.py:829} INFO - Processing file /home/airflow/.local/lib/python3.8/site-packages/airflow/example_dags/example_sensor_decorator.py for tasks to queue
[2023-10-18T21:19:12.085+0000] {logging_mixin.py:151} INFO - [2023-10-18T21:19:12.085+0000] {dagbag.py:536} INFO - Filling up the DagBag from /home/airflow/.local/lib/python3.8/site-packages/airflow/example_dags/example_sensor_decorator.py
[2023-10-18T21:19:12.092+0000] {processor.py:839} INFO - DAG(s) dict_keys(['example_sensor_decorator']) retrieved from /home/airflow/.local/lib/python3.8/site-packages/airflow/example_dags/example_sensor_decorator.py
[2023-10-18T21:19:12.112+0000] {logging_mixin.py:151} INFO - [2023-10-18T21:19:12.112+0000] {dag.py:2941} INFO - Sync 1 DAGs
[2023-10-18T21:19:12.126+0000] {logging_mixin.py:151} INFO - [2023-10-18T21:19:12.126+0000] {dag.py:3722} INFO - Setting next_dagrun for example_sensor_decorator to None, run_after=None
[2023-10-18T21:19:12.143+0000] {processor.py:179} INFO - Processing /home/airflow/.local/lib/python3.8/site-packages/airflow/example_dags/example_sensor_decorator.py took 0.067 seconds
[2023-10-18T21:19:42.424+0000] {processor.py:157} INFO - Started process (PID=528) to work on /home/airflow/.local/lib/python3.8/site-packages/airflow/example_dags/example_sensor_decorator.py
[2023-10-18T21:19:42.425+0000] {processor.py:829} INFO - Processing file /home/airflow/.local/lib/python3.8/site-packages/airflow/example_dags/example_sensor_decorator.py for tasks to queue
[2023-10-18T21:19:42.427+0000] {logging_mixin.py:151} INFO - [2023-10-18T21:19:42.427+0000] {dagbag.py:536} INFO - Filling up the DagBag from /home/airflow/.local/lib/python3.8/site-packages/airflow/example_dags/example_sensor_decorator.py
[2023-10-18T21:19:42.435+0000] {processor.py:839} INFO - DAG(s) dict_keys(['example_sensor_decorator']) retrieved from /home/airflow/.local/lib/python3.8/site-packages/airflow/example_dags/example_sensor_decorator.py
[2023-10-18T21:19:42.458+0000] {logging_mixin.py:151} INFO - [2023-10-18T21:19:42.458+0000] {dag.py:2941} INFO - Sync 1 DAGs
[2023-10-18T21:19:42.473+0000] {logging_mixin.py:151} INFO - [2023-10-18T21:19:42.473+0000] {dag.py:3722} INFO - Setting next_dagrun for example_sensor_decorator to None, run_after=None
[2023-10-18T21:19:42.492+0000] {processor.py:179} INFO - Processing /home/airflow/.local/lib/python3.8/site-packages/airflow/example_dags/example_sensor_decorator.py took 0.073 seconds
[2023-10-18T21:20:12.881+0000] {processor.py:157} INFO - Started process (PID=581) to work on /home/airflow/.local/lib/python3.8/site-packages/airflow/example_dags/example_sensor_decorator.py
[2023-10-18T21:20:12.883+0000] {processor.py:829} INFO - Processing file /home/airflow/.local/lib/python3.8/site-packages/airflow/example_dags/example_sensor_decorator.py for tasks to queue
[2023-10-18T21:20:12.885+0000] {logging_mixin.py:151} INFO - [2023-10-18T21:20:12.885+0000] {dagbag.py:536} INFO - Filling up the DagBag from /home/airflow/.local/lib/python3.8/site-packages/airflow/example_dags/example_sensor_decorator.py
[2023-10-18T21:20:12.892+0000] {processor.py:839} INFO - DAG(s) dict_keys(['example_sensor_decorator']) retrieved from /home/airflow/.local/lib/python3.8/site-packages/airflow/example_dags/example_sensor_decorator.py
[2023-10-18T21:20:12.914+0000] {logging_mixin.py:151} INFO - [2023-10-18T21:20:12.914+0000] {dag.py:2941} INFO - Sync 1 DAGs
[2023-10-18T21:20:12.929+0000] {logging_mixin.py:151} INFO - [2023-10-18T21:20:12.929+0000] {dag.py:3722} INFO - Setting next_dagrun for example_sensor_decorator to None, run_after=None
[2023-10-18T21:20:12.953+0000] {processor.py:179} INFO - Processing /home/airflow/.local/lib/python3.8/site-packages/airflow/example_dags/example_sensor_decorator.py took 0.076 seconds
[2023-10-18T21:20:43.030+0000] {processor.py:157} INFO - Started process (PID=634) to work on /home/airflow/.local/lib/python3.8/site-packages/airflow/example_dags/example_sensor_decorator.py
[2023-10-18T21:20:43.032+0000] {processor.py:829} INFO - Processing file /home/airflow/.local/lib/python3.8/site-packages/airflow/example_dags/example_sensor_decorator.py for tasks to queue
[2023-10-18T21:20:43.036+0000] {logging_mixin.py:151} INFO - [2023-10-18T21:20:43.035+0000] {dagbag.py:536} INFO - Filling up the DagBag from /home/airflow/.local/lib/python3.8/site-packages/airflow/example_dags/example_sensor_decorator.py
[2023-10-18T21:20:43.044+0000] {processor.py:839} INFO - DAG(s) dict_keys(['example_sensor_decorator']) retrieved from /home/airflow/.local/lib/python3.8/site-packages/airflow/example_dags/example_sensor_decorator.py
[2023-10-18T21:20:43.070+0000] {logging_mixin.py:151} INFO - [2023-10-18T21:20:43.069+0000] {dag.py:2941} INFO - Sync 1 DAGs
[2023-10-18T21:20:43.089+0000] {logging_mixin.py:151} INFO - [2023-10-18T21:20:43.089+0000] {dag.py:3722} INFO - Setting next_dagrun for example_sensor_decorator to None, run_after=None
[2023-10-18T21:20:43.111+0000] {processor.py:179} INFO - Processing /home/airflow/.local/lib/python3.8/site-packages/airflow/example_dags/example_sensor_decorator.py took 0.087 seconds
[2023-10-18T21:21:13.224+0000] {processor.py:157} INFO - Started process (PID=687) to work on /home/airflow/.local/lib/python3.8/site-packages/airflow/example_dags/example_sensor_decorator.py
[2023-10-18T21:21:13.226+0000] {processor.py:829} INFO - Processing file /home/airflow/.local/lib/python3.8/site-packages/airflow/example_dags/example_sensor_decorator.py for tasks to queue
[2023-10-18T21:21:13.228+0000] {logging_mixin.py:151} INFO - [2023-10-18T21:21:13.228+0000] {dagbag.py:536} INFO - Filling up the DagBag from /home/airflow/.local/lib/python3.8/site-packages/airflow/example_dags/example_sensor_decorator.py
[2023-10-18T21:21:13.235+0000] {processor.py:839} INFO - DAG(s) dict_keys(['example_sensor_decorator']) retrieved from /home/airflow/.local/lib/python3.8/site-packages/airflow/example_dags/example_sensor_decorator.py
[2023-10-18T21:21:13.258+0000] {logging_mixin.py:151} INFO - [2023-10-18T21:21:13.257+0000] {dag.py:2941} INFO - Sync 1 DAGs
[2023-10-18T21:21:13.273+0000] {logging_mixin.py:151} INFO - [2023-10-18T21:21:13.273+0000] {dag.py:3722} INFO - Setting next_dagrun for example_sensor_decorator to None, run_after=None
[2023-10-18T21:21:13.293+0000] {processor.py:179} INFO - Processing /home/airflow/.local/lib/python3.8/site-packages/airflow/example_dags/example_sensor_decorator.py took 0.072 seconds
[2023-10-18T21:21:43.959+0000] {processor.py:157} INFO - Started process (PID=741) to work on /home/airflow/.local/lib/python3.8/site-packages/airflow/example_dags/example_sensor_decorator.py
[2023-10-18T21:21:43.961+0000] {processor.py:829} INFO - Processing file /home/airflow/.local/lib/python3.8/site-packages/airflow/example_dags/example_sensor_decorator.py for tasks to queue
[2023-10-18T21:21:43.964+0000] {logging_mixin.py:151} INFO - [2023-10-18T21:21:43.963+0000] {dagbag.py:536} INFO - Filling up the DagBag from /home/airflow/.local/lib/python3.8/site-packages/airflow/example_dags/example_sensor_decorator.py
[2023-10-18T21:21:43.971+0000] {processor.py:839} INFO - DAG(s) dict_keys(['example_sensor_decorator']) retrieved from /home/airflow/.local/lib/python3.8/site-packages/airflow/example_dags/example_sensor_decorator.py
[2023-10-18T21:21:43.996+0000] {logging_mixin.py:151} INFO - [2023-10-18T21:21:43.996+0000] {dag.py:2941} INFO - Sync 1 DAGs
[2023-10-18T21:21:44.019+0000] {logging_mixin.py:151} INFO - [2023-10-18T21:21:44.019+0000] {dag.py:3722} INFO - Setting next_dagrun for example_sensor_decorator to None, run_after=None
[2023-10-18T21:21:44.038+0000] {processor.py:179} INFO - Processing /home/airflow/.local/lib/python3.8/site-packages/airflow/example_dags/example_sensor_decorator.py took 0.086 seconds
[2023-10-18T21:22:14.164+0000] {processor.py:157} INFO - Started process (PID=795) to work on /home/airflow/.local/lib/python3.8/site-packages/airflow/example_dags/example_sensor_decorator.py
[2023-10-18T21:22:14.166+0000] {processor.py:829} INFO - Processing file /home/airflow/.local/lib/python3.8/site-packages/airflow/example_dags/example_sensor_decorator.py for tasks to queue
[2023-10-18T21:22:14.169+0000] {logging_mixin.py:151} INFO - [2023-10-18T21:22:14.169+0000] {dagbag.py:536} INFO - Filling up the DagBag from /home/airflow/.local/lib/python3.8/site-packages/airflow/example_dags/example_sensor_decorator.py
[2023-10-18T21:22:14.180+0000] {processor.py:839} INFO - DAG(s) dict_keys(['example_sensor_decorator']) retrieved from /home/airflow/.local/lib/python3.8/site-packages/airflow/example_dags/example_sensor_decorator.py
[2023-10-18T21:22:14.213+0000] {logging_mixin.py:151} INFO - [2023-10-18T21:22:14.213+0000] {dag.py:2941} INFO - Sync 1 DAGs
[2023-10-18T21:22:14.228+0000] {logging_mixin.py:151} INFO - [2023-10-18T21:22:14.228+0000] {dag.py:3722} INFO - Setting next_dagrun for example_sensor_decorator to None, run_after=None
[2023-10-18T21:22:14.254+0000] {processor.py:179} INFO - Processing /home/airflow/.local/lib/python3.8/site-packages/airflow/example_dags/example_sensor_decorator.py took 0.095 seconds
[2023-10-18T21:23:48.054+0000] {processor.py:157} INFO - Started process (PID=51) to work on /home/airflow/.local/lib/python3.8/site-packages/airflow/example_dags/example_sensor_decorator.py
[2023-10-18T21:23:48.055+0000] {processor.py:829} INFO - Processing file /home/airflow/.local/lib/python3.8/site-packages/airflow/example_dags/example_sensor_decorator.py for tasks to queue
[2023-10-18T21:23:48.058+0000] {logging_mixin.py:151} INFO - [2023-10-18T21:23:48.058+0000] {dagbag.py:536} INFO - Filling up the DagBag from /home/airflow/.local/lib/python3.8/site-packages/airflow/example_dags/example_sensor_decorator.py
[2023-10-18T21:23:48.070+0000] {processor.py:839} INFO - DAG(s) dict_keys(['example_sensor_decorator']) retrieved from /home/airflow/.local/lib/python3.8/site-packages/airflow/example_dags/example_sensor_decorator.py
[2023-10-18T21:23:48.082+0000] {logging_mixin.py:151} INFO - [2023-10-18T21:23:48.082+0000] {dag.py:2941} INFO - Sync 1 DAGs
[2023-10-18T21:23:48.104+0000] {logging_mixin.py:151} INFO - [2023-10-18T21:23:48.104+0000] {dag.py:3722} INFO - Setting next_dagrun for example_sensor_decorator to None, run_after=None
[2023-10-18T21:23:48.132+0000] {processor.py:179} INFO - Processing /home/airflow/.local/lib/python3.8/site-packages/airflow/example_dags/example_sensor_decorator.py took 0.083 seconds
[2023-10-18T21:24:18.351+0000] {processor.py:157} INFO - Started process (PID=104) to work on /home/airflow/.local/lib/python3.8/site-packages/airflow/example_dags/example_sensor_decorator.py
[2023-10-18T21:24:18.352+0000] {processor.py:829} INFO - Processing file /home/airflow/.local/lib/python3.8/site-packages/airflow/example_dags/example_sensor_decorator.py for tasks to queue
[2023-10-18T21:24:18.355+0000] {logging_mixin.py:151} INFO - [2023-10-18T21:24:18.355+0000] {dagbag.py:536} INFO - Filling up the DagBag from /home/airflow/.local/lib/python3.8/site-packages/airflow/example_dags/example_sensor_decorator.py
[2023-10-18T21:24:18.363+0000] {processor.py:839} INFO - DAG(s) dict_keys(['example_sensor_decorator']) retrieved from /home/airflow/.local/lib/python3.8/site-packages/airflow/example_dags/example_sensor_decorator.py
[2023-10-18T21:24:18.384+0000] {logging_mixin.py:151} INFO - [2023-10-18T21:24:18.383+0000] {dag.py:2941} INFO - Sync 1 DAGs
[2023-10-18T21:24:18.397+0000] {logging_mixin.py:151} INFO - [2023-10-18T21:24:18.396+0000] {dag.py:3722} INFO - Setting next_dagrun for example_sensor_decorator to None, run_after=None
[2023-10-18T21:24:18.414+0000] {processor.py:179} INFO - Processing /home/airflow/.local/lib/python3.8/site-packages/airflow/example_dags/example_sensor_decorator.py took 0.068 seconds
[2023-10-18T21:24:48.916+0000] {processor.py:157} INFO - Started process (PID=157) to work on /home/airflow/.local/lib/python3.8/site-packages/airflow/example_dags/example_sensor_decorator.py
[2023-10-18T21:24:48.918+0000] {processor.py:829} INFO - Processing file /home/airflow/.local/lib/python3.8/site-packages/airflow/example_dags/example_sensor_decorator.py for tasks to queue
[2023-10-18T21:24:48.922+0000] {logging_mixin.py:151} INFO - [2023-10-18T21:24:48.921+0000] {dagbag.py:536} INFO - Filling up the DagBag from /home/airflow/.local/lib/python3.8/site-packages/airflow/example_dags/example_sensor_decorator.py
[2023-10-18T21:24:48.930+0000] {processor.py:839} INFO - DAG(s) dict_keys(['example_sensor_decorator']) retrieved from /home/airflow/.local/lib/python3.8/site-packages/airflow/example_dags/example_sensor_decorator.py
[2023-10-18T21:24:48.962+0000] {logging_mixin.py:151} INFO - [2023-10-18T21:24:48.961+0000] {dag.py:2941} INFO - Sync 1 DAGs
[2023-10-18T21:24:48.987+0000] {logging_mixin.py:151} INFO - [2023-10-18T21:24:48.987+0000] {dag.py:3722} INFO - Setting next_dagrun for example_sensor_decorator to None, run_after=None
[2023-10-18T21:24:49.013+0000] {processor.py:179} INFO - Processing /home/airflow/.local/lib/python3.8/site-packages/airflow/example_dags/example_sensor_decorator.py took 0.103 seconds
[2023-10-18T21:25:19.780+0000] {processor.py:157} INFO - Started process (PID=210) to work on /home/airflow/.local/lib/python3.8/site-packages/airflow/example_dags/example_sensor_decorator.py
[2023-10-18T21:25:19.781+0000] {processor.py:829} INFO - Processing file /home/airflow/.local/lib/python3.8/site-packages/airflow/example_dags/example_sensor_decorator.py for tasks to queue
[2023-10-18T21:25:19.784+0000] {logging_mixin.py:151} INFO - [2023-10-18T21:25:19.784+0000] {dagbag.py:536} INFO - Filling up the DagBag from /home/airflow/.local/lib/python3.8/site-packages/airflow/example_dags/example_sensor_decorator.py
[2023-10-18T21:25:19.791+0000] {processor.py:839} INFO - DAG(s) dict_keys(['example_sensor_decorator']) retrieved from /home/airflow/.local/lib/python3.8/site-packages/airflow/example_dags/example_sensor_decorator.py
[2023-10-18T21:25:19.806+0000] {logging_mixin.py:151} INFO - [2023-10-18T21:25:19.806+0000] {dag.py:2941} INFO - Sync 1 DAGs
[2023-10-18T21:25:19.823+0000] {logging_mixin.py:151} INFO - [2023-10-18T21:25:19.822+0000] {dag.py:3722} INFO - Setting next_dagrun for example_sensor_decorator to None, run_after=None
[2023-10-18T21:25:19.841+0000] {processor.py:179} INFO - Processing /home/airflow/.local/lib/python3.8/site-packages/airflow/example_dags/example_sensor_decorator.py took 0.066 seconds
[2023-10-18T21:25:50.319+0000] {processor.py:157} INFO - Started process (PID=263) to work on /home/airflow/.local/lib/python3.8/site-packages/airflow/example_dags/example_sensor_decorator.py
[2023-10-18T21:25:50.320+0000] {processor.py:829} INFO - Processing file /home/airflow/.local/lib/python3.8/site-packages/airflow/example_dags/example_sensor_decorator.py for tasks to queue
[2023-10-18T21:25:50.322+0000] {logging_mixin.py:151} INFO - [2023-10-18T21:25:50.322+0000] {dagbag.py:536} INFO - Filling up the DagBag from /home/airflow/.local/lib/python3.8/site-packages/airflow/example_dags/example_sensor_decorator.py
[2023-10-18T21:25:50.329+0000] {processor.py:839} INFO - DAG(s) dict_keys(['example_sensor_decorator']) retrieved from /home/airflow/.local/lib/python3.8/site-packages/airflow/example_dags/example_sensor_decorator.py
[2023-10-18T21:25:50.351+0000] {logging_mixin.py:151} INFO - [2023-10-18T21:25:50.351+0000] {dag.py:2941} INFO - Sync 1 DAGs
[2023-10-18T21:25:50.364+0000] {logging_mixin.py:151} INFO - [2023-10-18T21:25:50.364+0000] {dag.py:3722} INFO - Setting next_dagrun for example_sensor_decorator to None, run_after=None
[2023-10-18T21:25:50.390+0000] {processor.py:179} INFO - Processing /home/airflow/.local/lib/python3.8/site-packages/airflow/example_dags/example_sensor_decorator.py took 0.076 seconds
[2023-10-18T21:26:20.674+0000] {processor.py:157} INFO - Started process (PID=316) to work on /home/airflow/.local/lib/python3.8/site-packages/airflow/example_dags/example_sensor_decorator.py
[2023-10-18T21:26:20.676+0000] {processor.py:829} INFO - Processing file /home/airflow/.local/lib/python3.8/site-packages/airflow/example_dags/example_sensor_decorator.py for tasks to queue
[2023-10-18T21:26:20.679+0000] {logging_mixin.py:151} INFO - [2023-10-18T21:26:20.679+0000] {dagbag.py:536} INFO - Filling up the DagBag from /home/airflow/.local/lib/python3.8/site-packages/airflow/example_dags/example_sensor_decorator.py
[2023-10-18T21:26:20.686+0000] {processor.py:839} INFO - DAG(s) dict_keys(['example_sensor_decorator']) retrieved from /home/airflow/.local/lib/python3.8/site-packages/airflow/example_dags/example_sensor_decorator.py
[2023-10-18T21:26:20.708+0000] {logging_mixin.py:151} INFO - [2023-10-18T21:26:20.708+0000] {dag.py:2941} INFO - Sync 1 DAGs
[2023-10-18T21:26:20.723+0000] {logging_mixin.py:151} INFO - [2023-10-18T21:26:20.723+0000] {dag.py:3722} INFO - Setting next_dagrun for example_sensor_decorator to None, run_after=None
[2023-10-18T21:26:20.742+0000] {processor.py:179} INFO - Processing /home/airflow/.local/lib/python3.8/site-packages/airflow/example_dags/example_sensor_decorator.py took 0.073 seconds
[2023-10-18T21:26:50.969+0000] {processor.py:157} INFO - Started process (PID=369) to work on /home/airflow/.local/lib/python3.8/site-packages/airflow/example_dags/example_sensor_decorator.py
[2023-10-18T21:26:50.970+0000] {processor.py:829} INFO - Processing file /home/airflow/.local/lib/python3.8/site-packages/airflow/example_dags/example_sensor_decorator.py for tasks to queue
[2023-10-18T21:26:50.973+0000] {logging_mixin.py:151} INFO - [2023-10-18T21:26:50.973+0000] {dagbag.py:536} INFO - Filling up the DagBag from /home/airflow/.local/lib/python3.8/site-packages/airflow/example_dags/example_sensor_decorator.py
[2023-10-18T21:26:50.980+0000] {processor.py:839} INFO - DAG(s) dict_keys(['example_sensor_decorator']) retrieved from /home/airflow/.local/lib/python3.8/site-packages/airflow/example_dags/example_sensor_decorator.py
[2023-10-18T21:26:51.000+0000] {logging_mixin.py:151} INFO - [2023-10-18T21:26:51.000+0000] {dag.py:2941} INFO - Sync 1 DAGs
[2023-10-18T21:26:51.017+0000] {logging_mixin.py:151} INFO - [2023-10-18T21:26:51.017+0000] {dag.py:3722} INFO - Setting next_dagrun for example_sensor_decorator to None, run_after=None
[2023-10-18T21:26:51.038+0000] {processor.py:179} INFO - Processing /home/airflow/.local/lib/python3.8/site-packages/airflow/example_dags/example_sensor_decorator.py took 0.074 seconds
[2023-10-18T21:27:21.177+0000] {processor.py:157} INFO - Started process (PID=422) to work on /home/airflow/.local/lib/python3.8/site-packages/airflow/example_dags/example_sensor_decorator.py
[2023-10-18T21:27:21.178+0000] {processor.py:829} INFO - Processing file /home/airflow/.local/lib/python3.8/site-packages/airflow/example_dags/example_sensor_decorator.py for tasks to queue
[2023-10-18T21:27:21.181+0000] {logging_mixin.py:151} INFO - [2023-10-18T21:27:21.181+0000] {dagbag.py:536} INFO - Filling up the DagBag from /home/airflow/.local/lib/python3.8/site-packages/airflow/example_dags/example_sensor_decorator.py
[2023-10-18T21:27:21.187+0000] {processor.py:839} INFO - DAG(s) dict_keys(['example_sensor_decorator']) retrieved from /home/airflow/.local/lib/python3.8/site-packages/airflow/example_dags/example_sensor_decorator.py
[2023-10-18T21:27:21.208+0000] {logging_mixin.py:151} INFO - [2023-10-18T21:27:21.208+0000] {dag.py:2941} INFO - Sync 1 DAGs
[2023-10-18T21:27:21.222+0000] {logging_mixin.py:151} INFO - [2023-10-18T21:27:21.222+0000] {dag.py:3722} INFO - Setting next_dagrun for example_sensor_decorator to None, run_after=None
[2023-10-18T21:27:21.240+0000] {processor.py:179} INFO - Processing /home/airflow/.local/lib/python3.8/site-packages/airflow/example_dags/example_sensor_decorator.py took 0.070 seconds
[2023-10-18T21:27:51.614+0000] {processor.py:157} INFO - Started process (PID=475) to work on /home/airflow/.local/lib/python3.8/site-packages/airflow/example_dags/example_sensor_decorator.py
[2023-10-18T21:27:51.615+0000] {processor.py:829} INFO - Processing file /home/airflow/.local/lib/python3.8/site-packages/airflow/example_dags/example_sensor_decorator.py for tasks to queue
[2023-10-18T21:27:51.618+0000] {logging_mixin.py:151} INFO - [2023-10-18T21:27:51.618+0000] {dagbag.py:536} INFO - Filling up the DagBag from /home/airflow/.local/lib/python3.8/site-packages/airflow/example_dags/example_sensor_decorator.py
[2023-10-18T21:27:51.625+0000] {processor.py:839} INFO - DAG(s) dict_keys(['example_sensor_decorator']) retrieved from /home/airflow/.local/lib/python3.8/site-packages/airflow/example_dags/example_sensor_decorator.py
[2023-10-18T21:27:51.650+0000] {logging_mixin.py:151} INFO - [2023-10-18T21:27:51.650+0000] {dag.py:2941} INFO - Sync 1 DAGs
[2023-10-18T21:27:51.665+0000] {logging_mixin.py:151} INFO - [2023-10-18T21:27:51.665+0000] {dag.py:3722} INFO - Setting next_dagrun for example_sensor_decorator to None, run_after=None
[2023-10-18T21:27:51.684+0000] {processor.py:179} INFO - Processing /home/airflow/.local/lib/python3.8/site-packages/airflow/example_dags/example_sensor_decorator.py took 0.075 seconds
[2023-10-18T21:28:21.783+0000] {processor.py:157} INFO - Started process (PID=528) to work on /home/airflow/.local/lib/python3.8/site-packages/airflow/example_dags/example_sensor_decorator.py
[2023-10-18T21:28:21.784+0000] {processor.py:829} INFO - Processing file /home/airflow/.local/lib/python3.8/site-packages/airflow/example_dags/example_sensor_decorator.py for tasks to queue
[2023-10-18T21:28:21.787+0000] {logging_mixin.py:151} INFO - [2023-10-18T21:28:21.787+0000] {dagbag.py:536} INFO - Filling up the DagBag from /home/airflow/.local/lib/python3.8/site-packages/airflow/example_dags/example_sensor_decorator.py
[2023-10-18T21:28:21.795+0000] {processor.py:839} INFO - DAG(s) dict_keys(['example_sensor_decorator']) retrieved from /home/airflow/.local/lib/python3.8/site-packages/airflow/example_dags/example_sensor_decorator.py
[2023-10-18T21:28:21.824+0000] {logging_mixin.py:151} INFO - [2023-10-18T21:28:21.824+0000] {dag.py:2941} INFO - Sync 1 DAGs
[2023-10-18T21:28:21.838+0000] {logging_mixin.py:151} INFO - [2023-10-18T21:28:21.838+0000] {dag.py:3722} INFO - Setting next_dagrun for example_sensor_decorator to None, run_after=None
[2023-10-18T21:28:21.857+0000] {processor.py:179} INFO - Processing /home/airflow/.local/lib/python3.8/site-packages/airflow/example_dags/example_sensor_decorator.py took 0.081 seconds
[2023-10-18T21:28:52.735+0000] {processor.py:157} INFO - Started process (PID=581) to work on /home/airflow/.local/lib/python3.8/site-packages/airflow/example_dags/example_sensor_decorator.py
[2023-10-18T21:28:52.736+0000] {processor.py:829} INFO - Processing file /home/airflow/.local/lib/python3.8/site-packages/airflow/example_dags/example_sensor_decorator.py for tasks to queue
[2023-10-18T21:28:52.739+0000] {logging_mixin.py:151} INFO - [2023-10-18T21:28:52.738+0000] {dagbag.py:536} INFO - Filling up the DagBag from /home/airflow/.local/lib/python3.8/site-packages/airflow/example_dags/example_sensor_decorator.py
[2023-10-18T21:28:52.746+0000] {processor.py:839} INFO - DAG(s) dict_keys(['example_sensor_decorator']) retrieved from /home/airflow/.local/lib/python3.8/site-packages/airflow/example_dags/example_sensor_decorator.py
[2023-10-18T21:28:52.767+0000] {logging_mixin.py:151} INFO - [2023-10-18T21:28:52.767+0000] {dag.py:2941} INFO - Sync 1 DAGs
[2023-10-18T21:28:52.783+0000] {logging_mixin.py:151} INFO - [2023-10-18T21:28:52.783+0000] {dag.py:3722} INFO - Setting next_dagrun for example_sensor_decorator to None, run_after=None
[2023-10-18T21:28:52.801+0000] {processor.py:179} INFO - Processing /home/airflow/.local/lib/python3.8/site-packages/airflow/example_dags/example_sensor_decorator.py took 0.070 seconds
[2023-10-18T21:29:22.965+0000] {processor.py:157} INFO - Started process (PID=634) to work on /home/airflow/.local/lib/python3.8/site-packages/airflow/example_dags/example_sensor_decorator.py
[2023-10-18T21:29:22.966+0000] {processor.py:829} INFO - Processing file /home/airflow/.local/lib/python3.8/site-packages/airflow/example_dags/example_sensor_decorator.py for tasks to queue
[2023-10-18T21:29:22.969+0000] {logging_mixin.py:151} INFO - [2023-10-18T21:29:22.969+0000] {dagbag.py:536} INFO - Filling up the DagBag from /home/airflow/.local/lib/python3.8/site-packages/airflow/example_dags/example_sensor_decorator.py
[2023-10-18T21:29:22.977+0000] {processor.py:839} INFO - DAG(s) dict_keys(['example_sensor_decorator']) retrieved from /home/airflow/.local/lib/python3.8/site-packages/airflow/example_dags/example_sensor_decorator.py
[2023-10-18T21:29:23.000+0000] {logging_mixin.py:151} INFO - [2023-10-18T21:29:23.000+0000] {dag.py:2941} INFO - Sync 1 DAGs
[2023-10-18T21:29:23.015+0000] {logging_mixin.py:151} INFO - [2023-10-18T21:29:23.015+0000] {dag.py:3722} INFO - Setting next_dagrun for example_sensor_decorator to None, run_after=None
[2023-10-18T21:29:23.035+0000] {processor.py:179} INFO - Processing /home/airflow/.local/lib/python3.8/site-packages/airflow/example_dags/example_sensor_decorator.py took 0.077 seconds
[2023-10-18T21:29:53.374+0000] {processor.py:157} INFO - Started process (PID=687) to work on /home/airflow/.local/lib/python3.8/site-packages/airflow/example_dags/example_sensor_decorator.py
[2023-10-18T21:29:53.375+0000] {processor.py:829} INFO - Processing file /home/airflow/.local/lib/python3.8/site-packages/airflow/example_dags/example_sensor_decorator.py for tasks to queue
[2023-10-18T21:29:53.378+0000] {logging_mixin.py:151} INFO - [2023-10-18T21:29:53.377+0000] {dagbag.py:536} INFO - Filling up the DagBag from /home/airflow/.local/lib/python3.8/site-packages/airflow/example_dags/example_sensor_decorator.py
[2023-10-18T21:29:53.385+0000] {processor.py:839} INFO - DAG(s) dict_keys(['example_sensor_decorator']) retrieved from /home/airflow/.local/lib/python3.8/site-packages/airflow/example_dags/example_sensor_decorator.py
[2023-10-18T21:29:53.411+0000] {logging_mixin.py:151} INFO - [2023-10-18T21:29:53.411+0000] {dag.py:2941} INFO - Sync 1 DAGs
[2023-10-18T21:29:53.427+0000] {logging_mixin.py:151} INFO - [2023-10-18T21:29:53.427+0000] {dag.py:3722} INFO - Setting next_dagrun for example_sensor_decorator to None, run_after=None
[2023-10-18T21:29:53.447+0000] {processor.py:179} INFO - Processing /home/airflow/.local/lib/python3.8/site-packages/airflow/example_dags/example_sensor_decorator.py took 0.078 seconds
[2023-10-18T21:30:23.592+0000] {processor.py:157} INFO - Started process (PID=741) to work on /home/airflow/.local/lib/python3.8/site-packages/airflow/example_dags/example_sensor_decorator.py
[2023-10-18T21:30:23.594+0000] {processor.py:829} INFO - Processing file /home/airflow/.local/lib/python3.8/site-packages/airflow/example_dags/example_sensor_decorator.py for tasks to queue
[2023-10-18T21:30:23.597+0000] {logging_mixin.py:151} INFO - [2023-10-18T21:30:23.596+0000] {dagbag.py:536} INFO - Filling up the DagBag from /home/airflow/.local/lib/python3.8/site-packages/airflow/example_dags/example_sensor_decorator.py
[2023-10-18T21:30:23.604+0000] {processor.py:839} INFO - DAG(s) dict_keys(['example_sensor_decorator']) retrieved from /home/airflow/.local/lib/python3.8/site-packages/airflow/example_dags/example_sensor_decorator.py
[2023-10-18T21:30:23.630+0000] {logging_mixin.py:151} INFO - [2023-10-18T21:30:23.630+0000] {dag.py:2941} INFO - Sync 1 DAGs
[2023-10-18T21:30:23.645+0000] {logging_mixin.py:151} INFO - [2023-10-18T21:30:23.645+0000] {dag.py:3722} INFO - Setting next_dagrun for example_sensor_decorator to None, run_after=None
[2023-10-18T21:30:23.665+0000] {processor.py:179} INFO - Processing /home/airflow/.local/lib/python3.8/site-packages/airflow/example_dags/example_sensor_decorator.py took 0.078 seconds
[2023-10-18T21:30:53.887+0000] {processor.py:157} INFO - Started process (PID=795) to work on /home/airflow/.local/lib/python3.8/site-packages/airflow/example_dags/example_sensor_decorator.py
[2023-10-18T21:30:53.889+0000] {processor.py:829} INFO - Processing file /home/airflow/.local/lib/python3.8/site-packages/airflow/example_dags/example_sensor_decorator.py for tasks to queue
[2023-10-18T21:30:53.891+0000] {logging_mixin.py:151} INFO - [2023-10-18T21:30:53.891+0000] {dagbag.py:536} INFO - Filling up the DagBag from /home/airflow/.local/lib/python3.8/site-packages/airflow/example_dags/example_sensor_decorator.py
[2023-10-18T21:30:53.898+0000] {processor.py:839} INFO - DAG(s) dict_keys(['example_sensor_decorator']) retrieved from /home/airflow/.local/lib/python3.8/site-packages/airflow/example_dags/example_sensor_decorator.py
[2023-10-18T21:30:53.927+0000] {logging_mixin.py:151} INFO - [2023-10-18T21:30:53.927+0000] {dag.py:2941} INFO - Sync 1 DAGs
[2023-10-18T21:30:53.943+0000] {logging_mixin.py:151} INFO - [2023-10-18T21:30:53.942+0000] {dag.py:3722} INFO - Setting next_dagrun for example_sensor_decorator to None, run_after=None
[2023-10-18T21:30:53.961+0000] {processor.py:179} INFO - Processing /home/airflow/.local/lib/python3.8/site-packages/airflow/example_dags/example_sensor_decorator.py took 0.078 seconds
[2023-10-18T21:31:24.142+0000] {processor.py:157} INFO - Started process (PID=848) to work on /home/airflow/.local/lib/python3.8/site-packages/airflow/example_dags/example_sensor_decorator.py
[2023-10-18T21:31:24.143+0000] {processor.py:829} INFO - Processing file /home/airflow/.local/lib/python3.8/site-packages/airflow/example_dags/example_sensor_decorator.py for tasks to queue
[2023-10-18T21:31:24.146+0000] {logging_mixin.py:151} INFO - [2023-10-18T21:31:24.146+0000] {dagbag.py:536} INFO - Filling up the DagBag from /home/airflow/.local/lib/python3.8/site-packages/airflow/example_dags/example_sensor_decorator.py
[2023-10-18T21:31:24.153+0000] {processor.py:839} INFO - DAG(s) dict_keys(['example_sensor_decorator']) retrieved from /home/airflow/.local/lib/python3.8/site-packages/airflow/example_dags/example_sensor_decorator.py
[2023-10-18T21:31:24.176+0000] {logging_mixin.py:151} INFO - [2023-10-18T21:31:24.175+0000] {dag.py:2941} INFO - Sync 1 DAGs
[2023-10-18T21:31:24.189+0000] {logging_mixin.py:151} INFO - [2023-10-18T21:31:24.188+0000] {dag.py:3722} INFO - Setting next_dagrun for example_sensor_decorator to None, run_after=None
[2023-10-18T21:31:24.206+0000] {processor.py:179} INFO - Processing /home/airflow/.local/lib/python3.8/site-packages/airflow/example_dags/example_sensor_decorator.py took 0.070 seconds
