[2023-10-18T21:06:47.976+0000] {processor.py:157} INFO - Started process (PID=67) to work on /home/airflow/.local/lib/python3.8/site-packages/airflow/example_dags/example_nested_branch_dag.py
[2023-10-18T21:06:47.978+0000] {processor.py:829} INFO - Processing file /home/airflow/.local/lib/python3.8/site-packages/airflow/example_dags/example_nested_branch_dag.py for tasks to queue
[2023-10-18T21:06:47.981+0000] {logging_mixin.py:151} INFO - [2023-10-18T21:06:47.981+0000] {dagbag.py:536} INFO - Filling up the DagBag from /home/airflow/.local/lib/python3.8/site-packages/airflow/example_dags/example_nested_branch_dag.py
[2023-10-18T21:06:48.000+0000] {processor.py:839} INFO - DAG(s) dict_keys(['example_nested_branch_dag']) retrieved from /home/airflow/.local/lib/python3.8/site-packages/airflow/example_dags/example_nested_branch_dag.py
[2023-10-18T21:06:48.025+0000] {logging_mixin.py:151} INFO - [2023-10-18T21:06:48.025+0000] {dag.py:2941} INFO - Sync 1 DAGs
[2023-10-18T21:06:48.068+0000] {logging_mixin.py:151} INFO - [2023-10-18T21:06:48.068+0000] {dag.py:3722} INFO - Setting next_dagrun for example_nested_branch_dag to 2023-10-17T00:00:00+00:00, run_after=2023-10-18T00:00:00+00:00
[2023-10-18T21:06:48.091+0000] {processor.py:179} INFO - Processing /home/airflow/.local/lib/python3.8/site-packages/airflow/example_dags/example_nested_branch_dag.py took 0.120 seconds
[2023-10-18T21:07:18.686+0000] {processor.py:157} INFO - Started process (PID=120) to work on /home/airflow/.local/lib/python3.8/site-packages/airflow/example_dags/example_nested_branch_dag.py
[2023-10-18T21:07:18.688+0000] {processor.py:829} INFO - Processing file /home/airflow/.local/lib/python3.8/site-packages/airflow/example_dags/example_nested_branch_dag.py for tasks to queue
[2023-10-18T21:07:18.690+0000] {logging_mixin.py:151} INFO - [2023-10-18T21:07:18.690+0000] {dagbag.py:536} INFO - Filling up the DagBag from /home/airflow/.local/lib/python3.8/site-packages/airflow/example_dags/example_nested_branch_dag.py
[2023-10-18T21:07:18.701+0000] {processor.py:839} INFO - DAG(s) dict_keys(['example_nested_branch_dag']) retrieved from /home/airflow/.local/lib/python3.8/site-packages/airflow/example_dags/example_nested_branch_dag.py
[2023-10-18T21:07:18.729+0000] {logging_mixin.py:151} INFO - [2023-10-18T21:07:18.729+0000] {dag.py:2941} INFO - Sync 1 DAGs
[2023-10-18T21:07:18.757+0000] {logging_mixin.py:151} INFO - [2023-10-18T21:07:18.757+0000] {dag.py:3722} INFO - Setting next_dagrun for example_nested_branch_dag to 2023-10-17T00:00:00+00:00, run_after=2023-10-18T00:00:00+00:00
[2023-10-18T21:07:18.778+0000] {processor.py:179} INFO - Processing /home/airflow/.local/lib/python3.8/site-packages/airflow/example_dags/example_nested_branch_dag.py took 0.096 seconds
[2023-10-18T21:07:48.906+0000] {processor.py:157} INFO - Started process (PID=173) to work on /home/airflow/.local/lib/python3.8/site-packages/airflow/example_dags/example_nested_branch_dag.py
[2023-10-18T21:07:48.907+0000] {processor.py:829} INFO - Processing file /home/airflow/.local/lib/python3.8/site-packages/airflow/example_dags/example_nested_branch_dag.py for tasks to queue
[2023-10-18T21:07:48.910+0000] {logging_mixin.py:151} INFO - [2023-10-18T21:07:48.910+0000] {dagbag.py:536} INFO - Filling up the DagBag from /home/airflow/.local/lib/python3.8/site-packages/airflow/example_dags/example_nested_branch_dag.py
[2023-10-18T21:07:48.922+0000] {processor.py:839} INFO - DAG(s) dict_keys(['example_nested_branch_dag']) retrieved from /home/airflow/.local/lib/python3.8/site-packages/airflow/example_dags/example_nested_branch_dag.py
[2023-10-18T21:07:48.961+0000] {logging_mixin.py:151} INFO - [2023-10-18T21:07:48.961+0000] {dag.py:2941} INFO - Sync 1 DAGs
[2023-10-18T21:07:48.990+0000] {logging_mixin.py:151} INFO - [2023-10-18T21:07:48.990+0000] {dag.py:3722} INFO - Setting next_dagrun for example_nested_branch_dag to 2023-10-17T00:00:00+00:00, run_after=2023-10-18T00:00:00+00:00
[2023-10-18T21:07:49.011+0000] {processor.py:179} INFO - Processing /home/airflow/.local/lib/python3.8/site-packages/airflow/example_dags/example_nested_branch_dag.py took 0.109 seconds
[2023-10-18T21:08:19.341+0000] {processor.py:157} INFO - Started process (PID=226) to work on /home/airflow/.local/lib/python3.8/site-packages/airflow/example_dags/example_nested_branch_dag.py
[2023-10-18T21:08:19.342+0000] {processor.py:829} INFO - Processing file /home/airflow/.local/lib/python3.8/site-packages/airflow/example_dags/example_nested_branch_dag.py for tasks to queue
[2023-10-18T21:08:19.345+0000] {logging_mixin.py:151} INFO - [2023-10-18T21:08:19.344+0000] {dagbag.py:536} INFO - Filling up the DagBag from /home/airflow/.local/lib/python3.8/site-packages/airflow/example_dags/example_nested_branch_dag.py
[2023-10-18T21:08:19.357+0000] {processor.py:839} INFO - DAG(s) dict_keys(['example_nested_branch_dag']) retrieved from /home/airflow/.local/lib/python3.8/site-packages/airflow/example_dags/example_nested_branch_dag.py
[2023-10-18T21:08:19.384+0000] {logging_mixin.py:151} INFO - [2023-10-18T21:08:19.384+0000] {dag.py:2941} INFO - Sync 1 DAGs
[2023-10-18T21:08:19.414+0000] {logging_mixin.py:151} INFO - [2023-10-18T21:08:19.413+0000] {dag.py:3722} INFO - Setting next_dagrun for example_nested_branch_dag to 2023-10-17T00:00:00+00:00, run_after=2023-10-18T00:00:00+00:00
[2023-10-18T21:08:19.435+0000] {processor.py:179} INFO - Processing /home/airflow/.local/lib/python3.8/site-packages/airflow/example_dags/example_nested_branch_dag.py took 0.099 seconds
[2023-10-18T21:08:49.947+0000] {processor.py:157} INFO - Started process (PID=280) to work on /home/airflow/.local/lib/python3.8/site-packages/airflow/example_dags/example_nested_branch_dag.py
[2023-10-18T21:08:49.949+0000] {processor.py:829} INFO - Processing file /home/airflow/.local/lib/python3.8/site-packages/airflow/example_dags/example_nested_branch_dag.py for tasks to queue
[2023-10-18T21:08:49.952+0000] {logging_mixin.py:151} INFO - [2023-10-18T21:08:49.951+0000] {dagbag.py:536} INFO - Filling up the DagBag from /home/airflow/.local/lib/python3.8/site-packages/airflow/example_dags/example_nested_branch_dag.py
[2023-10-18T21:08:49.963+0000] {processor.py:839} INFO - DAG(s) dict_keys(['example_nested_branch_dag']) retrieved from /home/airflow/.local/lib/python3.8/site-packages/airflow/example_dags/example_nested_branch_dag.py
[2023-10-18T21:08:49.990+0000] {logging_mixin.py:151} INFO - [2023-10-18T21:08:49.989+0000] {dag.py:2941} INFO - Sync 1 DAGs
[2023-10-18T21:08:50.023+0000] {logging_mixin.py:151} INFO - [2023-10-18T21:08:50.023+0000] {dag.py:3722} INFO - Setting next_dagrun for example_nested_branch_dag to 2023-10-17T00:00:00+00:00, run_after=2023-10-18T00:00:00+00:00
[2023-10-18T21:08:50.044+0000] {processor.py:179} INFO - Processing /home/airflow/.local/lib/python3.8/site-packages/airflow/example_dags/example_nested_branch_dag.py took 0.102 seconds
[2023-10-18T21:09:20.735+0000] {processor.py:157} INFO - Started process (PID=333) to work on /home/airflow/.local/lib/python3.8/site-packages/airflow/example_dags/example_nested_branch_dag.py
[2023-10-18T21:09:20.737+0000] {processor.py:829} INFO - Processing file /home/airflow/.local/lib/python3.8/site-packages/airflow/example_dags/example_nested_branch_dag.py for tasks to queue
[2023-10-18T21:09:20.739+0000] {logging_mixin.py:151} INFO - [2023-10-18T21:09:20.739+0000] {dagbag.py:536} INFO - Filling up the DagBag from /home/airflow/.local/lib/python3.8/site-packages/airflow/example_dags/example_nested_branch_dag.py
[2023-10-18T21:09:20.752+0000] {processor.py:839} INFO - DAG(s) dict_keys(['example_nested_branch_dag']) retrieved from /home/airflow/.local/lib/python3.8/site-packages/airflow/example_dags/example_nested_branch_dag.py
[2023-10-18T21:09:20.780+0000] {logging_mixin.py:151} INFO - [2023-10-18T21:09:20.780+0000] {dag.py:2941} INFO - Sync 1 DAGs
[2023-10-18T21:09:20.805+0000] {logging_mixin.py:151} INFO - [2023-10-18T21:09:20.805+0000] {dag.py:3722} INFO - Setting next_dagrun for example_nested_branch_dag to 2023-10-17T00:00:00+00:00, run_after=2023-10-18T00:00:00+00:00
[2023-10-18T21:09:20.824+0000] {processor.py:179} INFO - Processing /home/airflow/.local/lib/python3.8/site-packages/airflow/example_dags/example_nested_branch_dag.py took 0.095 seconds
[2023-10-18T21:09:51.083+0000] {processor.py:157} INFO - Started process (PID=386) to work on /home/airflow/.local/lib/python3.8/site-packages/airflow/example_dags/example_nested_branch_dag.py
[2023-10-18T21:09:51.084+0000] {processor.py:829} INFO - Processing file /home/airflow/.local/lib/python3.8/site-packages/airflow/example_dags/example_nested_branch_dag.py for tasks to queue
[2023-10-18T21:09:51.087+0000] {logging_mixin.py:151} INFO - [2023-10-18T21:09:51.086+0000] {dagbag.py:536} INFO - Filling up the DagBag from /home/airflow/.local/lib/python3.8/site-packages/airflow/example_dags/example_nested_branch_dag.py
[2023-10-18T21:09:51.098+0000] {processor.py:839} INFO - DAG(s) dict_keys(['example_nested_branch_dag']) retrieved from /home/airflow/.local/lib/python3.8/site-packages/airflow/example_dags/example_nested_branch_dag.py
[2023-10-18T21:09:51.128+0000] {logging_mixin.py:151} INFO - [2023-10-18T21:09:51.128+0000] {dag.py:2941} INFO - Sync 1 DAGs
[2023-10-18T21:09:51.169+0000] {logging_mixin.py:151} INFO - [2023-10-18T21:09:51.169+0000] {dag.py:3722} INFO - Setting next_dagrun for example_nested_branch_dag to 2023-10-17T00:00:00+00:00, run_after=2023-10-18T00:00:00+00:00
[2023-10-18T21:09:51.186+0000] {processor.py:179} INFO - Processing /home/airflow/.local/lib/python3.8/site-packages/airflow/example_dags/example_nested_branch_dag.py took 0.110 seconds
[2023-10-18T21:10:21.396+0000] {processor.py:157} INFO - Started process (PID=439) to work on /home/airflow/.local/lib/python3.8/site-packages/airflow/example_dags/example_nested_branch_dag.py
[2023-10-18T21:10:21.398+0000] {processor.py:829} INFO - Processing file /home/airflow/.local/lib/python3.8/site-packages/airflow/example_dags/example_nested_branch_dag.py for tasks to queue
[2023-10-18T21:10:21.400+0000] {logging_mixin.py:151} INFO - [2023-10-18T21:10:21.400+0000] {dagbag.py:536} INFO - Filling up the DagBag from /home/airflow/.local/lib/python3.8/site-packages/airflow/example_dags/example_nested_branch_dag.py
[2023-10-18T21:10:21.415+0000] {processor.py:839} INFO - DAG(s) dict_keys(['example_nested_branch_dag']) retrieved from /home/airflow/.local/lib/python3.8/site-packages/airflow/example_dags/example_nested_branch_dag.py
[2023-10-18T21:10:21.444+0000] {logging_mixin.py:151} INFO - [2023-10-18T21:10:21.444+0000] {dag.py:2941} INFO - Sync 1 DAGs
[2023-10-18T21:10:21.472+0000] {logging_mixin.py:151} INFO - [2023-10-18T21:10:21.472+0000] {dag.py:3722} INFO - Setting next_dagrun for example_nested_branch_dag to 2023-10-17T00:00:00+00:00, run_after=2023-10-18T00:00:00+00:00
[2023-10-18T21:10:21.495+0000] {processor.py:179} INFO - Processing /home/airflow/.local/lib/python3.8/site-packages/airflow/example_dags/example_nested_branch_dag.py took 0.104 seconds
[2023-10-18T21:10:52.488+0000] {processor.py:157} INFO - Started process (PID=492) to work on /home/airflow/.local/lib/python3.8/site-packages/airflow/example_dags/example_nested_branch_dag.py
[2023-10-18T21:10:52.490+0000] {processor.py:829} INFO - Processing file /home/airflow/.local/lib/python3.8/site-packages/airflow/example_dags/example_nested_branch_dag.py for tasks to queue
[2023-10-18T21:10:52.493+0000] {logging_mixin.py:151} INFO - [2023-10-18T21:10:52.492+0000] {dagbag.py:536} INFO - Filling up the DagBag from /home/airflow/.local/lib/python3.8/site-packages/airflow/example_dags/example_nested_branch_dag.py
[2023-10-18T21:10:52.504+0000] {processor.py:839} INFO - DAG(s) dict_keys(['example_nested_branch_dag']) retrieved from /home/airflow/.local/lib/python3.8/site-packages/airflow/example_dags/example_nested_branch_dag.py
[2023-10-18T21:10:52.533+0000] {logging_mixin.py:151} INFO - [2023-10-18T21:10:52.533+0000] {dag.py:2941} INFO - Sync 1 DAGs
[2023-10-18T21:10:52.561+0000] {logging_mixin.py:151} INFO - [2023-10-18T21:10:52.561+0000] {dag.py:3722} INFO - Setting next_dagrun for example_nested_branch_dag to 2023-10-17T00:00:00+00:00, run_after=2023-10-18T00:00:00+00:00
[2023-10-18T21:10:52.581+0000] {processor.py:179} INFO - Processing /home/airflow/.local/lib/python3.8/site-packages/airflow/example_dags/example_nested_branch_dag.py took 0.101 seconds
[2023-10-18T21:11:22.768+0000] {processor.py:157} INFO - Started process (PID=545) to work on /home/airflow/.local/lib/python3.8/site-packages/airflow/example_dags/example_nested_branch_dag.py
[2023-10-18T21:11:22.770+0000] {processor.py:829} INFO - Processing file /home/airflow/.local/lib/python3.8/site-packages/airflow/example_dags/example_nested_branch_dag.py for tasks to queue
[2023-10-18T21:11:22.773+0000] {logging_mixin.py:151} INFO - [2023-10-18T21:11:22.772+0000] {dagbag.py:536} INFO - Filling up the DagBag from /home/airflow/.local/lib/python3.8/site-packages/airflow/example_dags/example_nested_branch_dag.py
[2023-10-18T21:11:22.784+0000] {processor.py:839} INFO - DAG(s) dict_keys(['example_nested_branch_dag']) retrieved from /home/airflow/.local/lib/python3.8/site-packages/airflow/example_dags/example_nested_branch_dag.py
[2023-10-18T21:11:22.813+0000] {logging_mixin.py:151} INFO - [2023-10-18T21:11:22.812+0000] {dag.py:2941} INFO - Sync 1 DAGs
[2023-10-18T21:11:22.843+0000] {logging_mixin.py:151} INFO - [2023-10-18T21:11:22.843+0000] {dag.py:3722} INFO - Setting next_dagrun for example_nested_branch_dag to 2023-10-17T00:00:00+00:00, run_after=2023-10-18T00:00:00+00:00
[2023-10-18T21:11:22.864+0000] {processor.py:179} INFO - Processing /home/airflow/.local/lib/python3.8/site-packages/airflow/example_dags/example_nested_branch_dag.py took 0.101 seconds
[2023-10-18T21:11:53.129+0000] {processor.py:157} INFO - Started process (PID=598) to work on /home/airflow/.local/lib/python3.8/site-packages/airflow/example_dags/example_nested_branch_dag.py
[2023-10-18T21:11:53.130+0000] {processor.py:829} INFO - Processing file /home/airflow/.local/lib/python3.8/site-packages/airflow/example_dags/example_nested_branch_dag.py for tasks to queue
[2023-10-18T21:11:53.133+0000] {logging_mixin.py:151} INFO - [2023-10-18T21:11:53.133+0000] {dagbag.py:536} INFO - Filling up the DagBag from /home/airflow/.local/lib/python3.8/site-packages/airflow/example_dags/example_nested_branch_dag.py
[2023-10-18T21:11:53.145+0000] {processor.py:839} INFO - DAG(s) dict_keys(['example_nested_branch_dag']) retrieved from /home/airflow/.local/lib/python3.8/site-packages/airflow/example_dags/example_nested_branch_dag.py
[2023-10-18T21:11:53.175+0000] {logging_mixin.py:151} INFO - [2023-10-18T21:11:53.175+0000] {dag.py:2941} INFO - Sync 1 DAGs
[2023-10-18T21:11:53.206+0000] {logging_mixin.py:151} INFO - [2023-10-18T21:11:53.206+0000] {dag.py:3722} INFO - Setting next_dagrun for example_nested_branch_dag to 2023-10-17T00:00:00+00:00, run_after=2023-10-18T00:00:00+00:00
[2023-10-18T21:11:53.225+0000] {processor.py:179} INFO - Processing /home/airflow/.local/lib/python3.8/site-packages/airflow/example_dags/example_nested_branch_dag.py took 0.102 seconds
[2023-10-18T21:12:23.377+0000] {processor.py:157} INFO - Started process (PID=651) to work on /home/airflow/.local/lib/python3.8/site-packages/airflow/example_dags/example_nested_branch_dag.py
[2023-10-18T21:12:23.378+0000] {processor.py:829} INFO - Processing file /home/airflow/.local/lib/python3.8/site-packages/airflow/example_dags/example_nested_branch_dag.py for tasks to queue
[2023-10-18T21:12:23.381+0000] {logging_mixin.py:151} INFO - [2023-10-18T21:12:23.381+0000] {dagbag.py:536} INFO - Filling up the DagBag from /home/airflow/.local/lib/python3.8/site-packages/airflow/example_dags/example_nested_branch_dag.py
[2023-10-18T21:12:23.392+0000] {processor.py:839} INFO - DAG(s) dict_keys(['example_nested_branch_dag']) retrieved from /home/airflow/.local/lib/python3.8/site-packages/airflow/example_dags/example_nested_branch_dag.py
[2023-10-18T21:12:23.421+0000] {logging_mixin.py:151} INFO - [2023-10-18T21:12:23.420+0000] {dag.py:2941} INFO - Sync 1 DAGs
[2023-10-18T21:12:23.449+0000] {logging_mixin.py:151} INFO - [2023-10-18T21:12:23.448+0000] {dag.py:3722} INFO - Setting next_dagrun for example_nested_branch_dag to 2023-10-17T00:00:00+00:00, run_after=2023-10-18T00:00:00+00:00
[2023-10-18T21:12:23.469+0000] {processor.py:179} INFO - Processing /home/airflow/.local/lib/python3.8/site-packages/airflow/example_dags/example_nested_branch_dag.py took 0.097 seconds
[2023-10-18T21:12:53.870+0000] {processor.py:157} INFO - Started process (PID=704) to work on /home/airflow/.local/lib/python3.8/site-packages/airflow/example_dags/example_nested_branch_dag.py
[2023-10-18T21:12:53.872+0000] {processor.py:829} INFO - Processing file /home/airflow/.local/lib/python3.8/site-packages/airflow/example_dags/example_nested_branch_dag.py for tasks to queue
[2023-10-18T21:12:53.874+0000] {logging_mixin.py:151} INFO - [2023-10-18T21:12:53.874+0000] {dagbag.py:536} INFO - Filling up the DagBag from /home/airflow/.local/lib/python3.8/site-packages/airflow/example_dags/example_nested_branch_dag.py
[2023-10-18T21:12:53.886+0000] {processor.py:839} INFO - DAG(s) dict_keys(['example_nested_branch_dag']) retrieved from /home/airflow/.local/lib/python3.8/site-packages/airflow/example_dags/example_nested_branch_dag.py
[2023-10-18T21:12:53.914+0000] {logging_mixin.py:151} INFO - [2023-10-18T21:12:53.914+0000] {dag.py:2941} INFO - Sync 1 DAGs
[2023-10-18T21:12:53.943+0000] {logging_mixin.py:151} INFO - [2023-10-18T21:12:53.943+0000] {dag.py:3722} INFO - Setting next_dagrun for example_nested_branch_dag to 2023-10-17T00:00:00+00:00, run_after=2023-10-18T00:00:00+00:00
[2023-10-18T21:12:53.964+0000] {processor.py:179} INFO - Processing /home/airflow/.local/lib/python3.8/site-packages/airflow/example_dags/example_nested_branch_dag.py took 0.099 seconds
[2023-10-18T21:15:10.508+0000] {processor.py:157} INFO - Started process (PID=66) to work on /home/airflow/.local/lib/python3.8/site-packages/airflow/example_dags/example_nested_branch_dag.py
[2023-10-18T21:15:10.509+0000] {processor.py:829} INFO - Processing file /home/airflow/.local/lib/python3.8/site-packages/airflow/example_dags/example_nested_branch_dag.py for tasks to queue
[2023-10-18T21:15:10.512+0000] {logging_mixin.py:151} INFO - [2023-10-18T21:15:10.512+0000] {dagbag.py:536} INFO - Filling up the DagBag from /home/airflow/.local/lib/python3.8/site-packages/airflow/example_dags/example_nested_branch_dag.py
[2023-10-18T21:15:10.527+0000] {processor.py:839} INFO - DAG(s) dict_keys(['example_nested_branch_dag']) retrieved from /home/airflow/.local/lib/python3.8/site-packages/airflow/example_dags/example_nested_branch_dag.py
[2023-10-18T21:15:10.557+0000] {logging_mixin.py:151} INFO - [2023-10-18T21:15:10.557+0000] {dag.py:2941} INFO - Sync 1 DAGs
[2023-10-18T21:15:10.588+0000] {logging_mixin.py:151} INFO - [2023-10-18T21:15:10.587+0000] {dag.py:3722} INFO - Setting next_dagrun for example_nested_branch_dag to 2023-10-17T00:00:00+00:00, run_after=2023-10-18T00:00:00+00:00
[2023-10-18T21:15:10.609+0000] {processor.py:179} INFO - Processing /home/airflow/.local/lib/python3.8/site-packages/airflow/example_dags/example_nested_branch_dag.py took 0.106 seconds
[2023-10-18T21:15:40.780+0000] {processor.py:157} INFO - Started process (PID=118) to work on /home/airflow/.local/lib/python3.8/site-packages/airflow/example_dags/example_nested_branch_dag.py
[2023-10-18T21:15:40.781+0000] {processor.py:829} INFO - Processing file /home/airflow/.local/lib/python3.8/site-packages/airflow/example_dags/example_nested_branch_dag.py for tasks to queue
[2023-10-18T21:15:40.784+0000] {logging_mixin.py:151} INFO - [2023-10-18T21:15:40.783+0000] {dagbag.py:536} INFO - Filling up the DagBag from /home/airflow/.local/lib/python3.8/site-packages/airflow/example_dags/example_nested_branch_dag.py
[2023-10-18T21:15:40.795+0000] {processor.py:839} INFO - DAG(s) dict_keys(['example_nested_branch_dag']) retrieved from /home/airflow/.local/lib/python3.8/site-packages/airflow/example_dags/example_nested_branch_dag.py
[2023-10-18T21:15:40.817+0000] {logging_mixin.py:151} INFO - [2023-10-18T21:15:40.817+0000] {dag.py:2941} INFO - Sync 1 DAGs
[2023-10-18T21:15:40.841+0000] {logging_mixin.py:151} INFO - [2023-10-18T21:15:40.841+0000] {dag.py:3722} INFO - Setting next_dagrun for example_nested_branch_dag to 2023-10-17T00:00:00+00:00, run_after=2023-10-18T00:00:00+00:00
[2023-10-18T21:15:40.857+0000] {processor.py:179} INFO - Processing /home/airflow/.local/lib/python3.8/site-packages/airflow/example_dags/example_nested_branch_dag.py took 0.082 seconds
[2023-10-18T21:16:11.253+0000] {processor.py:157} INFO - Started process (PID=172) to work on /home/airflow/.local/lib/python3.8/site-packages/airflow/example_dags/example_nested_branch_dag.py
[2023-10-18T21:16:11.254+0000] {processor.py:829} INFO - Processing file /home/airflow/.local/lib/python3.8/site-packages/airflow/example_dags/example_nested_branch_dag.py for tasks to queue
[2023-10-18T21:16:11.256+0000] {logging_mixin.py:151} INFO - [2023-10-18T21:16:11.256+0000] {dagbag.py:536} INFO - Filling up the DagBag from /home/airflow/.local/lib/python3.8/site-packages/airflow/example_dags/example_nested_branch_dag.py
[2023-10-18T21:16:11.270+0000] {processor.py:839} INFO - DAG(s) dict_keys(['example_nested_branch_dag']) retrieved from /home/airflow/.local/lib/python3.8/site-packages/airflow/example_dags/example_nested_branch_dag.py
[2023-10-18T21:16:11.301+0000] {logging_mixin.py:151} INFO - [2023-10-18T21:16:11.301+0000] {dag.py:2941} INFO - Sync 1 DAGs
[2023-10-18T21:16:11.331+0000] {logging_mixin.py:151} INFO - [2023-10-18T21:16:11.330+0000] {dag.py:3722} INFO - Setting next_dagrun for example_nested_branch_dag to 2023-10-17T00:00:00+00:00, run_after=2023-10-18T00:00:00+00:00
[2023-10-18T21:16:11.351+0000] {processor.py:179} INFO - Processing /home/airflow/.local/lib/python3.8/site-packages/airflow/example_dags/example_nested_branch_dag.py took 0.103 seconds
[2023-10-18T21:16:41.374+0000] {processor.py:157} INFO - Started process (PID=225) to work on /home/airflow/.local/lib/python3.8/site-packages/airflow/example_dags/example_nested_branch_dag.py
[2023-10-18T21:16:41.376+0000] {processor.py:829} INFO - Processing file /home/airflow/.local/lib/python3.8/site-packages/airflow/example_dags/example_nested_branch_dag.py for tasks to queue
[2023-10-18T21:16:41.378+0000] {logging_mixin.py:151} INFO - [2023-10-18T21:16:41.378+0000] {dagbag.py:536} INFO - Filling up the DagBag from /home/airflow/.local/lib/python3.8/site-packages/airflow/example_dags/example_nested_branch_dag.py
[2023-10-18T21:16:41.390+0000] {processor.py:839} INFO - DAG(s) dict_keys(['example_nested_branch_dag']) retrieved from /home/airflow/.local/lib/python3.8/site-packages/airflow/example_dags/example_nested_branch_dag.py
[2023-10-18T21:16:41.413+0000] {logging_mixin.py:151} INFO - [2023-10-18T21:16:41.412+0000] {dag.py:2941} INFO - Sync 1 DAGs
[2023-10-18T21:16:41.439+0000] {logging_mixin.py:151} INFO - [2023-10-18T21:16:41.439+0000] {dag.py:3722} INFO - Setting next_dagrun for example_nested_branch_dag to 2023-10-17T00:00:00+00:00, run_after=2023-10-18T00:00:00+00:00
[2023-10-18T21:16:41.459+0000] {processor.py:179} INFO - Processing /home/airflow/.local/lib/python3.8/site-packages/airflow/example_dags/example_nested_branch_dag.py took 0.089 seconds
[2023-10-18T21:17:11.788+0000] {processor.py:157} INFO - Started process (PID=279) to work on /home/airflow/.local/lib/python3.8/site-packages/airflow/example_dags/example_nested_branch_dag.py
[2023-10-18T21:17:11.790+0000] {processor.py:829} INFO - Processing file /home/airflow/.local/lib/python3.8/site-packages/airflow/example_dags/example_nested_branch_dag.py for tasks to queue
[2023-10-18T21:17:11.793+0000] {logging_mixin.py:151} INFO - [2023-10-18T21:17:11.793+0000] {dagbag.py:536} INFO - Filling up the DagBag from /home/airflow/.local/lib/python3.8/site-packages/airflow/example_dags/example_nested_branch_dag.py
[2023-10-18T21:17:11.810+0000] {processor.py:839} INFO - DAG(s) dict_keys(['example_nested_branch_dag']) retrieved from /home/airflow/.local/lib/python3.8/site-packages/airflow/example_dags/example_nested_branch_dag.py
[2023-10-18T21:17:11.835+0000] {logging_mixin.py:151} INFO - [2023-10-18T21:17:11.835+0000] {dag.py:2941} INFO - Sync 1 DAGs
[2023-10-18T21:17:11.861+0000] {logging_mixin.py:151} INFO - [2023-10-18T21:17:11.861+0000] {dag.py:3722} INFO - Setting next_dagrun for example_nested_branch_dag to 2023-10-17T00:00:00+00:00, run_after=2023-10-18T00:00:00+00:00
[2023-10-18T21:17:11.878+0000] {processor.py:179} INFO - Processing /home/airflow/.local/lib/python3.8/site-packages/airflow/example_dags/example_nested_branch_dag.py took 0.096 seconds
[2023-10-18T21:17:42.801+0000] {processor.py:157} INFO - Started process (PID=332) to work on /home/airflow/.local/lib/python3.8/site-packages/airflow/example_dags/example_nested_branch_dag.py
[2023-10-18T21:17:42.802+0000] {processor.py:829} INFO - Processing file /home/airflow/.local/lib/python3.8/site-packages/airflow/example_dags/example_nested_branch_dag.py for tasks to queue
[2023-10-18T21:17:42.806+0000] {logging_mixin.py:151} INFO - [2023-10-18T21:17:42.806+0000] {dagbag.py:536} INFO - Filling up the DagBag from /home/airflow/.local/lib/python3.8/site-packages/airflow/example_dags/example_nested_branch_dag.py
[2023-10-18T21:17:42.818+0000] {processor.py:839} INFO - DAG(s) dict_keys(['example_nested_branch_dag']) retrieved from /home/airflow/.local/lib/python3.8/site-packages/airflow/example_dags/example_nested_branch_dag.py
[2023-10-18T21:17:42.834+0000] {logging_mixin.py:151} INFO - [2023-10-18T21:17:42.834+0000] {dag.py:2941} INFO - Sync 1 DAGs
[2023-10-18T21:17:42.863+0000] {logging_mixin.py:151} INFO - [2023-10-18T21:17:42.862+0000] {dag.py:3722} INFO - Setting next_dagrun for example_nested_branch_dag to 2023-10-17T00:00:00+00:00, run_after=2023-10-18T00:00:00+00:00
[2023-10-18T21:17:42.881+0000] {processor.py:179} INFO - Processing /home/airflow/.local/lib/python3.8/site-packages/airflow/example_dags/example_nested_branch_dag.py took 0.086 seconds
[2023-10-18T21:18:13.644+0000] {processor.py:157} INFO - Started process (PID=385) to work on /home/airflow/.local/lib/python3.8/site-packages/airflow/example_dags/example_nested_branch_dag.py
[2023-10-18T21:18:13.645+0000] {processor.py:829} INFO - Processing file /home/airflow/.local/lib/python3.8/site-packages/airflow/example_dags/example_nested_branch_dag.py for tasks to queue
[2023-10-18T21:18:13.647+0000] {logging_mixin.py:151} INFO - [2023-10-18T21:18:13.647+0000] {dagbag.py:536} INFO - Filling up the DagBag from /home/airflow/.local/lib/python3.8/site-packages/airflow/example_dags/example_nested_branch_dag.py
[2023-10-18T21:18:13.659+0000] {processor.py:839} INFO - DAG(s) dict_keys(['example_nested_branch_dag']) retrieved from /home/airflow/.local/lib/python3.8/site-packages/airflow/example_dags/example_nested_branch_dag.py
[2023-10-18T21:18:13.687+0000] {logging_mixin.py:151} INFO - [2023-10-18T21:18:13.687+0000] {dag.py:2941} INFO - Sync 1 DAGs
[2023-10-18T21:18:13.717+0000] {logging_mixin.py:151} INFO - [2023-10-18T21:18:13.716+0000] {dag.py:3722} INFO - Setting next_dagrun for example_nested_branch_dag to 2023-10-17T00:00:00+00:00, run_after=2023-10-18T00:00:00+00:00
[2023-10-18T21:18:13.737+0000] {processor.py:179} INFO - Processing /home/airflow/.local/lib/python3.8/site-packages/airflow/example_dags/example_nested_branch_dag.py took 0.099 seconds
[2023-10-18T21:18:43.988+0000] {processor.py:157} INFO - Started process (PID=438) to work on /home/airflow/.local/lib/python3.8/site-packages/airflow/example_dags/example_nested_branch_dag.py
[2023-10-18T21:18:43.990+0000] {processor.py:829} INFO - Processing file /home/airflow/.local/lib/python3.8/site-packages/airflow/example_dags/example_nested_branch_dag.py for tasks to queue
[2023-10-18T21:18:43.993+0000] {logging_mixin.py:151} INFO - [2023-10-18T21:18:43.993+0000] {dagbag.py:536} INFO - Filling up the DagBag from /home/airflow/.local/lib/python3.8/site-packages/airflow/example_dags/example_nested_branch_dag.py
[2023-10-18T21:18:44.004+0000] {processor.py:839} INFO - DAG(s) dict_keys(['example_nested_branch_dag']) retrieved from /home/airflow/.local/lib/python3.8/site-packages/airflow/example_dags/example_nested_branch_dag.py
[2023-10-18T21:18:44.029+0000] {logging_mixin.py:151} INFO - [2023-10-18T21:18:44.029+0000] {dag.py:2941} INFO - Sync 1 DAGs
[2023-10-18T21:18:44.059+0000] {logging_mixin.py:151} INFO - [2023-10-18T21:18:44.059+0000] {dag.py:3722} INFO - Setting next_dagrun for example_nested_branch_dag to 2023-10-17T00:00:00+00:00, run_after=2023-10-18T00:00:00+00:00
[2023-10-18T21:18:44.079+0000] {processor.py:179} INFO - Processing /home/airflow/.local/lib/python3.8/site-packages/airflow/example_dags/example_nested_branch_dag.py took 0.097 seconds
[2023-10-18T21:19:14.388+0000] {processor.py:157} INFO - Started process (PID=491) to work on /home/airflow/.local/lib/python3.8/site-packages/airflow/example_dags/example_nested_branch_dag.py
[2023-10-18T21:19:14.390+0000] {processor.py:829} INFO - Processing file /home/airflow/.local/lib/python3.8/site-packages/airflow/example_dags/example_nested_branch_dag.py for tasks to queue
[2023-10-18T21:19:14.393+0000] {logging_mixin.py:151} INFO - [2023-10-18T21:19:14.392+0000] {dagbag.py:536} INFO - Filling up the DagBag from /home/airflow/.local/lib/python3.8/site-packages/airflow/example_dags/example_nested_branch_dag.py
[2023-10-18T21:19:14.405+0000] {processor.py:839} INFO - DAG(s) dict_keys(['example_nested_branch_dag']) retrieved from /home/airflow/.local/lib/python3.8/site-packages/airflow/example_dags/example_nested_branch_dag.py
[2023-10-18T21:19:14.438+0000] {logging_mixin.py:151} INFO - [2023-10-18T21:19:14.438+0000] {dag.py:2941} INFO - Sync 1 DAGs
[2023-10-18T21:19:14.469+0000] {logging_mixin.py:151} INFO - [2023-10-18T21:19:14.469+0000] {dag.py:3722} INFO - Setting next_dagrun for example_nested_branch_dag to 2023-10-17T00:00:00+00:00, run_after=2023-10-18T00:00:00+00:00
[2023-10-18T21:19:14.502+0000] {processor.py:179} INFO - Processing /home/airflow/.local/lib/python3.8/site-packages/airflow/example_dags/example_nested_branch_dag.py took 0.119 seconds
[2023-10-18T21:19:44.543+0000] {processor.py:157} INFO - Started process (PID=544) to work on /home/airflow/.local/lib/python3.8/site-packages/airflow/example_dags/example_nested_branch_dag.py
[2023-10-18T21:19:44.545+0000] {processor.py:829} INFO - Processing file /home/airflow/.local/lib/python3.8/site-packages/airflow/example_dags/example_nested_branch_dag.py for tasks to queue
[2023-10-18T21:19:44.548+0000] {logging_mixin.py:151} INFO - [2023-10-18T21:19:44.547+0000] {dagbag.py:536} INFO - Filling up the DagBag from /home/airflow/.local/lib/python3.8/site-packages/airflow/example_dags/example_nested_branch_dag.py
[2023-10-18T21:19:44.559+0000] {processor.py:839} INFO - DAG(s) dict_keys(['example_nested_branch_dag']) retrieved from /home/airflow/.local/lib/python3.8/site-packages/airflow/example_dags/example_nested_branch_dag.py
[2023-10-18T21:19:44.590+0000] {logging_mixin.py:151} INFO - [2023-10-18T21:19:44.590+0000] {dag.py:2941} INFO - Sync 1 DAGs
[2023-10-18T21:19:44.619+0000] {logging_mixin.py:151} INFO - [2023-10-18T21:19:44.619+0000] {dag.py:3722} INFO - Setting next_dagrun for example_nested_branch_dag to 2023-10-17T00:00:00+00:00, run_after=2023-10-18T00:00:00+00:00
[2023-10-18T21:19:44.644+0000] {processor.py:179} INFO - Processing /home/airflow/.local/lib/python3.8/site-packages/airflow/example_dags/example_nested_branch_dag.py took 0.107 seconds
[2023-10-18T21:20:14.996+0000] {processor.py:157} INFO - Started process (PID=598) to work on /home/airflow/.local/lib/python3.8/site-packages/airflow/example_dags/example_nested_branch_dag.py
[2023-10-18T21:20:14.998+0000] {processor.py:829} INFO - Processing file /home/airflow/.local/lib/python3.8/site-packages/airflow/example_dags/example_nested_branch_dag.py for tasks to queue
[2023-10-18T21:20:15.000+0000] {logging_mixin.py:151} INFO - [2023-10-18T21:20:15.000+0000] {dagbag.py:536} INFO - Filling up the DagBag from /home/airflow/.local/lib/python3.8/site-packages/airflow/example_dags/example_nested_branch_dag.py
[2023-10-18T21:20:15.012+0000] {processor.py:839} INFO - DAG(s) dict_keys(['example_nested_branch_dag']) retrieved from /home/airflow/.local/lib/python3.8/site-packages/airflow/example_dags/example_nested_branch_dag.py
[2023-10-18T21:20:15.037+0000] {logging_mixin.py:151} INFO - [2023-10-18T21:20:15.037+0000] {dag.py:2941} INFO - Sync 1 DAGs
[2023-10-18T21:20:15.062+0000] {logging_mixin.py:151} INFO - [2023-10-18T21:20:15.061+0000] {dag.py:3722} INFO - Setting next_dagrun for example_nested_branch_dag to 2023-10-17T00:00:00+00:00, run_after=2023-10-18T00:00:00+00:00
[2023-10-18T21:20:15.080+0000] {processor.py:179} INFO - Processing /home/airflow/.local/lib/python3.8/site-packages/airflow/example_dags/example_nested_branch_dag.py took 0.088 seconds
[2023-10-18T21:20:45.323+0000] {processor.py:157} INFO - Started process (PID=650) to work on /home/airflow/.local/lib/python3.8/site-packages/airflow/example_dags/example_nested_branch_dag.py
[2023-10-18T21:20:45.324+0000] {processor.py:829} INFO - Processing file /home/airflow/.local/lib/python3.8/site-packages/airflow/example_dags/example_nested_branch_dag.py for tasks to queue
[2023-10-18T21:20:45.326+0000] {logging_mixin.py:151} INFO - [2023-10-18T21:20:45.326+0000] {dagbag.py:536} INFO - Filling up the DagBag from /home/airflow/.local/lib/python3.8/site-packages/airflow/example_dags/example_nested_branch_dag.py
[2023-10-18T21:20:45.339+0000] {processor.py:839} INFO - DAG(s) dict_keys(['example_nested_branch_dag']) retrieved from /home/airflow/.local/lib/python3.8/site-packages/airflow/example_dags/example_nested_branch_dag.py
[2023-10-18T21:20:45.378+0000] {logging_mixin.py:151} INFO - [2023-10-18T21:20:45.377+0000] {dag.py:2941} INFO - Sync 1 DAGs
[2023-10-18T21:20:45.407+0000] {logging_mixin.py:151} INFO - [2023-10-18T21:20:45.407+0000] {dag.py:3722} INFO - Setting next_dagrun for example_nested_branch_dag to 2023-10-17T00:00:00+00:00, run_after=2023-10-18T00:00:00+00:00
[2023-10-18T21:20:45.427+0000] {processor.py:179} INFO - Processing /home/airflow/.local/lib/python3.8/site-packages/airflow/example_dags/example_nested_branch_dag.py took 0.112 seconds
[2023-10-18T21:21:15.580+0000] {processor.py:157} INFO - Started process (PID=703) to work on /home/airflow/.local/lib/python3.8/site-packages/airflow/example_dags/example_nested_branch_dag.py
[2023-10-18T21:21:15.582+0000] {processor.py:829} INFO - Processing file /home/airflow/.local/lib/python3.8/site-packages/airflow/example_dags/example_nested_branch_dag.py for tasks to queue
[2023-10-18T21:21:15.585+0000] {logging_mixin.py:151} INFO - [2023-10-18T21:21:15.584+0000] {dagbag.py:536} INFO - Filling up the DagBag from /home/airflow/.local/lib/python3.8/site-packages/airflow/example_dags/example_nested_branch_dag.py
[2023-10-18T21:21:15.598+0000] {processor.py:839} INFO - DAG(s) dict_keys(['example_nested_branch_dag']) retrieved from /home/airflow/.local/lib/python3.8/site-packages/airflow/example_dags/example_nested_branch_dag.py
[2023-10-18T21:21:15.628+0000] {logging_mixin.py:151} INFO - [2023-10-18T21:21:15.628+0000] {dag.py:2941} INFO - Sync 1 DAGs
[2023-10-18T21:21:15.658+0000] {logging_mixin.py:151} INFO - [2023-10-18T21:21:15.658+0000] {dag.py:3722} INFO - Setting next_dagrun for example_nested_branch_dag to 2023-10-17T00:00:00+00:00, run_after=2023-10-18T00:00:00+00:00
[2023-10-18T21:21:15.679+0000] {processor.py:179} INFO - Processing /home/airflow/.local/lib/python3.8/site-packages/airflow/example_dags/example_nested_branch_dag.py took 0.106 seconds
[2023-10-18T21:21:46.127+0000] {processor.py:157} INFO - Started process (PID=757) to work on /home/airflow/.local/lib/python3.8/site-packages/airflow/example_dags/example_nested_branch_dag.py
[2023-10-18T21:21:46.129+0000] {processor.py:829} INFO - Processing file /home/airflow/.local/lib/python3.8/site-packages/airflow/example_dags/example_nested_branch_dag.py for tasks to queue
[2023-10-18T21:21:46.132+0000] {logging_mixin.py:151} INFO - [2023-10-18T21:21:46.131+0000] {dagbag.py:536} INFO - Filling up the DagBag from /home/airflow/.local/lib/python3.8/site-packages/airflow/example_dags/example_nested_branch_dag.py
[2023-10-18T21:21:46.144+0000] {processor.py:839} INFO - DAG(s) dict_keys(['example_nested_branch_dag']) retrieved from /home/airflow/.local/lib/python3.8/site-packages/airflow/example_dags/example_nested_branch_dag.py
[2023-10-18T21:21:46.175+0000] {logging_mixin.py:151} INFO - [2023-10-18T21:21:46.174+0000] {dag.py:2941} INFO - Sync 1 DAGs
[2023-10-18T21:21:46.207+0000] {logging_mixin.py:151} INFO - [2023-10-18T21:21:46.207+0000] {dag.py:3722} INFO - Setting next_dagrun for example_nested_branch_dag to 2023-10-17T00:00:00+00:00, run_after=2023-10-18T00:00:00+00:00
[2023-10-18T21:21:46.228+0000] {processor.py:179} INFO - Processing /home/airflow/.local/lib/python3.8/site-packages/airflow/example_dags/example_nested_branch_dag.py took 0.106 seconds
[2023-10-18T21:23:49.333+0000] {processor.py:157} INFO - Started process (PID=67) to work on /home/airflow/.local/lib/python3.8/site-packages/airflow/example_dags/example_nested_branch_dag.py
[2023-10-18T21:23:49.334+0000] {processor.py:829} INFO - Processing file /home/airflow/.local/lib/python3.8/site-packages/airflow/example_dags/example_nested_branch_dag.py for tasks to queue
[2023-10-18T21:23:49.337+0000] {logging_mixin.py:151} INFO - [2023-10-18T21:23:49.336+0000] {dagbag.py:536} INFO - Filling up the DagBag from /home/airflow/.local/lib/python3.8/site-packages/airflow/example_dags/example_nested_branch_dag.py
[2023-10-18T21:23:49.350+0000] {processor.py:839} INFO - DAG(s) dict_keys(['example_nested_branch_dag']) retrieved from /home/airflow/.local/lib/python3.8/site-packages/airflow/example_dags/example_nested_branch_dag.py
[2023-10-18T21:23:49.366+0000] {logging_mixin.py:151} INFO - [2023-10-18T21:23:49.365+0000] {dag.py:2941} INFO - Sync 1 DAGs
[2023-10-18T21:23:49.393+0000] {logging_mixin.py:151} INFO - [2023-10-18T21:23:49.393+0000] {dag.py:3722} INFO - Setting next_dagrun for example_nested_branch_dag to 2023-10-17T00:00:00+00:00, run_after=2023-10-18T00:00:00+00:00
[2023-10-18T21:23:49.411+0000] {processor.py:179} INFO - Processing /home/airflow/.local/lib/python3.8/site-packages/airflow/example_dags/example_nested_branch_dag.py took 0.082 seconds
[2023-10-18T21:24:19.718+0000] {processor.py:157} INFO - Started process (PID=120) to work on /home/airflow/.local/lib/python3.8/site-packages/airflow/example_dags/example_nested_branch_dag.py
[2023-10-18T21:24:19.719+0000] {processor.py:829} INFO - Processing file /home/airflow/.local/lib/python3.8/site-packages/airflow/example_dags/example_nested_branch_dag.py for tasks to queue
[2023-10-18T21:24:19.721+0000] {logging_mixin.py:151} INFO - [2023-10-18T21:24:19.721+0000] {dagbag.py:536} INFO - Filling up the DagBag from /home/airflow/.local/lib/python3.8/site-packages/airflow/example_dags/example_nested_branch_dag.py
[2023-10-18T21:24:19.732+0000] {processor.py:839} INFO - DAG(s) dict_keys(['example_nested_branch_dag']) retrieved from /home/airflow/.local/lib/python3.8/site-packages/airflow/example_dags/example_nested_branch_dag.py
[2023-10-18T21:24:19.755+0000] {logging_mixin.py:151} INFO - [2023-10-18T21:24:19.754+0000] {dag.py:2941} INFO - Sync 1 DAGs
[2023-10-18T21:24:19.781+0000] {logging_mixin.py:151} INFO - [2023-10-18T21:24:19.781+0000] {dag.py:3722} INFO - Setting next_dagrun for example_nested_branch_dag to 2023-10-17T00:00:00+00:00, run_after=2023-10-18T00:00:00+00:00
[2023-10-18T21:24:19.799+0000] {processor.py:179} INFO - Processing /home/airflow/.local/lib/python3.8/site-packages/airflow/example_dags/example_nested_branch_dag.py took 0.085 seconds
[2023-10-18T21:24:50.158+0000] {processor.py:157} INFO - Started process (PID=173) to work on /home/airflow/.local/lib/python3.8/site-packages/airflow/example_dags/example_nested_branch_dag.py
[2023-10-18T21:24:50.160+0000] {processor.py:829} INFO - Processing file /home/airflow/.local/lib/python3.8/site-packages/airflow/example_dags/example_nested_branch_dag.py for tasks to queue
[2023-10-18T21:24:50.164+0000] {logging_mixin.py:151} INFO - [2023-10-18T21:24:50.163+0000] {dagbag.py:536} INFO - Filling up the DagBag from /home/airflow/.local/lib/python3.8/site-packages/airflow/example_dags/example_nested_branch_dag.py
[2023-10-18T21:24:50.178+0000] {processor.py:839} INFO - DAG(s) dict_keys(['example_nested_branch_dag']) retrieved from /home/airflow/.local/lib/python3.8/site-packages/airflow/example_dags/example_nested_branch_dag.py
[2023-10-18T21:24:50.205+0000] {logging_mixin.py:151} INFO - [2023-10-18T21:24:50.205+0000] {dag.py:2941} INFO - Sync 1 DAGs
[2023-10-18T21:24:50.235+0000] {logging_mixin.py:151} INFO - [2023-10-18T21:24:50.235+0000] {dag.py:3722} INFO - Setting next_dagrun for example_nested_branch_dag to 2023-10-17T00:00:00+00:00, run_after=2023-10-18T00:00:00+00:00
[2023-10-18T21:24:50.256+0000] {processor.py:179} INFO - Processing /home/airflow/.local/lib/python3.8/site-packages/airflow/example_dags/example_nested_branch_dag.py took 0.103 seconds
[2023-10-18T21:25:20.744+0000] {processor.py:157} INFO - Started process (PID=226) to work on /home/airflow/.local/lib/python3.8/site-packages/airflow/example_dags/example_nested_branch_dag.py
[2023-10-18T21:25:20.745+0000] {processor.py:829} INFO - Processing file /home/airflow/.local/lib/python3.8/site-packages/airflow/example_dags/example_nested_branch_dag.py for tasks to queue
[2023-10-18T21:25:20.748+0000] {logging_mixin.py:151} INFO - [2023-10-18T21:25:20.747+0000] {dagbag.py:536} INFO - Filling up the DagBag from /home/airflow/.local/lib/python3.8/site-packages/airflow/example_dags/example_nested_branch_dag.py
[2023-10-18T21:25:20.762+0000] {processor.py:839} INFO - DAG(s) dict_keys(['example_nested_branch_dag']) retrieved from /home/airflow/.local/lib/python3.8/site-packages/airflow/example_dags/example_nested_branch_dag.py
[2023-10-18T21:25:20.784+0000] {logging_mixin.py:151} INFO - [2023-10-18T21:25:20.783+0000] {dag.py:2941} INFO - Sync 1 DAGs
[2023-10-18T21:25:20.811+0000] {logging_mixin.py:151} INFO - [2023-10-18T21:25:20.811+0000] {dag.py:3722} INFO - Setting next_dagrun for example_nested_branch_dag to 2023-10-17T00:00:00+00:00, run_after=2023-10-18T00:00:00+00:00
[2023-10-18T21:25:20.829+0000] {processor.py:179} INFO - Processing /home/airflow/.local/lib/python3.8/site-packages/airflow/example_dags/example_nested_branch_dag.py took 0.091 seconds
[2023-10-18T21:25:51.681+0000] {processor.py:157} INFO - Started process (PID=279) to work on /home/airflow/.local/lib/python3.8/site-packages/airflow/example_dags/example_nested_branch_dag.py
[2023-10-18T21:25:51.682+0000] {processor.py:829} INFO - Processing file /home/airflow/.local/lib/python3.8/site-packages/airflow/example_dags/example_nested_branch_dag.py for tasks to queue
[2023-10-18T21:25:51.685+0000] {logging_mixin.py:151} INFO - [2023-10-18T21:25:51.685+0000] {dagbag.py:536} INFO - Filling up the DagBag from /home/airflow/.local/lib/python3.8/site-packages/airflow/example_dags/example_nested_branch_dag.py
[2023-10-18T21:25:51.697+0000] {processor.py:839} INFO - DAG(s) dict_keys(['example_nested_branch_dag']) retrieved from /home/airflow/.local/lib/python3.8/site-packages/airflow/example_dags/example_nested_branch_dag.py
[2023-10-18T21:25:51.721+0000] {logging_mixin.py:151} INFO - [2023-10-18T21:25:51.720+0000] {dag.py:2941} INFO - Sync 1 DAGs
[2023-10-18T21:25:51.747+0000] {logging_mixin.py:151} INFO - [2023-10-18T21:25:51.746+0000] {dag.py:3722} INFO - Setting next_dagrun for example_nested_branch_dag to 2023-10-17T00:00:00+00:00, run_after=2023-10-18T00:00:00+00:00
[2023-10-18T21:25:51.769+0000] {processor.py:179} INFO - Processing /home/airflow/.local/lib/python3.8/site-packages/airflow/example_dags/example_nested_branch_dag.py took 0.093 seconds
[2023-10-18T21:26:21.878+0000] {processor.py:157} INFO - Started process (PID=332) to work on /home/airflow/.local/lib/python3.8/site-packages/airflow/example_dags/example_nested_branch_dag.py
[2023-10-18T21:26:21.879+0000] {processor.py:829} INFO - Processing file /home/airflow/.local/lib/python3.8/site-packages/airflow/example_dags/example_nested_branch_dag.py for tasks to queue
[2023-10-18T21:26:21.882+0000] {logging_mixin.py:151} INFO - [2023-10-18T21:26:21.882+0000] {dagbag.py:536} INFO - Filling up the DagBag from /home/airflow/.local/lib/python3.8/site-packages/airflow/example_dags/example_nested_branch_dag.py
[2023-10-18T21:26:21.893+0000] {processor.py:839} INFO - DAG(s) dict_keys(['example_nested_branch_dag']) retrieved from /home/airflow/.local/lib/python3.8/site-packages/airflow/example_dags/example_nested_branch_dag.py
[2023-10-18T21:26:21.917+0000] {logging_mixin.py:151} INFO - [2023-10-18T21:26:21.917+0000] {dag.py:2941} INFO - Sync 1 DAGs
[2023-10-18T21:26:21.945+0000] {logging_mixin.py:151} INFO - [2023-10-18T21:26:21.945+0000] {dag.py:3722} INFO - Setting next_dagrun for example_nested_branch_dag to 2023-10-17T00:00:00+00:00, run_after=2023-10-18T00:00:00+00:00
[2023-10-18T21:26:21.965+0000] {processor.py:179} INFO - Processing /home/airflow/.local/lib/python3.8/site-packages/airflow/example_dags/example_nested_branch_dag.py took 0.091 seconds
[2023-10-18T21:26:52.197+0000] {processor.py:157} INFO - Started process (PID=385) to work on /home/airflow/.local/lib/python3.8/site-packages/airflow/example_dags/example_nested_branch_dag.py
[2023-10-18T21:26:52.198+0000] {processor.py:829} INFO - Processing file /home/airflow/.local/lib/python3.8/site-packages/airflow/example_dags/example_nested_branch_dag.py for tasks to queue
[2023-10-18T21:26:52.201+0000] {logging_mixin.py:151} INFO - [2023-10-18T21:26:52.201+0000] {dagbag.py:536} INFO - Filling up the DagBag from /home/airflow/.local/lib/python3.8/site-packages/airflow/example_dags/example_nested_branch_dag.py
[2023-10-18T21:26:52.212+0000] {processor.py:839} INFO - DAG(s) dict_keys(['example_nested_branch_dag']) retrieved from /home/airflow/.local/lib/python3.8/site-packages/airflow/example_dags/example_nested_branch_dag.py
[2023-10-18T21:26:52.237+0000] {logging_mixin.py:151} INFO - [2023-10-18T21:26:52.237+0000] {dag.py:2941} INFO - Sync 1 DAGs
[2023-10-18T21:26:52.262+0000] {logging_mixin.py:151} INFO - [2023-10-18T21:26:52.262+0000] {dag.py:3722} INFO - Setting next_dagrun for example_nested_branch_dag to 2023-10-17T00:00:00+00:00, run_after=2023-10-18T00:00:00+00:00
[2023-10-18T21:26:52.279+0000] {processor.py:179} INFO - Processing /home/airflow/.local/lib/python3.8/site-packages/airflow/example_dags/example_nested_branch_dag.py took 0.087 seconds
[2023-10-18T21:27:22.381+0000] {processor.py:157} INFO - Started process (PID=438) to work on /home/airflow/.local/lib/python3.8/site-packages/airflow/example_dags/example_nested_branch_dag.py
[2023-10-18T21:27:22.382+0000] {processor.py:829} INFO - Processing file /home/airflow/.local/lib/python3.8/site-packages/airflow/example_dags/example_nested_branch_dag.py for tasks to queue
[2023-10-18T21:27:22.385+0000] {logging_mixin.py:151} INFO - [2023-10-18T21:27:22.385+0000] {dagbag.py:536} INFO - Filling up the DagBag from /home/airflow/.local/lib/python3.8/site-packages/airflow/example_dags/example_nested_branch_dag.py
[2023-10-18T21:27:22.396+0000] {processor.py:839} INFO - DAG(s) dict_keys(['example_nested_branch_dag']) retrieved from /home/airflow/.local/lib/python3.8/site-packages/airflow/example_dags/example_nested_branch_dag.py
[2023-10-18T21:27:22.422+0000] {logging_mixin.py:151} INFO - [2023-10-18T21:27:22.422+0000] {dag.py:2941} INFO - Sync 1 DAGs
[2023-10-18T21:27:22.450+0000] {logging_mixin.py:151} INFO - [2023-10-18T21:27:22.450+0000] {dag.py:3722} INFO - Setting next_dagrun for example_nested_branch_dag to 2023-10-17T00:00:00+00:00, run_after=2023-10-18T00:00:00+00:00
[2023-10-18T21:27:22.472+0000] {processor.py:179} INFO - Processing /home/airflow/.local/lib/python3.8/site-packages/airflow/example_dags/example_nested_branch_dag.py took 0.096 seconds
[2023-10-18T21:27:52.768+0000] {processor.py:157} INFO - Started process (PID=491) to work on /home/airflow/.local/lib/python3.8/site-packages/airflow/example_dags/example_nested_branch_dag.py
[2023-10-18T21:27:52.769+0000] {processor.py:829} INFO - Processing file /home/airflow/.local/lib/python3.8/site-packages/airflow/example_dags/example_nested_branch_dag.py for tasks to queue
[2023-10-18T21:27:52.772+0000] {logging_mixin.py:151} INFO - [2023-10-18T21:27:52.772+0000] {dagbag.py:536} INFO - Filling up the DagBag from /home/airflow/.local/lib/python3.8/site-packages/airflow/example_dags/example_nested_branch_dag.py
[2023-10-18T21:27:52.783+0000] {processor.py:839} INFO - DAG(s) dict_keys(['example_nested_branch_dag']) retrieved from /home/airflow/.local/lib/python3.8/site-packages/airflow/example_dags/example_nested_branch_dag.py
[2023-10-18T21:27:52.812+0000] {logging_mixin.py:151} INFO - [2023-10-18T21:27:52.812+0000] {dag.py:2941} INFO - Sync 1 DAGs
[2023-10-18T21:27:52.842+0000] {logging_mixin.py:151} INFO - [2023-10-18T21:27:52.841+0000] {dag.py:3722} INFO - Setting next_dagrun for example_nested_branch_dag to 2023-10-17T00:00:00+00:00, run_after=2023-10-18T00:00:00+00:00
[2023-10-18T21:27:52.862+0000] {processor.py:179} INFO - Processing /home/airflow/.local/lib/python3.8/site-packages/airflow/example_dags/example_nested_branch_dag.py took 0.099 seconds
[2023-10-18T21:28:23.245+0000] {processor.py:157} INFO - Started process (PID=544) to work on /home/airflow/.local/lib/python3.8/site-packages/airflow/example_dags/example_nested_branch_dag.py
[2023-10-18T21:28:23.246+0000] {processor.py:829} INFO - Processing file /home/airflow/.local/lib/python3.8/site-packages/airflow/example_dags/example_nested_branch_dag.py for tasks to queue
[2023-10-18T21:28:23.249+0000] {logging_mixin.py:151} INFO - [2023-10-18T21:28:23.249+0000] {dagbag.py:536} INFO - Filling up the DagBag from /home/airflow/.local/lib/python3.8/site-packages/airflow/example_dags/example_nested_branch_dag.py
[2023-10-18T21:28:23.261+0000] {processor.py:839} INFO - DAG(s) dict_keys(['example_nested_branch_dag']) retrieved from /home/airflow/.local/lib/python3.8/site-packages/airflow/example_dags/example_nested_branch_dag.py
[2023-10-18T21:28:23.287+0000] {logging_mixin.py:151} INFO - [2023-10-18T21:28:23.286+0000] {dag.py:2941} INFO - Sync 1 DAGs
[2023-10-18T21:28:23.318+0000] {logging_mixin.py:151} INFO - [2023-10-18T21:28:23.318+0000] {dag.py:3722} INFO - Setting next_dagrun for example_nested_branch_dag to 2023-10-17T00:00:00+00:00, run_after=2023-10-18T00:00:00+00:00
[2023-10-18T21:28:23.339+0000] {processor.py:179} INFO - Processing /home/airflow/.local/lib/python3.8/site-packages/airflow/example_dags/example_nested_branch_dag.py took 0.099 seconds
[2023-10-18T21:28:53.851+0000] {processor.py:157} INFO - Started process (PID=597) to work on /home/airflow/.local/lib/python3.8/site-packages/airflow/example_dags/example_nested_branch_dag.py
[2023-10-18T21:28:53.852+0000] {processor.py:829} INFO - Processing file /home/airflow/.local/lib/python3.8/site-packages/airflow/example_dags/example_nested_branch_dag.py for tasks to queue
[2023-10-18T21:28:53.855+0000] {logging_mixin.py:151} INFO - [2023-10-18T21:28:53.855+0000] {dagbag.py:536} INFO - Filling up the DagBag from /home/airflow/.local/lib/python3.8/site-packages/airflow/example_dags/example_nested_branch_dag.py
[2023-10-18T21:28:53.867+0000] {processor.py:839} INFO - DAG(s) dict_keys(['example_nested_branch_dag']) retrieved from /home/airflow/.local/lib/python3.8/site-packages/airflow/example_dags/example_nested_branch_dag.py
[2023-10-18T21:28:53.896+0000] {logging_mixin.py:151} INFO - [2023-10-18T21:28:53.896+0000] {dag.py:2941} INFO - Sync 1 DAGs
[2023-10-18T21:28:53.924+0000] {logging_mixin.py:151} INFO - [2023-10-18T21:28:53.924+0000] {dag.py:3722} INFO - Setting next_dagrun for example_nested_branch_dag to 2023-10-17T00:00:00+00:00, run_after=2023-10-18T00:00:00+00:00
[2023-10-18T21:28:53.940+0000] {processor.py:179} INFO - Processing /home/airflow/.local/lib/python3.8/site-packages/airflow/example_dags/example_nested_branch_dag.py took 0.096 seconds
[2023-10-18T21:29:24.208+0000] {processor.py:157} INFO - Started process (PID=650) to work on /home/airflow/.local/lib/python3.8/site-packages/airflow/example_dags/example_nested_branch_dag.py
[2023-10-18T21:29:24.209+0000] {processor.py:829} INFO - Processing file /home/airflow/.local/lib/python3.8/site-packages/airflow/example_dags/example_nested_branch_dag.py for tasks to queue
[2023-10-18T21:29:24.212+0000] {logging_mixin.py:151} INFO - [2023-10-18T21:29:24.212+0000] {dagbag.py:536} INFO - Filling up the DagBag from /home/airflow/.local/lib/python3.8/site-packages/airflow/example_dags/example_nested_branch_dag.py
[2023-10-18T21:29:24.223+0000] {processor.py:839} INFO - DAG(s) dict_keys(['example_nested_branch_dag']) retrieved from /home/airflow/.local/lib/python3.8/site-packages/airflow/example_dags/example_nested_branch_dag.py
[2023-10-18T21:29:24.251+0000] {logging_mixin.py:151} INFO - [2023-10-18T21:29:24.251+0000] {dag.py:2941} INFO - Sync 1 DAGs
[2023-10-18T21:29:24.279+0000] {logging_mixin.py:151} INFO - [2023-10-18T21:29:24.279+0000] {dag.py:3722} INFO - Setting next_dagrun for example_nested_branch_dag to 2023-10-17T00:00:00+00:00, run_after=2023-10-18T00:00:00+00:00
[2023-10-18T21:29:24.298+0000] {processor.py:179} INFO - Processing /home/airflow/.local/lib/python3.8/site-packages/airflow/example_dags/example_nested_branch_dag.py took 0.096 seconds
[2023-10-18T21:29:54.629+0000] {processor.py:157} INFO - Started process (PID=703) to work on /home/airflow/.local/lib/python3.8/site-packages/airflow/example_dags/example_nested_branch_dag.py
[2023-10-18T21:29:54.630+0000] {processor.py:829} INFO - Processing file /home/airflow/.local/lib/python3.8/site-packages/airflow/example_dags/example_nested_branch_dag.py for tasks to queue
[2023-10-18T21:29:54.633+0000] {logging_mixin.py:151} INFO - [2023-10-18T21:29:54.632+0000] {dagbag.py:536} INFO - Filling up the DagBag from /home/airflow/.local/lib/python3.8/site-packages/airflow/example_dags/example_nested_branch_dag.py
[2023-10-18T21:29:54.643+0000] {processor.py:839} INFO - DAG(s) dict_keys(['example_nested_branch_dag']) retrieved from /home/airflow/.local/lib/python3.8/site-packages/airflow/example_dags/example_nested_branch_dag.py
[2023-10-18T21:29:54.671+0000] {logging_mixin.py:151} INFO - [2023-10-18T21:29:54.670+0000] {dag.py:2941} INFO - Sync 1 DAGs
[2023-10-18T21:29:54.698+0000] {logging_mixin.py:151} INFO - [2023-10-18T21:29:54.698+0000] {dag.py:3722} INFO - Setting next_dagrun for example_nested_branch_dag to 2023-10-17T00:00:00+00:00, run_after=2023-10-18T00:00:00+00:00
[2023-10-18T21:29:54.718+0000] {processor.py:179} INFO - Processing /home/airflow/.local/lib/python3.8/site-packages/airflow/example_dags/example_nested_branch_dag.py took 0.093 seconds
[2023-10-18T21:30:25.236+0000] {processor.py:157} INFO - Started process (PID=757) to work on /home/airflow/.local/lib/python3.8/site-packages/airflow/example_dags/example_nested_branch_dag.py
[2023-10-18T21:30:25.238+0000] {processor.py:829} INFO - Processing file /home/airflow/.local/lib/python3.8/site-packages/airflow/example_dags/example_nested_branch_dag.py for tasks to queue
[2023-10-18T21:30:25.241+0000] {logging_mixin.py:151} INFO - [2023-10-18T21:30:25.240+0000] {dagbag.py:536} INFO - Filling up the DagBag from /home/airflow/.local/lib/python3.8/site-packages/airflow/example_dags/example_nested_branch_dag.py
[2023-10-18T21:30:25.253+0000] {processor.py:839} INFO - DAG(s) dict_keys(['example_nested_branch_dag']) retrieved from /home/airflow/.local/lib/python3.8/site-packages/airflow/example_dags/example_nested_branch_dag.py
[2023-10-18T21:30:25.282+0000] {logging_mixin.py:151} INFO - [2023-10-18T21:30:25.282+0000] {dag.py:2941} INFO - Sync 1 DAGs
[2023-10-18T21:30:25.311+0000] {logging_mixin.py:151} INFO - [2023-10-18T21:30:25.311+0000] {dag.py:3722} INFO - Setting next_dagrun for example_nested_branch_dag to 2023-10-17T00:00:00+00:00, run_after=2023-10-18T00:00:00+00:00
[2023-10-18T21:30:25.340+0000] {processor.py:179} INFO - Processing /home/airflow/.local/lib/python3.8/site-packages/airflow/example_dags/example_nested_branch_dag.py took 0.108 seconds
[2023-10-18T21:30:56.229+0000] {processor.py:157} INFO - Started process (PID=811) to work on /home/airflow/.local/lib/python3.8/site-packages/airflow/example_dags/example_nested_branch_dag.py
[2023-10-18T21:30:56.231+0000] {processor.py:829} INFO - Processing file /home/airflow/.local/lib/python3.8/site-packages/airflow/example_dags/example_nested_branch_dag.py for tasks to queue
[2023-10-18T21:30:56.233+0000] {logging_mixin.py:151} INFO - [2023-10-18T21:30:56.233+0000] {dagbag.py:536} INFO - Filling up the DagBag from /home/airflow/.local/lib/python3.8/site-packages/airflow/example_dags/example_nested_branch_dag.py
[2023-10-18T21:30:56.247+0000] {processor.py:839} INFO - DAG(s) dict_keys(['example_nested_branch_dag']) retrieved from /home/airflow/.local/lib/python3.8/site-packages/airflow/example_dags/example_nested_branch_dag.py
[2023-10-18T21:30:56.275+0000] {logging_mixin.py:151} INFO - [2023-10-18T21:30:56.274+0000] {dag.py:2941} INFO - Sync 1 DAGs
[2023-10-18T21:30:56.304+0000] {logging_mixin.py:151} INFO - [2023-10-18T21:30:56.304+0000] {dag.py:3722} INFO - Setting next_dagrun for example_nested_branch_dag to 2023-10-17T00:00:00+00:00, run_after=2023-10-18T00:00:00+00:00
[2023-10-18T21:30:56.324+0000] {processor.py:179} INFO - Processing /home/airflow/.local/lib/python3.8/site-packages/airflow/example_dags/example_nested_branch_dag.py took 0.100 seconds
[2023-10-18T21:31:26.474+0000] {processor.py:157} INFO - Started process (PID=864) to work on /home/airflow/.local/lib/python3.8/site-packages/airflow/example_dags/example_nested_branch_dag.py
[2023-10-18T21:31:26.475+0000] {processor.py:829} INFO - Processing file /home/airflow/.local/lib/python3.8/site-packages/airflow/example_dags/example_nested_branch_dag.py for tasks to queue
[2023-10-18T21:31:26.477+0000] {logging_mixin.py:151} INFO - [2023-10-18T21:31:26.477+0000] {dagbag.py:536} INFO - Filling up the DagBag from /home/airflow/.local/lib/python3.8/site-packages/airflow/example_dags/example_nested_branch_dag.py
[2023-10-18T21:31:26.488+0000] {processor.py:839} INFO - DAG(s) dict_keys(['example_nested_branch_dag']) retrieved from /home/airflow/.local/lib/python3.8/site-packages/airflow/example_dags/example_nested_branch_dag.py
[2023-10-18T21:31:26.515+0000] {logging_mixin.py:151} INFO - [2023-10-18T21:31:26.515+0000] {dag.py:2941} INFO - Sync 1 DAGs
[2023-10-18T21:31:26.543+0000] {logging_mixin.py:151} INFO - [2023-10-18T21:31:26.543+0000] {dag.py:3722} INFO - Setting next_dagrun for example_nested_branch_dag to 2023-10-17T00:00:00+00:00, run_after=2023-10-18T00:00:00+00:00
[2023-10-18T21:31:26.565+0000] {processor.py:179} INFO - Processing /home/airflow/.local/lib/python3.8/site-packages/airflow/example_dags/example_nested_branch_dag.py took 0.095 seconds
