[2023-10-18T21:06:46.260+0000] {processor.py:157} INFO - Started process (PID=42) to work on /home/airflow/.local/lib/python3.8/site-packages/airflow/example_dags/example_external_task_marker_dag.py
[2023-10-18T21:06:46.261+0000] {processor.py:829} INFO - Processing file /home/airflow/.local/lib/python3.8/site-packages/airflow/example_dags/example_external_task_marker_dag.py for tasks to queue
[2023-10-18T21:06:46.264+0000] {logging_mixin.py:151} INFO - [2023-10-18T21:06:46.263+0000] {dagbag.py:536} INFO - Filling up the DagBag from /home/airflow/.local/lib/python3.8/site-packages/airflow/example_dags/example_external_task_marker_dag.py
[2023-10-18T21:06:46.288+0000] {processor.py:839} INFO - DAG(s) dict_keys(['example_external_task_marker_parent', 'example_external_task_marker_child']) retrieved from /home/airflow/.local/lib/python3.8/site-packages/airflow/example_dags/example_external_task_marker_dag.py
[2023-10-18T21:06:46.310+0000] {logging_mixin.py:151} INFO - [2023-10-18T21:06:46.310+0000] {dag.py:2941} INFO - Sync 2 DAGs
[2023-10-18T21:06:46.332+0000] {logging_mixin.py:151} INFO - [2023-10-18T21:06:46.332+0000] {dag.py:3722} INFO - Setting next_dagrun for example_external_task_marker_child to None, run_after=None
[2023-10-18T21:06:46.336+0000] {logging_mixin.py:151} INFO - [2023-10-18T21:06:46.336+0000] {dag.py:3722} INFO - Setting next_dagrun for example_external_task_marker_parent to None, run_after=None
[2023-10-18T21:06:46.373+0000] {processor.py:179} INFO - Processing /home/airflow/.local/lib/python3.8/site-packages/airflow/example_dags/example_external_task_marker_dag.py took 0.130 seconds
[2023-10-18T21:07:16.678+0000] {processor.py:157} INFO - Started process (PID=95) to work on /home/airflow/.local/lib/python3.8/site-packages/airflow/example_dags/example_external_task_marker_dag.py
[2023-10-18T21:07:16.679+0000] {processor.py:829} INFO - Processing file /home/airflow/.local/lib/python3.8/site-packages/airflow/example_dags/example_external_task_marker_dag.py for tasks to queue
[2023-10-18T21:07:16.683+0000] {logging_mixin.py:151} INFO - [2023-10-18T21:07:16.682+0000] {dagbag.py:536} INFO - Filling up the DagBag from /home/airflow/.local/lib/python3.8/site-packages/airflow/example_dags/example_external_task_marker_dag.py
[2023-10-18T21:07:16.690+0000] {processor.py:839} INFO - DAG(s) dict_keys(['example_external_task_marker_parent', 'example_external_task_marker_child']) retrieved from /home/airflow/.local/lib/python3.8/site-packages/airflow/example_dags/example_external_task_marker_dag.py
[2023-10-18T21:07:16.719+0000] {logging_mixin.py:151} INFO - [2023-10-18T21:07:16.719+0000] {dag.py:2941} INFO - Sync 2 DAGs
[2023-10-18T21:07:16.733+0000] {logging_mixin.py:151} INFO - [2023-10-18T21:07:16.733+0000] {dag.py:3722} INFO - Setting next_dagrun for example_external_task_marker_child to None, run_after=None
[2023-10-18T21:07:16.737+0000] {logging_mixin.py:151} INFO - [2023-10-18T21:07:16.737+0000] {dag.py:3722} INFO - Setting next_dagrun for example_external_task_marker_parent to None, run_after=None
[2023-10-18T21:07:16.753+0000] {processor.py:179} INFO - Processing /home/airflow/.local/lib/python3.8/site-packages/airflow/example_dags/example_external_task_marker_dag.py took 0.081 seconds
[2023-10-18T21:07:46.828+0000] {processor.py:157} INFO - Started process (PID=148) to work on /home/airflow/.local/lib/python3.8/site-packages/airflow/example_dags/example_external_task_marker_dag.py
[2023-10-18T21:07:46.829+0000] {processor.py:829} INFO - Processing file /home/airflow/.local/lib/python3.8/site-packages/airflow/example_dags/example_external_task_marker_dag.py for tasks to queue
[2023-10-18T21:07:46.832+0000] {logging_mixin.py:151} INFO - [2023-10-18T21:07:46.832+0000] {dagbag.py:536} INFO - Filling up the DagBag from /home/airflow/.local/lib/python3.8/site-packages/airflow/example_dags/example_external_task_marker_dag.py
[2023-10-18T21:07:46.840+0000] {processor.py:839} INFO - DAG(s) dict_keys(['example_external_task_marker_parent', 'example_external_task_marker_child']) retrieved from /home/airflow/.local/lib/python3.8/site-packages/airflow/example_dags/example_external_task_marker_dag.py
[2023-10-18T21:07:46.867+0000] {logging_mixin.py:151} INFO - [2023-10-18T21:07:46.867+0000] {dag.py:2941} INFO - Sync 2 DAGs
[2023-10-18T21:07:46.886+0000] {logging_mixin.py:151} INFO - [2023-10-18T21:07:46.885+0000] {dag.py:3722} INFO - Setting next_dagrun for example_external_task_marker_child to None, run_after=None
[2023-10-18T21:07:46.891+0000] {logging_mixin.py:151} INFO - [2023-10-18T21:07:46.890+0000] {dag.py:3722} INFO - Setting next_dagrun for example_external_task_marker_parent to None, run_after=None
[2023-10-18T21:07:46.909+0000] {processor.py:179} INFO - Processing /home/airflow/.local/lib/python3.8/site-packages/airflow/example_dags/example_external_task_marker_dag.py took 0.086 seconds
[2023-10-18T21:08:17.095+0000] {processor.py:157} INFO - Started process (PID=201) to work on /home/airflow/.local/lib/python3.8/site-packages/airflow/example_dags/example_external_task_marker_dag.py
[2023-10-18T21:08:17.097+0000] {processor.py:829} INFO - Processing file /home/airflow/.local/lib/python3.8/site-packages/airflow/example_dags/example_external_task_marker_dag.py for tasks to queue
[2023-10-18T21:08:17.100+0000] {logging_mixin.py:151} INFO - [2023-10-18T21:08:17.100+0000] {dagbag.py:536} INFO - Filling up the DagBag from /home/airflow/.local/lib/python3.8/site-packages/airflow/example_dags/example_external_task_marker_dag.py
[2023-10-18T21:08:17.111+0000] {processor.py:839} INFO - DAG(s) dict_keys(['example_external_task_marker_child', 'example_external_task_marker_parent']) retrieved from /home/airflow/.local/lib/python3.8/site-packages/airflow/example_dags/example_external_task_marker_dag.py
[2023-10-18T21:08:17.153+0000] {logging_mixin.py:151} INFO - [2023-10-18T21:08:17.153+0000] {dag.py:2941} INFO - Sync 2 DAGs
[2023-10-18T21:08:17.173+0000] {logging_mixin.py:151} INFO - [2023-10-18T21:08:17.172+0000] {dag.py:3722} INFO - Setting next_dagrun for example_external_task_marker_child to None, run_after=None
[2023-10-18T21:08:17.177+0000] {logging_mixin.py:151} INFO - [2023-10-18T21:08:17.177+0000] {dag.py:3722} INFO - Setting next_dagrun for example_external_task_marker_parent to None, run_after=None
[2023-10-18T21:08:17.199+0000] {processor.py:179} INFO - Processing /home/airflow/.local/lib/python3.8/site-packages/airflow/example_dags/example_external_task_marker_dag.py took 0.109 seconds
[2023-10-18T21:08:47.284+0000] {processor.py:157} INFO - Started process (PID=255) to work on /home/airflow/.local/lib/python3.8/site-packages/airflow/example_dags/example_external_task_marker_dag.py
[2023-10-18T21:08:47.285+0000] {processor.py:829} INFO - Processing file /home/airflow/.local/lib/python3.8/site-packages/airflow/example_dags/example_external_task_marker_dag.py for tasks to queue
[2023-10-18T21:08:47.289+0000] {logging_mixin.py:151} INFO - [2023-10-18T21:08:47.288+0000] {dagbag.py:536} INFO - Filling up the DagBag from /home/airflow/.local/lib/python3.8/site-packages/airflow/example_dags/example_external_task_marker_dag.py
[2023-10-18T21:08:47.296+0000] {processor.py:839} INFO - DAG(s) dict_keys(['example_external_task_marker_parent', 'example_external_task_marker_child']) retrieved from /home/airflow/.local/lib/python3.8/site-packages/airflow/example_dags/example_external_task_marker_dag.py
[2023-10-18T21:08:47.324+0000] {logging_mixin.py:151} INFO - [2023-10-18T21:08:47.324+0000] {dag.py:2941} INFO - Sync 2 DAGs
[2023-10-18T21:08:47.342+0000] {logging_mixin.py:151} INFO - [2023-10-18T21:08:47.341+0000] {dag.py:3722} INFO - Setting next_dagrun for example_external_task_marker_child to None, run_after=None
[2023-10-18T21:08:47.346+0000] {logging_mixin.py:151} INFO - [2023-10-18T21:08:47.345+0000] {dag.py:3722} INFO - Setting next_dagrun for example_external_task_marker_parent to None, run_after=None
[2023-10-18T21:08:47.368+0000] {processor.py:179} INFO - Processing /home/airflow/.local/lib/python3.8/site-packages/airflow/example_dags/example_external_task_marker_dag.py took 0.090 seconds
[2023-10-18T21:09:17.579+0000] {processor.py:157} INFO - Started process (PID=308) to work on /home/airflow/.local/lib/python3.8/site-packages/airflow/example_dags/example_external_task_marker_dag.py
[2023-10-18T21:09:17.580+0000] {processor.py:829} INFO - Processing file /home/airflow/.local/lib/python3.8/site-packages/airflow/example_dags/example_external_task_marker_dag.py for tasks to queue
[2023-10-18T21:09:17.583+0000] {logging_mixin.py:151} INFO - [2023-10-18T21:09:17.582+0000] {dagbag.py:536} INFO - Filling up the DagBag from /home/airflow/.local/lib/python3.8/site-packages/airflow/example_dags/example_external_task_marker_dag.py
[2023-10-18T21:09:17.590+0000] {processor.py:839} INFO - DAG(s) dict_keys(['example_external_task_marker_parent', 'example_external_task_marker_child']) retrieved from /home/airflow/.local/lib/python3.8/site-packages/airflow/example_dags/example_external_task_marker_dag.py
[2023-10-18T21:09:17.623+0000] {logging_mixin.py:151} INFO - [2023-10-18T21:09:17.623+0000] {dag.py:2941} INFO - Sync 2 DAGs
[2023-10-18T21:09:17.640+0000] {logging_mixin.py:151} INFO - [2023-10-18T21:09:17.640+0000] {dag.py:3722} INFO - Setting next_dagrun for example_external_task_marker_child to None, run_after=None
[2023-10-18T21:09:17.644+0000] {logging_mixin.py:151} INFO - [2023-10-18T21:09:17.644+0000] {dag.py:3722} INFO - Setting next_dagrun for example_external_task_marker_parent to None, run_after=None
[2023-10-18T21:09:17.664+0000] {processor.py:179} INFO - Processing /home/airflow/.local/lib/python3.8/site-packages/airflow/example_dags/example_external_task_marker_dag.py took 0.090 seconds
[2023-10-18T21:09:47.938+0000] {processor.py:157} INFO - Started process (PID=361) to work on /home/airflow/.local/lib/python3.8/site-packages/airflow/example_dags/example_external_task_marker_dag.py
[2023-10-18T21:09:47.940+0000] {processor.py:829} INFO - Processing file /home/airflow/.local/lib/python3.8/site-packages/airflow/example_dags/example_external_task_marker_dag.py for tasks to queue
[2023-10-18T21:09:47.943+0000] {logging_mixin.py:151} INFO - [2023-10-18T21:09:47.943+0000] {dagbag.py:536} INFO - Filling up the DagBag from /home/airflow/.local/lib/python3.8/site-packages/airflow/example_dags/example_external_task_marker_dag.py
[2023-10-18T21:09:47.951+0000] {processor.py:839} INFO - DAG(s) dict_keys(['example_external_task_marker_child', 'example_external_task_marker_parent']) retrieved from /home/airflow/.local/lib/python3.8/site-packages/airflow/example_dags/example_external_task_marker_dag.py
[2023-10-18T21:09:47.986+0000] {logging_mixin.py:151} INFO - [2023-10-18T21:09:47.986+0000] {dag.py:2941} INFO - Sync 2 DAGs
[2023-10-18T21:09:48.000+0000] {logging_mixin.py:151} INFO - [2023-10-18T21:09:48.000+0000] {dag.py:3722} INFO - Setting next_dagrun for example_external_task_marker_child to None, run_after=None
[2023-10-18T21:09:48.003+0000] {logging_mixin.py:151} INFO - [2023-10-18T21:09:48.003+0000] {dag.py:3722} INFO - Setting next_dagrun for example_external_task_marker_parent to None, run_after=None
[2023-10-18T21:09:48.019+0000] {processor.py:179} INFO - Processing /home/airflow/.local/lib/python3.8/site-packages/airflow/example_dags/example_external_task_marker_dag.py took 0.086 seconds
[2023-10-18T21:10:18.226+0000] {processor.py:157} INFO - Started process (PID=414) to work on /home/airflow/.local/lib/python3.8/site-packages/airflow/example_dags/example_external_task_marker_dag.py
[2023-10-18T21:10:18.228+0000] {processor.py:829} INFO - Processing file /home/airflow/.local/lib/python3.8/site-packages/airflow/example_dags/example_external_task_marker_dag.py for tasks to queue
[2023-10-18T21:10:18.230+0000] {logging_mixin.py:151} INFO - [2023-10-18T21:10:18.230+0000] {dagbag.py:536} INFO - Filling up the DagBag from /home/airflow/.local/lib/python3.8/site-packages/airflow/example_dags/example_external_task_marker_dag.py
[2023-10-18T21:10:18.239+0000] {processor.py:839} INFO - DAG(s) dict_keys(['example_external_task_marker_child', 'example_external_task_marker_parent']) retrieved from /home/airflow/.local/lib/python3.8/site-packages/airflow/example_dags/example_external_task_marker_dag.py
[2023-10-18T21:10:18.271+0000] {logging_mixin.py:151} INFO - [2023-10-18T21:10:18.270+0000] {dag.py:2941} INFO - Sync 2 DAGs
[2023-10-18T21:10:18.290+0000] {logging_mixin.py:151} INFO - [2023-10-18T21:10:18.289+0000] {dag.py:3722} INFO - Setting next_dagrun for example_external_task_marker_child to None, run_after=None
[2023-10-18T21:10:18.293+0000] {logging_mixin.py:151} INFO - [2023-10-18T21:10:18.293+0000] {dag.py:3722} INFO - Setting next_dagrun for example_external_task_marker_parent to None, run_after=None
[2023-10-18T21:10:18.308+0000] {processor.py:179} INFO - Processing /home/airflow/.local/lib/python3.8/site-packages/airflow/example_dags/example_external_task_marker_dag.py took 0.086 seconds
[2023-10-18T21:10:48.371+0000] {processor.py:157} INFO - Started process (PID=467) to work on /home/airflow/.local/lib/python3.8/site-packages/airflow/example_dags/example_external_task_marker_dag.py
[2023-10-18T21:10:48.372+0000] {processor.py:829} INFO - Processing file /home/airflow/.local/lib/python3.8/site-packages/airflow/example_dags/example_external_task_marker_dag.py for tasks to queue
[2023-10-18T21:10:48.375+0000] {logging_mixin.py:151} INFO - [2023-10-18T21:10:48.375+0000] {dagbag.py:536} INFO - Filling up the DagBag from /home/airflow/.local/lib/python3.8/site-packages/airflow/example_dags/example_external_task_marker_dag.py
[2023-10-18T21:10:48.383+0000] {processor.py:839} INFO - DAG(s) dict_keys(['example_external_task_marker_parent', 'example_external_task_marker_child']) retrieved from /home/airflow/.local/lib/python3.8/site-packages/airflow/example_dags/example_external_task_marker_dag.py
[2023-10-18T21:10:48.416+0000] {logging_mixin.py:151} INFO - [2023-10-18T21:10:48.416+0000] {dag.py:2941} INFO - Sync 2 DAGs
[2023-10-18T21:10:48.431+0000] {logging_mixin.py:151} INFO - [2023-10-18T21:10:48.431+0000] {dag.py:3722} INFO - Setting next_dagrun for example_external_task_marker_child to None, run_after=None
[2023-10-18T21:10:48.435+0000] {logging_mixin.py:151} INFO - [2023-10-18T21:10:48.434+0000] {dag.py:3722} INFO - Setting next_dagrun for example_external_task_marker_parent to None, run_after=None
[2023-10-18T21:10:48.450+0000] {processor.py:179} INFO - Processing /home/airflow/.local/lib/python3.8/site-packages/airflow/example_dags/example_external_task_marker_dag.py took 0.084 seconds
[2023-10-18T21:11:19.006+0000] {processor.py:157} INFO - Started process (PID=520) to work on /home/airflow/.local/lib/python3.8/site-packages/airflow/example_dags/example_external_task_marker_dag.py
[2023-10-18T21:11:19.007+0000] {processor.py:829} INFO - Processing file /home/airflow/.local/lib/python3.8/site-packages/airflow/example_dags/example_external_task_marker_dag.py for tasks to queue
[2023-10-18T21:11:19.010+0000] {logging_mixin.py:151} INFO - [2023-10-18T21:11:19.009+0000] {dagbag.py:536} INFO - Filling up the DagBag from /home/airflow/.local/lib/python3.8/site-packages/airflow/example_dags/example_external_task_marker_dag.py
[2023-10-18T21:11:19.017+0000] {processor.py:839} INFO - DAG(s) dict_keys(['example_external_task_marker_child', 'example_external_task_marker_parent']) retrieved from /home/airflow/.local/lib/python3.8/site-packages/airflow/example_dags/example_external_task_marker_dag.py
[2023-10-18T21:11:19.054+0000] {logging_mixin.py:151} INFO - [2023-10-18T21:11:19.054+0000] {dag.py:2941} INFO - Sync 2 DAGs
[2023-10-18T21:11:19.070+0000] {logging_mixin.py:151} INFO - [2023-10-18T21:11:19.069+0000] {dag.py:3722} INFO - Setting next_dagrun for example_external_task_marker_child to None, run_after=None
[2023-10-18T21:11:19.073+0000] {logging_mixin.py:151} INFO - [2023-10-18T21:11:19.073+0000] {dag.py:3722} INFO - Setting next_dagrun for example_external_task_marker_parent to None, run_after=None
[2023-10-18T21:11:19.091+0000] {processor.py:179} INFO - Processing /home/airflow/.local/lib/python3.8/site-packages/airflow/example_dags/example_external_task_marker_dag.py took 0.092 seconds
[2023-10-18T21:11:49.327+0000] {processor.py:157} INFO - Started process (PID=573) to work on /home/airflow/.local/lib/python3.8/site-packages/airflow/example_dags/example_external_task_marker_dag.py
[2023-10-18T21:11:49.328+0000] {processor.py:829} INFO - Processing file /home/airflow/.local/lib/python3.8/site-packages/airflow/example_dags/example_external_task_marker_dag.py for tasks to queue
[2023-10-18T21:11:49.331+0000] {logging_mixin.py:151} INFO - [2023-10-18T21:11:49.331+0000] {dagbag.py:536} INFO - Filling up the DagBag from /home/airflow/.local/lib/python3.8/site-packages/airflow/example_dags/example_external_task_marker_dag.py
[2023-10-18T21:11:49.339+0000] {processor.py:839} INFO - DAG(s) dict_keys(['example_external_task_marker_parent', 'example_external_task_marker_child']) retrieved from /home/airflow/.local/lib/python3.8/site-packages/airflow/example_dags/example_external_task_marker_dag.py
[2023-10-18T21:11:49.369+0000] {logging_mixin.py:151} INFO - [2023-10-18T21:11:49.368+0000] {dag.py:2941} INFO - Sync 2 DAGs
[2023-10-18T21:11:49.387+0000] {logging_mixin.py:151} INFO - [2023-10-18T21:11:49.387+0000] {dag.py:3722} INFO - Setting next_dagrun for example_external_task_marker_child to None, run_after=None
[2023-10-18T21:11:49.394+0000] {logging_mixin.py:151} INFO - [2023-10-18T21:11:49.394+0000] {dag.py:3722} INFO - Setting next_dagrun for example_external_task_marker_parent to None, run_after=None
[2023-10-18T21:11:49.412+0000] {processor.py:179} INFO - Processing /home/airflow/.local/lib/python3.8/site-packages/airflow/example_dags/example_external_task_marker_dag.py took 0.089 seconds
[2023-10-18T21:12:19.700+0000] {processor.py:157} INFO - Started process (PID=627) to work on /home/airflow/.local/lib/python3.8/site-packages/airflow/example_dags/example_external_task_marker_dag.py
[2023-10-18T21:12:19.702+0000] {processor.py:829} INFO - Processing file /home/airflow/.local/lib/python3.8/site-packages/airflow/example_dags/example_external_task_marker_dag.py for tasks to queue
[2023-10-18T21:12:19.704+0000] {logging_mixin.py:151} INFO - [2023-10-18T21:12:19.704+0000] {dagbag.py:536} INFO - Filling up the DagBag from /home/airflow/.local/lib/python3.8/site-packages/airflow/example_dags/example_external_task_marker_dag.py
[2023-10-18T21:12:19.711+0000] {processor.py:839} INFO - DAG(s) dict_keys(['example_external_task_marker_child', 'example_external_task_marker_parent']) retrieved from /home/airflow/.local/lib/python3.8/site-packages/airflow/example_dags/example_external_task_marker_dag.py
[2023-10-18T21:12:19.739+0000] {logging_mixin.py:151} INFO - [2023-10-18T21:12:19.738+0000] {dag.py:2941} INFO - Sync 2 DAGs
[2023-10-18T21:12:19.756+0000] {logging_mixin.py:151} INFO - [2023-10-18T21:12:19.756+0000] {dag.py:3722} INFO - Setting next_dagrun for example_external_task_marker_child to None, run_after=None
[2023-10-18T21:12:19.760+0000] {logging_mixin.py:151} INFO - [2023-10-18T21:12:19.760+0000] {dag.py:3722} INFO - Setting next_dagrun for example_external_task_marker_parent to None, run_after=None
[2023-10-18T21:12:19.778+0000] {processor.py:179} INFO - Processing /home/airflow/.local/lib/python3.8/site-packages/airflow/example_dags/example_external_task_marker_dag.py took 0.082 seconds
[2023-10-18T21:12:50.223+0000] {processor.py:157} INFO - Started process (PID=680) to work on /home/airflow/.local/lib/python3.8/site-packages/airflow/example_dags/example_external_task_marker_dag.py
[2023-10-18T21:12:50.225+0000] {processor.py:829} INFO - Processing file /home/airflow/.local/lib/python3.8/site-packages/airflow/example_dags/example_external_task_marker_dag.py for tasks to queue
[2023-10-18T21:12:50.228+0000] {logging_mixin.py:151} INFO - [2023-10-18T21:12:50.228+0000] {dagbag.py:536} INFO - Filling up the DagBag from /home/airflow/.local/lib/python3.8/site-packages/airflow/example_dags/example_external_task_marker_dag.py
[2023-10-18T21:12:50.238+0000] {processor.py:839} INFO - DAG(s) dict_keys(['example_external_task_marker_child', 'example_external_task_marker_parent']) retrieved from /home/airflow/.local/lib/python3.8/site-packages/airflow/example_dags/example_external_task_marker_dag.py
[2023-10-18T21:12:50.271+0000] {logging_mixin.py:151} INFO - [2023-10-18T21:12:50.270+0000] {dag.py:2941} INFO - Sync 2 DAGs
[2023-10-18T21:12:50.288+0000] {logging_mixin.py:151} INFO - [2023-10-18T21:12:50.288+0000] {dag.py:3722} INFO - Setting next_dagrun for example_external_task_marker_child to None, run_after=None
[2023-10-18T21:12:50.293+0000] {logging_mixin.py:151} INFO - [2023-10-18T21:12:50.293+0000] {dag.py:3722} INFO - Setting next_dagrun for example_external_task_marker_parent to None, run_after=None
[2023-10-18T21:12:50.314+0000] {processor.py:179} INFO - Processing /home/airflow/.local/lib/python3.8/site-packages/airflow/example_dags/example_external_task_marker_dag.py took 0.098 seconds
[2023-10-18T21:15:08.567+0000] {processor.py:157} INFO - Started process (PID=41) to work on /home/airflow/.local/lib/python3.8/site-packages/airflow/example_dags/example_external_task_marker_dag.py
[2023-10-18T21:15:08.569+0000] {processor.py:829} INFO - Processing file /home/airflow/.local/lib/python3.8/site-packages/airflow/example_dags/example_external_task_marker_dag.py for tasks to queue
[2023-10-18T21:15:08.571+0000] {logging_mixin.py:151} INFO - [2023-10-18T21:15:08.571+0000] {dagbag.py:536} INFO - Filling up the DagBag from /home/airflow/.local/lib/python3.8/site-packages/airflow/example_dags/example_external_task_marker_dag.py
[2023-10-18T21:15:08.582+0000] {processor.py:839} INFO - DAG(s) dict_keys(['example_external_task_marker_parent', 'example_external_task_marker_child']) retrieved from /home/airflow/.local/lib/python3.8/site-packages/airflow/example_dags/example_external_task_marker_dag.py
[2023-10-18T21:15:08.608+0000] {logging_mixin.py:151} INFO - [2023-10-18T21:15:08.607+0000] {dag.py:2941} INFO - Sync 2 DAGs
[2023-10-18T21:15:08.624+0000] {logging_mixin.py:151} INFO - [2023-10-18T21:15:08.624+0000] {dag.py:3722} INFO - Setting next_dagrun for example_external_task_marker_child to None, run_after=None
[2023-10-18T21:15:08.628+0000] {logging_mixin.py:151} INFO - [2023-10-18T21:15:08.627+0000] {dag.py:3722} INFO - Setting next_dagrun for example_external_task_marker_parent to None, run_after=None
[2023-10-18T21:15:08.643+0000] {processor.py:179} INFO - Processing /home/airflow/.local/lib/python3.8/site-packages/airflow/example_dags/example_external_task_marker_dag.py took 0.083 seconds
[2023-10-18T21:15:38.990+0000] {processor.py:157} INFO - Started process (PID=93) to work on /home/airflow/.local/lib/python3.8/site-packages/airflow/example_dags/example_external_task_marker_dag.py
[2023-10-18T21:15:38.991+0000] {processor.py:829} INFO - Processing file /home/airflow/.local/lib/python3.8/site-packages/airflow/example_dags/example_external_task_marker_dag.py for tasks to queue
[2023-10-18T21:15:38.994+0000] {logging_mixin.py:151} INFO - [2023-10-18T21:15:38.994+0000] {dagbag.py:536} INFO - Filling up the DagBag from /home/airflow/.local/lib/python3.8/site-packages/airflow/example_dags/example_external_task_marker_dag.py
[2023-10-18T21:15:39.001+0000] {processor.py:839} INFO - DAG(s) dict_keys(['example_external_task_marker_child', 'example_external_task_marker_parent']) retrieved from /home/airflow/.local/lib/python3.8/site-packages/airflow/example_dags/example_external_task_marker_dag.py
[2023-10-18T21:15:39.030+0000] {logging_mixin.py:151} INFO - [2023-10-18T21:15:39.030+0000] {dag.py:2941} INFO - Sync 2 DAGs
[2023-10-18T21:15:39.044+0000] {logging_mixin.py:151} INFO - [2023-10-18T21:15:39.043+0000] {dag.py:3722} INFO - Setting next_dagrun for example_external_task_marker_child to None, run_after=None
[2023-10-18T21:15:39.048+0000] {logging_mixin.py:151} INFO - [2023-10-18T21:15:39.048+0000] {dag.py:3722} INFO - Setting next_dagrun for example_external_task_marker_parent to None, run_after=None
[2023-10-18T21:15:39.063+0000] {processor.py:179} INFO - Processing /home/airflow/.local/lib/python3.8/site-packages/airflow/example_dags/example_external_task_marker_dag.py took 0.076 seconds
[2023-10-18T21:16:09.282+0000] {processor.py:157} INFO - Started process (PID=147) to work on /home/airflow/.local/lib/python3.8/site-packages/airflow/example_dags/example_external_task_marker_dag.py
[2023-10-18T21:16:09.283+0000] {processor.py:829} INFO - Processing file /home/airflow/.local/lib/python3.8/site-packages/airflow/example_dags/example_external_task_marker_dag.py for tasks to queue
[2023-10-18T21:16:09.286+0000] {logging_mixin.py:151} INFO - [2023-10-18T21:16:09.285+0000] {dagbag.py:536} INFO - Filling up the DagBag from /home/airflow/.local/lib/python3.8/site-packages/airflow/example_dags/example_external_task_marker_dag.py
[2023-10-18T21:16:09.293+0000] {processor.py:839} INFO - DAG(s) dict_keys(['example_external_task_marker_parent', 'example_external_task_marker_child']) retrieved from /home/airflow/.local/lib/python3.8/site-packages/airflow/example_dags/example_external_task_marker_dag.py
[2023-10-18T21:16:09.320+0000] {logging_mixin.py:151} INFO - [2023-10-18T21:16:09.319+0000] {dag.py:2941} INFO - Sync 2 DAGs
[2023-10-18T21:16:09.334+0000] {logging_mixin.py:151} INFO - [2023-10-18T21:16:09.333+0000] {dag.py:3722} INFO - Setting next_dagrun for example_external_task_marker_child to None, run_after=None
[2023-10-18T21:16:09.337+0000] {logging_mixin.py:151} INFO - [2023-10-18T21:16:09.337+0000] {dag.py:3722} INFO - Setting next_dagrun for example_external_task_marker_parent to None, run_after=None
[2023-10-18T21:16:09.352+0000] {processor.py:179} INFO - Processing /home/airflow/.local/lib/python3.8/site-packages/airflow/example_dags/example_external_task_marker_dag.py took 0.075 seconds
[2023-10-18T21:16:39.689+0000] {processor.py:157} INFO - Started process (PID=200) to work on /home/airflow/.local/lib/python3.8/site-packages/airflow/example_dags/example_external_task_marker_dag.py
[2023-10-18T21:16:39.691+0000] {processor.py:829} INFO - Processing file /home/airflow/.local/lib/python3.8/site-packages/airflow/example_dags/example_external_task_marker_dag.py for tasks to queue
[2023-10-18T21:16:39.693+0000] {logging_mixin.py:151} INFO - [2023-10-18T21:16:39.693+0000] {dagbag.py:536} INFO - Filling up the DagBag from /home/airflow/.local/lib/python3.8/site-packages/airflow/example_dags/example_external_task_marker_dag.py
[2023-10-18T21:16:39.700+0000] {processor.py:839} INFO - DAG(s) dict_keys(['example_external_task_marker_parent', 'example_external_task_marker_child']) retrieved from /home/airflow/.local/lib/python3.8/site-packages/airflow/example_dags/example_external_task_marker_dag.py
[2023-10-18T21:16:39.727+0000] {logging_mixin.py:151} INFO - [2023-10-18T21:16:39.727+0000] {dag.py:2941} INFO - Sync 2 DAGs
[2023-10-18T21:16:39.743+0000] {logging_mixin.py:151} INFO - [2023-10-18T21:16:39.743+0000] {dag.py:3722} INFO - Setting next_dagrun for example_external_task_marker_child to None, run_after=None
[2023-10-18T21:16:39.747+0000] {logging_mixin.py:151} INFO - [2023-10-18T21:16:39.747+0000] {dag.py:3722} INFO - Setting next_dagrun for example_external_task_marker_parent to None, run_after=None
[2023-10-18T21:16:39.763+0000] {processor.py:179} INFO - Processing /home/airflow/.local/lib/python3.8/site-packages/airflow/example_dags/example_external_task_marker_dag.py took 0.078 seconds
[2023-10-18T21:17:09.968+0000] {processor.py:157} INFO - Started process (PID=254) to work on /home/airflow/.local/lib/python3.8/site-packages/airflow/example_dags/example_external_task_marker_dag.py
[2023-10-18T21:17:09.969+0000] {processor.py:829} INFO - Processing file /home/airflow/.local/lib/python3.8/site-packages/airflow/example_dags/example_external_task_marker_dag.py for tasks to queue
[2023-10-18T21:17:09.972+0000] {logging_mixin.py:151} INFO - [2023-10-18T21:17:09.971+0000] {dagbag.py:536} INFO - Filling up the DagBag from /home/airflow/.local/lib/python3.8/site-packages/airflow/example_dags/example_external_task_marker_dag.py
[2023-10-18T21:17:09.979+0000] {processor.py:839} INFO - DAG(s) dict_keys(['example_external_task_marker_child', 'example_external_task_marker_parent']) retrieved from /home/airflow/.local/lib/python3.8/site-packages/airflow/example_dags/example_external_task_marker_dag.py
[2023-10-18T21:17:10.012+0000] {logging_mixin.py:151} INFO - [2023-10-18T21:17:10.012+0000] {dag.py:2941} INFO - Sync 2 DAGs
[2023-10-18T21:17:10.030+0000] {logging_mixin.py:151} INFO - [2023-10-18T21:17:10.030+0000] {dag.py:3722} INFO - Setting next_dagrun for example_external_task_marker_child to None, run_after=None
[2023-10-18T21:17:10.035+0000] {logging_mixin.py:151} INFO - [2023-10-18T21:17:10.035+0000] {dag.py:3722} INFO - Setting next_dagrun for example_external_task_marker_parent to None, run_after=None
[2023-10-18T21:17:10.055+0000] {processor.py:179} INFO - Processing /home/airflow/.local/lib/python3.8/site-packages/airflow/example_dags/example_external_task_marker_dag.py took 0.092 seconds
[2023-10-18T21:17:40.134+0000] {processor.py:157} INFO - Started process (PID=307) to work on /home/airflow/.local/lib/python3.8/site-packages/airflow/example_dags/example_external_task_marker_dag.py
[2023-10-18T21:17:40.135+0000] {processor.py:829} INFO - Processing file /home/airflow/.local/lib/python3.8/site-packages/airflow/example_dags/example_external_task_marker_dag.py for tasks to queue
[2023-10-18T21:17:40.137+0000] {logging_mixin.py:151} INFO - [2023-10-18T21:17:40.137+0000] {dagbag.py:536} INFO - Filling up the DagBag from /home/airflow/.local/lib/python3.8/site-packages/airflow/example_dags/example_external_task_marker_dag.py
[2023-10-18T21:17:40.144+0000] {processor.py:839} INFO - DAG(s) dict_keys(['example_external_task_marker_child', 'example_external_task_marker_parent']) retrieved from /home/airflow/.local/lib/python3.8/site-packages/airflow/example_dags/example_external_task_marker_dag.py
[2023-10-18T21:17:40.158+0000] {logging_mixin.py:151} INFO - [2023-10-18T21:17:40.158+0000] {dag.py:2941} INFO - Sync 2 DAGs
[2023-10-18T21:17:40.174+0000] {logging_mixin.py:151} INFO - [2023-10-18T21:17:40.174+0000] {dag.py:3722} INFO - Setting next_dagrun for example_external_task_marker_child to None, run_after=None
[2023-10-18T21:17:40.177+0000] {logging_mixin.py:151} INFO - [2023-10-18T21:17:40.177+0000] {dag.py:3722} INFO - Setting next_dagrun for example_external_task_marker_parent to None, run_after=None
[2023-10-18T21:17:40.192+0000] {processor.py:179} INFO - Processing /home/airflow/.local/lib/python3.8/site-packages/airflow/example_dags/example_external_task_marker_dag.py took 0.063 seconds
[2023-10-18T21:18:10.851+0000] {processor.py:157} INFO - Started process (PID=360) to work on /home/airflow/.local/lib/python3.8/site-packages/airflow/example_dags/example_external_task_marker_dag.py
[2023-10-18T21:18:10.855+0000] {processor.py:829} INFO - Processing file /home/airflow/.local/lib/python3.8/site-packages/airflow/example_dags/example_external_task_marker_dag.py for tasks to queue
[2023-10-18T21:18:10.858+0000] {logging_mixin.py:151} INFO - [2023-10-18T21:18:10.857+0000] {dagbag.py:536} INFO - Filling up the DagBag from /home/airflow/.local/lib/python3.8/site-packages/airflow/example_dags/example_external_task_marker_dag.py
[2023-10-18T21:18:10.867+0000] {processor.py:839} INFO - DAG(s) dict_keys(['example_external_task_marker_parent', 'example_external_task_marker_child']) retrieved from /home/airflow/.local/lib/python3.8/site-packages/airflow/example_dags/example_external_task_marker_dag.py
[2023-10-18T21:18:10.905+0000] {logging_mixin.py:151} INFO - [2023-10-18T21:18:10.904+0000] {dag.py:2941} INFO - Sync 2 DAGs
[2023-10-18T21:18:10.925+0000] {logging_mixin.py:151} INFO - [2023-10-18T21:18:10.924+0000] {dag.py:3722} INFO - Setting next_dagrun for example_external_task_marker_child to None, run_after=None
[2023-10-18T21:18:10.929+0000] {logging_mixin.py:151} INFO - [2023-10-18T21:18:10.929+0000] {dag.py:3722} INFO - Setting next_dagrun for example_external_task_marker_parent to None, run_after=None
[2023-10-18T21:18:10.947+0000] {processor.py:179} INFO - Processing /home/airflow/.local/lib/python3.8/site-packages/airflow/example_dags/example_external_task_marker_dag.py took 0.101 seconds
[2023-10-18T21:18:41.035+0000] {processor.py:157} INFO - Started process (PID=413) to work on /home/airflow/.local/lib/python3.8/site-packages/airflow/example_dags/example_external_task_marker_dag.py
[2023-10-18T21:18:41.039+0000] {processor.py:829} INFO - Processing file /home/airflow/.local/lib/python3.8/site-packages/airflow/example_dags/example_external_task_marker_dag.py for tasks to queue
[2023-10-18T21:18:41.041+0000] {logging_mixin.py:151} INFO - [2023-10-18T21:18:41.041+0000] {dagbag.py:536} INFO - Filling up the DagBag from /home/airflow/.local/lib/python3.8/site-packages/airflow/example_dags/example_external_task_marker_dag.py
[2023-10-18T21:18:41.048+0000] {processor.py:839} INFO - DAG(s) dict_keys(['example_external_task_marker_parent', 'example_external_task_marker_child']) retrieved from /home/airflow/.local/lib/python3.8/site-packages/airflow/example_dags/example_external_task_marker_dag.py
[2023-10-18T21:18:41.073+0000] {logging_mixin.py:151} INFO - [2023-10-18T21:18:41.073+0000] {dag.py:2941} INFO - Sync 2 DAGs
[2023-10-18T21:18:41.087+0000] {logging_mixin.py:151} INFO - [2023-10-18T21:18:41.087+0000] {dag.py:3722} INFO - Setting next_dagrun for example_external_task_marker_child to None, run_after=None
[2023-10-18T21:18:41.091+0000] {logging_mixin.py:151} INFO - [2023-10-18T21:18:41.091+0000] {dag.py:3722} INFO - Setting next_dagrun for example_external_task_marker_parent to None, run_after=None
[2023-10-18T21:18:41.108+0000] {processor.py:179} INFO - Processing /home/airflow/.local/lib/python3.8/site-packages/airflow/example_dags/example_external_task_marker_dag.py took 0.077 seconds
[2023-10-18T21:19:11.373+0000] {processor.py:157} INFO - Started process (PID=466) to work on /home/airflow/.local/lib/python3.8/site-packages/airflow/example_dags/example_external_task_marker_dag.py
[2023-10-18T21:19:11.374+0000] {processor.py:829} INFO - Processing file /home/airflow/.local/lib/python3.8/site-packages/airflow/example_dags/example_external_task_marker_dag.py for tasks to queue
[2023-10-18T21:19:11.377+0000] {logging_mixin.py:151} INFO - [2023-10-18T21:19:11.377+0000] {dagbag.py:536} INFO - Filling up the DagBag from /home/airflow/.local/lib/python3.8/site-packages/airflow/example_dags/example_external_task_marker_dag.py
[2023-10-18T21:19:11.385+0000] {processor.py:839} INFO - DAG(s) dict_keys(['example_external_task_marker_child', 'example_external_task_marker_parent']) retrieved from /home/airflow/.local/lib/python3.8/site-packages/airflow/example_dags/example_external_task_marker_dag.py
[2023-10-18T21:19:11.410+0000] {logging_mixin.py:151} INFO - [2023-10-18T21:19:11.410+0000] {dag.py:2941} INFO - Sync 2 DAGs
[2023-10-18T21:19:11.424+0000] {logging_mixin.py:151} INFO - [2023-10-18T21:19:11.424+0000] {dag.py:3722} INFO - Setting next_dagrun for example_external_task_marker_child to None, run_after=None
[2023-10-18T21:19:11.427+0000] {logging_mixin.py:151} INFO - [2023-10-18T21:19:11.427+0000] {dag.py:3722} INFO - Setting next_dagrun for example_external_task_marker_parent to None, run_after=None
[2023-10-18T21:19:11.442+0000] {processor.py:179} INFO - Processing /home/airflow/.local/lib/python3.8/site-packages/airflow/example_dags/example_external_task_marker_dag.py took 0.075 seconds
[2023-10-18T21:19:41.875+0000] {processor.py:157} INFO - Started process (PID=519) to work on /home/airflow/.local/lib/python3.8/site-packages/airflow/example_dags/example_external_task_marker_dag.py
[2023-10-18T21:19:41.877+0000] {processor.py:829} INFO - Processing file /home/airflow/.local/lib/python3.8/site-packages/airflow/example_dags/example_external_task_marker_dag.py for tasks to queue
[2023-10-18T21:19:41.880+0000] {logging_mixin.py:151} INFO - [2023-10-18T21:19:41.879+0000] {dagbag.py:536} INFO - Filling up the DagBag from /home/airflow/.local/lib/python3.8/site-packages/airflow/example_dags/example_external_task_marker_dag.py
[2023-10-18T21:19:41.887+0000] {processor.py:839} INFO - DAG(s) dict_keys(['example_external_task_marker_parent', 'example_external_task_marker_child']) retrieved from /home/airflow/.local/lib/python3.8/site-packages/airflow/example_dags/example_external_task_marker_dag.py
[2023-10-18T21:19:41.918+0000] {logging_mixin.py:151} INFO - [2023-10-18T21:19:41.918+0000] {dag.py:2941} INFO - Sync 2 DAGs
[2023-10-18T21:19:41.937+0000] {logging_mixin.py:151} INFO - [2023-10-18T21:19:41.937+0000] {dag.py:3722} INFO - Setting next_dagrun for example_external_task_marker_child to None, run_after=None
[2023-10-18T21:19:41.941+0000] {logging_mixin.py:151} INFO - [2023-10-18T21:19:41.941+0000] {dag.py:3722} INFO - Setting next_dagrun for example_external_task_marker_parent to None, run_after=None
[2023-10-18T21:19:41.959+0000] {processor.py:179} INFO - Processing /home/airflow/.local/lib/python3.8/site-packages/airflow/example_dags/example_external_task_marker_dag.py took 0.090 seconds
[2023-10-18T21:20:12.165+0000] {processor.py:157} INFO - Started process (PID=572) to work on /home/airflow/.local/lib/python3.8/site-packages/airflow/example_dags/example_external_task_marker_dag.py
[2023-10-18T21:20:12.167+0000] {processor.py:829} INFO - Processing file /home/airflow/.local/lib/python3.8/site-packages/airflow/example_dags/example_external_task_marker_dag.py for tasks to queue
[2023-10-18T21:20:12.169+0000] {logging_mixin.py:151} INFO - [2023-10-18T21:20:12.169+0000] {dagbag.py:536} INFO - Filling up the DagBag from /home/airflow/.local/lib/python3.8/site-packages/airflow/example_dags/example_external_task_marker_dag.py
[2023-10-18T21:20:12.177+0000] {processor.py:839} INFO - DAG(s) dict_keys(['example_external_task_marker_parent', 'example_external_task_marker_child']) retrieved from /home/airflow/.local/lib/python3.8/site-packages/airflow/example_dags/example_external_task_marker_dag.py
[2023-10-18T21:20:12.205+0000] {logging_mixin.py:151} INFO - [2023-10-18T21:20:12.205+0000] {dag.py:2941} INFO - Sync 2 DAGs
[2023-10-18T21:20:12.219+0000] {logging_mixin.py:151} INFO - [2023-10-18T21:20:12.219+0000] {dag.py:3722} INFO - Setting next_dagrun for example_external_task_marker_child to None, run_after=None
[2023-10-18T21:20:12.222+0000] {logging_mixin.py:151} INFO - [2023-10-18T21:20:12.222+0000] {dag.py:3722} INFO - Setting next_dagrun for example_external_task_marker_parent to None, run_after=None
[2023-10-18T21:20:12.237+0000] {processor.py:179} INFO - Processing /home/airflow/.local/lib/python3.8/site-packages/airflow/example_dags/example_external_task_marker_dag.py took 0.079 seconds
[2023-10-18T21:20:42.330+0000] {processor.py:157} INFO - Started process (PID=625) to work on /home/airflow/.local/lib/python3.8/site-packages/airflow/example_dags/example_external_task_marker_dag.py
[2023-10-18T21:20:42.332+0000] {processor.py:829} INFO - Processing file /home/airflow/.local/lib/python3.8/site-packages/airflow/example_dags/example_external_task_marker_dag.py for tasks to queue
[2023-10-18T21:20:42.334+0000] {logging_mixin.py:151} INFO - [2023-10-18T21:20:42.334+0000] {dagbag.py:536} INFO - Filling up the DagBag from /home/airflow/.local/lib/python3.8/site-packages/airflow/example_dags/example_external_task_marker_dag.py
[2023-10-18T21:20:42.341+0000] {processor.py:839} INFO - DAG(s) dict_keys(['example_external_task_marker_child', 'example_external_task_marker_parent']) retrieved from /home/airflow/.local/lib/python3.8/site-packages/airflow/example_dags/example_external_task_marker_dag.py
[2023-10-18T21:20:42.369+0000] {logging_mixin.py:151} INFO - [2023-10-18T21:20:42.368+0000] {dag.py:2941} INFO - Sync 2 DAGs
[2023-10-18T21:20:42.383+0000] {logging_mixin.py:151} INFO - [2023-10-18T21:20:42.383+0000] {dag.py:3722} INFO - Setting next_dagrun for example_external_task_marker_child to None, run_after=None
[2023-10-18T21:20:42.387+0000] {logging_mixin.py:151} INFO - [2023-10-18T21:20:42.386+0000] {dag.py:3722} INFO - Setting next_dagrun for example_external_task_marker_parent to None, run_after=None
[2023-10-18T21:20:42.402+0000] {processor.py:179} INFO - Processing /home/airflow/.local/lib/python3.8/site-packages/airflow/example_dags/example_external_task_marker_dag.py took 0.076 seconds
[2023-10-18T21:21:12.666+0000] {processor.py:157} INFO - Started process (PID=678) to work on /home/airflow/.local/lib/python3.8/site-packages/airflow/example_dags/example_external_task_marker_dag.py
[2023-10-18T21:21:12.667+0000] {processor.py:829} INFO - Processing file /home/airflow/.local/lib/python3.8/site-packages/airflow/example_dags/example_external_task_marker_dag.py for tasks to queue
[2023-10-18T21:21:12.670+0000] {logging_mixin.py:151} INFO - [2023-10-18T21:21:12.670+0000] {dagbag.py:536} INFO - Filling up the DagBag from /home/airflow/.local/lib/python3.8/site-packages/airflow/example_dags/example_external_task_marker_dag.py
[2023-10-18T21:21:12.677+0000] {processor.py:839} INFO - DAG(s) dict_keys(['example_external_task_marker_child', 'example_external_task_marker_parent']) retrieved from /home/airflow/.local/lib/python3.8/site-packages/airflow/example_dags/example_external_task_marker_dag.py
[2023-10-18T21:21:12.703+0000] {logging_mixin.py:151} INFO - [2023-10-18T21:21:12.703+0000] {dag.py:2941} INFO - Sync 2 DAGs
[2023-10-18T21:21:12.717+0000] {logging_mixin.py:151} INFO - [2023-10-18T21:21:12.717+0000] {dag.py:3722} INFO - Setting next_dagrun for example_external_task_marker_child to None, run_after=None
[2023-10-18T21:21:12.720+0000] {logging_mixin.py:151} INFO - [2023-10-18T21:21:12.720+0000] {dag.py:3722} INFO - Setting next_dagrun for example_external_task_marker_parent to None, run_after=None
[2023-10-18T21:21:12.737+0000] {processor.py:179} INFO - Processing /home/airflow/.local/lib/python3.8/site-packages/airflow/example_dags/example_external_task_marker_dag.py took 0.078 seconds
[2023-10-18T21:21:43.219+0000] {processor.py:157} INFO - Started process (PID=732) to work on /home/airflow/.local/lib/python3.8/site-packages/airflow/example_dags/example_external_task_marker_dag.py
[2023-10-18T21:21:43.221+0000] {processor.py:829} INFO - Processing file /home/airflow/.local/lib/python3.8/site-packages/airflow/example_dags/example_external_task_marker_dag.py for tasks to queue
[2023-10-18T21:21:43.223+0000] {logging_mixin.py:151} INFO - [2023-10-18T21:21:43.223+0000] {dagbag.py:536} INFO - Filling up the DagBag from /home/airflow/.local/lib/python3.8/site-packages/airflow/example_dags/example_external_task_marker_dag.py
[2023-10-18T21:21:43.230+0000] {processor.py:839} INFO - DAG(s) dict_keys(['example_external_task_marker_child', 'example_external_task_marker_parent']) retrieved from /home/airflow/.local/lib/python3.8/site-packages/airflow/example_dags/example_external_task_marker_dag.py
[2023-10-18T21:21:43.259+0000] {logging_mixin.py:151} INFO - [2023-10-18T21:21:43.259+0000] {dag.py:2941} INFO - Sync 2 DAGs
[2023-10-18T21:21:43.275+0000] {logging_mixin.py:151} INFO - [2023-10-18T21:21:43.275+0000] {dag.py:3722} INFO - Setting next_dagrun for example_external_task_marker_child to None, run_after=None
[2023-10-18T21:21:43.279+0000] {logging_mixin.py:151} INFO - [2023-10-18T21:21:43.279+0000] {dag.py:3722} INFO - Setting next_dagrun for example_external_task_marker_parent to None, run_after=None
[2023-10-18T21:21:43.296+0000] {processor.py:179} INFO - Processing /home/airflow/.local/lib/python3.8/site-packages/airflow/example_dags/example_external_task_marker_dag.py took 0.084 seconds
[2023-10-18T21:22:13.622+0000] {processor.py:157} INFO - Started process (PID=786) to work on /home/airflow/.local/lib/python3.8/site-packages/airflow/example_dags/example_external_task_marker_dag.py
[2023-10-18T21:22:13.624+0000] {processor.py:829} INFO - Processing file /home/airflow/.local/lib/python3.8/site-packages/airflow/example_dags/example_external_task_marker_dag.py for tasks to queue
[2023-10-18T21:22:13.626+0000] {logging_mixin.py:151} INFO - [2023-10-18T21:22:13.626+0000] {dagbag.py:536} INFO - Filling up the DagBag from /home/airflow/.local/lib/python3.8/site-packages/airflow/example_dags/example_external_task_marker_dag.py
[2023-10-18T21:22:13.636+0000] {processor.py:839} INFO - DAG(s) dict_keys(['example_external_task_marker_child', 'example_external_task_marker_parent']) retrieved from /home/airflow/.local/lib/python3.8/site-packages/airflow/example_dags/example_external_task_marker_dag.py
[2023-10-18T21:22:13.672+0000] {logging_mixin.py:151} INFO - [2023-10-18T21:22:13.671+0000] {dag.py:2941} INFO - Sync 2 DAGs
[2023-10-18T21:22:13.688+0000] {logging_mixin.py:151} INFO - [2023-10-18T21:22:13.688+0000] {dag.py:3722} INFO - Setting next_dagrun for example_external_task_marker_child to None, run_after=None
[2023-10-18T21:22:13.692+0000] {logging_mixin.py:151} INFO - [2023-10-18T21:22:13.691+0000] {dag.py:3722} INFO - Setting next_dagrun for example_external_task_marker_parent to None, run_after=None
[2023-10-18T21:22:13.711+0000] {processor.py:179} INFO - Processing /home/airflow/.local/lib/python3.8/site-packages/airflow/example_dags/example_external_task_marker_dag.py took 0.094 seconds
[2023-10-18T21:23:47.517+0000] {processor.py:157} INFO - Started process (PID=42) to work on /home/airflow/.local/lib/python3.8/site-packages/airflow/example_dags/example_external_task_marker_dag.py
[2023-10-18T21:23:47.518+0000] {processor.py:829} INFO - Processing file /home/airflow/.local/lib/python3.8/site-packages/airflow/example_dags/example_external_task_marker_dag.py for tasks to queue
[2023-10-18T21:23:47.521+0000] {logging_mixin.py:151} INFO - [2023-10-18T21:23:47.520+0000] {dagbag.py:536} INFO - Filling up the DagBag from /home/airflow/.local/lib/python3.8/site-packages/airflow/example_dags/example_external_task_marker_dag.py
[2023-10-18T21:23:47.531+0000] {processor.py:839} INFO - DAG(s) dict_keys(['example_external_task_marker_parent', 'example_external_task_marker_child']) retrieved from /home/airflow/.local/lib/python3.8/site-packages/airflow/example_dags/example_external_task_marker_dag.py
[2023-10-18T21:23:47.546+0000] {logging_mixin.py:151} INFO - [2023-10-18T21:23:47.546+0000] {dag.py:2941} INFO - Sync 2 DAGs
[2023-10-18T21:23:47.562+0000] {logging_mixin.py:151} INFO - [2023-10-18T21:23:47.562+0000] {dag.py:3722} INFO - Setting next_dagrun for example_external_task_marker_child to None, run_after=None
[2023-10-18T21:23:47.566+0000] {logging_mixin.py:151} INFO - [2023-10-18T21:23:47.565+0000] {dag.py:3722} INFO - Setting next_dagrun for example_external_task_marker_parent to None, run_after=None
[2023-10-18T21:23:47.586+0000] {processor.py:179} INFO - Processing /home/airflow/.local/lib/python3.8/site-packages/airflow/example_dags/example_external_task_marker_dag.py took 0.075 seconds
[2023-10-18T21:24:17.741+0000] {processor.py:157} INFO - Started process (PID=95) to work on /home/airflow/.local/lib/python3.8/site-packages/airflow/example_dags/example_external_task_marker_dag.py
[2023-10-18T21:24:17.743+0000] {processor.py:829} INFO - Processing file /home/airflow/.local/lib/python3.8/site-packages/airflow/example_dags/example_external_task_marker_dag.py for tasks to queue
[2023-10-18T21:24:17.746+0000] {logging_mixin.py:151} INFO - [2023-10-18T21:24:17.746+0000] {dagbag.py:536} INFO - Filling up the DagBag from /home/airflow/.local/lib/python3.8/site-packages/airflow/example_dags/example_external_task_marker_dag.py
[2023-10-18T21:24:17.753+0000] {processor.py:839} INFO - DAG(s) dict_keys(['example_external_task_marker_child', 'example_external_task_marker_parent']) retrieved from /home/airflow/.local/lib/python3.8/site-packages/airflow/example_dags/example_external_task_marker_dag.py
[2023-10-18T21:24:17.782+0000] {logging_mixin.py:151} INFO - [2023-10-18T21:24:17.782+0000] {dag.py:2941} INFO - Sync 2 DAGs
[2023-10-18T21:24:17.800+0000] {logging_mixin.py:151} INFO - [2023-10-18T21:24:17.799+0000] {dag.py:3722} INFO - Setting next_dagrun for example_external_task_marker_child to None, run_after=None
[2023-10-18T21:24:17.803+0000] {logging_mixin.py:151} INFO - [2023-10-18T21:24:17.803+0000] {dag.py:3722} INFO - Setting next_dagrun for example_external_task_marker_parent to None, run_after=None
[2023-10-18T21:24:17.822+0000] {processor.py:179} INFO - Processing /home/airflow/.local/lib/python3.8/site-packages/airflow/example_dags/example_external_task_marker_dag.py took 0.086 seconds
[2023-10-18T21:24:48.195+0000] {processor.py:157} INFO - Started process (PID=148) to work on /home/airflow/.local/lib/python3.8/site-packages/airflow/example_dags/example_external_task_marker_dag.py
[2023-10-18T21:24:48.197+0000] {processor.py:829} INFO - Processing file /home/airflow/.local/lib/python3.8/site-packages/airflow/example_dags/example_external_task_marker_dag.py for tasks to queue
[2023-10-18T21:24:48.200+0000] {logging_mixin.py:151} INFO - [2023-10-18T21:24:48.200+0000] {dagbag.py:536} INFO - Filling up the DagBag from /home/airflow/.local/lib/python3.8/site-packages/airflow/example_dags/example_external_task_marker_dag.py
[2023-10-18T21:24:48.208+0000] {processor.py:839} INFO - DAG(s) dict_keys(['example_external_task_marker_parent', 'example_external_task_marker_child']) retrieved from /home/airflow/.local/lib/python3.8/site-packages/airflow/example_dags/example_external_task_marker_dag.py
[2023-10-18T21:24:48.240+0000] {logging_mixin.py:151} INFO - [2023-10-18T21:24:48.240+0000] {dag.py:2941} INFO - Sync 2 DAGs
[2023-10-18T21:24:48.257+0000] {logging_mixin.py:151} INFO - [2023-10-18T21:24:48.257+0000] {dag.py:3722} INFO - Setting next_dagrun for example_external_task_marker_child to None, run_after=None
[2023-10-18T21:24:48.261+0000] {logging_mixin.py:151} INFO - [2023-10-18T21:24:48.261+0000] {dag.py:3722} INFO - Setting next_dagrun for example_external_task_marker_parent to None, run_after=None
[2023-10-18T21:24:48.289+0000] {processor.py:179} INFO - Processing /home/airflow/.local/lib/python3.8/site-packages/airflow/example_dags/example_external_task_marker_dag.py took 0.099 seconds
[2023-10-18T21:25:19.218+0000] {processor.py:157} INFO - Started process (PID=201) to work on /home/airflow/.local/lib/python3.8/site-packages/airflow/example_dags/example_external_task_marker_dag.py
[2023-10-18T21:25:19.219+0000] {processor.py:829} INFO - Processing file /home/airflow/.local/lib/python3.8/site-packages/airflow/example_dags/example_external_task_marker_dag.py for tasks to queue
[2023-10-18T21:25:19.222+0000] {logging_mixin.py:151} INFO - [2023-10-18T21:25:19.222+0000] {dagbag.py:536} INFO - Filling up the DagBag from /home/airflow/.local/lib/python3.8/site-packages/airflow/example_dags/example_external_task_marker_dag.py
[2023-10-18T21:25:19.229+0000] {processor.py:839} INFO - DAG(s) dict_keys(['example_external_task_marker_child', 'example_external_task_marker_parent']) retrieved from /home/airflow/.local/lib/python3.8/site-packages/airflow/example_dags/example_external_task_marker_dag.py
[2023-10-18T21:25:19.244+0000] {logging_mixin.py:151} INFO - [2023-10-18T21:25:19.244+0000] {dag.py:2941} INFO - Sync 2 DAGs
[2023-10-18T21:25:19.259+0000] {logging_mixin.py:151} INFO - [2023-10-18T21:25:19.259+0000] {dag.py:3722} INFO - Setting next_dagrun for example_external_task_marker_child to None, run_after=None
[2023-10-18T21:25:19.263+0000] {logging_mixin.py:151} INFO - [2023-10-18T21:25:19.263+0000] {dag.py:3722} INFO - Setting next_dagrun for example_external_task_marker_parent to None, run_after=None
[2023-10-18T21:25:19.278+0000] {processor.py:179} INFO - Processing /home/airflow/.local/lib/python3.8/site-packages/airflow/example_dags/example_external_task_marker_dag.py took 0.066 seconds
[2023-10-18T21:25:49.614+0000] {processor.py:157} INFO - Started process (PID=254) to work on /home/airflow/.local/lib/python3.8/site-packages/airflow/example_dags/example_external_task_marker_dag.py
[2023-10-18T21:25:49.616+0000] {processor.py:829} INFO - Processing file /home/airflow/.local/lib/python3.8/site-packages/airflow/example_dags/example_external_task_marker_dag.py for tasks to queue
[2023-10-18T21:25:49.619+0000] {logging_mixin.py:151} INFO - [2023-10-18T21:25:49.618+0000] {dagbag.py:536} INFO - Filling up the DagBag from /home/airflow/.local/lib/python3.8/site-packages/airflow/example_dags/example_external_task_marker_dag.py
[2023-10-18T21:25:49.626+0000] {processor.py:839} INFO - DAG(s) dict_keys(['example_external_task_marker_child', 'example_external_task_marker_parent']) retrieved from /home/airflow/.local/lib/python3.8/site-packages/airflow/example_dags/example_external_task_marker_dag.py
[2023-10-18T21:25:49.653+0000] {logging_mixin.py:151} INFO - [2023-10-18T21:25:49.653+0000] {dag.py:2941} INFO - Sync 2 DAGs
[2023-10-18T21:25:49.668+0000] {logging_mixin.py:151} INFO - [2023-10-18T21:25:49.668+0000] {dag.py:3722} INFO - Setting next_dagrun for example_external_task_marker_child to None, run_after=None
[2023-10-18T21:25:49.672+0000] {logging_mixin.py:151} INFO - [2023-10-18T21:25:49.672+0000] {dag.py:3722} INFO - Setting next_dagrun for example_external_task_marker_parent to None, run_after=None
[2023-10-18T21:25:49.690+0000] {processor.py:179} INFO - Processing /home/airflow/.local/lib/python3.8/site-packages/airflow/example_dags/example_external_task_marker_dag.py took 0.082 seconds
[2023-10-18T21:26:20.049+0000] {processor.py:157} INFO - Started process (PID=307) to work on /home/airflow/.local/lib/python3.8/site-packages/airflow/example_dags/example_external_task_marker_dag.py
[2023-10-18T21:26:20.051+0000] {processor.py:829} INFO - Processing file /home/airflow/.local/lib/python3.8/site-packages/airflow/example_dags/example_external_task_marker_dag.py for tasks to queue
[2023-10-18T21:26:20.054+0000] {logging_mixin.py:151} INFO - [2023-10-18T21:26:20.054+0000] {dagbag.py:536} INFO - Filling up the DagBag from /home/airflow/.local/lib/python3.8/site-packages/airflow/example_dags/example_external_task_marker_dag.py
[2023-10-18T21:26:20.062+0000] {processor.py:839} INFO - DAG(s) dict_keys(['example_external_task_marker_parent', 'example_external_task_marker_child']) retrieved from /home/airflow/.local/lib/python3.8/site-packages/airflow/example_dags/example_external_task_marker_dag.py
[2023-10-18T21:26:20.091+0000] {logging_mixin.py:151} INFO - [2023-10-18T21:26:20.091+0000] {dag.py:2941} INFO - Sync 2 DAGs
[2023-10-18T21:26:20.107+0000] {logging_mixin.py:151} INFO - [2023-10-18T21:26:20.107+0000] {dag.py:3722} INFO - Setting next_dagrun for example_external_task_marker_child to None, run_after=None
[2023-10-18T21:26:20.110+0000] {logging_mixin.py:151} INFO - [2023-10-18T21:26:20.110+0000] {dag.py:3722} INFO - Setting next_dagrun for example_external_task_marker_parent to None, run_after=None
[2023-10-18T21:26:20.129+0000] {processor.py:179} INFO - Processing /home/airflow/.local/lib/python3.8/site-packages/airflow/example_dags/example_external_task_marker_dag.py took 0.084 seconds
[2023-10-18T21:26:50.293+0000] {processor.py:157} INFO - Started process (PID=360) to work on /home/airflow/.local/lib/python3.8/site-packages/airflow/example_dags/example_external_task_marker_dag.py
[2023-10-18T21:26:50.294+0000] {processor.py:829} INFO - Processing file /home/airflow/.local/lib/python3.8/site-packages/airflow/example_dags/example_external_task_marker_dag.py for tasks to queue
[2023-10-18T21:26:50.297+0000] {logging_mixin.py:151} INFO - [2023-10-18T21:26:50.296+0000] {dagbag.py:536} INFO - Filling up the DagBag from /home/airflow/.local/lib/python3.8/site-packages/airflow/example_dags/example_external_task_marker_dag.py
[2023-10-18T21:26:50.303+0000] {processor.py:839} INFO - DAG(s) dict_keys(['example_external_task_marker_child', 'example_external_task_marker_parent']) retrieved from /home/airflow/.local/lib/python3.8/site-packages/airflow/example_dags/example_external_task_marker_dag.py
[2023-10-18T21:26:50.333+0000] {logging_mixin.py:151} INFO - [2023-10-18T21:26:50.333+0000] {dag.py:2941} INFO - Sync 2 DAGs
[2023-10-18T21:26:50.348+0000] {logging_mixin.py:151} INFO - [2023-10-18T21:26:50.348+0000] {dag.py:3722} INFO - Setting next_dagrun for example_external_task_marker_child to None, run_after=None
[2023-10-18T21:26:50.353+0000] {logging_mixin.py:151} INFO - [2023-10-18T21:26:50.353+0000] {dag.py:3722} INFO - Setting next_dagrun for example_external_task_marker_parent to None, run_after=None
[2023-10-18T21:26:50.372+0000] {processor.py:179} INFO - Processing /home/airflow/.local/lib/python3.8/site-packages/airflow/example_dags/example_external_task_marker_dag.py took 0.083 seconds
[2023-10-18T21:27:20.470+0000] {processor.py:157} INFO - Started process (PID=413) to work on /home/airflow/.local/lib/python3.8/site-packages/airflow/example_dags/example_external_task_marker_dag.py
[2023-10-18T21:27:20.473+0000] {processor.py:829} INFO - Processing file /home/airflow/.local/lib/python3.8/site-packages/airflow/example_dags/example_external_task_marker_dag.py for tasks to queue
[2023-10-18T21:27:20.479+0000] {logging_mixin.py:151} INFO - [2023-10-18T21:27:20.478+0000] {dagbag.py:536} INFO - Filling up the DagBag from /home/airflow/.local/lib/python3.8/site-packages/airflow/example_dags/example_external_task_marker_dag.py
[2023-10-18T21:27:20.490+0000] {processor.py:839} INFO - DAG(s) dict_keys(['example_external_task_marker_child', 'example_external_task_marker_parent']) retrieved from /home/airflow/.local/lib/python3.8/site-packages/airflow/example_dags/example_external_task_marker_dag.py
[2023-10-18T21:27:20.519+0000] {logging_mixin.py:151} INFO - [2023-10-18T21:27:20.519+0000] {dag.py:2941} INFO - Sync 2 DAGs
[2023-10-18T21:27:20.535+0000] {logging_mixin.py:151} INFO - [2023-10-18T21:27:20.535+0000] {dag.py:3722} INFO - Setting next_dagrun for example_external_task_marker_child to None, run_after=None
[2023-10-18T21:27:20.539+0000] {logging_mixin.py:151} INFO - [2023-10-18T21:27:20.539+0000] {dag.py:3722} INFO - Setting next_dagrun for example_external_task_marker_parent to None, run_after=None
[2023-10-18T21:27:20.562+0000] {processor.py:179} INFO - Processing /home/airflow/.local/lib/python3.8/site-packages/airflow/example_dags/example_external_task_marker_dag.py took 0.097 seconds
[2023-10-18T21:27:50.847+0000] {processor.py:157} INFO - Started process (PID=466) to work on /home/airflow/.local/lib/python3.8/site-packages/airflow/example_dags/example_external_task_marker_dag.py
[2023-10-18T21:27:50.849+0000] {processor.py:829} INFO - Processing file /home/airflow/.local/lib/python3.8/site-packages/airflow/example_dags/example_external_task_marker_dag.py for tasks to queue
[2023-10-18T21:27:50.852+0000] {logging_mixin.py:151} INFO - [2023-10-18T21:27:50.851+0000] {dagbag.py:536} INFO - Filling up the DagBag from /home/airflow/.local/lib/python3.8/site-packages/airflow/example_dags/example_external_task_marker_dag.py
[2023-10-18T21:27:50.860+0000] {processor.py:839} INFO - DAG(s) dict_keys(['example_external_task_marker_child', 'example_external_task_marker_parent']) retrieved from /home/airflow/.local/lib/python3.8/site-packages/airflow/example_dags/example_external_task_marker_dag.py
[2023-10-18T21:27:50.894+0000] {logging_mixin.py:151} INFO - [2023-10-18T21:27:50.894+0000] {dag.py:2941} INFO - Sync 2 DAGs
[2023-10-18T21:27:50.913+0000] {logging_mixin.py:151} INFO - [2023-10-18T21:27:50.913+0000] {dag.py:3722} INFO - Setting next_dagrun for example_external_task_marker_child to None, run_after=None
[2023-10-18T21:27:50.918+0000] {logging_mixin.py:151} INFO - [2023-10-18T21:27:50.917+0000] {dag.py:3722} INFO - Setting next_dagrun for example_external_task_marker_parent to None, run_after=None
[2023-10-18T21:27:50.939+0000] {processor.py:179} INFO - Processing /home/airflow/.local/lib/python3.8/site-packages/airflow/example_dags/example_external_task_marker_dag.py took 0.098 seconds
[2023-10-18T21:28:21.006+0000] {processor.py:157} INFO - Started process (PID=519) to work on /home/airflow/.local/lib/python3.8/site-packages/airflow/example_dags/example_external_task_marker_dag.py
[2023-10-18T21:28:21.007+0000] {processor.py:829} INFO - Processing file /home/airflow/.local/lib/python3.8/site-packages/airflow/example_dags/example_external_task_marker_dag.py for tasks to queue
[2023-10-18T21:28:21.009+0000] {logging_mixin.py:151} INFO - [2023-10-18T21:28:21.009+0000] {dagbag.py:536} INFO - Filling up the DagBag from /home/airflow/.local/lib/python3.8/site-packages/airflow/example_dags/example_external_task_marker_dag.py
[2023-10-18T21:28:21.016+0000] {processor.py:839} INFO - DAG(s) dict_keys(['example_external_task_marker_child', 'example_external_task_marker_parent']) retrieved from /home/airflow/.local/lib/python3.8/site-packages/airflow/example_dags/example_external_task_marker_dag.py
[2023-10-18T21:28:21.054+0000] {logging_mixin.py:151} INFO - [2023-10-18T21:28:21.054+0000] {dag.py:2941} INFO - Sync 2 DAGs
[2023-10-18T21:28:21.071+0000] {logging_mixin.py:151} INFO - [2023-10-18T21:28:21.070+0000] {dag.py:3722} INFO - Setting next_dagrun for example_external_task_marker_child to None, run_after=None
[2023-10-18T21:28:21.074+0000] {logging_mixin.py:151} INFO - [2023-10-18T21:28:21.074+0000] {dag.py:3722} INFO - Setting next_dagrun for example_external_task_marker_parent to None, run_after=None
[2023-10-18T21:28:21.098+0000] {processor.py:179} INFO - Processing /home/airflow/.local/lib/python3.8/site-packages/airflow/example_dags/example_external_task_marker_dag.py took 0.098 seconds
[2023-10-18T21:28:51.138+0000] {processor.py:157} INFO - Started process (PID=572) to work on /home/airflow/.local/lib/python3.8/site-packages/airflow/example_dags/example_external_task_marker_dag.py
[2023-10-18T21:28:51.140+0000] {processor.py:829} INFO - Processing file /home/airflow/.local/lib/python3.8/site-packages/airflow/example_dags/example_external_task_marker_dag.py for tasks to queue
[2023-10-18T21:28:51.142+0000] {logging_mixin.py:151} INFO - [2023-10-18T21:28:51.142+0000] {dagbag.py:536} INFO - Filling up the DagBag from /home/airflow/.local/lib/python3.8/site-packages/airflow/example_dags/example_external_task_marker_dag.py
[2023-10-18T21:28:51.149+0000] {processor.py:839} INFO - DAG(s) dict_keys(['example_external_task_marker_parent', 'example_external_task_marker_child']) retrieved from /home/airflow/.local/lib/python3.8/site-packages/airflow/example_dags/example_external_task_marker_dag.py
[2023-10-18T21:28:51.178+0000] {logging_mixin.py:151} INFO - [2023-10-18T21:28:51.178+0000] {dag.py:2941} INFO - Sync 2 DAGs
[2023-10-18T21:28:51.191+0000] {logging_mixin.py:151} INFO - [2023-10-18T21:28:51.191+0000] {dag.py:3722} INFO - Setting next_dagrun for example_external_task_marker_child to None, run_after=None
[2023-10-18T21:28:51.194+0000] {logging_mixin.py:151} INFO - [2023-10-18T21:28:51.194+0000] {dag.py:3722} INFO - Setting next_dagrun for example_external_task_marker_parent to None, run_after=None
[2023-10-18T21:28:51.210+0000] {processor.py:179} INFO - Processing /home/airflow/.local/lib/python3.8/site-packages/airflow/example_dags/example_external_task_marker_dag.py took 0.077 seconds
[2023-10-18T21:29:21.448+0000] {processor.py:157} INFO - Started process (PID=625) to work on /home/airflow/.local/lib/python3.8/site-packages/airflow/example_dags/example_external_task_marker_dag.py
[2023-10-18T21:29:21.450+0000] {processor.py:829} INFO - Processing file /home/airflow/.local/lib/python3.8/site-packages/airflow/example_dags/example_external_task_marker_dag.py for tasks to queue
[2023-10-18T21:29:21.454+0000] {logging_mixin.py:151} INFO - [2023-10-18T21:29:21.453+0000] {dagbag.py:536} INFO - Filling up the DagBag from /home/airflow/.local/lib/python3.8/site-packages/airflow/example_dags/example_external_task_marker_dag.py
[2023-10-18T21:29:21.460+0000] {processor.py:839} INFO - DAG(s) dict_keys(['example_external_task_marker_parent', 'example_external_task_marker_child']) retrieved from /home/airflow/.local/lib/python3.8/site-packages/airflow/example_dags/example_external_task_marker_dag.py
[2023-10-18T21:29:21.489+0000] {logging_mixin.py:151} INFO - [2023-10-18T21:29:21.489+0000] {dag.py:2941} INFO - Sync 2 DAGs
[2023-10-18T21:29:21.506+0000] {logging_mixin.py:151} INFO - [2023-10-18T21:29:21.505+0000] {dag.py:3722} INFO - Setting next_dagrun for example_external_task_marker_child to None, run_after=None
[2023-10-18T21:29:21.509+0000] {logging_mixin.py:151} INFO - [2023-10-18T21:29:21.509+0000] {dag.py:3722} INFO - Setting next_dagrun for example_external_task_marker_parent to None, run_after=None
[2023-10-18T21:29:21.527+0000] {processor.py:179} INFO - Processing /home/airflow/.local/lib/python3.8/site-packages/airflow/example_dags/example_external_task_marker_dag.py took 0.084 seconds
[2023-10-18T21:29:51.726+0000] {processor.py:157} INFO - Started process (PID=678) to work on /home/airflow/.local/lib/python3.8/site-packages/airflow/example_dags/example_external_task_marker_dag.py
[2023-10-18T21:29:51.727+0000] {processor.py:829} INFO - Processing file /home/airflow/.local/lib/python3.8/site-packages/airflow/example_dags/example_external_task_marker_dag.py for tasks to queue
[2023-10-18T21:29:51.729+0000] {logging_mixin.py:151} INFO - [2023-10-18T21:29:51.729+0000] {dagbag.py:536} INFO - Filling up the DagBag from /home/airflow/.local/lib/python3.8/site-packages/airflow/example_dags/example_external_task_marker_dag.py
[2023-10-18T21:29:51.736+0000] {processor.py:839} INFO - DAG(s) dict_keys(['example_external_task_marker_parent', 'example_external_task_marker_child']) retrieved from /home/airflow/.local/lib/python3.8/site-packages/airflow/example_dags/example_external_task_marker_dag.py
[2023-10-18T21:29:51.767+0000] {logging_mixin.py:151} INFO - [2023-10-18T21:29:51.767+0000] {dag.py:2941} INFO - Sync 2 DAGs
[2023-10-18T21:29:51.783+0000] {logging_mixin.py:151} INFO - [2023-10-18T21:29:51.783+0000] {dag.py:3722} INFO - Setting next_dagrun for example_external_task_marker_child to None, run_after=None
[2023-10-18T21:29:51.787+0000] {logging_mixin.py:151} INFO - [2023-10-18T21:29:51.787+0000] {dag.py:3722} INFO - Setting next_dagrun for example_external_task_marker_parent to None, run_after=None
[2023-10-18T21:29:51.814+0000] {processor.py:179} INFO - Processing /home/airflow/.local/lib/python3.8/site-packages/airflow/example_dags/example_external_task_marker_dag.py took 0.093 seconds
[2023-10-18T21:30:22.052+0000] {processor.py:157} INFO - Started process (PID=732) to work on /home/airflow/.local/lib/python3.8/site-packages/airflow/example_dags/example_external_task_marker_dag.py
[2023-10-18T21:30:22.053+0000] {processor.py:829} INFO - Processing file /home/airflow/.local/lib/python3.8/site-packages/airflow/example_dags/example_external_task_marker_dag.py for tasks to queue
[2023-10-18T21:30:22.055+0000] {logging_mixin.py:151} INFO - [2023-10-18T21:30:22.055+0000] {dagbag.py:536} INFO - Filling up the DagBag from /home/airflow/.local/lib/python3.8/site-packages/airflow/example_dags/example_external_task_marker_dag.py
[2023-10-18T21:30:22.062+0000] {processor.py:839} INFO - DAG(s) dict_keys(['example_external_task_marker_child', 'example_external_task_marker_parent']) retrieved from /home/airflow/.local/lib/python3.8/site-packages/airflow/example_dags/example_external_task_marker_dag.py
[2023-10-18T21:30:22.088+0000] {logging_mixin.py:151} INFO - [2023-10-18T21:30:22.088+0000] {dag.py:2941} INFO - Sync 2 DAGs
[2023-10-18T21:30:22.102+0000] {logging_mixin.py:151} INFO - [2023-10-18T21:30:22.102+0000] {dag.py:3722} INFO - Setting next_dagrun for example_external_task_marker_child to None, run_after=None
[2023-10-18T21:30:22.106+0000] {logging_mixin.py:151} INFO - [2023-10-18T21:30:22.106+0000] {dag.py:3722} INFO - Setting next_dagrun for example_external_task_marker_parent to None, run_after=None
[2023-10-18T21:30:22.122+0000] {processor.py:179} INFO - Processing /home/airflow/.local/lib/python3.8/site-packages/airflow/example_dags/example_external_task_marker_dag.py took 0.076 seconds
[2023-10-18T21:30:52.324+0000] {processor.py:157} INFO - Started process (PID=786) to work on /home/airflow/.local/lib/python3.8/site-packages/airflow/example_dags/example_external_task_marker_dag.py
[2023-10-18T21:30:52.325+0000] {processor.py:829} INFO - Processing file /home/airflow/.local/lib/python3.8/site-packages/airflow/example_dags/example_external_task_marker_dag.py for tasks to queue
[2023-10-18T21:30:52.327+0000] {logging_mixin.py:151} INFO - [2023-10-18T21:30:52.327+0000] {dagbag.py:536} INFO - Filling up the DagBag from /home/airflow/.local/lib/python3.8/site-packages/airflow/example_dags/example_external_task_marker_dag.py
[2023-10-18T21:30:52.334+0000] {processor.py:839} INFO - DAG(s) dict_keys(['example_external_task_marker_parent', 'example_external_task_marker_child']) retrieved from /home/airflow/.local/lib/python3.8/site-packages/airflow/example_dags/example_external_task_marker_dag.py
[2023-10-18T21:30:52.364+0000] {logging_mixin.py:151} INFO - [2023-10-18T21:30:52.363+0000] {dag.py:2941} INFO - Sync 2 DAGs
[2023-10-18T21:30:52.380+0000] {logging_mixin.py:151} INFO - [2023-10-18T21:30:52.380+0000] {dag.py:3722} INFO - Setting next_dagrun for example_external_task_marker_child to None, run_after=None
[2023-10-18T21:30:52.383+0000] {logging_mixin.py:151} INFO - [2023-10-18T21:30:52.383+0000] {dag.py:3722} INFO - Setting next_dagrun for example_external_task_marker_parent to None, run_after=None
[2023-10-18T21:30:52.401+0000] {processor.py:179} INFO - Processing /home/airflow/.local/lib/python3.8/site-packages/airflow/example_dags/example_external_task_marker_dag.py took 0.081 seconds
[2023-10-18T21:31:22.604+0000] {processor.py:157} INFO - Started process (PID=839) to work on /home/airflow/.local/lib/python3.8/site-packages/airflow/example_dags/example_external_task_marker_dag.py
[2023-10-18T21:31:22.605+0000] {processor.py:829} INFO - Processing file /home/airflow/.local/lib/python3.8/site-packages/airflow/example_dags/example_external_task_marker_dag.py for tasks to queue
[2023-10-18T21:31:22.608+0000] {logging_mixin.py:151} INFO - [2023-10-18T21:31:22.607+0000] {dagbag.py:536} INFO - Filling up the DagBag from /home/airflow/.local/lib/python3.8/site-packages/airflow/example_dags/example_external_task_marker_dag.py
[2023-10-18T21:31:22.616+0000] {processor.py:839} INFO - DAG(s) dict_keys(['example_external_task_marker_child', 'example_external_task_marker_parent']) retrieved from /home/airflow/.local/lib/python3.8/site-packages/airflow/example_dags/example_external_task_marker_dag.py
[2023-10-18T21:31:22.651+0000] {logging_mixin.py:151} INFO - [2023-10-18T21:31:22.650+0000] {dag.py:2941} INFO - Sync 2 DAGs
[2023-10-18T21:31:22.667+0000] {logging_mixin.py:151} INFO - [2023-10-18T21:31:22.666+0000] {dag.py:3722} INFO - Setting next_dagrun for example_external_task_marker_child to None, run_after=None
[2023-10-18T21:31:22.670+0000] {logging_mixin.py:151} INFO - [2023-10-18T21:31:22.670+0000] {dag.py:3722} INFO - Setting next_dagrun for example_external_task_marker_parent to None, run_after=None
[2023-10-18T21:31:22.689+0000] {processor.py:179} INFO - Processing /home/airflow/.local/lib/python3.8/site-packages/airflow/example_dags/example_external_task_marker_dag.py took 0.090 seconds
