[2023-10-18T21:06:47.672+0000] {processor.py:157} INFO - Started process (PID=62) to work on /home/airflow/.local/lib/python3.8/site-packages/airflow/example_dags/example_latest_only.py
[2023-10-18T21:06:47.673+0000] {processor.py:829} INFO - Processing file /home/airflow/.local/lib/python3.8/site-packages/airflow/example_dags/example_latest_only.py for tasks to queue
[2023-10-18T21:06:47.678+0000] {logging_mixin.py:151} INFO - [2023-10-18T21:06:47.676+0000] {dagbag.py:536} INFO - Filling up the DagBag from /home/airflow/.local/lib/python3.8/site-packages/airflow/example_dags/example_latest_only.py
[2023-10-18T21:06:47.689+0000] {processor.py:839} INFO - DAG(s) dict_keys(['latest_only']) retrieved from /home/airflow/.local/lib/python3.8/site-packages/airflow/example_dags/example_latest_only.py
[2023-10-18T21:06:47.702+0000] {logging_mixin.py:151} INFO - [2023-10-18T21:06:47.701+0000] {dag.py:2941} INFO - Sync 1 DAGs
[2023-10-18T21:06:47.729+0000] {logging_mixin.py:151} INFO - [2023-10-18T21:06:47.729+0000] {dag.py:3722} INFO - Setting next_dagrun for latest_only to 2023-10-18T17:06:47.728883+00:00, run_after=2023-10-18T21:06:47.728883+00:00
[2023-10-18T21:06:47.746+0000] {processor.py:179} INFO - Processing /home/airflow/.local/lib/python3.8/site-packages/airflow/example_dags/example_latest_only.py took 0.079 seconds
[2023-10-18T21:07:18.358+0000] {processor.py:157} INFO - Started process (PID=115) to work on /home/airflow/.local/lib/python3.8/site-packages/airflow/example_dags/example_latest_only.py
[2023-10-18T21:07:18.360+0000] {processor.py:829} INFO - Processing file /home/airflow/.local/lib/python3.8/site-packages/airflow/example_dags/example_latest_only.py for tasks to queue
[2023-10-18T21:07:18.362+0000] {logging_mixin.py:151} INFO - [2023-10-18T21:07:18.362+0000] {dagbag.py:536} INFO - Filling up the DagBag from /home/airflow/.local/lib/python3.8/site-packages/airflow/example_dags/example_latest_only.py
[2023-10-18T21:07:18.368+0000] {processor.py:839} INFO - DAG(s) dict_keys(['latest_only']) retrieved from /home/airflow/.local/lib/python3.8/site-packages/airflow/example_dags/example_latest_only.py
[2023-10-18T21:07:18.392+0000] {logging_mixin.py:151} INFO - [2023-10-18T21:07:18.392+0000] {dag.py:2941} INFO - Sync 1 DAGs
[2023-10-18T21:07:18.418+0000] {logging_mixin.py:151} INFO - [2023-10-18T21:07:18.418+0000] {dag.py:3722} INFO - Setting next_dagrun for latest_only to 2023-10-18T17:07:18.418319+00:00, run_after=2023-10-18T21:07:18.418319+00:00
[2023-10-18T21:07:18.439+0000] {processor.py:179} INFO - Processing /home/airflow/.local/lib/python3.8/site-packages/airflow/example_dags/example_latest_only.py took 0.086 seconds
[2023-10-18T21:07:48.536+0000] {processor.py:157} INFO - Started process (PID=168) to work on /home/airflow/.local/lib/python3.8/site-packages/airflow/example_dags/example_latest_only.py
[2023-10-18T21:07:48.538+0000] {processor.py:829} INFO - Processing file /home/airflow/.local/lib/python3.8/site-packages/airflow/example_dags/example_latest_only.py for tasks to queue
[2023-10-18T21:07:48.540+0000] {logging_mixin.py:151} INFO - [2023-10-18T21:07:48.540+0000] {dagbag.py:536} INFO - Filling up the DagBag from /home/airflow/.local/lib/python3.8/site-packages/airflow/example_dags/example_latest_only.py
[2023-10-18T21:07:48.546+0000] {processor.py:839} INFO - DAG(s) dict_keys(['latest_only']) retrieved from /home/airflow/.local/lib/python3.8/site-packages/airflow/example_dags/example_latest_only.py
[2023-10-18T21:07:48.570+0000] {logging_mixin.py:151} INFO - [2023-10-18T21:07:48.570+0000] {dag.py:2941} INFO - Sync 1 DAGs
[2023-10-18T21:07:48.595+0000] {logging_mixin.py:151} INFO - [2023-10-18T21:07:48.595+0000] {dag.py:3722} INFO - Setting next_dagrun for latest_only to 2023-10-18T17:07:48.595070+00:00, run_after=2023-10-18T21:07:48.595070+00:00
[2023-10-18T21:07:48.612+0000] {processor.py:179} INFO - Processing /home/airflow/.local/lib/python3.8/site-packages/airflow/example_dags/example_latest_only.py took 0.081 seconds
[2023-10-18T21:08:18.890+0000] {processor.py:157} INFO - Started process (PID=221) to work on /home/airflow/.local/lib/python3.8/site-packages/airflow/example_dags/example_latest_only.py
[2023-10-18T21:08:18.892+0000] {processor.py:829} INFO - Processing file /home/airflow/.local/lib/python3.8/site-packages/airflow/example_dags/example_latest_only.py for tasks to queue
[2023-10-18T21:08:18.894+0000] {logging_mixin.py:151} INFO - [2023-10-18T21:08:18.894+0000] {dagbag.py:536} INFO - Filling up the DagBag from /home/airflow/.local/lib/python3.8/site-packages/airflow/example_dags/example_latest_only.py
[2023-10-18T21:08:18.900+0000] {processor.py:839} INFO - DAG(s) dict_keys(['latest_only']) retrieved from /home/airflow/.local/lib/python3.8/site-packages/airflow/example_dags/example_latest_only.py
[2023-10-18T21:08:18.928+0000] {logging_mixin.py:151} INFO - [2023-10-18T21:08:18.928+0000] {dag.py:2941} INFO - Sync 1 DAGs
[2023-10-18T21:08:18.956+0000] {logging_mixin.py:151} INFO - [2023-10-18T21:08:18.956+0000] {dag.py:3722} INFO - Setting next_dagrun for latest_only to 2023-10-18T17:08:18.955840+00:00, run_after=2023-10-18T21:08:18.955840+00:00
[2023-10-18T21:08:18.976+0000] {processor.py:179} INFO - Processing /home/airflow/.local/lib/python3.8/site-packages/airflow/example_dags/example_latest_only.py took 0.093 seconds
[2023-10-18T21:08:49.053+0000] {processor.py:157} INFO - Started process (PID=274) to work on /home/airflow/.local/lib/python3.8/site-packages/airflow/example_dags/example_latest_only.py
[2023-10-18T21:08:49.054+0000] {processor.py:829} INFO - Processing file /home/airflow/.local/lib/python3.8/site-packages/airflow/example_dags/example_latest_only.py for tasks to queue
[2023-10-18T21:08:49.057+0000] {logging_mixin.py:151} INFO - [2023-10-18T21:08:49.057+0000] {dagbag.py:536} INFO - Filling up the DagBag from /home/airflow/.local/lib/python3.8/site-packages/airflow/example_dags/example_latest_only.py
[2023-10-18T21:08:49.063+0000] {processor.py:839} INFO - DAG(s) dict_keys(['latest_only']) retrieved from /home/airflow/.local/lib/python3.8/site-packages/airflow/example_dags/example_latest_only.py
[2023-10-18T21:08:49.091+0000] {logging_mixin.py:151} INFO - [2023-10-18T21:08:49.090+0000] {dag.py:2941} INFO - Sync 1 DAGs
[2023-10-18T21:08:49.117+0000] {logging_mixin.py:151} INFO - [2023-10-18T21:08:49.117+0000] {dag.py:3722} INFO - Setting next_dagrun for latest_only to 2023-10-18T17:08:49.116737+00:00, run_after=2023-10-18T21:08:49.116737+00:00
[2023-10-18T21:08:49.135+0000] {processor.py:179} INFO - Processing /home/airflow/.local/lib/python3.8/site-packages/airflow/example_dags/example_latest_only.py took 0.088 seconds
[2023-10-18T21:09:19.277+0000] {processor.py:157} INFO - Started process (PID=327) to work on /home/airflow/.local/lib/python3.8/site-packages/airflow/example_dags/example_latest_only.py
[2023-10-18T21:09:19.278+0000] {processor.py:829} INFO - Processing file /home/airflow/.local/lib/python3.8/site-packages/airflow/example_dags/example_latest_only.py for tasks to queue
[2023-10-18T21:09:19.280+0000] {logging_mixin.py:151} INFO - [2023-10-18T21:09:19.280+0000] {dagbag.py:536} INFO - Filling up the DagBag from /home/airflow/.local/lib/python3.8/site-packages/airflow/example_dags/example_latest_only.py
[2023-10-18T21:09:19.287+0000] {processor.py:839} INFO - DAG(s) dict_keys(['latest_only']) retrieved from /home/airflow/.local/lib/python3.8/site-packages/airflow/example_dags/example_latest_only.py
[2023-10-18T21:09:19.310+0000] {logging_mixin.py:151} INFO - [2023-10-18T21:09:19.310+0000] {dag.py:2941} INFO - Sync 1 DAGs
[2023-10-18T21:09:19.335+0000] {logging_mixin.py:151} INFO - [2023-10-18T21:09:19.335+0000] {dag.py:3722} INFO - Setting next_dagrun for latest_only to 2023-10-18T17:09:19.334953+00:00, run_after=2023-10-18T21:09:19.334953+00:00
[2023-10-18T21:09:19.355+0000] {processor.py:179} INFO - Processing /home/airflow/.local/lib/python3.8/site-packages/airflow/example_dags/example_latest_only.py took 0.083 seconds
[2023-10-18T21:09:49.485+0000] {processor.py:157} INFO - Started process (PID=380) to work on /home/airflow/.local/lib/python3.8/site-packages/airflow/example_dags/example_latest_only.py
[2023-10-18T21:09:49.486+0000] {processor.py:829} INFO - Processing file /home/airflow/.local/lib/python3.8/site-packages/airflow/example_dags/example_latest_only.py for tasks to queue
[2023-10-18T21:09:49.489+0000] {logging_mixin.py:151} INFO - [2023-10-18T21:09:49.488+0000] {dagbag.py:536} INFO - Filling up the DagBag from /home/airflow/.local/lib/python3.8/site-packages/airflow/example_dags/example_latest_only.py
[2023-10-18T21:09:49.495+0000] {processor.py:839} INFO - DAG(s) dict_keys(['latest_only']) retrieved from /home/airflow/.local/lib/python3.8/site-packages/airflow/example_dags/example_latest_only.py
[2023-10-18T21:09:49.517+0000] {logging_mixin.py:151} INFO - [2023-10-18T21:09:49.517+0000] {dag.py:2941} INFO - Sync 1 DAGs
[2023-10-18T21:09:49.544+0000] {logging_mixin.py:151} INFO - [2023-10-18T21:09:49.544+0000] {dag.py:3722} INFO - Setting next_dagrun for latest_only to 2023-10-18T17:09:49.543749+00:00, run_after=2023-10-18T21:09:49.543749+00:00
[2023-10-18T21:09:49.560+0000] {processor.py:179} INFO - Processing /home/airflow/.local/lib/python3.8/site-packages/airflow/example_dags/example_latest_only.py took 0.080 seconds
[2023-10-18T21:10:19.720+0000] {processor.py:157} INFO - Started process (PID=433) to work on /home/airflow/.local/lib/python3.8/site-packages/airflow/example_dags/example_latest_only.py
[2023-10-18T21:10:19.721+0000] {processor.py:829} INFO - Processing file /home/airflow/.local/lib/python3.8/site-packages/airflow/example_dags/example_latest_only.py for tasks to queue
[2023-10-18T21:10:19.724+0000] {logging_mixin.py:151} INFO - [2023-10-18T21:10:19.724+0000] {dagbag.py:536} INFO - Filling up the DagBag from /home/airflow/.local/lib/python3.8/site-packages/airflow/example_dags/example_latest_only.py
[2023-10-18T21:10:19.730+0000] {processor.py:839} INFO - DAG(s) dict_keys(['latest_only']) retrieved from /home/airflow/.local/lib/python3.8/site-packages/airflow/example_dags/example_latest_only.py
[2023-10-18T21:10:19.761+0000] {logging_mixin.py:151} INFO - [2023-10-18T21:10:19.761+0000] {dag.py:2941} INFO - Sync 1 DAGs
[2023-10-18T21:10:19.788+0000] {logging_mixin.py:151} INFO - [2023-10-18T21:10:19.788+0000] {dag.py:3722} INFO - Setting next_dagrun for latest_only to 2023-10-18T17:10:19.787830+00:00, run_after=2023-10-18T21:10:19.787830+00:00
[2023-10-18T21:10:19.809+0000] {processor.py:179} INFO - Processing /home/airflow/.local/lib/python3.8/site-packages/airflow/example_dags/example_latest_only.py took 0.094 seconds
[2023-10-18T21:10:50.795+0000] {processor.py:157} INFO - Started process (PID=486) to work on /home/airflow/.local/lib/python3.8/site-packages/airflow/example_dags/example_latest_only.py
[2023-10-18T21:10:50.796+0000] {processor.py:829} INFO - Processing file /home/airflow/.local/lib/python3.8/site-packages/airflow/example_dags/example_latest_only.py for tasks to queue
[2023-10-18T21:10:50.798+0000] {logging_mixin.py:151} INFO - [2023-10-18T21:10:50.798+0000] {dagbag.py:536} INFO - Filling up the DagBag from /home/airflow/.local/lib/python3.8/site-packages/airflow/example_dags/example_latest_only.py
[2023-10-18T21:10:50.805+0000] {processor.py:839} INFO - DAG(s) dict_keys(['latest_only']) retrieved from /home/airflow/.local/lib/python3.8/site-packages/airflow/example_dags/example_latest_only.py
[2023-10-18T21:10:50.830+0000] {logging_mixin.py:151} INFO - [2023-10-18T21:10:50.830+0000] {dag.py:2941} INFO - Sync 1 DAGs
[2023-10-18T21:10:50.856+0000] {logging_mixin.py:151} INFO - [2023-10-18T21:10:50.856+0000] {dag.py:3722} INFO - Setting next_dagrun for latest_only to 2023-10-18T17:10:50.856047+00:00, run_after=2023-10-18T21:10:50.856047+00:00
[2023-10-18T21:10:50.874+0000] {processor.py:179} INFO - Processing /home/airflow/.local/lib/python3.8/site-packages/airflow/example_dags/example_latest_only.py took 0.083 seconds
[2023-10-18T21:11:21.283+0000] {processor.py:157} INFO - Started process (PID=539) to work on /home/airflow/.local/lib/python3.8/site-packages/airflow/example_dags/example_latest_only.py
[2023-10-18T21:11:21.285+0000] {processor.py:829} INFO - Processing file /home/airflow/.local/lib/python3.8/site-packages/airflow/example_dags/example_latest_only.py for tasks to queue
[2023-10-18T21:11:21.287+0000] {logging_mixin.py:151} INFO - [2023-10-18T21:11:21.287+0000] {dagbag.py:536} INFO - Filling up the DagBag from /home/airflow/.local/lib/python3.8/site-packages/airflow/example_dags/example_latest_only.py
[2023-10-18T21:11:21.293+0000] {processor.py:839} INFO - DAG(s) dict_keys(['latest_only']) retrieved from /home/airflow/.local/lib/python3.8/site-packages/airflow/example_dags/example_latest_only.py
[2023-10-18T21:11:21.320+0000] {logging_mixin.py:151} INFO - [2023-10-18T21:11:21.319+0000] {dag.py:2941} INFO - Sync 1 DAGs
[2023-10-18T21:11:21.348+0000] {logging_mixin.py:151} INFO - [2023-10-18T21:11:21.347+0000] {dag.py:3722} INFO - Setting next_dagrun for latest_only to 2023-10-18T17:11:21.347641+00:00, run_after=2023-10-18T21:11:21.347641+00:00
[2023-10-18T21:11:21.366+0000] {processor.py:179} INFO - Processing /home/airflow/.local/lib/python3.8/site-packages/airflow/example_dags/example_latest_only.py took 0.087 seconds
[2023-10-18T21:11:51.730+0000] {processor.py:157} INFO - Started process (PID=592) to work on /home/airflow/.local/lib/python3.8/site-packages/airflow/example_dags/example_latest_only.py
[2023-10-18T21:11:51.731+0000] {processor.py:829} INFO - Processing file /home/airflow/.local/lib/python3.8/site-packages/airflow/example_dags/example_latest_only.py for tasks to queue
[2023-10-18T21:11:51.734+0000] {logging_mixin.py:151} INFO - [2023-10-18T21:11:51.733+0000] {dagbag.py:536} INFO - Filling up the DagBag from /home/airflow/.local/lib/python3.8/site-packages/airflow/example_dags/example_latest_only.py
[2023-10-18T21:11:51.740+0000] {processor.py:839} INFO - DAG(s) dict_keys(['latest_only']) retrieved from /home/airflow/.local/lib/python3.8/site-packages/airflow/example_dags/example_latest_only.py
[2023-10-18T21:11:51.763+0000] {logging_mixin.py:151} INFO - [2023-10-18T21:11:51.763+0000] {dag.py:2941} INFO - Sync 1 DAGs
[2023-10-18T21:11:51.789+0000] {logging_mixin.py:151} INFO - [2023-10-18T21:11:51.789+0000] {dag.py:3722} INFO - Setting next_dagrun for latest_only to 2023-10-18T17:11:51.789227+00:00, run_after=2023-10-18T21:11:51.789227+00:00
[2023-10-18T21:11:51.807+0000] {processor.py:179} INFO - Processing /home/airflow/.local/lib/python3.8/site-packages/airflow/example_dags/example_latest_only.py took 0.082 seconds
[2023-10-18T21:12:21.965+0000] {processor.py:157} INFO - Started process (PID=646) to work on /home/airflow/.local/lib/python3.8/site-packages/airflow/example_dags/example_latest_only.py
[2023-10-18T21:12:21.966+0000] {processor.py:829} INFO - Processing file /home/airflow/.local/lib/python3.8/site-packages/airflow/example_dags/example_latest_only.py for tasks to queue
[2023-10-18T21:12:21.969+0000] {logging_mixin.py:151} INFO - [2023-10-18T21:12:21.969+0000] {dagbag.py:536} INFO - Filling up the DagBag from /home/airflow/.local/lib/python3.8/site-packages/airflow/example_dags/example_latest_only.py
[2023-10-18T21:12:21.975+0000] {processor.py:839} INFO - DAG(s) dict_keys(['latest_only']) retrieved from /home/airflow/.local/lib/python3.8/site-packages/airflow/example_dags/example_latest_only.py
[2023-10-18T21:12:22.000+0000] {logging_mixin.py:151} INFO - [2023-10-18T21:12:22.000+0000] {dag.py:2941} INFO - Sync 1 DAGs
[2023-10-18T21:12:22.030+0000] {logging_mixin.py:151} INFO - [2023-10-18T21:12:22.030+0000] {dag.py:3722} INFO - Setting next_dagrun for latest_only to 2023-10-18T17:12:22.030335+00:00, run_after=2023-10-18T21:12:22.030335+00:00
[2023-10-18T21:12:22.061+0000] {processor.py:179} INFO - Processing /home/airflow/.local/lib/python3.8/site-packages/airflow/example_dags/example_latest_only.py took 0.101 seconds
[2023-10-18T21:12:52.512+0000] {processor.py:157} INFO - Started process (PID=699) to work on /home/airflow/.local/lib/python3.8/site-packages/airflow/example_dags/example_latest_only.py
[2023-10-18T21:12:52.513+0000] {processor.py:829} INFO - Processing file /home/airflow/.local/lib/python3.8/site-packages/airflow/example_dags/example_latest_only.py for tasks to queue
[2023-10-18T21:12:52.518+0000] {logging_mixin.py:151} INFO - [2023-10-18T21:12:52.517+0000] {dagbag.py:536} INFO - Filling up the DagBag from /home/airflow/.local/lib/python3.8/site-packages/airflow/example_dags/example_latest_only.py
[2023-10-18T21:12:52.533+0000] {processor.py:839} INFO - DAG(s) dict_keys(['latest_only']) retrieved from /home/airflow/.local/lib/python3.8/site-packages/airflow/example_dags/example_latest_only.py
[2023-10-18T21:12:52.572+0000] {logging_mixin.py:151} INFO - [2023-10-18T21:12:52.572+0000] {dag.py:2941} INFO - Sync 1 DAGs
[2023-10-18T21:12:52.598+0000] {logging_mixin.py:151} INFO - [2023-10-18T21:12:52.598+0000] {dag.py:3722} INFO - Setting next_dagrun for latest_only to 2023-10-18T17:12:52.597966+00:00, run_after=2023-10-18T21:12:52.597966+00:00
[2023-10-18T21:12:52.618+0000] {processor.py:179} INFO - Processing /home/airflow/.local/lib/python3.8/site-packages/airflow/example_dags/example_latest_only.py took 0.112 seconds
[2023-10-18T21:15:10.111+0000] {processor.py:157} INFO - Started process (PID=61) to work on /home/airflow/.local/lib/python3.8/site-packages/airflow/example_dags/example_latest_only.py
[2023-10-18T21:15:10.115+0000] {processor.py:829} INFO - Processing file /home/airflow/.local/lib/python3.8/site-packages/airflow/example_dags/example_latest_only.py for tasks to queue
[2023-10-18T21:15:10.121+0000] {logging_mixin.py:151} INFO - [2023-10-18T21:15:10.120+0000] {dagbag.py:536} INFO - Filling up the DagBag from /home/airflow/.local/lib/python3.8/site-packages/airflow/example_dags/example_latest_only.py
[2023-10-18T21:15:10.136+0000] {processor.py:839} INFO - DAG(s) dict_keys(['latest_only']) retrieved from /home/airflow/.local/lib/python3.8/site-packages/airflow/example_dags/example_latest_only.py
[2023-10-18T21:15:10.163+0000] {logging_mixin.py:151} INFO - [2023-10-18T21:15:10.163+0000] {dag.py:2941} INFO - Sync 1 DAGs
[2023-10-18T21:15:10.188+0000] {logging_mixin.py:151} INFO - [2023-10-18T21:15:10.188+0000] {dag.py:3722} INFO - Setting next_dagrun for latest_only to 2023-10-18T17:15:10.187817+00:00, run_after=2023-10-18T21:15:10.187817+00:00
[2023-10-18T21:15:10.209+0000] {processor.py:179} INFO - Processing /home/airflow/.local/lib/python3.8/site-packages/airflow/example_dags/example_latest_only.py took 0.107 seconds
[2023-10-18T21:15:40.467+0000] {processor.py:157} INFO - Started process (PID=113) to work on /home/airflow/.local/lib/python3.8/site-packages/airflow/example_dags/example_latest_only.py
[2023-10-18T21:15:40.469+0000] {processor.py:829} INFO - Processing file /home/airflow/.local/lib/python3.8/site-packages/airflow/example_dags/example_latest_only.py for tasks to queue
[2023-10-18T21:15:40.472+0000] {logging_mixin.py:151} INFO - [2023-10-18T21:15:40.471+0000] {dagbag.py:536} INFO - Filling up the DagBag from /home/airflow/.local/lib/python3.8/site-packages/airflow/example_dags/example_latest_only.py
[2023-10-18T21:15:40.477+0000] {processor.py:839} INFO - DAG(s) dict_keys(['latest_only']) retrieved from /home/airflow/.local/lib/python3.8/site-packages/airflow/example_dags/example_latest_only.py
[2023-10-18T21:15:40.499+0000] {logging_mixin.py:151} INFO - [2023-10-18T21:15:40.498+0000] {dag.py:2941} INFO - Sync 1 DAGs
[2023-10-18T21:15:40.523+0000] {logging_mixin.py:151} INFO - [2023-10-18T21:15:40.523+0000] {dag.py:3722} INFO - Setting next_dagrun for latest_only to 2023-10-18T17:15:40.523016+00:00, run_after=2023-10-18T21:15:40.523016+00:00
[2023-10-18T21:15:40.540+0000] {processor.py:179} INFO - Processing /home/airflow/.local/lib/python3.8/site-packages/airflow/example_dags/example_latest_only.py took 0.079 seconds
[2023-10-18T21:16:10.857+0000] {processor.py:157} INFO - Started process (PID=167) to work on /home/airflow/.local/lib/python3.8/site-packages/airflow/example_dags/example_latest_only.py
[2023-10-18T21:16:10.859+0000] {processor.py:829} INFO - Processing file /home/airflow/.local/lib/python3.8/site-packages/airflow/example_dags/example_latest_only.py for tasks to queue
[2023-10-18T21:16:10.861+0000] {logging_mixin.py:151} INFO - [2023-10-18T21:16:10.861+0000] {dagbag.py:536} INFO - Filling up the DagBag from /home/airflow/.local/lib/python3.8/site-packages/airflow/example_dags/example_latest_only.py
[2023-10-18T21:16:10.867+0000] {processor.py:839} INFO - DAG(s) dict_keys(['latest_only']) retrieved from /home/airflow/.local/lib/python3.8/site-packages/airflow/example_dags/example_latest_only.py
[2023-10-18T21:16:10.894+0000] {logging_mixin.py:151} INFO - [2023-10-18T21:16:10.894+0000] {dag.py:2941} INFO - Sync 1 DAGs
[2023-10-18T21:16:10.922+0000] {logging_mixin.py:151} INFO - [2023-10-18T21:16:10.921+0000] {dag.py:3722} INFO - Setting next_dagrun for latest_only to 2023-10-18T17:16:10.921595+00:00, run_after=2023-10-18T21:16:10.921595+00:00
[2023-10-18T21:16:10.942+0000] {processor.py:179} INFO - Processing /home/airflow/.local/lib/python3.8/site-packages/airflow/example_dags/example_latest_only.py took 0.091 seconds
[2023-10-18T21:16:41.108+0000] {processor.py:157} INFO - Started process (PID=220) to work on /home/airflow/.local/lib/python3.8/site-packages/airflow/example_dags/example_latest_only.py
[2023-10-18T21:16:41.109+0000] {processor.py:829} INFO - Processing file /home/airflow/.local/lib/python3.8/site-packages/airflow/example_dags/example_latest_only.py for tasks to queue
[2023-10-18T21:16:41.112+0000] {logging_mixin.py:151} INFO - [2023-10-18T21:16:41.112+0000] {dagbag.py:536} INFO - Filling up the DagBag from /home/airflow/.local/lib/python3.8/site-packages/airflow/example_dags/example_latest_only.py
[2023-10-18T21:16:41.118+0000] {processor.py:839} INFO - DAG(s) dict_keys(['latest_only']) retrieved from /home/airflow/.local/lib/python3.8/site-packages/airflow/example_dags/example_latest_only.py
[2023-10-18T21:16:41.141+0000] {logging_mixin.py:151} INFO - [2023-10-18T21:16:41.141+0000] {dag.py:2941} INFO - Sync 1 DAGs
[2023-10-18T21:16:41.169+0000] {logging_mixin.py:151} INFO - [2023-10-18T21:16:41.169+0000] {dag.py:3722} INFO - Setting next_dagrun for latest_only to 2023-10-18T17:16:41.169035+00:00, run_after=2023-10-18T21:16:41.169035+00:00
[2023-10-18T21:16:41.202+0000] {processor.py:179} INFO - Processing /home/airflow/.local/lib/python3.8/site-packages/airflow/example_dags/example_latest_only.py took 0.098 seconds
[2023-10-18T21:17:11.418+0000] {processor.py:157} INFO - Started process (PID=274) to work on /home/airflow/.local/lib/python3.8/site-packages/airflow/example_dags/example_latest_only.py
[2023-10-18T21:17:11.420+0000] {processor.py:829} INFO - Processing file /home/airflow/.local/lib/python3.8/site-packages/airflow/example_dags/example_latest_only.py for tasks to queue
[2023-10-18T21:17:11.423+0000] {logging_mixin.py:151} INFO - [2023-10-18T21:17:11.423+0000] {dagbag.py:536} INFO - Filling up the DagBag from /home/airflow/.local/lib/python3.8/site-packages/airflow/example_dags/example_latest_only.py
[2023-10-18T21:17:11.430+0000] {processor.py:839} INFO - DAG(s) dict_keys(['latest_only']) retrieved from /home/airflow/.local/lib/python3.8/site-packages/airflow/example_dags/example_latest_only.py
[2023-10-18T21:17:11.458+0000] {logging_mixin.py:151} INFO - [2023-10-18T21:17:11.458+0000] {dag.py:2941} INFO - Sync 1 DAGs
[2023-10-18T21:17:11.487+0000] {logging_mixin.py:151} INFO - [2023-10-18T21:17:11.487+0000] {dag.py:3722} INFO - Setting next_dagrun for latest_only to 2023-10-18T17:17:11.486802+00:00, run_after=2023-10-18T21:17:11.486802+00:00
[2023-10-18T21:17:11.507+0000] {processor.py:179} INFO - Processing /home/airflow/.local/lib/python3.8/site-packages/airflow/example_dags/example_latest_only.py took 0.096 seconds
[2023-10-18T21:17:42.457+0000] {processor.py:157} INFO - Started process (PID=327) to work on /home/airflow/.local/lib/python3.8/site-packages/airflow/example_dags/example_latest_only.py
[2023-10-18T21:17:42.459+0000] {processor.py:829} INFO - Processing file /home/airflow/.local/lib/python3.8/site-packages/airflow/example_dags/example_latest_only.py for tasks to queue
[2023-10-18T21:17:42.462+0000] {logging_mixin.py:151} INFO - [2023-10-18T21:17:42.461+0000] {dagbag.py:536} INFO - Filling up the DagBag from /home/airflow/.local/lib/python3.8/site-packages/airflow/example_dags/example_latest_only.py
[2023-10-18T21:17:42.467+0000] {processor.py:839} INFO - DAG(s) dict_keys(['latest_only']) retrieved from /home/airflow/.local/lib/python3.8/site-packages/airflow/example_dags/example_latest_only.py
[2023-10-18T21:17:42.484+0000] {logging_mixin.py:151} INFO - [2023-10-18T21:17:42.484+0000] {dag.py:2941} INFO - Sync 1 DAGs
[2023-10-18T21:17:42.511+0000] {logging_mixin.py:151} INFO - [2023-10-18T21:17:42.511+0000] {dag.py:3722} INFO - Setting next_dagrun for latest_only to 2023-10-18T17:17:42.511224+00:00, run_after=2023-10-18T21:17:42.511224+00:00
[2023-10-18T21:17:42.527+0000] {processor.py:179} INFO - Processing /home/airflow/.local/lib/python3.8/site-packages/airflow/example_dags/example_latest_only.py took 0.077 seconds
[2023-10-18T21:18:13.245+0000] {processor.py:157} INFO - Started process (PID=380) to work on /home/airflow/.local/lib/python3.8/site-packages/airflow/example_dags/example_latest_only.py
[2023-10-18T21:18:13.246+0000] {processor.py:829} INFO - Processing file /home/airflow/.local/lib/python3.8/site-packages/airflow/example_dags/example_latest_only.py for tasks to queue
[2023-10-18T21:18:13.249+0000] {logging_mixin.py:151} INFO - [2023-10-18T21:18:13.248+0000] {dagbag.py:536} INFO - Filling up the DagBag from /home/airflow/.local/lib/python3.8/site-packages/airflow/example_dags/example_latest_only.py
[2023-10-18T21:18:13.254+0000] {processor.py:839} INFO - DAG(s) dict_keys(['latest_only']) retrieved from /home/airflow/.local/lib/python3.8/site-packages/airflow/example_dags/example_latest_only.py
[2023-10-18T21:18:13.278+0000] {logging_mixin.py:151} INFO - [2023-10-18T21:18:13.278+0000] {dag.py:2941} INFO - Sync 1 DAGs
[2023-10-18T21:18:13.304+0000] {logging_mixin.py:151} INFO - [2023-10-18T21:18:13.304+0000] {dag.py:3722} INFO - Setting next_dagrun for latest_only to 2023-10-18T17:18:13.304528+00:00, run_after=2023-10-18T21:18:13.304528+00:00
[2023-10-18T21:18:13.324+0000] {processor.py:179} INFO - Processing /home/airflow/.local/lib/python3.8/site-packages/airflow/example_dags/example_latest_only.py took 0.083 seconds
[2023-10-18T21:18:43.448+0000] {processor.py:157} INFO - Started process (PID=433) to work on /home/airflow/.local/lib/python3.8/site-packages/airflow/example_dags/example_latest_only.py
[2023-10-18T21:18:43.450+0000] {processor.py:829} INFO - Processing file /home/airflow/.local/lib/python3.8/site-packages/airflow/example_dags/example_latest_only.py for tasks to queue
[2023-10-18T21:18:43.452+0000] {logging_mixin.py:151} INFO - [2023-10-18T21:18:43.452+0000] {dagbag.py:536} INFO - Filling up the DagBag from /home/airflow/.local/lib/python3.8/site-packages/airflow/example_dags/example_latest_only.py
[2023-10-18T21:18:43.458+0000] {processor.py:839} INFO - DAG(s) dict_keys(['latest_only']) retrieved from /home/airflow/.local/lib/python3.8/site-packages/airflow/example_dags/example_latest_only.py
[2023-10-18T21:18:43.483+0000] {logging_mixin.py:151} INFO - [2023-10-18T21:18:43.482+0000] {dag.py:2941} INFO - Sync 1 DAGs
[2023-10-18T21:18:43.511+0000] {logging_mixin.py:151} INFO - [2023-10-18T21:18:43.511+0000] {dag.py:3722} INFO - Setting next_dagrun for latest_only to 2023-10-18T17:18:43.511378+00:00, run_after=2023-10-18T21:18:43.511378+00:00
[2023-10-18T21:18:43.532+0000] {processor.py:179} INFO - Processing /home/airflow/.local/lib/python3.8/site-packages/airflow/example_dags/example_latest_only.py took 0.089 seconds
[2023-10-18T21:19:13.691+0000] {processor.py:157} INFO - Started process (PID=485) to work on /home/airflow/.local/lib/python3.8/site-packages/airflow/example_dags/example_latest_only.py
[2023-10-18T21:19:13.692+0000] {processor.py:829} INFO - Processing file /home/airflow/.local/lib/python3.8/site-packages/airflow/example_dags/example_latest_only.py for tasks to queue
[2023-10-18T21:19:13.696+0000] {logging_mixin.py:151} INFO - [2023-10-18T21:19:13.695+0000] {dagbag.py:536} INFO - Filling up the DagBag from /home/airflow/.local/lib/python3.8/site-packages/airflow/example_dags/example_latest_only.py
[2023-10-18T21:19:13.703+0000] {processor.py:839} INFO - DAG(s) dict_keys(['latest_only']) retrieved from /home/airflow/.local/lib/python3.8/site-packages/airflow/example_dags/example_latest_only.py
[2023-10-18T21:19:13.730+0000] {logging_mixin.py:151} INFO - [2023-10-18T21:19:13.729+0000] {dag.py:2941} INFO - Sync 1 DAGs
[2023-10-18T21:19:13.758+0000] {logging_mixin.py:151} INFO - [2023-10-18T21:19:13.758+0000] {dag.py:3722} INFO - Setting next_dagrun for latest_only to 2023-10-18T17:19:13.757745+00:00, run_after=2023-10-18T21:19:13.757745+00:00
[2023-10-18T21:19:13.778+0000] {processor.py:179} INFO - Processing /home/airflow/.local/lib/python3.8/site-packages/airflow/example_dags/example_latest_only.py took 0.093 seconds
[2023-10-18T21:19:44.001+0000] {processor.py:157} INFO - Started process (PID=538) to work on /home/airflow/.local/lib/python3.8/site-packages/airflow/example_dags/example_latest_only.py
[2023-10-18T21:19:44.002+0000] {processor.py:829} INFO - Processing file /home/airflow/.local/lib/python3.8/site-packages/airflow/example_dags/example_latest_only.py for tasks to queue
[2023-10-18T21:19:44.005+0000] {logging_mixin.py:151} INFO - [2023-10-18T21:19:44.005+0000] {dagbag.py:536} INFO - Filling up the DagBag from /home/airflow/.local/lib/python3.8/site-packages/airflow/example_dags/example_latest_only.py
[2023-10-18T21:19:44.017+0000] {processor.py:839} INFO - DAG(s) dict_keys(['latest_only']) retrieved from /home/airflow/.local/lib/python3.8/site-packages/airflow/example_dags/example_latest_only.py
[2023-10-18T21:19:44.041+0000] {logging_mixin.py:151} INFO - [2023-10-18T21:19:44.041+0000] {dag.py:2941} INFO - Sync 1 DAGs
[2023-10-18T21:19:44.067+0000] {logging_mixin.py:151} INFO - [2023-10-18T21:19:44.067+0000] {dag.py:3722} INFO - Setting next_dagrun for latest_only to 2023-10-18T17:19:44.066815+00:00, run_after=2023-10-18T21:19:44.066815+00:00
[2023-10-18T21:19:44.086+0000] {processor.py:179} INFO - Processing /home/airflow/.local/lib/python3.8/site-packages/airflow/example_dags/example_latest_only.py took 0.090 seconds
[2023-10-18T21:20:14.477+0000] {processor.py:157} INFO - Started process (PID=591) to work on /home/airflow/.local/lib/python3.8/site-packages/airflow/example_dags/example_latest_only.py
[2023-10-18T21:20:14.479+0000] {processor.py:829} INFO - Processing file /home/airflow/.local/lib/python3.8/site-packages/airflow/example_dags/example_latest_only.py for tasks to queue
[2023-10-18T21:20:14.481+0000] {logging_mixin.py:151} INFO - [2023-10-18T21:20:14.481+0000] {dagbag.py:536} INFO - Filling up the DagBag from /home/airflow/.local/lib/python3.8/site-packages/airflow/example_dags/example_latest_only.py
[2023-10-18T21:20:14.487+0000] {processor.py:839} INFO - DAG(s) dict_keys(['latest_only']) retrieved from /home/airflow/.local/lib/python3.8/site-packages/airflow/example_dags/example_latest_only.py
[2023-10-18T21:20:14.511+0000] {logging_mixin.py:151} INFO - [2023-10-18T21:20:14.511+0000] {dag.py:2941} INFO - Sync 1 DAGs
[2023-10-18T21:20:14.541+0000] {logging_mixin.py:151} INFO - [2023-10-18T21:20:14.541+0000] {dag.py:3722} INFO - Setting next_dagrun for latest_only to 2023-10-18T17:20:14.541318+00:00, run_after=2023-10-18T21:20:14.541318+00:00
[2023-10-18T21:20:14.561+0000] {processor.py:179} INFO - Processing /home/airflow/.local/lib/python3.8/site-packages/airflow/example_dags/example_latest_only.py took 0.088 seconds
[2023-10-18T21:20:44.876+0000] {processor.py:157} INFO - Started process (PID=644) to work on /home/airflow/.local/lib/python3.8/site-packages/airflow/example_dags/example_latest_only.py
[2023-10-18T21:20:44.878+0000] {processor.py:829} INFO - Processing file /home/airflow/.local/lib/python3.8/site-packages/airflow/example_dags/example_latest_only.py for tasks to queue
[2023-10-18T21:20:44.881+0000] {logging_mixin.py:151} INFO - [2023-10-18T21:20:44.881+0000] {dagbag.py:536} INFO - Filling up the DagBag from /home/airflow/.local/lib/python3.8/site-packages/airflow/example_dags/example_latest_only.py
[2023-10-18T21:20:44.887+0000] {processor.py:839} INFO - DAG(s) dict_keys(['latest_only']) retrieved from /home/airflow/.local/lib/python3.8/site-packages/airflow/example_dags/example_latest_only.py
[2023-10-18T21:20:44.910+0000] {logging_mixin.py:151} INFO - [2023-10-18T21:20:44.910+0000] {dag.py:2941} INFO - Sync 1 DAGs
[2023-10-18T21:20:44.936+0000] {logging_mixin.py:151} INFO - [2023-10-18T21:20:44.936+0000] {dag.py:3722} INFO - Setting next_dagrun for latest_only to 2023-10-18T17:20:44.935850+00:00, run_after=2023-10-18T21:20:44.935850+00:00
[2023-10-18T21:20:44.955+0000] {processor.py:179} INFO - Processing /home/airflow/.local/lib/python3.8/site-packages/airflow/example_dags/example_latest_only.py took 0.084 seconds
[2023-10-18T21:21:15.064+0000] {processor.py:157} INFO - Started process (PID=697) to work on /home/airflow/.local/lib/python3.8/site-packages/airflow/example_dags/example_latest_only.py
[2023-10-18T21:21:15.065+0000] {processor.py:829} INFO - Processing file /home/airflow/.local/lib/python3.8/site-packages/airflow/example_dags/example_latest_only.py for tasks to queue
[2023-10-18T21:21:15.068+0000] {logging_mixin.py:151} INFO - [2023-10-18T21:21:15.068+0000] {dagbag.py:536} INFO - Filling up the DagBag from /home/airflow/.local/lib/python3.8/site-packages/airflow/example_dags/example_latest_only.py
[2023-10-18T21:21:15.075+0000] {processor.py:839} INFO - DAG(s) dict_keys(['latest_only']) retrieved from /home/airflow/.local/lib/python3.8/site-packages/airflow/example_dags/example_latest_only.py
[2023-10-18T21:21:15.102+0000] {logging_mixin.py:151} INFO - [2023-10-18T21:21:15.102+0000] {dag.py:2941} INFO - Sync 1 DAGs
[2023-10-18T21:21:15.130+0000] {logging_mixin.py:151} INFO - [2023-10-18T21:21:15.130+0000] {dag.py:3722} INFO - Setting next_dagrun for latest_only to 2023-10-18T17:21:15.129872+00:00, run_after=2023-10-18T21:21:15.129872+00:00
[2023-10-18T21:21:15.148+0000] {processor.py:179} INFO - Processing /home/airflow/.local/lib/python3.8/site-packages/airflow/example_dags/example_latest_only.py took 0.089 seconds
[2023-10-18T21:21:45.624+0000] {processor.py:157} INFO - Started process (PID=751) to work on /home/airflow/.local/lib/python3.8/site-packages/airflow/example_dags/example_latest_only.py
[2023-10-18T21:21:45.626+0000] {processor.py:829} INFO - Processing file /home/airflow/.local/lib/python3.8/site-packages/airflow/example_dags/example_latest_only.py for tasks to queue
[2023-10-18T21:21:45.628+0000] {logging_mixin.py:151} INFO - [2023-10-18T21:21:45.628+0000] {dagbag.py:536} INFO - Filling up the DagBag from /home/airflow/.local/lib/python3.8/site-packages/airflow/example_dags/example_latest_only.py
[2023-10-18T21:21:45.635+0000] {processor.py:839} INFO - DAG(s) dict_keys(['latest_only']) retrieved from /home/airflow/.local/lib/python3.8/site-packages/airflow/example_dags/example_latest_only.py
[2023-10-18T21:21:45.666+0000] {logging_mixin.py:151} INFO - [2023-10-18T21:21:45.665+0000] {dag.py:2941} INFO - Sync 1 DAGs
[2023-10-18T21:21:45.690+0000] {logging_mixin.py:151} INFO - [2023-10-18T21:21:45.689+0000] {dag.py:3722} INFO - Setting next_dagrun for latest_only to 2023-10-18T17:21:45.689651+00:00, run_after=2023-10-18T21:21:45.689651+00:00
[2023-10-18T21:21:45.707+0000] {processor.py:179} INFO - Processing /home/airflow/.local/lib/python3.8/site-packages/airflow/example_dags/example_latest_only.py took 0.090 seconds
[2023-10-18T21:23:48.857+0000] {processor.py:157} INFO - Started process (PID=62) to work on /home/airflow/.local/lib/python3.8/site-packages/airflow/example_dags/example_latest_only.py
[2023-10-18T21:23:48.858+0000] {processor.py:829} INFO - Processing file /home/airflow/.local/lib/python3.8/site-packages/airflow/example_dags/example_latest_only.py for tasks to queue
[2023-10-18T21:23:48.861+0000] {logging_mixin.py:151} INFO - [2023-10-18T21:23:48.860+0000] {dagbag.py:536} INFO - Filling up the DagBag from /home/airflow/.local/lib/python3.8/site-packages/airflow/example_dags/example_latest_only.py
[2023-10-18T21:23:48.869+0000] {processor.py:839} INFO - DAG(s) dict_keys(['latest_only']) retrieved from /home/airflow/.local/lib/python3.8/site-packages/airflow/example_dags/example_latest_only.py
[2023-10-18T21:23:48.885+0000] {logging_mixin.py:151} INFO - [2023-10-18T21:23:48.884+0000] {dag.py:2941} INFO - Sync 1 DAGs
[2023-10-18T21:23:48.912+0000] {logging_mixin.py:151} INFO - [2023-10-18T21:23:48.911+0000] {dag.py:3722} INFO - Setting next_dagrun for latest_only to 2023-10-18T17:23:48.911467+00:00, run_after=2023-10-18T21:23:48.911467+00:00
[2023-10-18T21:23:48.928+0000] {processor.py:179} INFO - Processing /home/airflow/.local/lib/python3.8/site-packages/airflow/example_dags/example_latest_only.py took 0.076 seconds
[2023-10-18T21:24:19.330+0000] {processor.py:157} INFO - Started process (PID=115) to work on /home/airflow/.local/lib/python3.8/site-packages/airflow/example_dags/example_latest_only.py
[2023-10-18T21:24:19.331+0000] {processor.py:829} INFO - Processing file /home/airflow/.local/lib/python3.8/site-packages/airflow/example_dags/example_latest_only.py for tasks to queue
[2023-10-18T21:24:19.333+0000] {logging_mixin.py:151} INFO - [2023-10-18T21:24:19.333+0000] {dagbag.py:536} INFO - Filling up the DagBag from /home/airflow/.local/lib/python3.8/site-packages/airflow/example_dags/example_latest_only.py
[2023-10-18T21:24:19.339+0000] {processor.py:839} INFO - DAG(s) dict_keys(['latest_only']) retrieved from /home/airflow/.local/lib/python3.8/site-packages/airflow/example_dags/example_latest_only.py
[2023-10-18T21:24:19.365+0000] {logging_mixin.py:151} INFO - [2023-10-18T21:24:19.365+0000] {dag.py:2941} INFO - Sync 1 DAGs
[2023-10-18T21:24:19.393+0000] {logging_mixin.py:151} INFO - [2023-10-18T21:24:19.392+0000] {dag.py:3722} INFO - Setting next_dagrun for latest_only to 2023-10-18T17:24:19.392602+00:00, run_after=2023-10-18T21:24:19.392602+00:00
[2023-10-18T21:24:19.413+0000] {processor.py:179} INFO - Processing /home/airflow/.local/lib/python3.8/site-packages/airflow/example_dags/example_latest_only.py took 0.088 seconds
[2023-10-18T21:24:49.796+0000] {processor.py:157} INFO - Started process (PID=168) to work on /home/airflow/.local/lib/python3.8/site-packages/airflow/example_dags/example_latest_only.py
[2023-10-18T21:24:49.797+0000] {processor.py:829} INFO - Processing file /home/airflow/.local/lib/python3.8/site-packages/airflow/example_dags/example_latest_only.py for tasks to queue
[2023-10-18T21:24:49.799+0000] {logging_mixin.py:151} INFO - [2023-10-18T21:24:49.799+0000] {dagbag.py:536} INFO - Filling up the DagBag from /home/airflow/.local/lib/python3.8/site-packages/airflow/example_dags/example_latest_only.py
[2023-10-18T21:24:49.805+0000] {processor.py:839} INFO - DAG(s) dict_keys(['latest_only']) retrieved from /home/airflow/.local/lib/python3.8/site-packages/airflow/example_dags/example_latest_only.py
[2023-10-18T21:24:49.832+0000] {logging_mixin.py:151} INFO - [2023-10-18T21:24:49.832+0000] {dag.py:2941} INFO - Sync 1 DAGs
[2023-10-18T21:24:49.867+0000] {logging_mixin.py:151} INFO - [2023-10-18T21:24:49.867+0000] {dag.py:3722} INFO - Setting next_dagrun for latest_only to 2023-10-18T17:24:49.866354+00:00, run_after=2023-10-18T21:24:49.866354+00:00
[2023-10-18T21:24:49.889+0000] {processor.py:179} INFO - Processing /home/airflow/.local/lib/python3.8/site-packages/airflow/example_dags/example_latest_only.py took 0.102 seconds
[2023-10-18T21:25:20.469+0000] {processor.py:157} INFO - Started process (PID=221) to work on /home/airflow/.local/lib/python3.8/site-packages/airflow/example_dags/example_latest_only.py
[2023-10-18T21:25:20.470+0000] {processor.py:829} INFO - Processing file /home/airflow/.local/lib/python3.8/site-packages/airflow/example_dags/example_latest_only.py for tasks to queue
[2023-10-18T21:25:20.472+0000] {logging_mixin.py:151} INFO - [2023-10-18T21:25:20.472+0000] {dagbag.py:536} INFO - Filling up the DagBag from /home/airflow/.local/lib/python3.8/site-packages/airflow/example_dags/example_latest_only.py
[2023-10-18T21:25:20.477+0000] {processor.py:839} INFO - DAG(s) dict_keys(['latest_only']) retrieved from /home/airflow/.local/lib/python3.8/site-packages/airflow/example_dags/example_latest_only.py
[2023-10-18T21:25:20.489+0000] {logging_mixin.py:151} INFO - [2023-10-18T21:25:20.489+0000] {dag.py:2941} INFO - Sync 1 DAGs
[2023-10-18T21:25:20.514+0000] {logging_mixin.py:151} INFO - [2023-10-18T21:25:20.514+0000] {dag.py:3722} INFO - Setting next_dagrun for latest_only to 2023-10-18T17:25:20.513937+00:00, run_after=2023-10-18T21:25:20.513937+00:00
[2023-10-18T21:25:20.531+0000] {processor.py:179} INFO - Processing /home/airflow/.local/lib/python3.8/site-packages/airflow/example_dags/example_latest_only.py took 0.067 seconds
[2023-10-18T21:25:51.370+0000] {processor.py:157} INFO - Started process (PID=274) to work on /home/airflow/.local/lib/python3.8/site-packages/airflow/example_dags/example_latest_only.py
[2023-10-18T21:25:51.372+0000] {processor.py:829} INFO - Processing file /home/airflow/.local/lib/python3.8/site-packages/airflow/example_dags/example_latest_only.py for tasks to queue
[2023-10-18T21:25:51.374+0000] {logging_mixin.py:151} INFO - [2023-10-18T21:25:51.374+0000] {dagbag.py:536} INFO - Filling up the DagBag from /home/airflow/.local/lib/python3.8/site-packages/airflow/example_dags/example_latest_only.py
[2023-10-18T21:25:51.380+0000] {processor.py:839} INFO - DAG(s) dict_keys(['latest_only']) retrieved from /home/airflow/.local/lib/python3.8/site-packages/airflow/example_dags/example_latest_only.py
[2023-10-18T21:25:51.404+0000] {logging_mixin.py:151} INFO - [2023-10-18T21:25:51.404+0000] {dag.py:2941} INFO - Sync 1 DAGs
[2023-10-18T21:25:51.428+0000] {logging_mixin.py:151} INFO - [2023-10-18T21:25:51.428+0000] {dag.py:3722} INFO - Setting next_dagrun for latest_only to 2023-10-18T17:25:51.427999+00:00, run_after=2023-10-18T21:25:51.427999+00:00
[2023-10-18T21:25:51.446+0000] {processor.py:179} INFO - Processing /home/airflow/.local/lib/python3.8/site-packages/airflow/example_dags/example_latest_only.py took 0.082 seconds
[2023-10-18T21:26:21.536+0000] {processor.py:157} INFO - Started process (PID=327) to work on /home/airflow/.local/lib/python3.8/site-packages/airflow/example_dags/example_latest_only.py
[2023-10-18T21:26:21.537+0000] {processor.py:829} INFO - Processing file /home/airflow/.local/lib/python3.8/site-packages/airflow/example_dags/example_latest_only.py for tasks to queue
[2023-10-18T21:26:21.539+0000] {logging_mixin.py:151} INFO - [2023-10-18T21:26:21.539+0000] {dagbag.py:536} INFO - Filling up the DagBag from /home/airflow/.local/lib/python3.8/site-packages/airflow/example_dags/example_latest_only.py
[2023-10-18T21:26:21.545+0000] {processor.py:839} INFO - DAG(s) dict_keys(['latest_only']) retrieved from /home/airflow/.local/lib/python3.8/site-packages/airflow/example_dags/example_latest_only.py
[2023-10-18T21:26:21.572+0000] {logging_mixin.py:151} INFO - [2023-10-18T21:26:21.572+0000] {dag.py:2941} INFO - Sync 1 DAGs
[2023-10-18T21:26:21.600+0000] {logging_mixin.py:151} INFO - [2023-10-18T21:26:21.600+0000] {dag.py:3722} INFO - Setting next_dagrun for latest_only to 2023-10-18T17:26:21.600227+00:00, run_after=2023-10-18T21:26:21.600227+00:00
[2023-10-18T21:26:21.630+0000] {processor.py:179} INFO - Processing /home/airflow/.local/lib/python3.8/site-packages/airflow/example_dags/example_latest_only.py took 0.099 seconds
[2023-10-18T21:26:51.686+0000] {processor.py:157} INFO - Started process (PID=380) to work on /home/airflow/.local/lib/python3.8/site-packages/airflow/example_dags/example_latest_only.py
[2023-10-18T21:26:51.687+0000] {processor.py:829} INFO - Processing file /home/airflow/.local/lib/python3.8/site-packages/airflow/example_dags/example_latest_only.py for tasks to queue
[2023-10-18T21:26:51.689+0000] {logging_mixin.py:151} INFO - [2023-10-18T21:26:51.689+0000] {dagbag.py:536} INFO - Filling up the DagBag from /home/airflow/.local/lib/python3.8/site-packages/airflow/example_dags/example_latest_only.py
[2023-10-18T21:26:51.695+0000] {processor.py:839} INFO - DAG(s) dict_keys(['latest_only']) retrieved from /home/airflow/.local/lib/python3.8/site-packages/airflow/example_dags/example_latest_only.py
[2023-10-18T21:26:51.723+0000] {logging_mixin.py:151} INFO - [2023-10-18T21:26:51.723+0000] {dag.py:2941} INFO - Sync 1 DAGs
[2023-10-18T21:26:51.757+0000] {logging_mixin.py:151} INFO - [2023-10-18T21:26:51.756+0000] {dag.py:3722} INFO - Setting next_dagrun for latest_only to 2023-10-18T17:26:51.756522+00:00, run_after=2023-10-18T21:26:51.756522+00:00
[2023-10-18T21:26:51.775+0000] {processor.py:179} INFO - Processing /home/airflow/.local/lib/python3.8/site-packages/airflow/example_dags/example_latest_only.py took 0.093 seconds
[2023-10-18T21:27:21.929+0000] {processor.py:157} INFO - Started process (PID=433) to work on /home/airflow/.local/lib/python3.8/site-packages/airflow/example_dags/example_latest_only.py
[2023-10-18T21:27:21.930+0000] {processor.py:829} INFO - Processing file /home/airflow/.local/lib/python3.8/site-packages/airflow/example_dags/example_latest_only.py for tasks to queue
[2023-10-18T21:27:21.932+0000] {logging_mixin.py:151} INFO - [2023-10-18T21:27:21.932+0000] {dagbag.py:536} INFO - Filling up the DagBag from /home/airflow/.local/lib/python3.8/site-packages/airflow/example_dags/example_latest_only.py
[2023-10-18T21:27:21.938+0000] {processor.py:839} INFO - DAG(s) dict_keys(['latest_only']) retrieved from /home/airflow/.local/lib/python3.8/site-packages/airflow/example_dags/example_latest_only.py
[2023-10-18T21:27:21.958+0000] {logging_mixin.py:151} INFO - [2023-10-18T21:27:21.958+0000] {dag.py:2941} INFO - Sync 1 DAGs
[2023-10-18T21:27:21.988+0000] {logging_mixin.py:151} INFO - [2023-10-18T21:27:21.988+0000] {dag.py:3722} INFO - Setting next_dagrun for latest_only to 2023-10-18T17:27:21.987874+00:00, run_after=2023-10-18T21:27:21.987874+00:00
[2023-10-18T21:27:22.010+0000] {processor.py:179} INFO - Processing /home/airflow/.local/lib/python3.8/site-packages/airflow/example_dags/example_latest_only.py took 0.086 seconds
[2023-10-18T21:27:52.387+0000] {processor.py:157} INFO - Started process (PID=486) to work on /home/airflow/.local/lib/python3.8/site-packages/airflow/example_dags/example_latest_only.py
[2023-10-18T21:27:52.388+0000] {processor.py:829} INFO - Processing file /home/airflow/.local/lib/python3.8/site-packages/airflow/example_dags/example_latest_only.py for tasks to queue
[2023-10-18T21:27:52.391+0000] {logging_mixin.py:151} INFO - [2023-10-18T21:27:52.391+0000] {dagbag.py:536} INFO - Filling up the DagBag from /home/airflow/.local/lib/python3.8/site-packages/airflow/example_dags/example_latest_only.py
[2023-10-18T21:27:52.396+0000] {processor.py:839} INFO - DAG(s) dict_keys(['latest_only']) retrieved from /home/airflow/.local/lib/python3.8/site-packages/airflow/example_dags/example_latest_only.py
[2023-10-18T21:27:52.422+0000] {logging_mixin.py:151} INFO - [2023-10-18T21:27:52.422+0000] {dag.py:2941} INFO - Sync 1 DAGs
[2023-10-18T21:27:52.449+0000] {logging_mixin.py:151} INFO - [2023-10-18T21:27:52.449+0000] {dag.py:3722} INFO - Setting next_dagrun for latest_only to 2023-10-18T17:27:52.448735+00:00, run_after=2023-10-18T21:27:52.448735+00:00
[2023-10-18T21:27:52.466+0000] {processor.py:179} INFO - Processing /home/airflow/.local/lib/python3.8/site-packages/airflow/example_dags/example_latest_only.py took 0.085 seconds
[2023-10-18T21:28:22.868+0000] {processor.py:157} INFO - Started process (PID=539) to work on /home/airflow/.local/lib/python3.8/site-packages/airflow/example_dags/example_latest_only.py
[2023-10-18T21:28:22.870+0000] {processor.py:829} INFO - Processing file /home/airflow/.local/lib/python3.8/site-packages/airflow/example_dags/example_latest_only.py for tasks to queue
[2023-10-18T21:28:22.873+0000] {logging_mixin.py:151} INFO - [2023-10-18T21:28:22.872+0000] {dagbag.py:536} INFO - Filling up the DagBag from /home/airflow/.local/lib/python3.8/site-packages/airflow/example_dags/example_latest_only.py
[2023-10-18T21:28:22.879+0000] {processor.py:839} INFO - DAG(s) dict_keys(['latest_only']) retrieved from /home/airflow/.local/lib/python3.8/site-packages/airflow/example_dags/example_latest_only.py
[2023-10-18T21:28:22.904+0000] {logging_mixin.py:151} INFO - [2023-10-18T21:28:22.904+0000] {dag.py:2941} INFO - Sync 1 DAGs
[2023-10-18T21:28:22.940+0000] {logging_mixin.py:151} INFO - [2023-10-18T21:28:22.940+0000] {dag.py:3722} INFO - Setting next_dagrun for latest_only to 2023-10-18T17:28:22.939533+00:00, run_after=2023-10-18T21:28:22.939533+00:00
[2023-10-18T21:28:22.961+0000] {processor.py:179} INFO - Processing /home/airflow/.local/lib/python3.8/site-packages/airflow/example_dags/example_latest_only.py took 0.098 seconds
[2023-10-18T21:28:53.456+0000] {processor.py:157} INFO - Started process (PID=592) to work on /home/airflow/.local/lib/python3.8/site-packages/airflow/example_dags/example_latest_only.py
[2023-10-18T21:28:53.457+0000] {processor.py:829} INFO - Processing file /home/airflow/.local/lib/python3.8/site-packages/airflow/example_dags/example_latest_only.py for tasks to queue
[2023-10-18T21:28:53.460+0000] {logging_mixin.py:151} INFO - [2023-10-18T21:28:53.459+0000] {dagbag.py:536} INFO - Filling up the DagBag from /home/airflow/.local/lib/python3.8/site-packages/airflow/example_dags/example_latest_only.py
[2023-10-18T21:28:53.465+0000] {processor.py:839} INFO - DAG(s) dict_keys(['latest_only']) retrieved from /home/airflow/.local/lib/python3.8/site-packages/airflow/example_dags/example_latest_only.py
[2023-10-18T21:28:53.491+0000] {logging_mixin.py:151} INFO - [2023-10-18T21:28:53.491+0000] {dag.py:2941} INFO - Sync 1 DAGs
[2023-10-18T21:28:53.516+0000] {logging_mixin.py:151} INFO - [2023-10-18T21:28:53.516+0000] {dag.py:3722} INFO - Setting next_dagrun for latest_only to 2023-10-18T17:28:53.516556+00:00, run_after=2023-10-18T21:28:53.516556+00:00
[2023-10-18T21:28:53.537+0000] {processor.py:179} INFO - Processing /home/airflow/.local/lib/python3.8/site-packages/airflow/example_dags/example_latest_only.py took 0.088 seconds
[2023-10-18T21:29:23.813+0000] {processor.py:157} INFO - Started process (PID=645) to work on /home/airflow/.local/lib/python3.8/site-packages/airflow/example_dags/example_latest_only.py
[2023-10-18T21:29:23.814+0000] {processor.py:829} INFO - Processing file /home/airflow/.local/lib/python3.8/site-packages/airflow/example_dags/example_latest_only.py for tasks to queue
[2023-10-18T21:29:23.817+0000] {logging_mixin.py:151} INFO - [2023-10-18T21:29:23.816+0000] {dagbag.py:536} INFO - Filling up the DagBag from /home/airflow/.local/lib/python3.8/site-packages/airflow/example_dags/example_latest_only.py
[2023-10-18T21:29:23.823+0000] {processor.py:839} INFO - DAG(s) dict_keys(['latest_only']) retrieved from /home/airflow/.local/lib/python3.8/site-packages/airflow/example_dags/example_latest_only.py
[2023-10-18T21:29:23.848+0000] {logging_mixin.py:151} INFO - [2023-10-18T21:29:23.847+0000] {dag.py:2941} INFO - Sync 1 DAGs
[2023-10-18T21:29:23.874+0000] {logging_mixin.py:151} INFO - [2023-10-18T21:29:23.873+0000] {dag.py:3722} INFO - Setting next_dagrun for latest_only to 2023-10-18T17:29:23.873601+00:00, run_after=2023-10-18T21:29:23.873601+00:00
[2023-10-18T21:29:23.893+0000] {processor.py:179} INFO - Processing /home/airflow/.local/lib/python3.8/site-packages/airflow/example_dags/example_latest_only.py took 0.085 seconds
[2023-10-18T21:29:54.299+0000] {processor.py:157} INFO - Started process (PID=698) to work on /home/airflow/.local/lib/python3.8/site-packages/airflow/example_dags/example_latest_only.py
[2023-10-18T21:29:54.300+0000] {processor.py:829} INFO - Processing file /home/airflow/.local/lib/python3.8/site-packages/airflow/example_dags/example_latest_only.py for tasks to queue
[2023-10-18T21:29:54.302+0000] {logging_mixin.py:151} INFO - [2023-10-18T21:29:54.302+0000] {dagbag.py:536} INFO - Filling up the DagBag from /home/airflow/.local/lib/python3.8/site-packages/airflow/example_dags/example_latest_only.py
[2023-10-18T21:29:54.308+0000] {processor.py:839} INFO - DAG(s) dict_keys(['latest_only']) retrieved from /home/airflow/.local/lib/python3.8/site-packages/airflow/example_dags/example_latest_only.py
[2023-10-18T21:29:54.333+0000] {logging_mixin.py:151} INFO - [2023-10-18T21:29:54.333+0000] {dag.py:2941} INFO - Sync 1 DAGs
[2023-10-18T21:29:54.359+0000] {logging_mixin.py:151} INFO - [2023-10-18T21:29:54.358+0000] {dag.py:3722} INFO - Setting next_dagrun for latest_only to 2023-10-18T17:29:54.358659+00:00, run_after=2023-10-18T21:29:54.358659+00:00
[2023-10-18T21:29:54.377+0000] {processor.py:179} INFO - Processing /home/airflow/.local/lib/python3.8/site-packages/airflow/example_dags/example_latest_only.py took 0.084 seconds
[2023-10-18T21:30:24.846+0000] {processor.py:157} INFO - Started process (PID=752) to work on /home/airflow/.local/lib/python3.8/site-packages/airflow/example_dags/example_latest_only.py
[2023-10-18T21:30:24.847+0000] {processor.py:829} INFO - Processing file /home/airflow/.local/lib/python3.8/site-packages/airflow/example_dags/example_latest_only.py for tasks to queue
[2023-10-18T21:30:24.850+0000] {logging_mixin.py:151} INFO - [2023-10-18T21:30:24.849+0000] {dagbag.py:536} INFO - Filling up the DagBag from /home/airflow/.local/lib/python3.8/site-packages/airflow/example_dags/example_latest_only.py
[2023-10-18T21:30:24.855+0000] {processor.py:839} INFO - DAG(s) dict_keys(['latest_only']) retrieved from /home/airflow/.local/lib/python3.8/site-packages/airflow/example_dags/example_latest_only.py
[2023-10-18T21:30:24.883+0000] {logging_mixin.py:151} INFO - [2023-10-18T21:30:24.882+0000] {dag.py:2941} INFO - Sync 1 DAGs
[2023-10-18T21:30:24.909+0000] {logging_mixin.py:151} INFO - [2023-10-18T21:30:24.909+0000] {dag.py:3722} INFO - Setting next_dagrun for latest_only to 2023-10-18T17:30:24.908909+00:00, run_after=2023-10-18T21:30:24.908909+00:00
[2023-10-18T21:30:24.929+0000] {processor.py:179} INFO - Processing /home/airflow/.local/lib/python3.8/site-packages/airflow/example_dags/example_latest_only.py took 0.088 seconds
[2023-10-18T21:30:55.821+0000] {processor.py:157} INFO - Started process (PID=806) to work on /home/airflow/.local/lib/python3.8/site-packages/airflow/example_dags/example_latest_only.py
[2023-10-18T21:30:55.823+0000] {processor.py:829} INFO - Processing file /home/airflow/.local/lib/python3.8/site-packages/airflow/example_dags/example_latest_only.py for tasks to queue
[2023-10-18T21:30:55.825+0000] {logging_mixin.py:151} INFO - [2023-10-18T21:30:55.825+0000] {dagbag.py:536} INFO - Filling up the DagBag from /home/airflow/.local/lib/python3.8/site-packages/airflow/example_dags/example_latest_only.py
[2023-10-18T21:30:55.831+0000] {processor.py:839} INFO - DAG(s) dict_keys(['latest_only']) retrieved from /home/airflow/.local/lib/python3.8/site-packages/airflow/example_dags/example_latest_only.py
[2023-10-18T21:30:55.858+0000] {logging_mixin.py:151} INFO - [2023-10-18T21:30:55.858+0000] {dag.py:2941} INFO - Sync 1 DAGs
[2023-10-18T21:30:55.884+0000] {logging_mixin.py:151} INFO - [2023-10-18T21:30:55.884+0000] {dag.py:3722} INFO - Setting next_dagrun for latest_only to 2023-10-18T17:30:55.884051+00:00, run_after=2023-10-18T21:30:55.884051+00:00
[2023-10-18T21:30:55.905+0000] {processor.py:179} INFO - Processing /home/airflow/.local/lib/python3.8/site-packages/airflow/example_dags/example_latest_only.py took 0.088 seconds
[2023-10-18T21:31:25.967+0000] {processor.py:157} INFO - Started process (PID=859) to work on /home/airflow/.local/lib/python3.8/site-packages/airflow/example_dags/example_latest_only.py
[2023-10-18T21:31:25.968+0000] {processor.py:829} INFO - Processing file /home/airflow/.local/lib/python3.8/site-packages/airflow/example_dags/example_latest_only.py for tasks to queue
[2023-10-18T21:31:25.971+0000] {logging_mixin.py:151} INFO - [2023-10-18T21:31:25.971+0000] {dagbag.py:536} INFO - Filling up the DagBag from /home/airflow/.local/lib/python3.8/site-packages/airflow/example_dags/example_latest_only.py
[2023-10-18T21:31:25.977+0000] {processor.py:839} INFO - DAG(s) dict_keys(['latest_only']) retrieved from /home/airflow/.local/lib/python3.8/site-packages/airflow/example_dags/example_latest_only.py
[2023-10-18T21:31:26.004+0000] {logging_mixin.py:151} INFO - [2023-10-18T21:31:26.004+0000] {dag.py:2941} INFO - Sync 1 DAGs
[2023-10-18T21:31:26.030+0000] {logging_mixin.py:151} INFO - [2023-10-18T21:31:26.030+0000] {dag.py:3722} INFO - Setting next_dagrun for latest_only to 2023-10-18T17:31:26.030096+00:00, run_after=2023-10-18T21:31:26.030096+00:00
[2023-10-18T21:31:26.048+0000] {processor.py:179} INFO - Processing /home/airflow/.local/lib/python3.8/site-packages/airflow/example_dags/example_latest_only.py took 0.085 seconds
