[2023-10-18T21:06:45.647+0000] {processor.py:157} INFO - Started process (PID=32) to work on /home/airflow/.local/lib/python3.8/site-packages/airflow/example_dags/tutorial_dag.py
[2023-10-18T21:06:45.648+0000] {processor.py:829} INFO - Processing file /home/airflow/.local/lib/python3.8/site-packages/airflow/example_dags/tutorial_dag.py for tasks to queue
[2023-10-18T21:06:45.650+0000] {logging_mixin.py:151} INFO - [2023-10-18T21:06:45.650+0000] {dagbag.py:536} INFO - Filling up the DagBag from /home/airflow/.local/lib/python3.8/site-packages/airflow/example_dags/tutorial_dag.py
[2023-10-18T21:06:45.677+0000] {processor.py:839} INFO - DAG(s) dict_keys(['tutorial_dag']) retrieved from /home/airflow/.local/lib/python3.8/site-packages/airflow/example_dags/tutorial_dag.py
[2023-10-18T21:06:45.727+0000] {logging_mixin.py:151} INFO - [2023-10-18T21:06:45.727+0000] {dag.py:2941} INFO - Sync 1 DAGs
[2023-10-18T21:06:45.751+0000] {logging_mixin.py:151} INFO - [2023-10-18T21:06:45.750+0000] {dag.py:3722} INFO - Setting next_dagrun for tutorial_dag to None, run_after=None
[2023-10-18T21:06:45.772+0000] {processor.py:179} INFO - Processing /home/airflow/.local/lib/python3.8/site-packages/airflow/example_dags/tutorial_dag.py took 0.133 seconds
[2023-10-18T21:07:15.836+0000] {processor.py:157} INFO - Started process (PID=85) to work on /home/airflow/.local/lib/python3.8/site-packages/airflow/example_dags/tutorial_dag.py
[2023-10-18T21:07:15.838+0000] {processor.py:829} INFO - Processing file /home/airflow/.local/lib/python3.8/site-packages/airflow/example_dags/tutorial_dag.py for tasks to queue
[2023-10-18T21:07:15.841+0000] {logging_mixin.py:151} INFO - [2023-10-18T21:07:15.841+0000] {dagbag.py:536} INFO - Filling up the DagBag from /home/airflow/.local/lib/python3.8/site-packages/airflow/example_dags/tutorial_dag.py
[2023-10-18T21:07:15.848+0000] {processor.py:839} INFO - DAG(s) dict_keys(['tutorial_dag']) retrieved from /home/airflow/.local/lib/python3.8/site-packages/airflow/example_dags/tutorial_dag.py
[2023-10-18T21:07:15.876+0000] {logging_mixin.py:151} INFO - [2023-10-18T21:07:15.876+0000] {dag.py:2941} INFO - Sync 1 DAGs
[2023-10-18T21:07:15.893+0000] {logging_mixin.py:151} INFO - [2023-10-18T21:07:15.892+0000] {dag.py:3722} INFO - Setting next_dagrun for tutorial_dag to None, run_after=None
[2023-10-18T21:07:15.915+0000] {processor.py:179} INFO - Processing /home/airflow/.local/lib/python3.8/site-packages/airflow/example_dags/tutorial_dag.py took 0.086 seconds
[2023-10-18T21:07:46.006+0000] {processor.py:157} INFO - Started process (PID=138) to work on /home/airflow/.local/lib/python3.8/site-packages/airflow/example_dags/tutorial_dag.py
[2023-10-18T21:07:46.008+0000] {processor.py:829} INFO - Processing file /home/airflow/.local/lib/python3.8/site-packages/airflow/example_dags/tutorial_dag.py for tasks to queue
[2023-10-18T21:07:46.010+0000] {logging_mixin.py:151} INFO - [2023-10-18T21:07:46.010+0000] {dagbag.py:536} INFO - Filling up the DagBag from /home/airflow/.local/lib/python3.8/site-packages/airflow/example_dags/tutorial_dag.py
[2023-10-18T21:07:46.017+0000] {processor.py:839} INFO - DAG(s) dict_keys(['tutorial_dag']) retrieved from /home/airflow/.local/lib/python3.8/site-packages/airflow/example_dags/tutorial_dag.py
[2023-10-18T21:07:46.051+0000] {logging_mixin.py:151} INFO - [2023-10-18T21:07:46.051+0000] {dag.py:2941} INFO - Sync 1 DAGs
[2023-10-18T21:07:46.067+0000] {logging_mixin.py:151} INFO - [2023-10-18T21:07:46.066+0000] {dag.py:3722} INFO - Setting next_dagrun for tutorial_dag to None, run_after=None
[2023-10-18T21:07:46.086+0000] {processor.py:179} INFO - Processing /home/airflow/.local/lib/python3.8/site-packages/airflow/example_dags/tutorial_dag.py took 0.086 seconds
[2023-10-18T21:08:16.229+0000] {processor.py:157} INFO - Started process (PID=191) to work on /home/airflow/.local/lib/python3.8/site-packages/airflow/example_dags/tutorial_dag.py
[2023-10-18T21:08:16.230+0000] {processor.py:829} INFO - Processing file /home/airflow/.local/lib/python3.8/site-packages/airflow/example_dags/tutorial_dag.py for tasks to queue
[2023-10-18T21:08:16.233+0000] {logging_mixin.py:151} INFO - [2023-10-18T21:08:16.233+0000] {dagbag.py:536} INFO - Filling up the DagBag from /home/airflow/.local/lib/python3.8/site-packages/airflow/example_dags/tutorial_dag.py
[2023-10-18T21:08:16.241+0000] {processor.py:839} INFO - DAG(s) dict_keys(['tutorial_dag']) retrieved from /home/airflow/.local/lib/python3.8/site-packages/airflow/example_dags/tutorial_dag.py
[2023-10-18T21:08:16.275+0000] {logging_mixin.py:151} INFO - [2023-10-18T21:08:16.274+0000] {dag.py:2941} INFO - Sync 1 DAGs
[2023-10-18T21:08:16.294+0000] {logging_mixin.py:151} INFO - [2023-10-18T21:08:16.293+0000] {dag.py:3722} INFO - Setting next_dagrun for tutorial_dag to None, run_after=None
[2023-10-18T21:08:16.315+0000] {processor.py:179} INFO - Processing /home/airflow/.local/lib/python3.8/site-packages/airflow/example_dags/tutorial_dag.py took 0.092 seconds
[2023-10-18T21:08:46.640+0000] {processor.py:157} INFO - Started process (PID=245) to work on /home/airflow/.local/lib/python3.8/site-packages/airflow/example_dags/tutorial_dag.py
[2023-10-18T21:08:46.641+0000] {processor.py:829} INFO - Processing file /home/airflow/.local/lib/python3.8/site-packages/airflow/example_dags/tutorial_dag.py for tasks to queue
[2023-10-18T21:08:46.645+0000] {logging_mixin.py:151} INFO - [2023-10-18T21:08:46.644+0000] {dagbag.py:536} INFO - Filling up the DagBag from /home/airflow/.local/lib/python3.8/site-packages/airflow/example_dags/tutorial_dag.py
[2023-10-18T21:08:46.650+0000] {processor.py:839} INFO - DAG(s) dict_keys(['tutorial_dag']) retrieved from /home/airflow/.local/lib/python3.8/site-packages/airflow/example_dags/tutorial_dag.py
[2023-10-18T21:08:46.680+0000] {logging_mixin.py:151} INFO - [2023-10-18T21:08:46.679+0000] {dag.py:2941} INFO - Sync 1 DAGs
[2023-10-18T21:08:46.696+0000] {logging_mixin.py:151} INFO - [2023-10-18T21:08:46.695+0000] {dag.py:3722} INFO - Setting next_dagrun for tutorial_dag to None, run_after=None
[2023-10-18T21:08:46.713+0000] {processor.py:179} INFO - Processing /home/airflow/.local/lib/python3.8/site-packages/airflow/example_dags/tutorial_dag.py took 0.079 seconds
[2023-10-18T21:09:16.755+0000] {processor.py:157} INFO - Started process (PID=297) to work on /home/airflow/.local/lib/python3.8/site-packages/airflow/example_dags/tutorial_dag.py
[2023-10-18T21:09:16.756+0000] {processor.py:829} INFO - Processing file /home/airflow/.local/lib/python3.8/site-packages/airflow/example_dags/tutorial_dag.py for tasks to queue
[2023-10-18T21:09:16.759+0000] {logging_mixin.py:151} INFO - [2023-10-18T21:09:16.759+0000] {dagbag.py:536} INFO - Filling up the DagBag from /home/airflow/.local/lib/python3.8/site-packages/airflow/example_dags/tutorial_dag.py
[2023-10-18T21:09:16.765+0000] {processor.py:839} INFO - DAG(s) dict_keys(['tutorial_dag']) retrieved from /home/airflow/.local/lib/python3.8/site-packages/airflow/example_dags/tutorial_dag.py
[2023-10-18T21:09:16.793+0000] {logging_mixin.py:151} INFO - [2023-10-18T21:09:16.793+0000] {dag.py:2941} INFO - Sync 1 DAGs
[2023-10-18T21:09:16.809+0000] {logging_mixin.py:151} INFO - [2023-10-18T21:09:16.809+0000] {dag.py:3722} INFO - Setting next_dagrun for tutorial_dag to None, run_after=None
[2023-10-18T21:09:16.830+0000] {processor.py:179} INFO - Processing /home/airflow/.local/lib/python3.8/site-packages/airflow/example_dags/tutorial_dag.py took 0.082 seconds
[2023-10-18T21:09:46.948+0000] {processor.py:157} INFO - Started process (PID=350) to work on /home/airflow/.local/lib/python3.8/site-packages/airflow/example_dags/tutorial_dag.py
[2023-10-18T21:09:46.950+0000] {processor.py:829} INFO - Processing file /home/airflow/.local/lib/python3.8/site-packages/airflow/example_dags/tutorial_dag.py for tasks to queue
[2023-10-18T21:09:46.953+0000] {logging_mixin.py:151} INFO - [2023-10-18T21:09:46.952+0000] {dagbag.py:536} INFO - Filling up the DagBag from /home/airflow/.local/lib/python3.8/site-packages/airflow/example_dags/tutorial_dag.py
[2023-10-18T21:09:46.959+0000] {processor.py:839} INFO - DAG(s) dict_keys(['tutorial_dag']) retrieved from /home/airflow/.local/lib/python3.8/site-packages/airflow/example_dags/tutorial_dag.py
[2023-10-18T21:09:46.987+0000] {logging_mixin.py:151} INFO - [2023-10-18T21:09:46.987+0000] {dag.py:2941} INFO - Sync 1 DAGs
[2023-10-18T21:09:47.002+0000] {logging_mixin.py:151} INFO - [2023-10-18T21:09:47.002+0000] {dag.py:3722} INFO - Setting next_dagrun for tutorial_dag to None, run_after=None
[2023-10-18T21:09:47.026+0000] {processor.py:179} INFO - Processing /home/airflow/.local/lib/python3.8/site-packages/airflow/example_dags/tutorial_dag.py took 0.084 seconds
[2023-10-18T21:10:17.419+0000] {processor.py:157} INFO - Started process (PID=404) to work on /home/airflow/.local/lib/python3.8/site-packages/airflow/example_dags/tutorial_dag.py
[2023-10-18T21:10:17.420+0000] {processor.py:829} INFO - Processing file /home/airflow/.local/lib/python3.8/site-packages/airflow/example_dags/tutorial_dag.py for tasks to queue
[2023-10-18T21:10:17.423+0000] {logging_mixin.py:151} INFO - [2023-10-18T21:10:17.422+0000] {dagbag.py:536} INFO - Filling up the DagBag from /home/airflow/.local/lib/python3.8/site-packages/airflow/example_dags/tutorial_dag.py
[2023-10-18T21:10:17.430+0000] {processor.py:839} INFO - DAG(s) dict_keys(['tutorial_dag']) retrieved from /home/airflow/.local/lib/python3.8/site-packages/airflow/example_dags/tutorial_dag.py
[2023-10-18T21:10:17.454+0000] {logging_mixin.py:151} INFO - [2023-10-18T21:10:17.454+0000] {dag.py:2941} INFO - Sync 1 DAGs
[2023-10-18T21:10:17.470+0000] {logging_mixin.py:151} INFO - [2023-10-18T21:10:17.470+0000] {dag.py:3722} INFO - Setting next_dagrun for tutorial_dag to None, run_after=None
[2023-10-18T21:10:17.491+0000] {processor.py:179} INFO - Processing /home/airflow/.local/lib/python3.8/site-packages/airflow/example_dags/tutorial_dag.py took 0.076 seconds
[2023-10-18T21:10:47.725+0000] {processor.py:157} INFO - Started process (PID=457) to work on /home/airflow/.local/lib/python3.8/site-packages/airflow/example_dags/tutorial_dag.py
[2023-10-18T21:10:47.726+0000] {processor.py:829} INFO - Processing file /home/airflow/.local/lib/python3.8/site-packages/airflow/example_dags/tutorial_dag.py for tasks to queue
[2023-10-18T21:10:47.728+0000] {logging_mixin.py:151} INFO - [2023-10-18T21:10:47.728+0000] {dagbag.py:536} INFO - Filling up the DagBag from /home/airflow/.local/lib/python3.8/site-packages/airflow/example_dags/tutorial_dag.py
[2023-10-18T21:10:47.735+0000] {processor.py:839} INFO - DAG(s) dict_keys(['tutorial_dag']) retrieved from /home/airflow/.local/lib/python3.8/site-packages/airflow/example_dags/tutorial_dag.py
[2023-10-18T21:10:47.757+0000] {logging_mixin.py:151} INFO - [2023-10-18T21:10:47.757+0000] {dag.py:2941} INFO - Sync 1 DAGs
[2023-10-18T21:10:47.772+0000] {logging_mixin.py:151} INFO - [2023-10-18T21:10:47.771+0000] {dag.py:3722} INFO - Setting next_dagrun for tutorial_dag to None, run_after=None
[2023-10-18T21:10:47.789+0000] {processor.py:179} INFO - Processing /home/airflow/.local/lib/python3.8/site-packages/airflow/example_dags/tutorial_dag.py took 0.067 seconds
[2023-10-18T21:11:18.282+0000] {processor.py:157} INFO - Started process (PID=510) to work on /home/airflow/.local/lib/python3.8/site-packages/airflow/example_dags/tutorial_dag.py
[2023-10-18T21:11:18.283+0000] {processor.py:829} INFO - Processing file /home/airflow/.local/lib/python3.8/site-packages/airflow/example_dags/tutorial_dag.py for tasks to queue
[2023-10-18T21:11:18.286+0000] {logging_mixin.py:151} INFO - [2023-10-18T21:11:18.285+0000] {dagbag.py:536} INFO - Filling up the DagBag from /home/airflow/.local/lib/python3.8/site-packages/airflow/example_dags/tutorial_dag.py
[2023-10-18T21:11:18.292+0000] {processor.py:839} INFO - DAG(s) dict_keys(['tutorial_dag']) retrieved from /home/airflow/.local/lib/python3.8/site-packages/airflow/example_dags/tutorial_dag.py
[2023-10-18T21:11:18.328+0000] {logging_mixin.py:151} INFO - [2023-10-18T21:11:18.327+0000] {dag.py:2941} INFO - Sync 1 DAGs
[2023-10-18T21:11:18.345+0000] {logging_mixin.py:151} INFO - [2023-10-18T21:11:18.345+0000] {dag.py:3722} INFO - Setting next_dagrun for tutorial_dag to None, run_after=None
[2023-10-18T21:11:18.365+0000] {processor.py:179} INFO - Processing /home/airflow/.local/lib/python3.8/site-packages/airflow/example_dags/tutorial_dag.py took 0.091 seconds
[2023-10-18T21:11:48.522+0000] {processor.py:157} INFO - Started process (PID=563) to work on /home/airflow/.local/lib/python3.8/site-packages/airflow/example_dags/tutorial_dag.py
[2023-10-18T21:11:48.526+0000] {processor.py:829} INFO - Processing file /home/airflow/.local/lib/python3.8/site-packages/airflow/example_dags/tutorial_dag.py for tasks to queue
[2023-10-18T21:11:48.529+0000] {logging_mixin.py:151} INFO - [2023-10-18T21:11:48.528+0000] {dagbag.py:536} INFO - Filling up the DagBag from /home/airflow/.local/lib/python3.8/site-packages/airflow/example_dags/tutorial_dag.py
[2023-10-18T21:11:48.535+0000] {processor.py:839} INFO - DAG(s) dict_keys(['tutorial_dag']) retrieved from /home/airflow/.local/lib/python3.8/site-packages/airflow/example_dags/tutorial_dag.py
[2023-10-18T21:11:48.562+0000] {logging_mixin.py:151} INFO - [2023-10-18T21:11:48.562+0000] {dag.py:2941} INFO - Sync 1 DAGs
[2023-10-18T21:11:48.578+0000] {logging_mixin.py:151} INFO - [2023-10-18T21:11:48.578+0000] {dag.py:3722} INFO - Setting next_dagrun for tutorial_dag to None, run_after=None
[2023-10-18T21:11:48.600+0000] {processor.py:179} INFO - Processing /home/airflow/.local/lib/python3.8/site-packages/airflow/example_dags/tutorial_dag.py took 0.085 seconds
[2023-10-18T21:12:18.998+0000] {processor.py:157} INFO - Started process (PID=617) to work on /home/airflow/.local/lib/python3.8/site-packages/airflow/example_dags/tutorial_dag.py
[2023-10-18T21:12:18.999+0000] {processor.py:829} INFO - Processing file /home/airflow/.local/lib/python3.8/site-packages/airflow/example_dags/tutorial_dag.py for tasks to queue
[2023-10-18T21:12:19.003+0000] {logging_mixin.py:151} INFO - [2023-10-18T21:12:19.002+0000] {dagbag.py:536} INFO - Filling up the DagBag from /home/airflow/.local/lib/python3.8/site-packages/airflow/example_dags/tutorial_dag.py
[2023-10-18T21:12:19.009+0000] {processor.py:839} INFO - DAG(s) dict_keys(['tutorial_dag']) retrieved from /home/airflow/.local/lib/python3.8/site-packages/airflow/example_dags/tutorial_dag.py
[2023-10-18T21:12:19.035+0000] {logging_mixin.py:151} INFO - [2023-10-18T21:12:19.035+0000] {dag.py:2941} INFO - Sync 1 DAGs
[2023-10-18T21:12:19.050+0000] {logging_mixin.py:151} INFO - [2023-10-18T21:12:19.050+0000] {dag.py:3722} INFO - Setting next_dagrun for tutorial_dag to None, run_after=None
[2023-10-18T21:12:19.068+0000] {processor.py:179} INFO - Processing /home/airflow/.local/lib/python3.8/site-packages/airflow/example_dags/tutorial_dag.py took 0.076 seconds
[2023-10-18T21:12:49.390+0000] {processor.py:157} INFO - Started process (PID=670) to work on /home/airflow/.local/lib/python3.8/site-packages/airflow/example_dags/tutorial_dag.py
[2023-10-18T21:12:49.392+0000] {processor.py:829} INFO - Processing file /home/airflow/.local/lib/python3.8/site-packages/airflow/example_dags/tutorial_dag.py for tasks to queue
[2023-10-18T21:12:49.395+0000] {logging_mixin.py:151} INFO - [2023-10-18T21:12:49.395+0000] {dagbag.py:536} INFO - Filling up the DagBag from /home/airflow/.local/lib/python3.8/site-packages/airflow/example_dags/tutorial_dag.py
[2023-10-18T21:12:49.402+0000] {processor.py:839} INFO - DAG(s) dict_keys(['tutorial_dag']) retrieved from /home/airflow/.local/lib/python3.8/site-packages/airflow/example_dags/tutorial_dag.py
[2023-10-18T21:12:49.429+0000] {logging_mixin.py:151} INFO - [2023-10-18T21:12:49.428+0000] {dag.py:2941} INFO - Sync 1 DAGs
[2023-10-18T21:12:49.444+0000] {logging_mixin.py:151} INFO - [2023-10-18T21:12:49.444+0000] {dag.py:3722} INFO - Setting next_dagrun for tutorial_dag to None, run_after=None
[2023-10-18T21:12:49.466+0000] {processor.py:179} INFO - Processing /home/airflow/.local/lib/python3.8/site-packages/airflow/example_dags/tutorial_dag.py took 0.081 seconds
[2023-10-18T21:15:07.763+0000] {processor.py:157} INFO - Started process (PID=31) to work on /home/airflow/.local/lib/python3.8/site-packages/airflow/example_dags/tutorial_dag.py
[2023-10-18T21:15:07.772+0000] {processor.py:829} INFO - Processing file /home/airflow/.local/lib/python3.8/site-packages/airflow/example_dags/tutorial_dag.py for tasks to queue
[2023-10-18T21:15:07.774+0000] {logging_mixin.py:151} INFO - [2023-10-18T21:15:07.774+0000] {dagbag.py:536} INFO - Filling up the DagBag from /home/airflow/.local/lib/python3.8/site-packages/airflow/example_dags/tutorial_dag.py
[2023-10-18T21:15:07.813+0000] {processor.py:839} INFO - DAG(s) dict_keys(['tutorial_dag']) retrieved from /home/airflow/.local/lib/python3.8/site-packages/airflow/example_dags/tutorial_dag.py
[2023-10-18T21:15:07.870+0000] {logging_mixin.py:151} INFO - [2023-10-18T21:15:07.870+0000] {dag.py:2941} INFO - Sync 1 DAGs
[2023-10-18T21:15:07.883+0000] {logging_mixin.py:151} INFO - [2023-10-18T21:15:07.883+0000] {dag.py:3722} INFO - Setting next_dagrun for tutorial_dag to None, run_after=None
[2023-10-18T21:15:07.906+0000] {processor.py:179} INFO - Processing /home/airflow/.local/lib/python3.8/site-packages/airflow/example_dags/tutorial_dag.py took 0.156 seconds
[2023-10-18T21:15:38.307+0000] {processor.py:157} INFO - Started process (PID=83) to work on /home/airflow/.local/lib/python3.8/site-packages/airflow/example_dags/tutorial_dag.py
[2023-10-18T21:15:38.309+0000] {processor.py:829} INFO - Processing file /home/airflow/.local/lib/python3.8/site-packages/airflow/example_dags/tutorial_dag.py for tasks to queue
[2023-10-18T21:15:38.312+0000] {logging_mixin.py:151} INFO - [2023-10-18T21:15:38.311+0000] {dagbag.py:536} INFO - Filling up the DagBag from /home/airflow/.local/lib/python3.8/site-packages/airflow/example_dags/tutorial_dag.py
[2023-10-18T21:15:38.319+0000] {processor.py:839} INFO - DAG(s) dict_keys(['tutorial_dag']) retrieved from /home/airflow/.local/lib/python3.8/site-packages/airflow/example_dags/tutorial_dag.py
[2023-10-18T21:15:38.345+0000] {logging_mixin.py:151} INFO - [2023-10-18T21:15:38.344+0000] {dag.py:2941} INFO - Sync 1 DAGs
[2023-10-18T21:15:38.360+0000] {logging_mixin.py:151} INFO - [2023-10-18T21:15:38.360+0000] {dag.py:3722} INFO - Setting next_dagrun for tutorial_dag to None, run_after=None
[2023-10-18T21:15:38.381+0000] {processor.py:179} INFO - Processing /home/airflow/.local/lib/python3.8/site-packages/airflow/example_dags/tutorial_dag.py took 0.081 seconds
[2023-10-18T21:16:08.490+0000] {processor.py:157} INFO - Started process (PID=137) to work on /home/airflow/.local/lib/python3.8/site-packages/airflow/example_dags/tutorial_dag.py
[2023-10-18T21:16:08.491+0000] {processor.py:829} INFO - Processing file /home/airflow/.local/lib/python3.8/site-packages/airflow/example_dags/tutorial_dag.py for tasks to queue
[2023-10-18T21:16:08.493+0000] {logging_mixin.py:151} INFO - [2023-10-18T21:16:08.493+0000] {dagbag.py:536} INFO - Filling up the DagBag from /home/airflow/.local/lib/python3.8/site-packages/airflow/example_dags/tutorial_dag.py
[2023-10-18T21:16:08.499+0000] {processor.py:839} INFO - DAG(s) dict_keys(['tutorial_dag']) retrieved from /home/airflow/.local/lib/python3.8/site-packages/airflow/example_dags/tutorial_dag.py
[2023-10-18T21:16:08.522+0000] {logging_mixin.py:151} INFO - [2023-10-18T21:16:08.522+0000] {dag.py:2941} INFO - Sync 1 DAGs
[2023-10-18T21:16:08.536+0000] {logging_mixin.py:151} INFO - [2023-10-18T21:16:08.536+0000] {dag.py:3722} INFO - Setting next_dagrun for tutorial_dag to None, run_after=None
[2023-10-18T21:16:08.552+0000] {processor.py:179} INFO - Processing /home/airflow/.local/lib/python3.8/site-packages/airflow/example_dags/tutorial_dag.py took 0.070 seconds
[2023-10-18T21:16:38.979+0000] {processor.py:157} INFO - Started process (PID=190) to work on /home/airflow/.local/lib/python3.8/site-packages/airflow/example_dags/tutorial_dag.py
[2023-10-18T21:16:38.980+0000] {processor.py:829} INFO - Processing file /home/airflow/.local/lib/python3.8/site-packages/airflow/example_dags/tutorial_dag.py for tasks to queue
[2023-10-18T21:16:38.983+0000] {logging_mixin.py:151} INFO - [2023-10-18T21:16:38.983+0000] {dagbag.py:536} INFO - Filling up the DagBag from /home/airflow/.local/lib/python3.8/site-packages/airflow/example_dags/tutorial_dag.py
[2023-10-18T21:16:38.992+0000] {processor.py:839} INFO - DAG(s) dict_keys(['tutorial_dag']) retrieved from /home/airflow/.local/lib/python3.8/site-packages/airflow/example_dags/tutorial_dag.py
[2023-10-18T21:16:39.015+0000] {logging_mixin.py:151} INFO - [2023-10-18T21:16:39.015+0000] {dag.py:2941} INFO - Sync 1 DAGs
[2023-10-18T21:16:39.030+0000] {logging_mixin.py:151} INFO - [2023-10-18T21:16:39.030+0000] {dag.py:3722} INFO - Setting next_dagrun for tutorial_dag to None, run_after=None
[2023-10-18T21:16:39.051+0000] {processor.py:179} INFO - Processing /home/airflow/.local/lib/python3.8/site-packages/airflow/example_dags/tutorial_dag.py took 0.078 seconds
[2023-10-18T21:17:09.165+0000] {processor.py:157} INFO - Started process (PID=244) to work on /home/airflow/.local/lib/python3.8/site-packages/airflow/example_dags/tutorial_dag.py
[2023-10-18T21:17:09.166+0000] {processor.py:829} INFO - Processing file /home/airflow/.local/lib/python3.8/site-packages/airflow/example_dags/tutorial_dag.py for tasks to queue
[2023-10-18T21:17:09.169+0000] {logging_mixin.py:151} INFO - [2023-10-18T21:17:09.168+0000] {dagbag.py:536} INFO - Filling up the DagBag from /home/airflow/.local/lib/python3.8/site-packages/airflow/example_dags/tutorial_dag.py
[2023-10-18T21:17:09.176+0000] {processor.py:839} INFO - DAG(s) dict_keys(['tutorial_dag']) retrieved from /home/airflow/.local/lib/python3.8/site-packages/airflow/example_dags/tutorial_dag.py
[2023-10-18T21:17:09.199+0000] {logging_mixin.py:151} INFO - [2023-10-18T21:17:09.199+0000] {dag.py:2941} INFO - Sync 1 DAGs
[2023-10-18T21:17:09.214+0000] {logging_mixin.py:151} INFO - [2023-10-18T21:17:09.213+0000] {dag.py:3722} INFO - Setting next_dagrun for tutorial_dag to None, run_after=None
[2023-10-18T21:17:09.236+0000] {processor.py:179} INFO - Processing /home/airflow/.local/lib/python3.8/site-packages/airflow/example_dags/tutorial_dag.py took 0.076 seconds
[2023-10-18T21:17:39.492+0000] {processor.py:157} INFO - Started process (PID=297) to work on /home/airflow/.local/lib/python3.8/site-packages/airflow/example_dags/tutorial_dag.py
[2023-10-18T21:17:39.493+0000] {processor.py:829} INFO - Processing file /home/airflow/.local/lib/python3.8/site-packages/airflow/example_dags/tutorial_dag.py for tasks to queue
[2023-10-18T21:17:39.496+0000] {logging_mixin.py:151} INFO - [2023-10-18T21:17:39.496+0000] {dagbag.py:536} INFO - Filling up the DagBag from /home/airflow/.local/lib/python3.8/site-packages/airflow/example_dags/tutorial_dag.py
[2023-10-18T21:17:39.502+0000] {processor.py:839} INFO - DAG(s) dict_keys(['tutorial_dag']) retrieved from /home/airflow/.local/lib/python3.8/site-packages/airflow/example_dags/tutorial_dag.py
[2023-10-18T21:17:39.519+0000] {logging_mixin.py:151} INFO - [2023-10-18T21:17:39.519+0000] {dag.py:2941} INFO - Sync 1 DAGs
[2023-10-18T21:17:39.534+0000] {logging_mixin.py:151} INFO - [2023-10-18T21:17:39.534+0000] {dag.py:3722} INFO - Setting next_dagrun for tutorial_dag to None, run_after=None
[2023-10-18T21:17:39.554+0000] {processor.py:179} INFO - Processing /home/airflow/.local/lib/python3.8/site-packages/airflow/example_dags/tutorial_dag.py took 0.067 seconds
[2023-10-18T21:18:10.154+0000] {processor.py:157} INFO - Started process (PID=350) to work on /home/airflow/.local/lib/python3.8/site-packages/airflow/example_dags/tutorial_dag.py
[2023-10-18T21:18:10.155+0000] {processor.py:829} INFO - Processing file /home/airflow/.local/lib/python3.8/site-packages/airflow/example_dags/tutorial_dag.py for tasks to queue
[2023-10-18T21:18:10.158+0000] {logging_mixin.py:151} INFO - [2023-10-18T21:18:10.158+0000] {dagbag.py:536} INFO - Filling up the DagBag from /home/airflow/.local/lib/python3.8/site-packages/airflow/example_dags/tutorial_dag.py
[2023-10-18T21:18:10.165+0000] {processor.py:839} INFO - DAG(s) dict_keys(['tutorial_dag']) retrieved from /home/airflow/.local/lib/python3.8/site-packages/airflow/example_dags/tutorial_dag.py
[2023-10-18T21:18:10.195+0000] {logging_mixin.py:151} INFO - [2023-10-18T21:18:10.195+0000] {dag.py:2941} INFO - Sync 1 DAGs
[2023-10-18T21:18:10.214+0000] {logging_mixin.py:151} INFO - [2023-10-18T21:18:10.214+0000] {dag.py:3722} INFO - Setting next_dagrun for tutorial_dag to None, run_after=None
[2023-10-18T21:18:10.238+0000] {processor.py:179} INFO - Processing /home/airflow/.local/lib/python3.8/site-packages/airflow/example_dags/tutorial_dag.py took 0.089 seconds
[2023-10-18T21:18:40.467+0000] {processor.py:157} INFO - Started process (PID=403) to work on /home/airflow/.local/lib/python3.8/site-packages/airflow/example_dags/tutorial_dag.py
[2023-10-18T21:18:40.469+0000] {processor.py:829} INFO - Processing file /home/airflow/.local/lib/python3.8/site-packages/airflow/example_dags/tutorial_dag.py for tasks to queue
[2023-10-18T21:18:40.472+0000] {logging_mixin.py:151} INFO - [2023-10-18T21:18:40.471+0000] {dagbag.py:536} INFO - Filling up the DagBag from /home/airflow/.local/lib/python3.8/site-packages/airflow/example_dags/tutorial_dag.py
[2023-10-18T21:18:40.478+0000] {processor.py:839} INFO - DAG(s) dict_keys(['tutorial_dag']) retrieved from /home/airflow/.local/lib/python3.8/site-packages/airflow/example_dags/tutorial_dag.py
[2023-10-18T21:18:40.501+0000] {logging_mixin.py:151} INFO - [2023-10-18T21:18:40.501+0000] {dag.py:2941} INFO - Sync 1 DAGs
[2023-10-18T21:18:40.514+0000] {logging_mixin.py:151} INFO - [2023-10-18T21:18:40.514+0000] {dag.py:3722} INFO - Setting next_dagrun for tutorial_dag to None, run_after=None
[2023-10-18T21:18:40.532+0000] {processor.py:179} INFO - Processing /home/airflow/.local/lib/python3.8/site-packages/airflow/example_dags/tutorial_dag.py took 0.070 seconds
[2023-10-18T21:19:10.721+0000] {processor.py:157} INFO - Started process (PID=456) to work on /home/airflow/.local/lib/python3.8/site-packages/airflow/example_dags/tutorial_dag.py
[2023-10-18T21:19:10.722+0000] {processor.py:829} INFO - Processing file /home/airflow/.local/lib/python3.8/site-packages/airflow/example_dags/tutorial_dag.py for tasks to queue
[2023-10-18T21:19:10.725+0000] {logging_mixin.py:151} INFO - [2023-10-18T21:19:10.725+0000] {dagbag.py:536} INFO - Filling up the DagBag from /home/airflow/.local/lib/python3.8/site-packages/airflow/example_dags/tutorial_dag.py
[2023-10-18T21:19:10.732+0000] {processor.py:839} INFO - DAG(s) dict_keys(['tutorial_dag']) retrieved from /home/airflow/.local/lib/python3.8/site-packages/airflow/example_dags/tutorial_dag.py
[2023-10-18T21:19:10.763+0000] {logging_mixin.py:151} INFO - [2023-10-18T21:19:10.763+0000] {dag.py:2941} INFO - Sync 1 DAGs
[2023-10-18T21:19:10.790+0000] {logging_mixin.py:151} INFO - [2023-10-18T21:19:10.789+0000] {dag.py:3722} INFO - Setting next_dagrun for tutorial_dag to None, run_after=None
[2023-10-18T21:19:10.815+0000] {processor.py:179} INFO - Processing /home/airflow/.local/lib/python3.8/site-packages/airflow/example_dags/tutorial_dag.py took 0.099 seconds
[2023-10-18T21:19:41.159+0000] {processor.py:157} INFO - Started process (PID=509) to work on /home/airflow/.local/lib/python3.8/site-packages/airflow/example_dags/tutorial_dag.py
[2023-10-18T21:19:41.160+0000] {processor.py:829} INFO - Processing file /home/airflow/.local/lib/python3.8/site-packages/airflow/example_dags/tutorial_dag.py for tasks to queue
[2023-10-18T21:19:41.163+0000] {logging_mixin.py:151} INFO - [2023-10-18T21:19:41.163+0000] {dagbag.py:536} INFO - Filling up the DagBag from /home/airflow/.local/lib/python3.8/site-packages/airflow/example_dags/tutorial_dag.py
[2023-10-18T21:19:41.181+0000] {processor.py:839} INFO - DAG(s) dict_keys(['tutorial_dag']) retrieved from /home/airflow/.local/lib/python3.8/site-packages/airflow/example_dags/tutorial_dag.py
[2023-10-18T21:19:41.206+0000] {logging_mixin.py:151} INFO - [2023-10-18T21:19:41.205+0000] {dag.py:2941} INFO - Sync 1 DAGs
[2023-10-18T21:19:41.221+0000] {logging_mixin.py:151} INFO - [2023-10-18T21:19:41.221+0000] {dag.py:3722} INFO - Setting next_dagrun for tutorial_dag to None, run_after=None
[2023-10-18T21:19:41.242+0000] {processor.py:179} INFO - Processing /home/airflow/.local/lib/python3.8/site-packages/airflow/example_dags/tutorial_dag.py took 0.088 seconds
[2023-10-18T21:20:11.320+0000] {processor.py:157} INFO - Started process (PID=562) to work on /home/airflow/.local/lib/python3.8/site-packages/airflow/example_dags/tutorial_dag.py
[2023-10-18T21:20:11.321+0000] {processor.py:829} INFO - Processing file /home/airflow/.local/lib/python3.8/site-packages/airflow/example_dags/tutorial_dag.py for tasks to queue
[2023-10-18T21:20:11.324+0000] {logging_mixin.py:151} INFO - [2023-10-18T21:20:11.324+0000] {dagbag.py:536} INFO - Filling up the DagBag from /home/airflow/.local/lib/python3.8/site-packages/airflow/example_dags/tutorial_dag.py
[2023-10-18T21:20:11.331+0000] {processor.py:839} INFO - DAG(s) dict_keys(['tutorial_dag']) retrieved from /home/airflow/.local/lib/python3.8/site-packages/airflow/example_dags/tutorial_dag.py
[2023-10-18T21:20:11.360+0000] {logging_mixin.py:151} INFO - [2023-10-18T21:20:11.359+0000] {dag.py:2941} INFO - Sync 1 DAGs
[2023-10-18T21:20:11.376+0000] {logging_mixin.py:151} INFO - [2023-10-18T21:20:11.375+0000] {dag.py:3722} INFO - Setting next_dagrun for tutorial_dag to None, run_after=None
[2023-10-18T21:20:11.397+0000] {processor.py:179} INFO - Processing /home/airflow/.local/lib/python3.8/site-packages/airflow/example_dags/tutorial_dag.py took 0.084 seconds
[2023-10-18T21:20:41.643+0000] {processor.py:157} INFO - Started process (PID=615) to work on /home/airflow/.local/lib/python3.8/site-packages/airflow/example_dags/tutorial_dag.py
[2023-10-18T21:20:41.645+0000] {processor.py:829} INFO - Processing file /home/airflow/.local/lib/python3.8/site-packages/airflow/example_dags/tutorial_dag.py for tasks to queue
[2023-10-18T21:20:41.647+0000] {logging_mixin.py:151} INFO - [2023-10-18T21:20:41.647+0000] {dagbag.py:536} INFO - Filling up the DagBag from /home/airflow/.local/lib/python3.8/site-packages/airflow/example_dags/tutorial_dag.py
[2023-10-18T21:20:41.654+0000] {processor.py:839} INFO - DAG(s) dict_keys(['tutorial_dag']) retrieved from /home/airflow/.local/lib/python3.8/site-packages/airflow/example_dags/tutorial_dag.py
[2023-10-18T21:20:41.678+0000] {logging_mixin.py:151} INFO - [2023-10-18T21:20:41.677+0000] {dag.py:2941} INFO - Sync 1 DAGs
[2023-10-18T21:20:41.692+0000] {logging_mixin.py:151} INFO - [2023-10-18T21:20:41.692+0000] {dag.py:3722} INFO - Setting next_dagrun for tutorial_dag to None, run_after=None
[2023-10-18T21:20:41.716+0000] {processor.py:179} INFO - Processing /home/airflow/.local/lib/python3.8/site-packages/airflow/example_dags/tutorial_dag.py took 0.080 seconds
[2023-10-18T21:21:12.066+0000] {processor.py:157} INFO - Started process (PID=668) to work on /home/airflow/.local/lib/python3.8/site-packages/airflow/example_dags/tutorial_dag.py
[2023-10-18T21:21:12.067+0000] {processor.py:829} INFO - Processing file /home/airflow/.local/lib/python3.8/site-packages/airflow/example_dags/tutorial_dag.py for tasks to queue
[2023-10-18T21:21:12.070+0000] {logging_mixin.py:151} INFO - [2023-10-18T21:21:12.070+0000] {dagbag.py:536} INFO - Filling up the DagBag from /home/airflow/.local/lib/python3.8/site-packages/airflow/example_dags/tutorial_dag.py
[2023-10-18T21:21:12.076+0000] {processor.py:839} INFO - DAG(s) dict_keys(['tutorial_dag']) retrieved from /home/airflow/.local/lib/python3.8/site-packages/airflow/example_dags/tutorial_dag.py
[2023-10-18T21:21:12.099+0000] {logging_mixin.py:151} INFO - [2023-10-18T21:21:12.099+0000] {dag.py:2941} INFO - Sync 1 DAGs
[2023-10-18T21:21:12.114+0000] {logging_mixin.py:151} INFO - [2023-10-18T21:21:12.114+0000] {dag.py:3722} INFO - Setting next_dagrun for tutorial_dag to None, run_after=None
[2023-10-18T21:21:12.132+0000] {processor.py:179} INFO - Processing /home/airflow/.local/lib/python3.8/site-packages/airflow/example_dags/tutorial_dag.py took 0.072 seconds
[2023-10-18T21:21:42.391+0000] {processor.py:157} INFO - Started process (PID=722) to work on /home/airflow/.local/lib/python3.8/site-packages/airflow/example_dags/tutorial_dag.py
[2023-10-18T21:21:42.393+0000] {processor.py:829} INFO - Processing file /home/airflow/.local/lib/python3.8/site-packages/airflow/example_dags/tutorial_dag.py for tasks to queue
[2023-10-18T21:21:42.395+0000] {logging_mixin.py:151} INFO - [2023-10-18T21:21:42.395+0000] {dagbag.py:536} INFO - Filling up the DagBag from /home/airflow/.local/lib/python3.8/site-packages/airflow/example_dags/tutorial_dag.py
[2023-10-18T21:21:42.402+0000] {processor.py:839} INFO - DAG(s) dict_keys(['tutorial_dag']) retrieved from /home/airflow/.local/lib/python3.8/site-packages/airflow/example_dags/tutorial_dag.py
[2023-10-18T21:21:42.425+0000] {logging_mixin.py:151} INFO - [2023-10-18T21:21:42.425+0000] {dag.py:2941} INFO - Sync 1 DAGs
[2023-10-18T21:21:42.439+0000] {logging_mixin.py:151} INFO - [2023-10-18T21:21:42.438+0000] {dag.py:3722} INFO - Setting next_dagrun for tutorial_dag to None, run_after=None
[2023-10-18T21:21:42.456+0000] {processor.py:179} INFO - Processing /home/airflow/.local/lib/python3.8/site-packages/airflow/example_dags/tutorial_dag.py took 0.071 seconds
[2023-10-18T21:22:12.895+0000] {processor.py:157} INFO - Started process (PID=776) to work on /home/airflow/.local/lib/python3.8/site-packages/airflow/example_dags/tutorial_dag.py
[2023-10-18T21:22:12.896+0000] {processor.py:829} INFO - Processing file /home/airflow/.local/lib/python3.8/site-packages/airflow/example_dags/tutorial_dag.py for tasks to queue
[2023-10-18T21:22:12.899+0000] {logging_mixin.py:151} INFO - [2023-10-18T21:22:12.899+0000] {dagbag.py:536} INFO - Filling up the DagBag from /home/airflow/.local/lib/python3.8/site-packages/airflow/example_dags/tutorial_dag.py
[2023-10-18T21:22:12.906+0000] {processor.py:839} INFO - DAG(s) dict_keys(['tutorial_dag']) retrieved from /home/airflow/.local/lib/python3.8/site-packages/airflow/example_dags/tutorial_dag.py
[2023-10-18T21:22:12.931+0000] {logging_mixin.py:151} INFO - [2023-10-18T21:22:12.931+0000] {dag.py:2941} INFO - Sync 1 DAGs
[2023-10-18T21:22:12.946+0000] {logging_mixin.py:151} INFO - [2023-10-18T21:22:12.946+0000] {dag.py:3722} INFO - Setting next_dagrun for tutorial_dag to None, run_after=None
[2023-10-18T21:22:12.965+0000] {processor.py:179} INFO - Processing /home/airflow/.local/lib/python3.8/site-packages/airflow/example_dags/tutorial_dag.py took 0.077 seconds
[2023-10-18T21:23:46.911+0000] {processor.py:157} INFO - Started process (PID=32) to work on /home/airflow/.local/lib/python3.8/site-packages/airflow/example_dags/tutorial_dag.py
[2023-10-18T21:23:46.912+0000] {processor.py:829} INFO - Processing file /home/airflow/.local/lib/python3.8/site-packages/airflow/example_dags/tutorial_dag.py for tasks to queue
[2023-10-18T21:23:46.915+0000] {logging_mixin.py:151} INFO - [2023-10-18T21:23:46.914+0000] {dagbag.py:536} INFO - Filling up the DagBag from /home/airflow/.local/lib/python3.8/site-packages/airflow/example_dags/tutorial_dag.py
[2023-10-18T21:23:46.925+0000] {processor.py:839} INFO - DAG(s) dict_keys(['tutorial_dag']) retrieved from /home/airflow/.local/lib/python3.8/site-packages/airflow/example_dags/tutorial_dag.py
[2023-10-18T21:23:46.960+0000] {logging_mixin.py:151} INFO - [2023-10-18T21:23:46.960+0000] {dag.py:2941} INFO - Sync 1 DAGs
[2023-10-18T21:23:46.979+0000] {logging_mixin.py:151} INFO - [2023-10-18T21:23:46.979+0000] {dag.py:3722} INFO - Setting next_dagrun for tutorial_dag to None, run_after=None
[2023-10-18T21:23:47.009+0000] {processor.py:179} INFO - Processing /home/airflow/.local/lib/python3.8/site-packages/airflow/example_dags/tutorial_dag.py took 0.101 seconds
[2023-10-18T21:24:17.145+0000] {processor.py:157} INFO - Started process (PID=85) to work on /home/airflow/.local/lib/python3.8/site-packages/airflow/example_dags/tutorial_dag.py
[2023-10-18T21:24:17.146+0000] {processor.py:829} INFO - Processing file /home/airflow/.local/lib/python3.8/site-packages/airflow/example_dags/tutorial_dag.py for tasks to queue
[2023-10-18T21:24:17.149+0000] {logging_mixin.py:151} INFO - [2023-10-18T21:24:17.148+0000] {dagbag.py:536} INFO - Filling up the DagBag from /home/airflow/.local/lib/python3.8/site-packages/airflow/example_dags/tutorial_dag.py
[2023-10-18T21:24:17.155+0000] {processor.py:839} INFO - DAG(s) dict_keys(['tutorial_dag']) retrieved from /home/airflow/.local/lib/python3.8/site-packages/airflow/example_dags/tutorial_dag.py
[2023-10-18T21:24:17.177+0000] {logging_mixin.py:151} INFO - [2023-10-18T21:24:17.177+0000] {dag.py:2941} INFO - Sync 1 DAGs
[2023-10-18T21:24:17.191+0000] {logging_mixin.py:151} INFO - [2023-10-18T21:24:17.191+0000] {dag.py:3722} INFO - Setting next_dagrun for tutorial_dag to None, run_after=None
[2023-10-18T21:24:17.209+0000] {processor.py:179} INFO - Processing /home/airflow/.local/lib/python3.8/site-packages/airflow/example_dags/tutorial_dag.py took 0.070 seconds
[2023-10-18T21:24:47.363+0000] {processor.py:157} INFO - Started process (PID=138) to work on /home/airflow/.local/lib/python3.8/site-packages/airflow/example_dags/tutorial_dag.py
[2023-10-18T21:24:47.364+0000] {processor.py:829} INFO - Processing file /home/airflow/.local/lib/python3.8/site-packages/airflow/example_dags/tutorial_dag.py for tasks to queue
[2023-10-18T21:24:47.366+0000] {logging_mixin.py:151} INFO - [2023-10-18T21:24:47.366+0000] {dagbag.py:536} INFO - Filling up the DagBag from /home/airflow/.local/lib/python3.8/site-packages/airflow/example_dags/tutorial_dag.py
[2023-10-18T21:24:47.373+0000] {processor.py:839} INFO - DAG(s) dict_keys(['tutorial_dag']) retrieved from /home/airflow/.local/lib/python3.8/site-packages/airflow/example_dags/tutorial_dag.py
[2023-10-18T21:24:47.403+0000] {logging_mixin.py:151} INFO - [2023-10-18T21:24:47.403+0000] {dag.py:2941} INFO - Sync 1 DAGs
[2023-10-18T21:24:47.420+0000] {logging_mixin.py:151} INFO - [2023-10-18T21:24:47.420+0000] {dag.py:3722} INFO - Setting next_dagrun for tutorial_dag to None, run_after=None
[2023-10-18T21:24:47.441+0000] {processor.py:179} INFO - Processing /home/airflow/.local/lib/python3.8/site-packages/airflow/example_dags/tutorial_dag.py took 0.086 seconds
[2023-10-18T21:25:17.581+0000] {processor.py:157} INFO - Started process (PID=191) to work on /home/airflow/.local/lib/python3.8/site-packages/airflow/example_dags/tutorial_dag.py
[2023-10-18T21:25:17.583+0000] {processor.py:829} INFO - Processing file /home/airflow/.local/lib/python3.8/site-packages/airflow/example_dags/tutorial_dag.py for tasks to queue
[2023-10-18T21:25:17.586+0000] {logging_mixin.py:151} INFO - [2023-10-18T21:25:17.585+0000] {dagbag.py:536} INFO - Filling up the DagBag from /home/airflow/.local/lib/python3.8/site-packages/airflow/example_dags/tutorial_dag.py
[2023-10-18T21:25:17.596+0000] {processor.py:839} INFO - DAG(s) dict_keys(['tutorial_dag']) retrieved from /home/airflow/.local/lib/python3.8/site-packages/airflow/example_dags/tutorial_dag.py
[2023-10-18T21:25:17.611+0000] {logging_mixin.py:151} INFO - [2023-10-18T21:25:17.610+0000] {dag.py:2941} INFO - Sync 1 DAGs
[2023-10-18T21:25:17.626+0000] {logging_mixin.py:151} INFO - [2023-10-18T21:25:17.626+0000] {dag.py:3722} INFO - Setting next_dagrun for tutorial_dag to None, run_after=None
[2023-10-18T21:25:17.645+0000] {processor.py:179} INFO - Processing /home/airflow/.local/lib/python3.8/site-packages/airflow/example_dags/tutorial_dag.py took 0.073 seconds
[2023-10-18T21:25:47.962+0000] {processor.py:157} INFO - Started process (PID=244) to work on /home/airflow/.local/lib/python3.8/site-packages/airflow/example_dags/tutorial_dag.py
[2023-10-18T21:25:47.963+0000] {processor.py:829} INFO - Processing file /home/airflow/.local/lib/python3.8/site-packages/airflow/example_dags/tutorial_dag.py for tasks to queue
[2023-10-18T21:25:47.968+0000] {logging_mixin.py:151} INFO - [2023-10-18T21:25:47.967+0000] {dagbag.py:536} INFO - Filling up the DagBag from /home/airflow/.local/lib/python3.8/site-packages/airflow/example_dags/tutorial_dag.py
[2023-10-18T21:25:47.976+0000] {processor.py:839} INFO - DAG(s) dict_keys(['tutorial_dag']) retrieved from /home/airflow/.local/lib/python3.8/site-packages/airflow/example_dags/tutorial_dag.py
[2023-10-18T21:25:47.997+0000] {logging_mixin.py:151} INFO - [2023-10-18T21:25:47.997+0000] {dag.py:2941} INFO - Sync 1 DAGs
[2023-10-18T21:25:48.011+0000] {logging_mixin.py:151} INFO - [2023-10-18T21:25:48.011+0000] {dag.py:3722} INFO - Setting next_dagrun for tutorial_dag to None, run_after=None
[2023-10-18T21:25:48.030+0000] {processor.py:179} INFO - Processing /home/airflow/.local/lib/python3.8/site-packages/airflow/example_dags/tutorial_dag.py took 0.074 seconds
[2023-10-18T21:26:18.395+0000] {processor.py:157} INFO - Started process (PID=297) to work on /home/airflow/.local/lib/python3.8/site-packages/airflow/example_dags/tutorial_dag.py
[2023-10-18T21:26:18.397+0000] {processor.py:829} INFO - Processing file /home/airflow/.local/lib/python3.8/site-packages/airflow/example_dags/tutorial_dag.py for tasks to queue
[2023-10-18T21:26:18.399+0000] {logging_mixin.py:151} INFO - [2023-10-18T21:26:18.399+0000] {dagbag.py:536} INFO - Filling up the DagBag from /home/airflow/.local/lib/python3.8/site-packages/airflow/example_dags/tutorial_dag.py
[2023-10-18T21:26:18.406+0000] {processor.py:839} INFO - DAG(s) dict_keys(['tutorial_dag']) retrieved from /home/airflow/.local/lib/python3.8/site-packages/airflow/example_dags/tutorial_dag.py
[2023-10-18T21:26:18.428+0000] {logging_mixin.py:151} INFO - [2023-10-18T21:26:18.428+0000] {dag.py:2941} INFO - Sync 1 DAGs
[2023-10-18T21:26:18.443+0000] {logging_mixin.py:151} INFO - [2023-10-18T21:26:18.443+0000] {dag.py:3722} INFO - Setting next_dagrun for tutorial_dag to None, run_after=None
[2023-10-18T21:26:18.460+0000] {processor.py:179} INFO - Processing /home/airflow/.local/lib/python3.8/site-packages/airflow/example_dags/tutorial_dag.py took 0.069 seconds
[2023-10-18T21:26:48.619+0000] {processor.py:157} INFO - Started process (PID=350) to work on /home/airflow/.local/lib/python3.8/site-packages/airflow/example_dags/tutorial_dag.py
[2023-10-18T21:26:48.620+0000] {processor.py:829} INFO - Processing file /home/airflow/.local/lib/python3.8/site-packages/airflow/example_dags/tutorial_dag.py for tasks to queue
[2023-10-18T21:26:48.623+0000] {logging_mixin.py:151} INFO - [2023-10-18T21:26:48.622+0000] {dagbag.py:536} INFO - Filling up the DagBag from /home/airflow/.local/lib/python3.8/site-packages/airflow/example_dags/tutorial_dag.py
[2023-10-18T21:26:48.629+0000] {processor.py:839} INFO - DAG(s) dict_keys(['tutorial_dag']) retrieved from /home/airflow/.local/lib/python3.8/site-packages/airflow/example_dags/tutorial_dag.py
[2023-10-18T21:26:48.651+0000] {logging_mixin.py:151} INFO - [2023-10-18T21:26:48.651+0000] {dag.py:2941} INFO - Sync 1 DAGs
[2023-10-18T21:26:48.664+0000] {logging_mixin.py:151} INFO - [2023-10-18T21:26:48.664+0000] {dag.py:3722} INFO - Setting next_dagrun for tutorial_dag to None, run_after=None
[2023-10-18T21:26:48.681+0000] {processor.py:179} INFO - Processing /home/airflow/.local/lib/python3.8/site-packages/airflow/example_dags/tutorial_dag.py took 0.066 seconds
[2023-10-18T21:27:18.842+0000] {processor.py:157} INFO - Started process (PID=403) to work on /home/airflow/.local/lib/python3.8/site-packages/airflow/example_dags/tutorial_dag.py
[2023-10-18T21:27:18.843+0000] {processor.py:829} INFO - Processing file /home/airflow/.local/lib/python3.8/site-packages/airflow/example_dags/tutorial_dag.py for tasks to queue
[2023-10-18T21:27:18.845+0000] {logging_mixin.py:151} INFO - [2023-10-18T21:27:18.845+0000] {dagbag.py:536} INFO - Filling up the DagBag from /home/airflow/.local/lib/python3.8/site-packages/airflow/example_dags/tutorial_dag.py
[2023-10-18T21:27:18.852+0000] {processor.py:839} INFO - DAG(s) dict_keys(['tutorial_dag']) retrieved from /home/airflow/.local/lib/python3.8/site-packages/airflow/example_dags/tutorial_dag.py
[2023-10-18T21:27:18.874+0000] {logging_mixin.py:151} INFO - [2023-10-18T21:27:18.874+0000] {dag.py:2941} INFO - Sync 1 DAGs
[2023-10-18T21:27:18.888+0000] {logging_mixin.py:151} INFO - [2023-10-18T21:27:18.888+0000] {dag.py:3722} INFO - Setting next_dagrun for tutorial_dag to None, run_after=None
[2023-10-18T21:27:18.905+0000] {processor.py:179} INFO - Processing /home/airflow/.local/lib/python3.8/site-packages/airflow/example_dags/tutorial_dag.py took 0.070 seconds
[2023-10-18T21:27:49.039+0000] {processor.py:157} INFO - Started process (PID=456) to work on /home/airflow/.local/lib/python3.8/site-packages/airflow/example_dags/tutorial_dag.py
[2023-10-18T21:27:49.040+0000] {processor.py:829} INFO - Processing file /home/airflow/.local/lib/python3.8/site-packages/airflow/example_dags/tutorial_dag.py for tasks to queue
[2023-10-18T21:27:49.043+0000] {logging_mixin.py:151} INFO - [2023-10-18T21:27:49.043+0000] {dagbag.py:536} INFO - Filling up the DagBag from /home/airflow/.local/lib/python3.8/site-packages/airflow/example_dags/tutorial_dag.py
[2023-10-18T21:27:49.049+0000] {processor.py:839} INFO - DAG(s) dict_keys(['tutorial_dag']) retrieved from /home/airflow/.local/lib/python3.8/site-packages/airflow/example_dags/tutorial_dag.py
[2023-10-18T21:27:49.071+0000] {logging_mixin.py:151} INFO - [2023-10-18T21:27:49.071+0000] {dag.py:2941} INFO - Sync 1 DAGs
[2023-10-18T21:27:49.084+0000] {logging_mixin.py:151} INFO - [2023-10-18T21:27:49.083+0000] {dag.py:3722} INFO - Setting next_dagrun for tutorial_dag to None, run_after=None
[2023-10-18T21:27:49.102+0000] {processor.py:179} INFO - Processing /home/airflow/.local/lib/python3.8/site-packages/airflow/example_dags/tutorial_dag.py took 0.069 seconds
[2023-10-18T21:28:19.181+0000] {processor.py:157} INFO - Started process (PID=509) to work on /home/airflow/.local/lib/python3.8/site-packages/airflow/example_dags/tutorial_dag.py
[2023-10-18T21:28:19.182+0000] {processor.py:829} INFO - Processing file /home/airflow/.local/lib/python3.8/site-packages/airflow/example_dags/tutorial_dag.py for tasks to queue
[2023-10-18T21:28:19.185+0000] {logging_mixin.py:151} INFO - [2023-10-18T21:28:19.185+0000] {dagbag.py:536} INFO - Filling up the DagBag from /home/airflow/.local/lib/python3.8/site-packages/airflow/example_dags/tutorial_dag.py
[2023-10-18T21:28:19.193+0000] {processor.py:839} INFO - DAG(s) dict_keys(['tutorial_dag']) retrieved from /home/airflow/.local/lib/python3.8/site-packages/airflow/example_dags/tutorial_dag.py
[2023-10-18T21:28:19.223+0000] {logging_mixin.py:151} INFO - [2023-10-18T21:28:19.223+0000] {dag.py:2941} INFO - Sync 1 DAGs
[2023-10-18T21:28:19.237+0000] {logging_mixin.py:151} INFO - [2023-10-18T21:28:19.237+0000] {dag.py:3722} INFO - Setting next_dagrun for tutorial_dag to None, run_after=None
[2023-10-18T21:28:19.254+0000] {processor.py:179} INFO - Processing /home/airflow/.local/lib/python3.8/site-packages/airflow/example_dags/tutorial_dag.py took 0.080 seconds
[2023-10-18T21:28:49.513+0000] {processor.py:157} INFO - Started process (PID=562) to work on /home/airflow/.local/lib/python3.8/site-packages/airflow/example_dags/tutorial_dag.py
[2023-10-18T21:28:49.514+0000] {processor.py:829} INFO - Processing file /home/airflow/.local/lib/python3.8/site-packages/airflow/example_dags/tutorial_dag.py for tasks to queue
[2023-10-18T21:28:49.517+0000] {logging_mixin.py:151} INFO - [2023-10-18T21:28:49.516+0000] {dagbag.py:536} INFO - Filling up the DagBag from /home/airflow/.local/lib/python3.8/site-packages/airflow/example_dags/tutorial_dag.py
[2023-10-18T21:28:49.522+0000] {processor.py:839} INFO - DAG(s) dict_keys(['tutorial_dag']) retrieved from /home/airflow/.local/lib/python3.8/site-packages/airflow/example_dags/tutorial_dag.py
[2023-10-18T21:28:49.545+0000] {logging_mixin.py:151} INFO - [2023-10-18T21:28:49.545+0000] {dag.py:2941} INFO - Sync 1 DAGs
[2023-10-18T21:28:49.559+0000] {logging_mixin.py:151} INFO - [2023-10-18T21:28:49.559+0000] {dag.py:3722} INFO - Setting next_dagrun for tutorial_dag to None, run_after=None
[2023-10-18T21:28:49.579+0000] {processor.py:179} INFO - Processing /home/airflow/.local/lib/python3.8/site-packages/airflow/example_dags/tutorial_dag.py took 0.073 seconds
[2023-10-18T21:29:19.688+0000] {processor.py:157} INFO - Started process (PID=615) to work on /home/airflow/.local/lib/python3.8/site-packages/airflow/example_dags/tutorial_dag.py
[2023-10-18T21:29:19.690+0000] {processor.py:829} INFO - Processing file /home/airflow/.local/lib/python3.8/site-packages/airflow/example_dags/tutorial_dag.py for tasks to queue
[2023-10-18T21:29:19.692+0000] {logging_mixin.py:151} INFO - [2023-10-18T21:29:19.692+0000] {dagbag.py:536} INFO - Filling up the DagBag from /home/airflow/.local/lib/python3.8/site-packages/airflow/example_dags/tutorial_dag.py
[2023-10-18T21:29:19.699+0000] {processor.py:839} INFO - DAG(s) dict_keys(['tutorial_dag']) retrieved from /home/airflow/.local/lib/python3.8/site-packages/airflow/example_dags/tutorial_dag.py
[2023-10-18T21:29:19.721+0000] {logging_mixin.py:151} INFO - [2023-10-18T21:29:19.721+0000] {dag.py:2941} INFO - Sync 1 DAGs
[2023-10-18T21:29:19.736+0000] {logging_mixin.py:151} INFO - [2023-10-18T21:29:19.735+0000] {dag.py:3722} INFO - Setting next_dagrun for tutorial_dag to None, run_after=None
[2023-10-18T21:29:19.754+0000] {processor.py:179} INFO - Processing /home/airflow/.local/lib/python3.8/site-packages/airflow/example_dags/tutorial_dag.py took 0.073 seconds
[2023-10-18T21:29:50.052+0000] {processor.py:157} INFO - Started process (PID=668) to work on /home/airflow/.local/lib/python3.8/site-packages/airflow/example_dags/tutorial_dag.py
[2023-10-18T21:29:50.053+0000] {processor.py:829} INFO - Processing file /home/airflow/.local/lib/python3.8/site-packages/airflow/example_dags/tutorial_dag.py for tasks to queue
[2023-10-18T21:29:50.055+0000] {logging_mixin.py:151} INFO - [2023-10-18T21:29:50.055+0000] {dagbag.py:536} INFO - Filling up the DagBag from /home/airflow/.local/lib/python3.8/site-packages/airflow/example_dags/tutorial_dag.py
[2023-10-18T21:29:50.061+0000] {processor.py:839} INFO - DAG(s) dict_keys(['tutorial_dag']) retrieved from /home/airflow/.local/lib/python3.8/site-packages/airflow/example_dags/tutorial_dag.py
[2023-10-18T21:29:50.084+0000] {logging_mixin.py:151} INFO - [2023-10-18T21:29:50.084+0000] {dag.py:2941} INFO - Sync 1 DAGs
[2023-10-18T21:29:50.097+0000] {logging_mixin.py:151} INFO - [2023-10-18T21:29:50.097+0000] {dag.py:3722} INFO - Setting next_dagrun for tutorial_dag to None, run_after=None
[2023-10-18T21:29:50.119+0000] {processor.py:179} INFO - Processing /home/airflow/.local/lib/python3.8/site-packages/airflow/example_dags/tutorial_dag.py took 0.071 seconds
[2023-10-18T21:30:20.405+0000] {processor.py:157} INFO - Started process (PID=722) to work on /home/airflow/.local/lib/python3.8/site-packages/airflow/example_dags/tutorial_dag.py
[2023-10-18T21:30:20.406+0000] {processor.py:829} INFO - Processing file /home/airflow/.local/lib/python3.8/site-packages/airflow/example_dags/tutorial_dag.py for tasks to queue
[2023-10-18T21:30:20.409+0000] {logging_mixin.py:151} INFO - [2023-10-18T21:30:20.408+0000] {dagbag.py:536} INFO - Filling up the DagBag from /home/airflow/.local/lib/python3.8/site-packages/airflow/example_dags/tutorial_dag.py
[2023-10-18T21:30:20.416+0000] {processor.py:839} INFO - DAG(s) dict_keys(['tutorial_dag']) retrieved from /home/airflow/.local/lib/python3.8/site-packages/airflow/example_dags/tutorial_dag.py
[2023-10-18T21:30:20.446+0000] {logging_mixin.py:151} INFO - [2023-10-18T21:30:20.446+0000] {dag.py:2941} INFO - Sync 1 DAGs
[2023-10-18T21:30:20.461+0000] {logging_mixin.py:151} INFO - [2023-10-18T21:30:20.461+0000] {dag.py:3722} INFO - Setting next_dagrun for tutorial_dag to None, run_after=None
[2023-10-18T21:30:20.492+0000] {processor.py:179} INFO - Processing /home/airflow/.local/lib/python3.8/site-packages/airflow/example_dags/tutorial_dag.py took 0.093 seconds
[2023-10-18T21:30:50.619+0000] {processor.py:157} INFO - Started process (PID=776) to work on /home/airflow/.local/lib/python3.8/site-packages/airflow/example_dags/tutorial_dag.py
[2023-10-18T21:30:50.620+0000] {processor.py:829} INFO - Processing file /home/airflow/.local/lib/python3.8/site-packages/airflow/example_dags/tutorial_dag.py for tasks to queue
[2023-10-18T21:30:50.622+0000] {logging_mixin.py:151} INFO - [2023-10-18T21:30:50.622+0000] {dagbag.py:536} INFO - Filling up the DagBag from /home/airflow/.local/lib/python3.8/site-packages/airflow/example_dags/tutorial_dag.py
[2023-10-18T21:30:50.629+0000] {processor.py:839} INFO - DAG(s) dict_keys(['tutorial_dag']) retrieved from /home/airflow/.local/lib/python3.8/site-packages/airflow/example_dags/tutorial_dag.py
[2023-10-18T21:30:50.651+0000] {logging_mixin.py:151} INFO - [2023-10-18T21:30:50.651+0000] {dag.py:2941} INFO - Sync 1 DAGs
[2023-10-18T21:30:50.664+0000] {logging_mixin.py:151} INFO - [2023-10-18T21:30:50.664+0000] {dag.py:3722} INFO - Setting next_dagrun for tutorial_dag to None, run_after=None
[2023-10-18T21:30:50.681+0000] {processor.py:179} INFO - Processing /home/airflow/.local/lib/python3.8/site-packages/airflow/example_dags/tutorial_dag.py took 0.069 seconds
[2023-10-18T21:31:21.029+0000] {processor.py:157} INFO - Started process (PID=829) to work on /home/airflow/.local/lib/python3.8/site-packages/airflow/example_dags/tutorial_dag.py
[2023-10-18T21:31:21.030+0000] {processor.py:829} INFO - Processing file /home/airflow/.local/lib/python3.8/site-packages/airflow/example_dags/tutorial_dag.py for tasks to queue
[2023-10-18T21:31:21.033+0000] {logging_mixin.py:151} INFO - [2023-10-18T21:31:21.032+0000] {dagbag.py:536} INFO - Filling up the DagBag from /home/airflow/.local/lib/python3.8/site-packages/airflow/example_dags/tutorial_dag.py
[2023-10-18T21:31:21.039+0000] {processor.py:839} INFO - DAG(s) dict_keys(['tutorial_dag']) retrieved from /home/airflow/.local/lib/python3.8/site-packages/airflow/example_dags/tutorial_dag.py
[2023-10-18T21:31:21.061+0000] {logging_mixin.py:151} INFO - [2023-10-18T21:31:21.061+0000] {dag.py:2941} INFO - Sync 1 DAGs
[2023-10-18T21:31:21.076+0000] {logging_mixin.py:151} INFO - [2023-10-18T21:31:21.075+0000] {dag.py:3722} INFO - Setting next_dagrun for tutorial_dag to None, run_after=None
[2023-10-18T21:31:21.093+0000] {processor.py:179} INFO - Processing /home/airflow/.local/lib/python3.8/site-packages/airflow/example_dags/tutorial_dag.py took 0.072 seconds
