[2023-10-18T21:06:47.452+0000] {processor.py:157} INFO - Started process (PID=59) to work on /home/airflow/.local/lib/python3.8/site-packages/airflow/example_dags/tutorial.py
[2023-10-18T21:06:47.453+0000] {processor.py:829} INFO - Processing file /home/airflow/.local/lib/python3.8/site-packages/airflow/example_dags/tutorial.py for tasks to queue
[2023-10-18T21:06:47.455+0000] {logging_mixin.py:151} INFO - [2023-10-18T21:06:47.455+0000] {dagbag.py:536} INFO - Filling up the DagBag from /home/airflow/.local/lib/python3.8/site-packages/airflow/example_dags/tutorial.py
[2023-10-18T21:06:47.466+0000] {processor.py:839} INFO - DAG(s) dict_keys(['tutorial']) retrieved from /home/airflow/.local/lib/python3.8/site-packages/airflow/example_dags/tutorial.py
[2023-10-18T21:06:47.479+0000] {logging_mixin.py:151} INFO - [2023-10-18T21:06:47.478+0000] {dag.py:2941} INFO - Sync 1 DAGs
[2023-10-18T21:06:47.510+0000] {logging_mixin.py:151} INFO - [2023-10-18T21:06:47.510+0000] {dag.py:3722} INFO - Setting next_dagrun for tutorial to 2023-10-17T21:06:47.509557+00:00, run_after=2023-10-18T21:06:47.509557+00:00
[2023-10-18T21:06:47.526+0000] {processor.py:179} INFO - Processing /home/airflow/.local/lib/python3.8/site-packages/airflow/example_dags/tutorial.py took 0.079 seconds
[2023-10-18T21:07:17.987+0000] {processor.py:157} INFO - Started process (PID=112) to work on /home/airflow/.local/lib/python3.8/site-packages/airflow/example_dags/tutorial.py
[2023-10-18T21:07:17.988+0000] {processor.py:829} INFO - Processing file /home/airflow/.local/lib/python3.8/site-packages/airflow/example_dags/tutorial.py for tasks to queue
[2023-10-18T21:07:17.991+0000] {logging_mixin.py:151} INFO - [2023-10-18T21:07:17.991+0000] {dagbag.py:536} INFO - Filling up the DagBag from /home/airflow/.local/lib/python3.8/site-packages/airflow/example_dags/tutorial.py
[2023-10-18T21:07:17.998+0000] {processor.py:839} INFO - DAG(s) dict_keys(['tutorial']) retrieved from /home/airflow/.local/lib/python3.8/site-packages/airflow/example_dags/tutorial.py
[2023-10-18T21:07:18.022+0000] {logging_mixin.py:151} INFO - [2023-10-18T21:07:18.021+0000] {dag.py:2941} INFO - Sync 1 DAGs
[2023-10-18T21:07:18.049+0000] {logging_mixin.py:151} INFO - [2023-10-18T21:07:18.048+0000] {dag.py:3722} INFO - Setting next_dagrun for tutorial to 2023-10-17T21:07:18.048538+00:00, run_after=2023-10-18T21:07:18.048538+00:00
[2023-10-18T21:07:18.069+0000] {processor.py:179} INFO - Processing /home/airflow/.local/lib/python3.8/site-packages/airflow/example_dags/tutorial.py took 0.089 seconds
[2023-10-18T21:07:48.297+0000] {processor.py:157} INFO - Started process (PID=165) to work on /home/airflow/.local/lib/python3.8/site-packages/airflow/example_dags/tutorial.py
[2023-10-18T21:07:48.298+0000] {processor.py:829} INFO - Processing file /home/airflow/.local/lib/python3.8/site-packages/airflow/example_dags/tutorial.py for tasks to queue
[2023-10-18T21:07:48.301+0000] {logging_mixin.py:151} INFO - [2023-10-18T21:07:48.300+0000] {dagbag.py:536} INFO - Filling up the DagBag from /home/airflow/.local/lib/python3.8/site-packages/airflow/example_dags/tutorial.py
[2023-10-18T21:07:48.308+0000] {processor.py:839} INFO - DAG(s) dict_keys(['tutorial']) retrieved from /home/airflow/.local/lib/python3.8/site-packages/airflow/example_dags/tutorial.py
[2023-10-18T21:07:48.332+0000] {logging_mixin.py:151} INFO - [2023-10-18T21:07:48.332+0000] {dag.py:2941} INFO - Sync 1 DAGs
[2023-10-18T21:07:48.359+0000] {logging_mixin.py:151} INFO - [2023-10-18T21:07:48.358+0000] {dag.py:3722} INFO - Setting next_dagrun for tutorial to 2023-10-17T21:07:48.358483+00:00, run_after=2023-10-18T21:07:48.358483+00:00
[2023-10-18T21:07:48.378+0000] {processor.py:179} INFO - Processing /home/airflow/.local/lib/python3.8/site-packages/airflow/example_dags/tutorial.py took 0.085 seconds
[2023-10-18T21:08:18.479+0000] {processor.py:157} INFO - Started process (PID=217) to work on /home/airflow/.local/lib/python3.8/site-packages/airflow/example_dags/tutorial.py
[2023-10-18T21:08:18.480+0000] {processor.py:829} INFO - Processing file /home/airflow/.local/lib/python3.8/site-packages/airflow/example_dags/tutorial.py for tasks to queue
[2023-10-18T21:08:18.483+0000] {logging_mixin.py:151} INFO - [2023-10-18T21:08:18.482+0000] {dagbag.py:536} INFO - Filling up the DagBag from /home/airflow/.local/lib/python3.8/site-packages/airflow/example_dags/tutorial.py
[2023-10-18T21:08:18.490+0000] {processor.py:839} INFO - DAG(s) dict_keys(['tutorial']) retrieved from /home/airflow/.local/lib/python3.8/site-packages/airflow/example_dags/tutorial.py
[2023-10-18T21:08:18.515+0000] {logging_mixin.py:151} INFO - [2023-10-18T21:08:18.514+0000] {dag.py:2941} INFO - Sync 1 DAGs
[2023-10-18T21:08:18.543+0000] {logging_mixin.py:151} INFO - [2023-10-18T21:08:18.542+0000] {dag.py:3722} INFO - Setting next_dagrun for tutorial to 2023-10-17T21:08:18.542692+00:00, run_after=2023-10-18T21:08:18.542692+00:00
[2023-10-18T21:08:18.564+0000] {processor.py:179} INFO - Processing /home/airflow/.local/lib/python3.8/site-packages/airflow/example_dags/tutorial.py took 0.090 seconds
[2023-10-18T21:08:48.620+0000] {processor.py:157} INFO - Started process (PID=271) to work on /home/airflow/.local/lib/python3.8/site-packages/airflow/example_dags/tutorial.py
[2023-10-18T21:08:48.622+0000] {processor.py:829} INFO - Processing file /home/airflow/.local/lib/python3.8/site-packages/airflow/example_dags/tutorial.py for tasks to queue
[2023-10-18T21:08:48.624+0000] {logging_mixin.py:151} INFO - [2023-10-18T21:08:48.624+0000] {dagbag.py:536} INFO - Filling up the DagBag from /home/airflow/.local/lib/python3.8/site-packages/airflow/example_dags/tutorial.py
[2023-10-18T21:08:48.632+0000] {processor.py:839} INFO - DAG(s) dict_keys(['tutorial']) retrieved from /home/airflow/.local/lib/python3.8/site-packages/airflow/example_dags/tutorial.py
[2023-10-18T21:08:48.658+0000] {logging_mixin.py:151} INFO - [2023-10-18T21:08:48.658+0000] {dag.py:2941} INFO - Sync 1 DAGs
[2023-10-18T21:08:48.688+0000] {logging_mixin.py:151} INFO - [2023-10-18T21:08:48.687+0000] {dag.py:3722} INFO - Setting next_dagrun for tutorial to 2023-10-17T21:08:48.687477+00:00, run_after=2023-10-18T21:08:48.687477+00:00
[2023-10-18T21:08:48.709+0000] {processor.py:179} INFO - Processing /home/airflow/.local/lib/python3.8/site-packages/airflow/example_dags/tutorial.py took 0.097 seconds
[2023-10-18T21:09:19.008+0000] {processor.py:157} INFO - Started process (PID=324) to work on /home/airflow/.local/lib/python3.8/site-packages/airflow/example_dags/tutorial.py
[2023-10-18T21:09:19.010+0000] {processor.py:829} INFO - Processing file /home/airflow/.local/lib/python3.8/site-packages/airflow/example_dags/tutorial.py for tasks to queue
[2023-10-18T21:09:19.012+0000] {logging_mixin.py:151} INFO - [2023-10-18T21:09:19.012+0000] {dagbag.py:536} INFO - Filling up the DagBag from /home/airflow/.local/lib/python3.8/site-packages/airflow/example_dags/tutorial.py
[2023-10-18T21:09:19.019+0000] {processor.py:839} INFO - DAG(s) dict_keys(['tutorial']) retrieved from /home/airflow/.local/lib/python3.8/site-packages/airflow/example_dags/tutorial.py
[2023-10-18T21:09:19.062+0000] {logging_mixin.py:151} INFO - [2023-10-18T21:09:19.061+0000] {dag.py:2941} INFO - Sync 1 DAGs
[2023-10-18T21:09:19.090+0000] {logging_mixin.py:151} INFO - [2023-10-18T21:09:19.090+0000] {dag.py:3722} INFO - Setting next_dagrun for tutorial to 2023-10-17T21:09:19.090201+00:00, run_after=2023-10-18T21:09:19.090201+00:00
[2023-10-18T21:09:19.110+0000] {processor.py:179} INFO - Processing /home/airflow/.local/lib/python3.8/site-packages/airflow/example_dags/tutorial.py took 0.107 seconds
[2023-10-18T21:09:49.343+0000] {processor.py:157} INFO - Started process (PID=377) to work on /home/airflow/.local/lib/python3.8/site-packages/airflow/example_dags/tutorial.py
[2023-10-18T21:09:49.344+0000] {processor.py:829} INFO - Processing file /home/airflow/.local/lib/python3.8/site-packages/airflow/example_dags/tutorial.py for tasks to queue
[2023-10-18T21:09:49.347+0000] {logging_mixin.py:151} INFO - [2023-10-18T21:09:49.346+0000] {dagbag.py:536} INFO - Filling up the DagBag from /home/airflow/.local/lib/python3.8/site-packages/airflow/example_dags/tutorial.py
[2023-10-18T21:09:49.353+0000] {processor.py:839} INFO - DAG(s) dict_keys(['tutorial']) retrieved from /home/airflow/.local/lib/python3.8/site-packages/airflow/example_dags/tutorial.py
[2023-10-18T21:09:49.379+0000] {logging_mixin.py:151} INFO - [2023-10-18T21:09:49.379+0000] {dag.py:2941} INFO - Sync 1 DAGs
[2023-10-18T21:09:49.408+0000] {logging_mixin.py:151} INFO - [2023-10-18T21:09:49.407+0000] {dag.py:3722} INFO - Setting next_dagrun for tutorial to 2023-10-17T21:09:49.407659+00:00, run_after=2023-10-18T21:09:49.407659+00:00
[2023-10-18T21:09:49.428+0000] {processor.py:179} INFO - Processing /home/airflow/.local/lib/python3.8/site-packages/airflow/example_dags/tutorial.py took 0.090 seconds
[2023-10-18T21:10:19.564+0000] {processor.py:157} INFO - Started process (PID=430) to work on /home/airflow/.local/lib/python3.8/site-packages/airflow/example_dags/tutorial.py
[2023-10-18T21:10:19.565+0000] {processor.py:829} INFO - Processing file /home/airflow/.local/lib/python3.8/site-packages/airflow/example_dags/tutorial.py for tasks to queue
[2023-10-18T21:10:19.568+0000] {logging_mixin.py:151} INFO - [2023-10-18T21:10:19.567+0000] {dagbag.py:536} INFO - Filling up the DagBag from /home/airflow/.local/lib/python3.8/site-packages/airflow/example_dags/tutorial.py
[2023-10-18T21:10:19.575+0000] {processor.py:839} INFO - DAG(s) dict_keys(['tutorial']) retrieved from /home/airflow/.local/lib/python3.8/site-packages/airflow/example_dags/tutorial.py
[2023-10-18T21:10:19.598+0000] {logging_mixin.py:151} INFO - [2023-10-18T21:10:19.598+0000] {dag.py:2941} INFO - Sync 1 DAGs
[2023-10-18T21:10:19.625+0000] {logging_mixin.py:151} INFO - [2023-10-18T21:10:19.624+0000] {dag.py:3722} INFO - Setting next_dagrun for tutorial to 2023-10-17T21:10:19.624491+00:00, run_after=2023-10-18T21:10:19.624491+00:00
[2023-10-18T21:10:19.646+0000] {processor.py:179} INFO - Processing /home/airflow/.local/lib/python3.8/site-packages/airflow/example_dags/tutorial.py took 0.087 seconds
[2023-10-18T21:10:50.529+0000] {processor.py:157} INFO - Started process (PID=483) to work on /home/airflow/.local/lib/python3.8/site-packages/airflow/example_dags/tutorial.py
[2023-10-18T21:10:50.530+0000] {processor.py:829} INFO - Processing file /home/airflow/.local/lib/python3.8/site-packages/airflow/example_dags/tutorial.py for tasks to queue
[2023-10-18T21:10:50.534+0000] {logging_mixin.py:151} INFO - [2023-10-18T21:10:50.533+0000] {dagbag.py:536} INFO - Filling up the DagBag from /home/airflow/.local/lib/python3.8/site-packages/airflow/example_dags/tutorial.py
[2023-10-18T21:10:50.541+0000] {processor.py:839} INFO - DAG(s) dict_keys(['tutorial']) retrieved from /home/airflow/.local/lib/python3.8/site-packages/airflow/example_dags/tutorial.py
[2023-10-18T21:10:50.568+0000] {logging_mixin.py:151} INFO - [2023-10-18T21:10:50.568+0000] {dag.py:2941} INFO - Sync 1 DAGs
[2023-10-18T21:10:50.593+0000] {logging_mixin.py:151} INFO - [2023-10-18T21:10:50.593+0000] {dag.py:3722} INFO - Setting next_dagrun for tutorial to 2023-10-17T21:10:50.593179+00:00, run_after=2023-10-18T21:10:50.593179+00:00
[2023-10-18T21:10:50.611+0000] {processor.py:179} INFO - Processing /home/airflow/.local/lib/python3.8/site-packages/airflow/example_dags/tutorial.py took 0.087 seconds
[2023-10-18T21:11:21.045+0000] {processor.py:157} INFO - Started process (PID=536) to work on /home/airflow/.local/lib/python3.8/site-packages/airflow/example_dags/tutorial.py
[2023-10-18T21:11:21.046+0000] {processor.py:829} INFO - Processing file /home/airflow/.local/lib/python3.8/site-packages/airflow/example_dags/tutorial.py for tasks to queue
[2023-10-18T21:11:21.048+0000] {logging_mixin.py:151} INFO - [2023-10-18T21:11:21.048+0000] {dagbag.py:536} INFO - Filling up the DagBag from /home/airflow/.local/lib/python3.8/site-packages/airflow/example_dags/tutorial.py
[2023-10-18T21:11:21.057+0000] {processor.py:839} INFO - DAG(s) dict_keys(['tutorial']) retrieved from /home/airflow/.local/lib/python3.8/site-packages/airflow/example_dags/tutorial.py
[2023-10-18T21:11:21.081+0000] {logging_mixin.py:151} INFO - [2023-10-18T21:11:21.081+0000] {dag.py:2941} INFO - Sync 1 DAGs
[2023-10-18T21:11:21.110+0000] {logging_mixin.py:151} INFO - [2023-10-18T21:11:21.109+0000] {dag.py:3722} INFO - Setting next_dagrun for tutorial to 2023-10-17T21:11:21.109614+00:00, run_after=2023-10-18T21:11:21.109614+00:00
[2023-10-18T21:11:21.127+0000] {processor.py:179} INFO - Processing /home/airflow/.local/lib/python3.8/site-packages/airflow/example_dags/tutorial.py took 0.086 seconds
[2023-10-18T21:11:51.464+0000] {processor.py:157} INFO - Started process (PID=589) to work on /home/airflow/.local/lib/python3.8/site-packages/airflow/example_dags/tutorial.py
[2023-10-18T21:11:51.466+0000] {processor.py:829} INFO - Processing file /home/airflow/.local/lib/python3.8/site-packages/airflow/example_dags/tutorial.py for tasks to queue
[2023-10-18T21:11:51.468+0000] {logging_mixin.py:151} INFO - [2023-10-18T21:11:51.468+0000] {dagbag.py:536} INFO - Filling up the DagBag from /home/airflow/.local/lib/python3.8/site-packages/airflow/example_dags/tutorial.py
[2023-10-18T21:11:51.475+0000] {processor.py:839} INFO - DAG(s) dict_keys(['tutorial']) retrieved from /home/airflow/.local/lib/python3.8/site-packages/airflow/example_dags/tutorial.py
[2023-10-18T21:11:51.503+0000] {logging_mixin.py:151} INFO - [2023-10-18T21:11:51.502+0000] {dag.py:2941} INFO - Sync 1 DAGs
[2023-10-18T21:11:51.533+0000] {logging_mixin.py:151} INFO - [2023-10-18T21:11:51.532+0000] {dag.py:3722} INFO - Setting next_dagrun for tutorial to 2023-10-17T21:11:51.532445+00:00, run_after=2023-10-18T21:11:51.532445+00:00
[2023-10-18T21:11:51.554+0000] {processor.py:179} INFO - Processing /home/airflow/.local/lib/python3.8/site-packages/airflow/example_dags/tutorial.py took 0.096 seconds
[2023-10-18T21:12:21.599+0000] {processor.py:157} INFO - Started process (PID=642) to work on /home/airflow/.local/lib/python3.8/site-packages/airflow/example_dags/tutorial.py
[2023-10-18T21:12:21.600+0000] {processor.py:829} INFO - Processing file /home/airflow/.local/lib/python3.8/site-packages/airflow/example_dags/tutorial.py for tasks to queue
[2023-10-18T21:12:21.603+0000] {logging_mixin.py:151} INFO - [2023-10-18T21:12:21.603+0000] {dagbag.py:536} INFO - Filling up the DagBag from /home/airflow/.local/lib/python3.8/site-packages/airflow/example_dags/tutorial.py
[2023-10-18T21:12:21.610+0000] {processor.py:839} INFO - DAG(s) dict_keys(['tutorial']) retrieved from /home/airflow/.local/lib/python3.8/site-packages/airflow/example_dags/tutorial.py
[2023-10-18T21:12:21.646+0000] {logging_mixin.py:151} INFO - [2023-10-18T21:12:21.646+0000] {dag.py:2941} INFO - Sync 1 DAGs
[2023-10-18T21:12:21.674+0000] {logging_mixin.py:151} INFO - [2023-10-18T21:12:21.674+0000] {dag.py:3722} INFO - Setting next_dagrun for tutorial to 2023-10-17T21:12:21.673987+00:00, run_after=2023-10-18T21:12:21.673987+00:00
[2023-10-18T21:12:21.694+0000] {processor.py:179} INFO - Processing /home/airflow/.local/lib/python3.8/site-packages/airflow/example_dags/tutorial.py took 0.101 seconds
[2023-10-18T21:12:52.275+0000] {processor.py:157} INFO - Started process (PID=696) to work on /home/airflow/.local/lib/python3.8/site-packages/airflow/example_dags/tutorial.py
[2023-10-18T21:12:52.276+0000] {processor.py:829} INFO - Processing file /home/airflow/.local/lib/python3.8/site-packages/airflow/example_dags/tutorial.py for tasks to queue
[2023-10-18T21:12:52.278+0000] {logging_mixin.py:151} INFO - [2023-10-18T21:12:52.278+0000] {dagbag.py:536} INFO - Filling up the DagBag from /home/airflow/.local/lib/python3.8/site-packages/airflow/example_dags/tutorial.py
[2023-10-18T21:12:52.285+0000] {processor.py:839} INFO - DAG(s) dict_keys(['tutorial']) retrieved from /home/airflow/.local/lib/python3.8/site-packages/airflow/example_dags/tutorial.py
[2023-10-18T21:12:52.310+0000] {logging_mixin.py:151} INFO - [2023-10-18T21:12:52.310+0000] {dag.py:2941} INFO - Sync 1 DAGs
[2023-10-18T21:12:52.334+0000] {logging_mixin.py:151} INFO - [2023-10-18T21:12:52.334+0000] {dag.py:3722} INFO - Setting next_dagrun for tutorial to 2023-10-17T21:12:52.334036+00:00, run_after=2023-10-18T21:12:52.334036+00:00
[2023-10-18T21:12:52.351+0000] {processor.py:179} INFO - Processing /home/airflow/.local/lib/python3.8/site-packages/airflow/example_dags/tutorial.py took 0.084 seconds
[2023-10-18T21:15:09.825+0000] {processor.py:157} INFO - Started process (PID=58) to work on /home/airflow/.local/lib/python3.8/site-packages/airflow/example_dags/tutorial.py
[2023-10-18T21:15:09.827+0000] {processor.py:829} INFO - Processing file /home/airflow/.local/lib/python3.8/site-packages/airflow/example_dags/tutorial.py for tasks to queue
[2023-10-18T21:15:09.829+0000] {logging_mixin.py:151} INFO - [2023-10-18T21:15:09.829+0000] {dagbag.py:536} INFO - Filling up the DagBag from /home/airflow/.local/lib/python3.8/site-packages/airflow/example_dags/tutorial.py
[2023-10-18T21:15:09.839+0000] {processor.py:839} INFO - DAG(s) dict_keys(['tutorial']) retrieved from /home/airflow/.local/lib/python3.8/site-packages/airflow/example_dags/tutorial.py
[2023-10-18T21:15:09.897+0000] {logging_mixin.py:151} INFO - [2023-10-18T21:15:09.896+0000] {dag.py:2941} INFO - Sync 1 DAGs
[2023-10-18T21:15:09.928+0000] {logging_mixin.py:151} INFO - [2023-10-18T21:15:09.928+0000] {dag.py:3722} INFO - Setting next_dagrun for tutorial to 2023-10-17T21:15:09.927796+00:00, run_after=2023-10-18T21:15:09.927796+00:00
[2023-10-18T21:15:09.944+0000] {processor.py:179} INFO - Processing /home/airflow/.local/lib/python3.8/site-packages/airflow/example_dags/tutorial.py took 0.125 seconds
[2023-10-18T21:15:40.259+0000] {processor.py:157} INFO - Started process (PID=110) to work on /home/airflow/.local/lib/python3.8/site-packages/airflow/example_dags/tutorial.py
[2023-10-18T21:15:40.260+0000] {processor.py:829} INFO - Processing file /home/airflow/.local/lib/python3.8/site-packages/airflow/example_dags/tutorial.py for tasks to queue
[2023-10-18T21:15:40.263+0000] {logging_mixin.py:151} INFO - [2023-10-18T21:15:40.262+0000] {dagbag.py:536} INFO - Filling up the DagBag from /home/airflow/.local/lib/python3.8/site-packages/airflow/example_dags/tutorial.py
[2023-10-18T21:15:40.269+0000] {processor.py:839} INFO - DAG(s) dict_keys(['tutorial']) retrieved from /home/airflow/.local/lib/python3.8/site-packages/airflow/example_dags/tutorial.py
[2023-10-18T21:15:40.294+0000] {logging_mixin.py:151} INFO - [2023-10-18T21:15:40.294+0000] {dag.py:2941} INFO - Sync 1 DAGs
[2023-10-18T21:15:40.316+0000] {logging_mixin.py:151} INFO - [2023-10-18T21:15:40.316+0000] {dag.py:3722} INFO - Setting next_dagrun for tutorial to 2023-10-17T21:15:40.316097+00:00, run_after=2023-10-18T21:15:40.316097+00:00
[2023-10-18T21:15:40.334+0000] {processor.py:179} INFO - Processing /home/airflow/.local/lib/python3.8/site-packages/airflow/example_dags/tutorial.py took 0.079 seconds
[2023-10-18T21:16:10.605+0000] {processor.py:157} INFO - Started process (PID=164) to work on /home/airflow/.local/lib/python3.8/site-packages/airflow/example_dags/tutorial.py
[2023-10-18T21:16:10.607+0000] {processor.py:829} INFO - Processing file /home/airflow/.local/lib/python3.8/site-packages/airflow/example_dags/tutorial.py for tasks to queue
[2023-10-18T21:16:10.610+0000] {logging_mixin.py:151} INFO - [2023-10-18T21:16:10.609+0000] {dagbag.py:536} INFO - Filling up the DagBag from /home/airflow/.local/lib/python3.8/site-packages/airflow/example_dags/tutorial.py
[2023-10-18T21:16:10.617+0000] {processor.py:839} INFO - DAG(s) dict_keys(['tutorial']) retrieved from /home/airflow/.local/lib/python3.8/site-packages/airflow/example_dags/tutorial.py
[2023-10-18T21:16:10.643+0000] {logging_mixin.py:151} INFO - [2023-10-18T21:16:10.643+0000] {dag.py:2941} INFO - Sync 1 DAGs
[2023-10-18T21:16:10.671+0000] {logging_mixin.py:151} INFO - [2023-10-18T21:16:10.671+0000] {dag.py:3722} INFO - Setting next_dagrun for tutorial to 2023-10-17T21:16:10.671279+00:00, run_after=2023-10-18T21:16:10.671279+00:00
[2023-10-18T21:16:10.691+0000] {processor.py:179} INFO - Processing /home/airflow/.local/lib/python3.8/site-packages/airflow/example_dags/tutorial.py took 0.091 seconds
[2023-10-18T21:16:40.919+0000] {processor.py:157} INFO - Started process (PID=217) to work on /home/airflow/.local/lib/python3.8/site-packages/airflow/example_dags/tutorial.py
[2023-10-18T21:16:40.920+0000] {processor.py:829} INFO - Processing file /home/airflow/.local/lib/python3.8/site-packages/airflow/example_dags/tutorial.py for tasks to queue
[2023-10-18T21:16:40.923+0000] {logging_mixin.py:151} INFO - [2023-10-18T21:16:40.923+0000] {dagbag.py:536} INFO - Filling up the DagBag from /home/airflow/.local/lib/python3.8/site-packages/airflow/example_dags/tutorial.py
[2023-10-18T21:16:40.930+0000] {processor.py:839} INFO - DAG(s) dict_keys(['tutorial']) retrieved from /home/airflow/.local/lib/python3.8/site-packages/airflow/example_dags/tutorial.py
[2023-10-18T21:16:40.955+0000] {logging_mixin.py:151} INFO - [2023-10-18T21:16:40.955+0000] {dag.py:2941} INFO - Sync 1 DAGs
[2023-10-18T21:16:40.977+0000] {logging_mixin.py:151} INFO - [2023-10-18T21:16:40.977+0000] {dag.py:3722} INFO - Setting next_dagrun for tutorial to 2023-10-17T21:16:40.977114+00:00, run_after=2023-10-18T21:16:40.977114+00:00
[2023-10-18T21:16:40.995+0000] {processor.py:179} INFO - Processing /home/airflow/.local/lib/python3.8/site-packages/airflow/example_dags/tutorial.py took 0.082 seconds
[2023-10-18T21:17:11.124+0000] {processor.py:157} INFO - Started process (PID=271) to work on /home/airflow/.local/lib/python3.8/site-packages/airflow/example_dags/tutorial.py
[2023-10-18T21:17:11.126+0000] {processor.py:829} INFO - Processing file /home/airflow/.local/lib/python3.8/site-packages/airflow/example_dags/tutorial.py for tasks to queue
[2023-10-18T21:17:11.128+0000] {logging_mixin.py:151} INFO - [2023-10-18T21:17:11.128+0000] {dagbag.py:536} INFO - Filling up the DagBag from /home/airflow/.local/lib/python3.8/site-packages/airflow/example_dags/tutorial.py
[2023-10-18T21:17:11.136+0000] {processor.py:839} INFO - DAG(s) dict_keys(['tutorial']) retrieved from /home/airflow/.local/lib/python3.8/site-packages/airflow/example_dags/tutorial.py
[2023-10-18T21:17:11.163+0000] {logging_mixin.py:151} INFO - [2023-10-18T21:17:11.162+0000] {dag.py:2941} INFO - Sync 1 DAGs
[2023-10-18T21:17:11.192+0000] {logging_mixin.py:151} INFO - [2023-10-18T21:17:11.192+0000] {dag.py:3722} INFO - Setting next_dagrun for tutorial to 2023-10-17T21:17:11.191738+00:00, run_after=2023-10-18T21:17:11.191738+00:00
[2023-10-18T21:17:11.213+0000] {processor.py:179} INFO - Processing /home/airflow/.local/lib/python3.8/site-packages/airflow/example_dags/tutorial.py took 0.094 seconds
[2023-10-18T21:17:41.266+0000] {processor.py:157} INFO - Started process (PID=323) to work on /home/airflow/.local/lib/python3.8/site-packages/airflow/example_dags/tutorial.py
[2023-10-18T21:17:41.267+0000] {processor.py:829} INFO - Processing file /home/airflow/.local/lib/python3.8/site-packages/airflow/example_dags/tutorial.py for tasks to queue
[2023-10-18T21:17:41.270+0000] {logging_mixin.py:151} INFO - [2023-10-18T21:17:41.270+0000] {dagbag.py:536} INFO - Filling up the DagBag from /home/airflow/.local/lib/python3.8/site-packages/airflow/example_dags/tutorial.py
[2023-10-18T21:17:41.277+0000] {processor.py:839} INFO - DAG(s) dict_keys(['tutorial']) retrieved from /home/airflow/.local/lib/python3.8/site-packages/airflow/example_dags/tutorial.py
[2023-10-18T21:17:41.292+0000] {logging_mixin.py:151} INFO - [2023-10-18T21:17:41.292+0000] {dag.py:2941} INFO - Sync 1 DAGs
[2023-10-18T21:17:41.317+0000] {logging_mixin.py:151} INFO - [2023-10-18T21:17:41.317+0000] {dag.py:3722} INFO - Setting next_dagrun for tutorial to 2023-10-17T21:17:41.317082+00:00, run_after=2023-10-18T21:17:41.317082+00:00
[2023-10-18T21:17:41.335+0000] {processor.py:179} INFO - Processing /home/airflow/.local/lib/python3.8/site-packages/airflow/example_dags/tutorial.py took 0.076 seconds
[2023-10-18T21:18:11.901+0000] {processor.py:157} INFO - Started process (PID=376) to work on /home/airflow/.local/lib/python3.8/site-packages/airflow/example_dags/tutorial.py
[2023-10-18T21:18:11.902+0000] {processor.py:829} INFO - Processing file /home/airflow/.local/lib/python3.8/site-packages/airflow/example_dags/tutorial.py for tasks to queue
[2023-10-18T21:18:11.905+0000] {logging_mixin.py:151} INFO - [2023-10-18T21:18:11.905+0000] {dagbag.py:536} INFO - Filling up the DagBag from /home/airflow/.local/lib/python3.8/site-packages/airflow/example_dags/tutorial.py
[2023-10-18T21:18:11.912+0000] {processor.py:839} INFO - DAG(s) dict_keys(['tutorial']) retrieved from /home/airflow/.local/lib/python3.8/site-packages/airflow/example_dags/tutorial.py
[2023-10-18T21:18:11.937+0000] {logging_mixin.py:151} INFO - [2023-10-18T21:18:11.937+0000] {dag.py:2941} INFO - Sync 1 DAGs
[2023-10-18T21:18:11.960+0000] {logging_mixin.py:151} INFO - [2023-10-18T21:18:11.959+0000] {dag.py:3722} INFO - Setting next_dagrun for tutorial to 2023-10-17T21:18:11.959573+00:00, run_after=2023-10-18T21:18:11.959573+00:00
[2023-10-18T21:18:11.976+0000] {processor.py:179} INFO - Processing /home/airflow/.local/lib/python3.8/site-packages/airflow/example_dags/tutorial.py took 0.081 seconds
[2023-10-18T21:18:42.102+0000] {processor.py:157} INFO - Started process (PID=429) to work on /home/airflow/.local/lib/python3.8/site-packages/airflow/example_dags/tutorial.py
[2023-10-18T21:18:42.103+0000] {processor.py:829} INFO - Processing file /home/airflow/.local/lib/python3.8/site-packages/airflow/example_dags/tutorial.py for tasks to queue
[2023-10-18T21:18:42.106+0000] {logging_mixin.py:151} INFO - [2023-10-18T21:18:42.105+0000] {dagbag.py:536} INFO - Filling up the DagBag from /home/airflow/.local/lib/python3.8/site-packages/airflow/example_dags/tutorial.py
[2023-10-18T21:18:42.112+0000] {processor.py:839} INFO - DAG(s) dict_keys(['tutorial']) retrieved from /home/airflow/.local/lib/python3.8/site-packages/airflow/example_dags/tutorial.py
[2023-10-18T21:18:42.135+0000] {logging_mixin.py:151} INFO - [2023-10-18T21:18:42.134+0000] {dag.py:2941} INFO - Sync 1 DAGs
[2023-10-18T21:18:42.164+0000] {logging_mixin.py:151} INFO - [2023-10-18T21:18:42.163+0000] {dag.py:3722} INFO - Setting next_dagrun for tutorial to 2023-10-17T21:18:42.163597+00:00, run_after=2023-10-18T21:18:42.163597+00:00
[2023-10-18T21:18:42.182+0000] {processor.py:179} INFO - Processing /home/airflow/.local/lib/python3.8/site-packages/airflow/example_dags/tutorial.py took 0.084 seconds
[2023-10-18T21:19:12.439+0000] {processor.py:157} INFO - Started process (PID=482) to work on /home/airflow/.local/lib/python3.8/site-packages/airflow/example_dags/tutorial.py
[2023-10-18T21:19:12.440+0000] {processor.py:829} INFO - Processing file /home/airflow/.local/lib/python3.8/site-packages/airflow/example_dags/tutorial.py for tasks to queue
[2023-10-18T21:19:12.443+0000] {logging_mixin.py:151} INFO - [2023-10-18T21:19:12.442+0000] {dagbag.py:536} INFO - Filling up the DagBag from /home/airflow/.local/lib/python3.8/site-packages/airflow/example_dags/tutorial.py
[2023-10-18T21:19:12.450+0000] {processor.py:839} INFO - DAG(s) dict_keys(['tutorial']) retrieved from /home/airflow/.local/lib/python3.8/site-packages/airflow/example_dags/tutorial.py
[2023-10-18T21:19:12.473+0000] {logging_mixin.py:151} INFO - [2023-10-18T21:19:12.472+0000] {dag.py:2941} INFO - Sync 1 DAGs
[2023-10-18T21:19:12.506+0000] {logging_mixin.py:151} INFO - [2023-10-18T21:19:12.506+0000] {dag.py:3722} INFO - Setting next_dagrun for tutorial to 2023-10-17T21:19:12.505752+00:00, run_after=2023-10-18T21:19:12.505752+00:00
[2023-10-18T21:19:12.525+0000] {processor.py:179} INFO - Processing /home/airflow/.local/lib/python3.8/site-packages/airflow/example_dags/tutorial.py took 0.090 seconds
[2023-10-18T21:19:42.739+0000] {processor.py:157} INFO - Started process (PID=534) to work on /home/airflow/.local/lib/python3.8/site-packages/airflow/example_dags/tutorial.py
[2023-10-18T21:19:42.740+0000] {processor.py:829} INFO - Processing file /home/airflow/.local/lib/python3.8/site-packages/airflow/example_dags/tutorial.py for tasks to queue
[2023-10-18T21:19:42.743+0000] {logging_mixin.py:151} INFO - [2023-10-18T21:19:42.742+0000] {dagbag.py:536} INFO - Filling up the DagBag from /home/airflow/.local/lib/python3.8/site-packages/airflow/example_dags/tutorial.py
[2023-10-18T21:19:42.750+0000] {processor.py:839} INFO - DAG(s) dict_keys(['tutorial']) retrieved from /home/airflow/.local/lib/python3.8/site-packages/airflow/example_dags/tutorial.py
[2023-10-18T21:19:42.779+0000] {logging_mixin.py:151} INFO - [2023-10-18T21:19:42.779+0000] {dag.py:2941} INFO - Sync 1 DAGs
[2023-10-18T21:19:42.808+0000] {logging_mixin.py:151} INFO - [2023-10-18T21:19:42.808+0000] {dag.py:3722} INFO - Setting next_dagrun for tutorial to 2023-10-17T21:19:42.807897+00:00, run_after=2023-10-18T21:19:42.807897+00:00
[2023-10-18T21:19:42.828+0000] {processor.py:179} INFO - Processing /home/airflow/.local/lib/python3.8/site-packages/airflow/example_dags/tutorial.py took 0.094 seconds
[2023-10-18T21:20:13.230+0000] {processor.py:157} INFO - Started process (PID=587) to work on /home/airflow/.local/lib/python3.8/site-packages/airflow/example_dags/tutorial.py
[2023-10-18T21:20:13.232+0000] {processor.py:829} INFO - Processing file /home/airflow/.local/lib/python3.8/site-packages/airflow/example_dags/tutorial.py for tasks to queue
[2023-10-18T21:20:13.234+0000] {logging_mixin.py:151} INFO - [2023-10-18T21:20:13.234+0000] {dagbag.py:536} INFO - Filling up the DagBag from /home/airflow/.local/lib/python3.8/site-packages/airflow/example_dags/tutorial.py
[2023-10-18T21:20:13.241+0000] {processor.py:839} INFO - DAG(s) dict_keys(['tutorial']) retrieved from /home/airflow/.local/lib/python3.8/site-packages/airflow/example_dags/tutorial.py
[2023-10-18T21:20:13.265+0000] {logging_mixin.py:151} INFO - [2023-10-18T21:20:13.265+0000] {dag.py:2941} INFO - Sync 1 DAGs
[2023-10-18T21:20:13.292+0000] {logging_mixin.py:151} INFO - [2023-10-18T21:20:13.292+0000] {dag.py:3722} INFO - Setting next_dagrun for tutorial to 2023-10-17T21:20:13.292536+00:00, run_after=2023-10-18T21:20:13.292536+00:00
[2023-10-18T21:20:13.313+0000] {processor.py:179} INFO - Processing /home/airflow/.local/lib/python3.8/site-packages/airflow/example_dags/tutorial.py took 0.088 seconds
[2023-10-18T21:20:43.618+0000] {processor.py:157} INFO - Started process (PID=640) to work on /home/airflow/.local/lib/python3.8/site-packages/airflow/example_dags/tutorial.py
[2023-10-18T21:20:43.619+0000] {processor.py:829} INFO - Processing file /home/airflow/.local/lib/python3.8/site-packages/airflow/example_dags/tutorial.py for tasks to queue
[2023-10-18T21:20:43.622+0000] {logging_mixin.py:151} INFO - [2023-10-18T21:20:43.622+0000] {dagbag.py:536} INFO - Filling up the DagBag from /home/airflow/.local/lib/python3.8/site-packages/airflow/example_dags/tutorial.py
[2023-10-18T21:20:43.629+0000] {processor.py:839} INFO - DAG(s) dict_keys(['tutorial']) retrieved from /home/airflow/.local/lib/python3.8/site-packages/airflow/example_dags/tutorial.py
[2023-10-18T21:20:43.656+0000] {logging_mixin.py:151} INFO - [2023-10-18T21:20:43.656+0000] {dag.py:2941} INFO - Sync 1 DAGs
[2023-10-18T21:20:43.684+0000] {logging_mixin.py:151} INFO - [2023-10-18T21:20:43.683+0000] {dag.py:3722} INFO - Setting next_dagrun for tutorial to 2023-10-17T21:20:43.683644+00:00, run_after=2023-10-18T21:20:43.683644+00:00
[2023-10-18T21:20:43.705+0000] {processor.py:179} INFO - Processing /home/airflow/.local/lib/python3.8/site-packages/airflow/example_dags/tutorial.py took 0.095 seconds
[2023-10-18T21:21:13.799+0000] {processor.py:157} INFO - Started process (PID=693) to work on /home/airflow/.local/lib/python3.8/site-packages/airflow/example_dags/tutorial.py
[2023-10-18T21:21:13.801+0000] {processor.py:829} INFO - Processing file /home/airflow/.local/lib/python3.8/site-packages/airflow/example_dags/tutorial.py for tasks to queue
[2023-10-18T21:21:13.804+0000] {logging_mixin.py:151} INFO - [2023-10-18T21:21:13.803+0000] {dagbag.py:536} INFO - Filling up the DagBag from /home/airflow/.local/lib/python3.8/site-packages/airflow/example_dags/tutorial.py
[2023-10-18T21:21:13.811+0000] {processor.py:839} INFO - DAG(s) dict_keys(['tutorial']) retrieved from /home/airflow/.local/lib/python3.8/site-packages/airflow/example_dags/tutorial.py
[2023-10-18T21:21:13.837+0000] {logging_mixin.py:151} INFO - [2023-10-18T21:21:13.837+0000] {dag.py:2941} INFO - Sync 1 DAGs
[2023-10-18T21:21:13.863+0000] {logging_mixin.py:151} INFO - [2023-10-18T21:21:13.862+0000] {dag.py:3722} INFO - Setting next_dagrun for tutorial to 2023-10-17T21:21:13.862647+00:00, run_after=2023-10-18T21:21:13.862647+00:00
[2023-10-18T21:21:13.882+0000] {processor.py:179} INFO - Processing /home/airflow/.local/lib/python3.8/site-packages/airflow/example_dags/tutorial.py took 0.090 seconds
[2023-10-18T21:21:44.391+0000] {processor.py:157} INFO - Started process (PID=747) to work on /home/airflow/.local/lib/python3.8/site-packages/airflow/example_dags/tutorial.py
[2023-10-18T21:21:44.392+0000] {processor.py:829} INFO - Processing file /home/airflow/.local/lib/python3.8/site-packages/airflow/example_dags/tutorial.py for tasks to queue
[2023-10-18T21:21:44.395+0000] {logging_mixin.py:151} INFO - [2023-10-18T21:21:44.394+0000] {dagbag.py:536} INFO - Filling up the DagBag from /home/airflow/.local/lib/python3.8/site-packages/airflow/example_dags/tutorial.py
[2023-10-18T21:21:44.401+0000] {processor.py:839} INFO - DAG(s) dict_keys(['tutorial']) retrieved from /home/airflow/.local/lib/python3.8/site-packages/airflow/example_dags/tutorial.py
[2023-10-18T21:21:44.425+0000] {logging_mixin.py:151} INFO - [2023-10-18T21:21:44.425+0000] {dag.py:2941} INFO - Sync 1 DAGs
[2023-10-18T21:21:44.451+0000] {logging_mixin.py:151} INFO - [2023-10-18T21:21:44.451+0000] {dag.py:3722} INFO - Setting next_dagrun for tutorial to 2023-10-17T21:21:44.451353+00:00, run_after=2023-10-18T21:21:44.451353+00:00
[2023-10-18T21:21:44.474+0000] {processor.py:179} INFO - Processing /home/airflow/.local/lib/python3.8/site-packages/airflow/example_dags/tutorial.py took 0.087 seconds
[2023-10-18T21:22:14.542+0000] {processor.py:157} INFO - Started process (PID=801) to work on /home/airflow/.local/lib/python3.8/site-packages/airflow/example_dags/tutorial.py
[2023-10-18T21:22:14.544+0000] {processor.py:829} INFO - Processing file /home/airflow/.local/lib/python3.8/site-packages/airflow/example_dags/tutorial.py for tasks to queue
[2023-10-18T21:22:14.546+0000] {logging_mixin.py:151} INFO - [2023-10-18T21:22:14.546+0000] {dagbag.py:536} INFO - Filling up the DagBag from /home/airflow/.local/lib/python3.8/site-packages/airflow/example_dags/tutorial.py
[2023-10-18T21:22:14.554+0000] {processor.py:839} INFO - DAG(s) dict_keys(['tutorial']) retrieved from /home/airflow/.local/lib/python3.8/site-packages/airflow/example_dags/tutorial.py
[2023-10-18T21:22:14.582+0000] {logging_mixin.py:151} INFO - [2023-10-18T21:22:14.582+0000] {dag.py:2941} INFO - Sync 1 DAGs
[2023-10-18T21:22:14.607+0000] {logging_mixin.py:151} INFO - [2023-10-18T21:22:14.607+0000] {dag.py:3722} INFO - Setting next_dagrun for tutorial to 2023-10-17T21:22:14.607234+00:00, run_after=2023-10-18T21:22:14.607234+00:00
[2023-10-18T21:22:14.916+0000] {logging_mixin.py:151} INFO - [2023-10-18T21:22:14.915+0000] {process_utils.py:259} INFO - Waiting up to 5 seconds for processes to exit...
[2023-10-18T21:23:48.729+0000] {processor.py:157} INFO - Started process (PID=59) to work on /home/airflow/.local/lib/python3.8/site-packages/airflow/example_dags/tutorial.py
[2023-10-18T21:23:48.730+0000] {processor.py:829} INFO - Processing file /home/airflow/.local/lib/python3.8/site-packages/airflow/example_dags/tutorial.py for tasks to queue
[2023-10-18T21:23:48.733+0000] {logging_mixin.py:151} INFO - [2023-10-18T21:23:48.733+0000] {dagbag.py:536} INFO - Filling up the DagBag from /home/airflow/.local/lib/python3.8/site-packages/airflow/example_dags/tutorial.py
[2023-10-18T21:23:48.743+0000] {processor.py:839} INFO - DAG(s) dict_keys(['tutorial']) retrieved from /home/airflow/.local/lib/python3.8/site-packages/airflow/example_dags/tutorial.py
[2023-10-18T21:23:48.757+0000] {logging_mixin.py:151} INFO - [2023-10-18T21:23:48.756+0000] {dag.py:2941} INFO - Sync 1 DAGs
[2023-10-18T21:23:48.790+0000] {logging_mixin.py:151} INFO - [2023-10-18T21:23:48.790+0000] {dag.py:3722} INFO - Setting next_dagrun for tutorial to 2023-10-17T21:23:48.790374+00:00, run_after=2023-10-18T21:23:48.790374+00:00
[2023-10-18T21:23:48.809+0000] {processor.py:179} INFO - Processing /home/airflow/.local/lib/python3.8/site-packages/airflow/example_dags/tutorial.py took 0.085 seconds
[2023-10-18T21:24:19.079+0000] {processor.py:157} INFO - Started process (PID=112) to work on /home/airflow/.local/lib/python3.8/site-packages/airflow/example_dags/tutorial.py
[2023-10-18T21:24:19.080+0000] {processor.py:829} INFO - Processing file /home/airflow/.local/lib/python3.8/site-packages/airflow/example_dags/tutorial.py for tasks to queue
[2023-10-18T21:24:19.084+0000] {logging_mixin.py:151} INFO - [2023-10-18T21:24:19.083+0000] {dagbag.py:536} INFO - Filling up the DagBag from /home/airflow/.local/lib/python3.8/site-packages/airflow/example_dags/tutorial.py
[2023-10-18T21:24:19.091+0000] {processor.py:839} INFO - DAG(s) dict_keys(['tutorial']) retrieved from /home/airflow/.local/lib/python3.8/site-packages/airflow/example_dags/tutorial.py
[2023-10-18T21:24:19.115+0000] {logging_mixin.py:151} INFO - [2023-10-18T21:24:19.115+0000] {dag.py:2941} INFO - Sync 1 DAGs
[2023-10-18T21:24:19.143+0000] {logging_mixin.py:151} INFO - [2023-10-18T21:24:19.143+0000] {dag.py:3722} INFO - Setting next_dagrun for tutorial to 2023-10-17T21:24:19.142917+00:00, run_after=2023-10-18T21:24:19.142917+00:00
[2023-10-18T21:24:19.166+0000] {processor.py:179} INFO - Processing /home/airflow/.local/lib/python3.8/site-packages/airflow/example_dags/tutorial.py took 0.092 seconds
[2023-10-18T21:24:49.502+0000] {processor.py:157} INFO - Started process (PID=165) to work on /home/airflow/.local/lib/python3.8/site-packages/airflow/example_dags/tutorial.py
[2023-10-18T21:24:49.504+0000] {processor.py:829} INFO - Processing file /home/airflow/.local/lib/python3.8/site-packages/airflow/example_dags/tutorial.py for tasks to queue
[2023-10-18T21:24:49.507+0000] {logging_mixin.py:151} INFO - [2023-10-18T21:24:49.507+0000] {dagbag.py:536} INFO - Filling up the DagBag from /home/airflow/.local/lib/python3.8/site-packages/airflow/example_dags/tutorial.py
[2023-10-18T21:24:49.515+0000] {processor.py:839} INFO - DAG(s) dict_keys(['tutorial']) retrieved from /home/airflow/.local/lib/python3.8/site-packages/airflow/example_dags/tutorial.py
[2023-10-18T21:24:49.541+0000] {logging_mixin.py:151} INFO - [2023-10-18T21:24:49.540+0000] {dag.py:2941} INFO - Sync 1 DAGs
[2023-10-18T21:24:49.566+0000] {logging_mixin.py:151} INFO - [2023-10-18T21:24:49.566+0000] {dag.py:3722} INFO - Setting next_dagrun for tutorial to 2023-10-17T21:24:49.566136+00:00, run_after=2023-10-18T21:24:49.566136+00:00
[2023-10-18T21:24:49.585+0000] {processor.py:179} INFO - Processing /home/airflow/.local/lib/python3.8/site-packages/airflow/example_dags/tutorial.py took 0.088 seconds
[2023-10-18T21:25:20.236+0000] {processor.py:157} INFO - Started process (PID=218) to work on /home/airflow/.local/lib/python3.8/site-packages/airflow/example_dags/tutorial.py
[2023-10-18T21:25:20.238+0000] {processor.py:829} INFO - Processing file /home/airflow/.local/lib/python3.8/site-packages/airflow/example_dags/tutorial.py for tasks to queue
[2023-10-18T21:25:20.241+0000] {logging_mixin.py:151} INFO - [2023-10-18T21:25:20.240+0000] {dagbag.py:536} INFO - Filling up the DagBag from /home/airflow/.local/lib/python3.8/site-packages/airflow/example_dags/tutorial.py
[2023-10-18T21:25:20.248+0000] {processor.py:839} INFO - DAG(s) dict_keys(['tutorial']) retrieved from /home/airflow/.local/lib/python3.8/site-packages/airflow/example_dags/tutorial.py
[2023-10-18T21:25:20.276+0000] {logging_mixin.py:151} INFO - [2023-10-18T21:25:20.276+0000] {dag.py:2941} INFO - Sync 1 DAGs
[2023-10-18T21:25:20.315+0000] {logging_mixin.py:151} INFO - [2023-10-18T21:25:20.315+0000] {dag.py:3722} INFO - Setting next_dagrun for tutorial to 2023-10-17T21:25:20.314857+00:00, run_after=2023-10-18T21:25:20.314857+00:00
[2023-10-18T21:25:20.339+0000] {processor.py:179} INFO - Processing /home/airflow/.local/lib/python3.8/site-packages/airflow/example_dags/tutorial.py took 0.108 seconds
[2023-10-18T21:25:50.998+0000] {processor.py:157} INFO - Started process (PID=271) to work on /home/airflow/.local/lib/python3.8/site-packages/airflow/example_dags/tutorial.py
[2023-10-18T21:25:50.999+0000] {processor.py:829} INFO - Processing file /home/airflow/.local/lib/python3.8/site-packages/airflow/example_dags/tutorial.py for tasks to queue
[2023-10-18T21:25:51.001+0000] {logging_mixin.py:151} INFO - [2023-10-18T21:25:51.001+0000] {dagbag.py:536} INFO - Filling up the DagBag from /home/airflow/.local/lib/python3.8/site-packages/airflow/example_dags/tutorial.py
[2023-10-18T21:25:51.008+0000] {processor.py:839} INFO - DAG(s) dict_keys(['tutorial']) retrieved from /home/airflow/.local/lib/python3.8/site-packages/airflow/example_dags/tutorial.py
[2023-10-18T21:25:51.034+0000] {logging_mixin.py:151} INFO - [2023-10-18T21:25:51.034+0000] {dag.py:2941} INFO - Sync 1 DAGs
[2023-10-18T21:25:51.061+0000] {logging_mixin.py:151} INFO - [2023-10-18T21:25:51.061+0000] {dag.py:3722} INFO - Setting next_dagrun for tutorial to 2023-10-17T21:25:51.061330+00:00, run_after=2023-10-18T21:25:51.061330+00:00
[2023-10-18T21:25:51.081+0000] {processor.py:179} INFO - Processing /home/airflow/.local/lib/python3.8/site-packages/airflow/example_dags/tutorial.py took 0.088 seconds
[2023-10-18T21:26:21.174+0000] {processor.py:157} INFO - Started process (PID=323) to work on /home/airflow/.local/lib/python3.8/site-packages/airflow/example_dags/tutorial.py
[2023-10-18T21:26:21.174+0000] {processor.py:829} INFO - Processing file /home/airflow/.local/lib/python3.8/site-packages/airflow/example_dags/tutorial.py for tasks to queue
[2023-10-18T21:26:21.177+0000] {logging_mixin.py:151} INFO - [2023-10-18T21:26:21.177+0000] {dagbag.py:536} INFO - Filling up the DagBag from /home/airflow/.local/lib/python3.8/site-packages/airflow/example_dags/tutorial.py
[2023-10-18T21:26:21.183+0000] {processor.py:839} INFO - DAG(s) dict_keys(['tutorial']) retrieved from /home/airflow/.local/lib/python3.8/site-packages/airflow/example_dags/tutorial.py
[2023-10-18T21:26:21.214+0000] {logging_mixin.py:151} INFO - [2023-10-18T21:26:21.214+0000] {dag.py:2941} INFO - Sync 1 DAGs
[2023-10-18T21:26:21.238+0000] {logging_mixin.py:151} INFO - [2023-10-18T21:26:21.238+0000] {dag.py:3722} INFO - Setting next_dagrun for tutorial to 2023-10-17T21:26:21.238222+00:00, run_after=2023-10-18T21:26:21.238222+00:00
[2023-10-18T21:26:21.255+0000] {processor.py:179} INFO - Processing /home/airflow/.local/lib/python3.8/site-packages/airflow/example_dags/tutorial.py took 0.086 seconds
[2023-10-18T21:26:51.421+0000] {processor.py:157} INFO - Started process (PID=376) to work on /home/airflow/.local/lib/python3.8/site-packages/airflow/example_dags/tutorial.py
[2023-10-18T21:26:51.422+0000] {processor.py:829} INFO - Processing file /home/airflow/.local/lib/python3.8/site-packages/airflow/example_dags/tutorial.py for tasks to queue
[2023-10-18T21:26:51.425+0000] {logging_mixin.py:151} INFO - [2023-10-18T21:26:51.425+0000] {dagbag.py:536} INFO - Filling up the DagBag from /home/airflow/.local/lib/python3.8/site-packages/airflow/example_dags/tutorial.py
[2023-10-18T21:26:51.434+0000] {processor.py:839} INFO - DAG(s) dict_keys(['tutorial']) retrieved from /home/airflow/.local/lib/python3.8/site-packages/airflow/example_dags/tutorial.py
[2023-10-18T21:26:51.465+0000] {logging_mixin.py:151} INFO - [2023-10-18T21:26:51.464+0000] {dag.py:2941} INFO - Sync 1 DAGs
[2023-10-18T21:26:51.489+0000] {logging_mixin.py:151} INFO - [2023-10-18T21:26:51.489+0000] {dag.py:3722} INFO - Setting next_dagrun for tutorial to 2023-10-17T21:26:51.489325+00:00, run_after=2023-10-18T21:26:51.489325+00:00
[2023-10-18T21:26:51.507+0000] {processor.py:179} INFO - Processing /home/airflow/.local/lib/python3.8/site-packages/airflow/example_dags/tutorial.py took 0.091 seconds
[2023-10-18T21:27:21.544+0000] {processor.py:157} INFO - Started process (PID=429) to work on /home/airflow/.local/lib/python3.8/site-packages/airflow/example_dags/tutorial.py
[2023-10-18T21:27:21.546+0000] {processor.py:829} INFO - Processing file /home/airflow/.local/lib/python3.8/site-packages/airflow/example_dags/tutorial.py for tasks to queue
[2023-10-18T21:27:21.549+0000] {logging_mixin.py:151} INFO - [2023-10-18T21:27:21.548+0000] {dagbag.py:536} INFO - Filling up the DagBag from /home/airflow/.local/lib/python3.8/site-packages/airflow/example_dags/tutorial.py
[2023-10-18T21:27:21.555+0000] {processor.py:839} INFO - DAG(s) dict_keys(['tutorial']) retrieved from /home/airflow/.local/lib/python3.8/site-packages/airflow/example_dags/tutorial.py
[2023-10-18T21:27:21.579+0000] {logging_mixin.py:151} INFO - [2023-10-18T21:27:21.579+0000] {dag.py:2941} INFO - Sync 1 DAGs
[2023-10-18T21:27:21.605+0000] {logging_mixin.py:151} INFO - [2023-10-18T21:27:21.605+0000] {dag.py:3722} INFO - Setting next_dagrun for tutorial to 2023-10-17T21:27:21.605364+00:00, run_after=2023-10-18T21:27:21.605364+00:00
[2023-10-18T21:27:21.625+0000] {processor.py:179} INFO - Processing /home/airflow/.local/lib/python3.8/site-packages/airflow/example_dags/tutorial.py took 0.086 seconds
[2023-10-18T21:27:52.149+0000] {processor.py:157} INFO - Started process (PID=483) to work on /home/airflow/.local/lib/python3.8/site-packages/airflow/example_dags/tutorial.py
[2023-10-18T21:27:52.151+0000] {processor.py:829} INFO - Processing file /home/airflow/.local/lib/python3.8/site-packages/airflow/example_dags/tutorial.py for tasks to queue
[2023-10-18T21:27:52.154+0000] {logging_mixin.py:151} INFO - [2023-10-18T21:27:52.153+0000] {dagbag.py:536} INFO - Filling up the DagBag from /home/airflow/.local/lib/python3.8/site-packages/airflow/example_dags/tutorial.py
[2023-10-18T21:27:52.160+0000] {processor.py:839} INFO - DAG(s) dict_keys(['tutorial']) retrieved from /home/airflow/.local/lib/python3.8/site-packages/airflow/example_dags/tutorial.py
[2023-10-18T21:27:52.183+0000] {logging_mixin.py:151} INFO - [2023-10-18T21:27:52.182+0000] {dag.py:2941} INFO - Sync 1 DAGs
[2023-10-18T21:27:52.210+0000] {logging_mixin.py:151} INFO - [2023-10-18T21:27:52.209+0000] {dag.py:3722} INFO - Setting next_dagrun for tutorial to 2023-10-17T21:27:52.209654+00:00, run_after=2023-10-18T21:27:52.209654+00:00
[2023-10-18T21:27:52.229+0000] {processor.py:179} INFO - Processing /home/airflow/.local/lib/python3.8/site-packages/airflow/example_dags/tutorial.py took 0.086 seconds
[2023-10-18T21:28:22.715+0000] {processor.py:157} INFO - Started process (PID=536) to work on /home/airflow/.local/lib/python3.8/site-packages/airflow/example_dags/tutorial.py
[2023-10-18T21:28:22.716+0000] {processor.py:829} INFO - Processing file /home/airflow/.local/lib/python3.8/site-packages/airflow/example_dags/tutorial.py for tasks to queue
[2023-10-18T21:28:22.719+0000] {logging_mixin.py:151} INFO - [2023-10-18T21:28:22.718+0000] {dagbag.py:536} INFO - Filling up the DagBag from /home/airflow/.local/lib/python3.8/site-packages/airflow/example_dags/tutorial.py
[2023-10-18T21:28:22.726+0000] {processor.py:839} INFO - DAG(s) dict_keys(['tutorial']) retrieved from /home/airflow/.local/lib/python3.8/site-packages/airflow/example_dags/tutorial.py
[2023-10-18T21:28:22.758+0000] {logging_mixin.py:151} INFO - [2023-10-18T21:28:22.757+0000] {dag.py:2941} INFO - Sync 1 DAGs
[2023-10-18T21:28:22.793+0000] {logging_mixin.py:151} INFO - [2023-10-18T21:28:22.793+0000] {dag.py:3722} INFO - Setting next_dagrun for tutorial to 2023-10-17T21:28:22.793440+00:00, run_after=2023-10-18T21:28:22.793440+00:00
[2023-10-18T21:28:22.811+0000] {processor.py:179} INFO - Processing /home/airflow/.local/lib/python3.8/site-packages/airflow/example_dags/tutorial.py took 0.100 seconds
[2023-10-18T21:28:53.296+0000] {processor.py:157} INFO - Started process (PID=589) to work on /home/airflow/.local/lib/python3.8/site-packages/airflow/example_dags/tutorial.py
[2023-10-18T21:28:53.298+0000] {processor.py:829} INFO - Processing file /home/airflow/.local/lib/python3.8/site-packages/airflow/example_dags/tutorial.py for tasks to queue
[2023-10-18T21:28:53.300+0000] {logging_mixin.py:151} INFO - [2023-10-18T21:28:53.300+0000] {dagbag.py:536} INFO - Filling up the DagBag from /home/airflow/.local/lib/python3.8/site-packages/airflow/example_dags/tutorial.py
[2023-10-18T21:28:53.307+0000] {processor.py:839} INFO - DAG(s) dict_keys(['tutorial']) retrieved from /home/airflow/.local/lib/python3.8/site-packages/airflow/example_dags/tutorial.py
[2023-10-18T21:28:53.331+0000] {logging_mixin.py:151} INFO - [2023-10-18T21:28:53.330+0000] {dag.py:2941} INFO - Sync 1 DAGs
[2023-10-18T21:28:53.357+0000] {logging_mixin.py:151} INFO - [2023-10-18T21:28:53.356+0000] {dag.py:3722} INFO - Setting next_dagrun for tutorial to 2023-10-17T21:28:53.356736+00:00, run_after=2023-10-18T21:28:53.356736+00:00
[2023-10-18T21:28:53.376+0000] {processor.py:179} INFO - Processing /home/airflow/.local/lib/python3.8/site-packages/airflow/example_dags/tutorial.py took 0.085 seconds
[2023-10-18T21:29:23.571+0000] {processor.py:157} INFO - Started process (PID=642) to work on /home/airflow/.local/lib/python3.8/site-packages/airflow/example_dags/tutorial.py
[2023-10-18T21:29:23.573+0000] {processor.py:829} INFO - Processing file /home/airflow/.local/lib/python3.8/site-packages/airflow/example_dags/tutorial.py for tasks to queue
[2023-10-18T21:29:23.575+0000] {logging_mixin.py:151} INFO - [2023-10-18T21:29:23.575+0000] {dagbag.py:536} INFO - Filling up the DagBag from /home/airflow/.local/lib/python3.8/site-packages/airflow/example_dags/tutorial.py
[2023-10-18T21:29:23.582+0000] {processor.py:839} INFO - DAG(s) dict_keys(['tutorial']) retrieved from /home/airflow/.local/lib/python3.8/site-packages/airflow/example_dags/tutorial.py
[2023-10-18T21:29:23.610+0000] {logging_mixin.py:151} INFO - [2023-10-18T21:29:23.610+0000] {dag.py:2941} INFO - Sync 1 DAGs
[2023-10-18T21:29:23.637+0000] {logging_mixin.py:151} INFO - [2023-10-18T21:29:23.637+0000] {dag.py:3722} INFO - Setting next_dagrun for tutorial to 2023-10-17T21:29:23.637233+00:00, run_after=2023-10-18T21:29:23.637233+00:00
[2023-10-18T21:29:23.657+0000] {processor.py:179} INFO - Processing /home/airflow/.local/lib/python3.8/site-packages/airflow/example_dags/tutorial.py took 0.092 seconds
[2023-10-18T21:29:54.035+0000] {processor.py:157} INFO - Started process (PID=695) to work on /home/airflow/.local/lib/python3.8/site-packages/airflow/example_dags/tutorial.py
[2023-10-18T21:29:54.036+0000] {processor.py:829} INFO - Processing file /home/airflow/.local/lib/python3.8/site-packages/airflow/example_dags/tutorial.py for tasks to queue
[2023-10-18T21:29:54.038+0000] {logging_mixin.py:151} INFO - [2023-10-18T21:29:54.038+0000] {dagbag.py:536} INFO - Filling up the DagBag from /home/airflow/.local/lib/python3.8/site-packages/airflow/example_dags/tutorial.py
[2023-10-18T21:29:54.045+0000] {processor.py:839} INFO - DAG(s) dict_keys(['tutorial']) retrieved from /home/airflow/.local/lib/python3.8/site-packages/airflow/example_dags/tutorial.py
[2023-10-18T21:29:54.071+0000] {logging_mixin.py:151} INFO - [2023-10-18T21:29:54.071+0000] {dag.py:2941} INFO - Sync 1 DAGs
[2023-10-18T21:29:54.100+0000] {logging_mixin.py:151} INFO - [2023-10-18T21:29:54.100+0000] {dag.py:3722} INFO - Setting next_dagrun for tutorial to 2023-10-17T21:29:54.100486+00:00, run_after=2023-10-18T21:29:54.100486+00:00
[2023-10-18T21:29:54.121+0000] {processor.py:179} INFO - Processing /home/airflow/.local/lib/python3.8/site-packages/airflow/example_dags/tutorial.py took 0.091 seconds
[2023-10-18T21:30:24.183+0000] {processor.py:157} INFO - Started process (PID=748) to work on /home/airflow/.local/lib/python3.8/site-packages/airflow/example_dags/tutorial.py
[2023-10-18T21:30:24.185+0000] {processor.py:829} INFO - Processing file /home/airflow/.local/lib/python3.8/site-packages/airflow/example_dags/tutorial.py for tasks to queue
[2023-10-18T21:30:24.188+0000] {logging_mixin.py:151} INFO - [2023-10-18T21:30:24.188+0000] {dagbag.py:536} INFO - Filling up the DagBag from /home/airflow/.local/lib/python3.8/site-packages/airflow/example_dags/tutorial.py
[2023-10-18T21:30:24.195+0000] {processor.py:839} INFO - DAG(s) dict_keys(['tutorial']) retrieved from /home/airflow/.local/lib/python3.8/site-packages/airflow/example_dags/tutorial.py
[2023-10-18T21:30:24.217+0000] {logging_mixin.py:151} INFO - [2023-10-18T21:30:24.217+0000] {dag.py:2941} INFO - Sync 1 DAGs
[2023-10-18T21:30:24.241+0000] {logging_mixin.py:151} INFO - [2023-10-18T21:30:24.241+0000] {dag.py:3722} INFO - Setting next_dagrun for tutorial to 2023-10-17T21:30:24.241070+00:00, run_after=2023-10-18T21:30:24.241070+00:00
[2023-10-18T21:30:24.259+0000] {processor.py:179} INFO - Processing /home/airflow/.local/lib/python3.8/site-packages/airflow/example_dags/tutorial.py took 0.083 seconds
[2023-10-18T21:30:54.450+0000] {processor.py:157} INFO - Started process (PID=802) to work on /home/airflow/.local/lib/python3.8/site-packages/airflow/example_dags/tutorial.py
[2023-10-18T21:30:54.452+0000] {processor.py:829} INFO - Processing file /home/airflow/.local/lib/python3.8/site-packages/airflow/example_dags/tutorial.py for tasks to queue
[2023-10-18T21:30:54.454+0000] {logging_mixin.py:151} INFO - [2023-10-18T21:30:54.454+0000] {dagbag.py:536} INFO - Filling up the DagBag from /home/airflow/.local/lib/python3.8/site-packages/airflow/example_dags/tutorial.py
[2023-10-18T21:30:54.461+0000] {processor.py:839} INFO - DAG(s) dict_keys(['tutorial']) retrieved from /home/airflow/.local/lib/python3.8/site-packages/airflow/example_dags/tutorial.py
[2023-10-18T21:30:54.487+0000] {logging_mixin.py:151} INFO - [2023-10-18T21:30:54.487+0000] {dag.py:2941} INFO - Sync 1 DAGs
[2023-10-18T21:30:54.510+0000] {logging_mixin.py:151} INFO - [2023-10-18T21:30:54.509+0000] {dag.py:3722} INFO - Setting next_dagrun for tutorial to 2023-10-17T21:30:54.509618+00:00, run_after=2023-10-18T21:30:54.509618+00:00
[2023-10-18T21:30:54.525+0000] {processor.py:179} INFO - Processing /home/airflow/.local/lib/python3.8/site-packages/airflow/example_dags/tutorial.py took 0.079 seconds
[2023-10-18T21:31:24.708+0000] {processor.py:157} INFO - Started process (PID=855) to work on /home/airflow/.local/lib/python3.8/site-packages/airflow/example_dags/tutorial.py
[2023-10-18T21:31:24.709+0000] {processor.py:829} INFO - Processing file /home/airflow/.local/lib/python3.8/site-packages/airflow/example_dags/tutorial.py for tasks to queue
[2023-10-18T21:31:24.712+0000] {logging_mixin.py:151} INFO - [2023-10-18T21:31:24.712+0000] {dagbag.py:536} INFO - Filling up the DagBag from /home/airflow/.local/lib/python3.8/site-packages/airflow/example_dags/tutorial.py
[2023-10-18T21:31:24.720+0000] {processor.py:839} INFO - DAG(s) dict_keys(['tutorial']) retrieved from /home/airflow/.local/lib/python3.8/site-packages/airflow/example_dags/tutorial.py
[2023-10-18T21:31:24.749+0000] {logging_mixin.py:151} INFO - [2023-10-18T21:31:24.749+0000] {dag.py:2941} INFO - Sync 1 DAGs
[2023-10-18T21:31:24.776+0000] {logging_mixin.py:151} INFO - [2023-10-18T21:31:24.776+0000] {dag.py:3722} INFO - Setting next_dagrun for tutorial to 2023-10-17T21:31:24.776425+00:00, run_after=2023-10-18T21:31:24.776425+00:00
[2023-10-18T21:31:24.794+0000] {processor.py:179} INFO - Processing /home/airflow/.local/lib/python3.8/site-packages/airflow/example_dags/tutorial.py took 0.091 seconds
