[2023-10-20T14:08:08.597+0000] {taskinstance.py:1159} INFO - Dependencies all met for dep_context=non-requeueable deps ti=<TaskInstance: simple.pokelist manual__2023-10-20T14:08:06.483834+00:00 [queued]>
[2023-10-20T14:08:08.606+0000] {taskinstance.py:1159} INFO - Dependencies all met for dep_context=requeueable deps ti=<TaskInstance: simple.pokelist manual__2023-10-20T14:08:06.483834+00:00 [queued]>
[2023-10-20T14:08:08.606+0000] {taskinstance.py:1361} INFO - Starting attempt 1 of 2
[2023-10-20T14:08:08.622+0000] {taskinstance.py:1382} INFO - Executing <Task(BashOperator): pokelist> on 2023-10-20 14:08:06.483834+00:00
[2023-10-20T14:08:08.630+0000] {standard_task_runner.py:57} INFO - Started process 579 to run task
[2023-10-20T14:08:08.641+0000] {standard_task_runner.py:84} INFO - Running: ['***', 'tasks', 'run', 'simple', 'pokelist', 'manual__2023-10-20T14:08:06.483834+00:00', '--job-id', '53', '--raw', '--subdir', 'DAGS_FOLDER/pokelist.py', '--cfg-path', '/tmp/tmppxz21vbr']
[2023-10-20T14:08:08.649+0000] {standard_task_runner.py:85} INFO - Job 53: Subtask pokelist
[2023-10-20T14:08:08.725+0000] {task_command.py:416} INFO - Running <TaskInstance: simple.pokelist manual__2023-10-20T14:08:06.483834+00:00 [running]> on host 4662b0d5ca37
[2023-10-20T14:08:08.844+0000] {taskinstance.py:1662} INFO - Exporting env vars: AIRFLOW_CTX_DAG_EMAIL='***@***.com' AIRFLOW_CTX_DAG_OWNER='***' AIRFLOW_CTX_DAG_ID='simple' AIRFLOW_CTX_TASK_ID='pokelist' AIRFLOW_CTX_EXECUTION_DATE='2023-10-20T14:08:06.483834+00:00' AIRFLOW_CTX_TRY_NUMBER='1' AIRFLOW_CTX_DAG_RUN_ID='manual__2023-10-20T14:08:06.483834+00:00'
[2023-10-20T14:08:08.847+0000] {subprocess.py:63} INFO - Tmp dir root location: /tmp
[2023-10-20T14:08:08.848+0000] {subprocess.py:75} INFO - Running command: ['/bin/bash', '-c', 'python3 /opt/***/scripts/pokelist.py']
[2023-10-20T14:08:08.864+0000] {subprocess.py:86} INFO - Output:
[2023-10-20T14:08:09.695+0000] {subprocess.py:93} INFO - /home/***/.local/lib/python3.9/site-packages/pyspark/bin/load-spark-env.sh: line 68: ps: command not found
[2023-10-20T14:08:11.853+0000] {subprocess.py:93} INFO - Setting default log level to "WARN".
[2023-10-20T14:08:11.853+0000] {subprocess.py:93} INFO - To adjust logging level use sc.setLogLevel(newLevel). For SparkR, use setLogLevel(newLevel).
[2023-10-20T14:08:12.191+0000] {subprocess.py:93} INFO - 23/10/20 14:08:12 WARN NativeCodeLoader: Unable to load native-hadoop library for your platform... using builtin-java classes where applicable
[2023-10-20T14:09:13.198+0000] {subprocess.py:93} INFO - [Stage 0:>                                                          (0 + 4) / 4]                                                                                [Stage 1:>                                                          (0 + 4) / 4]                                                                                A Requisição de nº 1 coletou 50 Pokemons
[2023-10-20T14:09:13.200+0000] {subprocess.py:93} INFO - A Requisição de nº 2 coletou 50 Pokemons
[2023-10-20T14:09:13.201+0000] {subprocess.py:93} INFO - A Requisição de nº 3 coletou 50 Pokemons
[2023-10-20T14:09:13.201+0000] {subprocess.py:93} INFO - A Requisição de nº 4 coletou 50 Pokemons
[2023-10-20T14:09:13.201+0000] {subprocess.py:93} INFO - A Requisição de nº 5 coletou 50 Pokemons
[2023-10-20T14:09:13.201+0000] {subprocess.py:93} INFO - A Requisição de nº 6 coletou 50 Pokemons
[2023-10-20T14:09:13.201+0000] {subprocess.py:93} INFO - A Requisição de nº 7 coletou 50 Pokemons
[2023-10-20T14:09:13.202+0000] {subprocess.py:93} INFO - A Requisição de nº 8 coletou 50 Pokemons
[2023-10-20T14:09:13.202+0000] {subprocess.py:93} INFO - A Requisição de nº 9 coletou 50 Pokemons
[2023-10-20T14:09:13.202+0000] {subprocess.py:93} INFO - A Requisição de nº 10 coletou 50 Pokemons
[2023-10-20T14:09:13.202+0000] {subprocess.py:93} INFO - A Requisição de nº 11 coletou 50 Pokemons
[2023-10-20T14:09:13.202+0000] {subprocess.py:93} INFO - A Requisição de nº 12 coletou 50 Pokemons
[2023-10-20T14:09:13.202+0000] {subprocess.py:93} INFO - A Requisição de nº 13 coletou 50 Pokemons
[2023-10-20T14:09:13.202+0000] {subprocess.py:93} INFO - A Requisição de nº 14 coletou 50 Pokemons
[2023-10-20T14:09:13.203+0000] {subprocess.py:93} INFO - A Requisição de nº 15 coletou 50 Pokemons
[2023-10-20T14:09:13.203+0000] {subprocess.py:93} INFO - A Requisição de nº 16 coletou 50 Pokemons
[2023-10-20T14:09:13.203+0000] {subprocess.py:93} INFO - A Requisição de nº 17 coletou 50 Pokemons
[2023-10-20T14:09:13.203+0000] {subprocess.py:93} INFO - A Requisição de nº 18 coletou 50 Pokemons
[2023-10-20T14:09:13.203+0000] {subprocess.py:93} INFO - A Requisição de nº 19 coletou 50 Pokemons
[2023-10-20T14:09:13.203+0000] {subprocess.py:93} INFO - A Requisição de nº 20 coletou 50 Pokemons
[2023-10-20T14:09:13.204+0000] {subprocess.py:93} INFO - A Requisição de nº 21 coletou 50 Pokemons
[2023-10-20T14:09:13.204+0000] {subprocess.py:93} INFO - A Requisição de nº 22 coletou 50 Pokemons
[2023-10-20T14:09:13.204+0000] {subprocess.py:93} INFO - A Requisição de nº 23 coletou 50 Pokemons
[2023-10-20T14:09:13.204+0000] {subprocess.py:93} INFO - A Requisição de nº 24 coletou 50 Pokemons
[2023-10-20T14:09:13.204+0000] {subprocess.py:93} INFO - A Requisição de nº 25 coletou 50 Pokemons
[2023-10-20T14:09:13.205+0000] {subprocess.py:93} INFO - A Requisição de nº 26 coletou 42 Pokemons
[2023-10-20T14:09:13.809+0000] {subprocess.py:97} INFO - Command exited with return code 0
[2023-10-20T14:09:13.862+0000] {taskinstance.py:1400} INFO - Marking task as SUCCESS. dag_id=simple, task_id=pokelist, execution_date=20231020T140806, start_date=20231020T140808, end_date=20231020T140913
[2023-10-20T14:09:13.918+0000] {local_task_job_runner.py:228} INFO - Task exited with return code 0
[2023-10-20T14:09:13.954+0000] {taskinstance.py:2778} INFO - 0 downstream tasks scheduled from follow-on schedule check
